{"level":"info","message":"new event triggered, now events: 1","timestamp":"2025-04-09 08:29:56"}
{"level":"info","message":"preparing execution for event","timestamp":"2025-04-09 08:29:56"}
{"level":"info","message":"execution of workflow 105 created as 468","timestamp":"2025-04-09 08:29:56"}
{"level":"info","message":"pending execution (468) ready to process","timestamp":"2025-04-09 08:29:56"}
{"level":"info","message":"queueing execution (468) from pending list updated to started","timestamp":"2025-04-09 08:29:56"}
{"level":"info","message":"execution (468) starting...","timestamp":"2025-04-09 08:29:56"}
{"level":"info","message":"execution (468) run instruction [query] for node (845)","timestamp":"2025-04-09 08:29:56"}
{"level":"info","message":"execution (468) run instruction [query] for node (845) finished as status: 1","timestamp":"2025-04-09 08:29:56"}
{"level":"info","message":"execution (468) run instruction [condition] for node (847)","timestamp":"2025-04-09 08:29:56"}
{"level":"info","message":"execution (468) run instruction [update] for node (848)","timestamp":"2025-04-09 08:29:56"}
{"level":"info","message":"execution (468) run instruction [update] for node (848) finished as status: 1","timestamp":"2025-04-09 08:29:56"}
{"level":"info","message":"execution (468) run instruction [condition] for node (847)","timestamp":"2025-04-09 08:29:56"}
{"level":"info","message":"execution (468) run instruction [condition] for node (847) finished as status: 1","timestamp":"2025-04-09 08:29:56"}
{"level":"info","message":"execution (468) exiting with status 1","timestamp":"2025-04-09 08:29:56"}
{"level":"info","message":"execution (468) exiting with status 1","timestamp":"2025-04-09 08:29:56"}
{"level":"info","execution":{"id":468,"context":{"data":{"createdAt":"2025-04-09T07:55:58.786Z","updatedAt":"2025-04-09T08:29:56.187Z","start_date":"2025-04-09T00:00:26.000Z","end_date":"2025-04-09T00:40:00.000Z","employee_id":3,"create_course_id":90,"salary_id":2,"name_sort":15,"status":"Inactive","id":265,"status_convert":1,"month_convert":"4/2025","time_calculation":null,"student":"B student","duration":null,"teaching_fee":0,"createdById":null,"updatedById":1,"salary_db":{"createdAt":"2025-04-05T13:23:26.011Z","updatedAt":"2025-04-09T01:04:50.006Z","employee_id":3,"salary_amount":273,"id":2,"date":"2025-04-01","monthly":"4/2025","createdById":null,"updatedById":1,"attendance_db":[{"createdAt":"2025-04-09T07:55:58.786Z","updatedAt":"2025-04-09T08:29:56.187Z","start_date":"2025-04-09T00:00:26.000Z","end_date":"2025-04-09T00:40:00.000Z","employee_id":3,"create_course_id":90,"salary_id":2,"name_sort":15,"status":"Inactive","id":265,"status_convert":1,"month_convert":"4/2025","time_calculation":null,"student":"B student","duration":null,"teaching_fee":0,"createdById":null,"updatedById":1},{"createdAt":"2025-04-09T07:55:58.837Z","updatedAt":"2025-04-09T07:56:19.327Z","start_date":"2025-04-16T00:00:26.000Z","end_date":"2025-04-16T00:40:00.000Z","employee_id":3,"create_course_id":90,"salary_id":2,"name_sort":3,"status":"Attend","id":266,"status_convert":1,"month_convert":"4/2025","time_calculation":null,"student":"B student","duration":null,"teaching_fee":6.65,"createdById":null,"updatedById":1}]}}},"key":"ju393tq5yqm","eventKey":"f668f8cc-9c01-407e-8520-db9b7928a451","stack":null,"status":1,"workflowId":105,"updatedAt":"2025-04-09T08:29:56.294Z","createdAt":"2025-04-09T08:29:56.211Z","output":null},"message":"execution (468) finished with status: 1","timestamp":"2025-04-09 08:29:56"}
{"level":"info","message":"new event triggered, now events: 1","timestamp":"2025-04-09 08:39:23"}
{"level":"info","message":"preparing execution for event","timestamp":"2025-04-09 08:39:23"}
{"level":"info","message":"execution of workflow 105 created as 472","timestamp":"2025-04-09 08:39:23"}
{"level":"info","message":"pending execution (472) ready to process","timestamp":"2025-04-09 08:39:23"}
{"level":"info","message":"queueing execution (472) from pending list updated to started","timestamp":"2025-04-09 08:39:23"}
{"level":"info","message":"execution (472) starting...","timestamp":"2025-04-09 08:39:23"}
{"level":"info","message":"execution (472) run instruction [query] for node (845)","timestamp":"2025-04-09 08:39:23"}
{"level":"info","message":"execution (472) run instruction [query] for node (845) finished as status: 1","timestamp":"2025-04-09 08:39:23"}
{"level":"info","message":"execution (472) run instruction [condition] for node (847)","timestamp":"2025-04-09 08:39:23"}
{"level":"info","message":"execution (472) run instruction [update] for node (846)","timestamp":"2025-04-09 08:39:23"}
{"level":"info","message":"execution (472) run instruction [update] for node (846) finished as status: 1","timestamp":"2025-04-09 08:39:23"}
{"level":"info","message":"execution (472) run instruction [condition] for node (847)","timestamp":"2025-04-09 08:39:23"}
{"level":"info","message":"execution (472) run instruction [condition] for node (847) finished as status: 1","timestamp":"2025-04-09 08:39:23"}
{"level":"info","message":"execution (472) exiting with status 1","timestamp":"2025-04-09 08:39:23"}
{"level":"info","message":"execution (472) exiting with status 1","timestamp":"2025-04-09 08:39:23"}
{"level":"info","execution":{"id":472,"context":{"data":{"createdAt":"2025-04-09T07:55:58.786Z","updatedAt":"2025-04-09T08:39:23.886Z","start_date":"2025-04-09T00:00:26.000Z","end_date":"2025-04-09T00:40:00.000Z","employee_id":3,"create_course_id":90,"salary_id":null,"name_sort":6,"status":"Attend","id":265,"status_convert":1,"month_convert":"4/2025","time_calculation":null,"student":"B student","duration":null,"teaching_fee":0,"createdById":null,"updatedById":1,"salary_db":null}},"key":"ju393tq5yqm","eventKey":"d31e4e00-f93f-4379-897b-49db5c7a2b89","stack":null,"status":1,"workflowId":105,"updatedAt":"2025-04-09T08:39:23.974Z","createdAt":"2025-04-09T08:39:23.901Z","output":null},"message":"execution (472) finished with status: 1","timestamp":"2025-04-09 08:39:23"}
{"level":"info","message":"new event triggered, now events: 1","timestamp":"2025-04-09 08:48:42"}
{"level":"info","message":"preparing execution for event","timestamp":"2025-04-09 08:48:42"}
{"level":"info","message":"execution of workflow 105 created as 476","timestamp":"2025-04-09 08:48:42"}
{"level":"info","message":"pending execution (476) ready to process","timestamp":"2025-04-09 08:48:42"}
{"level":"info","message":"queueing execution (476) from pending list updated to started","timestamp":"2025-04-09 08:48:42"}
{"level":"info","message":"execution (476) starting...","timestamp":"2025-04-09 08:48:42"}
{"level":"info","message":"execution (476) run instruction [query] for node (845)","timestamp":"2025-04-09 08:48:42"}
{"level":"info","message":"execution (476) run instruction [query] for node (845) finished as status: 1","timestamp":"2025-04-09 08:48:42"}
{"level":"info","message":"execution (476) run instruction [condition] for node (847)","timestamp":"2025-04-09 08:48:42"}
{"level":"info","message":"execution (476) run instruction [update] for node (846)","timestamp":"2025-04-09 08:48:42"}
{"level":"info","message":"execution (476) run instruction [update] for node (846) finished as status: 1","timestamp":"2025-04-09 08:48:42"}
{"level":"info","message":"execution (476) run instruction [condition] for node (847)","timestamp":"2025-04-09 08:48:42"}
{"level":"info","message":"execution (476) run instruction [condition] for node (847) finished as status: 1","timestamp":"2025-04-09 08:48:42"}
{"level":"info","message":"execution (476) exiting with status 1","timestamp":"2025-04-09 08:48:42"}
{"level":"info","message":"execution (476) exiting with status 1","timestamp":"2025-04-09 08:48:42"}
{"level":"info","execution":{"id":476,"context":{"data":{"createdAt":"2025-04-09T07:55:58.889Z","updatedAt":"2025-04-09T08:48:42.571Z","start_date":"2025-04-23T00:00:26.000Z","end_date":"2025-04-23T00:40:00.000Z","employee_id":3,"create_course_id":90,"salary_id":null,"name_sort":7,"status":"Attend","id":267,"status_convert":0,"month_convert":"4/2025","time_calculation":null,"student":"B student","duration":null,"teaching_fee":null,"createdById":null,"updatedById":1,"salary_db":null}},"key":"ju393tq5yqm","eventKey":"fbbab0bb-af3d-47d9-b340-dfaba5284400","stack":null,"status":1,"workflowId":105,"updatedAt":"2025-04-09T08:48:42.657Z","createdAt":"2025-04-09T08:48:42.591Z","output":null},"message":"execution (476) finished with status: 1","timestamp":"2025-04-09 08:48:42"}
{"level":"info","message":"new event triggered, now events: 1","timestamp":"2025-04-09 08:49:30"}
{"level":"info","message":"preparing execution for event","timestamp":"2025-04-09 08:49:30"}
{"level":"info","message":"execution of workflow 105 created as 477","timestamp":"2025-04-09 08:49:30"}
{"level":"info","message":"pending execution (477) ready to process","timestamp":"2025-04-09 08:49:30"}
{"level":"info","message":"queueing execution (477) from pending list updated to started","timestamp":"2025-04-09 08:49:30"}
{"level":"info","message":"execution (477) starting...","timestamp":"2025-04-09 08:49:30"}
{"level":"info","message":"execution (477) run instruction [query] for node (845)","timestamp":"2025-04-09 08:49:30"}
{"level":"info","message":"execution (477) run instruction [query] for node (845) finished as status: 1","timestamp":"2025-04-09 08:49:30"}
{"level":"info","message":"execution (477) run instruction [condition] for node (847)","timestamp":"2025-04-09 08:49:30"}
{"level":"info","message":"execution (477) run instruction [update] for node (846)","timestamp":"2025-04-09 08:49:30"}
{"level":"info","message":"execution (477) run instruction [update] for node (846) finished as status: 1","timestamp":"2025-04-09 08:49:30"}
{"level":"info","message":"execution (477) run instruction [condition] for node (847)","timestamp":"2025-04-09 08:49:30"}
{"level":"info","message":"execution (477) run instruction [condition] for node (847) finished as status: 1","timestamp":"2025-04-09 08:49:30"}
{"level":"info","message":"execution (477) exiting with status 1","timestamp":"2025-04-09 08:49:30"}
{"level":"info","message":"execution (477) exiting with status 1","timestamp":"2025-04-09 08:49:30"}
{"level":"info","execution":{"id":477,"context":{"data":{"createdAt":"2025-04-09T07:55:58.837Z","updatedAt":"2025-04-09T08:49:30.037Z","start_date":"2025-04-16T00:00:26.000Z","end_date":"2025-04-16T00:40:00.000Z","employee_id":3,"create_course_id":90,"salary_id":2,"name_sort":3,"status":"Attend","id":266,"status_convert":1,"month_convert":"4/2025","time_calculation":null,"student":"B student","duration":null,"teaching_fee":6.65,"createdById":null,"updatedById":1,"salary_db":{"createdAt":"2025-04-05T13:23:26.011Z","updatedAt":"2025-04-09T08:48:17.669Z","employee_id":3,"salary_amount":6.65,"id":2,"date":"2025-04-01","monthly":"4/2025","createdById":null,"updatedById":1,"attendance_db":[{"createdAt":"2025-04-09T07:55:58.786Z","updatedAt":"2025-04-09T08:39:23.966Z","start_date":"2025-04-09T00:00:26.000Z","end_date":"2025-04-09T00:40:00.000Z","employee_id":3,"create_course_id":90,"salary_id":2,"name_sort":6,"status":"Attend","id":265,"status_convert":1,"month_convert":"4/2025","time_calculation":null,"student":"B student","duration":null,"teaching_fee":0,"createdById":null,"updatedById":1},{"createdAt":"2025-04-09T07:55:58.837Z","updatedAt":"2025-04-09T08:49:30.037Z","start_date":"2025-04-16T00:00:26.000Z","end_date":"2025-04-16T00:40:00.000Z","employee_id":3,"create_course_id":90,"salary_id":2,"name_sort":3,"status":"Attend","id":266,"status_convert":1,"month_convert":"4/2025","time_calculation":null,"student":"B student","duration":null,"teaching_fee":6.65,"createdById":null,"updatedById":1},{"createdAt":"2025-04-09T07:55:58.889Z","updatedAt":"2025-04-09T08:48:42.651Z","start_date":"2025-04-23T00:00:26.000Z","end_date":"2025-04-23T00:40:00.000Z","employee_id":3,"create_course_id":90,"salary_id":2,"name_sort":7,"status":"Attend","id":267,"status_convert":0,"month_convert":"4/2025","time_calculation":null,"student":"B student","duration":null,"teaching_fee":null,"createdById":null,"updatedById":1}]}}},"key":"ju393tq5yqm","eventKey":"ca8dfd5a-fec3-41d7-8593-32e9c6b7b170","stack":null,"status":1,"workflowId":105,"updatedAt":"2025-04-09T08:49:30.121Z","createdAt":"2025-04-09T08:49:30.050Z","output":null},"message":"execution (477) finished with status: 1","timestamp":"2025-04-09 08:49:30"}
{"level":"info","message":"new event triggered, now events: 1","timestamp":"2025-04-09 08:49:35"}
{"level":"info","message":"preparing execution for event","timestamp":"2025-04-09 08:49:35"}
{"level":"info","message":"execution of workflow 105 created as 478","timestamp":"2025-04-09 08:49:35"}
{"level":"info","message":"pending execution (478) ready to process","timestamp":"2025-04-09 08:49:35"}
{"level":"info","message":"queueing execution (478) from pending list updated to started","timestamp":"2025-04-09 08:49:35"}
{"level":"info","message":"execution (478) starting...","timestamp":"2025-04-09 08:49:35"}
{"level":"info","message":"execution (478) run instruction [query] for node (845)","timestamp":"2025-04-09 08:49:35"}
{"level":"info","message":"execution (478) run instruction [query] for node (845) finished as status: 1","timestamp":"2025-04-09 08:49:35"}
{"level":"info","message":"execution (478) run instruction [condition] for node (847)","timestamp":"2025-04-09 08:49:35"}
{"level":"info","message":"execution (478) run instruction [update] for node (846)","timestamp":"2025-04-09 08:49:35"}
{"level":"info","message":"execution (478) run instruction [update] for node (846) finished as status: 1","timestamp":"2025-04-09 08:49:35"}
{"level":"info","message":"execution (478) run instruction [condition] for node (847)","timestamp":"2025-04-09 08:49:35"}
{"level":"info","message":"execution (478) run instruction [condition] for node (847) finished as status: 1","timestamp":"2025-04-09 08:49:35"}
{"level":"info","message":"execution (478) exiting with status 1","timestamp":"2025-04-09 08:49:35"}
{"level":"info","message":"execution (478) exiting with status 1","timestamp":"2025-04-09 08:49:35"}
{"level":"info","execution":{"id":478,"context":{"data":{"createdAt":"2025-04-09T07:55:58.889Z","updatedAt":"2025-04-09T08:49:34.997Z","start_date":"2025-04-23T00:00:26.000Z","end_date":"2025-04-23T00:40:00.000Z","employee_id":3,"create_course_id":90,"salary_id":2,"name_sort":7,"status":"Attend","id":267,"status_convert":0,"month_convert":"4/2025","time_calculation":null,"student":"B student","duration":null,"teaching_fee":null,"createdById":null,"updatedById":1,"salary_db":{"createdAt":"2025-04-05T13:23:26.011Z","updatedAt":"2025-04-09T08:48:17.669Z","employee_id":3,"salary_amount":6.65,"id":2,"date":"2025-04-01","monthly":"4/2025","createdById":null,"updatedById":1,"attendance_db":[{"createdAt":"2025-04-09T07:55:58.786Z","updatedAt":"2025-04-09T08:39:23.966Z","start_date":"2025-04-09T00:00:26.000Z","end_date":"2025-04-09T00:40:00.000Z","employee_id":3,"create_course_id":90,"salary_id":2,"name_sort":6,"status":"Attend","id":265,"status_convert":1,"month_convert":"4/2025","time_calculation":null,"student":"B student","duration":null,"teaching_fee":0,"createdById":null,"updatedById":1},{"createdAt":"2025-04-09T07:55:58.837Z","updatedAt":"2025-04-09T08:49:30.037Z","start_date":"2025-04-16T00:00:26.000Z","end_date":"2025-04-16T00:40:00.000Z","employee_id":3,"create_course_id":90,"salary_id":2,"name_sort":3,"status":"Attend","id":266,"status_convert":1,"month_convert":"4/2025","time_calculation":null,"student":"B student","duration":null,"teaching_fee":6.65,"createdById":null,"updatedById":1},{"createdAt":"2025-04-09T07:55:58.889Z","updatedAt":"2025-04-09T08:49:34.997Z","start_date":"2025-04-23T00:00:26.000Z","end_date":"2025-04-23T00:40:00.000Z","employee_id":3,"create_course_id":90,"salary_id":2,"name_sort":7,"status":"Attend","id":267,"status_convert":0,"month_convert":"4/2025","time_calculation":null,"student":"B student","duration":null,"teaching_fee":null,"createdById":null,"updatedById":1}]}}},"key":"ju393tq5yqm","eventKey":"6e02397b-fae0-46c1-957e-271a79b8b17e","stack":null,"status":1,"workflowId":105,"updatedAt":"2025-04-09T08:49:35.072Z","createdAt":"2025-04-09T08:49:35.019Z","output":null},"message":"execution (478) finished with status: 1","timestamp":"2025-04-09 08:49:35"}
{"level":"info","message":"new event triggered, now events: 1","timestamp":"2025-04-09 08:51:49"}
{"level":"info","message":"preparing execution for event","timestamp":"2025-04-09 08:51:49"}
{"level":"info","message":"execution of workflow 105 created as 479","timestamp":"2025-04-09 08:51:49"}
{"level":"info","message":"pending execution (479) ready to process","timestamp":"2025-04-09 08:51:49"}
{"level":"info","message":"queueing execution (479) from pending list updated to started","timestamp":"2025-04-09 08:51:49"}
{"level":"info","message":"execution (479) starting...","timestamp":"2025-04-09 08:51:49"}
{"level":"info","message":"execution (479) run instruction [query] for node (845)","timestamp":"2025-04-09 08:51:49"}
{"level":"info","message":"execution (479) run instruction [query] for node (845) finished as status: 1","timestamp":"2025-04-09 08:51:49"}
{"level":"info","message":"execution (479) run instruction [condition] for node (847)","timestamp":"2025-04-09 08:51:49"}
{"level":"info","message":"execution (479) run instruction [update] for node (846)","timestamp":"2025-04-09 08:51:49"}
{"level":"info","message":"execution (479) run instruction [update] for node (846) finished as status: 1","timestamp":"2025-04-09 08:51:49"}
{"level":"info","message":"execution (479) run instruction [condition] for node (847)","timestamp":"2025-04-09 08:51:49"}
{"level":"info","message":"execution (479) run instruction [condition] for node (847) finished as status: 1","timestamp":"2025-04-09 08:51:49"}
{"level":"info","message":"execution (479) exiting with status 1","timestamp":"2025-04-09 08:51:49"}
{"level":"info","message":"execution (479) exiting with status 1","timestamp":"2025-04-09 08:51:49"}
{"level":"info","execution":{"id":479,"context":{"data":{"createdAt":"2025-04-09T07:55:58.786Z","updatedAt":"2025-04-09T08:51:49.334Z","start_date":"2025-04-09T00:00:26.000Z","end_date":"2025-04-09T00:40:00.000Z","employee_id":3,"create_course_id":90,"salary_id":2,"name_sort":6,"status":"Attend","id":265,"status_convert":1,"month_convert":"4/2025","time_calculation":null,"student":"B student","duration":null,"teaching_fee":6.65,"createdById":null,"updatedById":1,"salary_db":{"createdAt":"2025-04-05T13:23:26.011Z","updatedAt":"2025-04-09T08:48:17.669Z","employee_id":3,"salary_amount":6.65,"id":2,"date":"2025-04-01","monthly":"4/2025","createdById":null,"updatedById":1,"attendance_db":[{"createdAt":"2025-04-09T07:55:58.786Z","updatedAt":"2025-04-09T08:51:49.334Z","start_date":"2025-04-09T00:00:26.000Z","end_date":"2025-04-09T00:40:00.000Z","employee_id":3,"create_course_id":90,"salary_id":2,"name_sort":6,"status":"Attend","id":265,"status_convert":1,"month_convert":"4/2025","time_calculation":null,"student":"B student","duration":null,"teaching_fee":6.65,"createdById":null,"updatedById":1},{"createdAt":"2025-04-09T07:55:58.837Z","updatedAt":"2025-04-09T08:49:30.037Z","start_date":"2025-04-16T00:00:26.000Z","end_date":"2025-04-16T00:40:00.000Z","employee_id":3,"create_course_id":90,"salary_id":2,"name_sort":3,"status":"Attend","id":266,"status_convert":1,"month_convert":"4/2025","time_calculation":null,"student":"B student","duration":null,"teaching_fee":6.65,"createdById":null,"updatedById":1},{"createdAt":"2025-04-09T07:55:58.889Z","updatedAt":"2025-04-09T08:49:34.997Z","start_date":"2025-04-23T00:00:26.000Z","end_date":"2025-04-23T00:40:00.000Z","employee_id":3,"create_course_id":90,"salary_id":2,"name_sort":7,"status":"Attend","id":267,"status_convert":0,"month_convert":"4/2025","time_calculation":null,"student":"B student","duration":null,"teaching_fee":null,"createdById":null,"updatedById":1}]}}},"key":"ju393tq5yqm","eventKey":"1c364f42-1255-483a-ac4a-e3d586fde205","stack":null,"status":1,"workflowId":105,"updatedAt":"2025-04-09T08:51:49.409Z","createdAt":"2025-04-09T08:51:49.355Z","output":null},"message":"execution (479) finished with status: 1","timestamp":"2025-04-09 08:51:49"}
{"level":"info","message":"new event triggered, now events: 1","timestamp":"2025-04-09 08:51:56"}
{"level":"info","message":"preparing execution for event","timestamp":"2025-04-09 08:51:56"}
{"level":"info","message":"execution of workflow 105 created as 480","timestamp":"2025-04-09 08:51:56"}
{"level":"info","message":"pending execution (480) ready to process","timestamp":"2025-04-09 08:51:56"}
{"level":"info","message":"queueing execution (480) from pending list updated to started","timestamp":"2025-04-09 08:51:56"}
{"level":"info","message":"execution (480) starting...","timestamp":"2025-04-09 08:51:56"}
{"level":"info","message":"execution (480) run instruction [query] for node (845)","timestamp":"2025-04-09 08:51:56"}
{"level":"info","message":"execution (480) run instruction [query] for node (845) finished as status: 1","timestamp":"2025-04-09 08:51:56"}
{"level":"info","message":"execution (480) run instruction [condition] for node (847)","timestamp":"2025-04-09 08:51:56"}
{"level":"info","message":"execution (480) run instruction [update] for node (846)","timestamp":"2025-04-09 08:51:56"}
{"level":"info","message":"execution (480) run instruction [update] for node (846) finished as status: 1","timestamp":"2025-04-09 08:51:56"}
{"level":"info","message":"execution (480) run instruction [condition] for node (847)","timestamp":"2025-04-09 08:51:56"}
{"level":"info","message":"execution (480) run instruction [condition] for node (847) finished as status: 1","timestamp":"2025-04-09 08:51:56"}
{"level":"info","message":"execution (480) exiting with status 1","timestamp":"2025-04-09 08:51:56"}
{"level":"info","message":"execution (480) exiting with status 1","timestamp":"2025-04-09 08:51:56"}
{"level":"info","execution":{"id":480,"context":{"data":{"createdAt":"2025-04-09T07:55:58.837Z","updatedAt":"2025-04-09T08:51:56.280Z","start_date":"2025-04-16T00:00:26.000Z","end_date":"2025-04-16T00:40:00.000Z","employee_id":3,"create_course_id":90,"salary_id":2,"name_sort":3,"status":"Attend","id":266,"status_convert":1,"month_convert":"4/2025","time_calculation":null,"student":"B student","duration":null,"teaching_fee":6.65,"createdById":null,"updatedById":1,"salary_db":{"createdAt":"2025-04-05T13:23:26.011Z","updatedAt":"2025-04-09T08:48:17.669Z","employee_id":3,"salary_amount":6.65,"id":2,"date":"2025-04-01","monthly":"4/2025","createdById":null,"updatedById":1,"attendance_db":[{"createdAt":"2025-04-09T07:55:58.786Z","updatedAt":"2025-04-09T08:51:49.334Z","start_date":"2025-04-09T00:00:26.000Z","end_date":"2025-04-09T00:40:00.000Z","employee_id":3,"create_course_id":90,"salary_id":2,"name_sort":6,"status":"Attend","id":265,"status_convert":1,"month_convert":"4/2025","time_calculation":null,"student":"B student","duration":null,"teaching_fee":6.65,"createdById":null,"updatedById":1},{"createdAt":"2025-04-09T07:55:58.837Z","updatedAt":"2025-04-09T08:51:56.280Z","start_date":"2025-04-16T00:00:26.000Z","end_date":"2025-04-16T00:40:00.000Z","employee_id":3,"create_course_id":90,"salary_id":2,"name_sort":3,"status":"Attend","id":266,"status_convert":1,"month_convert":"4/2025","time_calculation":null,"student":"B student","duration":null,"teaching_fee":6.65,"createdById":null,"updatedById":1},{"createdAt":"2025-04-09T07:55:58.889Z","updatedAt":"2025-04-09T08:49:34.997Z","start_date":"2025-04-23T00:00:26.000Z","end_date":"2025-04-23T00:40:00.000Z","employee_id":3,"create_course_id":90,"salary_id":2,"name_sort":7,"status":"Attend","id":267,"status_convert":0,"month_convert":"4/2025","time_calculation":null,"student":"B student","duration":null,"teaching_fee":null,"createdById":null,"updatedById":1}]}}},"key":"ju393tq5yqm","eventKey":"7bae19f9-721f-4ea3-b31d-8a3301ce0c78","stack":null,"status":1,"workflowId":105,"updatedAt":"2025-04-09T08:51:56.329Z","createdAt":"2025-04-09T08:51:56.288Z","output":null},"message":"execution (480) finished with status: 1","timestamp":"2025-04-09 08:51:56"}
{"level":"info","message":"new event triggered, now events: 1","timestamp":"2025-04-09 08:52:00"}
{"level":"info","message":"preparing execution for event","timestamp":"2025-04-09 08:52:00"}
{"level":"info","message":"execution of workflow 105 created as 481","timestamp":"2025-04-09 08:52:00"}
{"level":"info","message":"pending execution (481) ready to process","timestamp":"2025-04-09 08:52:00"}
{"level":"info","message":"queueing execution (481) from pending list updated to started","timestamp":"2025-04-09 08:52:00"}
{"level":"info","message":"execution (481) starting...","timestamp":"2025-04-09 08:52:00"}
{"level":"info","message":"execution (481) run instruction [query] for node (845)","timestamp":"2025-04-09 08:52:00"}
{"level":"info","message":"execution (481) run instruction [query] for node (845) finished as status: 1","timestamp":"2025-04-09 08:52:00"}
{"level":"info","message":"execution (481) run instruction [condition] for node (847)","timestamp":"2025-04-09 08:52:00"}
{"level":"info","message":"execution (481) run instruction [update] for node (846)","timestamp":"2025-04-09 08:52:00"}
{"level":"info","message":"execution (481) run instruction [update] for node (846) finished as status: 1","timestamp":"2025-04-09 08:52:00"}
{"level":"info","message":"execution (481) run instruction [condition] for node (847)","timestamp":"2025-04-09 08:52:00"}
{"level":"info","message":"execution (481) run instruction [condition] for node (847) finished as status: 1","timestamp":"2025-04-09 08:52:00"}
{"level":"info","message":"execution (481) exiting with status 1","timestamp":"2025-04-09 08:52:00"}
{"level":"info","message":"execution (481) exiting with status 1","timestamp":"2025-04-09 08:52:00"}
{"level":"info","execution":{"id":481,"context":{"data":{"createdAt":"2025-04-09T07:55:58.889Z","updatedAt":"2025-04-09T08:52:00.540Z","start_date":"2025-04-23T00:00:26.000Z","end_date":"2025-04-23T00:40:00.000Z","employee_id":3,"create_course_id":90,"salary_id":2,"name_sort":7,"status":"Attend","id":267,"status_convert":0,"month_convert":"4/2025","time_calculation":null,"student":"B student","duration":null,"teaching_fee":6.65,"createdById":null,"updatedById":1,"salary_db":{"createdAt":"2025-04-05T13:23:26.011Z","updatedAt":"2025-04-09T08:48:17.669Z","employee_id":3,"salary_amount":6.65,"id":2,"date":"2025-04-01","monthly":"4/2025","createdById":null,"updatedById":1,"attendance_db":[{"createdAt":"2025-04-09T07:55:58.786Z","updatedAt":"2025-04-09T08:51:49.334Z","start_date":"2025-04-09T00:00:26.000Z","end_date":"2025-04-09T00:40:00.000Z","employee_id":3,"create_course_id":90,"salary_id":2,"name_sort":6,"status":"Attend","id":265,"status_convert":1,"month_convert":"4/2025","time_calculation":null,"student":"B student","duration":null,"teaching_fee":6.65,"createdById":null,"updatedById":1},{"createdAt":"2025-04-09T07:55:58.837Z","updatedAt":"2025-04-09T08:51:56.280Z","start_date":"2025-04-16T00:00:26.000Z","end_date":"2025-04-16T00:40:00.000Z","employee_id":3,"create_course_id":90,"salary_id":2,"name_sort":3,"status":"Attend","id":266,"status_convert":1,"month_convert":"4/2025","time_calculation":null,"student":"B student","duration":null,"teaching_fee":6.65,"createdById":null,"updatedById":1},{"createdAt":"2025-04-09T07:55:58.889Z","updatedAt":"2025-04-09T08:52:00.540Z","start_date":"2025-04-23T00:00:26.000Z","end_date":"2025-04-23T00:40:00.000Z","employee_id":3,"create_course_id":90,"salary_id":2,"name_sort":7,"status":"Attend","id":267,"status_convert":0,"month_convert":"4/2025","time_calculation":null,"student":"B student","duration":null,"teaching_fee":6.65,"createdById":null,"updatedById":1}]}}},"key":"ju393tq5yqm","eventKey":"83c9cd7f-c4fa-489d-b82e-699c6b758677","stack":null,"status":1,"workflowId":105,"updatedAt":"2025-04-09T08:52:00.603Z","createdAt":"2025-04-09T08:52:00.548Z","output":null},"message":"execution (481) finished with status: 1","timestamp":"2025-04-09 08:52:00"}
{"level":"info","message":"new event triggered, now events: 1","timestamp":"2025-04-09 08:54:34"}
{"level":"info","message":"preparing execution for event","timestamp":"2025-04-09 08:54:34"}
{"level":"info","message":"execution of workflow 105 created as 482","timestamp":"2025-04-09 08:54:34"}
{"level":"info","message":"pending execution (482) ready to process","timestamp":"2025-04-09 08:54:34"}
{"level":"info","message":"queueing execution (482) from pending list updated to started","timestamp":"2025-04-09 08:54:34"}
{"level":"info","message":"execution (482) starting...","timestamp":"2025-04-09 08:54:34"}
{"level":"info","message":"execution (482) run instruction [query] for node (845)","timestamp":"2025-04-09 08:54:34"}
{"level":"info","message":"execution (482) run instruction [query] for node (845) finished as status: 1","timestamp":"2025-04-09 08:54:34"}
{"level":"info","message":"execution (482) run instruction [condition] for node (847)","timestamp":"2025-04-09 08:54:34"}
{"level":"info","message":"execution (482) run instruction [update] for node (848)","timestamp":"2025-04-09 08:54:34"}
{"level":"info","message":"execution (482) run instruction [update] for node (848) finished as status: 1","timestamp":"2025-04-09 08:54:34"}
{"level":"info","message":"execution (482) run instruction [condition] for node (847)","timestamp":"2025-04-09 08:54:34"}
{"level":"info","message":"execution (482) run instruction [condition] for node (847) finished as status: 1","timestamp":"2025-04-09 08:54:34"}
{"level":"info","message":"execution (482) exiting with status 1","timestamp":"2025-04-09 08:54:34"}
{"level":"info","message":"execution (482) exiting with status 1","timestamp":"2025-04-09 08:54:34"}
{"level":"info","execution":{"id":482,"context":{"data":{"createdAt":"2025-04-09T07:55:58.889Z","updatedAt":"2025-04-09T08:54:34.396Z","start_date":"2025-04-23T00:00:26.000Z","end_date":"2025-04-23T00:40:00.000Z","employee_id":3,"create_course_id":90,"salary_id":2,"name_sort":15,"status":"Inactive","id":267,"status_convert":0,"month_convert":"4/2025","time_calculation":null,"student":"B student","duration":null,"teaching_fee":0,"createdById":null,"updatedById":1,"salary_db":{"createdAt":"2025-04-05T13:23:26.011Z","updatedAt":"2025-04-09T08:48:17.669Z","employee_id":3,"salary_amount":6.65,"id":2,"date":"2025-04-01","monthly":"4/2025","createdById":null,"updatedById":1,"attendance_db":[{"createdAt":"2025-04-09T07:55:58.786Z","updatedAt":"2025-04-09T08:51:49.334Z","start_date":"2025-04-09T00:00:26.000Z","end_date":"2025-04-09T00:40:00.000Z","employee_id":3,"create_course_id":90,"salary_id":2,"name_sort":6,"status":"Attend","id":265,"status_convert":1,"month_convert":"4/2025","time_calculation":null,"student":"B student","duration":null,"teaching_fee":6.65,"createdById":null,"updatedById":1},{"createdAt":"2025-04-09T07:55:58.837Z","updatedAt":"2025-04-09T08:51:56.280Z","start_date":"2025-04-16T00:00:26.000Z","end_date":"2025-04-16T00:40:00.000Z","employee_id":3,"create_course_id":90,"salary_id":2,"name_sort":3,"status":"Attend","id":266,"status_convert":1,"month_convert":"4/2025","time_calculation":null,"student":"B student","duration":null,"teaching_fee":6.65,"createdById":null,"updatedById":1},{"createdAt":"2025-04-09T07:55:58.889Z","updatedAt":"2025-04-09T08:54:34.396Z","start_date":"2025-04-23T00:00:26.000Z","end_date":"2025-04-23T00:40:00.000Z","employee_id":3,"create_course_id":90,"salary_id":2,"name_sort":15,"status":"Inactive","id":267,"status_convert":0,"month_convert":"4/2025","time_calculation":null,"student":"B student","duration":null,"teaching_fee":0,"createdById":null,"updatedById":1}]}}},"key":"ju393tq5yqm","eventKey":"5a47e299-d574-4129-a995-282ee7e17369","stack":null,"status":1,"workflowId":105,"updatedAt":"2025-04-09T08:54:34.462Z","createdAt":"2025-04-09T08:54:34.409Z","output":null},"message":"execution (482) finished with status: 1","timestamp":"2025-04-09 08:54:34"}
{"level":"info","message":"new event triggered, now events: 1","timestamp":"2025-04-09 08:54:39"}
{"level":"info","message":"preparing execution for event","timestamp":"2025-04-09 08:54:39"}
{"level":"info","message":"execution of workflow 105 created as 483","timestamp":"2025-04-09 08:54:39"}
{"level":"info","message":"pending execution (483) ready to process","timestamp":"2025-04-09 08:54:39"}
{"level":"info","message":"queueing execution (483) from pending list updated to started","timestamp":"2025-04-09 08:54:39"}
{"level":"info","message":"execution (483) starting...","timestamp":"2025-04-09 08:54:39"}
{"level":"info","message":"execution (483) run instruction [query] for node (845)","timestamp":"2025-04-09 08:54:39"}
{"level":"info","message":"execution (483) run instruction [query] for node (845) finished as status: 1","timestamp":"2025-04-09 08:54:39"}
{"level":"info","message":"execution (483) run instruction [condition] for node (847)","timestamp":"2025-04-09 08:54:39"}
{"level":"info","message":"execution (483) run instruction [update] for node (848)","timestamp":"2025-04-09 08:54:39"}
{"level":"info","message":"execution (483) run instruction [update] for node (848) finished as status: 1","timestamp":"2025-04-09 08:54:39"}
{"level":"info","message":"execution (483) run instruction [condition] for node (847)","timestamp":"2025-04-09 08:54:39"}
{"level":"info","message":"execution (483) run instruction [condition] for node (847) finished as status: 1","timestamp":"2025-04-09 08:54:39"}
{"level":"info","message":"execution (483) exiting with status 1","timestamp":"2025-04-09 08:54:39"}
{"level":"info","message":"execution (483) exiting with status 1","timestamp":"2025-04-09 08:54:39"}
{"level":"info","execution":{"id":483,"context":{"data":{"createdAt":"2025-04-09T07:55:46.984Z","updatedAt":"2025-04-09T08:54:39.486Z","start_date":"2025-04-23T08:00:26.000Z","end_date":"2025-04-23T08:50:00.000Z","employee_id":1,"create_course_id":89,"salary_id":1,"name_sort":16,"status":"Inactive","id":263,"status_convert":1,"month_convert":"4/2025","time_calculation":null,"student":"A student","duration":null,"teaching_fee":0,"createdById":null,"updatedById":1,"salary_db":{"createdAt":"2025-04-05T13:23:25.985Z","updatedAt":"2025-04-09T08:46:39.450Z","employee_id":1,"salary_amount":150,"id":1,"date":"2025-04-01","monthly":"4/2025","createdById":null,"updatedById":1,"attendance_db":[{"createdAt":"2025-04-09T07:55:46.842Z","updatedAt":"2025-04-09T07:56:15.114Z","start_date":"2025-04-09T08:00:26.000Z","end_date":"2025-04-09T08:50:00.000Z","employee_id":1,"create_course_id":89,"salary_id":1,"name_sort":2,"status":"Attend","id":261,"status_convert":1,"month_convert":"4/2025","time_calculation":null,"student":"A student","duration":null,"teaching_fee":50,"createdById":null,"updatedById":1},{"createdAt":"2025-04-09T07:55:46.948Z","updatedAt":"2025-04-09T07:56:22.929Z","start_date":"2025-04-16T08:00:26.000Z","end_date":"2025-04-16T08:50:00.000Z","employee_id":1,"create_course_id":89,"salary_id":1,"name_sort":4,"status":"Attend","id":262,"status_convert":1,"month_convert":"4/2025","time_calculation":null,"student":"A student","duration":null,"teaching_fee":50,"createdById":null,"updatedById":1},{"createdAt":"2025-04-09T07:55:46.984Z","updatedAt":"2025-04-09T08:54:39.486Z","start_date":"2025-04-23T08:00:26.000Z","end_date":"2025-04-23T08:50:00.000Z","employee_id":1,"create_course_id":89,"salary_id":1,"name_sort":16,"status":"Inactive","id":263,"status_convert":1,"month_convert":"4/2025","time_calculation":null,"student":"A student","duration":null,"teaching_fee":0,"createdById":null,"updatedById":1}]}}},"key":"ju393tq5yqm","eventKey":"91555a13-3c56-429d-8390-2bc78030a7c3","stack":null,"status":1,"workflowId":105,"updatedAt":"2025-04-09T08:54:39.566Z","createdAt":"2025-04-09T08:54:39.509Z","output":null},"message":"execution (483) finished with status: 1","timestamp":"2025-04-09 08:54:39"}
{"level":"info","message":"new event triggered, now events: 1","timestamp":"2025-04-09 09:02:18"}
{"level":"info","message":"preparing execution for event","timestamp":"2025-04-09 09:02:18"}
{"level":"info","message":"execution of workflow 105 created as 484","timestamp":"2025-04-09 09:02:18"}
{"level":"info","message":"pending execution (484) ready to process","timestamp":"2025-04-09 09:02:18"}
{"level":"info","message":"queueing execution (484) from pending list updated to started","timestamp":"2025-04-09 09:02:18"}
{"level":"info","message":"execution (484) starting...","timestamp":"2025-04-09 09:02:18"}
{"level":"info","message":"execution (484) run instruction [query] for node (845)","timestamp":"2025-04-09 09:02:18"}
{"level":"info","message":"execution (484) run instruction [query] for node (845) finished as status: 1","timestamp":"2025-04-09 09:02:18"}
{"level":"info","message":"execution (484) run instruction [condition] for node (847)","timestamp":"2025-04-09 09:02:18"}
{"level":"info","message":"execution (484) run instruction [update] for node (846)","timestamp":"2025-04-09 09:02:18"}
{"level":"info","message":"execution (484) run instruction [update] for node (846) finished as status: 1","timestamp":"2025-04-09 09:02:18"}
{"level":"info","message":"execution (484) run instruction [condition] for node (847)","timestamp":"2025-04-09 09:02:18"}
{"level":"info","message":"execution (484) run instruction [condition] for node (847) finished as status: 1","timestamp":"2025-04-09 09:02:18"}
{"level":"info","message":"execution (484) exiting with status 1","timestamp":"2025-04-09 09:02:18"}
{"level":"info","message":"execution (484) exiting with status 1","timestamp":"2025-04-09 09:02:18"}
{"level":"info","execution":{"id":484,"context":{"data":{"createdAt":"2025-04-09T07:55:58.786Z","updatedAt":"2025-04-09T09:02:18.440Z","start_date":"2025-04-09T00:00:26.000Z","end_date":"2025-04-09T00:40:00.000Z","employee_id":3,"create_course_id":90,"salary_id":2,"name_sort":6,"status":"Attend","id":265,"status_convert":1,"month_convert":"4/2025","time_calculation":null,"student":"B student","duration":null,"teaching_fee":6.65,"createdById":null,"updatedById":1,"salary_db":{"createdAt":"2025-04-05T13:23:26.011Z","updatedAt":"2025-04-09T09:02:18.444Z","employee_id":3,"salary_amount":13.3,"id":2,"date":"2025-04-01","monthly":"4/2025","createdById":null,"updatedById":1,"attendance_db":[{"createdAt":"2025-04-09T07:55:58.786Z","updatedAt":"2025-04-09T09:02:18.440Z","start_date":"2025-04-09T00:00:26.000Z","end_date":"2025-04-09T00:40:00.000Z","employee_id":3,"create_course_id":90,"salary_id":2,"name_sort":6,"status":"Attend","id":265,"status_convert":1,"month_convert":"4/2025","time_calculation":null,"student":"B student","duration":null,"teaching_fee":6.65,"createdById":null,"updatedById":1},{"createdAt":"2025-04-09T07:55:58.837Z","updatedAt":"2025-04-09T08:51:56.280Z","start_date":"2025-04-16T00:00:26.000Z","end_date":"2025-04-16T00:40:00.000Z","employee_id":3,"create_course_id":90,"salary_id":2,"name_sort":3,"status":"Attend","id":266,"status_convert":1,"month_convert":"4/2025","time_calculation":null,"student":"B student","duration":null,"teaching_fee":6.65,"createdById":null,"updatedById":1}]}}},"key":"ju393tq5yqm","eventKey":"9de5920b-b73b-434c-abd8-cbe9f4463469","stack":null,"status":1,"workflowId":105,"updatedAt":"2025-04-09T09:02:18.572Z","createdAt":"2025-04-09T09:02:18.465Z","output":null},"message":"execution (484) finished with status: 1","timestamp":"2025-04-09 09:02:18"}
{"level":"info","message":"new event triggered, now events: 1","timestamp":"2025-04-09 09:02:34"}
{"level":"info","message":"preparing execution for event","timestamp":"2025-04-09 09:02:34"}
{"level":"info","message":"execution of workflow 105 created as 485","timestamp":"2025-04-09 09:02:34"}
{"level":"info","message":"pending execution (485) ready to process","timestamp":"2025-04-09 09:02:34"}
{"level":"info","message":"queueing execution (485) from pending list updated to started","timestamp":"2025-04-09 09:02:34"}
{"level":"info","message":"execution (485) starting...","timestamp":"2025-04-09 09:02:34"}
{"level":"info","message":"execution (485) run instruction [query] for node (845)","timestamp":"2025-04-09 09:02:34"}
{"level":"info","message":"execution (485) run instruction [query] for node (845) finished as status: 1","timestamp":"2025-04-09 09:02:34"}
{"level":"info","message":"execution (485) run instruction [condition] for node (847)","timestamp":"2025-04-09 09:02:34"}
{"level":"info","message":"execution (485) run instruction [update] for node (846)","timestamp":"2025-04-09 09:02:34"}
{"level":"info","message":"execution (485) run instruction [update] for node (846) finished as status: 1","timestamp":"2025-04-09 09:02:34"}
{"level":"info","message":"execution (485) run instruction [condition] for node (847)","timestamp":"2025-04-09 09:02:34"}
{"level":"info","message":"execution (485) run instruction [condition] for node (847) finished as status: 1","timestamp":"2025-04-09 09:02:34"}
{"level":"info","message":"execution (485) exiting with status 1","timestamp":"2025-04-09 09:02:34"}
{"level":"info","message":"execution (485) exiting with status 1","timestamp":"2025-04-09 09:02:34"}
{"level":"info","execution":{"id":485,"context":{"data":{"createdAt":"2025-04-09T07:55:58.889Z","updatedAt":"2025-04-09T09:02:34.142Z","start_date":"2025-04-23T00:00:26.000Z","end_date":"2025-04-23T00:40:00.000Z","employee_id":3,"create_course_id":90,"salary_id":21,"name_sort":7,"status":"Attend","id":267,"status_convert":0,"month_convert":"4/2025","time_calculation":null,"student":"B student","duration":null,"teaching_fee":6.65,"createdById":null,"updatedById":1,"salary_db":{"createdAt":"2025-04-09T09:02:34.114Z","updatedAt":"2025-04-09T09:02:34.114Z","employee_id":null,"salary_amount":0,"id":21,"date":null,"monthly":null,"createdById":1,"updatedById":1,"attendance_db":[{"createdAt":"2025-04-09T07:55:58.889Z","updatedAt":"2025-04-09T09:02:34.142Z","start_date":"2025-04-23T00:00:26.000Z","end_date":"2025-04-23T00:40:00.000Z","employee_id":3,"create_course_id":90,"salary_id":21,"name_sort":7,"status":"Attend","id":267,"status_convert":0,"month_convert":"4/2025","time_calculation":null,"student":"B student","duration":null,"teaching_fee":6.65,"createdById":null,"updatedById":1}]}}},"key":"ju393tq5yqm","eventKey":"b1f1cb23-afe4-4b77-b601-1c00a0fb9c84","stack":null,"status":1,"workflowId":105,"updatedAt":"2025-04-09T09:02:34.249Z","createdAt":"2025-04-09T09:02:34.158Z","output":null},"message":"execution (485) finished with status: 1","timestamp":"2025-04-09 09:02:34"}
{"level":"info","message":"new event triggered, now events: 1","timestamp":"2025-04-09 09:05:15"}
{"level":"info","message":"preparing execution for event","timestamp":"2025-04-09 09:05:15"}
{"level":"info","message":"execution of workflow 105 created as 486","timestamp":"2025-04-09 09:05:15"}
{"level":"info","message":"pending execution (486) ready to process","timestamp":"2025-04-09 09:05:15"}
{"level":"info","message":"queueing execution (486) from pending list updated to started","timestamp":"2025-04-09 09:05:15"}
{"level":"info","message":"execution (486) starting...","timestamp":"2025-04-09 09:05:15"}
{"level":"info","message":"execution (486) run instruction [query] for node (845)","timestamp":"2025-04-09 09:05:15"}
{"level":"info","message":"execution (486) run instruction [query] for node (845) finished as status: 1","timestamp":"2025-04-09 09:05:15"}
{"level":"info","message":"execution (486) run instruction [condition] for node (847)","timestamp":"2025-04-09 09:05:15"}
{"level":"info","message":"execution (486) run instruction [update] for node (846)","timestamp":"2025-04-09 09:05:15"}
{"level":"info","message":"execution (486) run instruction [update] for node (846) finished as status: 1","timestamp":"2025-04-09 09:05:15"}
{"level":"info","message":"execution (486) run instruction [condition] for node (847)","timestamp":"2025-04-09 09:05:15"}
{"level":"info","message":"execution (486) run instruction [condition] for node (847) finished as status: 1","timestamp":"2025-04-09 09:05:15"}
{"level":"info","message":"execution (486) exiting with status 1","timestamp":"2025-04-09 09:05:15"}
{"level":"info","message":"execution (486) exiting with status 1","timestamp":"2025-04-09 09:05:15"}
{"level":"info","execution":{"id":486,"context":{"data":{"createdAt":"2025-04-09T07:55:58.889Z","updatedAt":"2025-04-09T09:05:15.217Z","start_date":"2025-04-23T00:00:26.000Z","end_date":"2025-04-23T00:40:00.000Z","employee_id":3,"create_course_id":90,"salary_id":21,"name_sort":7,"status":"Attend","id":267,"status_convert":0,"month_convert":"4/2025","time_calculation":null,"student":"B student","duration":null,"teaching_fee":6.65,"createdById":null,"updatedById":1,"salary_db":{"createdAt":"2025-04-09T09:02:34.114Z","updatedAt":"2025-04-09T09:02:34.114Z","employee_id":null,"salary_amount":0,"id":21,"date":null,"monthly":null,"createdById":1,"updatedById":1,"attendance_db":[{"createdAt":"2025-04-09T07:55:58.889Z","updatedAt":"2025-04-09T09:05:15.217Z","start_date":"2025-04-23T00:00:26.000Z","end_date":"2025-04-23T00:40:00.000Z","employee_id":3,"create_course_id":90,"salary_id":21,"name_sort":7,"status":"Attend","id":267,"status_convert":0,"month_convert":"4/2025","time_calculation":null,"student":"B student","duration":null,"teaching_fee":6.65,"createdById":null,"updatedById":1}]}}},"key":"ju393tq5yqm","eventKey":"3102e45a-47c4-4eed-a964-65394051767c","stack":null,"status":1,"workflowId":105,"updatedAt":"2025-04-09T09:05:15.303Z","createdAt":"2025-04-09T09:05:15.225Z","output":null},"message":"execution (486) finished with status: 1","timestamp":"2025-04-09 09:05:15"}
{"level":"info","message":"new event triggered, now events: 1","timestamp":"2025-04-09 09:05:19"}
{"level":"info","message":"preparing execution for event","timestamp":"2025-04-09 09:05:19"}
{"level":"info","message":"execution of workflow 105 created as 487","timestamp":"2025-04-09 09:05:19"}
{"level":"info","message":"pending execution (487) ready to process","timestamp":"2025-04-09 09:05:19"}
{"level":"info","message":"queueing execution (487) from pending list updated to started","timestamp":"2025-04-09 09:05:19"}
{"level":"info","message":"execution (487) starting...","timestamp":"2025-04-09 09:05:19"}
{"level":"info","message":"execution (487) run instruction [query] for node (845)","timestamp":"2025-04-09 09:05:19"}
{"level":"info","message":"execution (487) run instruction [query] for node (845) finished as status: 1","timestamp":"2025-04-09 09:05:19"}
{"level":"info","message":"execution (487) run instruction [condition] for node (847)","timestamp":"2025-04-09 09:05:19"}
{"level":"info","message":"execution (487) run instruction [update] for node (848)","timestamp":"2025-04-09 09:05:19"}
{"level":"info","message":"execution (487) run instruction [update] for node (848) finished as status: 1","timestamp":"2025-04-09 09:05:19"}
{"level":"info","message":"execution (487) run instruction [condition] for node (847)","timestamp":"2025-04-09 09:05:19"}
{"level":"info","message":"execution (487) run instruction [condition] for node (847) finished as status: 1","timestamp":"2025-04-09 09:05:19"}
{"level":"info","message":"execution (487) exiting with status 1","timestamp":"2025-04-09 09:05:19"}
{"level":"info","message":"execution (487) exiting with status 1","timestamp":"2025-04-09 09:05:19"}
{"level":"info","execution":{"id":487,"context":{"data":{"createdAt":"2025-04-09T07:55:58.889Z","updatedAt":"2025-04-09T09:05:19.747Z","start_date":"2025-04-23T00:00:26.000Z","end_date":"2025-04-23T00:40:00.000Z","employee_id":3,"create_course_id":90,"salary_id":21,"name_sort":17,"status":"Inactive","id":267,"status_convert":0,"month_convert":"4/2025","time_calculation":null,"student":"B student","duration":null,"teaching_fee":0,"createdById":null,"updatedById":1,"salary_db":{"createdAt":"2025-04-09T09:02:34.114Z","updatedAt":"2025-04-09T09:02:34.114Z","employee_id":null,"salary_amount":0,"id":21,"date":null,"monthly":null,"createdById":1,"updatedById":1,"attendance_db":[{"createdAt":"2025-04-09T07:55:58.889Z","updatedAt":"2025-04-09T09:05:19.747Z","start_date":"2025-04-23T00:00:26.000Z","end_date":"2025-04-23T00:40:00.000Z","employee_id":3,"create_course_id":90,"salary_id":21,"name_sort":17,"status":"Inactive","id":267,"status_convert":0,"month_convert":"4/2025","time_calculation":null,"student":"B student","duration":null,"teaching_fee":0,"createdById":null,"updatedById":1}]}}},"key":"ju393tq5yqm","eventKey":"2cddb8e0-c0d9-448b-968f-604ebbdb7aab","stack":null,"status":1,"workflowId":105,"updatedAt":"2025-04-09T09:05:19.809Z","createdAt":"2025-04-09T09:05:19.763Z","output":null},"message":"execution (487) finished with status: 1","timestamp":"2025-04-09 09:05:19"}
{"level":"info","message":"new event triggered, now events: 1","timestamp":"2025-04-09 09:05:24"}
{"level":"info","message":"preparing execution for event","timestamp":"2025-04-09 09:05:24"}
{"level":"info","message":"execution of workflow 105 created as 488","timestamp":"2025-04-09 09:05:24"}
{"level":"info","message":"pending execution (488) ready to process","timestamp":"2025-04-09 09:05:24"}
{"level":"info","message":"queueing execution (488) from pending list updated to started","timestamp":"2025-04-09 09:05:24"}
{"level":"info","message":"execution (488) starting...","timestamp":"2025-04-09 09:05:24"}
{"level":"info","message":"execution (488) run instruction [query] for node (845)","timestamp":"2025-04-09 09:05:24"}
{"level":"info","message":"execution (488) run instruction [query] for node (845) finished as status: 1","timestamp":"2025-04-09 09:05:24"}
{"level":"info","message":"execution (488) run instruction [condition] for node (847)","timestamp":"2025-04-09 09:05:24"}
{"level":"info","message":"execution (488) run instruction [update] for node (846)","timestamp":"2025-04-09 09:05:24"}
{"level":"info","message":"execution (488) run instruction [update] for node (846) finished as status: 1","timestamp":"2025-04-09 09:05:24"}
{"level":"info","message":"execution (488) run instruction [condition] for node (847)","timestamp":"2025-04-09 09:05:24"}
{"level":"info","message":"execution (488) run instruction [condition] for node (847) finished as status: 1","timestamp":"2025-04-09 09:05:24"}
{"level":"info","message":"execution (488) exiting with status 1","timestamp":"2025-04-09 09:05:24"}
{"level":"info","message":"execution (488) exiting with status 1","timestamp":"2025-04-09 09:05:24"}
{"level":"info","execution":{"id":488,"context":{"data":{"createdAt":"2025-04-09T07:55:58.889Z","updatedAt":"2025-04-09T09:05:24.469Z","start_date":"2025-04-23T00:00:26.000Z","end_date":"2025-04-23T00:40:00.000Z","employee_id":3,"create_course_id":90,"salary_id":null,"name_sort":7,"status":"Attend","id":267,"status_convert":0,"month_convert":"4/2025","time_calculation":null,"student":"B student","duration":null,"teaching_fee":6.65,"createdById":null,"updatedById":1,"salary_db":null}},"key":"ju393tq5yqm","eventKey":"4371621b-79a0-4acb-a032-3df24314935d","stack":null,"status":1,"workflowId":105,"updatedAt":"2025-04-09T09:05:24.508Z","createdAt":"2025-04-09T09:05:24.476Z","output":null},"message":"execution (488) finished with status: 1","timestamp":"2025-04-09 09:05:24"}
{"level":"info","message":"new event triggered, now events: 1","timestamp":"2025-04-09 09:05:37"}
{"level":"info","message":"preparing execution for event","timestamp":"2025-04-09 09:05:37"}
{"level":"info","message":"execution of workflow 105 created as 489","timestamp":"2025-04-09 09:05:37"}
{"level":"info","message":"pending execution (489) ready to process","timestamp":"2025-04-09 09:05:37"}
{"level":"info","message":"queueing execution (489) from pending list updated to started","timestamp":"2025-04-09 09:05:37"}
{"level":"info","message":"execution (489) starting...","timestamp":"2025-04-09 09:05:37"}
{"level":"info","message":"execution (489) run instruction [query] for node (845)","timestamp":"2025-04-09 09:05:37"}
{"level":"info","message":"execution (489) run instruction [query] for node (845) finished as status: 1","timestamp":"2025-04-09 09:05:37"}
{"level":"info","message":"execution (489) run instruction [condition] for node (847)","timestamp":"2025-04-09 09:05:37"}
{"level":"info","message":"execution (489) run instruction [update] for node (848)","timestamp":"2025-04-09 09:05:37"}
{"level":"info","message":"execution (489) run instruction [update] for node (848) finished as status: 1","timestamp":"2025-04-09 09:05:37"}
{"level":"info","message":"execution (489) run instruction [condition] for node (847)","timestamp":"2025-04-09 09:05:37"}
{"level":"info","message":"execution (489) run instruction [condition] for node (847) finished as status: 1","timestamp":"2025-04-09 09:05:37"}
{"level":"info","message":"execution (489) exiting with status 1","timestamp":"2025-04-09 09:05:37"}
{"level":"info","message":"execution (489) exiting with status 1","timestamp":"2025-04-09 09:05:37"}
{"level":"info","execution":{"id":489,"context":{"data":{"createdAt":"2025-04-09T07:55:58.889Z","updatedAt":"2025-04-09T09:05:37.137Z","start_date":"2025-04-23T00:00:26.000Z","end_date":"2025-04-23T00:40:00.000Z","employee_id":3,"create_course_id":90,"salary_id":2,"name_sort":17,"status":"Inactive","id":267,"status_convert":0,"month_convert":"4/2025","time_calculation":null,"student":"B student","duration":null,"teaching_fee":0,"createdById":null,"updatedById":1,"salary_db":{"createdAt":"2025-04-05T13:23:26.011Z","updatedAt":"2025-04-09T09:02:18.444Z","employee_id":3,"salary_amount":13.3,"id":2,"date":"2025-04-01","monthly":"4/2025","createdById":null,"updatedById":1,"attendance_db":[{"createdAt":"2025-04-09T07:55:58.786Z","updatedAt":"2025-04-09T09:05:24.502Z","start_date":"2025-04-09T00:00:26.000Z","end_date":"2025-04-09T00:40:00.000Z","employee_id":3,"create_course_id":90,"salary_id":2,"name_sort":6,"status":"Attend","id":265,"status_convert":1,"month_convert":"4/2025","time_calculation":null,"student":"B student","duration":null,"teaching_fee":6.65,"createdById":null,"updatedById":1},{"createdAt":"2025-04-09T07:55:58.837Z","updatedAt":"2025-04-09T09:05:24.502Z","start_date":"2025-04-16T00:00:26.000Z","end_date":"2025-04-16T00:40:00.000Z","employee_id":3,"create_course_id":90,"salary_id":2,"name_sort":3,"status":"Attend","id":266,"status_convert":1,"month_convert":"4/2025","time_calculation":null,"student":"B student","duration":null,"teaching_fee":6.65,"createdById":null,"updatedById":1},{"createdAt":"2025-04-09T07:55:58.889Z","updatedAt":"2025-04-09T09:05:37.137Z","start_date":"2025-04-23T00:00:26.000Z","end_date":"2025-04-23T00:40:00.000Z","employee_id":3,"create_course_id":90,"salary_id":2,"name_sort":17,"status":"Inactive","id":267,"status_convert":0,"month_convert":"4/2025","time_calculation":null,"student":"B student","duration":null,"teaching_fee":0,"createdById":null,"updatedById":1}]}}},"key":"ju393tq5yqm","eventKey":"a95ac071-f60f-4f07-bb77-f55308e6e7d8","stack":null,"status":1,"workflowId":105,"updatedAt":"2025-04-09T09:05:37.194Z","createdAt":"2025-04-09T09:05:37.145Z","output":null},"message":"execution (489) finished with status: 1","timestamp":"2025-04-09 09:05:37"}
{"level":"info","message":"new event triggered, now events: 1","timestamp":"2025-04-09 09:08:34"}
{"level":"info","message":"preparing execution for event","timestamp":"2025-04-09 09:08:34"}
{"level":"info","message":"execution of workflow 105 created as 490","timestamp":"2025-04-09 09:08:34"}
{"level":"info","message":"pending execution (490) ready to process","timestamp":"2025-04-09 09:08:34"}
{"level":"info","message":"queueing execution (490) from pending list updated to started","timestamp":"2025-04-09 09:08:34"}
{"level":"info","message":"execution (490) starting...","timestamp":"2025-04-09 09:08:34"}
{"level":"info","message":"execution (490) run instruction [query] for node (845)","timestamp":"2025-04-09 09:08:34"}
{"level":"info","message":"execution (490) run instruction [query] for node (845) finished as status: 1","timestamp":"2025-04-09 09:08:34"}
{"level":"info","message":"execution (490) run instruction [condition] for node (847)","timestamp":"2025-04-09 09:08:34"}
{"level":"info","message":"execution (490) run instruction [update] for node (846)","timestamp":"2025-04-09 09:08:34"}
{"level":"info","message":"execution (490) run instruction [update] for node (846) finished as status: 1","timestamp":"2025-04-09 09:08:34"}
{"level":"info","message":"execution (490) run instruction [condition] for node (847)","timestamp":"2025-04-09 09:08:34"}
{"level":"info","message":"execution (490) run instruction [condition] for node (847) finished as status: 1","timestamp":"2025-04-09 09:08:34"}
{"level":"info","message":"execution (490) exiting with status 1","timestamp":"2025-04-09 09:08:34"}
{"level":"info","message":"execution (490) exiting with status 1","timestamp":"2025-04-09 09:08:34"}
{"level":"info","execution":{"id":490,"context":{"data":{"createdAt":"2025-04-09T07:55:58.889Z","updatedAt":"2025-04-09T09:08:34.708Z","start_date":"2025-04-23T00:00:26.000Z","end_date":"2025-04-23T00:40:00.000Z","employee_id":3,"create_course_id":90,"salary_id":22,"name_sort":7,"status":"Attend","id":267,"status_convert":0,"month_convert":"4/2025","time_calculation":null,"student":"B student","duration":null,"teaching_fee":6.65,"createdById":null,"updatedById":1,"salary_db":{"createdAt":"2025-04-09T09:08:34.705Z","updatedAt":"2025-04-09T09:08:34.705Z","employee_id":null,"salary_amount":0,"id":22,"date":null,"monthly":null,"createdById":1,"updatedById":1,"attendance_db":[{"createdAt":"2025-04-09T07:55:58.889Z","updatedAt":"2025-04-09T09:08:34.708Z","start_date":"2025-04-23T00:00:26.000Z","end_date":"2025-04-23T00:40:00.000Z","employee_id":3,"create_course_id":90,"salary_id":22,"name_sort":7,"status":"Attend","id":267,"status_convert":0,"month_convert":"4/2025","time_calculation":null,"student":"B student","duration":null,"teaching_fee":6.65,"createdById":null,"updatedById":1}]}}},"key":"ju393tq5yqm","eventKey":"ec0991ff-53e9-44e1-94df-8f9b9210ce81","stack":null,"status":1,"workflowId":105,"updatedAt":"2025-04-09T09:08:34.779Z","createdAt":"2025-04-09T09:08:34.720Z","output":null},"message":"execution (490) finished with status: 1","timestamp":"2025-04-09 09:08:34"}
{"level":"info","message":"new event triggered, now events: 1","timestamp":"2025-04-09 09:10:47"}
{"level":"info","message":"preparing execution for event","timestamp":"2025-04-09 09:10:47"}
{"level":"info","message":"execution of workflow 105 created as 491","timestamp":"2025-04-09 09:10:47"}
{"level":"info","message":"pending execution (491) ready to process","timestamp":"2025-04-09 09:10:47"}
{"level":"info","message":"queueing execution (491) from pending list updated to started","timestamp":"2025-04-09 09:10:47"}
{"level":"info","message":"execution (491) starting...","timestamp":"2025-04-09 09:10:47"}
{"level":"info","message":"execution (491) run instruction [query] for node (845)","timestamp":"2025-04-09 09:10:47"}
{"level":"info","message":"execution (491) run instruction [query] for node (845) finished as status: 1","timestamp":"2025-04-09 09:10:47"}
{"level":"info","message":"execution (491) run instruction [condition] for node (847)","timestamp":"2025-04-09 09:10:47"}
{"level":"info","message":"execution (491) run instruction [update] for node (848)","timestamp":"2025-04-09 09:10:47"}
{"level":"info","message":"execution (491) run instruction [update] for node (848) finished as status: 1","timestamp":"2025-04-09 09:10:47"}
{"level":"info","message":"execution (491) run instruction [condition] for node (847)","timestamp":"2025-04-09 09:10:47"}
{"level":"info","message":"execution (491) run instruction [condition] for node (847) finished as status: 1","timestamp":"2025-04-09 09:10:47"}
{"level":"info","message":"execution (491) exiting with status 1","timestamp":"2025-04-09 09:10:47"}
{"level":"info","message":"execution (491) exiting with status 1","timestamp":"2025-04-09 09:10:47"}
{"level":"info","execution":{"id":491,"context":{"data":{"createdAt":"2025-04-09T07:55:58.889Z","updatedAt":"2025-04-09T09:10:47.574Z","start_date":"2025-04-23T00:00:26.000Z","end_date":"2025-04-23T00:40:00.000Z","employee_id":3,"create_course_id":90,"salary_id":22,"name_sort":17,"status":"Inactive","id":267,"status_convert":0,"month_convert":"4/2025","time_calculation":null,"student":"B student","duration":null,"teaching_fee":0,"createdById":null,"updatedById":1,"salary_db":{"createdAt":"2025-04-09T09:08:34.705Z","updatedAt":"2025-04-09T09:08:34.705Z","employee_id":null,"salary_amount":0,"id":22,"date":null,"monthly":null,"createdById":1,"updatedById":1,"attendance_db":[{"createdAt":"2025-04-09T07:55:58.889Z","updatedAt":"2025-04-09T09:10:47.574Z","start_date":"2025-04-23T00:00:26.000Z","end_date":"2025-04-23T00:40:00.000Z","employee_id":3,"create_course_id":90,"salary_id":22,"name_sort":17,"status":"Inactive","id":267,"status_convert":0,"month_convert":"4/2025","time_calculation":null,"student":"B student","duration":null,"teaching_fee":0,"createdById":null,"updatedById":1}]}}},"key":"ju393tq5yqm","eventKey":"3fb19f3f-f7ac-40c4-8fd6-99a09fc43ad0","stack":null,"status":1,"workflowId":105,"updatedAt":"2025-04-09T09:10:47.661Z","createdAt":"2025-04-09T09:10:47.586Z","output":null},"message":"execution (491) finished with status: 1","timestamp":"2025-04-09 09:10:47"}
{"level":"info","message":"new event triggered, now events: 1","timestamp":"2025-04-09 09:10:50"}
{"level":"info","message":"preparing execution for event","timestamp":"2025-04-09 09:10:50"}
{"level":"info","message":"execution of workflow 105 created as 492","timestamp":"2025-04-09 09:10:50"}
{"level":"info","message":"pending execution (492) ready to process","timestamp":"2025-04-09 09:10:50"}
{"level":"info","message":"queueing execution (492) from pending list updated to started","timestamp":"2025-04-09 09:10:50"}
{"level":"info","message":"execution (492) starting...","timestamp":"2025-04-09 09:10:50"}
{"level":"info","message":"execution (492) run instruction [query] for node (845)","timestamp":"2025-04-09 09:10:50"}
{"level":"info","message":"execution (492) run instruction [query] for node (845) finished as status: 1","timestamp":"2025-04-09 09:10:50"}
{"level":"info","message":"execution (492) run instruction [condition] for node (847)","timestamp":"2025-04-09 09:10:50"}
{"level":"info","message":"execution (492) run instruction [update] for node (846)","timestamp":"2025-04-09 09:10:50"}
{"level":"info","message":"execution (492) run instruction [update] for node (846) finished as status: 1","timestamp":"2025-04-09 09:10:50"}
{"level":"info","message":"execution (492) run instruction [condition] for node (847)","timestamp":"2025-04-09 09:10:50"}
{"level":"info","message":"execution (492) run instruction [condition] for node (847) finished as status: 1","timestamp":"2025-04-09 09:10:50"}
{"level":"info","message":"execution (492) exiting with status 1","timestamp":"2025-04-09 09:10:50"}
{"level":"info","message":"execution (492) exiting with status 1","timestamp":"2025-04-09 09:10:50"}
{"level":"info","execution":{"id":492,"context":{"data":{"createdAt":"2025-04-09T07:55:58.889Z","updatedAt":"2025-04-09T09:10:50.731Z","start_date":"2025-04-23T00:00:26.000Z","end_date":"2025-04-23T00:40:00.000Z","employee_id":3,"create_course_id":90,"salary_id":null,"name_sort":7,"status":"Attend","id":267,"status_convert":0,"month_convert":"4/2025","time_calculation":null,"student":"B student","duration":null,"teaching_fee":6.65,"createdById":null,"updatedById":1,"salary_db":null}},"key":"ju393tq5yqm","eventKey":"0ae528d2-0f62-426c-ae5d-82198c898f1d","stack":null,"status":1,"workflowId":105,"updatedAt":"2025-04-09T09:10:50.802Z","createdAt":"2025-04-09T09:10:50.749Z","output":null},"message":"execution (492) finished with status: 1","timestamp":"2025-04-09 09:10:50"}
{"level":"info","message":"new event triggered, now events: 1","timestamp":"2025-04-09 09:12:05"}
{"level":"info","message":"preparing execution for event","timestamp":"2025-04-09 09:12:05"}
{"level":"info","message":"execution of workflow 105 created as 493","timestamp":"2025-04-09 09:12:05"}
{"level":"info","message":"pending execution (493) ready to process","timestamp":"2025-04-09 09:12:05"}
{"level":"info","message":"queueing execution (493) from pending list updated to started","timestamp":"2025-04-09 09:12:05"}
{"level":"info","message":"execution (493) starting...","timestamp":"2025-04-09 09:12:05"}
{"level":"info","message":"execution (493) run instruction [query] for node (845)","timestamp":"2025-04-09 09:12:05"}
{"level":"info","message":"execution (493) run instruction [query] for node (845) finished as status: 1","timestamp":"2025-04-09 09:12:05"}
{"level":"info","message":"execution (493) run instruction [condition] for node (847)","timestamp":"2025-04-09 09:12:05"}
{"level":"info","message":"execution (493) run instruction [update] for node (846)","timestamp":"2025-04-09 09:12:05"}
{"level":"info","message":"execution (493) run instruction [update] for node (846) finished as status: 1","timestamp":"2025-04-09 09:12:05"}
{"level":"info","message":"execution (493) run instruction [condition] for node (847)","timestamp":"2025-04-09 09:12:05"}
{"level":"info","message":"execution (493) run instruction [condition] for node (847) finished as status: 1","timestamp":"2025-04-09 09:12:05"}
{"level":"info","message":"execution (493) exiting with status 1","timestamp":"2025-04-09 09:12:06"}
{"level":"info","message":"execution (493) exiting with status 1","timestamp":"2025-04-09 09:12:06"}
{"level":"info","execution":{"id":493,"context":{"data":{"createdAt":"2025-04-09T07:55:58.889Z","updatedAt":"2025-04-09T09:12:05.928Z","start_date":"2025-04-23T00:00:26.000Z","end_date":"2025-04-23T00:40:00.000Z","employee_id":1,"create_course_id":90,"salary_id":2,"name_sort":7,"status":"Attend","id":267,"status_convert":0,"month_convert":"4/2025","time_calculation":null,"student":"B student","duration":null,"teaching_fee":50,"createdById":null,"updatedById":1,"salary_db":{"createdAt":"2025-04-05T13:23:26.011Z","updatedAt":"2025-04-09T09:02:18.444Z","employee_id":3,"salary_amount":13.3,"id":2,"date":"2025-04-01","monthly":"4/2025","createdById":null,"updatedById":1,"attendance_db":[{"createdAt":"2025-04-09T07:55:58.786Z","updatedAt":"2025-04-09T09:10:50.790Z","start_date":"2025-04-09T00:00:26.000Z","end_date":"2025-04-09T00:40:00.000Z","employee_id":3,"create_course_id":90,"salary_id":2,"name_sort":6,"status":"Attend","id":265,"status_convert":1,"month_convert":"4/2025","time_calculation":null,"student":"B student","duration":null,"teaching_fee":6.65,"createdById":null,"updatedById":1},{"createdAt":"2025-04-09T07:55:58.837Z","updatedAt":"2025-04-09T09:10:50.790Z","start_date":"2025-04-16T00:00:26.000Z","end_date":"2025-04-16T00:40:00.000Z","employee_id":3,"create_course_id":90,"salary_id":2,"name_sort":3,"status":"Attend","id":266,"status_convert":1,"month_convert":"4/2025","time_calculation":null,"student":"B student","duration":null,"teaching_fee":6.65,"createdById":null,"updatedById":1},{"createdAt":"2025-04-09T07:55:58.889Z","updatedAt":"2025-04-09T09:12:05.928Z","start_date":"2025-04-23T00:00:26.000Z","end_date":"2025-04-23T00:40:00.000Z","employee_id":1,"create_course_id":90,"salary_id":2,"name_sort":7,"status":"Attend","id":267,"status_convert":0,"month_convert":"4/2025","time_calculation":null,"student":"B student","duration":null,"teaching_fee":50,"createdById":null,"updatedById":1}]}}},"key":"ju393tq5yqm","eventKey":"648ffe99-afee-4eaf-87c4-ab2d3ea90954","stack":null,"status":1,"workflowId":105,"updatedAt":"2025-04-09T09:12:05.998Z","createdAt":"2025-04-09T09:12:05.940Z","output":null},"message":"execution (493) finished with status: 1","timestamp":"2025-04-09 09:12:06"}
{"level":"info","message":"new event triggered, now events: 1","timestamp":"2025-04-09 09:13:04"}
{"level":"info","message":"preparing execution for event","timestamp":"2025-04-09 09:13:04"}
{"level":"info","message":"execution of workflow 105 created as 494","timestamp":"2025-04-09 09:13:04"}
{"level":"info","message":"pending execution (494) ready to process","timestamp":"2025-04-09 09:13:04"}
{"level":"info","message":"queueing execution (494) from pending list updated to started","timestamp":"2025-04-09 09:13:04"}
{"level":"info","message":"execution (494) starting...","timestamp":"2025-04-09 09:13:04"}
{"level":"info","message":"execution (494) run instruction [query] for node (845)","timestamp":"2025-04-09 09:13:04"}
{"level":"info","message":"execution (494) run instruction [query] for node (845) finished as status: 1","timestamp":"2025-04-09 09:13:04"}
{"level":"info","message":"execution (494) run instruction [condition] for node (847)","timestamp":"2025-04-09 09:13:04"}
{"level":"info","message":"execution (494) run instruction [update] for node (846)","timestamp":"2025-04-09 09:13:04"}
{"level":"info","message":"execution (494) run instruction [update] for node (846) finished as status: 1","timestamp":"2025-04-09 09:13:04"}
{"level":"info","message":"execution (494) run instruction [condition] for node (847)","timestamp":"2025-04-09 09:13:04"}
{"level":"info","message":"execution (494) run instruction [condition] for node (847) finished as status: 1","timestamp":"2025-04-09 09:13:04"}
{"level":"info","message":"execution (494) exiting with status 1","timestamp":"2025-04-09 09:13:04"}
{"level":"info","message":"execution (494) exiting with status 1","timestamp":"2025-04-09 09:13:04"}
{"level":"info","execution":{"id":494,"context":{"data":{"createdAt":"2025-04-09T07:55:58.889Z","updatedAt":"2025-04-09T09:13:04.721Z","start_date":"2025-04-23T00:00:26.000Z","end_date":"2025-04-23T00:40:00.000Z","employee_id":1,"create_course_id":90,"salary_id":2,"name_sort":7,"status":"Attend","id":267,"status_convert":0,"month_convert":"4/2025","time_calculation":null,"student":"B student","duration":null,"teaching_fee":50,"createdById":null,"updatedById":1,"salary_db":{"createdAt":"2025-04-05T13:23:26.011Z","updatedAt":"2025-04-09T09:02:18.444Z","employee_id":3,"salary_amount":13.3,"id":2,"date":"2025-04-01","monthly":"4/2025","createdById":null,"updatedById":1,"attendance_db":[{"createdAt":"2025-04-09T07:55:58.786Z","updatedAt":"2025-04-09T09:10:50.790Z","start_date":"2025-04-09T00:00:26.000Z","end_date":"2025-04-09T00:40:00.000Z","employee_id":3,"create_course_id":90,"salary_id":2,"name_sort":6,"status":"Attend","id":265,"status_convert":1,"month_convert":"4/2025","time_calculation":null,"student":"B student","duration":null,"teaching_fee":6.65,"createdById":null,"updatedById":1},{"createdAt":"2025-04-09T07:55:58.837Z","updatedAt":"2025-04-09T09:10:50.790Z","start_date":"2025-04-16T00:00:26.000Z","end_date":"2025-04-16T00:40:00.000Z","employee_id":3,"create_course_id":90,"salary_id":2,"name_sort":3,"status":"Attend","id":266,"status_convert":1,"month_convert":"4/2025","time_calculation":null,"student":"B student","duration":null,"teaching_fee":6.65,"createdById":null,"updatedById":1},{"createdAt":"2025-04-09T07:55:58.889Z","updatedAt":"2025-04-09T09:13:04.721Z","start_date":"2025-04-23T00:00:26.000Z","end_date":"2025-04-23T00:40:00.000Z","employee_id":1,"create_course_id":90,"salary_id":2,"name_sort":7,"status":"Attend","id":267,"status_convert":0,"month_convert":"4/2025","time_calculation":null,"student":"B student","duration":null,"teaching_fee":50,"createdById":null,"updatedById":1}]}}},"key":"ju393tq5yqm","eventKey":"e447b24b-759a-46f2-8c8d-666491e62303","stack":null,"status":1,"workflowId":105,"updatedAt":"2025-04-09T09:13:04.826Z","createdAt":"2025-04-09T09:13:04.740Z","output":null},"message":"execution (494) finished with status: 1","timestamp":"2025-04-09 09:13:04"}
{"level":"info","message":"new event triggered, now events: 1","timestamp":"2025-04-09 09:13:26"}
{"level":"info","message":"preparing execution for event","timestamp":"2025-04-09 09:13:26"}
{"level":"info","message":"execution of workflow 105 created as 495","timestamp":"2025-04-09 09:13:26"}
{"level":"info","message":"pending execution (495) ready to process","timestamp":"2025-04-09 09:13:26"}
{"level":"info","message":"queueing execution (495) from pending list updated to started","timestamp":"2025-04-09 09:13:26"}
{"level":"info","message":"execution (495) starting...","timestamp":"2025-04-09 09:13:26"}
{"level":"info","message":"execution (495) run instruction [query] for node (845)","timestamp":"2025-04-09 09:13:26"}
{"level":"info","message":"execution (495) run instruction [query] for node (845) finished as status: 1","timestamp":"2025-04-09 09:13:26"}
{"level":"info","message":"execution (495) run instruction [condition] for node (847)","timestamp":"2025-04-09 09:13:26"}
{"level":"info","message":"execution (495) run instruction [update] for node (846)","timestamp":"2025-04-09 09:13:26"}
{"level":"info","message":"execution (495) run instruction [update] for node (846) finished as status: 1","timestamp":"2025-04-09 09:13:26"}
{"level":"info","message":"execution (495) run instruction [condition] for node (847)","timestamp":"2025-04-09 09:13:26"}
{"level":"info","message":"execution (495) run instruction [condition] for node (847) finished as status: 1","timestamp":"2025-04-09 09:13:26"}
{"level":"info","message":"execution (495) exiting with status 1","timestamp":"2025-04-09 09:13:26"}
{"level":"info","message":"execution (495) exiting with status 1","timestamp":"2025-04-09 09:13:26"}
{"level":"info","execution":{"id":495,"context":{"data":{"createdAt":"2025-04-09T07:55:58.889Z","updatedAt":"2025-04-09T09:13:26.792Z","start_date":"2025-04-23T00:00:26.000Z","end_date":"2025-04-23T00:40:00.000Z","employee_id":3,"create_course_id":90,"salary_id":2,"name_sort":7,"status":"Attend","id":267,"status_convert":0,"month_convert":"4/2025","time_calculation":null,"student":"B student","duration":null,"teaching_fee":6.65,"createdById":null,"updatedById":1,"salary_db":{"createdAt":"2025-04-05T13:23:26.011Z","updatedAt":"2025-04-09T09:02:18.444Z","employee_id":3,"salary_amount":13.3,"id":2,"date":"2025-04-01","monthly":"4/2025","createdById":null,"updatedById":1,"attendance_db":[{"createdAt":"2025-04-09T07:55:58.786Z","updatedAt":"2025-04-09T09:10:50.790Z","start_date":"2025-04-09T00:00:26.000Z","end_date":"2025-04-09T00:40:00.000Z","employee_id":3,"create_course_id":90,"salary_id":2,"name_sort":6,"status":"Attend","id":265,"status_convert":1,"month_convert":"4/2025","time_calculation":null,"student":"B student","duration":null,"teaching_fee":6.65,"createdById":null,"updatedById":1},{"createdAt":"2025-04-09T07:55:58.837Z","updatedAt":"2025-04-09T09:10:50.790Z","start_date":"2025-04-16T00:00:26.000Z","end_date":"2025-04-16T00:40:00.000Z","employee_id":3,"create_course_id":90,"salary_id":2,"name_sort":3,"status":"Attend","id":266,"status_convert":1,"month_convert":"4/2025","time_calculation":null,"student":"B student","duration":null,"teaching_fee":6.65,"createdById":null,"updatedById":1},{"createdAt":"2025-04-09T07:55:58.889Z","updatedAt":"2025-04-09T09:13:26.792Z","start_date":"2025-04-23T00:00:26.000Z","end_date":"2025-04-23T00:40:00.000Z","employee_id":3,"create_course_id":90,"salary_id":2,"name_sort":7,"status":"Attend","id":267,"status_convert":0,"month_convert":"4/2025","time_calculation":null,"student":"B student","duration":null,"teaching_fee":6.65,"createdById":null,"updatedById":1}]}}},"key":"ju393tq5yqm","eventKey":"fb230aff-3c54-4343-9f92-9634ac307154","stack":null,"status":1,"workflowId":105,"updatedAt":"2025-04-09T09:13:26.872Z","createdAt":"2025-04-09T09:13:26.808Z","output":null},"message":"execution (495) finished with status: 1","timestamp":"2025-04-09 09:13:26"}
