{"level":"info","message":"new event triggered, now events: 1","timestamp":"2025-04-09 09:24:02"}
{"level":"info","message":"preparing execution for event","timestamp":"2025-04-09 09:24:02"}
{"level":"info","message":"execution of workflow 112 created as 501","timestamp":"2025-04-09 09:24:02"}
{"level":"info","message":"pending execution (501) ready to process","timestamp":"2025-04-09 09:24:02"}
{"level":"info","message":"queueing execution (501) from pending list updated to started","timestamp":"2025-04-09 09:24:02"}
{"level":"info","message":"execution (501) starting...","timestamp":"2025-04-09 09:24:02"}
{"level":"info","message":"execution (501) run instruction [calculation] for node (866)","timestamp":"2025-04-09 09:24:02"}
{"level":"info","message":"execution (501) run instruction [calculation] for node (866) finished as status: 1","timestamp":"2025-04-09 09:24:02"}
{"level":"info","message":"execution (501) run instruction [update] for node (865)","timestamp":"2025-04-09 09:24:02"}
{"level":"info","message":"execution (501) run instruction [update] for node (865) finished as status: 1","timestamp":"2025-04-09 09:24:02"}
{"level":"info","message":"execution (501) exiting with status 1","timestamp":"2025-04-09 09:24:02"}
{"level":"info","execution":{"id":501,"context":{"data":{"createdAt":"2025-04-05T13:23:25.985Z","updatedAt":"2025-04-09T09:24:02.277Z","employee_id":1,"salary_amount":100,"id":1,"date":"2025-04-01","monthly":"4/2025","createdById":null,"updatedById":1,"attendance_db":[{"createdAt":"2025-04-09T07:55:46.842Z","updatedAt":"2025-04-09T09:16:44.085Z","start_date":"2025-04-09T08:00:26.000Z","end_date":"2025-04-09T08:50:00.000Z","employee_id":1,"create_course_id":89,"salary_id":1,"name_sort":2,"status":"Attend","id":261,"status_convert":1,"month_convert":"4/2025","time_calculation":null,"student":"A student","duration":null,"teaching_fee":50,"createdById":null,"updatedById":1},{"createdAt":"2025-04-09T07:55:46.948Z","updatedAt":"2025-04-09T09:16:44.085Z","start_date":"2025-04-16T08:00:26.000Z","end_date":"2025-04-16T08:50:00.000Z","employee_id":1,"create_course_id":89,"salary_id":1,"name_sort":4,"status":"Attend","id":262,"status_convert":1,"month_convert":"4/2025","time_calculation":null,"student":"A student","duration":null,"teaching_fee":50,"createdById":null,"updatedById":1}]}},"key":"nrh15srh1dx","eventKey":"7f18407e-f37b-4334-b8ab-68b8902146a3","stack":null,"status":1,"workflowId":112,"updatedAt":"2025-04-09T09:24:02.388Z","createdAt":"2025-04-09T09:24:02.305Z","output":null},"message":"execution (501) finished with status: 1","timestamp":"2025-04-09 09:24:02"}
{"level":"info","message":"new event triggered, now events: 1","timestamp":"2025-04-09 09:24:11"}
{"level":"info","message":"preparing execution for event","timestamp":"2025-04-09 09:24:11"}
{"level":"info","message":"execution of workflow 112 created as 502","timestamp":"2025-04-09 09:24:11"}
{"level":"info","message":"pending execution (502) ready to process","timestamp":"2025-04-09 09:24:11"}
{"level":"info","message":"queueing execution (502) from pending list updated to started","timestamp":"2025-04-09 09:24:11"}
{"level":"info","message":"execution (502) starting...","timestamp":"2025-04-09 09:24:11"}
{"level":"info","message":"execution (502) run instruction [calculation] for node (866)","timestamp":"2025-04-09 09:24:11"}
{"level":"info","message":"execution (502) run instruction [calculation] for node (866) finished as status: 1","timestamp":"2025-04-09 09:24:11"}
{"level":"info","message":"execution (502) run instruction [update] for node (865)","timestamp":"2025-04-09 09:24:11"}
{"level":"info","message":"execution (502) run instruction [update] for node (865) finished as status: 1","timestamp":"2025-04-09 09:24:11"}
{"level":"info","message":"execution (502) exiting with status 1","timestamp":"2025-04-09 09:24:11"}
{"level":"info","execution":{"id":502,"context":{"data":{"createdAt":"2025-04-05T13:23:26.011Z","updatedAt":"2025-04-09T09:24:11.403Z","employee_id":3,"salary_amount":19.95,"id":2,"date":"2025-04-01","monthly":"4/2025","createdById":null,"updatedById":1,"attendance_db":[{"createdAt":"2025-04-09T07:55:58.786Z","updatedAt":"2025-04-09T09:15:07.206Z","start_date":"2025-04-09T00:00:26.000Z","end_date":"2025-04-09T00:40:00.000Z","employee_id":3,"create_course_id":90,"salary_id":2,"name_sort":6,"status":"Attend","id":265,"status_convert":1,"month_convert":"4/2025","time_calculation":null,"student":"B student","duration":null,"teaching_fee":6.65,"createdById":null,"updatedById":1},{"createdAt":"2025-04-09T07:55:58.837Z","updatedAt":"2025-04-09T09:15:07.206Z","start_date":"2025-04-16T00:00:26.000Z","end_date":"2025-04-16T00:40:00.000Z","employee_id":3,"create_course_id":90,"salary_id":2,"name_sort":3,"status":"Attend","id":266,"status_convert":1,"month_convert":"4/2025","time_calculation":null,"student":"B student","duration":null,"teaching_fee":6.65,"createdById":null,"updatedById":1},{"createdAt":"2025-04-09T07:55:58.889Z","updatedAt":"2025-04-09T09:15:07.206Z","start_date":"2025-04-23T00:00:26.000Z","end_date":"2025-04-23T00:40:00.000Z","employee_id":3,"create_course_id":90,"salary_id":2,"name_sort":7,"status":"Attend","id":267,"status_convert":0,"month_convert":"4/2025","time_calculation":null,"student":"B student","duration":null,"teaching_fee":6.65,"createdById":null,"updatedById":1}]}},"key":"nrh15srh1dx","eventKey":"c2c0328f-d81c-4767-9198-b8e095f6b8e6","stack":null,"status":1,"workflowId":112,"updatedAt":"2025-04-09T09:24:11.476Z","createdAt":"2025-04-09T09:24:11.423Z","output":null},"message":"execution (502) finished with status: 1","timestamp":"2025-04-09 09:24:11"}
{"level":"info","message":"new event triggered, now events: 1","timestamp":"2025-04-09 09:24:34"}
{"level":"info","message":"preparing execution for event","timestamp":"2025-04-09 09:24:34"}
{"level":"info","message":"execution of workflow 112 created as 503","timestamp":"2025-04-09 09:24:34"}
{"level":"info","message":"pending execution (503) ready to process","timestamp":"2025-04-09 09:24:34"}
{"level":"info","message":"queueing execution (503) from pending list updated to started","timestamp":"2025-04-09 09:24:34"}
{"level":"info","message":"execution (503) starting...","timestamp":"2025-04-09 09:24:34"}
{"level":"info","message":"execution (503) run instruction [calculation] for node (866)","timestamp":"2025-04-09 09:24:34"}
{"level":"info","message":"execution (503) run instruction [calculation] for node (866) finished as status: 1","timestamp":"2025-04-09 09:24:34"}
{"level":"info","message":"execution (503) run instruction [update] for node (865)","timestamp":"2025-04-09 09:24:34"}
{"level":"info","message":"execution (503) run instruction [update] for node (865) finished as status: 1","timestamp":"2025-04-09 09:24:34"}
{"level":"info","message":"execution (503) exiting with status 1","timestamp":"2025-04-09 09:24:34"}
{"level":"info","execution":{"id":503,"context":{"data":{"createdAt":"2025-04-05T13:23:26.011Z","updatedAt":"2025-04-09T09:24:11.466Z","employee_id":3,"salary_amount":19.95,"id":2,"date":"2025-04-01","monthly":"4/2025","createdById":null,"updatedById":1,"attendance_db":[{"createdAt":"2025-04-09T07:55:58.786Z","updatedAt":"2025-04-09T09:15:07.206Z","start_date":"2025-04-09T00:00:26.000Z","end_date":"2025-04-09T00:40:00.000Z","employee_id":3,"create_course_id":90,"salary_id":2,"name_sort":6,"status":"Attend","id":265,"status_convert":1,"month_convert":"4/2025","time_calculation":null,"student":"B student","duration":null,"teaching_fee":6.65,"createdById":null,"updatedById":1},{"createdAt":"2025-04-09T07:55:58.837Z","updatedAt":"2025-04-09T09:15:07.206Z","start_date":"2025-04-16T00:00:26.000Z","end_date":"2025-04-16T00:40:00.000Z","employee_id":3,"create_course_id":90,"salary_id":2,"name_sort":3,"status":"Attend","id":266,"status_convert":1,"month_convert":"4/2025","time_calculation":null,"student":"B student","duration":null,"teaching_fee":6.65,"createdById":null,"updatedById":1},{"createdAt":"2025-04-09T07:55:58.889Z","updatedAt":"2025-04-09T09:15:07.206Z","start_date":"2025-04-23T00:00:26.000Z","end_date":"2025-04-23T00:40:00.000Z","employee_id":3,"create_course_id":90,"salary_id":2,"name_sort":7,"status":"Attend","id":267,"status_convert":0,"month_convert":"4/2025","time_calculation":null,"student":"B student","duration":null,"teaching_fee":6.65,"createdById":null,"updatedById":1}]}},"key":"nrh15srh1dx","eventKey":"b7fb87c5-c59b-4d05-8f91-7746dad285a5","stack":null,"status":1,"workflowId":112,"updatedAt":"2025-04-09T09:24:34.269Z","createdAt":"2025-04-09T09:24:34.215Z","output":null},"message":"execution (503) finished with status: 1","timestamp":"2025-04-09 09:24:34"}
