{"level":"info","message":"(starting) check for queueing executions","timestamp":"2025-04-27 09:38:52"}
{"level":"info","message":"no execution in db queued to process","timestamp":"2025-04-27 09:38:52"}
{"level":"info","message":"no more events need to be prepared, dispatching...","timestamp":"2025-04-27 09:39:21"}
{"level":"info","message":"last process finished, will do another dispatch","timestamp":"2025-04-27 09:39:21"}
{"level":"info","message":"no execution in db queued to process","timestamp":"2025-04-27 09:39:21"}
{"level":"info","message":"no more events need to be prepared, dispatching...","timestamp":"2025-04-27 09:39:22"}
{"level":"info","message":"last process finished, will do another dispatch","timestamp":"2025-04-27 09:39:22"}
{"level":"info","message":"no execution in db queued to process","timestamp":"2025-04-27 09:39:22"}
{"level":"info","message":"no more events need to be prepared, dispatching...","timestamp":"2025-04-27 09:39:23"}
{"level":"info","message":"last process finished, will do another dispatch","timestamp":"2025-04-27 09:39:23"}
{"level":"info","message":"no execution in db queued to process","timestamp":"2025-04-27 09:39:23"}
{"level":"info","message":"(cycling) check for queueing executions","timestamp":"2025-04-27 09:43:52"}
{"level":"info","message":"no execution in db queued to process","timestamp":"2025-04-27 09:43:52"}
{"level":"info","message":"(cycling) check for queueing executions","timestamp":"2025-04-27 09:48:52"}
{"level":"info","message":"no execution in db queued to process","timestamp":"2025-04-27 09:48:52"}
{"level":"info","message":"(cycling) check for queueing executions","timestamp":"2025-04-27 09:53:52"}
{"level":"info","message":"no execution in db queued to process","timestamp":"2025-04-27 09:53:52"}
{"level":"info","message":"no more events need to be prepared, dispatching...","timestamp":"2025-04-27 09:56:49"}
{"level":"info","message":"last process finished, will do another dispatch","timestamp":"2025-04-27 09:56:49"}
{"level":"info","message":"no execution in db queued to process","timestamp":"2025-04-27 09:56:49"}
{"level":"info","message":"no more events need to be prepared, dispatching...","timestamp":"2025-04-27 09:56:54"}
{"level":"info","message":"last process finished, will do another dispatch","timestamp":"2025-04-27 09:56:54"}
{"level":"info","message":"no execution in db queued to process","timestamp":"2025-04-27 09:56:54"}
{"level":"info","message":"no more events need to be prepared, dispatching...","timestamp":"2025-04-27 09:57:00"}
{"level":"info","message":"last process finished, will do another dispatch","timestamp":"2025-04-27 09:57:01"}
{"level":"info","message":"no execution in db queued to process","timestamp":"2025-04-27 09:57:01"}
{"level":"info","message":"no more events need to be prepared, dispatching...","timestamp":"2025-04-27 09:57:23"}
{"level":"info","message":"last process finished, will do another dispatch","timestamp":"2025-04-27 09:57:24"}
{"level":"info","message":"no execution in db queued to process","timestamp":"2025-04-27 09:57:24"}
{"level":"info","message":"no more events need to be prepared, dispatching...","timestamp":"2025-04-27 09:57:33"}
{"level":"info","message":"last process finished, will do another dispatch","timestamp":"2025-04-27 09:57:33"}
{"level":"info","message":"no execution in db queued to process","timestamp":"2025-04-27 09:57:33"}
{"level":"info","message":"no more events need to be prepared, dispatching...","timestamp":"2025-04-27 09:57:38"}
{"level":"info","message":"last process finished, will do another dispatch","timestamp":"2025-04-27 09:57:38"}
{"level":"info","message":"no execution in db queued to process","timestamp":"2025-04-27 09:57:38"}
{"level":"info","message":"no more events need to be prepared, dispatching...","timestamp":"2025-04-27 09:57:43"}
{"level":"info","message":"last process finished, will do another dispatch","timestamp":"2025-04-27 09:57:43"}
{"level":"info","message":"no execution in db queued to process","timestamp":"2025-04-27 09:57:43"}
{"level":"info","message":"no more events need to be prepared, dispatching...","timestamp":"2025-04-27 09:57:47"}
{"level":"info","message":"last process finished, will do another dispatch","timestamp":"2025-04-27 09:57:47"}
{"level":"info","message":"no execution in db queued to process","timestamp":"2025-04-27 09:57:47"}
{"level":"info","message":"no more events need to be prepared, dispatching...","timestamp":"2025-04-27 09:57:52"}
{"level":"info","message":"last process finished, will do another dispatch","timestamp":"2025-04-27 09:57:53"}
{"level":"info","message":"no execution in db queued to process","timestamp":"2025-04-27 09:57:53"}
{"level":"info","message":"no more events need to be prepared, dispatching...","timestamp":"2025-04-27 09:58:01"}
{"level":"info","message":"no more events need to be prepared, dispatching...","timestamp":"2025-04-27 09:58:01"}
{"level":"info","message":"last process finished, will do another dispatch","timestamp":"2025-04-27 09:58:02"}
{"level":"warn","message":"workflow executing is not finished, new dispatching will be ignored","timestamp":"2025-04-27 09:58:02"}
{"level":"info","message":"last process finished, will do another dispatch","timestamp":"2025-04-27 09:58:02"}
{"level":"info","message":"no execution in db queued to process","timestamp":"2025-04-27 09:58:02"}
{"level":"info","message":"no more events need to be prepared, dispatching...","timestamp":"2025-04-27 09:58:03"}
{"level":"info","message":"no more events need to be prepared, dispatching...","timestamp":"2025-04-27 09:58:03"}
{"level":"info","message":"last process finished, will do another dispatch","timestamp":"2025-04-27 09:58:04"}
{"level":"warn","message":"workflow executing is not finished, new dispatching will be ignored","timestamp":"2025-04-27 09:58:04"}
{"level":"info","message":"last process finished, will do another dispatch","timestamp":"2025-04-27 09:58:04"}
{"level":"info","message":"no execution in db queued to process","timestamp":"2025-04-27 09:58:04"}
{"level":"info","message":"no more events need to be prepared, dispatching...","timestamp":"2025-04-27 09:58:18"}
{"level":"info","message":"last process finished, will do another dispatch","timestamp":"2025-04-27 09:58:18"}
{"level":"info","message":"no execution in db queued to process","timestamp":"2025-04-27 09:58:18"}
{"level":"info","message":"no more events need to be prepared, dispatching...","timestamp":"2025-04-27 09:58:22"}
{"level":"info","message":"no more events need to be prepared, dispatching...","timestamp":"2025-04-27 09:58:22"}
{"level":"info","message":"last process finished, will do another dispatch","timestamp":"2025-04-27 09:58:22"}
{"level":"warn","message":"workflow executing is not finished, new dispatching will be ignored","timestamp":"2025-04-27 09:58:22"}
{"level":"info","message":"last process finished, will do another dispatch","timestamp":"2025-04-27 09:58:22"}
{"level":"info","message":"no execution in db queued to process","timestamp":"2025-04-27 09:58:22"}
{"level":"info","message":"no more events need to be prepared, dispatching...","timestamp":"2025-04-27 09:58:23"}
{"level":"info","message":"no more events need to be prepared, dispatching...","timestamp":"2025-04-27 09:58:23"}
{"level":"info","message":"last process finished, will do another dispatch","timestamp":"2025-04-27 09:58:23"}
{"level":"warn","message":"workflow executing is not finished, new dispatching will be ignored","timestamp":"2025-04-27 09:58:23"}
{"level":"info","message":"last process finished, will do another dispatch","timestamp":"2025-04-27 09:58:23"}
{"level":"info","message":"no execution in db queued to process","timestamp":"2025-04-27 09:58:23"}
{"level":"info","message":"(cycling) check for queueing executions","timestamp":"2025-04-27 09:58:52"}
{"level":"info","message":"no execution in db queued to process","timestamp":"2025-04-27 09:58:52"}
{"level":"info","message":"no more events need to be prepared, dispatching...","timestamp":"2025-04-27 09:59:03"}
{"level":"info","message":"last process finished, will do another dispatch","timestamp":"2025-04-27 09:59:03"}
{"level":"info","message":"no execution in db queued to process","timestamp":"2025-04-27 09:59:03"}
{"level":"info","message":"no more events need to be prepared, dispatching...","timestamp":"2025-04-27 09:59:29"}
{"level":"info","message":"last process finished, will do another dispatch","timestamp":"2025-04-27 09:59:29"}
{"level":"info","message":"no execution in db queued to process","timestamp":"2025-04-27 09:59:29"}
{"level":"info","message":"no more events need to be prepared, dispatching...","timestamp":"2025-04-27 09:59:43"}
{"level":"info","message":"last process finished, will do another dispatch","timestamp":"2025-04-27 09:59:43"}
{"level":"info","message":"no execution in db queued to process","timestamp":"2025-04-27 09:59:43"}
{"level":"info","message":"no more events need to be prepared, dispatching...","timestamp":"2025-04-27 09:59:49"}
{"level":"info","message":"last process finished, will do another dispatch","timestamp":"2025-04-27 09:59:49"}
{"level":"info","message":"no execution in db queued to process","timestamp":"2025-04-27 09:59:49"}
{"level":"info","message":"no more events need to be prepared, dispatching...","timestamp":"2025-04-27 09:59:52"}
{"level":"info","message":"last process finished, will do another dispatch","timestamp":"2025-04-27 09:59:52"}
{"level":"info","message":"no execution in db queued to process","timestamp":"2025-04-27 09:59:52"}
{"level":"info","message":"(cycling) check for queueing executions","timestamp":"2025-04-27 10:03:52"}
{"level":"info","message":"no execution in db queued to process","timestamp":"2025-04-27 10:03:52"}
{"level":"info","message":"no more events need to be prepared, dispatching...","timestamp":"2025-04-27 10:07:23"}
{"level":"info","message":"last process finished, will do another dispatch","timestamp":"2025-04-27 10:07:23"}
{"level":"info","message":"no execution in db queued to process","timestamp":"2025-04-27 10:07:23"}
{"level":"info","message":"(cycling) check for queueing executions","timestamp":"2025-04-27 10:08:51"}
{"level":"info","message":"no execution in db queued to process","timestamp":"2025-04-27 10:08:52"}
{"level":"info","message":"(cycling) check for queueing executions","timestamp":"2025-04-27 10:13:51"}
{"level":"info","message":"no execution in db queued to process","timestamp":"2025-04-27 10:13:52"}
{"level":"info","message":"(cycling) check for queueing executions","timestamp":"2025-04-27 10:18:51"}
{"level":"info","message":"no execution in db queued to process","timestamp":"2025-04-27 10:18:52"}
{"level":"info","message":"(cycling) check for queueing executions","timestamp":"2025-04-27 10:23:51"}
{"level":"info","message":"no execution in db queued to process","timestamp":"2025-04-27 10:23:52"}
{"level":"info","message":"(cycling) check for queueing executions","timestamp":"2025-04-27 10:28:51"}
{"level":"info","message":"no execution in db queued to process","timestamp":"2025-04-27 10:28:51"}
{"level":"info","message":"(cycling) check for queueing executions","timestamp":"2025-04-27 10:33:51"}
{"level":"info","message":"no execution in db queued to process","timestamp":"2025-04-27 10:33:51"}
{"level":"info","message":"no more events need to be prepared, dispatching...","timestamp":"2025-04-27 10:38:18"}
{"level":"info","message":"last process finished, will do another dispatch","timestamp":"2025-04-27 10:38:19"}
{"level":"info","message":"no execution in db queued to process","timestamp":"2025-04-27 10:38:19"}
{"level":"info","message":"no more events need to be prepared, dispatching...","timestamp":"2025-04-27 10:38:30"}
{"level":"info","message":"last process finished, will do another dispatch","timestamp":"2025-04-27 10:38:30"}
{"level":"info","message":"no execution in db queued to process","timestamp":"2025-04-27 10:38:30"}
{"level":"info","message":"(cycling) check for queueing executions","timestamp":"2025-04-27 10:38:51"}
{"level":"info","message":"no execution in db queued to process","timestamp":"2025-04-27 10:38:52"}
{"level":"info","message":"no more events need to be prepared, dispatching...","timestamp":"2025-04-27 10:39:07"}
{"level":"info","message":"last process finished, will do another dispatch","timestamp":"2025-04-27 10:39:07"}
{"level":"info","message":"no execution in db queued to process","timestamp":"2025-04-27 10:39:07"}
{"level":"info","message":"no more events need to be prepared, dispatching...","timestamp":"2025-04-27 10:39:11"}
{"level":"info","message":"last process finished, will do another dispatch","timestamp":"2025-04-27 10:39:11"}
{"level":"info","message":"no execution in db queued to process","timestamp":"2025-04-27 10:39:11"}
{"level":"info","message":"no more events need to be prepared, dispatching...","timestamp":"2025-04-27 10:39:20"}
{"level":"info","message":"last process finished, will do another dispatch","timestamp":"2025-04-27 10:39:20"}
{"level":"info","message":"no execution in db queued to process","timestamp":"2025-04-27 10:39:20"}
{"level":"info","message":"no more events need to be prepared, dispatching...","timestamp":"2025-04-27 10:39:29"}
{"level":"info","message":"last process finished, will do another dispatch","timestamp":"2025-04-27 10:39:29"}
{"level":"info","message":"no execution in db queued to process","timestamp":"2025-04-27 10:39:29"}
{"level":"info","message":"no more events need to be prepared, dispatching...","timestamp":"2025-04-27 10:39:38"}
{"level":"info","message":"last process finished, will do another dispatch","timestamp":"2025-04-27 10:39:38"}
{"level":"info","message":"no execution in db queued to process","timestamp":"2025-04-27 10:39:38"}
{"level":"info","message":"no more events need to be prepared, dispatching...","timestamp":"2025-04-27 10:39:42"}
{"level":"info","message":"last process finished, will do another dispatch","timestamp":"2025-04-27 10:39:42"}
{"level":"info","message":"no execution in db queued to process","timestamp":"2025-04-27 10:39:42"}
{"level":"info","message":"(cycling) check for queueing executions","timestamp":"2025-04-27 10:43:51"}
{"level":"info","message":"no execution in db queued to process","timestamp":"2025-04-27 10:43:51"}
{"level":"info","message":"(cycling) check for queueing executions","timestamp":"2025-04-27 10:48:51"}
{"level":"info","message":"no execution in db queued to process","timestamp":"2025-04-27 10:48:51"}
{"level":"info","message":"no more events need to be prepared, dispatching...","timestamp":"2025-04-27 10:49:34"}
{"level":"info","message":"last process finished, will do another dispatch","timestamp":"2025-04-27 10:49:34"}
{"level":"info","message":"no execution in db queued to process","timestamp":"2025-04-27 10:49:34"}
{"level":"info","message":"no more events need to be prepared, dispatching...","timestamp":"2025-04-27 10:49:45"}
{"level":"info","message":"last process finished, will do another dispatch","timestamp":"2025-04-27 10:49:45"}
{"level":"info","message":"no execution in db queued to process","timestamp":"2025-04-27 10:49:45"}
{"level":"info","message":"no more events need to be prepared, dispatching...","timestamp":"2025-04-27 10:49:51"}
{"level":"info","message":"last process finished, will do another dispatch","timestamp":"2025-04-27 10:49:51"}
{"level":"info","message":"no execution in db queued to process","timestamp":"2025-04-27 10:49:51"}
{"level":"info","message":"no more events need to be prepared, dispatching...","timestamp":"2025-04-27 10:50:08"}
{"level":"info","message":"last process finished, will do another dispatch","timestamp":"2025-04-27 10:50:08"}
{"level":"info","message":"last process finished, will do another dispatch","timestamp":"2025-04-27 10:50:09"}
{"level":"info","message":"no execution in db queued to process","timestamp":"2025-04-27 10:50:09"}
{"level":"info","message":"no more events need to be prepared, dispatching...","timestamp":"2025-04-27 10:50:18"}
{"level":"info","message":"last process finished, will do another dispatch","timestamp":"2025-04-27 10:50:18"}
{"level":"info","message":"last process finished, will do another dispatch","timestamp":"2025-04-27 10:50:18"}
{"level":"info","message":"no execution in db queued to process","timestamp":"2025-04-27 10:50:18"}
{"level":"info","message":"no more events need to be prepared, dispatching...","timestamp":"2025-04-27 10:50:26"}
{"level":"info","message":"last process finished, will do another dispatch","timestamp":"2025-04-27 10:50:26"}
{"level":"info","message":"last process finished, will do another dispatch","timestamp":"2025-04-27 10:50:26"}
{"level":"info","message":"no execution in db queued to process","timestamp":"2025-04-27 10:50:26"}
{"level":"info","message":"no more events need to be prepared, dispatching...","timestamp":"2025-04-27 10:50:32"}
{"level":"info","message":"last process finished, will do another dispatch","timestamp":"2025-04-27 10:50:32"}
{"level":"info","message":"no execution in db queued to process","timestamp":"2025-04-27 10:50:32"}
{"level":"info","message":"no more events need to be prepared, dispatching...","timestamp":"2025-04-27 10:50:37"}
{"level":"info","message":"last process finished, will do another dispatch","timestamp":"2025-04-27 10:50:37"}
{"level":"info","message":"no execution in db queued to process","timestamp":"2025-04-27 10:50:37"}
{"level":"info","message":"(cycling) check for queueing executions","timestamp":"2025-04-27 10:53:51"}
{"level":"info","message":"no execution in db queued to process","timestamp":"2025-04-27 10:53:51"}
{"level":"info","message":"(cycling) check for queueing executions","timestamp":"2025-04-27 10:58:51"}
{"level":"info","message":"no execution in db queued to process","timestamp":"2025-04-27 10:58:51"}
{"level":"info","message":"(cycling) check for queueing executions","timestamp":"2025-04-27 11:03:51"}
{"level":"info","message":"no execution in db queued to process","timestamp":"2025-04-27 11:03:51"}
{"level":"info","message":"(cycling) check for queueing executions","timestamp":"2025-04-27 11:08:51"}
{"level":"info","message":"no execution in db queued to process","timestamp":"2025-04-27 11:08:51"}
{"level":"info","message":"(cycling) check for queueing executions","timestamp":"2025-04-27 11:13:51"}
{"level":"info","message":"no execution in db queued to process","timestamp":"2025-04-27 11:13:51"}
{"level":"info","message":"(cycling) check for queueing executions","timestamp":"2025-04-27 11:18:51"}
{"level":"info","message":"no execution in db queued to process","timestamp":"2025-04-27 11:18:51"}
{"level":"info","message":"(cycling) check for queueing executions","timestamp":"2025-04-27 11:23:51"}
{"level":"info","message":"no execution in db queued to process","timestamp":"2025-04-27 11:23:51"}
{"level":"info","message":"(cycling) check for queueing executions","timestamp":"2025-04-27 11:28:51"}
{"level":"info","message":"no execution in db queued to process","timestamp":"2025-04-27 11:28:51"}
{"level":"info","message":"(cycling) check for queueing executions","timestamp":"2025-04-27 11:33:51"}
{"level":"info","message":"no execution in db queued to process","timestamp":"2025-04-27 11:33:51"}
{"level":"info","message":"(cycling) check for queueing executions","timestamp":"2025-04-27 11:38:51"}
{"level":"info","message":"no execution in db queued to process","timestamp":"2025-04-27 11:38:51"}
{"level":"info","message":"(cycling) check for queueing executions","timestamp":"2025-04-27 11:43:51"}
{"level":"info","message":"no execution in db queued to process","timestamp":"2025-04-27 11:43:51"}
{"level":"info","message":"(cycling) check for queueing executions","timestamp":"2025-04-27 11:48:51"}
{"level":"info","message":"no execution in db queued to process","timestamp":"2025-04-27 11:48:51"}
{"level":"info","message":"(cycling) check for queueing executions","timestamp":"2025-04-27 11:53:51"}
{"level":"info","message":"no execution in db queued to process","timestamp":"2025-04-27 11:53:51"}
{"level":"info","message":"(cycling) check for queueing executions","timestamp":"2025-04-27 11:58:51"}
{"level":"info","message":"no execution in db queued to process","timestamp":"2025-04-27 11:58:51"}
{"level":"info","message":"(cycling) check for queueing executions","timestamp":"2025-04-27 12:03:51"}
{"level":"info","message":"no execution in db queued to process","timestamp":"2025-04-27 12:03:51"}
{"level":"info","message":"(cycling) check for queueing executions","timestamp":"2025-04-27 12:08:51"}
{"level":"info","message":"no execution in db queued to process","timestamp":"2025-04-27 12:08:51"}
{"level":"info","message":"(cycling) check for queueing executions","timestamp":"2025-04-27 12:13:51"}
{"level":"info","message":"no execution in db queued to process","timestamp":"2025-04-27 12:13:51"}
{"level":"info","message":"(cycling) check for queueing executions","timestamp":"2025-04-27 12:18:51"}
{"level":"info","message":"no execution in db queued to process","timestamp":"2025-04-27 12:18:51"}
{"level":"info","message":"(cycling) check for queueing executions","timestamp":"2025-04-27 12:23:51"}
{"level":"info","message":"no execution in db queued to process","timestamp":"2025-04-27 12:23:51"}
{"level":"info","message":"(cycling) check for queueing executions","timestamp":"2025-04-27 12:28:51"}
{"level":"info","message":"no execution in db queued to process","timestamp":"2025-04-27 12:28:51"}
{"level":"info","message":"(cycling) check for queueing executions","timestamp":"2025-04-27 12:33:51"}
{"level":"info","message":"no execution in db queued to process","timestamp":"2025-04-27 12:33:51"}
{"level":"info","message":"(cycling) check for queueing executions","timestamp":"2025-04-27 12:38:51"}
{"level":"info","message":"no execution in db queued to process","timestamp":"2025-04-27 12:38:51"}
{"level":"info","message":"(cycling) check for queueing executions","timestamp":"2025-04-27 12:43:51"}
{"level":"info","message":"no execution in db queued to process","timestamp":"2025-04-27 12:43:51"}
{"level":"info","message":"(cycling) check for queueing executions","timestamp":"2025-04-27 12:48:51"}
{"level":"info","message":"no execution in db queued to process","timestamp":"2025-04-27 12:48:51"}
{"level":"info","message":"(cycling) check for queueing executions","timestamp":"2025-04-27 12:53:51"}
{"level":"info","message":"no execution in db queued to process","timestamp":"2025-04-27 12:53:51"}
{"level":"info","message":"(cycling) check for queueing executions","timestamp":"2025-04-27 12:58:51"}
{"level":"info","message":"no execution in db queued to process","timestamp":"2025-04-27 12:58:51"}
{"level":"info","message":"(cycling) check for queueing executions","timestamp":"2025-04-27 13:03:51"}
{"level":"info","message":"no execution in db queued to process","timestamp":"2025-04-27 13:03:51"}
{"level":"info","message":"(cycling) check for queueing executions","timestamp":"2025-04-27 13:08:51"}
{"level":"info","message":"no execution in db queued to process","timestamp":"2025-04-27 13:08:51"}
{"level":"info","message":"(cycling) check for queueing executions","timestamp":"2025-04-27 13:13:51"}
{"level":"info","message":"no execution in db queued to process","timestamp":"2025-04-27 13:13:51"}
{"level":"info","message":"(cycling) check for queueing executions","timestamp":"2025-04-27 13:18:51"}
{"level":"info","message":"no execution in db queued to process","timestamp":"2025-04-27 13:18:51"}
{"level":"info","message":"(cycling) check for queueing executions","timestamp":"2025-04-27 13:23:51"}
{"level":"info","message":"no execution in db queued to process","timestamp":"2025-04-27 13:23:51"}
{"level":"info","message":"(cycling) check for queueing executions","timestamp":"2025-04-27 13:28:51"}
{"level":"info","message":"no execution in db queued to process","timestamp":"2025-04-27 13:28:51"}
{"level":"info","message":"(cycling) check for queueing executions","timestamp":"2025-04-27 13:33:51"}
{"level":"info","message":"no execution in db queued to process","timestamp":"2025-04-27 13:33:51"}
{"level":"info","message":"(cycling) check for queueing executions","timestamp":"2025-04-27 13:38:51"}
{"level":"info","message":"no execution in db queued to process","timestamp":"2025-04-27 13:38:51"}
{"level":"info","message":"(cycling) check for queueing executions","timestamp":"2025-04-27 13:43:51"}
{"level":"info","message":"no execution in db queued to process","timestamp":"2025-04-27 13:43:51"}
{"level":"info","message":"(cycling) check for queueing executions","timestamp":"2025-04-27 13:48:51"}
{"level":"info","message":"no execution in db queued to process","timestamp":"2025-04-27 13:48:51"}
{"level":"info","message":"(cycling) check for queueing executions","timestamp":"2025-04-27 13:53:51"}
{"level":"info","message":"no execution in db queued to process","timestamp":"2025-04-27 13:53:51"}
{"level":"info","message":"(cycling) check for queueing executions","timestamp":"2025-04-27 13:58:51"}
{"level":"info","message":"no execution in db queued to process","timestamp":"2025-04-27 13:58:51"}
{"level":"info","message":"(cycling) check for queueing executions","timestamp":"2025-04-27 14:03:51"}
{"level":"info","message":"no execution in db queued to process","timestamp":"2025-04-27 14:03:51"}
{"level":"info","message":"(cycling) check for queueing executions","timestamp":"2025-04-27 14:08:51"}
{"level":"info","message":"no execution in db queued to process","timestamp":"2025-04-27 14:08:51"}
{"level":"info","message":"(cycling) check for queueing executions","timestamp":"2025-04-27 14:13:51"}
{"level":"info","message":"no execution in db queued to process","timestamp":"2025-04-27 14:13:51"}
{"level":"info","message":"(cycling) check for queueing executions","timestamp":"2025-04-27 14:18:51"}
{"level":"info","message":"no execution in db queued to process","timestamp":"2025-04-27 14:18:51"}
{"level":"info","message":"(cycling) check for queueing executions","timestamp":"2025-04-27 14:23:51"}
{"level":"info","message":"no execution in db queued to process","timestamp":"2025-04-27 14:23:51"}
{"level":"info","message":"(cycling) check for queueing executions","timestamp":"2025-04-27 14:28:51"}
{"level":"info","message":"no execution in db queued to process","timestamp":"2025-04-27 14:28:51"}
{"level":"info","message":"(cycling) check for queueing executions","timestamp":"2025-04-27 14:33:51"}
{"level":"info","message":"no execution in db queued to process","timestamp":"2025-04-27 14:33:51"}
{"level":"info","message":"(cycling) check for queueing executions","timestamp":"2025-04-27 14:38:51"}
{"level":"info","message":"no execution in db queued to process","timestamp":"2025-04-27 14:38:51"}
{"level":"info","message":"(cycling) check for queueing executions","timestamp":"2025-04-27 14:43:51"}
{"level":"info","message":"no execution in db queued to process","timestamp":"2025-04-27 14:43:51"}
{"level":"info","message":"(cycling) check for queueing executions","timestamp":"2025-04-27 14:48:51"}
{"level":"info","message":"no execution in db queued to process","timestamp":"2025-04-27 14:48:51"}
{"level":"info","message":"(cycling) check for queueing executions","timestamp":"2025-04-27 14:53:51"}
{"level":"info","message":"no execution in db queued to process","timestamp":"2025-04-27 14:53:51"}
{"level":"info","message":"(cycling) check for queueing executions","timestamp":"2025-04-27 14:58:51"}
{"level":"info","message":"no execution in db queued to process","timestamp":"2025-04-27 14:58:51"}
{"level":"info","message":"(cycling) check for queueing executions","timestamp":"2025-04-27 15:03:51"}
{"level":"info","message":"no execution in db queued to process","timestamp":"2025-04-27 15:03:51"}
{"level":"info","message":"(cycling) check for queueing executions","timestamp":"2025-04-27 15:08:51"}
{"level":"info","message":"no execution in db queued to process","timestamp":"2025-04-27 15:08:51"}
{"level":"info","message":"(cycling) check for queueing executions","timestamp":"2025-04-27 15:13:51"}
{"level":"info","message":"no execution in db queued to process","timestamp":"2025-04-27 15:13:51"}
{"level":"info","message":"(cycling) check for queueing executions","timestamp":"2025-04-27 15:18:51"}
{"level":"info","message":"no execution in db queued to process","timestamp":"2025-04-27 15:18:51"}
{"level":"info","message":"(cycling) check for queueing executions","timestamp":"2025-04-27 23:21:45"}
{"level":"info","message":"no execution in db queued to process","timestamp":"2025-04-27 23:21:45"}
{"level":"info","message":"(cycling) check for queueing executions","timestamp":"2025-04-27 23:26:45"}
{"level":"info","message":"no execution in db queued to process","timestamp":"2025-04-27 23:26:45"}
{"level":"info","message":"(cycling) check for queueing executions","timestamp":"2025-04-27 23:31:45"}
{"level":"info","message":"no execution in db queued to process","timestamp":"2025-04-27 23:31:45"}
{"level":"info","message":"(cycling) check for queueing executions","timestamp":"2025-04-27 23:36:45"}
{"level":"info","message":"no execution in db queued to process","timestamp":"2025-04-27 23:36:45"}
{"level":"info","message":"(cycling) check for queueing executions","timestamp":"2025-04-27 23:41:45"}
{"level":"info","message":"no execution in db queued to process","timestamp":"2025-04-27 23:41:45"}
{"level":"info","message":"(cycling) check for queueing executions","timestamp":"2025-04-27 23:46:45"}
{"level":"info","message":"no execution in db queued to process","timestamp":"2025-04-27 23:46:45"}
{"level":"info","message":"(cycling) check for queueing executions","timestamp":"2025-04-27 23:51:45"}
{"level":"info","message":"no execution in db queued to process","timestamp":"2025-04-27 23:51:45"}
{"level":"info","message":"(cycling) check for queueing executions","timestamp":"2025-04-27 23:56:45"}
{"level":"info","message":"no execution in db queued to process","timestamp":"2025-04-27 23:56:45"}
