{"level":"info","message":"(cycling) check for queueing executions","timestamp":"2025-04-11 00:31:51"}
{"level":"info","message":"no execution in db queued to process","timestamp":"2025-04-11 00:31:51"}
{"level":"info","message":"(cycling) check for queueing executions","timestamp":"2025-04-11 00:36:51"}
{"level":"info","message":"no execution in db queued to process","timestamp":"2025-04-11 00:36:51"}
{"level":"info","message":"(cycling) check for queueing executions","timestamp":"2025-04-11 00:41:51"}
{"level":"info","message":"no execution in db queued to process","timestamp":"2025-04-11 00:41:51"}
{"level":"info","message":"(cycling) check for queueing executions","timestamp":"2025-04-11 00:46:51"}
{"level":"info","message":"no execution in db queued to process","timestamp":"2025-04-11 00:46:51"}
{"level":"info","message":"(cycling) check for queueing executions","timestamp":"2025-04-11 00:51:51"}
{"level":"info","message":"no execution in db queued to process","timestamp":"2025-04-11 00:51:51"}
{"level":"info","message":"(starting) check for queueing executions","timestamp":"2025-04-11 04:30:03"}
{"level":"info","message":"no execution in db queued to process","timestamp":"2025-04-11 04:30:03"}
{"level":"info","message":"(cycling) check for queueing executions","timestamp":"2025-04-11 04:35:03"}
{"level":"info","message":"no execution in db queued to process","timestamp":"2025-04-11 04:35:03"}
{"level":"info","message":"(cycling) check for queueing executions","timestamp":"2025-04-11 04:40:03"}
{"level":"info","message":"no execution in db queued to process","timestamp":"2025-04-11 04:40:03"}
{"level":"info","message":"(cycling) check for queueing executions","timestamp":"2025-04-11 04:45:03"}
{"level":"info","message":"no execution in db queued to process","timestamp":"2025-04-11 04:45:03"}
{"level":"info","message":"(cycling) check for queueing executions","timestamp":"2025-04-11 04:50:03"}
{"level":"info","message":"no execution in db queued to process","timestamp":"2025-04-11 04:50:03"}
{"level":"info","message":"(cycling) check for queueing executions","timestamp":"2025-04-11 04:55:03"}
{"level":"info","message":"no execution in db queued to process","timestamp":"2025-04-11 04:55:03"}
{"level":"info","message":"(cycling) check for queueing executions","timestamp":"2025-04-11 05:00:03"}
{"level":"info","message":"no execution in db queued to process","timestamp":"2025-04-11 05:00:03"}
{"level":"info","message":"(cycling) check for queueing executions","timestamp":"2025-04-11 05:05:03"}
{"level":"info","message":"no execution in db queued to process","timestamp":"2025-04-11 05:05:03"}
{"level":"info","message":"(cycling) check for queueing executions","timestamp":"2025-04-11 05:10:03"}
{"level":"info","message":"no execution in db queued to process","timestamp":"2025-04-11 05:10:03"}
{"level":"info","message":"(cycling) check for queueing executions","timestamp":"2025-04-11 05:15:03"}
{"level":"info","message":"no execution in db queued to process","timestamp":"2025-04-11 05:15:03"}
{"level":"info","message":"(cycling) check for queueing executions","timestamp":"2025-04-11 05:20:03"}
{"level":"info","message":"no execution in db queued to process","timestamp":"2025-04-11 05:20:03"}
{"level":"info","message":"(cycling) check for queueing executions","timestamp":"2025-04-11 05:25:03"}
{"level":"info","message":"no execution in db queued to process","timestamp":"2025-04-11 05:25:03"}
{"level":"info","message":"(cycling) check for queueing executions","timestamp":"2025-04-11 05:30:03"}
{"level":"info","message":"no execution in db queued to process","timestamp":"2025-04-11 05:30:03"}
{"level":"info","message":"(cycling) check for queueing executions","timestamp":"2025-04-11 05:35:03"}
{"level":"info","message":"no execution in db queued to process","timestamp":"2025-04-11 05:35:03"}
{"level":"info","message":"(cycling) check for queueing executions","timestamp":"2025-04-11 05:57:40"}
{"level":"info","message":"no execution in db queued to process","timestamp":"2025-04-11 05:57:41"}
{"level":"info","message":"(cycling) check for queueing executions","timestamp":"2025-04-11 06:02:40"}
{"level":"info","message":"no execution in db queued to process","timestamp":"2025-04-11 06:02:41"}
{"level":"info","message":"(cycling) check for queueing executions","timestamp":"2025-04-11 06:07:40"}
{"level":"info","message":"no execution in db queued to process","timestamp":"2025-04-11 06:07:40"}
{"level":"info","message":"(cycling) check for queueing executions","timestamp":"2025-04-11 06:12:40"}
{"level":"info","message":"no execution in db queued to process","timestamp":"2025-04-11 06:12:40"}
{"level":"info","message":"no more events need to be prepared, dispatching...","timestamp":"2025-04-11 06:13:55"}
{"level":"info","message":"last process finished, will do another dispatch","timestamp":"2025-04-11 06:13:55"}
{"level":"info","message":"no execution in db queued to process","timestamp":"2025-04-11 06:13:55"}
{"level":"info","message":"(cycling) check for queueing executions","timestamp":"2025-04-11 06:17:40"}
{"level":"info","message":"no execution in db queued to process","timestamp":"2025-04-11 06:17:40"}
{"level":"info","message":"(cycling) check for queueing executions","timestamp":"2025-04-11 06:22:40"}
{"level":"info","message":"no execution in db queued to process","timestamp":"2025-04-11 06:22:40"}
{"level":"info","message":"(cycling) check for queueing executions","timestamp":"2025-04-11 06:27:40"}
{"level":"info","message":"no execution in db queued to process","timestamp":"2025-04-11 06:27:40"}
{"level":"info","message":"(cycling) check for queueing executions","timestamp":"2025-04-11 06:32:40"}
{"level":"info","message":"no execution in db queued to process","timestamp":"2025-04-11 06:32:40"}
{"level":"info","message":"(cycling) check for queueing executions","timestamp":"2025-04-11 06:37:40"}
{"level":"info","message":"no execution in db queued to process","timestamp":"2025-04-11 06:37:40"}
{"level":"info","message":"(cycling) check for queueing executions","timestamp":"2025-04-11 06:42:40"}
{"level":"info","message":"no execution in db queued to process","timestamp":"2025-04-11 06:42:40"}
{"level":"info","message":"(starting) check for queueing executions","timestamp":"2025-04-11 12:22:47"}
{"level":"info","message":"no execution in db queued to process","timestamp":"2025-04-11 12:22:47"}
{"level":"info","message":"(cycling) check for queueing executions","timestamp":"2025-04-11 12:27:47"}
{"level":"info","message":"no execution in db queued to process","timestamp":"2025-04-11 12:27:47"}
{"level":"info","message":"(cycling) check for queueing executions","timestamp":"2025-04-11 12:32:47"}
{"level":"info","message":"no execution in db queued to process","timestamp":"2025-04-11 12:32:47"}
{"level":"info","message":"no more events need to be prepared, dispatching...","timestamp":"2025-04-11 12:35:55"}
{"level":"info","message":"last process finished, will do another dispatch","timestamp":"2025-04-11 12:35:55"}
{"level":"info","message":"no execution in db queued to process","timestamp":"2025-04-11 12:35:55"}
{"level":"info","message":"no more events need to be prepared, dispatching...","timestamp":"2025-04-11 12:36:12"}
{"level":"info","message":"last process finished, will do another dispatch","timestamp":"2025-04-11 12:36:12"}
{"level":"info","message":"last process finished, will do another dispatch","timestamp":"2025-04-11 12:36:12"}
{"level":"info","message":"last process finished, will do another dispatch","timestamp":"2025-04-11 12:36:12"}
{"level":"info","message":"last process finished, will do another dispatch","timestamp":"2025-04-11 12:36:12"}
{"level":"info","message":"last process finished, will do another dispatch","timestamp":"2025-04-11 12:36:12"}
{"level":"info","message":"last process finished, will do another dispatch","timestamp":"2025-04-11 12:36:12"}
{"level":"info","message":"no execution in db queued to process","timestamp":"2025-04-11 12:36:12"}
{"level":"info","message":"(cycling) check for queueing executions","timestamp":"2025-04-11 12:37:47"}
{"level":"info","message":"no execution in db queued to process","timestamp":"2025-04-11 12:37:47"}
{"level":"info","message":"no more events need to be prepared, dispatching...","timestamp":"2025-04-11 12:40:27"}
{"level":"info","message":"last process finished, will do another dispatch","timestamp":"2025-04-11 12:40:27"}
{"level":"info","message":"no execution in db queued to process","timestamp":"2025-04-11 12:40:27"}
{"level":"info","message":"no more events need to be prepared, dispatching...","timestamp":"2025-04-11 12:40:50"}
{"level":"info","message":"last process finished, will do another dispatch","timestamp":"2025-04-11 12:40:50"}
{"level":"info","message":"no execution in db queued to process","timestamp":"2025-04-11 12:40:50"}
{"level":"info","message":"(cycling) check for queueing executions","timestamp":"2025-04-11 12:42:46"}
{"level":"info","message":"no execution in db queued to process","timestamp":"2025-04-11 12:42:47"}
{"level":"info","message":"(cycling) check for queueing executions","timestamp":"2025-04-11 12:47:46"}
{"level":"info","message":"no execution in db queued to process","timestamp":"2025-04-11 12:47:47"}
{"level":"info","message":"(cycling) check for queueing executions","timestamp":"2025-04-11 12:52:46"}
{"level":"info","message":"no execution in db queued to process","timestamp":"2025-04-11 12:52:47"}
{"level":"info","message":"(cycling) check for queueing executions","timestamp":"2025-04-11 12:57:46"}
{"level":"info","message":"no execution in db queued to process","timestamp":"2025-04-11 12:57:47"}
{"level":"info","message":"(cycling) check for queueing executions","timestamp":"2025-04-11 13:02:46"}
{"level":"info","message":"no execution in db queued to process","timestamp":"2025-04-11 13:02:47"}
{"level":"info","message":"(cycling) check for queueing executions","timestamp":"2025-04-11 13:07:46"}
{"level":"info","message":"no execution in db queued to process","timestamp":"2025-04-11 13:07:47"}
{"level":"info","message":"(cycling) check for queueing executions","timestamp":"2025-04-11 13:12:46"}
{"level":"info","message":"no execution in db queued to process","timestamp":"2025-04-11 13:12:47"}
{"level":"info","message":"(cycling) check for queueing executions","timestamp":"2025-04-11 13:17:46"}
{"level":"info","message":"no execution in db queued to process","timestamp":"2025-04-11 13:17:46"}
{"level":"info","message":"(cycling) check for queueing executions","timestamp":"2025-04-11 13:22:46"}
{"level":"info","message":"no execution in db queued to process","timestamp":"2025-04-11 13:22:47"}
{"level":"info","message":"(cycling) check for queueing executions","timestamp":"2025-04-11 13:27:46"}
{"level":"info","message":"no execution in db queued to process","timestamp":"2025-04-11 13:27:46"}
{"level":"info","message":"(cycling) check for queueing executions","timestamp":"2025-04-11 13:32:46"}
{"level":"info","message":"no execution in db queued to process","timestamp":"2025-04-11 13:32:46"}
{"level":"info","message":"(cycling) check for queueing executions","timestamp":"2025-04-11 13:37:46"}
{"level":"info","message":"no execution in db queued to process","timestamp":"2025-04-11 13:37:46"}
{"level":"info","message":"(cycling) check for queueing executions","timestamp":"2025-04-11 13:42:46"}
{"level":"info","message":"no execution in db queued to process","timestamp":"2025-04-11 13:42:46"}
{"level":"info","message":"(cycling) check for queueing executions","timestamp":"2025-04-11 13:47:46"}
{"level":"info","message":"no execution in db queued to process","timestamp":"2025-04-11 13:47:46"}
{"level":"info","message":"(cycling) check for queueing executions","timestamp":"2025-04-11 13:52:46"}
{"level":"info","message":"no execution in db queued to process","timestamp":"2025-04-11 13:52:46"}
{"level":"info","message":"(cycling) check for queueing executions","timestamp":"2025-04-11 13:57:46"}
{"level":"info","message":"no execution in db queued to process","timestamp":"2025-04-11 13:57:46"}
{"level":"info","message":"(cycling) check for queueing executions","timestamp":"2025-04-11 14:02:46"}
{"level":"info","message":"no execution in db queued to process","timestamp":"2025-04-11 14:02:46"}
{"level":"info","message":"(cycling) check for queueing executions","timestamp":"2025-04-11 14:07:46"}
{"level":"info","message":"no execution in db queued to process","timestamp":"2025-04-11 14:07:46"}
{"level":"info","message":"(cycling) check for queueing executions","timestamp":"2025-04-11 14:12:46"}
{"level":"info","message":"no execution in db queued to process","timestamp":"2025-04-11 14:12:46"}
{"level":"info","message":"(cycling) check for queueing executions","timestamp":"2025-04-11 14:17:46"}
{"level":"info","message":"no execution in db queued to process","timestamp":"2025-04-11 14:17:46"}
{"level":"info","message":"(cycling) check for queueing executions","timestamp":"2025-04-11 14:22:46"}
{"level":"info","message":"no execution in db queued to process","timestamp":"2025-04-11 14:22:46"}
{"level":"info","message":"(cycling) check for queueing executions","timestamp":"2025-04-11 14:27:46"}
{"level":"info","message":"no execution in db queued to process","timestamp":"2025-04-11 14:27:46"}
{"level":"info","message":"(cycling) check for queueing executions","timestamp":"2025-04-11 14:32:46"}
{"level":"info","message":"no execution in db queued to process","timestamp":"2025-04-11 14:32:46"}
{"level":"info","message":"(cycling) check for queueing executions","timestamp":"2025-04-11 14:37:46"}
{"level":"info","message":"no execution in db queued to process","timestamp":"2025-04-11 14:37:46"}
{"level":"info","message":"(cycling) check for queueing executions","timestamp":"2025-04-11 14:42:46"}
{"level":"info","message":"no execution in db queued to process","timestamp":"2025-04-11 14:42:46"}
{"level":"info","message":"(cycling) check for queueing executions","timestamp":"2025-04-11 14:47:46"}
{"level":"info","message":"no execution in db queued to process","timestamp":"2025-04-11 14:47:46"}
{"level":"info","message":"(cycling) check for queueing executions","timestamp":"2025-04-11 14:52:46"}
{"level":"info","message":"no execution in db queued to process","timestamp":"2025-04-11 14:52:46"}
{"level":"info","message":"(cycling) check for queueing executions","timestamp":"2025-04-11 14:57:46"}
{"level":"info","message":"no execution in db queued to process","timestamp":"2025-04-11 14:57:46"}
{"level":"info","message":"(cycling) check for queueing executions","timestamp":"2025-04-11 15:02:46"}
{"level":"info","message":"no execution in db queued to process","timestamp":"2025-04-11 15:02:46"}
{"level":"info","message":"(cycling) check for queueing executions","timestamp":"2025-04-11 15:07:46"}
{"level":"info","message":"no execution in db queued to process","timestamp":"2025-04-11 15:07:46"}
{"level":"info","message":"(cycling) check for queueing executions","timestamp":"2025-04-11 15:12:46"}
{"level":"info","message":"no execution in db queued to process","timestamp":"2025-04-11 15:12:46"}
{"level":"info","message":"(cycling) check for queueing executions","timestamp":"2025-04-11 15:17:46"}
{"level":"info","message":"no execution in db queued to process","timestamp":"2025-04-11 15:17:46"}
{"level":"info","message":"(cycling) check for queueing executions","timestamp":"2025-04-11 15:22:46"}
{"level":"info","message":"no execution in db queued to process","timestamp":"2025-04-11 15:22:46"}
{"level":"info","message":"(cycling) check for queueing executions","timestamp":"2025-04-11 15:27:46"}
{"level":"info","message":"no execution in db queued to process","timestamp":"2025-04-11 15:27:46"}
{"level":"info","message":"(cycling) check for queueing executions","timestamp":"2025-04-11 15:32:46"}
{"level":"info","message":"no execution in db queued to process","timestamp":"2025-04-11 15:32:46"}
{"level":"info","message":"(cycling) check for queueing executions","timestamp":"2025-04-11 15:37:46"}
{"level":"info","message":"no execution in db queued to process","timestamp":"2025-04-11 15:37:46"}
{"level":"info","message":"(cycling) check for queueing executions","timestamp":"2025-04-11 15:42:46"}
{"level":"info","message":"no execution in db queued to process","timestamp":"2025-04-11 15:42:46"}
{"level":"info","message":"(cycling) check for queueing executions","timestamp":"2025-04-11 15:47:46"}
{"level":"info","message":"no execution in db queued to process","timestamp":"2025-04-11 15:47:46"}
{"level":"info","message":"(cycling) check for queueing executions","timestamp":"2025-04-11 23:51:56"}
{"level":"info","message":"no execution in db queued to process","timestamp":"2025-04-11 23:51:56"}
{"level":"info","message":"(cycling) check for queueing executions","timestamp":"2025-04-11 23:56:56"}
{"level":"info","message":"no execution in db queued to process","timestamp":"2025-04-11 23:56:56"}
