{"level":"info","message":"(cycling) check for queueing executions","timestamp":"2025-04-05 01:10:13"}
{"level":"info","message":"no execution in db queued to process","timestamp":"2025-04-05 01:10:13"}
{"level":"info","message":"no more events need to be prepared, dispatching...","timestamp":"2025-04-05 01:11:26"}
{"level":"info","message":"last process finished, will do another dispatch","timestamp":"2025-04-05 01:11:26"}
{"level":"info","message":"no execution in db queued to process","timestamp":"2025-04-05 01:11:26"}
{"level":"info","message":"(cycling) check for queueing executions","timestamp":"2025-04-05 01:15:13"}
{"level":"info","message":"no execution in db queued to process","timestamp":"2025-04-05 01:15:13"}
{"level":"info","message":"no more events need to be prepared, dispatching...","timestamp":"2025-04-05 01:19:42"}
{"level":"info","message":"last process finished, will do another dispatch","timestamp":"2025-04-05 01:19:43"}
{"level":"info","message":"no execution in db queued to process","timestamp":"2025-04-05 01:19:43"}
{"level":"info","message":"(cycling) check for queueing executions","timestamp":"2025-04-05 01:20:13"}
{"level":"info","message":"no execution in db queued to process","timestamp":"2025-04-05 01:20:13"}
{"level":"info","message":"no more events need to be prepared, dispatching...","timestamp":"2025-04-05 01:21:31"}
{"level":"info","message":"last process finished, will do another dispatch","timestamp":"2025-04-05 01:21:31"}
{"level":"info","message":"no execution in db queued to process","timestamp":"2025-04-05 01:21:31"}
{"level":"info","message":"no more events need to be prepared, dispatching...","timestamp":"2025-04-05 01:22:20"}
{"level":"info","message":"last process finished, will do another dispatch","timestamp":"2025-04-05 01:22:20"}
{"level":"info","message":"no execution in db queued to process","timestamp":"2025-04-05 01:22:21"}
{"level":"info","message":"no more events need to be prepared, dispatching...","timestamp":"2025-04-05 01:22:32"}
{"level":"info","message":"last process finished, will do another dispatch","timestamp":"2025-04-05 01:22:32"}
{"level":"info","message":"no execution in db queued to process","timestamp":"2025-04-05 01:22:32"}
{"level":"info","message":"no more events need to be prepared, dispatching...","timestamp":"2025-04-05 01:24:32"}
{"level":"info","message":"last process finished, will do another dispatch","timestamp":"2025-04-05 01:24:32"}
{"level":"info","message":"no execution in db queued to process","timestamp":"2025-04-05 01:24:32"}
{"level":"info","message":"(cycling) check for queueing executions","timestamp":"2025-04-05 01:25:17"}
{"level":"info","message":"no execution in db queued to process","timestamp":"2025-04-05 01:25:17"}
{"level":"info","message":"(cycling) check for queueing executions","timestamp":"2025-04-05 01:30:17"}
{"level":"info","message":"no execution in db queued to process","timestamp":"2025-04-05 01:30:17"}
{"level":"info","message":"(cycling) check for queueing executions","timestamp":"2025-04-05 01:35:17"}
{"level":"info","message":"no execution in db queued to process","timestamp":"2025-04-05 01:35:17"}
{"level":"info","message":"(cycling) check for queueing executions","timestamp":"2025-04-05 01:40:17"}
{"level":"info","message":"no execution in db queued to process","timestamp":"2025-04-05 01:40:17"}
{"level":"info","message":"no more events need to be prepared, dispatching...","timestamp":"2025-04-05 01:44:06"}
{"level":"info","message":"no execution in db queued to process","timestamp":"2025-04-05 01:44:06"}
{"level":"info","message":"(cycling) check for queueing executions","timestamp":"2025-04-05 01:45:17"}
{"level":"info","message":"no execution in db queued to process","timestamp":"2025-04-05 01:45:17"}
{"level":"info","message":"no more events need to be prepared, dispatching...","timestamp":"2025-04-05 01:49:05"}
{"level":"info","message":"no execution in db queued to process","timestamp":"2025-04-05 01:49:05"}
{"level":"info","message":"(cycling) check for queueing executions","timestamp":"2025-04-05 01:50:17"}
{"level":"info","message":"no execution in db queued to process","timestamp":"2025-04-05 01:50:17"}
{"level":"info","message":"no more events need to be prepared, dispatching...","timestamp":"2025-04-05 01:51:04"}
{"level":"info","message":"no execution in db queued to process","timestamp":"2025-04-05 01:51:04"}
{"level":"info","message":"no more events need to be prepared, dispatching...","timestamp":"2025-04-05 01:51:28"}
{"level":"info","message":"last process finished, will do another dispatch","timestamp":"2025-04-05 01:51:28"}
{"level":"info","message":"no more events need to be prepared, dispatching...","timestamp":"2025-04-05 01:51:28"}
{"level":"info","message":"no more events need to be prepared, dispatching...","timestamp":"2025-04-05 01:51:28"}
{"level":"info","message":"no execution in db queued to process","timestamp":"2025-04-05 01:51:28"}
{"level":"info","message":"no execution in db queued to process","timestamp":"2025-04-05 01:51:28"}
{"level":"info","message":"no more events need to be prepared, dispatching...","timestamp":"2025-04-05 01:52:25"}
{"level":"info","message":"last process finished, will do another dispatch","timestamp":"2025-04-05 01:52:25"}
{"level":"info","message":"no more events need to be prepared, dispatching...","timestamp":"2025-04-05 01:52:25"}
{"level":"info","message":"no more events need to be prepared, dispatching...","timestamp":"2025-04-05 01:52:25"}
{"level":"info","message":"no execution in db queued to process","timestamp":"2025-04-05 01:52:25"}
{"level":"info","message":"no execution in db queued to process","timestamp":"2025-04-05 01:52:25"}
{"level":"info","message":"no more events need to be prepared, dispatching...","timestamp":"2025-04-05 01:52:40"}
{"level":"info","message":"last process finished, will do another dispatch","timestamp":"2025-04-05 01:52:40"}
{"level":"info","message":"no execution in db queued to process","timestamp":"2025-04-05 01:52:40"}
{"level":"info","message":"no more events need to be prepared, dispatching...","timestamp":"2025-04-05 01:54:32"}
{"level":"info","message":"last process finished, will do another dispatch","timestamp":"2025-04-05 01:54:32"}
{"level":"info","message":"no execution in db queued to process","timestamp":"2025-04-05 01:54:32"}
{"level":"info","message":"(cycling) check for queueing executions","timestamp":"2025-04-05 01:55:17"}
{"level":"info","message":"no execution in db queued to process","timestamp":"2025-04-05 01:55:17"}
{"level":"info","message":"(cycling) check for queueing executions","timestamp":"2025-04-05 02:00:17"}
{"level":"info","message":"no execution in db queued to process","timestamp":"2025-04-05 02:00:17"}
{"level":"info","message":"(cycling) check for queueing executions","timestamp":"2025-04-05 02:05:17"}
{"level":"info","message":"no execution in db queued to process","timestamp":"2025-04-05 02:05:17"}
{"level":"info","message":"(cycling) check for queueing executions","timestamp":"2025-04-05 02:10:17"}
{"level":"info","message":"no execution in db queued to process","timestamp":"2025-04-05 02:10:17"}
{"level":"info","message":"(cycling) check for queueing executions","timestamp":"2025-04-05 02:15:59"}
{"level":"info","message":"no execution in db queued to process","timestamp":"2025-04-05 02:15:59"}
{"level":"info","message":"no more events need to be prepared, dispatching...","timestamp":"2025-04-05 02:19:15"}
{"level":"info","message":"last process finished, will do another dispatch","timestamp":"2025-04-05 02:19:15"}
{"level":"info","message":"no execution in db queued to process","timestamp":"2025-04-05 02:19:15"}
{"level":"info","message":"(cycling) check for queueing executions","timestamp":"2025-04-05 02:20:59"}
{"level":"info","message":"no execution in db queued to process","timestamp":"2025-04-05 02:20:59"}
{"level":"info","message":"no more events need to be prepared, dispatching...","timestamp":"2025-04-05 02:23:04"}
{"level":"info","message":"last process finished, will do another dispatch","timestamp":"2025-04-05 02:23:04"}
{"level":"info","message":"no execution in db queued to process","timestamp":"2025-04-05 02:23:04"}
{"level":"info","message":"no more events need to be prepared, dispatching...","timestamp":"2025-04-05 02:23:26"}
{"level":"info","message":"last process finished, will do another dispatch","timestamp":"2025-04-05 02:23:26"}
{"level":"info","message":"no execution in db queued to process","timestamp":"2025-04-05 02:23:26"}
{"level":"info","message":"no more events need to be prepared, dispatching...","timestamp":"2025-04-05 02:24:14"}
{"level":"info","message":"last process finished, will do another dispatch","timestamp":"2025-04-05 02:24:15"}
{"level":"info","message":"no execution in db queued to process","timestamp":"2025-04-05 02:24:15"}
{"level":"info","message":"(cycling) check for queueing executions","timestamp":"2025-04-05 02:25:59"}
{"level":"info","message":"no execution in db queued to process","timestamp":"2025-04-05 02:25:59"}
{"level":"info","message":"(starting) check for queueing executions","timestamp":"2025-04-05 09:04:59"}
{"level":"info","message":"no execution in db queued to process","timestamp":"2025-04-05 09:04:59"}
{"level":"info","message":"(cycling) check for queueing executions","timestamp":"2025-04-05 09:09:59"}
{"level":"info","message":"no execution in db queued to process","timestamp":"2025-04-05 09:09:59"}
{"level":"info","message":"(cycling) check for queueing executions","timestamp":"2025-04-05 09:14:59"}
{"level":"info","message":"no execution in db queued to process","timestamp":"2025-04-05 09:14:59"}
{"level":"info","message":"(cycling) check for queueing executions","timestamp":"2025-04-05 09:19:59"}
{"level":"info","message":"no execution in db queued to process","timestamp":"2025-04-05 09:19:59"}
{"level":"info","message":"(cycling) check for queueing executions","timestamp":"2025-04-05 09:24:59"}
{"level":"info","message":"no execution in db queued to process","timestamp":"2025-04-05 09:24:59"}
{"level":"info","message":"(cycling) check for queueing executions","timestamp":"2025-04-05 09:29:59"}
{"level":"info","message":"no execution in db queued to process","timestamp":"2025-04-05 09:29:59"}
{"level":"info","message":"(cycling) check for queueing executions","timestamp":"2025-04-05 09:34:59"}
{"level":"info","message":"no execution in db queued to process","timestamp":"2025-04-05 09:34:59"}
{"level":"info","message":"(cycling) check for queueing executions","timestamp":"2025-04-05 09:39:59"}
{"level":"info","message":"no execution in db queued to process","timestamp":"2025-04-05 09:39:59"}
{"level":"info","message":"(cycling) check for queueing executions","timestamp":"2025-04-05 09:44:59"}
{"level":"info","message":"no execution in db queued to process","timestamp":"2025-04-05 09:44:59"}
{"level":"info","message":"(cycling) check for queueing executions","timestamp":"2025-04-05 09:49:59"}
{"level":"info","message":"no execution in db queued to process","timestamp":"2025-04-05 09:49:59"}
{"level":"info","message":"(cycling) check for queueing executions","timestamp":"2025-04-05 09:54:59"}
{"level":"info","message":"no execution in db queued to process","timestamp":"2025-04-05 09:54:59"}
{"level":"info","message":"(cycling) check for queueing executions","timestamp":"2025-04-05 09:59:59"}
{"level":"info","message":"no execution in db queued to process","timestamp":"2025-04-05 09:59:59"}
{"level":"info","message":"(cycling) check for queueing executions","timestamp":"2025-04-05 10:04:59"}
{"level":"info","message":"no execution in db queued to process","timestamp":"2025-04-05 10:04:59"}
{"level":"info","message":"(cycling) check for queueing executions","timestamp":"2025-04-05 10:09:59"}
{"level":"info","message":"no execution in db queued to process","timestamp":"2025-04-05 10:09:59"}
{"level":"info","message":"(cycling) check for queueing executions","timestamp":"2025-04-05 10:14:59"}
{"level":"info","message":"no execution in db queued to process","timestamp":"2025-04-05 10:14:59"}
{"level":"info","message":"(cycling) check for queueing executions","timestamp":"2025-04-05 10:19:59"}
{"level":"info","message":"no execution in db queued to process","timestamp":"2025-04-05 10:19:59"}
{"level":"info","message":"(cycling) check for queueing executions","timestamp":"2025-04-05 10:24:59"}
{"level":"info","message":"no execution in db queued to process","timestamp":"2025-04-05 10:24:59"}
{"level":"info","message":"(cycling) check for queueing executions","timestamp":"2025-04-05 10:29:59"}
{"level":"info","message":"no execution in db queued to process","timestamp":"2025-04-05 10:29:59"}
{"level":"info","message":"(cycling) check for queueing executions","timestamp":"2025-04-05 10:34:59"}
{"level":"info","message":"no execution in db queued to process","timestamp":"2025-04-05 10:34:59"}
{"level":"info","message":"(cycling) check for queueing executions","timestamp":"2025-04-05 10:39:59"}
{"level":"info","message":"no execution in db queued to process","timestamp":"2025-04-05 10:39:59"}
{"level":"info","message":"(cycling) check for queueing executions","timestamp":"2025-04-05 10:44:59"}
{"level":"info","message":"no execution in db queued to process","timestamp":"2025-04-05 10:44:59"}
{"level":"info","message":"(cycling) check for queueing executions","timestamp":"2025-04-05 10:49:59"}
{"level":"info","message":"no execution in db queued to process","timestamp":"2025-04-05 10:49:59"}
{"level":"info","message":"(cycling) check for queueing executions","timestamp":"2025-04-05 10:54:59"}
{"level":"info","message":"no execution in db queued to process","timestamp":"2025-04-05 10:54:59"}
{"level":"info","message":"(cycling) check for queueing executions","timestamp":"2025-04-05 10:59:59"}
{"level":"info","message":"no execution in db queued to process","timestamp":"2025-04-05 10:59:59"}
{"level":"info","message":"(cycling) check for queueing executions","timestamp":"2025-04-05 11:04:59"}
{"level":"info","message":"no execution in db queued to process","timestamp":"2025-04-05 11:04:59"}
{"level":"info","message":"(cycling) check for queueing executions","timestamp":"2025-04-05 11:09:59"}
{"level":"info","message":"no execution in db queued to process","timestamp":"2025-04-05 11:09:59"}
{"level":"info","message":"(cycling) check for queueing executions","timestamp":"2025-04-05 11:15:33"}
{"level":"info","message":"no execution in db queued to process","timestamp":"2025-04-05 11:15:33"}
{"level":"info","message":"(cycling) check for queueing executions","timestamp":"2025-04-05 11:20:33"}
{"level":"info","message":"no execution in db queued to process","timestamp":"2025-04-05 11:20:33"}
{"level":"info","message":"(cycling) check for queueing executions","timestamp":"2025-04-05 11:25:33"}
{"level":"info","message":"no execution in db queued to process","timestamp":"2025-04-05 11:25:33"}
{"level":"info","message":"(cycling) check for queueing executions","timestamp":"2025-04-05 11:30:33"}
{"level":"info","message":"no execution in db queued to process","timestamp":"2025-04-05 11:30:33"}
{"level":"info","message":"(cycling) check for queueing executions","timestamp":"2025-04-05 11:35:33"}
{"level":"info","message":"no execution in db queued to process","timestamp":"2025-04-05 11:35:33"}
{"level":"info","message":"(cycling) check for queueing executions","timestamp":"2025-04-05 11:40:33"}
{"level":"info","message":"no execution in db queued to process","timestamp":"2025-04-05 11:40:33"}
{"level":"info","message":"(cycling) check for queueing executions","timestamp":"2025-04-05 11:45:33"}
{"level":"info","message":"no execution in db queued to process","timestamp":"2025-04-05 11:45:33"}
{"level":"info","message":"(cycling) check for queueing executions","timestamp":"2025-04-05 11:50:33"}
{"level":"info","message":"no execution in db queued to process","timestamp":"2025-04-05 11:50:33"}
{"level":"info","message":"(cycling) check for queueing executions","timestamp":"2025-04-05 11:55:33"}
{"level":"info","message":"no execution in db queued to process","timestamp":"2025-04-05 11:55:33"}
{"level":"info","message":"(cycling) check for queueing executions","timestamp":"2025-04-05 12:00:33"}
{"level":"info","message":"no execution in db queued to process","timestamp":"2025-04-05 12:00:33"}
{"level":"info","message":"(cycling) check for queueing executions","timestamp":"2025-04-05 12:05:33"}
{"level":"info","message":"no execution in db queued to process","timestamp":"2025-04-05 12:05:33"}
{"level":"info","message":"(cycling) check for queueing executions","timestamp":"2025-04-05 12:10:33"}
{"level":"info","message":"no execution in db queued to process","timestamp":"2025-04-05 12:10:33"}
{"level":"info","message":"(cycling) check for queueing executions","timestamp":"2025-04-05 12:15:33"}
{"level":"info","message":"no execution in db queued to process","timestamp":"2025-04-05 12:15:33"}
{"level":"info","message":"(cycling) check for queueing executions","timestamp":"2025-04-05 12:20:33"}
{"level":"info","message":"no execution in db queued to process","timestamp":"2025-04-05 12:20:33"}
{"level":"info","message":"(cycling) check for queueing executions","timestamp":"2025-04-05 12:25:33"}
{"level":"info","message":"no execution in db queued to process","timestamp":"2025-04-05 12:25:33"}
{"level":"info","message":"(cycling) check for queueing executions","timestamp":"2025-04-05 12:30:33"}
{"level":"info","message":"no execution in db queued to process","timestamp":"2025-04-05 12:30:33"}
{"level":"info","message":"(cycling) check for queueing executions","timestamp":"2025-04-05 12:35:33"}
{"level":"info","message":"no execution in db queued to process","timestamp":"2025-04-05 12:35:33"}
{"level":"info","message":"(cycling) check for queueing executions","timestamp":"2025-04-05 12:40:33"}
{"level":"info","message":"no execution in db queued to process","timestamp":"2025-04-05 12:40:33"}
{"level":"info","message":"(cycling) check for queueing executions","timestamp":"2025-04-05 12:45:33"}
{"level":"info","message":"no execution in db queued to process","timestamp":"2025-04-05 12:45:33"}
{"level":"info","message":"(cycling) check for queueing executions","timestamp":"2025-04-05 12:50:33"}
{"level":"info","message":"no execution in db queued to process","timestamp":"2025-04-05 12:50:33"}
{"level":"info","message":"(cycling) check for queueing executions","timestamp":"2025-04-05 12:55:33"}
{"level":"info","message":"no execution in db queued to process","timestamp":"2025-04-05 12:55:33"}
{"level":"info","message":"(cycling) check for queueing executions","timestamp":"2025-04-05 13:00:33"}
{"level":"info","message":"no execution in db queued to process","timestamp":"2025-04-05 13:00:33"}
{"level":"info","message":"(cycling) check for queueing executions","timestamp":"2025-04-05 13:05:33"}
{"level":"info","message":"no execution in db queued to process","timestamp":"2025-04-05 13:05:33"}
{"level":"info","message":"(cycling) check for queueing executions","timestamp":"2025-04-05 13:10:33"}
{"level":"info","message":"no execution in db queued to process","timestamp":"2025-04-05 13:10:33"}
{"level":"info","message":"(cycling) check for queueing executions","timestamp":"2025-04-05 13:15:33"}
{"level":"info","message":"no execution in db queued to process","timestamp":"2025-04-05 13:15:33"}
{"level":"info","message":"(cycling) check for queueing executions","timestamp":"2025-04-05 13:20:33"}
{"level":"info","message":"no execution in db queued to process","timestamp":"2025-04-05 13:20:33"}
{"level":"info","message":"(cycling) check for queueing executions","timestamp":"2025-04-05 13:25:33"}
{"level":"info","message":"no execution in db queued to process","timestamp":"2025-04-05 13:25:33"}
{"level":"info","message":"(cycling) check for queueing executions","timestamp":"2025-04-05 13:30:33"}
{"level":"info","message":"no execution in db queued to process","timestamp":"2025-04-05 13:30:33"}
{"level":"info","message":"(cycling) check for queueing executions","timestamp":"2025-04-05 13:35:33"}
{"level":"info","message":"no execution in db queued to process","timestamp":"2025-04-05 13:35:33"}
{"level":"info","message":"(cycling) check for queueing executions","timestamp":"2025-04-05 13:40:33"}
{"level":"info","message":"no execution in db queued to process","timestamp":"2025-04-05 13:40:33"}
{"level":"info","message":"(cycling) check for queueing executions","timestamp":"2025-04-05 13:45:33"}
{"level":"info","message":"no execution in db queued to process","timestamp":"2025-04-05 13:45:33"}
{"level":"info","message":"(cycling) check for queueing executions","timestamp":"2025-04-05 13:50:33"}
{"level":"info","message":"no execution in db queued to process","timestamp":"2025-04-05 13:50:33"}
{"level":"info","message":"(cycling) check for queueing executions","timestamp":"2025-04-05 13:55:33"}
{"level":"info","message":"no execution in db queued to process","timestamp":"2025-04-05 13:55:33"}
{"level":"info","message":"(cycling) check for queueing executions","timestamp":"2025-04-05 14:00:33"}
{"level":"info","message":"no execution in db queued to process","timestamp":"2025-04-05 14:00:33"}
{"level":"info","message":"(cycling) check for queueing executions","timestamp":"2025-04-05 14:05:33"}
{"level":"info","message":"no execution in db queued to process","timestamp":"2025-04-05 14:05:33"}
{"level":"info","message":"(cycling) check for queueing executions","timestamp":"2025-04-05 14:11:21"}
{"level":"info","message":"no execution in db queued to process","timestamp":"2025-04-05 14:11:21"}
{"level":"info","message":"(cycling) check for queueing executions","timestamp":"2025-04-05 14:16:21"}
{"level":"info","message":"no execution in db queued to process","timestamp":"2025-04-05 14:16:21"}
{"level":"info","message":"(cycling) check for queueing executions","timestamp":"2025-04-05 14:21:21"}
{"level":"info","message":"no execution in db queued to process","timestamp":"2025-04-05 14:21:21"}
{"level":"info","message":"(cycling) check for queueing executions","timestamp":"2025-04-05 14:26:21"}
{"level":"info","message":"no execution in db queued to process","timestamp":"2025-04-05 14:26:21"}
{"level":"info","message":"(cycling) check for queueing executions","timestamp":"2025-04-05 14:31:21"}
{"level":"info","message":"no execution in db queued to process","timestamp":"2025-04-05 14:31:21"}
{"level":"info","message":"(cycling) check for queueing executions","timestamp":"2025-04-05 14:36:21"}
{"level":"info","message":"no execution in db queued to process","timestamp":"2025-04-05 14:36:21"}
{"level":"info","message":"(cycling) check for queueing executions","timestamp":"2025-04-05 14:41:21"}
{"level":"info","message":"no execution in db queued to process","timestamp":"2025-04-05 14:41:21"}
{"level":"info","message":"(cycling) check for queueing executions","timestamp":"2025-04-05 14:46:21"}
{"level":"info","message":"no execution in db queued to process","timestamp":"2025-04-05 14:46:21"}
{"level":"info","message":"(cycling) check for queueing executions","timestamp":"2025-04-05 14:51:21"}
{"level":"info","message":"no execution in db queued to process","timestamp":"2025-04-05 14:51:21"}
{"level":"info","message":"(cycling) check for queueing executions","timestamp":"2025-04-05 14:56:21"}
{"level":"info","message":"no execution in db queued to process","timestamp":"2025-04-05 14:56:21"}
