{"level":"info","message":"(cycling) check for queueing executions","timestamp":"2025-04-29 01:01:56"}
{"level":"info","message":"no execution in db queued to process","timestamp":"2025-04-29 01:01:56"}
{"level":"info","message":"(cycling) check for queueing executions","timestamp":"2025-04-29 01:06:56"}
{"level":"info","message":"no execution in db queued to process","timestamp":"2025-04-29 01:06:56"}
{"level":"info","message":"(cycling) check for queueing executions","timestamp":"2025-04-29 01:11:56"}
{"level":"info","message":"no execution in db queued to process","timestamp":"2025-04-29 01:11:56"}
{"level":"info","message":"(cycling) check for queueing executions","timestamp":"2025-04-29 01:16:56"}
{"level":"info","message":"no execution in db queued to process","timestamp":"2025-04-29 01:16:56"}
{"level":"info","message":"(cycling) check for queueing executions","timestamp":"2025-04-29 01:21:56"}
{"level":"info","message":"no execution in db queued to process","timestamp":"2025-04-29 01:21:56"}
{"level":"info","message":"(cycling) check for queueing executions","timestamp":"2025-04-29 01:26:56"}
{"level":"info","message":"no execution in db queued to process","timestamp":"2025-04-29 01:26:56"}
{"level":"info","message":"(cycling) check for queueing executions","timestamp":"2025-04-29 01:35:42"}
{"level":"info","message":"no execution in db queued to process","timestamp":"2025-04-29 01:35:42"}
{"level":"info","message":"(cycling) check for queueing executions","timestamp":"2025-04-29 01:40:42"}
{"level":"info","message":"no execution in db queued to process","timestamp":"2025-04-29 01:40:42"}
{"level":"info","message":"(cycling) check for queueing executions","timestamp":"2025-04-29 01:45:42"}
{"level":"info","message":"no execution in db queued to process","timestamp":"2025-04-29 01:45:42"}
{"level":"info","message":"(cycling) check for queueing executions","timestamp":"2025-04-29 01:50:42"}
{"level":"info","message":"no execution in db queued to process","timestamp":"2025-04-29 01:50:42"}
{"level":"info","message":"(cycling) check for queueing executions","timestamp":"2025-04-29 01:55:42"}
{"level":"info","message":"no execution in db queued to process","timestamp":"2025-04-29 01:55:42"}
{"level":"info","message":"(cycling) check for queueing executions","timestamp":"2025-04-29 02:00:42"}
{"level":"info","message":"no execution in db queued to process","timestamp":"2025-04-29 02:00:42"}
{"level":"info","message":"(cycling) check for queueing executions","timestamp":"2025-04-29 02:05:42"}
{"level":"info","message":"no execution in db queued to process","timestamp":"2025-04-29 02:05:42"}
{"level":"info","message":"(cycling) check for queueing executions","timestamp":"2025-04-29 02:10:42"}
{"level":"info","message":"no execution in db queued to process","timestamp":"2025-04-29 02:10:42"}
{"level":"info","message":"(cycling) check for queueing executions","timestamp":"2025-04-29 02:15:42"}
{"level":"info","message":"no execution in db queued to process","timestamp":"2025-04-29 02:15:42"}
{"level":"info","message":"(cycling) check for queueing executions","timestamp":"2025-04-29 02:20:42"}
{"level":"info","message":"no execution in db queued to process","timestamp":"2025-04-29 02:20:42"}
{"level":"info","message":"(cycling) check for queueing executions","timestamp":"2025-04-29 02:25:42"}
{"level":"info","message":"no execution in db queued to process","timestamp":"2025-04-29 02:25:42"}
{"level":"info","message":"(cycling) check for queueing executions","timestamp":"2025-04-29 02:30:42"}
{"level":"info","message":"no execution in db queued to process","timestamp":"2025-04-29 02:30:42"}
{"level":"info","message":"(cycling) check for queueing executions","timestamp":"2025-04-29 02:35:42"}
{"level":"info","message":"no execution in db queued to process","timestamp":"2025-04-29 02:35:42"}
{"level":"info","message":"(cycling) check for queueing executions","timestamp":"2025-04-29 02:40:42"}
{"level":"info","message":"no execution in db queued to process","timestamp":"2025-04-29 02:40:42"}
{"level":"info","message":"(cycling) check for queueing executions","timestamp":"2025-04-29 02:45:42"}
{"level":"info","message":"no execution in db queued to process","timestamp":"2025-04-29 02:45:42"}
{"level":"info","message":"(cycling) check for queueing executions","timestamp":"2025-04-29 02:50:42"}
{"level":"info","message":"no execution in db queued to process","timestamp":"2025-04-29 02:50:42"}
{"level":"info","message":"(cycling) check for queueing executions","timestamp":"2025-04-29 02:55:42"}
{"level":"info","message":"no execution in db queued to process","timestamp":"2025-04-29 02:55:42"}
{"level":"info","message":"(cycling) check for queueing executions","timestamp":"2025-04-29 03:00:42"}
{"level":"info","message":"no execution in db queued to process","timestamp":"2025-04-29 03:00:42"}
{"level":"info","message":"(cycling) check for queueing executions","timestamp":"2025-04-29 03:05:42"}
{"level":"info","message":"no execution in db queued to process","timestamp":"2025-04-29 03:05:42"}
{"level":"info","message":"(cycling) check for queueing executions","timestamp":"2025-04-29 03:10:42"}
{"level":"info","message":"no execution in db queued to process","timestamp":"2025-04-29 03:10:42"}
{"level":"info","message":"(cycling) check for queueing executions","timestamp":"2025-04-29 03:15:42"}
{"level":"info","message":"no execution in db queued to process","timestamp":"2025-04-29 03:15:42"}
{"level":"info","message":"(cycling) check for queueing executions","timestamp":"2025-04-29 03:20:42"}
{"level":"info","message":"no execution in db queued to process","timestamp":"2025-04-29 03:20:42"}
{"level":"info","message":"(cycling) check for queueing executions","timestamp":"2025-04-29 03:25:42"}
{"level":"info","message":"no execution in db queued to process","timestamp":"2025-04-29 03:25:42"}
{"level":"info","message":"(cycling) check for queueing executions","timestamp":"2025-04-29 03:30:42"}
{"level":"info","message":"no execution in db queued to process","timestamp":"2025-04-29 03:30:42"}
{"level":"info","message":"no more events need to be prepared, dispatching...","timestamp":"2025-04-29 03:33:53"}
{"level":"info","message":"last process finished, will do another dispatch","timestamp":"2025-04-29 03:33:54"}
{"level":"info","message":"last process finished, will do another dispatch","timestamp":"2025-04-29 03:33:54"}
{"level":"info","message":"no execution in db queued to process","timestamp":"2025-04-29 03:33:54"}
{"level":"info","message":"(cycling) check for queueing executions","timestamp":"2025-04-29 03:35:42"}
{"level":"info","message":"no execution in db queued to process","timestamp":"2025-04-29 03:35:42"}
{"level":"info","message":"(cycling) check for queueing executions","timestamp":"2025-04-29 03:40:42"}
{"level":"info","message":"no execution in db queued to process","timestamp":"2025-04-29 03:40:42"}
{"level":"info","message":"no more events need to be prepared, dispatching...","timestamp":"2025-04-29 03:41:54"}
{"level":"info","message":"no more events need to be prepared, dispatching...","timestamp":"2025-04-29 03:41:54"}
{"level":"info","message":"last process finished, will do another dispatch","timestamp":"2025-04-29 03:41:54"}
{"level":"warn","message":"workflow executing is not finished, new dispatching will be ignored","timestamp":"2025-04-29 03:41:54"}
{"level":"info","message":"no more events need to be prepared, dispatching...","timestamp":"2025-04-29 03:41:54"}
{"level":"info","message":"no more events need to be prepared, dispatching...","timestamp":"2025-04-29 03:41:54"}
{"level":"info","message":"no more events need to be prepared, dispatching...","timestamp":"2025-04-29 03:41:54"}
{"level":"info","message":"last process finished, will do another dispatch","timestamp":"2025-04-29 03:41:54"}
{"level":"warn","message":"workflow executing is not finished, new dispatching will be ignored","timestamp":"2025-04-29 03:41:54"}
{"level":"warn","message":"workflow executing is not finished, new dispatching will be ignored","timestamp":"2025-04-29 03:41:54"}
{"level":"warn","message":"workflow executing is not finished, new dispatching will be ignored","timestamp":"2025-04-29 03:41:54"}
{"level":"info","message":"no more events need to be prepared, dispatching...","timestamp":"2025-04-29 03:41:54"}
{"level":"info","message":"last process finished, will do another dispatch","timestamp":"2025-04-29 03:41:54"}
{"level":"warn","message":"workflow executing is not finished, new dispatching will be ignored","timestamp":"2025-04-29 03:41:54"}
{"level":"info","message":"last process finished, will do another dispatch","timestamp":"2025-04-29 03:41:54"}
{"level":"info","message":"last process finished, will do another dispatch","timestamp":"2025-04-29 03:41:54"}
{"level":"info","message":"last process finished, will do another dispatch","timestamp":"2025-04-29 03:41:55"}
{"level":"info","message":"no execution in db queued to process","timestamp":"2025-04-29 03:41:55"}
{"level":"info","message":"no more events need to be prepared, dispatching...","timestamp":"2025-04-29 03:42:45"}
{"level":"info","message":"last process finished, will do another dispatch","timestamp":"2025-04-29 03:42:46"}
{"level":"info","message":"last process finished, will do another dispatch","timestamp":"2025-04-29 03:42:46"}
{"level":"info","message":"last process finished, will do another dispatch","timestamp":"2025-04-29 03:42:46"}
{"level":"info","message":"last process finished, will do another dispatch","timestamp":"2025-04-29 03:42:46"}
{"level":"info","message":"no execution in db queued to process","timestamp":"2025-04-29 03:42:46"}
{"level":"info","message":"(cycling) check for queueing executions","timestamp":"2025-04-29 03:45:42"}
{"level":"info","message":"no execution in db queued to process","timestamp":"2025-04-29 03:45:42"}
{"level":"info","message":"(cycling) check for queueing executions","timestamp":"2025-04-29 03:50:42"}
{"level":"info","message":"no execution in db queued to process","timestamp":"2025-04-29 03:50:42"}
{"level":"info","message":"(cycling) check for queueing executions","timestamp":"2025-04-29 03:55:42"}
{"level":"info","message":"no execution in db queued to process","timestamp":"2025-04-29 03:55:42"}
{"level":"info","message":"(cycling) check for queueing executions","timestamp":"2025-04-29 04:00:41"}
{"level":"info","message":"no execution in db queued to process","timestamp":"2025-04-29 04:00:42"}
{"level":"info","message":"(cycling) check for queueing executions","timestamp":"2025-04-29 04:05:41"}
{"level":"info","message":"no execution in db queued to process","timestamp":"2025-04-29 04:05:42"}
{"level":"info","message":"(cycling) check for queueing executions","timestamp":"2025-04-29 04:10:41"}
{"level":"info","message":"no execution in db queued to process","timestamp":"2025-04-29 04:10:42"}
{"level":"info","message":"(cycling) check for queueing executions","timestamp":"2025-04-29 04:15:41"}
{"level":"info","message":"no execution in db queued to process","timestamp":"2025-04-29 04:15:42"}
{"level":"info","message":"(cycling) check for queueing executions","timestamp":"2025-04-29 04:20:41"}
{"level":"info","message":"no execution in db queued to process","timestamp":"2025-04-29 04:20:42"}
{"level":"info","message":"(cycling) check for queueing executions","timestamp":"2025-04-29 04:25:41"}
{"level":"info","message":"no execution in db queued to process","timestamp":"2025-04-29 04:25:42"}
{"level":"info","message":"(cycling) check for queueing executions","timestamp":"2025-04-29 04:30:41"}
{"level":"info","message":"no execution in db queued to process","timestamp":"2025-04-29 04:30:41"}
{"level":"info","message":"no more events need to be prepared, dispatching...","timestamp":"2025-04-29 04:30:53"}
{"level":"info","message":"last process finished, will do another dispatch","timestamp":"2025-04-29 04:30:53"}
{"level":"info","message":"no execution in db queued to process","timestamp":"2025-04-29 04:30:53"}
{"level":"info","message":"no more events need to be prepared, dispatching...","timestamp":"2025-04-29 04:32:31"}
{"level":"info","message":"last process finished, will do another dispatch","timestamp":"2025-04-29 04:32:31"}
{"level":"info","message":"no execution in db queued to process","timestamp":"2025-04-29 04:32:31"}
{"level":"info","message":"(cycling) check for queueing executions","timestamp":"2025-04-29 04:35:41"}
{"level":"info","message":"no execution in db queued to process","timestamp":"2025-04-29 04:35:41"}
{"level":"info","message":"(cycling) check for queueing executions","timestamp":"2025-04-29 04:40:41"}
{"level":"info","message":"no execution in db queued to process","timestamp":"2025-04-29 04:40:41"}
{"level":"info","message":"(cycling) check for queueing executions","timestamp":"2025-04-29 04:45:41"}
{"level":"info","message":"no execution in db queued to process","timestamp":"2025-04-29 04:45:41"}
{"level":"info","message":"(cycling) check for queueing executions","timestamp":"2025-04-29 04:50:41"}
{"level":"info","message":"no execution in db queued to process","timestamp":"2025-04-29 04:50:41"}
{"level":"info","message":"(cycling) check for queueing executions","timestamp":"2025-04-29 04:55:41"}
{"level":"info","message":"no execution in db queued to process","timestamp":"2025-04-29 04:55:41"}
{"level":"info","message":"(cycling) check for queueing executions","timestamp":"2025-04-29 05:00:41"}
{"level":"info","message":"no execution in db queued to process","timestamp":"2025-04-29 05:00:41"}
{"level":"info","message":"(cycling) check for queueing executions","timestamp":"2025-04-29 05:05:41"}
{"level":"info","message":"no execution in db queued to process","timestamp":"2025-04-29 05:05:41"}
{"level":"info","message":"(cycling) check for queueing executions","timestamp":"2025-04-29 05:10:41"}
{"level":"info","message":"no execution in db queued to process","timestamp":"2025-04-29 05:10:41"}
{"level":"info","message":"(cycling) check for queueing executions","timestamp":"2025-04-29 05:15:41"}
{"level":"info","message":"no execution in db queued to process","timestamp":"2025-04-29 05:15:41"}
{"level":"info","message":"(cycling) check for queueing executions","timestamp":"2025-04-29 05:20:41"}
{"level":"info","message":"no execution in db queued to process","timestamp":"2025-04-29 05:20:41"}
{"level":"info","message":"(cycling) check for queueing executions","timestamp":"2025-04-29 05:25:41"}
{"level":"info","message":"no execution in db queued to process","timestamp":"2025-04-29 05:25:41"}
{"level":"info","message":"(cycling) check for queueing executions","timestamp":"2025-04-29 05:30:41"}
{"level":"info","message":"no execution in db queued to process","timestamp":"2025-04-29 05:30:41"}
{"level":"info","message":"(cycling) check for queueing executions","timestamp":"2025-04-29 05:35:41"}
{"level":"info","message":"no execution in db queued to process","timestamp":"2025-04-29 05:35:41"}
{"level":"info","message":"(cycling) check for queueing executions","timestamp":"2025-04-29 05:40:41"}
{"level":"info","message":"no execution in db queued to process","timestamp":"2025-04-29 05:40:41"}
{"level":"info","message":"(cycling) check for queueing executions","timestamp":"2025-04-29 05:45:41"}
{"level":"info","message":"no execution in db queued to process","timestamp":"2025-04-29 05:45:41"}
{"level":"info","message":"(cycling) check for queueing executions","timestamp":"2025-04-29 05:50:41"}
{"level":"info","message":"no execution in db queued to process","timestamp":"2025-04-29 05:50:41"}
{"level":"info","message":"(cycling) check for queueing executions","timestamp":"2025-04-29 05:55:41"}
{"level":"info","message":"no execution in db queued to process","timestamp":"2025-04-29 05:55:41"}
{"level":"info","message":"(cycling) check for queueing executions","timestamp":"2025-04-29 06:00:41"}
{"level":"info","message":"no execution in db queued to process","timestamp":"2025-04-29 06:00:41"}
{"level":"info","message":"(cycling) check for queueing executions","timestamp":"2025-04-29 06:05:41"}
{"level":"info","message":"no execution in db queued to process","timestamp":"2025-04-29 06:05:41"}
{"level":"info","message":"no more events need to be prepared, dispatching...","timestamp":"2025-04-29 06:06:02"}
{"level":"info","message":"last process finished, will do another dispatch","timestamp":"2025-04-29 06:06:02"}
{"level":"info","message":"no execution in db queued to process","timestamp":"2025-04-29 06:06:02"}
{"level":"info","message":"no more events need to be prepared, dispatching...","timestamp":"2025-04-29 06:09:07"}
{"level":"info","message":"last process finished, will do another dispatch","timestamp":"2025-04-29 06:09:07"}
{"level":"info","message":"no execution in db queued to process","timestamp":"2025-04-29 06:09:07"}
{"level":"info","message":"(cycling) check for queueing executions","timestamp":"2025-04-29 06:10:41"}
{"level":"info","message":"no execution in db queued to process","timestamp":"2025-04-29 06:10:41"}
{"level":"info","message":"(cycling) check for queueing executions","timestamp":"2025-04-29 06:15:41"}
{"level":"info","message":"no execution in db queued to process","timestamp":"2025-04-29 06:15:41"}
{"level":"info","message":"(cycling) check for queueing executions","timestamp":"2025-04-29 06:20:41"}
{"level":"info","message":"no execution in db queued to process","timestamp":"2025-04-29 06:20:41"}
{"level":"info","message":"(cycling) check for queueing executions","timestamp":"2025-04-29 06:25:41"}
{"level":"info","message":"no execution in db queued to process","timestamp":"2025-04-29 06:25:41"}
{"level":"info","message":"(cycling) check for queueing executions","timestamp":"2025-04-29 06:30:41"}
{"level":"info","message":"no execution in db queued to process","timestamp":"2025-04-29 06:30:41"}
{"level":"info","message":"(cycling) check for queueing executions","timestamp":"2025-04-29 06:35:41"}
{"level":"info","message":"no execution in db queued to process","timestamp":"2025-04-29 06:35:41"}
{"level":"info","message":"(cycling) check for queueing executions","timestamp":"2025-04-29 06:40:41"}
{"level":"info","message":"no execution in db queued to process","timestamp":"2025-04-29 06:40:41"}
{"level":"info","message":"no more events need to be prepared, dispatching...","timestamp":"2025-04-29 06:45:28"}
{"level":"info","message":"last process finished, will do another dispatch","timestamp":"2025-04-29 06:45:28"}
{"level":"info","message":"no execution in db queued to process","timestamp":"2025-04-29 06:45:28"}
{"level":"info","message":"(cycling) check for queueing executions","timestamp":"2025-04-29 06:45:41"}
{"level":"info","message":"no execution in db queued to process","timestamp":"2025-04-29 06:45:41"}
{"level":"info","message":"no more events need to be prepared, dispatching...","timestamp":"2025-04-29 06:46:03"}
{"level":"info","message":"last process finished, will do another dispatch","timestamp":"2025-04-29 06:46:03"}
{"level":"info","message":"no execution in db queued to process","timestamp":"2025-04-29 06:46:03"}
{"level":"info","message":"(cycling) check for queueing executions","timestamp":"2025-04-29 06:50:41"}
{"level":"info","message":"no execution in db queued to process","timestamp":"2025-04-29 06:50:41"}
{"level":"info","message":"no more events need to be prepared, dispatching...","timestamp":"2025-04-29 06:51:40"}
{"level":"info","message":"last process finished, will do another dispatch","timestamp":"2025-04-29 06:51:40"}
{"level":"info","message":"no execution in db queued to process","timestamp":"2025-04-29 06:51:40"}
{"level":"info","message":"no more events need to be prepared, dispatching...","timestamp":"2025-04-29 06:52:18"}
{"level":"info","message":"last process finished, will do another dispatch","timestamp":"2025-04-29 06:52:18"}
{"level":"info","message":"no execution in db queued to process","timestamp":"2025-04-29 06:52:18"}
{"level":"info","message":"(cycling) check for queueing executions","timestamp":"2025-04-29 06:55:41"}
{"level":"info","message":"no execution in db queued to process","timestamp":"2025-04-29 06:55:41"}
{"level":"info","message":"(cycling) check for queueing executions","timestamp":"2025-04-29 07:00:41"}
{"level":"info","message":"no execution in db queued to process","timestamp":"2025-04-29 07:00:41"}
{"level":"info","message":"(cycling) check for queueing executions","timestamp":"2025-04-29 07:05:41"}
{"level":"info","message":"no execution in db queued to process","timestamp":"2025-04-29 07:05:41"}
{"level":"info","message":"(cycling) check for queueing executions","timestamp":"2025-04-29 07:10:41"}
{"level":"info","message":"no execution in db queued to process","timestamp":"2025-04-29 07:10:41"}
{"level":"info","message":"(cycling) check for queueing executions","timestamp":"2025-04-29 07:15:41"}
{"level":"info","message":"no execution in db queued to process","timestamp":"2025-04-29 07:15:41"}
{"level":"info","message":"(cycling) check for queueing executions","timestamp":"2025-04-29 07:20:41"}
{"level":"info","message":"no execution in db queued to process","timestamp":"2025-04-29 07:20:41"}
{"level":"info","message":"(cycling) check for queueing executions","timestamp":"2025-04-29 07:25:41"}
{"level":"info","message":"no execution in db queued to process","timestamp":"2025-04-29 07:25:41"}
{"level":"info","message":"(cycling) check for queueing executions","timestamp":"2025-04-29 07:30:41"}
{"level":"info","message":"no execution in db queued to process","timestamp":"2025-04-29 07:30:41"}
{"level":"info","message":"(cycling) check for queueing executions","timestamp":"2025-04-29 07:35:41"}
{"level":"info","message":"no execution in db queued to process","timestamp":"2025-04-29 07:35:41"}
{"level":"info","message":"(cycling) check for queueing executions","timestamp":"2025-04-29 07:40:41"}
{"level":"info","message":"no execution in db queued to process","timestamp":"2025-04-29 07:40:41"}
{"level":"info","message":"(cycling) check for queueing executions","timestamp":"2025-04-29 07:45:41"}
{"level":"info","message":"no execution in db queued to process","timestamp":"2025-04-29 07:45:41"}
{"level":"info","message":"(cycling) check for queueing executions","timestamp":"2025-04-29 07:50:41"}
{"level":"info","message":"no execution in db queued to process","timestamp":"2025-04-29 07:50:41"}
{"level":"info","message":"(cycling) check for queueing executions","timestamp":"2025-04-29 07:55:41"}
{"level":"info","message":"no execution in db queued to process","timestamp":"2025-04-29 07:55:41"}
{"level":"info","message":"no more events need to be prepared, dispatching...","timestamp":"2025-04-29 07:57:17"}
{"level":"info","message":"last process finished, will do another dispatch","timestamp":"2025-04-29 07:57:17"}
{"level":"info","message":"no execution in db queued to process","timestamp":"2025-04-29 07:57:17"}
{"level":"info","message":"no more events need to be prepared, dispatching...","timestamp":"2025-04-29 07:57:56"}
{"level":"info","message":"last process finished, will do another dispatch","timestamp":"2025-04-29 07:57:56"}
{"level":"info","message":"no execution in db queued to process","timestamp":"2025-04-29 07:57:56"}
{"level":"info","message":"(starting) check for queueing executions","timestamp":"2025-04-29 13:25:49"}
{"level":"info","message":"no execution in db queued to process","timestamp":"2025-04-29 13:25:50"}
{"level":"info","message":"(cycling) check for queueing executions","timestamp":"2025-04-29 13:30:49"}
{"level":"info","message":"no execution in db queued to process","timestamp":"2025-04-29 13:30:49"}
{"level":"info","message":"(cycling) check for queueing executions","timestamp":"2025-04-29 13:35:49"}
{"level":"info","message":"no execution in db queued to process","timestamp":"2025-04-29 13:35:49"}
{"level":"info","message":"(cycling) check for queueing executions","timestamp":"2025-04-29 13:40:49"}
{"level":"info","message":"no execution in db queued to process","timestamp":"2025-04-29 13:40:49"}
{"level":"info","message":"(cycling) check for queueing executions","timestamp":"2025-04-29 13:45:49"}
{"level":"info","message":"no execution in db queued to process","timestamp":"2025-04-29 13:45:49"}
{"level":"info","message":"(starting) check for queueing executions","timestamp":"2025-04-29 13:49:56"}
{"level":"info","message":"no execution in db queued to process","timestamp":"2025-04-29 13:49:56"}
{"level":"info","message":"(cycling) check for queueing executions","timestamp":"2025-04-29 13:54:56"}
{"level":"info","message":"no execution in db queued to process","timestamp":"2025-04-29 13:54:56"}
{"level":"info","message":"(cycling) check for queueing executions","timestamp":"2025-04-29 13:59:56"}
{"level":"info","message":"no execution in db queued to process","timestamp":"2025-04-29 13:59:56"}
{"level":"info","message":"(cycling) check for queueing executions","timestamp":"2025-04-29 14:04:56"}
{"level":"info","message":"no execution in db queued to process","timestamp":"2025-04-29 14:04:56"}
{"level":"info","message":"(cycling) check for queueing executions","timestamp":"2025-04-29 14:09:56"}
{"level":"info","message":"no execution in db queued to process","timestamp":"2025-04-29 14:09:56"}
{"level":"info","message":"(cycling) check for queueing executions","timestamp":"2025-04-29 14:14:56"}
{"level":"info","message":"no execution in db queued to process","timestamp":"2025-04-29 14:14:56"}
{"level":"info","message":"(cycling) check for queueing executions","timestamp":"2025-04-29 14:19:56"}
{"level":"info","message":"no execution in db queued to process","timestamp":"2025-04-29 14:19:56"}
{"level":"info","message":"(cycling) check for queueing executions","timestamp":"2025-04-29 14:24:56"}
{"level":"info","message":"no execution in db queued to process","timestamp":"2025-04-29 14:24:56"}
{"level":"info","message":"(cycling) check for queueing executions","timestamp":"2025-04-29 14:29:56"}
{"level":"info","message":"no execution in db queued to process","timestamp":"2025-04-29 14:29:56"}
{"level":"info","message":"(cycling) check for queueing executions","timestamp":"2025-04-29 14:34:56"}
{"level":"info","message":"no execution in db queued to process","timestamp":"2025-04-29 14:34:56"}
{"level":"info","message":"(cycling) check for queueing executions","timestamp":"2025-04-29 14:39:56"}
{"level":"info","message":"no execution in db queued to process","timestamp":"2025-04-29 14:39:56"}
{"level":"info","message":"(cycling) check for queueing executions","timestamp":"2025-04-29 14:44:56"}
{"level":"info","message":"no execution in db queued to process","timestamp":"2025-04-29 14:44:56"}
{"level":"info","message":"(cycling) check for queueing executions","timestamp":"2025-04-29 14:49:56"}
{"level":"info","message":"no execution in db queued to process","timestamp":"2025-04-29 14:49:56"}
{"level":"info","message":"(cycling) check for queueing executions","timestamp":"2025-04-29 14:54:56"}
{"level":"info","message":"no execution in db queued to process","timestamp":"2025-04-29 14:54:56"}
{"level":"info","message":"(cycling) check for queueing executions","timestamp":"2025-04-29 14:59:56"}
{"level":"info","message":"no execution in db queued to process","timestamp":"2025-04-29 14:59:56"}
{"level":"info","message":"(cycling) check for queueing executions","timestamp":"2025-04-29 15:04:56"}
{"level":"info","message":"no execution in db queued to process","timestamp":"2025-04-29 15:04:56"}
{"level":"info","message":"(cycling) check for queueing executions","timestamp":"2025-04-29 15:09:56"}
{"level":"info","message":"no execution in db queued to process","timestamp":"2025-04-29 15:09:56"}
{"level":"info","message":"(cycling) check for queueing executions","timestamp":"2025-04-29 15:14:56"}
{"level":"info","message":"no execution in db queued to process","timestamp":"2025-04-29 15:14:56"}
{"level":"info","message":"(cycling) check for queueing executions","timestamp":"2025-04-29 15:19:56"}
{"level":"info","message":"no execution in db queued to process","timestamp":"2025-04-29 15:19:56"}
{"level":"info","message":"no more events need to be prepared, dispatching...","timestamp":"2025-04-29 15:22:04"}
{"level":"info","message":"last process finished, will do another dispatch","timestamp":"2025-04-29 15:22:04"}
{"level":"info","message":"no execution in db queued to process","timestamp":"2025-04-29 15:22:04"}
{"level":"info","message":"no more events need to be prepared, dispatching...","timestamp":"2025-04-29 15:22:19"}
{"level":"info","message":"last process finished, will do another dispatch","timestamp":"2025-04-29 15:22:19"}
{"level":"info","message":"no execution in db queued to process","timestamp":"2025-04-29 15:22:19"}
{"level":"info","message":"no more events need to be prepared, dispatching...","timestamp":"2025-04-29 15:22:48"}
{"level":"info","message":"last process finished, will do another dispatch","timestamp":"2025-04-29 15:22:48"}
{"level":"info","message":"last process finished, will do another dispatch","timestamp":"2025-04-29 15:22:48"}
{"level":"info","message":"no execution in db queued to process","timestamp":"2025-04-29 15:22:48"}
{"level":"info","message":"no more events need to be prepared, dispatching...","timestamp":"2025-04-29 15:22:52"}
{"level":"info","message":"last process finished, will do another dispatch","timestamp":"2025-04-29 15:22:52"}
{"level":"info","message":"last process finished, will do another dispatch","timestamp":"2025-04-29 15:22:52"}
{"level":"info","message":"no execution in db queued to process","timestamp":"2025-04-29 15:22:52"}
{"level":"info","message":"(cycling) check for queueing executions","timestamp":"2025-04-29 15:24:56"}
{"level":"info","message":"no execution in db queued to process","timestamp":"2025-04-29 15:24:56"}
{"level":"info","message":"(cycling) check for queueing executions","timestamp":"2025-04-29 15:29:56"}
{"level":"info","message":"no execution in db queued to process","timestamp":"2025-04-29 15:29:56"}
{"level":"info","message":"(cycling) check for queueing executions","timestamp":"2025-04-29 15:34:56"}
{"level":"info","message":"no execution in db queued to process","timestamp":"2025-04-29 15:34:56"}
{"level":"info","message":"(cycling) check for queueing executions","timestamp":"2025-04-29 15:39:56"}
{"level":"info","message":"no execution in db queued to process","timestamp":"2025-04-29 15:39:56"}
{"level":"info","message":"(cycling) check for queueing executions","timestamp":"2025-04-29 15:44:56"}
{"level":"info","message":"no execution in db queued to process","timestamp":"2025-04-29 15:44:56"}
{"level":"info","message":"(cycling) check for queueing executions","timestamp":"2025-04-29 15:49:55"}
{"level":"info","message":"no execution in db queued to process","timestamp":"2025-04-29 15:49:56"}
{"level":"info","message":"(cycling) check for queueing executions","timestamp":"2025-04-29 15:54:55"}
{"level":"info","message":"no execution in db queued to process","timestamp":"2025-04-29 15:54:56"}
{"level":"info","message":"(cycling) check for queueing executions","timestamp":"2025-04-29 15:59:55"}
{"level":"info","message":"no execution in db queued to process","timestamp":"2025-04-29 15:59:56"}
{"level":"info","message":"(cycling) check for queueing executions","timestamp":"2025-04-29 16:04:55"}
{"level":"info","message":"no execution in db queued to process","timestamp":"2025-04-29 16:04:56"}
{"level":"info","message":"(cycling) check for queueing executions","timestamp":"2025-04-29 16:09:55"}
{"level":"info","message":"no execution in db queued to process","timestamp":"2025-04-29 16:09:56"}
{"level":"info","message":"(cycling) check for queueing executions","timestamp":"2025-04-29 16:14:55"}
{"level":"info","message":"no execution in db queued to process","timestamp":"2025-04-29 16:14:56"}
{"level":"info","message":"(cycling) check for queueing executions","timestamp":"2025-04-29 16:19:55"}
{"level":"info","message":"no execution in db queued to process","timestamp":"2025-04-29 16:19:55"}
{"level":"info","message":"(cycling) check for queueing executions","timestamp":"2025-04-29 16:24:55"}
{"level":"info","message":"no execution in db queued to process","timestamp":"2025-04-29 16:24:55"}
{"level":"info","message":"(cycling) check for queueing executions","timestamp":"2025-04-29 16:29:55"}
{"level":"info","message":"no execution in db queued to process","timestamp":"2025-04-29 16:29:55"}
{"level":"info","message":"(cycling) check for queueing executions","timestamp":"2025-04-29 16:34:55"}
{"level":"info","message":"no execution in db queued to process","timestamp":"2025-04-29 16:34:55"}
{"level":"info","message":"(cycling) check for queueing executions","timestamp":"2025-04-29 16:39:55"}
{"level":"info","message":"no execution in db queued to process","timestamp":"2025-04-29 16:39:55"}
{"level":"info","message":"(cycling) check for queueing executions","timestamp":"2025-04-29 16:44:55"}
{"level":"info","message":"no execution in db queued to process","timestamp":"2025-04-29 16:44:55"}
{"level":"info","message":"(cycling) check for queueing executions","timestamp":"2025-04-29 16:49:55"}
{"level":"info","message":"no execution in db queued to process","timestamp":"2025-04-29 16:49:55"}
{"level":"info","message":"(cycling) check for queueing executions","timestamp":"2025-04-29 23:46:14"}
{"level":"info","message":"no execution in db queued to process","timestamp":"2025-04-29 23:46:14"}
{"level":"info","message":"(cycling) check for queueing executions","timestamp":"2025-04-29 23:51:14"}
{"level":"info","message":"no execution in db queued to process","timestamp":"2025-04-29 23:51:14"}
{"level":"info","message":"(cycling) check for queueing executions","timestamp":"2025-04-29 23:56:14"}
{"level":"info","message":"no execution in db queued to process","timestamp":"2025-04-29 23:56:14"}
