{"level":"info","message":"(cycling) check for queueing executions","timestamp":"2025-04-12 00:01:56"}
{"level":"info","message":"no execution in db queued to process","timestamp":"2025-04-12 00:01:56"}
{"level":"info","message":"(cycling) check for queueing executions","timestamp":"2025-04-12 00:06:58"}
{"level":"info","message":"no execution in db queued to process","timestamp":"2025-04-12 00:06:58"}
{"level":"info","message":"(cycling) check for queueing executions","timestamp":"2025-04-12 00:11:58"}
{"level":"info","message":"no execution in db queued to process","timestamp":"2025-04-12 00:11:58"}
{"level":"info","message":"(cycling) check for queueing executions","timestamp":"2025-04-12 00:16:58"}
{"level":"info","message":"no execution in db queued to process","timestamp":"2025-04-12 00:16:58"}
{"level":"info","message":"(cycling) check for queueing executions","timestamp":"2025-04-12 00:21:58"}
{"level":"info","message":"no execution in db queued to process","timestamp":"2025-04-12 00:21:58"}
{"level":"info","message":"(cycling) check for queueing executions","timestamp":"2025-04-12 00:26:58"}
{"level":"info","message":"no execution in db queued to process","timestamp":"2025-04-12 00:26:58"}
{"level":"info","message":"(cycling) check for queueing executions","timestamp":"2025-04-12 00:31:58"}
{"level":"info","message":"no execution in db queued to process","timestamp":"2025-04-12 00:31:58"}
{"level":"info","message":"(cycling) check for queueing executions","timestamp":"2025-04-12 00:36:58"}
{"level":"info","message":"no execution in db queued to process","timestamp":"2025-04-12 00:36:58"}
{"level":"info","message":"(cycling) check for queueing executions","timestamp":"2025-04-12 00:41:58"}
{"level":"info","message":"no execution in db queued to process","timestamp":"2025-04-12 00:41:58"}
{"level":"info","message":"(cycling) check for queueing executions","timestamp":"2025-04-12 00:46:58"}
{"level":"info","message":"no execution in db queued to process","timestamp":"2025-04-12 00:46:58"}
{"level":"info","message":"(cycling) check for queueing executions","timestamp":"2025-04-12 00:51:58"}
{"level":"info","message":"no execution in db queued to process","timestamp":"2025-04-12 00:51:58"}
{"level":"info","message":"(cycling) check for queueing executions","timestamp":"2025-04-12 00:56:58"}
{"level":"info","message":"no execution in db queued to process","timestamp":"2025-04-12 00:56:58"}
{"level":"info","message":"(cycling) check for queueing executions","timestamp":"2025-04-12 01:01:58"}
{"level":"info","message":"no execution in db queued to process","timestamp":"2025-04-12 01:01:58"}
{"level":"info","message":"(cycling) check for queueing executions","timestamp":"2025-04-12 01:06:58"}
{"level":"info","message":"no execution in db queued to process","timestamp":"2025-04-12 01:06:58"}
{"level":"info","message":"(cycling) check for queueing executions","timestamp":"2025-04-12 01:11:58"}
{"level":"info","message":"no execution in db queued to process","timestamp":"2025-04-12 01:11:58"}
{"level":"info","message":"(cycling) check for queueing executions","timestamp":"2025-04-12 01:16:58"}
{"level":"info","message":"no execution in db queued to process","timestamp":"2025-04-12 01:16:58"}
{"level":"info","message":"(cycling) check for queueing executions","timestamp":"2025-04-12 01:21:58"}
{"level":"info","message":"no execution in db queued to process","timestamp":"2025-04-12 01:21:58"}
{"level":"info","message":"(cycling) check for queueing executions","timestamp":"2025-04-12 01:26:58"}
{"level":"info","message":"no execution in db queued to process","timestamp":"2025-04-12 01:26:58"}
{"level":"info","message":"(cycling) check for queueing executions","timestamp":"2025-04-12 01:31:58"}
{"level":"info","message":"no execution in db queued to process","timestamp":"2025-04-12 01:31:58"}
{"level":"info","message":"(starting) check for queueing executions","timestamp":"2025-04-12 05:09:53"}
{"level":"info","message":"no execution in db queued to process","timestamp":"2025-04-12 05:09:53"}
{"level":"info","message":"(cycling) check for queueing executions","timestamp":"2025-04-12 05:14:53"}
{"level":"info","message":"no execution in db queued to process","timestamp":"2025-04-12 05:14:53"}
{"level":"info","message":"(cycling) check for queueing executions","timestamp":"2025-04-12 05:21:40"}
{"level":"info","message":"no execution in db queued to process","timestamp":"2025-04-12 05:21:40"}
{"level":"info","message":"(cycling) check for queueing executions","timestamp":"2025-04-12 05:26:40"}
{"level":"info","message":"no execution in db queued to process","timestamp":"2025-04-12 05:26:40"}
{"level":"info","message":"(cycling) check for queueing executions","timestamp":"2025-04-12 05:31:40"}
{"level":"info","message":"no execution in db queued to process","timestamp":"2025-04-12 05:31:40"}
{"level":"info","message":"(cycling) check for queueing executions","timestamp":"2025-04-12 05:36:40"}
{"level":"info","message":"no execution in db queued to process","timestamp":"2025-04-12 05:36:40"}
{"level":"info","message":"no more events need to be prepared, dispatching...","timestamp":"2025-04-12 05:36:51"}
{"level":"info","message":"last process finished, will do another dispatch","timestamp":"2025-04-12 05:36:51"}
{"level":"info","message":"no execution in db queued to process","timestamp":"2025-04-12 05:36:51"}
{"level":"info","message":"(cycling) check for queueing executions","timestamp":"2025-04-12 05:41:40"}
{"level":"info","message":"no execution in db queued to process","timestamp":"2025-04-12 05:41:40"}
{"level":"info","message":"no more events need to be prepared, dispatching...","timestamp":"2025-04-12 05:41:59"}
{"level":"info","message":"last process finished, will do another dispatch","timestamp":"2025-04-12 05:41:59"}
{"level":"info","message":"no execution in db queued to process","timestamp":"2025-04-12 05:41:59"}
{"level":"info","message":"(cycling) check for queueing executions","timestamp":"2025-04-12 05:46:40"}
{"level":"info","message":"no execution in db queued to process","timestamp":"2025-04-12 05:46:40"}
{"level":"info","message":"(cycling) check for queueing executions","timestamp":"2025-04-12 05:51:40"}
{"level":"info","message":"no execution in db queued to process","timestamp":"2025-04-12 05:51:40"}
{"level":"info","message":"(cycling) check for queueing executions","timestamp":"2025-04-12 05:56:40"}
{"level":"info","message":"no execution in db queued to process","timestamp":"2025-04-12 05:56:40"}
{"level":"info","message":"(cycling) check for queueing executions","timestamp":"2025-04-12 06:01:40"}
{"level":"info","message":"no execution in db queued to process","timestamp":"2025-04-12 06:01:40"}
{"level":"info","message":"(cycling) check for queueing executions","timestamp":"2025-04-12 06:06:40"}
{"level":"info","message":"no execution in db queued to process","timestamp":"2025-04-12 06:06:40"}
{"level":"info","message":"(cycling) check for queueing executions","timestamp":"2025-04-12 06:11:40"}
{"level":"info","message":"no execution in db queued to process","timestamp":"2025-04-12 06:11:40"}
{"level":"info","message":"(cycling) check for queueing executions","timestamp":"2025-04-12 06:16:40"}
{"level":"info","message":"no execution in db queued to process","timestamp":"2025-04-12 06:16:40"}
{"level":"info","message":"(cycling) check for queueing executions","timestamp":"2025-04-12 06:21:40"}
{"level":"info","message":"no execution in db queued to process","timestamp":"2025-04-12 06:21:40"}
{"level":"info","message":"(cycling) check for queueing executions","timestamp":"2025-04-12 06:26:40"}
{"level":"info","message":"no execution in db queued to process","timestamp":"2025-04-12 06:26:40"}
{"level":"info","message":"(cycling) check for queueing executions","timestamp":"2025-04-12 06:31:40"}
{"level":"info","message":"no execution in db queued to process","timestamp":"2025-04-12 06:31:40"}
{"level":"info","message":"(cycling) check for queueing executions","timestamp":"2025-04-12 06:36:40"}
{"level":"info","message":"no execution in db queued to process","timestamp":"2025-04-12 06:36:40"}
{"level":"info","message":"(cycling) check for queueing executions","timestamp":"2025-04-12 06:41:40"}
{"level":"info","message":"no execution in db queued to process","timestamp":"2025-04-12 06:41:40"}
{"level":"info","message":"(cycling) check for queueing executions","timestamp":"2025-04-12 06:46:40"}
{"level":"info","message":"no execution in db queued to process","timestamp":"2025-04-12 06:46:40"}
{"level":"info","message":"(cycling) check for queueing executions","timestamp":"2025-04-12 06:51:40"}
{"level":"info","message":"no execution in db queued to process","timestamp":"2025-04-12 06:51:40"}
{"level":"info","message":"(cycling) check for queueing executions","timestamp":"2025-04-12 06:56:40"}
{"level":"info","message":"no execution in db queued to process","timestamp":"2025-04-12 06:56:40"}
{"level":"info","message":"(cycling) check for queueing executions","timestamp":"2025-04-12 09:13:56"}
{"level":"info","message":"no execution in db queued to process","timestamp":"2025-04-12 09:13:56"}
{"level":"info","message":"(cycling) check for queueing executions","timestamp":"2025-04-12 09:29:03"}
{"level":"info","message":"no execution in db queued to process","timestamp":"2025-04-12 09:29:03"}
{"level":"info","message":"(cycling) check for queueing executions","timestamp":"2025-04-12 09:34:03"}
{"level":"info","message":"no execution in db queued to process","timestamp":"2025-04-12 09:34:03"}
{"level":"info","message":"(cycling) check for queueing executions","timestamp":"2025-04-12 09:39:03"}
{"level":"info","message":"no execution in db queued to process","timestamp":"2025-04-12 09:39:03"}
{"level":"info","message":"(cycling) check for queueing executions","timestamp":"2025-04-12 09:44:03"}
{"level":"info","message":"no execution in db queued to process","timestamp":"2025-04-12 09:44:03"}
{"level":"info","message":"(starting) check for queueing executions","timestamp":"2025-04-12 10:45:17"}
{"level":"info","message":"no execution in db queued to process","timestamp":"2025-04-12 10:45:17"}
{"level":"info","message":"no more events need to be prepared, dispatching...","timestamp":"2025-04-12 10:45:56"}
{"level":"info","message":"last process finished, will do another dispatch","timestamp":"2025-04-12 10:45:56"}
{"level":"info","message":"no execution in db queued to process","timestamp":"2025-04-12 10:45:56"}
{"level":"info","message":"(cycling) check for queueing executions","timestamp":"2025-04-12 10:50:17"}
{"level":"info","message":"no execution in db queued to process","timestamp":"2025-04-12 10:50:17"}
{"level":"info","message":"no more events need to be prepared, dispatching...","timestamp":"2025-04-12 10:54:20"}
{"level":"info","message":"no more events need to be prepared, dispatching...","timestamp":"2025-04-12 10:54:20"}
{"level":"info","message":"last process finished, will do another dispatch","timestamp":"2025-04-12 10:54:20"}
{"level":"warn","message":"workflow executing is not finished, new dispatching will be ignored","timestamp":"2025-04-12 10:54:20"}
{"level":"info","message":"no more events need to be prepared, dispatching...","timestamp":"2025-04-12 10:54:20"}
{"level":"info","message":"last process finished, will do another dispatch","timestamp":"2025-04-12 10:54:20"}
{"level":"warn","message":"workflow executing is not finished, new dispatching will be ignored","timestamp":"2025-04-12 10:54:20"}
{"level":"info","message":"no more events need to be prepared, dispatching...","timestamp":"2025-04-12 10:54:20"}
{"level":"info","message":"no more events need to be prepared, dispatching...","timestamp":"2025-04-12 10:54:20"}
{"level":"info","message":"last process finished, will do another dispatch","timestamp":"2025-04-12 10:54:20"}
{"level":"warn","message":"workflow executing is not finished, new dispatching will be ignored","timestamp":"2025-04-12 10:54:20"}
{"level":"warn","message":"workflow executing is not finished, new dispatching will be ignored","timestamp":"2025-04-12 10:54:20"}
{"level":"info","message":"no more events need to be prepared, dispatching...","timestamp":"2025-04-12 10:54:20"}
{"level":"info","message":"last process finished, will do another dispatch","timestamp":"2025-04-12 10:54:21"}
{"level":"warn","message":"workflow executing is not finished, new dispatching will be ignored","timestamp":"2025-04-12 10:54:21"}
{"level":"info","message":"no more events need to be prepared, dispatching...","timestamp":"2025-04-12 10:54:21"}
{"level":"info","message":"no more events need to be prepared, dispatching...","timestamp":"2025-04-12 10:54:21"}
{"level":"info","message":"last process finished, will do another dispatch","timestamp":"2025-04-12 10:54:21"}
{"level":"warn","message":"workflow executing is not finished, new dispatching will be ignored","timestamp":"2025-04-12 10:54:21"}
{"level":"warn","message":"workflow executing is not finished, new dispatching will be ignored","timestamp":"2025-04-12 10:54:21"}
{"level":"info","message":"no more events need to be prepared, dispatching...","timestamp":"2025-04-12 10:54:21"}
{"level":"info","message":"no more events need to be prepared, dispatching...","timestamp":"2025-04-12 10:54:21"}
{"level":"info","message":"last process finished, will do another dispatch","timestamp":"2025-04-12 10:54:21"}
{"level":"warn","message":"workflow executing is not finished, new dispatching will be ignored","timestamp":"2025-04-12 10:54:21"}
{"level":"warn","message":"workflow executing is not finished, new dispatching will be ignored","timestamp":"2025-04-12 10:54:21"}
{"level":"info","message":"last process finished, will do another dispatch","timestamp":"2025-04-12 10:54:21"}
{"level":"info","message":"last process finished, will do another dispatch","timestamp":"2025-04-12 10:54:21"}
{"level":"info","message":"last process finished, will do another dispatch","timestamp":"2025-04-12 10:54:21"}
{"level":"info","message":"last process finished, will do another dispatch","timestamp":"2025-04-12 10:54:21"}
{"level":"info","message":"no execution in db queued to process","timestamp":"2025-04-12 10:54:21"}
{"level":"info","message":"(cycling) check for queueing executions","timestamp":"2025-04-12 10:55:17"}
{"level":"info","message":"no execution in db queued to process","timestamp":"2025-04-12 10:55:17"}
{"level":"info","message":"(cycling) check for queueing executions","timestamp":"2025-04-12 11:00:17"}
{"level":"info","message":"no execution in db queued to process","timestamp":"2025-04-12 11:00:17"}
{"level":"info","message":"(cycling) check for queueing executions","timestamp":"2025-04-12 11:05:17"}
{"level":"info","message":"no execution in db queued to process","timestamp":"2025-04-12 11:05:17"}
{"level":"info","message":"(cycling) check for queueing executions","timestamp":"2025-04-12 11:10:17"}
{"level":"info","message":"no execution in db queued to process","timestamp":"2025-04-12 11:10:17"}
{"level":"info","message":"(cycling) check for queueing executions","timestamp":"2025-04-12 11:15:17"}
{"level":"info","message":"no execution in db queued to process","timestamp":"2025-04-12 11:15:17"}
{"level":"info","message":"(cycling) check for queueing executions","timestamp":"2025-04-12 11:20:17"}
{"level":"info","message":"no execution in db queued to process","timestamp":"2025-04-12 11:20:17"}
{"level":"info","message":"(cycling) check for queueing executions","timestamp":"2025-04-12 11:25:17"}
{"level":"info","message":"no execution in db queued to process","timestamp":"2025-04-12 11:25:17"}
{"level":"info","message":"(cycling) check for queueing executions","timestamp":"2025-04-12 11:30:17"}
{"level":"info","message":"no execution in db queued to process","timestamp":"2025-04-12 11:30:17"}
{"level":"info","message":"(cycling) check for queueing executions","timestamp":"2025-04-12 11:35:17"}
{"level":"info","message":"no execution in db queued to process","timestamp":"2025-04-12 11:35:17"}
{"level":"info","message":"(cycling) check for queueing executions","timestamp":"2025-04-12 11:40:17"}
{"level":"info","message":"no execution in db queued to process","timestamp":"2025-04-12 11:40:17"}
{"level":"info","message":"(cycling) check for queueing executions","timestamp":"2025-04-12 11:45:17"}
{"level":"info","message":"no execution in db queued to process","timestamp":"2025-04-12 11:45:17"}
{"level":"info","message":"(cycling) check for queueing executions","timestamp":"2025-04-12 11:50:17"}
{"level":"info","message":"no execution in db queued to process","timestamp":"2025-04-12 11:50:17"}
{"level":"info","message":"(cycling) check for queueing executions","timestamp":"2025-04-12 11:55:17"}
{"level":"info","message":"no execution in db queued to process","timestamp":"2025-04-12 11:55:17"}
{"level":"info","message":"(cycling) check for queueing executions","timestamp":"2025-04-12 12:00:17"}
{"level":"info","message":"no execution in db queued to process","timestamp":"2025-04-12 12:00:17"}
{"level":"info","message":"(cycling) check for queueing executions","timestamp":"2025-04-12 12:05:17"}
{"level":"info","message":"no execution in db queued to process","timestamp":"2025-04-12 12:05:17"}
{"level":"info","message":"(cycling) check for queueing executions","timestamp":"2025-04-12 12:10:17"}
{"level":"info","message":"no execution in db queued to process","timestamp":"2025-04-12 12:10:17"}
{"level":"info","message":"(cycling) check for queueing executions","timestamp":"2025-04-12 12:15:17"}
{"level":"info","message":"no execution in db queued to process","timestamp":"2025-04-12 12:15:17"}
{"level":"info","message":"(cycling) check for queueing executions","timestamp":"2025-04-12 12:20:17"}
{"level":"info","message":"no execution in db queued to process","timestamp":"2025-04-12 12:20:17"}
{"level":"info","message":"(cycling) check for queueing executions","timestamp":"2025-04-12 12:25:17"}
{"level":"info","message":"no execution in db queued to process","timestamp":"2025-04-12 12:25:17"}
{"level":"info","message":"(cycling) check for queueing executions","timestamp":"2025-04-12 12:30:17"}
{"level":"info","message":"no execution in db queued to process","timestamp":"2025-04-12 12:30:17"}
{"level":"info","message":"(cycling) check for queueing executions","timestamp":"2025-04-12 12:35:17"}
{"level":"info","message":"no execution in db queued to process","timestamp":"2025-04-12 12:35:17"}
{"level":"info","message":"(cycling) check for queueing executions","timestamp":"2025-04-12 12:40:17"}
{"level":"info","message":"no execution in db queued to process","timestamp":"2025-04-12 12:40:17"}
{"level":"info","message":"(cycling) check for queueing executions","timestamp":"2025-04-12 12:45:17"}
{"level":"info","message":"no execution in db queued to process","timestamp":"2025-04-12 12:45:17"}
{"level":"info","message":"(cycling) check for queueing executions","timestamp":"2025-04-12 12:50:17"}
{"level":"info","message":"no execution in db queued to process","timestamp":"2025-04-12 12:50:17"}
{"level":"info","message":"(cycling) check for queueing executions","timestamp":"2025-04-12 12:55:17"}
{"level":"info","message":"no execution in db queued to process","timestamp":"2025-04-12 12:55:17"}
{"level":"info","message":"no more events need to be prepared, dispatching...","timestamp":"2025-04-12 13:00:13"}
{"level":"info","message":"last process finished, will do another dispatch","timestamp":"2025-04-12 13:00:13"}
{"level":"info","message":"last process finished, will do another dispatch","timestamp":"2025-04-12 13:00:13"}
{"level":"info","message":"last process finished, will do another dispatch","timestamp":"2025-04-12 13:00:13"}
{"level":"info","message":"last process finished, will do another dispatch","timestamp":"2025-04-12 13:00:13"}
{"level":"info","message":"last process finished, will do another dispatch","timestamp":"2025-04-12 13:00:13"}
{"level":"info","message":"no execution in db queued to process","timestamp":"2025-04-12 13:00:13"}
{"level":"info","message":"(cycling) check for queueing executions","timestamp":"2025-04-12 13:00:17"}
{"level":"info","message":"no execution in db queued to process","timestamp":"2025-04-12 13:00:17"}
{"level":"info","message":"no more events need to be prepared, dispatching...","timestamp":"2025-04-12 13:01:09"}
{"level":"info","message":"no more events need to be prepared, dispatching...","timestamp":"2025-04-12 13:01:10"}
{"level":"info","message":"no more events need to be prepared, dispatching...","timestamp":"2025-04-12 13:01:10"}
{"level":"info","message":"no more events need to be prepared, dispatching...","timestamp":"2025-04-12 13:01:10"}
{"level":"info","message":"no more events need to be prepared, dispatching...","timestamp":"2025-04-12 13:01:10"}
{"level":"info","message":"no more events need to be prepared, dispatching...","timestamp":"2025-04-12 13:01:10"}
{"level":"info","message":"no more events need to be prepared, dispatching...","timestamp":"2025-04-12 13:01:10"}
{"level":"info","message":"no more events need to be prepared, dispatching...","timestamp":"2025-04-12 13:01:11"}
{"level":"info","message":"no more events need to be prepared, dispatching...","timestamp":"2025-04-12 13:01:11"}
{"level":"info","message":"no more events need to be prepared, dispatching...","timestamp":"2025-04-12 13:01:11"}
{"level":"info","message":"last process finished, will do another dispatch","timestamp":"2025-04-12 13:01:12"}
{"level":"warn","message":"workflow executing is not finished, new dispatching will be ignored","timestamp":"2025-04-12 13:01:12"}
{"level":"warn","message":"workflow executing is not finished, new dispatching will be ignored","timestamp":"2025-04-12 13:01:12"}
{"level":"warn","message":"workflow executing is not finished, new dispatching will be ignored","timestamp":"2025-04-12 13:01:12"}
{"level":"warn","message":"workflow executing is not finished, new dispatching will be ignored","timestamp":"2025-04-12 13:01:12"}
{"level":"warn","message":"workflow executing is not finished, new dispatching will be ignored","timestamp":"2025-04-12 13:01:12"}
{"level":"warn","message":"workflow executing is not finished, new dispatching will be ignored","timestamp":"2025-04-12 13:01:12"}
{"level":"warn","message":"workflow executing is not finished, new dispatching will be ignored","timestamp":"2025-04-12 13:01:12"}
{"level":"warn","message":"workflow executing is not finished, new dispatching will be ignored","timestamp":"2025-04-12 13:01:12"}
{"level":"warn","message":"workflow executing is not finished, new dispatching will be ignored","timestamp":"2025-04-12 13:01:12"}
{"level":"info","message":"no more events need to be prepared, dispatching...","timestamp":"2025-04-12 13:01:12"}
{"level":"info","message":"last process finished, will do another dispatch","timestamp":"2025-04-12 13:01:12"}
{"level":"warn","message":"workflow executing is not finished, new dispatching will be ignored","timestamp":"2025-04-12 13:01:12"}
{"level":"info","message":"last process finished, will do another dispatch","timestamp":"2025-04-12 13:01:12"}
{"level":"info","message":"last process finished, will do another dispatch","timestamp":"2025-04-12 13:01:12"}
{"level":"info","message":"last process finished, will do another dispatch","timestamp":"2025-04-12 13:01:12"}
{"level":"info","message":"last process finished, will do another dispatch","timestamp":"2025-04-12 13:01:12"}
{"level":"info","message":"last process finished, will do another dispatch","timestamp":"2025-04-12 13:01:12"}
{"level":"info","message":"last process finished, will do another dispatch","timestamp":"2025-04-12 13:01:12"}
{"level":"info","message":"last process finished, will do another dispatch","timestamp":"2025-04-12 13:01:12"}
{"level":"info","message":"last process finished, will do another dispatch","timestamp":"2025-04-12 13:01:13"}
{"level":"info","message":"last process finished, will do another dispatch","timestamp":"2025-04-12 13:01:13"}
{"level":"info","message":"no execution in db queued to process","timestamp":"2025-04-12 13:01:13"}
{"level":"info","message":"no more events need to be prepared, dispatching...","timestamp":"2025-04-12 13:03:19"}
{"level":"info","message":"last process finished, will do another dispatch","timestamp":"2025-04-12 13:03:19"}
{"level":"info","message":"no execution in db queued to process","timestamp":"2025-04-12 13:03:19"}
{"level":"info","message":"no more events need to be prepared, dispatching...","timestamp":"2025-04-12 13:03:42"}
{"level":"info","message":"last process finished, will do another dispatch","timestamp":"2025-04-12 13:03:42"}
{"level":"info","message":"no execution in db queued to process","timestamp":"2025-04-12 13:03:42"}
{"level":"info","message":"no more events need to be prepared, dispatching...","timestamp":"2025-04-12 13:03:49"}
{"level":"info","message":"last process finished, will do another dispatch","timestamp":"2025-04-12 13:03:49"}
{"level":"info","message":"no execution in db queued to process","timestamp":"2025-04-12 13:03:49"}
{"level":"info","message":"no more events need to be prepared, dispatching...","timestamp":"2025-04-12 13:04:06"}
{"level":"info","message":"last process finished, will do another dispatch","timestamp":"2025-04-12 13:04:06"}
{"level":"info","message":"no execution in db queued to process","timestamp":"2025-04-12 13:04:06"}
{"level":"info","message":"(cycling) check for queueing executions","timestamp":"2025-04-12 13:05:17"}
{"level":"info","message":"no execution in db queued to process","timestamp":"2025-04-12 13:05:17"}
{"level":"info","message":"no more events need to be prepared, dispatching...","timestamp":"2025-04-12 13:06:27"}
{"level":"info","message":"last process finished, will do another dispatch","timestamp":"2025-04-12 13:06:27"}
{"level":"info","message":"no execution in db queued to process","timestamp":"2025-04-12 13:06:27"}
{"level":"info","message":"(cycling) check for queueing executions","timestamp":"2025-04-12 13:10:17"}
{"level":"info","message":"no execution in db queued to process","timestamp":"2025-04-12 13:10:18"}
{"level":"info","message":"(cycling) check for queueing executions","timestamp":"2025-04-12 13:15:16"}
{"level":"info","message":"no execution in db queued to process","timestamp":"2025-04-12 13:15:17"}
{"level":"info","message":"no more events need to be prepared, dispatching...","timestamp":"2025-04-12 13:15:22"}
{"level":"info","message":"last process finished, will do another dispatch","timestamp":"2025-04-12 13:15:22"}
{"level":"info","message":"no execution in db queued to process","timestamp":"2025-04-12 13:15:22"}
{"level":"info","message":"(cycling) check for queueing executions","timestamp":"2025-04-12 13:20:16"}
{"level":"info","message":"no execution in db queued to process","timestamp":"2025-04-12 13:20:17"}
{"level":"info","message":"(cycling) check for queueing executions","timestamp":"2025-04-12 13:25:16"}
{"level":"info","message":"no execution in db queued to process","timestamp":"2025-04-12 13:25:16"}
{"level":"info","message":"(cycling) check for queueing executions","timestamp":"2025-04-12 13:30:16"}
{"level":"info","message":"no execution in db queued to process","timestamp":"2025-04-12 13:30:16"}
{"level":"info","message":"(cycling) check for queueing executions","timestamp":"2025-04-12 13:35:16"}
{"level":"info","message":"no execution in db queued to process","timestamp":"2025-04-12 13:35:16"}
{"level":"info","message":"(cycling) check for queueing executions","timestamp":"2025-04-12 13:40:16"}
{"level":"info","message":"no execution in db queued to process","timestamp":"2025-04-12 13:40:16"}
{"level":"info","message":"(cycling) check for queueing executions","timestamp":"2025-04-12 13:45:28"}
{"level":"info","message":"no execution in db queued to process","timestamp":"2025-04-12 13:45:28"}
{"level":"info","message":"(cycling) check for queueing executions","timestamp":"2025-04-12 13:50:28"}
{"level":"info","message":"no execution in db queued to process","timestamp":"2025-04-12 13:50:28"}
{"level":"info","message":"(cycling) check for queueing executions","timestamp":"2025-04-12 13:55:28"}
{"level":"info","message":"no execution in db queued to process","timestamp":"2025-04-12 13:55:28"}
{"level":"info","message":"(cycling) check for queueing executions","timestamp":"2025-04-12 14:00:28"}
{"level":"info","message":"no execution in db queued to process","timestamp":"2025-04-12 14:00:28"}
{"level":"info","message":"(cycling) check for queueing executions","timestamp":"2025-04-12 14:05:28"}
{"level":"info","message":"no execution in db queued to process","timestamp":"2025-04-12 14:05:28"}
{"level":"info","message":"(cycling) check for queueing executions","timestamp":"2025-04-12 14:10:28"}
{"level":"info","message":"no execution in db queued to process","timestamp":"2025-04-12 14:10:28"}
{"level":"info","message":"(cycling) check for queueing executions","timestamp":"2025-04-12 14:15:28"}
{"level":"info","message":"no execution in db queued to process","timestamp":"2025-04-12 14:15:28"}
{"level":"info","message":"(cycling) check for queueing executions","timestamp":"2025-04-12 14:23:24"}
{"level":"info","message":"no execution in db queued to process","timestamp":"2025-04-12 14:23:25"}
{"level":"info","message":"(cycling) check for queueing executions","timestamp":"2025-04-12 14:28:24"}
{"level":"info","message":"no execution in db queued to process","timestamp":"2025-04-12 14:28:25"}
{"level":"info","message":"(cycling) check for queueing executions","timestamp":"2025-04-12 14:33:24"}
{"level":"info","message":"no execution in db queued to process","timestamp":"2025-04-12 14:33:25"}
{"level":"info","message":"(cycling) check for queueing executions","timestamp":"2025-04-12 14:38:24"}
{"level":"info","message":"no execution in db queued to process","timestamp":"2025-04-12 14:38:24"}
{"level":"info","message":"(cycling) check for queueing executions","timestamp":"2025-04-12 14:43:24"}
{"level":"info","message":"no execution in db queued to process","timestamp":"2025-04-12 14:43:24"}
{"level":"info","message":"(cycling) check for queueing executions","timestamp":"2025-04-12 14:48:24"}
{"level":"info","message":"no execution in db queued to process","timestamp":"2025-04-12 14:48:24"}
{"level":"info","message":"(cycling) check for queueing executions","timestamp":"2025-04-12 14:53:24"}
{"level":"info","message":"no execution in db queued to process","timestamp":"2025-04-12 14:53:25"}
{"level":"info","message":"(cycling) check for queueing executions","timestamp":"2025-04-12 14:58:24"}
{"level":"info","message":"no execution in db queued to process","timestamp":"2025-04-12 14:58:24"}
{"level":"info","message":"(cycling) check for queueing executions","timestamp":"2025-04-12 15:03:24"}
{"level":"info","message":"no execution in db queued to process","timestamp":"2025-04-12 15:03:24"}
{"level":"info","message":"(cycling) check for queueing executions","timestamp":"2025-04-12 15:08:24"}
{"level":"info","message":"no execution in db queued to process","timestamp":"2025-04-12 15:08:24"}
{"level":"info","message":"(cycling) check for queueing executions","timestamp":"2025-04-12 15:13:24"}
{"level":"info","message":"no execution in db queued to process","timestamp":"2025-04-12 15:13:24"}
{"level":"info","message":"(cycling) check for queueing executions","timestamp":"2025-04-12 15:18:24"}
{"level":"info","message":"no execution in db queued to process","timestamp":"2025-04-12 15:18:26"}
{"level":"info","message":"(cycling) check for queueing executions","timestamp":"2025-04-12 15:23:24"}
{"level":"info","message":"no execution in db queued to process","timestamp":"2025-04-12 15:23:24"}
{"level":"info","message":"(cycling) check for queueing executions","timestamp":"2025-04-12 15:28:24"}
{"level":"info","message":"no execution in db queued to process","timestamp":"2025-04-12 15:28:24"}
{"level":"info","message":"(cycling) check for queueing executions","timestamp":"2025-04-12 15:33:24"}
{"level":"info","message":"no execution in db queued to process","timestamp":"2025-04-12 15:33:24"}
{"level":"info","message":"(cycling) check for queueing executions","timestamp":"2025-04-12 15:38:24"}
{"level":"info","message":"no execution in db queued to process","timestamp":"2025-04-12 15:38:24"}
{"level":"info","message":"(cycling) check for queueing executions","timestamp":"2025-04-12 15:43:24"}
{"level":"info","message":"no execution in db queued to process","timestamp":"2025-04-12 15:43:24"}
{"level":"info","message":"(cycling) check for queueing executions","timestamp":"2025-04-12 15:48:24"}
{"level":"info","message":"no execution in db queued to process","timestamp":"2025-04-12 15:48:24"}
{"level":"info","message":"(cycling) check for queueing executions","timestamp":"2025-04-12 15:53:24"}
{"level":"info","message":"no execution in db queued to process","timestamp":"2025-04-12 15:53:24"}
{"level":"info","message":"(cycling) check for queueing executions","timestamp":"2025-04-12 15:58:24"}
{"level":"info","message":"no execution in db queued to process","timestamp":"2025-04-12 15:58:24"}
{"level":"info","message":"(cycling) check for queueing executions","timestamp":"2025-04-12 16:03:24"}
{"level":"info","message":"no execution in db queued to process","timestamp":"2025-04-12 16:03:24"}
{"level":"info","message":"(cycling) check for queueing executions","timestamp":"2025-04-12 16:08:24"}
{"level":"info","message":"no execution in db queued to process","timestamp":"2025-04-12 16:08:24"}
{"level":"info","message":"(cycling) check for queueing executions","timestamp":"2025-04-12 16:13:24"}
{"level":"info","message":"no execution in db queued to process","timestamp":"2025-04-12 16:13:24"}
{"level":"info","message":"(cycling) check for queueing executions","timestamp":"2025-04-12 16:18:24"}
{"level":"info","message":"no execution in db queued to process","timestamp":"2025-04-12 16:18:24"}
