{"level":"info","message":"(starting) check for queueing executions","timestamp":"2025-04-07 10:52:00"}
{"level":"info","message":"no execution in db queued to process","timestamp":"2025-04-07 10:52:00"}
{"level":"info","message":"(starting) check for queueing executions","timestamp":"2025-04-07 10:56:16"}
{"level":"info","message":"no execution in db queued to process","timestamp":"2025-04-07 10:56:16"}
{"level":"info","message":"(cycling) check for queueing executions","timestamp":"2025-04-07 11:01:16"}
{"level":"info","message":"no execution in db queued to process","timestamp":"2025-04-07 11:01:16"}
{"level":"info","message":"(starting) check for queueing executions","timestamp":"2025-04-07 11:05:27"}
{"level":"info","message":"no execution in db queued to process","timestamp":"2025-04-07 11:05:27"}
{"level":"info","message":"(starting) check for queueing executions","timestamp":"2025-04-07 11:07:46"}
{"level":"info","message":"no execution in db queued to process","timestamp":"2025-04-07 11:07:46"}
{"level":"info","message":"(starting) check for queueing executions","timestamp":"2025-04-07 11:10:34"}
{"level":"info","message":"no execution in db queued to process","timestamp":"2025-04-07 11:10:34"}
{"level":"info","message":"(cycling) check for queueing executions","timestamp":"2025-04-07 11:15:34"}
{"level":"info","message":"no execution in db queued to process","timestamp":"2025-04-07 11:15:34"}
{"level":"info","message":"(cycling) check for queueing executions","timestamp":"2025-04-07 11:20:34"}
{"level":"info","message":"no execution in db queued to process","timestamp":"2025-04-07 11:20:34"}
{"level":"info","message":"(cycling) check for queueing executions","timestamp":"2025-04-07 11:25:34"}
{"level":"info","message":"no execution in db queued to process","timestamp":"2025-04-07 11:25:34"}
{"level":"info","message":"(cycling) check for queueing executions","timestamp":"2025-04-07 11:30:34"}
{"level":"info","message":"no execution in db queued to process","timestamp":"2025-04-07 11:30:34"}
{"level":"info","message":"(cycling) check for queueing executions","timestamp":"2025-04-07 11:35:34"}
{"level":"info","message":"no execution in db queued to process","timestamp":"2025-04-07 11:35:34"}
{"level":"info","message":"(cycling) check for queueing executions","timestamp":"2025-04-07 11:40:34"}
{"level":"info","message":"no execution in db queued to process","timestamp":"2025-04-07 11:40:34"}
{"level":"info","message":"(cycling) check for queueing executions","timestamp":"2025-04-07 11:45:34"}
{"level":"info","message":"no execution in db queued to process","timestamp":"2025-04-07 11:45:34"}
{"level":"info","message":"(cycling) check for queueing executions","timestamp":"2025-04-07 11:50:34"}
{"level":"info","message":"no execution in db queued to process","timestamp":"2025-04-07 11:50:34"}
{"level":"info","message":"(cycling) check for queueing executions","timestamp":"2025-04-07 11:55:34"}
{"level":"info","message":"no execution in db queued to process","timestamp":"2025-04-07 11:55:34"}
{"level":"info","message":"(cycling) check for queueing executions","timestamp":"2025-04-07 12:00:34"}
{"level":"info","message":"no execution in db queued to process","timestamp":"2025-04-07 12:00:34"}
{"level":"info","message":"(starting) check for queueing executions","timestamp":"2025-04-07 12:04:56"}
{"level":"info","message":"no execution in db queued to process","timestamp":"2025-04-07 12:04:56"}
{"level":"info","message":"(cycling) check for queueing executions","timestamp":"2025-04-07 12:09:56"}
{"level":"info","message":"no execution in db queued to process","timestamp":"2025-04-07 12:09:56"}
{"level":"info","message":"no more events need to be prepared, dispatching...","timestamp":"2025-04-07 12:13:45"}
{"level":"info","message":"last process finished, will do another dispatch","timestamp":"2025-04-07 12:13:45"}
{"level":"info","message":"no execution in db queued to process","timestamp":"2025-04-07 12:13:45"}
{"level":"info","message":"no more events need to be prepared, dispatching...","timestamp":"2025-04-07 12:13:51"}
{"level":"info","message":"last process finished, will do another dispatch","timestamp":"2025-04-07 12:13:51"}
{"level":"info","message":"no execution in db queued to process","timestamp":"2025-04-07 12:13:51"}
{"level":"info","message":"no more events need to be prepared, dispatching...","timestamp":"2025-04-07 12:14:05"}
{"level":"info","message":"last process finished, will do another dispatch","timestamp":"2025-04-07 12:14:05"}
{"level":"info","message":"no execution in db queued to process","timestamp":"2025-04-07 12:14:05"}
{"level":"info","message":"no more events need to be prepared, dispatching...","timestamp":"2025-04-07 12:14:12"}
{"level":"info","message":"last process finished, will do another dispatch","timestamp":"2025-04-07 12:14:13"}
{"level":"info","message":"no execution in db queued to process","timestamp":"2025-04-07 12:14:13"}
{"level":"info","message":"(cycling) check for queueing executions","timestamp":"2025-04-07 12:14:55"}
{"level":"info","message":"no execution in db queued to process","timestamp":"2025-04-07 12:14:56"}
{"level":"info","message":"(cycling) check for queueing executions","timestamp":"2025-04-07 12:19:55"}
{"level":"info","message":"no execution in db queued to process","timestamp":"2025-04-07 12:19:56"}
{"level":"info","message":"(cycling) check for queueing executions","timestamp":"2025-04-07 12:24:55"}
{"level":"info","message":"no execution in db queued to process","timestamp":"2025-04-07 12:24:56"}
{"level":"info","message":"(cycling) check for queueing executions","timestamp":"2025-04-07 12:29:55"}
{"level":"info","message":"no execution in db queued to process","timestamp":"2025-04-07 12:29:56"}
{"level":"info","message":"(cycling) check for queueing executions","timestamp":"2025-04-07 12:34:55"}
{"level":"info","message":"no execution in db queued to process","timestamp":"2025-04-07 12:34:55"}
{"level":"info","message":"no more events need to be prepared, dispatching...","timestamp":"2025-04-07 12:35:44"}
{"level":"info","message":"last process finished, will do another dispatch","timestamp":"2025-04-07 12:35:44"}
{"level":"info","message":"no execution in db queued to process","timestamp":"2025-04-07 12:35:44"}
{"level":"info","message":"no more events need to be prepared, dispatching...","timestamp":"2025-04-07 12:35:55"}
{"level":"info","message":"last process finished, will do another dispatch","timestamp":"2025-04-07 12:35:55"}
{"level":"info","message":"no execution in db queued to process","timestamp":"2025-04-07 12:35:55"}
{"level":"info","message":"no more events need to be prepared, dispatching...","timestamp":"2025-04-07 12:37:43"}
{"level":"info","message":"last process finished, will do another dispatch","timestamp":"2025-04-07 12:37:43"}
{"level":"info","message":"no execution in db queued to process","timestamp":"2025-04-07 12:37:43"}
{"level":"info","message":"no more events need to be prepared, dispatching...","timestamp":"2025-04-07 12:37:49"}
{"level":"info","message":"last process finished, will do another dispatch","timestamp":"2025-04-07 12:37:49"}
{"level":"info","message":"no execution in db queued to process","timestamp":"2025-04-07 12:37:49"}
{"level":"info","message":"no more events need to be prepared, dispatching...","timestamp":"2025-04-07 12:39:09"}
{"level":"info","message":"no more events need to be prepared, dispatching...","timestamp":"2025-04-07 12:39:09"}
{"level":"info","message":"no more events need to be prepared, dispatching...","timestamp":"2025-04-07 12:39:09"}
{"level":"info","message":"no more events need to be prepared, dispatching...","timestamp":"2025-04-07 12:39:09"}
{"level":"info","message":"last process finished, will do another dispatch","timestamp":"2025-04-07 12:39:09"}
{"level":"warn","message":"workflow executing is not finished, new dispatching will be ignored","timestamp":"2025-04-07 12:39:09"}
{"level":"warn","message":"workflow executing is not finished, new dispatching will be ignored","timestamp":"2025-04-07 12:39:09"}
{"level":"warn","message":"workflow executing is not finished, new dispatching will be ignored","timestamp":"2025-04-07 12:39:09"}
{"level":"info","message":"no more events need to be prepared, dispatching...","timestamp":"2025-04-07 12:39:09"}
{"level":"info","message":"last process finished, will do another dispatch","timestamp":"2025-04-07 12:39:09"}
{"level":"warn","message":"workflow executing is not finished, new dispatching will be ignored","timestamp":"2025-04-07 12:39:09"}
{"level":"info","message":"last process finished, will do another dispatch","timestamp":"2025-04-07 12:39:09"}
{"level":"info","message":"last process finished, will do another dispatch","timestamp":"2025-04-07 12:39:09"}
{"level":"info","message":"last process finished, will do another dispatch","timestamp":"2025-04-07 12:39:09"}
{"level":"info","message":"no execution in db queued to process","timestamp":"2025-04-07 12:39:09"}
{"level":"info","message":"(cycling) check for queueing executions","timestamp":"2025-04-07 12:39:55"}
{"level":"info","message":"no execution in db queued to process","timestamp":"2025-04-07 12:39:55"}
{"level":"info","message":"no more events need to be prepared, dispatching...","timestamp":"2025-04-07 12:41:14"}
{"level":"info","message":"last process finished, will do another dispatch","timestamp":"2025-04-07 12:41:14"}
{"level":"info","message":"no execution in db queued to process","timestamp":"2025-04-07 12:41:14"}
{"level":"info","message":"no more events need to be prepared, dispatching...","timestamp":"2025-04-07 12:41:20"}
{"level":"info","message":"last process finished, will do another dispatch","timestamp":"2025-04-07 12:41:20"}
{"level":"info","message":"no execution in db queued to process","timestamp":"2025-04-07 12:41:20"}
{"level":"info","message":"no more events need to be prepared, dispatching...","timestamp":"2025-04-07 12:44:47"}
{"level":"info","message":"last process finished, will do another dispatch","timestamp":"2025-04-07 12:44:47"}
{"level":"info","message":"no execution in db queued to process","timestamp":"2025-04-07 12:44:47"}
{"level":"info","message":"no more events need to be prepared, dispatching...","timestamp":"2025-04-07 12:44:52"}
{"level":"info","message":"last process finished, will do another dispatch","timestamp":"2025-04-07 12:44:52"}
{"level":"info","message":"no execution in db queued to process","timestamp":"2025-04-07 12:44:52"}
{"level":"info","message":"(cycling) check for queueing executions","timestamp":"2025-04-07 12:44:55"}
{"level":"info","message":"no execution in db queued to process","timestamp":"2025-04-07 12:44:55"}
{"level":"info","message":"no more events need to be prepared, dispatching...","timestamp":"2025-04-07 12:45:14"}
{"level":"info","message":"last process finished, will do another dispatch","timestamp":"2025-04-07 12:45:14"}
{"level":"info","message":"no execution in db queued to process","timestamp":"2025-04-07 12:45:14"}
{"level":"info","message":"no more events need to be prepared, dispatching...","timestamp":"2025-04-07 12:45:18"}
{"level":"info","message":"last process finished, will do another dispatch","timestamp":"2025-04-07 12:45:18"}
{"level":"info","message":"no execution in db queued to process","timestamp":"2025-04-07 12:45:18"}
{"level":"info","message":"(cycling) check for queueing executions","timestamp":"2025-04-07 12:49:55"}
{"level":"info","message":"no execution in db queued to process","timestamp":"2025-04-07 12:49:55"}
{"level":"info","message":"no more events need to be prepared, dispatching...","timestamp":"2025-04-07 12:54:32"}
{"level":"info","message":"last process finished, will do another dispatch","timestamp":"2025-04-07 12:54:32"}
{"level":"info","message":"no execution in db queued to process","timestamp":"2025-04-07 12:54:32"}
{"level":"info","message":"no more events need to be prepared, dispatching...","timestamp":"2025-04-07 12:54:36"}
{"level":"info","message":"last process finished, will do another dispatch","timestamp":"2025-04-07 12:54:36"}
{"level":"info","message":"no execution in db queued to process","timestamp":"2025-04-07 12:54:36"}
{"level":"info","message":"no more events need to be prepared, dispatching...","timestamp":"2025-04-07 12:54:43"}
{"level":"info","message":"last process finished, will do another dispatch","timestamp":"2025-04-07 12:54:43"}
{"level":"info","message":"no execution in db queued to process","timestamp":"2025-04-07 12:54:43"}
{"level":"info","message":"(cycling) check for queueing executions","timestamp":"2025-04-07 12:54:55"}
{"level":"info","message":"no execution in db queued to process","timestamp":"2025-04-07 12:54:55"}
{"level":"info","message":"(cycling) check for queueing executions","timestamp":"2025-04-07 12:59:55"}
{"level":"info","message":"no execution in db queued to process","timestamp":"2025-04-07 12:59:55"}
{"level":"info","message":"(cycling) check for queueing executions","timestamp":"2025-04-07 13:04:55"}
{"level":"info","message":"no execution in db queued to process","timestamp":"2025-04-07 13:04:55"}
{"level":"info","message":"(cycling) check for queueing executions","timestamp":"2025-04-07 13:09:55"}
{"level":"info","message":"no execution in db queued to process","timestamp":"2025-04-07 13:09:55"}
{"level":"info","message":"(cycling) check for queueing executions","timestamp":"2025-04-07 13:14:55"}
{"level":"info","message":"no execution in db queued to process","timestamp":"2025-04-07 13:14:55"}
{"level":"info","message":"(cycling) check for queueing executions","timestamp":"2025-04-07 13:19:55"}
{"level":"info","message":"no execution in db queued to process","timestamp":"2025-04-07 13:19:55"}
{"level":"info","message":"(starting) check for queueing executions","timestamp":"2025-04-07 13:23:13"}
{"level":"info","message":"no execution in db queued to process","timestamp":"2025-04-07 13:23:13"}
{"level":"info","message":"(cycling) check for queueing executions","timestamp":"2025-04-07 13:28:12"}
{"level":"info","message":"no execution in db queued to process","timestamp":"2025-04-07 13:28:13"}
{"level":"info","message":"(cycling) check for queueing executions","timestamp":"2025-04-07 13:33:12"}
{"level":"info","message":"no execution in db queued to process","timestamp":"2025-04-07 13:33:13"}
{"level":"info","message":"(cycling) check for queueing executions","timestamp":"2025-04-07 13:38:12"}
{"level":"info","message":"no execution in db queued to process","timestamp":"2025-04-07 13:38:13"}
{"level":"info","message":"no more events need to be prepared, dispatching...","timestamp":"2025-04-07 13:42:20"}
{"level":"info","message":"last process finished, will do another dispatch","timestamp":"2025-04-07 13:42:20"}
{"level":"info","message":"no execution in db queued to process","timestamp":"2025-04-07 13:42:20"}
{"level":"info","message":"no more events need to be prepared, dispatching...","timestamp":"2025-04-07 13:42:33"}
{"level":"info","message":"last process finished, will do another dispatch","timestamp":"2025-04-07 13:42:33"}
{"level":"info","message":"no execution in db queued to process","timestamp":"2025-04-07 13:42:33"}
{"level":"info","message":"no more events need to be prepared, dispatching...","timestamp":"2025-04-07 13:42:46"}
{"level":"info","message":"last process finished, will do another dispatch","timestamp":"2025-04-07 13:42:46"}
{"level":"info","message":"no execution in db queued to process","timestamp":"2025-04-07 13:42:46"}
{"level":"info","message":"no more events need to be prepared, dispatching...","timestamp":"2025-04-07 13:42:54"}
{"level":"info","message":"last process finished, will do another dispatch","timestamp":"2025-04-07 13:42:54"}
{"level":"info","message":"no execution in db queued to process","timestamp":"2025-04-07 13:42:54"}
{"level":"info","message":"no more events need to be prepared, dispatching...","timestamp":"2025-04-07 13:42:59"}
{"level":"info","message":"last process finished, will do another dispatch","timestamp":"2025-04-07 13:42:59"}
{"level":"info","message":"no execution in db queued to process","timestamp":"2025-04-07 13:42:59"}
{"level":"info","message":"no more events need to be prepared, dispatching...","timestamp":"2025-04-07 13:43:03"}
{"level":"info","message":"last process finished, will do another dispatch","timestamp":"2025-04-07 13:43:03"}
{"level":"info","message":"no execution in db queued to process","timestamp":"2025-04-07 13:43:03"}
{"level":"info","message":"(cycling) check for queueing executions","timestamp":"2025-04-07 13:43:12"}
{"level":"info","message":"no execution in db queued to process","timestamp":"2025-04-07 13:43:13"}
{"level":"info","message":"(cycling) check for queueing executions","timestamp":"2025-04-07 13:48:12"}
{"level":"info","message":"no execution in db queued to process","timestamp":"2025-04-07 13:48:13"}
{"level":"info","message":"no more events need to be prepared, dispatching...","timestamp":"2025-04-07 13:48:33"}
{"level":"info","message":"last process finished, will do another dispatch","timestamp":"2025-04-07 13:48:33"}
{"level":"info","message":"no execution in db queued to process","timestamp":"2025-04-07 13:48:33"}
{"level":"info","message":"no more events need to be prepared, dispatching...","timestamp":"2025-04-07 13:49:11"}
{"level":"info","message":"last process finished, will do another dispatch","timestamp":"2025-04-07 13:49:11"}
{"level":"info","message":"no execution in db queued to process","timestamp":"2025-04-07 13:49:11"}
{"level":"info","message":"(cycling) check for queueing executions","timestamp":"2025-04-07 13:53:12"}
{"level":"info","message":"no execution in db queued to process","timestamp":"2025-04-07 13:53:12"}
{"level":"info","message":"no more events need to be prepared, dispatching...","timestamp":"2025-04-07 13:55:24"}
{"level":"info","message":"last process finished, will do another dispatch","timestamp":"2025-04-07 13:55:24"}
{"level":"info","message":"no execution in db queued to process","timestamp":"2025-04-07 13:55:24"}
{"level":"info","message":"no more events need to be prepared, dispatching...","timestamp":"2025-04-07 13:55:37"}
{"level":"info","message":"last process finished, will do another dispatch","timestamp":"2025-04-07 13:55:37"}
{"level":"info","message":"no execution in db queued to process","timestamp":"2025-04-07 13:55:37"}
{"level":"info","message":"(cycling) check for queueing executions","timestamp":"2025-04-07 13:58:12"}
{"level":"info","message":"no execution in db queued to process","timestamp":"2025-04-07 13:58:12"}
{"level":"info","message":"no more events need to be prepared, dispatching...","timestamp":"2025-04-07 14:00:05"}
{"level":"info","message":"last process finished, will do another dispatch","timestamp":"2025-04-07 14:00:05"}
{"level":"info","message":"no execution in db queued to process","timestamp":"2025-04-07 14:00:05"}
{"level":"info","message":"no more events need to be prepared, dispatching...","timestamp":"2025-04-07 14:01:50"}
{"level":"info","message":"last process finished, will do another dispatch","timestamp":"2025-04-07 14:01:51"}
{"level":"info","message":"no execution in db queued to process","timestamp":"2025-04-07 14:01:51"}
{"level":"info","message":"no more events need to be prepared, dispatching...","timestamp":"2025-04-07 14:01:59"}
{"level":"info","message":"last process finished, will do another dispatch","timestamp":"2025-04-07 14:01:59"}
{"level":"info","message":"no execution in db queued to process","timestamp":"2025-04-07 14:01:59"}
{"level":"info","message":"no more events need to be prepared, dispatching...","timestamp":"2025-04-07 14:02:07"}
{"level":"info","message":"last process finished, will do another dispatch","timestamp":"2025-04-07 14:02:07"}
{"level":"info","message":"no execution in db queued to process","timestamp":"2025-04-07 14:02:07"}
{"level":"info","message":"(cycling) check for queueing executions","timestamp":"2025-04-07 14:03:12"}
{"level":"info","message":"no execution in db queued to process","timestamp":"2025-04-07 14:03:12"}
{"level":"info","message":"(cycling) check for queueing executions","timestamp":"2025-04-07 14:08:12"}
{"level":"info","message":"no execution in db queued to process","timestamp":"2025-04-07 14:08:12"}
{"level":"info","message":"no more events need to be prepared, dispatching...","timestamp":"2025-04-07 14:10:39"}
{"level":"info","message":"last process finished, will do another dispatch","timestamp":"2025-04-07 14:10:40"}
{"level":"info","message":"no execution in db queued to process","timestamp":"2025-04-07 14:10:40"}
{"level":"info","message":"no more events need to be prepared, dispatching...","timestamp":"2025-04-07 14:10:50"}
{"level":"info","message":"last process finished, will do another dispatch","timestamp":"2025-04-07 14:10:50"}
{"level":"info","message":"no execution in db queued to process","timestamp":"2025-04-07 14:10:50"}
{"level":"info","message":"(cycling) check for queueing executions","timestamp":"2025-04-07 14:13:12"}
{"level":"info","message":"no execution in db queued to process","timestamp":"2025-04-07 14:13:12"}
{"level":"info","message":"no more events need to be prepared, dispatching...","timestamp":"2025-04-07 14:13:43"}
{"level":"info","message":"last process finished, will do another dispatch","timestamp":"2025-04-07 14:13:43"}
{"level":"info","message":"no execution in db queued to process","timestamp":"2025-04-07 14:13:43"}
{"level":"info","message":"no more events need to be prepared, dispatching...","timestamp":"2025-04-07 14:13:48"}
{"level":"info","message":"last process finished, will do another dispatch","timestamp":"2025-04-07 14:13:48"}
{"level":"info","message":"no execution in db queued to process","timestamp":"2025-04-07 14:13:48"}
{"level":"info","message":"(cycling) check for queueing executions","timestamp":"2025-04-07 14:18:12"}
{"level":"info","message":"no execution in db queued to process","timestamp":"2025-04-07 14:18:12"}
{"level":"info","message":"no more events need to be prepared, dispatching...","timestamp":"2025-04-07 14:22:04"}
{"level":"info","message":"last process finished, will do another dispatch","timestamp":"2025-04-07 14:22:04"}
{"level":"info","message":"no execution in db queued to process","timestamp":"2025-04-07 14:22:04"}
{"level":"info","message":"no more events need to be prepared, dispatching...","timestamp":"2025-04-07 14:22:12"}
{"level":"info","message":"last process finished, will do another dispatch","timestamp":"2025-04-07 14:22:12"}
{"level":"info","message":"no execution in db queued to process","timestamp":"2025-04-07 14:22:12"}
{"level":"info","message":"(cycling) check for queueing executions","timestamp":"2025-04-07 14:23:12"}
{"level":"info","message":"no execution in db queued to process","timestamp":"2025-04-07 14:23:12"}
{"level":"info","message":"(cycling) check for queueing executions","timestamp":"2025-04-07 14:28:12"}
{"level":"info","message":"no execution in db queued to process","timestamp":"2025-04-07 14:28:12"}
{"level":"info","message":"(cycling) check for queueing executions","timestamp":"2025-04-07 14:33:12"}
{"level":"info","message":"no execution in db queued to process","timestamp":"2025-04-07 14:33:12"}
{"level":"info","message":"no more events need to be prepared, dispatching...","timestamp":"2025-04-07 14:35:26"}
{"level":"info","message":"last process finished, will do another dispatch","timestamp":"2025-04-07 14:35:26"}
{"level":"info","message":"no execution in db queued to process","timestamp":"2025-04-07 14:35:26"}
{"level":"info","message":"(cycling) check for queueing executions","timestamp":"2025-04-07 14:38:12"}
{"level":"info","message":"no execution in db queued to process","timestamp":"2025-04-07 14:38:12"}
{"level":"info","message":"no more events need to be prepared, dispatching...","timestamp":"2025-04-07 14:38:15"}
{"level":"info","message":"last process finished, will do another dispatch","timestamp":"2025-04-07 14:38:15"}
{"level":"info","message":"no execution in db queued to process","timestamp":"2025-04-07 14:38:15"}
{"level":"info","message":"no more events need to be prepared, dispatching...","timestamp":"2025-04-07 14:38:21"}
{"level":"info","message":"last process finished, will do another dispatch","timestamp":"2025-04-07 14:38:21"}
{"level":"info","message":"no execution in db queued to process","timestamp":"2025-04-07 14:38:21"}
{"level":"info","message":"no more events need to be prepared, dispatching...","timestamp":"2025-04-07 14:38:27"}
{"level":"info","message":"last process finished, will do another dispatch","timestamp":"2025-04-07 14:38:27"}
{"level":"info","message":"no execution in db queued to process","timestamp":"2025-04-07 14:38:27"}
{"level":"info","message":"no more events need to be prepared, dispatching...","timestamp":"2025-04-07 14:38:38"}
{"level":"info","message":"last process finished, will do another dispatch","timestamp":"2025-04-07 14:38:38"}
{"level":"info","message":"no execution in db queued to process","timestamp":"2025-04-07 14:38:38"}
{"level":"info","message":"no more events need to be prepared, dispatching...","timestamp":"2025-04-07 14:38:42"}
{"level":"info","message":"last process finished, will do another dispatch","timestamp":"2025-04-07 14:38:42"}
{"level":"info","message":"no execution in db queued to process","timestamp":"2025-04-07 14:38:42"}
{"level":"info","message":"no more events need to be prepared, dispatching...","timestamp":"2025-04-07 14:38:46"}
{"level":"info","message":"last process finished, will do another dispatch","timestamp":"2025-04-07 14:38:46"}
{"level":"info","message":"no execution in db queued to process","timestamp":"2025-04-07 14:38:46"}
{"level":"info","message":"no more events need to be prepared, dispatching...","timestamp":"2025-04-07 14:38:53"}
{"level":"info","message":"last process finished, will do another dispatch","timestamp":"2025-04-07 14:38:54"}
{"level":"info","message":"no execution in db queued to process","timestamp":"2025-04-07 14:38:54"}
{"level":"info","message":"no more events need to be prepared, dispatching...","timestamp":"2025-04-07 14:39:44"}
{"level":"info","message":"last process finished, will do another dispatch","timestamp":"2025-04-07 14:39:44"}
{"level":"info","message":"no execution in db queued to process","timestamp":"2025-04-07 14:39:44"}
{"level":"info","message":"no more events need to be prepared, dispatching...","timestamp":"2025-04-07 14:39:56"}
{"level":"info","message":"last process finished, will do another dispatch","timestamp":"2025-04-07 14:39:57"}
{"level":"info","message":"no execution in db queued to process","timestamp":"2025-04-07 14:39:57"}
{"level":"info","message":"no more events need to be prepared, dispatching...","timestamp":"2025-04-07 14:40:14"}
{"level":"info","message":"last process finished, will do another dispatch","timestamp":"2025-04-07 14:40:14"}
{"level":"info","message":"no execution in db queued to process","timestamp":"2025-04-07 14:40:14"}
{"level":"info","message":"no more events need to be prepared, dispatching...","timestamp":"2025-04-07 14:41:43"}
{"level":"info","message":"last process finished, will do another dispatch","timestamp":"2025-04-07 14:41:43"}
{"level":"info","message":"no execution in db queued to process","timestamp":"2025-04-07 14:41:43"}
{"level":"info","message":"no more events need to be prepared, dispatching...","timestamp":"2025-04-07 14:42:04"}
{"level":"info","message":"last process finished, will do another dispatch","timestamp":"2025-04-07 14:42:04"}
{"level":"info","message":"no execution in db queued to process","timestamp":"2025-04-07 14:42:04"}
{"level":"info","message":"no more events need to be prepared, dispatching...","timestamp":"2025-04-07 14:42:26"}
{"level":"info","message":"last process finished, will do another dispatch","timestamp":"2025-04-07 14:42:26"}
{"level":"info","message":"no execution in db queued to process","timestamp":"2025-04-07 14:42:26"}
{"level":"info","message":"(cycling) check for queueing executions","timestamp":"2025-04-07 14:43:12"}
{"level":"info","message":"no execution in db queued to process","timestamp":"2025-04-07 14:43:12"}
{"level":"info","message":"no more events need to be prepared, dispatching...","timestamp":"2025-04-07 14:44:19"}
{"level":"info","message":"last process finished, will do another dispatch","timestamp":"2025-04-07 14:44:19"}
{"level":"info","message":"no execution in db queued to process","timestamp":"2025-04-07 14:44:19"}
{"level":"info","message":"no more events need to be prepared, dispatching...","timestamp":"2025-04-07 14:44:40"}
{"level":"info","message":"last process finished, will do another dispatch","timestamp":"2025-04-07 14:44:40"}
{"level":"info","message":"no execution in db queued to process","timestamp":"2025-04-07 14:44:40"}
{"level":"info","message":"no more events need to be prepared, dispatching...","timestamp":"2025-04-07 14:46:18"}
{"level":"info","message":"last process finished, will do another dispatch","timestamp":"2025-04-07 14:46:18"}
{"level":"info","message":"no execution in db queued to process","timestamp":"2025-04-07 14:46:19"}
{"level":"info","message":"no more events need to be prepared, dispatching...","timestamp":"2025-04-07 14:46:24"}
{"level":"info","message":"last process finished, will do another dispatch","timestamp":"2025-04-07 14:46:24"}
{"level":"info","message":"no execution in db queued to process","timestamp":"2025-04-07 14:46:24"}
{"level":"info","message":"(cycling) check for queueing executions","timestamp":"2025-04-07 14:48:12"}
{"level":"info","message":"no execution in db queued to process","timestamp":"2025-04-07 14:48:12"}
{"level":"info","message":"no more events need to be prepared, dispatching...","timestamp":"2025-04-07 14:50:07"}
{"level":"info","message":"last process finished, will do another dispatch","timestamp":"2025-04-07 14:50:07"}
{"level":"info","message":"no execution in db queued to process","timestamp":"2025-04-07 14:50:07"}
{"level":"info","message":"no more events need to be prepared, dispatching...","timestamp":"2025-04-07 14:50:43"}
{"level":"info","message":"last process finished, will do another dispatch","timestamp":"2025-04-07 14:50:43"}
{"level":"info","message":"no execution in db queued to process","timestamp":"2025-04-07 14:50:43"}
{"level":"info","message":"no more events need to be prepared, dispatching...","timestamp":"2025-04-07 14:50:48"}
{"level":"info","message":"last process finished, will do another dispatch","timestamp":"2025-04-07 14:50:48"}
{"level":"info","message":"no execution in db queued to process","timestamp":"2025-04-07 14:50:48"}
{"level":"info","message":"no more events need to be prepared, dispatching...","timestamp":"2025-04-07 14:51:02"}
{"level":"info","message":"last process finished, will do another dispatch","timestamp":"2025-04-07 14:51:02"}
{"level":"info","message":"no execution in db queued to process","timestamp":"2025-04-07 14:51:02"}
{"level":"info","message":"no more events need to be prepared, dispatching...","timestamp":"2025-04-07 14:51:26"}
{"level":"info","message":"last process finished, will do another dispatch","timestamp":"2025-04-07 14:51:26"}
{"level":"info","message":"no execution in db queued to process","timestamp":"2025-04-07 14:51:26"}
{"level":"info","message":"no more events need to be prepared, dispatching...","timestamp":"2025-04-07 14:52:12"}
{"level":"info","message":"last process finished, will do another dispatch","timestamp":"2025-04-07 14:52:12"}
{"level":"info","message":"no execution in db queued to process","timestamp":"2025-04-07 14:52:12"}
{"level":"info","message":"no more events need to be prepared, dispatching...","timestamp":"2025-04-07 14:52:17"}
{"level":"info","message":"last process finished, will do another dispatch","timestamp":"2025-04-07 14:52:17"}
{"level":"info","message":"no execution in db queued to process","timestamp":"2025-04-07 14:52:17"}
{"level":"info","message":"no more events need to be prepared, dispatching...","timestamp":"2025-04-07 14:52:21"}
{"level":"info","message":"last process finished, will do another dispatch","timestamp":"2025-04-07 14:52:21"}
{"level":"info","message":"no execution in db queued to process","timestamp":"2025-04-07 14:52:21"}
{"level":"info","message":"no more events need to be prepared, dispatching...","timestamp":"2025-04-07 14:52:25"}
{"level":"info","message":"last process finished, will do another dispatch","timestamp":"2025-04-07 14:52:25"}
{"level":"info","message":"no execution in db queued to process","timestamp":"2025-04-07 14:52:25"}
{"level":"info","message":"no more events need to be prepared, dispatching...","timestamp":"2025-04-07 14:52:29"}
{"level":"info","message":"last process finished, will do another dispatch","timestamp":"2025-04-07 14:52:29"}
{"level":"info","message":"no execution in db queued to process","timestamp":"2025-04-07 14:52:29"}
{"level":"info","message":"(cycling) check for queueing executions","timestamp":"2025-04-07 14:53:12"}
{"level":"info","message":"no execution in db queued to process","timestamp":"2025-04-07 14:53:12"}
{"level":"info","message":"(cycling) check for queueing executions","timestamp":"2025-04-07 14:58:12"}
{"level":"info","message":"no execution in db queued to process","timestamp":"2025-04-07 14:58:12"}
{"level":"info","message":"(cycling) check for queueing executions","timestamp":"2025-04-07 15:03:12"}
{"level":"info","message":"no execution in db queued to process","timestamp":"2025-04-07 15:03:12"}
{"level":"info","message":"(cycling) check for queueing executions","timestamp":"2025-04-07 15:08:12"}
{"level":"info","message":"no execution in db queued to process","timestamp":"2025-04-07 15:08:12"}
{"level":"info","message":"no more events need to be prepared, dispatching...","timestamp":"2025-04-07 15:10:31"}
{"level":"info","message":"last process finished, will do another dispatch","timestamp":"2025-04-07 15:10:31"}
{"level":"info","message":"no execution in db queued to process","timestamp":"2025-04-07 15:10:31"}
{"level":"info","message":"no more events need to be prepared, dispatching...","timestamp":"2025-04-07 15:10:36"}
{"level":"info","message":"last process finished, will do another dispatch","timestamp":"2025-04-07 15:10:36"}
{"level":"info","message":"no execution in db queued to process","timestamp":"2025-04-07 15:10:36"}
{"level":"info","message":"no more events need to be prepared, dispatching...","timestamp":"2025-04-07 15:11:11"}
{"level":"info","message":"last process finished, will do another dispatch","timestamp":"2025-04-07 15:11:11"}
{"level":"info","message":"no execution in db queued to process","timestamp":"2025-04-07 15:11:11"}
{"level":"info","message":"no more events need to be prepared, dispatching...","timestamp":"2025-04-07 15:11:23"}
{"level":"info","message":"last process finished, will do another dispatch","timestamp":"2025-04-07 15:11:23"}
{"level":"info","message":"no execution in db queued to process","timestamp":"2025-04-07 15:11:23"}
{"level":"info","message":"no more events need to be prepared, dispatching...","timestamp":"2025-04-07 15:11:29"}
{"level":"info","message":"last process finished, will do another dispatch","timestamp":"2025-04-07 15:11:29"}
{"level":"info","message":"no execution in db queued to process","timestamp":"2025-04-07 15:11:29"}
{"level":"info","message":"no more events need to be prepared, dispatching...","timestamp":"2025-04-07 15:11:35"}
{"level":"info","message":"last process finished, will do another dispatch","timestamp":"2025-04-07 15:11:35"}
{"level":"info","message":"no execution in db queued to process","timestamp":"2025-04-07 15:11:35"}
{"level":"info","message":"no more events need to be prepared, dispatching...","timestamp":"2025-04-07 15:12:23"}
{"level":"info","message":"last process finished, will do another dispatch","timestamp":"2025-04-07 15:12:23"}
{"level":"info","message":"no execution in db queued to process","timestamp":"2025-04-07 15:12:23"}
{"level":"info","message":"no more events need to be prepared, dispatching...","timestamp":"2025-04-07 15:12:28"}
{"level":"info","message":"last process finished, will do another dispatch","timestamp":"2025-04-07 15:12:28"}
{"level":"info","message":"no execution in db queued to process","timestamp":"2025-04-07 15:12:28"}
{"level":"info","message":"no more events need to be prepared, dispatching...","timestamp":"2025-04-07 15:12:46"}
{"level":"info","message":"last process finished, will do another dispatch","timestamp":"2025-04-07 15:12:46"}
{"level":"info","message":"no execution in db queued to process","timestamp":"2025-04-07 15:12:46"}
{"level":"info","message":"(cycling) check for queueing executions","timestamp":"2025-04-07 15:13:12"}
{"level":"info","message":"no execution in db queued to process","timestamp":"2025-04-07 15:13:12"}
{"level":"info","message":"no more events need to be prepared, dispatching...","timestamp":"2025-04-07 15:17:43"}
{"level":"info","message":"last process finished, will do another dispatch","timestamp":"2025-04-07 15:17:43"}
{"level":"info","message":"no execution in db queued to process","timestamp":"2025-04-07 15:17:43"}
{"level":"info","message":"no more events need to be prepared, dispatching...","timestamp":"2025-04-07 15:17:50"}
{"level":"info","message":"last process finished, will do another dispatch","timestamp":"2025-04-07 15:17:50"}
{"level":"info","message":"no execution in db queued to process","timestamp":"2025-04-07 15:17:50"}
{"level":"info","message":"no more events need to be prepared, dispatching...","timestamp":"2025-04-07 15:17:56"}
{"level":"info","message":"last process finished, will do another dispatch","timestamp":"2025-04-07 15:17:56"}
{"level":"info","message":"no execution in db queued to process","timestamp":"2025-04-07 15:17:56"}
{"level":"info","message":"no more events need to be prepared, dispatching...","timestamp":"2025-04-07 15:18:04"}
{"level":"info","message":"last process finished, will do another dispatch","timestamp":"2025-04-07 15:18:04"}
{"level":"info","message":"no execution in db queued to process","timestamp":"2025-04-07 15:18:04"}
{"level":"info","message":"(cycling) check for queueing executions","timestamp":"2025-04-07 15:18:12"}
{"level":"info","message":"no execution in db queued to process","timestamp":"2025-04-07 15:18:12"}
{"level":"info","message":"no more events need to be prepared, dispatching...","timestamp":"2025-04-07 15:18:27"}
{"level":"info","message":"last process finished, will do another dispatch","timestamp":"2025-04-07 15:18:27"}
{"level":"info","message":"no execution in db queued to process","timestamp":"2025-04-07 15:18:27"}
{"level":"info","message":"no more events need to be prepared, dispatching...","timestamp":"2025-04-07 15:22:56"}
{"level":"info","message":"last process finished, will do another dispatch","timestamp":"2025-04-07 15:22:56"}
{"level":"info","message":"no execution in db queued to process","timestamp":"2025-04-07 15:22:56"}
{"level":"info","message":"(cycling) check for queueing executions","timestamp":"2025-04-07 15:23:12"}
{"level":"info","message":"no execution in db queued to process","timestamp":"2025-04-07 15:23:12"}
{"level":"info","message":"no more events need to be prepared, dispatching...","timestamp":"2025-04-07 15:23:15"}
{"level":"info","message":"last process finished, will do another dispatch","timestamp":"2025-04-07 15:23:15"}
{"level":"info","message":"no execution in db queued to process","timestamp":"2025-04-07 15:23:15"}
