{"level":"info","message":"(starting) check for queueing executions","timestamp":"2025-05-12 00:06:53"}
{"level":"info","message":"no execution in db queued to process","timestamp":"2025-05-12 00:06:54"}
{"level":"info","message":"(cycling) check for queueing executions","timestamp":"2025-05-12 00:11:53"}
{"level":"info","message":"no execution in db queued to process","timestamp":"2025-05-12 00:11:54"}
{"level":"info","message":"(cycling) check for queueing executions","timestamp":"2025-05-12 00:16:53"}
{"level":"info","message":"no execution in db queued to process","timestamp":"2025-05-12 00:16:54"}
{"level":"info","message":"(starting) check for queueing executions","timestamp":"2025-05-12 06:17:42"}
{"level":"info","message":"no execution in db queued to process","timestamp":"2025-05-12 06:17:42"}
{"level":"info","message":"no more events need to be prepared, dispatching...","timestamp":"2025-05-12 06:18:14"}
{"level":"info","message":"no more events need to be prepared, dispatching...","timestamp":"2025-05-12 06:18:14"}
{"level":"info","message":"last process finished, will do another dispatch","timestamp":"2025-05-12 06:18:14"}
{"level":"warn","message":"workflow executing is not finished, new dispatching will be ignored","timestamp":"2025-05-12 06:18:14"}
{"level":"info","message":"last process finished, will do another dispatch","timestamp":"2025-05-12 06:18:14"}
{"level":"info","message":"no execution in db queued to process","timestamp":"2025-05-12 06:18:14"}
{"level":"info","message":"no more events need to be prepared, dispatching...","timestamp":"2025-05-12 06:18:27"}
{"level":"info","message":"no more events need to be prepared, dispatching...","timestamp":"2025-05-12 06:18:27"}
{"level":"info","message":"last process finished, will do another dispatch","timestamp":"2025-05-12 06:18:27"}
{"level":"warn","message":"workflow executing is not finished, new dispatching will be ignored","timestamp":"2025-05-12 06:18:27"}
{"level":"info","message":"last process finished, will do another dispatch","timestamp":"2025-05-12 06:18:27"}
{"level":"info","message":"no execution in db queued to process","timestamp":"2025-05-12 06:18:27"}
{"level":"info","message":"no more events need to be prepared, dispatching...","timestamp":"2025-05-12 06:18:39"}
{"level":"info","message":"no more events need to be prepared, dispatching...","timestamp":"2025-05-12 06:18:39"}
{"level":"info","message":"last process finished, will do another dispatch","timestamp":"2025-05-12 06:18:39"}
{"level":"warn","message":"workflow executing is not finished, new dispatching will be ignored","timestamp":"2025-05-12 06:18:39"}
{"level":"info","message":"last process finished, will do another dispatch","timestamp":"2025-05-12 06:18:39"}
{"level":"info","message":"no execution in db queued to process","timestamp":"2025-05-12 06:18:39"}
{"level":"info","message":"no more events need to be prepared, dispatching...","timestamp":"2025-05-12 06:18:53"}
{"level":"info","message":"no more events need to be prepared, dispatching...","timestamp":"2025-05-12 06:18:53"}
{"level":"info","message":"last process finished, will do another dispatch","timestamp":"2025-05-12 06:18:54"}
{"level":"warn","message":"workflow executing is not finished, new dispatching will be ignored","timestamp":"2025-05-12 06:18:54"}
{"level":"info","message":"last process finished, will do another dispatch","timestamp":"2025-05-12 06:18:54"}
{"level":"info","message":"no execution in db queued to process","timestamp":"2025-05-12 06:18:54"}
{"level":"info","message":"no more events need to be prepared, dispatching...","timestamp":"2025-05-12 06:19:21"}
{"level":"info","message":"last process finished, will do another dispatch","timestamp":"2025-05-12 06:19:21"}
{"level":"info","message":"no execution in db queued to process","timestamp":"2025-05-12 06:19:21"}
{"level":"info","message":"no more events need to be prepared, dispatching...","timestamp":"2025-05-12 06:19:21"}
{"level":"info","message":"last process finished, will do another dispatch","timestamp":"2025-05-12 06:19:21"}
{"level":"info","message":"no execution in db queued to process","timestamp":"2025-05-12 06:19:21"}
{"level":"info","message":"no more events need to be prepared, dispatching...","timestamp":"2025-05-12 06:19:22"}
{"level":"info","message":"last process finished, will do another dispatch","timestamp":"2025-05-12 06:19:22"}
{"level":"info","message":"no execution in db queued to process","timestamp":"2025-05-12 06:19:22"}
{"level":"info","message":"no more events need to be prepared, dispatching...","timestamp":"2025-05-12 06:19:22"}
{"level":"info","message":"last process finished, will do another dispatch","timestamp":"2025-05-12 06:19:22"}
{"level":"info","message":"no execution in db queued to process","timestamp":"2025-05-12 06:19:22"}
{"level":"info","message":"no more events need to be prepared, dispatching...","timestamp":"2025-05-12 06:19:26"}
{"level":"info","message":"last process finished, will do another dispatch","timestamp":"2025-05-12 06:19:26"}
{"level":"info","message":"no execution in db queued to process","timestamp":"2025-05-12 06:19:26"}
{"level":"info","message":"no more events need to be prepared, dispatching...","timestamp":"2025-05-12 06:19:27"}
{"level":"info","message":"last process finished, will do another dispatch","timestamp":"2025-05-12 06:19:27"}
{"level":"info","message":"no execution in db queued to process","timestamp":"2025-05-12 06:19:27"}
{"level":"info","message":"no more events need to be prepared, dispatching...","timestamp":"2025-05-12 06:19:38"}
{"level":"info","message":"last process finished, will do another dispatch","timestamp":"2025-05-12 06:19:39"}
{"level":"info","message":"no execution in db queued to process","timestamp":"2025-05-12 06:19:39"}
{"level":"info","message":"no more events need to be prepared, dispatching...","timestamp":"2025-05-12 06:19:45"}
{"level":"info","message":"last process finished, will do another dispatch","timestamp":"2025-05-12 06:19:45"}
{"level":"info","message":"no execution in db queued to process","timestamp":"2025-05-12 06:19:45"}
{"level":"info","message":"no more events need to be prepared, dispatching...","timestamp":"2025-05-12 06:19:54"}
{"level":"info","message":"last process finished, will do another dispatch","timestamp":"2025-05-12 06:19:54"}
{"level":"info","message":"no execution in db queued to process","timestamp":"2025-05-12 06:19:54"}
{"level":"info","message":"no more events need to be prepared, dispatching...","timestamp":"2025-05-12 06:20:01"}
{"level":"info","message":"last process finished, will do another dispatch","timestamp":"2025-05-12 06:20:01"}
{"level":"info","message":"no execution in db queued to process","timestamp":"2025-05-12 06:20:01"}
{"level":"info","message":"no more events need to be prepared, dispatching...","timestamp":"2025-05-12 06:20:10"}
{"level":"info","message":"last process finished, will do another dispatch","timestamp":"2025-05-12 06:20:11"}
{"level":"info","message":"no execution in db queued to process","timestamp":"2025-05-12 06:20:11"}
{"level":"info","message":"no more events need to be prepared, dispatching...","timestamp":"2025-05-12 06:20:16"}
{"level":"info","message":"last process finished, will do another dispatch","timestamp":"2025-05-12 06:20:16"}
{"level":"info","message":"no execution in db queued to process","timestamp":"2025-05-12 06:20:16"}
{"level":"info","message":"no more events need to be prepared, dispatching...","timestamp":"2025-05-12 06:20:25"}
{"level":"info","message":"last process finished, will do another dispatch","timestamp":"2025-05-12 06:20:26"}
{"level":"info","message":"no execution in db queued to process","timestamp":"2025-05-12 06:20:26"}
{"level":"info","message":"no more events need to be prepared, dispatching...","timestamp":"2025-05-12 06:20:28"}
{"level":"info","message":"last process finished, will do another dispatch","timestamp":"2025-05-12 06:20:28"}
{"level":"info","message":"no execution in db queued to process","timestamp":"2025-05-12 06:20:28"}
{"level":"info","message":"(cycling) check for queueing executions","timestamp":"2025-05-12 06:22:42"}
{"level":"info","message":"no execution in db queued to process","timestamp":"2025-05-12 06:22:42"}
{"level":"info","message":"no more events need to be prepared, dispatching...","timestamp":"2025-05-12 06:24:08"}
{"level":"info","message":"last process finished, will do another dispatch","timestamp":"2025-05-12 06:24:08"}
{"level":"info","message":"no execution in db queued to process","timestamp":"2025-05-12 06:24:08"}
{"level":"info","message":"no more events need to be prepared, dispatching...","timestamp":"2025-05-12 06:24:15"}
{"level":"info","message":"last process finished, will do another dispatch","timestamp":"2025-05-12 06:24:16"}
{"level":"info","message":"no execution in db queued to process","timestamp":"2025-05-12 06:24:16"}
{"level":"info","message":"no more events need to be prepared, dispatching...","timestamp":"2025-05-12 06:24:21"}
{"level":"info","message":"last process finished, will do another dispatch","timestamp":"2025-05-12 06:24:21"}
{"level":"info","message":"no execution in db queued to process","timestamp":"2025-05-12 06:24:21"}
{"level":"info","message":"no more events need to be prepared, dispatching...","timestamp":"2025-05-12 06:24:28"}
{"level":"info","message":"last process finished, will do another dispatch","timestamp":"2025-05-12 06:24:28"}
{"level":"info","message":"no execution in db queued to process","timestamp":"2025-05-12 06:24:28"}
{"level":"info","message":"no more events need to be prepared, dispatching...","timestamp":"2025-05-12 06:24:44"}
{"level":"info","message":"last process finished, will do another dispatch","timestamp":"2025-05-12 06:24:44"}
{"level":"info","message":"no execution in db queued to process","timestamp":"2025-05-12 06:24:44"}
{"level":"info","message":"no more events need to be prepared, dispatching...","timestamp":"2025-05-12 06:24:49"}
{"level":"info","message":"last process finished, will do another dispatch","timestamp":"2025-05-12 06:24:50"}
{"level":"info","message":"no execution in db queued to process","timestamp":"2025-05-12 06:24:50"}
{"level":"info","message":"no more events need to be prepared, dispatching...","timestamp":"2025-05-12 06:24:53"}
{"level":"info","message":"last process finished, will do another dispatch","timestamp":"2025-05-12 06:24:54"}
{"level":"info","message":"no execution in db queued to process","timestamp":"2025-05-12 06:24:54"}
{"level":"info","message":"no more events need to be prepared, dispatching...","timestamp":"2025-05-12 06:24:59"}
{"level":"info","message":"last process finished, will do another dispatch","timestamp":"2025-05-12 06:24:59"}
{"level":"info","message":"no execution in db queued to process","timestamp":"2025-05-12 06:24:59"}
{"level":"info","message":"(cycling) check for queueing executions","timestamp":"2025-05-12 06:27:42"}
{"level":"info","message":"no execution in db queued to process","timestamp":"2025-05-12 06:27:42"}
{"level":"info","message":"(cycling) check for queueing executions","timestamp":"2025-05-12 06:32:42"}
{"level":"info","message":"no execution in db queued to process","timestamp":"2025-05-12 06:32:42"}
{"level":"info","message":"(cycling) check for queueing executions","timestamp":"2025-05-12 06:37:42"}
{"level":"info","message":"no execution in db queued to process","timestamp":"2025-05-12 06:37:42"}
{"level":"info","message":"(cycling) check for queueing executions","timestamp":"2025-05-12 06:42:42"}
{"level":"info","message":"no execution in db queued to process","timestamp":"2025-05-12 06:42:42"}
{"level":"info","message":"(cycling) check for queueing executions","timestamp":"2025-05-12 06:47:42"}
{"level":"info","message":"no execution in db queued to process","timestamp":"2025-05-12 06:47:42"}
{"level":"info","message":"(cycling) check for queueing executions","timestamp":"2025-05-12 06:52:42"}
{"level":"info","message":"no execution in db queued to process","timestamp":"2025-05-12 06:52:42"}
{"level":"info","message":"(cycling) check for queueing executions","timestamp":"2025-05-12 06:57:42"}
{"level":"info","message":"no execution in db queued to process","timestamp":"2025-05-12 06:57:42"}
{"level":"info","message":"(cycling) check for queueing executions","timestamp":"2025-05-12 07:02:42"}
{"level":"info","message":"no execution in db queued to process","timestamp":"2025-05-12 07:02:42"}
{"level":"info","message":"(cycling) check for queueing executions","timestamp":"2025-05-12 07:07:42"}
{"level":"info","message":"no execution in db queued to process","timestamp":"2025-05-12 07:07:42"}
{"level":"info","message":"(cycling) check for queueing executions","timestamp":"2025-05-12 07:12:42"}
{"level":"info","message":"no execution in db queued to process","timestamp":"2025-05-12 07:12:42"}
{"level":"info","message":"(cycling) check for queueing executions","timestamp":"2025-05-12 07:17:42"}
{"level":"info","message":"no execution in db queued to process","timestamp":"2025-05-12 07:17:42"}
{"level":"info","message":"(cycling) check for queueing executions","timestamp":"2025-05-12 07:22:42"}
{"level":"info","message":"no execution in db queued to process","timestamp":"2025-05-12 07:22:42"}
{"level":"info","message":"(cycling) check for queueing executions","timestamp":"2025-05-12 07:27:42"}
{"level":"info","message":"no execution in db queued to process","timestamp":"2025-05-12 07:27:42"}
{"level":"info","message":"(cycling) check for queueing executions","timestamp":"2025-05-12 07:32:42"}
{"level":"info","message":"no execution in db queued to process","timestamp":"2025-05-12 07:32:42"}
{"level":"info","message":"(cycling) check for queueing executions","timestamp":"2025-05-12 07:37:42"}
{"level":"info","message":"no execution in db queued to process","timestamp":"2025-05-12 07:37:42"}
{"level":"info","message":"(cycling) check for queueing executions","timestamp":"2025-05-12 07:42:42"}
{"level":"info","message":"no execution in db queued to process","timestamp":"2025-05-12 07:42:42"}
{"level":"info","message":"(cycling) check for queueing executions","timestamp":"2025-05-12 07:47:42"}
{"level":"info","message":"no execution in db queued to process","timestamp":"2025-05-12 07:47:42"}
{"level":"info","message":"(cycling) check for queueing executions","timestamp":"2025-05-12 07:52:42"}
{"level":"info","message":"no execution in db queued to process","timestamp":"2025-05-12 07:52:42"}
{"level":"info","message":"(cycling) check for queueing executions","timestamp":"2025-05-12 07:57:42"}
{"level":"info","message":"no execution in db queued to process","timestamp":"2025-05-12 07:57:42"}
{"level":"info","message":"(cycling) check for queueing executions","timestamp":"2025-05-12 08:02:42"}
{"level":"info","message":"no execution in db queued to process","timestamp":"2025-05-12 08:02:42"}
{"level":"info","message":"(cycling) check for queueing executions","timestamp":"2025-05-12 08:07:42"}
{"level":"info","message":"no execution in db queued to process","timestamp":"2025-05-12 08:07:42"}
{"level":"info","message":"(cycling) check for queueing executions","timestamp":"2025-05-12 08:12:42"}
{"level":"info","message":"no execution in db queued to process","timestamp":"2025-05-12 08:12:42"}
{"level":"info","message":"(cycling) check for queueing executions","timestamp":"2025-05-12 08:17:42"}
{"level":"info","message":"no execution in db queued to process","timestamp":"2025-05-12 08:17:42"}
{"level":"info","message":"(cycling) check for queueing executions","timestamp":"2025-05-12 08:22:42"}
{"level":"info","message":"no execution in db queued to process","timestamp":"2025-05-12 08:22:42"}
{"level":"info","message":"(cycling) check for queueing executions","timestamp":"2025-05-12 08:27:42"}
{"level":"info","message":"no execution in db queued to process","timestamp":"2025-05-12 08:27:42"}
{"level":"info","message":"(cycling) check for queueing executions","timestamp":"2025-05-12 08:32:42"}
{"level":"info","message":"no execution in db queued to process","timestamp":"2025-05-12 08:32:42"}
{"level":"info","message":"(cycling) check for queueing executions","timestamp":"2025-05-12 08:37:42"}
{"level":"info","message":"no execution in db queued to process","timestamp":"2025-05-12 08:37:42"}
{"level":"info","message":"(cycling) check for queueing executions","timestamp":"2025-05-12 08:42:42"}
{"level":"info","message":"no execution in db queued to process","timestamp":"2025-05-12 08:42:42"}
{"level":"info","message":"(cycling) check for queueing executions","timestamp":"2025-05-12 08:47:42"}
{"level":"info","message":"no execution in db queued to process","timestamp":"2025-05-12 08:47:42"}
{"level":"info","message":"(cycling) check for queueing executions","timestamp":"2025-05-12 08:52:42"}
{"level":"info","message":"no execution in db queued to process","timestamp":"2025-05-12 08:52:42"}
{"level":"info","message":"(cycling) check for queueing executions","timestamp":"2025-05-12 08:57:42"}
{"level":"info","message":"no execution in db queued to process","timestamp":"2025-05-12 08:57:42"}
{"level":"info","message":"(cycling) check for queueing executions","timestamp":"2025-05-12 09:02:42"}
{"level":"info","message":"no execution in db queued to process","timestamp":"2025-05-12 09:02:42"}
{"level":"info","message":"(cycling) check for queueing executions","timestamp":"2025-05-12 09:07:42"}
{"level":"info","message":"no execution in db queued to process","timestamp":"2025-05-12 09:07:42"}
{"level":"info","message":"(cycling) check for queueing executions","timestamp":"2025-05-12 09:12:42"}
{"level":"info","message":"no execution in db queued to process","timestamp":"2025-05-12 09:12:42"}
{"level":"info","message":"(cycling) check for queueing executions","timestamp":"2025-05-12 09:17:42"}
{"level":"info","message":"no execution in db queued to process","timestamp":"2025-05-12 09:17:42"}
{"level":"info","message":"(cycling) check for queueing executions","timestamp":"2025-05-12 09:22:42"}
{"level":"info","message":"no execution in db queued to process","timestamp":"2025-05-12 09:22:42"}
{"level":"info","message":"(cycling) check for queueing executions","timestamp":"2025-05-12 09:27:42"}
{"level":"info","message":"no execution in db queued to process","timestamp":"2025-05-12 09:27:42"}
{"level":"info","message":"(cycling) check for queueing executions","timestamp":"2025-05-12 09:32:42"}
{"level":"info","message":"no execution in db queued to process","timestamp":"2025-05-12 09:32:42"}
{"level":"info","message":"(cycling) check for queueing executions","timestamp":"2025-05-12 09:37:42"}
{"level":"info","message":"no execution in db queued to process","timestamp":"2025-05-12 09:37:42"}
{"level":"info","message":"(cycling) check for queueing executions","timestamp":"2025-05-12 09:42:42"}
{"level":"info","message":"no execution in db queued to process","timestamp":"2025-05-12 09:42:42"}
{"level":"info","message":"(cycling) check for queueing executions","timestamp":"2025-05-12 09:47:42"}
{"level":"info","message":"no execution in db queued to process","timestamp":"2025-05-12 09:47:42"}
{"level":"info","message":"(cycling) check for queueing executions","timestamp":"2025-05-12 09:52:42"}
{"level":"info","message":"no execution in db queued to process","timestamp":"2025-05-12 09:52:42"}
{"level":"info","message":"(cycling) check for queueing executions","timestamp":"2025-05-12 09:57:42"}
{"level":"info","message":"no execution in db queued to process","timestamp":"2025-05-12 09:57:42"}
{"level":"info","message":"(cycling) check for queueing executions","timestamp":"2025-05-12 10:02:42"}
{"level":"info","message":"no execution in db queued to process","timestamp":"2025-05-12 10:02:42"}
{"level":"info","message":"(cycling) check for queueing executions","timestamp":"2025-05-12 10:07:42"}
{"level":"info","message":"no execution in db queued to process","timestamp":"2025-05-12 10:07:42"}
{"level":"info","message":"(cycling) check for queueing executions","timestamp":"2025-05-12 10:12:42"}
{"level":"info","message":"no execution in db queued to process","timestamp":"2025-05-12 10:12:42"}
{"level":"info","message":"(cycling) check for queueing executions","timestamp":"2025-05-12 10:17:42"}
{"level":"info","message":"no execution in db queued to process","timestamp":"2025-05-12 10:17:42"}
{"level":"info","message":"(cycling) check for queueing executions","timestamp":"2025-05-12 10:22:42"}
{"level":"info","message":"no execution in db queued to process","timestamp":"2025-05-12 10:22:42"}
{"level":"info","message":"(cycling) check for queueing executions","timestamp":"2025-05-12 10:27:42"}
{"level":"info","message":"no execution in db queued to process","timestamp":"2025-05-12 10:27:42"}
{"level":"info","message":"(cycling) check for queueing executions","timestamp":"2025-05-12 10:32:42"}
{"level":"info","message":"no execution in db queued to process","timestamp":"2025-05-12 10:32:42"}
{"level":"info","message":"(cycling) check for queueing executions","timestamp":"2025-05-12 10:37:42"}
{"level":"info","message":"no execution in db queued to process","timestamp":"2025-05-12 10:37:42"}
{"level":"info","message":"(cycling) check for queueing executions","timestamp":"2025-05-12 10:42:42"}
{"level":"info","message":"no execution in db queued to process","timestamp":"2025-05-12 10:42:42"}
{"level":"info","message":"(cycling) check for queueing executions","timestamp":"2025-05-12 10:47:42"}
{"level":"info","message":"no execution in db queued to process","timestamp":"2025-05-12 10:47:42"}
{"level":"info","message":"(cycling) check for queueing executions","timestamp":"2025-05-12 10:52:42"}
{"level":"info","message":"no execution in db queued to process","timestamp":"2025-05-12 10:52:42"}
{"level":"info","message":"(cycling) check for queueing executions","timestamp":"2025-05-12 10:57:42"}
{"level":"info","message":"no execution in db queued to process","timestamp":"2025-05-12 10:57:42"}
{"level":"info","message":"(cycling) check for queueing executions","timestamp":"2025-05-12 11:02:42"}
{"level":"info","message":"no execution in db queued to process","timestamp":"2025-05-12 11:02:42"}
{"level":"info","message":"(cycling) check for queueing executions","timestamp":"2025-05-12 11:07:42"}
{"level":"info","message":"no execution in db queued to process","timestamp":"2025-05-12 11:07:42"}
{"level":"info","message":"(cycling) check for queueing executions","timestamp":"2025-05-12 11:12:42"}
{"level":"info","message":"no execution in db queued to process","timestamp":"2025-05-12 11:12:42"}
{"level":"info","message":"(cycling) check for queueing executions","timestamp":"2025-05-12 11:17:42"}
{"level":"info","message":"no execution in db queued to process","timestamp":"2025-05-12 11:17:44"}
{"level":"info","message":"(cycling) check for queueing executions","timestamp":"2025-05-12 11:22:41"}
{"level":"info","message":"no execution in db queued to process","timestamp":"2025-05-12 11:22:42"}
{"level":"info","message":"(cycling) check for queueing executions","timestamp":"2025-05-12 11:27:41"}
{"level":"info","message":"no execution in db queued to process","timestamp":"2025-05-12 11:27:42"}
{"level":"info","message":"(cycling) check for queueing executions","timestamp":"2025-05-12 11:32:41"}
{"level":"info","message":"no execution in db queued to process","timestamp":"2025-05-12 11:32:41"}
{"level":"info","message":"(cycling) check for queueing executions","timestamp":"2025-05-12 11:37:41"}
{"level":"info","message":"no execution in db queued to process","timestamp":"2025-05-12 11:37:41"}
{"level":"info","message":"(cycling) check for queueing executions","timestamp":"2025-05-12 11:42:41"}
{"level":"info","message":"no execution in db queued to process","timestamp":"2025-05-12 11:42:41"}
{"level":"info","message":"(cycling) check for queueing executions","timestamp":"2025-05-12 11:47:41"}
{"level":"info","message":"no execution in db queued to process","timestamp":"2025-05-12 11:47:41"}
{"level":"info","message":"(cycling) check for queueing executions","timestamp":"2025-05-12 11:52:41"}
{"level":"info","message":"no execution in db queued to process","timestamp":"2025-05-12 11:52:41"}
{"level":"info","message":"(cycling) check for queueing executions","timestamp":"2025-05-12 11:57:41"}
{"level":"info","message":"no execution in db queued to process","timestamp":"2025-05-12 11:57:41"}
{"level":"info","message":"(cycling) check for queueing executions","timestamp":"2025-05-12 12:02:41"}
{"level":"info","message":"no execution in db queued to process","timestamp":"2025-05-12 12:02:41"}
{"level":"info","message":"(cycling) check for queueing executions","timestamp":"2025-05-12 12:07:41"}
{"level":"info","message":"no execution in db queued to process","timestamp":"2025-05-12 12:07:41"}
{"level":"info","message":"(cycling) check for queueing executions","timestamp":"2025-05-12 12:12:41"}
{"level":"info","message":"no execution in db queued to process","timestamp":"2025-05-12 12:12:41"}
{"level":"info","message":"(cycling) check for queueing executions","timestamp":"2025-05-12 12:17:41"}
{"level":"info","message":"no execution in db queued to process","timestamp":"2025-05-12 12:17:41"}
{"level":"info","message":"(cycling) check for queueing executions","timestamp":"2025-05-12 12:22:41"}
{"level":"info","message":"no execution in db queued to process","timestamp":"2025-05-12 12:22:41"}
{"level":"info","message":"(cycling) check for queueing executions","timestamp":"2025-05-12 12:27:41"}
{"level":"info","message":"no execution in db queued to process","timestamp":"2025-05-12 12:27:41"}
{"level":"info","message":"(cycling) check for queueing executions","timestamp":"2025-05-12 12:32:41"}
{"level":"info","message":"no execution in db queued to process","timestamp":"2025-05-12 12:32:41"}
{"level":"info","message":"(cycling) check for queueing executions","timestamp":"2025-05-12 12:37:41"}
{"level":"info","message":"no execution in db queued to process","timestamp":"2025-05-12 12:37:41"}
{"level":"info","message":"(cycling) check for queueing executions","timestamp":"2025-05-12 12:42:41"}
{"level":"info","message":"no execution in db queued to process","timestamp":"2025-05-12 12:42:41"}
{"level":"info","message":"(cycling) check for queueing executions","timestamp":"2025-05-12 12:47:41"}
{"level":"info","message":"no execution in db queued to process","timestamp":"2025-05-12 12:47:41"}
{"level":"info","message":"(cycling) check for queueing executions","timestamp":"2025-05-12 12:52:41"}
{"level":"info","message":"no execution in db queued to process","timestamp":"2025-05-12 12:52:41"}
{"level":"info","message":"(cycling) check for queueing executions","timestamp":"2025-05-12 12:57:41"}
{"level":"info","message":"no execution in db queued to process","timestamp":"2025-05-12 12:57:41"}
{"level":"info","message":"(cycling) check for queueing executions","timestamp":"2025-05-12 13:02:41"}
{"level":"info","message":"no execution in db queued to process","timestamp":"2025-05-12 13:02:41"}
{"level":"info","message":"(cycling) check for queueing executions","timestamp":"2025-05-12 13:07:41"}
{"level":"info","message":"no execution in db queued to process","timestamp":"2025-05-12 13:07:41"}
{"level":"info","message":"(cycling) check for queueing executions","timestamp":"2025-05-12 13:12:41"}
{"level":"info","message":"no execution in db queued to process","timestamp":"2025-05-12 13:12:41"}
{"level":"info","message":"(cycling) check for queueing executions","timestamp":"2025-05-12 13:17:41"}
{"level":"info","message":"no execution in db queued to process","timestamp":"2025-05-12 13:17:41"}
{"level":"info","message":"(cycling) check for queueing executions","timestamp":"2025-05-12 13:22:41"}
{"level":"info","message":"no execution in db queued to process","timestamp":"2025-05-12 13:22:41"}
{"level":"info","message":"(cycling) check for queueing executions","timestamp":"2025-05-12 13:27:41"}
{"level":"info","message":"no execution in db queued to process","timestamp":"2025-05-12 13:27:41"}
{"level":"info","message":"(cycling) check for queueing executions","timestamp":"2025-05-12 13:32:41"}
{"level":"info","message":"no execution in db queued to process","timestamp":"2025-05-12 13:32:41"}
{"level":"info","message":"(cycling) check for queueing executions","timestamp":"2025-05-12 13:37:41"}
{"level":"info","message":"no execution in db queued to process","timestamp":"2025-05-12 13:37:41"}
{"level":"info","message":"(cycling) check for queueing executions","timestamp":"2025-05-12 13:42:41"}
{"level":"info","message":"no execution in db queued to process","timestamp":"2025-05-12 13:42:41"}
{"level":"info","message":"(cycling) check for queueing executions","timestamp":"2025-05-12 13:47:41"}
{"level":"info","message":"no execution in db queued to process","timestamp":"2025-05-12 13:47:41"}
{"level":"info","message":"(cycling) check for queueing executions","timestamp":"2025-05-12 13:52:41"}
{"level":"info","message":"no execution in db queued to process","timestamp":"2025-05-12 13:52:41"}
{"level":"info","message":"(cycling) check for queueing executions","timestamp":"2025-05-12 13:57:41"}
{"level":"info","message":"no execution in db queued to process","timestamp":"2025-05-12 13:57:41"}
{"level":"info","message":"(cycling) check for queueing executions","timestamp":"2025-05-12 14:02:41"}
{"level":"info","message":"no execution in db queued to process","timestamp":"2025-05-12 14:02:41"}
{"level":"info","message":"(cycling) check for queueing executions","timestamp":"2025-05-12 14:07:41"}
{"level":"info","message":"no execution in db queued to process","timestamp":"2025-05-12 14:07:41"}
{"level":"info","message":"(cycling) check for queueing executions","timestamp":"2025-05-12 14:12:41"}
{"level":"info","message":"no execution in db queued to process","timestamp":"2025-05-12 14:12:41"}
{"level":"info","message":"(cycling) check for queueing executions","timestamp":"2025-05-12 14:17:41"}
{"level":"info","message":"no execution in db queued to process","timestamp":"2025-05-12 14:17:41"}
{"level":"info","message":"(cycling) check for queueing executions","timestamp":"2025-05-12 14:22:41"}
{"level":"info","message":"no execution in db queued to process","timestamp":"2025-05-12 14:22:41"}
{"level":"info","message":"(cycling) check for queueing executions","timestamp":"2025-05-12 14:27:41"}
{"level":"info","message":"no execution in db queued to process","timestamp":"2025-05-12 14:27:41"}
{"level":"info","message":"(cycling) check for queueing executions","timestamp":"2025-05-12 14:32:41"}
{"level":"info","message":"no execution in db queued to process","timestamp":"2025-05-12 14:32:41"}
{"level":"info","message":"(cycling) check for queueing executions","timestamp":"2025-05-12 14:37:41"}
{"level":"info","message":"no execution in db queued to process","timestamp":"2025-05-12 14:37:41"}
{"level":"info","message":"(cycling) check for queueing executions","timestamp":"2025-05-12 14:42:41"}
{"level":"info","message":"no execution in db queued to process","timestamp":"2025-05-12 14:42:41"}
{"level":"info","message":"(cycling) check for queueing executions","timestamp":"2025-05-12 14:47:41"}
{"level":"info","message":"no execution in db queued to process","timestamp":"2025-05-12 14:47:41"}
{"level":"info","message":"(cycling) check for queueing executions","timestamp":"2025-05-12 14:52:41"}
{"level":"info","message":"no execution in db queued to process","timestamp":"2025-05-12 14:52:41"}
{"level":"info","message":"(cycling) check for queueing executions","timestamp":"2025-05-12 14:57:41"}
{"level":"info","message":"no execution in db queued to process","timestamp":"2025-05-12 14:57:41"}
{"level":"info","message":"(cycling) check for queueing executions","timestamp":"2025-05-12 15:02:41"}
{"level":"info","message":"no execution in db queued to process","timestamp":"2025-05-12 15:02:41"}
{"level":"info","message":"(cycling) check for queueing executions","timestamp":"2025-05-12 15:07:41"}
{"level":"info","message":"no execution in db queued to process","timestamp":"2025-05-12 15:07:41"}
{"level":"info","message":"(cycling) check for queueing executions","timestamp":"2025-05-12 15:12:41"}
{"level":"info","message":"no execution in db queued to process","timestamp":"2025-05-12 15:12:41"}
{"level":"info","message":"(cycling) check for queueing executions","timestamp":"2025-05-12 15:17:41"}
{"level":"info","message":"no execution in db queued to process","timestamp":"2025-05-12 15:17:41"}
{"level":"info","message":"(cycling) check for queueing executions","timestamp":"2025-05-12 15:22:41"}
{"level":"info","message":"no execution in db queued to process","timestamp":"2025-05-12 15:22:41"}
{"level":"info","message":"(cycling) check for queueing executions","timestamp":"2025-05-12 15:27:41"}
{"level":"info","message":"no execution in db queued to process","timestamp":"2025-05-12 15:27:41"}
{"level":"info","message":"(cycling) check for queueing executions","timestamp":"2025-05-12 15:32:41"}
{"level":"info","message":"no execution in db queued to process","timestamp":"2025-05-12 15:32:41"}
{"level":"info","message":"(cycling) check for queueing executions","timestamp":"2025-05-12 15:37:41"}
{"level":"info","message":"no execution in db queued to process","timestamp":"2025-05-12 15:37:41"}
{"level":"info","message":"(cycling) check for queueing executions","timestamp":"2025-05-12 15:42:41"}
{"level":"info","message":"no execution in db queued to process","timestamp":"2025-05-12 15:42:41"}
{"level":"info","message":"(cycling) check for queueing executions","timestamp":"2025-05-12 15:47:41"}
{"level":"info","message":"no execution in db queued to process","timestamp":"2025-05-12 15:47:41"}
{"level":"info","message":"(cycling) check for queueing executions","timestamp":"2025-05-12 15:52:41"}
{"level":"info","message":"no execution in db queued to process","timestamp":"2025-05-12 15:52:41"}
{"level":"info","message":"(cycling) check for queueing executions","timestamp":"2025-05-12 15:57:41"}
{"level":"info","message":"no execution in db queued to process","timestamp":"2025-05-12 15:57:41"}
{"level":"info","message":"(cycling) check for queueing executions","timestamp":"2025-05-12 16:02:41"}
{"level":"info","message":"no execution in db queued to process","timestamp":"2025-05-12 16:02:41"}
{"level":"info","message":"(cycling) check for queueing executions","timestamp":"2025-05-12 16:07:41"}
{"level":"info","message":"no execution in db queued to process","timestamp":"2025-05-12 16:07:41"}
{"level":"info","message":"(cycling) check for queueing executions","timestamp":"2025-05-12 18:07:14"}
{"level":"info","message":"no execution in db queued to process","timestamp":"2025-05-12 18:07:14"}
{"level":"info","message":"(cycling) check for queueing executions","timestamp":"2025-05-12 18:12:14"}
{"level":"info","message":"no execution in db queued to process","timestamp":"2025-05-12 18:12:14"}
