{"level":"info","message":"(starting) check for queueing executions","timestamp":"2025-04-04 01:54:25"}
{"level":"info","message":"no execution in db queued to process","timestamp":"2025-04-04 01:54:25"}
{"level":"info","message":"(cycling) check for queueing executions","timestamp":"2025-04-04 01:59:24"}
{"level":"info","message":"no execution in db queued to process","timestamp":"2025-04-04 01:59:25"}
{"level":"info","message":"(cycling) check for queueing executions","timestamp":"2025-04-04 02:04:24"}
{"level":"info","message":"no execution in db queued to process","timestamp":"2025-04-04 02:04:25"}
{"level":"info","message":"(cycling) check for queueing executions","timestamp":"2025-04-04 02:09:24"}
{"level":"info","message":"no execution in db queued to process","timestamp":"2025-04-04 02:09:25"}
{"level":"info","message":"(cycling) check for queueing executions","timestamp":"2025-04-04 02:14:24"}
{"level":"info","message":"no execution in db queued to process","timestamp":"2025-04-04 02:14:24"}
{"level":"info","message":"(cycling) check for queueing executions","timestamp":"2025-04-04 02:19:24"}
{"level":"info","message":"no execution in db queued to process","timestamp":"2025-04-04 02:19:24"}
{"level":"info","message":"(cycling) check for queueing executions","timestamp":"2025-04-04 02:24:24"}
{"level":"info","message":"no execution in db queued to process","timestamp":"2025-04-04 02:24:24"}
{"level":"info","message":"no more events need to be prepared, dispatching...","timestamp":"2025-04-04 02:24:27"}
{"level":"info","message":"last process finished, will do another dispatch","timestamp":"2025-04-04 02:24:27"}
{"level":"info","message":"no execution in db queued to process","timestamp":"2025-04-04 02:24:27"}
{"level":"info","message":"(cycling) check for queueing executions","timestamp":"2025-04-04 02:41:31"}
{"level":"info","message":"no execution in db queued to process","timestamp":"2025-04-04 02:41:31"}
{"level":"info","message":"(cycling) check for queueing executions","timestamp":"2025-04-04 02:46:31"}
{"level":"info","message":"no execution in db queued to process","timestamp":"2025-04-04 02:46:31"}
{"level":"info","message":"no more events need to be prepared, dispatching...","timestamp":"2025-04-04 02:48:53"}
{"level":"info","message":"last process finished, will do another dispatch","timestamp":"2025-04-04 02:48:53"}
{"level":"info","message":"no execution in db queued to process","timestamp":"2025-04-04 02:48:53"}
{"level":"info","message":"(cycling) check for queueing executions","timestamp":"2025-04-04 02:51:31"}
{"level":"info","message":"no execution in db queued to process","timestamp":"2025-04-04 02:51:31"}
{"level":"info","message":"(cycling) check for queueing executions","timestamp":"2025-04-04 02:56:31"}
{"level":"info","message":"no execution in db queued to process","timestamp":"2025-04-04 02:56:31"}
{"level":"info","message":"(cycling) check for queueing executions","timestamp":"2025-04-04 03:01:31"}
{"level":"info","message":"no execution in db queued to process","timestamp":"2025-04-04 03:01:31"}
{"level":"info","message":"(cycling) check for queueing executions","timestamp":"2025-04-04 04:59:00"}
{"level":"info","message":"no execution in db queued to process","timestamp":"2025-04-04 04:59:00"}
{"level":"info","message":"(cycling) check for queueing executions","timestamp":"2025-04-04 05:04:00"}
{"level":"info","message":"no execution in db queued to process","timestamp":"2025-04-04 05:04:00"}
{"level":"info","message":"no more events need to be prepared, dispatching...","timestamp":"2025-04-04 05:04:52"}
{"level":"info","message":"last process finished, will do another dispatch","timestamp":"2025-04-04 05:04:52"}
{"level":"info","message":"no execution in db queued to process","timestamp":"2025-04-04 05:04:52"}
{"level":"info","message":"(cycling) check for queueing executions","timestamp":"2025-04-04 05:09:00"}
{"level":"info","message":"no execution in db queued to process","timestamp":"2025-04-04 05:09:00"}
{"level":"info","message":"(cycling) check for queueing executions","timestamp":"2025-04-04 05:14:00"}
{"level":"info","message":"no execution in db queued to process","timestamp":"2025-04-04 05:14:00"}
{"level":"info","message":"(cycling) check for queueing executions","timestamp":"2025-04-04 05:19:00"}
{"level":"info","message":"no execution in db queued to process","timestamp":"2025-04-04 05:19:00"}
{"level":"info","message":"(cycling) check for queueing executions","timestamp":"2025-04-04 05:24:00"}
{"level":"info","message":"no execution in db queued to process","timestamp":"2025-04-04 05:24:00"}
{"level":"info","message":"(cycling) check for queueing executions","timestamp":"2025-04-04 05:29:00"}
{"level":"info","message":"no execution in db queued to process","timestamp":"2025-04-04 05:29:00"}
{"level":"info","message":"(cycling) check for queueing executions","timestamp":"2025-04-04 05:34:00"}
{"level":"info","message":"no execution in db queued to process","timestamp":"2025-04-04 05:34:00"}
{"level":"info","message":"(cycling) check for queueing executions","timestamp":"2025-04-04 05:39:00"}
{"level":"info","message":"no execution in db queued to process","timestamp":"2025-04-04 05:39:00"}
{"level":"info","message":"(cycling) check for queueing executions","timestamp":"2025-04-04 05:44:00"}
{"level":"info","message":"no execution in db queued to process","timestamp":"2025-04-04 05:44:00"}
{"level":"info","message":"(cycling) check for queueing executions","timestamp":"2025-04-04 05:49:00"}
{"level":"info","message":"no execution in db queued to process","timestamp":"2025-04-04 05:49:00"}
{"level":"info","message":"no more events need to be prepared, dispatching...","timestamp":"2025-04-04 05:53:07"}
{"level":"info","message":"last process finished, will do another dispatch","timestamp":"2025-04-04 05:53:07"}
{"level":"info","message":"no execution in db queued to process","timestamp":"2025-04-04 05:53:07"}
{"level":"info","message":"no more events need to be prepared, dispatching...","timestamp":"2025-04-04 05:53:46"}
{"level":"info","message":"last process finished, will do another dispatch","timestamp":"2025-04-04 05:53:46"}
{"level":"info","message":"no execution in db queued to process","timestamp":"2025-04-04 05:53:47"}
{"level":"info","message":"(cycling) check for queueing executions","timestamp":"2025-04-04 05:54:00"}
{"level":"info","message":"no execution in db queued to process","timestamp":"2025-04-04 05:54:00"}
{"level":"info","message":"no more events need to be prepared, dispatching...","timestamp":"2025-04-04 05:55:46"}
{"level":"info","message":"last process finished, will do another dispatch","timestamp":"2025-04-04 05:55:46"}
{"level":"info","message":"no execution in db queued to process","timestamp":"2025-04-04 05:55:46"}
{"level":"info","message":"(cycling) check for queueing executions","timestamp":"2025-04-04 05:59:00"}
{"level":"info","message":"no execution in db queued to process","timestamp":"2025-04-04 05:59:00"}
{"level":"info","message":"(cycling) check for queueing executions","timestamp":"2025-04-04 06:04:00"}
{"level":"info","message":"no execution in db queued to process","timestamp":"2025-04-04 06:04:00"}
{"level":"info","message":"(cycling) check for queueing executions","timestamp":"2025-04-04 06:09:00"}
{"level":"info","message":"no execution in db queued to process","timestamp":"2025-04-04 06:09:00"}
{"level":"info","message":"(starting) check for queueing executions","timestamp":"2025-04-04 07:34:36"}
{"level":"info","message":"no execution in db queued to process","timestamp":"2025-04-04 07:34:36"}
{"level":"info","message":"(cycling) check for queueing executions","timestamp":"2025-04-04 07:39:36"}
{"level":"info","message":"no execution in db queued to process","timestamp":"2025-04-04 07:39:36"}
{"level":"info","message":"(cycling) check for queueing executions","timestamp":"2025-04-04 07:44:36"}
{"level":"info","message":"no execution in db queued to process","timestamp":"2025-04-04 07:44:36"}
{"level":"info","message":"(cycling) check for queueing executions","timestamp":"2025-04-04 07:49:36"}
{"level":"info","message":"no execution in db queued to process","timestamp":"2025-04-04 07:49:36"}
{"level":"info","message":"(cycling) check for queueing executions","timestamp":"2025-04-04 07:54:36"}
{"level":"info","message":"no execution in db queued to process","timestamp":"2025-04-04 07:54:36"}
{"level":"info","message":"(cycling) check for queueing executions","timestamp":"2025-04-04 07:59:36"}
{"level":"info","message":"no execution in db queued to process","timestamp":"2025-04-04 07:59:36"}
{"level":"info","message":"(cycling) check for queueing executions","timestamp":"2025-04-04 08:04:36"}
{"level":"info","message":"no execution in db queued to process","timestamp":"2025-04-04 08:04:36"}
{"level":"info","message":"(cycling) check for queueing executions","timestamp":"2025-04-04 08:09:36"}
{"level":"info","message":"no execution in db queued to process","timestamp":"2025-04-04 08:09:36"}
{"level":"info","message":"(cycling) check for queueing executions","timestamp":"2025-04-04 08:14:36"}
{"level":"info","message":"no execution in db queued to process","timestamp":"2025-04-04 08:14:36"}
{"level":"info","message":"(cycling) check for queueing executions","timestamp":"2025-04-04 08:19:36"}
{"level":"info","message":"no execution in db queued to process","timestamp":"2025-04-04 08:19:36"}
{"level":"info","message":"(cycling) check for queueing executions","timestamp":"2025-04-04 08:24:36"}
{"level":"info","message":"no execution in db queued to process","timestamp":"2025-04-04 08:24:36"}
{"level":"info","message":"no more events need to be prepared, dispatching...","timestamp":"2025-04-04 08:26:26"}
{"level":"info","message":"last process finished, will do another dispatch","timestamp":"2025-04-04 08:26:27"}
{"level":"info","message":"no execution in db queued to process","timestamp":"2025-04-04 08:26:27"}
{"level":"info","message":"(cycling) check for queueing executions","timestamp":"2025-04-04 08:29:36"}
{"level":"info","message":"no execution in db queued to process","timestamp":"2025-04-04 08:29:36"}
{"level":"info","message":"(cycling) check for queueing executions","timestamp":"2025-04-04 08:34:36"}
{"level":"info","message":"no execution in db queued to process","timestamp":"2025-04-04 08:34:36"}
{"level":"info","message":"no more events need to be prepared, dispatching...","timestamp":"2025-04-04 08:35:52"}
{"level":"info","message":"last process finished, will do another dispatch","timestamp":"2025-04-04 08:35:52"}
{"level":"info","message":"no execution in db queued to process","timestamp":"2025-04-04 08:35:52"}
{"level":"info","message":"no more events need to be prepared, dispatching...","timestamp":"2025-04-04 08:36:49"}
{"level":"info","message":"last process finished, will do another dispatch","timestamp":"2025-04-04 08:36:49"}
{"level":"info","message":"no execution in db queued to process","timestamp":"2025-04-04 08:36:49"}
{"level":"info","message":"(cycling) check for queueing executions","timestamp":"2025-04-04 08:39:36"}
{"level":"info","message":"no execution in db queued to process","timestamp":"2025-04-04 08:39:36"}
{"level":"info","message":"(cycling) check for queueing executions","timestamp":"2025-04-04 08:44:36"}
{"level":"info","message":"no execution in db queued to process","timestamp":"2025-04-04 08:44:36"}
{"level":"info","message":"no more events need to be prepared, dispatching...","timestamp":"2025-04-04 08:48:24"}
{"level":"info","message":"last process finished, will do another dispatch","timestamp":"2025-04-04 08:48:24"}
{"level":"info","message":"no execution in db queued to process","timestamp":"2025-04-04 08:48:24"}
{"level":"info","message":"(cycling) check for queueing executions","timestamp":"2025-04-04 08:49:36"}
{"level":"info","message":"no execution in db queued to process","timestamp":"2025-04-04 08:49:36"}
{"level":"info","message":"no more events need to be prepared, dispatching...","timestamp":"2025-04-04 08:52:02"}
{"level":"info","message":"last process finished, will do another dispatch","timestamp":"2025-04-04 08:52:02"}
{"level":"info","message":"no execution in db queued to process","timestamp":"2025-04-04 08:52:02"}
{"level":"info","message":"no more events need to be prepared, dispatching...","timestamp":"2025-04-04 08:52:49"}
{"level":"info","message":"last process finished, will do another dispatch","timestamp":"2025-04-04 08:52:49"}
{"level":"info","message":"no execution in db queued to process","timestamp":"2025-04-04 08:52:49"}
{"level":"info","message":"(cycling) check for queueing executions","timestamp":"2025-04-04 08:54:35"}
{"level":"info","message":"no execution in db queued to process","timestamp":"2025-04-04 08:54:36"}
{"level":"info","message":"no more events need to be prepared, dispatching...","timestamp":"2025-04-04 08:55:05"}
{"level":"info","message":"last process finished, will do another dispatch","timestamp":"2025-04-04 08:55:05"}
{"level":"info","message":"no execution in db queued to process","timestamp":"2025-04-04 08:55:05"}
{"level":"info","message":"no more events need to be prepared, dispatching...","timestamp":"2025-04-04 08:57:50"}
{"level":"info","message":"last process finished, will do another dispatch","timestamp":"2025-04-04 08:57:50"}
{"level":"info","message":"no execution in db queued to process","timestamp":"2025-04-04 08:57:50"}
{"level":"info","message":"no more events need to be prepared, dispatching...","timestamp":"2025-04-04 08:58:01"}
{"level":"info","message":"last process finished, will do another dispatch","timestamp":"2025-04-04 08:58:02"}
{"level":"info","message":"no execution in db queued to process","timestamp":"2025-04-04 08:58:02"}
{"level":"info","message":"(cycling) check for queueing executions","timestamp":"2025-04-04 08:59:35"}
{"level":"info","message":"no execution in db queued to process","timestamp":"2025-04-04 08:59:36"}
{"level":"info","message":"(cycling) check for queueing executions","timestamp":"2025-04-04 09:04:35"}
{"level":"info","message":"no execution in db queued to process","timestamp":"2025-04-04 09:04:36"}
{"level":"info","message":"no more events need to be prepared, dispatching...","timestamp":"2025-04-04 09:07:08"}
{"level":"info","message":"last process finished, will do another dispatch","timestamp":"2025-04-04 09:07:08"}
{"level":"info","message":"no execution in db queued to process","timestamp":"2025-04-04 09:07:08"}
{"level":"info","message":"(cycling) check for queueing executions","timestamp":"2025-04-04 09:09:35"}
{"level":"info","message":"no execution in db queued to process","timestamp":"2025-04-04 09:09:36"}
{"level":"info","message":"no more events need to be prepared, dispatching...","timestamp":"2025-04-04 09:13:51"}
{"level":"info","message":"last process finished, will do another dispatch","timestamp":"2025-04-04 09:13:51"}
{"level":"info","message":"no execution in db queued to process","timestamp":"2025-04-04 09:13:51"}
{"level":"info","message":"no more events need to be prepared, dispatching...","timestamp":"2025-04-04 09:14:27"}
{"level":"info","message":"last process finished, will do another dispatch","timestamp":"2025-04-04 09:14:27"}
{"level":"info","message":"no execution in db queued to process","timestamp":"2025-04-04 09:14:27"}
{"level":"info","message":"(cycling) check for queueing executions","timestamp":"2025-04-04 09:14:35"}
{"level":"info","message":"no execution in db queued to process","timestamp":"2025-04-04 09:14:35"}
{"level":"info","message":"(cycling) check for queueing executions","timestamp":"2025-04-04 09:19:35"}
{"level":"info","message":"no execution in db queued to process","timestamp":"2025-04-04 09:19:35"}
{"level":"info","message":"(cycling) check for queueing executions","timestamp":"2025-04-04 09:24:35"}
{"level":"info","message":"no execution in db queued to process","timestamp":"2025-04-04 09:24:35"}
{"level":"info","message":"no more events need to be prepared, dispatching...","timestamp":"2025-04-04 09:28:42"}
{"level":"info","message":"last process finished, will do another dispatch","timestamp":"2025-04-04 09:28:42"}
{"level":"info","message":"no execution in db queued to process","timestamp":"2025-04-04 09:28:42"}
{"level":"info","message":"no more events need to be prepared, dispatching...","timestamp":"2025-04-04 09:29:04"}
{"level":"info","message":"last process finished, will do another dispatch","timestamp":"2025-04-04 09:29:04"}
{"level":"info","message":"no execution in db queued to process","timestamp":"2025-04-04 09:29:04"}
{"level":"info","message":"no more events need to be prepared, dispatching...","timestamp":"2025-04-04 09:29:17"}
{"level":"info","message":"last process finished, will do another dispatch","timestamp":"2025-04-04 09:29:17"}
{"level":"info","message":"no execution in db queued to process","timestamp":"2025-04-04 09:29:17"}
{"level":"info","message":"(cycling) check for queueing executions","timestamp":"2025-04-04 09:29:35"}
{"level":"info","message":"no execution in db queued to process","timestamp":"2025-04-04 09:29:35"}
{"level":"info","message":"no more events need to be prepared, dispatching...","timestamp":"2025-04-04 09:30:04"}
{"level":"info","message":"last process finished, will do another dispatch","timestamp":"2025-04-04 09:30:04"}
{"level":"info","message":"no execution in db queued to process","timestamp":"2025-04-04 09:30:04"}
{"level":"info","message":"no more events need to be prepared, dispatching...","timestamp":"2025-04-04 09:30:25"}
{"level":"info","message":"last process finished, will do another dispatch","timestamp":"2025-04-04 09:30:25"}
{"level":"info","message":"no execution in db queued to process","timestamp":"2025-04-04 09:30:25"}
{"level":"info","message":"no more events need to be prepared, dispatching...","timestamp":"2025-04-04 09:30:36"}
{"level":"info","message":"last process finished, will do another dispatch","timestamp":"2025-04-04 09:30:36"}
{"level":"info","message":"no execution in db queued to process","timestamp":"2025-04-04 09:30:36"}
{"level":"info","message":"no more events need to be prepared, dispatching...","timestamp":"2025-04-04 09:30:48"}
{"level":"info","message":"last process finished, will do another dispatch","timestamp":"2025-04-04 09:30:48"}
{"level":"info","message":"no execution in db queued to process","timestamp":"2025-04-04 09:30:48"}
{"level":"info","message":"(cycling) check for queueing executions","timestamp":"2025-04-04 09:34:35"}
{"level":"info","message":"no execution in db queued to process","timestamp":"2025-04-04 09:34:35"}
{"level":"info","message":"(cycling) check for queueing executions","timestamp":"2025-04-04 09:39:35"}
{"level":"info","message":"no execution in db queued to process","timestamp":"2025-04-04 09:39:35"}
{"level":"info","message":"(cycling) check for queueing executions","timestamp":"2025-04-04 09:44:35"}
{"level":"info","message":"no execution in db queued to process","timestamp":"2025-04-04 09:44:35"}
{"level":"info","message":"no more events need to be prepared, dispatching...","timestamp":"2025-04-04 09:49:21"}
{"level":"info","message":"last process finished, will do another dispatch","timestamp":"2025-04-04 09:49:21"}
{"level":"info","message":"no execution in db queued to process","timestamp":"2025-04-04 09:49:21"}
{"level":"info","message":"(cycling) check for queueing executions","timestamp":"2025-04-04 09:49:35"}
{"level":"info","message":"no execution in db queued to process","timestamp":"2025-04-04 09:49:35"}
{"level":"info","message":"(cycling) check for queueing executions","timestamp":"2025-04-04 09:54:35"}
{"level":"info","message":"no execution in db queued to process","timestamp":"2025-04-04 09:54:35"}
{"level":"info","message":"(cycling) check for queueing executions","timestamp":"2025-04-04 09:59:35"}
{"level":"info","message":"no execution in db queued to process","timestamp":"2025-04-04 09:59:35"}
{"level":"info","message":"(cycling) check for queueing executions","timestamp":"2025-04-04 10:04:35"}
{"level":"info","message":"no execution in db queued to process","timestamp":"2025-04-04 10:04:35"}
{"level":"info","message":"(cycling) check for queueing executions","timestamp":"2025-04-04 10:09:35"}
{"level":"info","message":"no execution in db queued to process","timestamp":"2025-04-04 10:09:35"}
{"level":"info","message":"(cycling) check for queueing executions","timestamp":"2025-04-04 10:14:35"}
{"level":"info","message":"no execution in db queued to process","timestamp":"2025-04-04 10:14:35"}
{"level":"info","message":"(cycling) check for queueing executions","timestamp":"2025-04-04 10:19:35"}
{"level":"info","message":"no execution in db queued to process","timestamp":"2025-04-04 10:19:35"}
{"level":"info","message":"(cycling) check for queueing executions","timestamp":"2025-04-04 10:24:35"}
{"level":"info","message":"no execution in db queued to process","timestamp":"2025-04-04 10:24:35"}
{"level":"info","message":"(cycling) check for queueing executions","timestamp":"2025-04-04 10:29:35"}
{"level":"info","message":"no execution in db queued to process","timestamp":"2025-04-04 10:29:35"}
{"level":"info","message":"(cycling) check for queueing executions","timestamp":"2025-04-04 10:34:35"}
{"level":"info","message":"no execution in db queued to process","timestamp":"2025-04-04 10:34:35"}
{"level":"info","message":"(cycling) check for queueing executions","timestamp":"2025-04-04 10:39:35"}
{"level":"info","message":"no execution in db queued to process","timestamp":"2025-04-04 10:39:35"}
{"level":"info","message":"(cycling) check for queueing executions","timestamp":"2025-04-04 10:44:35"}
{"level":"info","message":"no execution in db queued to process","timestamp":"2025-04-04 10:44:35"}
{"level":"info","message":"(cycling) check for queueing executions","timestamp":"2025-04-04 10:49:35"}
{"level":"info","message":"no execution in db queued to process","timestamp":"2025-04-04 10:49:35"}
{"level":"info","message":"(cycling) check for queueing executions","timestamp":"2025-04-04 10:54:35"}
{"level":"info","message":"no execution in db queued to process","timestamp":"2025-04-04 10:54:35"}
{"level":"info","message":"(cycling) check for queueing executions","timestamp":"2025-04-04 10:59:35"}
{"level":"info","message":"no execution in db queued to process","timestamp":"2025-04-04 10:59:35"}
{"level":"info","message":"(cycling) check for queueing executions","timestamp":"2025-04-04 11:04:35"}
{"level":"info","message":"no execution in db queued to process","timestamp":"2025-04-04 11:04:35"}
{"level":"info","message":"(cycling) check for queueing executions","timestamp":"2025-04-04 11:09:35"}
{"level":"info","message":"no execution in db queued to process","timestamp":"2025-04-04 11:09:35"}
{"level":"info","message":"(cycling) check for queueing executions","timestamp":"2025-04-04 11:14:35"}
{"level":"info","message":"no execution in db queued to process","timestamp":"2025-04-04 11:14:35"}
{"level":"info","message":"no more events need to be prepared, dispatching...","timestamp":"2025-04-04 11:15:20"}
{"level":"info","message":"last process finished, will do another dispatch","timestamp":"2025-04-04 11:15:20"}
{"level":"info","message":"no execution in db queued to process","timestamp":"2025-04-04 11:15:20"}
{"level":"info","message":"no more events need to be prepared, dispatching...","timestamp":"2025-04-04 11:15:23"}
{"level":"info","message":"last process finished, will do another dispatch","timestamp":"2025-04-04 11:15:23"}
{"level":"info","message":"no execution in db queued to process","timestamp":"2025-04-04 11:15:23"}
{"level":"info","message":"no more events need to be prepared, dispatching...","timestamp":"2025-04-04 11:19:28"}
{"level":"info","message":"last process finished, will do another dispatch","timestamp":"2025-04-04 11:19:28"}
{"level":"info","message":"no execution in db queued to process","timestamp":"2025-04-04 11:19:28"}
{"level":"info","message":"(cycling) check for queueing executions","timestamp":"2025-04-04 11:19:35"}
{"level":"info","message":"no execution in db queued to process","timestamp":"2025-04-04 11:19:35"}
{"level":"info","message":"no more events need to be prepared, dispatching...","timestamp":"2025-04-04 11:23:49"}
{"level":"info","message":"last process finished, will do another dispatch","timestamp":"2025-04-04 11:23:49"}
{"level":"info","message":"no execution in db queued to process","timestamp":"2025-04-04 11:23:49"}
{"level":"info","message":"(cycling) check for queueing executions","timestamp":"2025-04-04 11:24:35"}
{"level":"info","message":"no execution in db queued to process","timestamp":"2025-04-04 11:24:35"}
{"level":"info","message":"(cycling) check for queueing executions","timestamp":"2025-04-04 11:29:35"}
{"level":"info","message":"no execution in db queued to process","timestamp":"2025-04-04 11:29:35"}
{"level":"info","message":"(cycling) check for queueing executions","timestamp":"2025-04-04 11:47:36"}
{"level":"info","message":"no execution in db queued to process","timestamp":"2025-04-04 11:47:36"}
{"level":"info","message":"(cycling) check for queueing executions","timestamp":"2025-04-04 11:52:36"}
{"level":"info","message":"no execution in db queued to process","timestamp":"2025-04-04 11:52:36"}
{"level":"info","message":"(cycling) check for queueing executions","timestamp":"2025-04-04 11:57:36"}
{"level":"info","message":"no execution in db queued to process","timestamp":"2025-04-04 11:57:36"}
{"level":"info","message":"(cycling) check for queueing executions","timestamp":"2025-04-04 12:02:35"}
{"level":"info","message":"no execution in db queued to process","timestamp":"2025-04-04 12:02:35"}
{"level":"info","message":"(cycling) check for queueing executions","timestamp":"2025-04-04 12:07:35"}
{"level":"info","message":"no execution in db queued to process","timestamp":"2025-04-04 12:07:36"}
{"level":"info","message":"(cycling) check for queueing executions","timestamp":"2025-04-04 12:12:35"}
{"level":"info","message":"no execution in db queued to process","timestamp":"2025-04-04 12:12:36"}
{"level":"info","message":"(cycling) check for queueing executions","timestamp":"2025-04-04 12:17:35"}
{"level":"info","message":"no execution in db queued to process","timestamp":"2025-04-04 12:17:35"}
{"level":"info","message":"(cycling) check for queueing executions","timestamp":"2025-04-04 12:22:35"}
{"level":"info","message":"no execution in db queued to process","timestamp":"2025-04-04 12:22:35"}
{"level":"info","message":"no more events need to be prepared, dispatching...","timestamp":"2025-04-04 12:23:44"}
{"level":"info","message":"last process finished, will do another dispatch","timestamp":"2025-04-04 12:23:45"}
{"level":"info","message":"no execution in db queued to process","timestamp":"2025-04-04 12:23:45"}
{"level":"info","message":"no more events need to be prepared, dispatching...","timestamp":"2025-04-04 12:26:44"}
{"level":"info","message":"last process finished, will do another dispatch","timestamp":"2025-04-04 12:26:44"}
{"level":"info","message":"no execution in db queued to process","timestamp":"2025-04-04 12:26:44"}
{"level":"info","message":"(cycling) check for queueing executions","timestamp":"2025-04-04 12:27:35"}
{"level":"info","message":"no execution in db queued to process","timestamp":"2025-04-04 12:27:35"}
{"level":"info","message":"no more events need to be prepared, dispatching...","timestamp":"2025-04-04 12:32:07"}
{"level":"info","message":"last process finished, will do another dispatch","timestamp":"2025-04-04 12:32:08"}
{"level":"info","message":"no execution in db queued to process","timestamp":"2025-04-04 12:32:08"}
{"level":"info","message":"(cycling) check for queueing executions","timestamp":"2025-04-04 12:32:35"}
{"level":"info","message":"no execution in db queued to process","timestamp":"2025-04-04 12:32:35"}
{"level":"info","message":"no more events need to be prepared, dispatching...","timestamp":"2025-04-04 12:34:24"}
{"level":"info","message":"last process finished, will do another dispatch","timestamp":"2025-04-04 12:34:24"}
{"level":"info","message":"no execution in db queued to process","timestamp":"2025-04-04 12:34:24"}
{"level":"info","message":"no more events need to be prepared, dispatching...","timestamp":"2025-04-04 12:34:47"}
{"level":"info","message":"last process finished, will do another dispatch","timestamp":"2025-04-04 12:34:47"}
{"level":"info","message":"no execution in db queued to process","timestamp":"2025-04-04 12:34:47"}
{"level":"info","message":"no more events need to be prepared, dispatching...","timestamp":"2025-04-04 12:37:05"}
{"level":"info","message":"last process finished, will do another dispatch","timestamp":"2025-04-04 12:37:05"}
{"level":"info","message":"no execution in db queued to process","timestamp":"2025-04-04 12:37:05"}
{"level":"info","message":"(cycling) check for queueing executions","timestamp":"2025-04-04 12:37:35"}
{"level":"info","message":"no execution in db queued to process","timestamp":"2025-04-04 12:37:35"}
{"level":"info","message":"no more events need to be prepared, dispatching...","timestamp":"2025-04-04 12:37:52"}
{"level":"info","message":"last process finished, will do another dispatch","timestamp":"2025-04-04 12:37:52"}
{"level":"info","message":"no execution in db queued to process","timestamp":"2025-04-04 12:37:52"}
{"level":"info","message":"(cycling) check for queueing executions","timestamp":"2025-04-04 12:42:35"}
{"level":"info","message":"no execution in db queued to process","timestamp":"2025-04-04 12:42:35"}
{"level":"info","message":"no more events need to be prepared, dispatching...","timestamp":"2025-04-04 12:45:12"}
{"level":"info","message":"last process finished, will do another dispatch","timestamp":"2025-04-04 12:45:12"}
{"level":"info","message":"no execution in db queued to process","timestamp":"2025-04-04 12:45:12"}
{"level":"info","message":"no more events need to be prepared, dispatching...","timestamp":"2025-04-04 12:45:32"}
{"level":"info","message":"last process finished, will do another dispatch","timestamp":"2025-04-04 12:45:32"}
{"level":"info","message":"no execution in db queued to process","timestamp":"2025-04-04 12:45:32"}
{"level":"info","message":"(cycling) check for queueing executions","timestamp":"2025-04-04 12:47:35"}
{"level":"info","message":"no execution in db queued to process","timestamp":"2025-04-04 12:47:35"}
{"level":"info","message":"no more events need to be prepared, dispatching...","timestamp":"2025-04-04 12:49:48"}
{"level":"info","message":"last process finished, will do another dispatch","timestamp":"2025-04-04 12:49:48"}
{"level":"info","message":"no execution in db queued to process","timestamp":"2025-04-04 12:49:48"}
{"level":"info","message":"no more events need to be prepared, dispatching...","timestamp":"2025-04-04 12:50:01"}
{"level":"info","message":"last process finished, will do another dispatch","timestamp":"2025-04-04 12:50:01"}
{"level":"info","message":"no execution in db queued to process","timestamp":"2025-04-04 12:50:01"}
{"level":"info","message":"no more events need to be prepared, dispatching...","timestamp":"2025-04-04 12:51:49"}
{"level":"info","message":"last process finished, will do another dispatch","timestamp":"2025-04-04 12:51:49"}
{"level":"info","message":"no execution in db queued to process","timestamp":"2025-04-04 12:51:49"}
{"level":"info","message":"no more events need to be prepared, dispatching...","timestamp":"2025-04-04 12:51:59"}
{"level":"info","message":"last process finished, will do another dispatch","timestamp":"2025-04-04 12:51:59"}
{"level":"info","message":"no execution in db queued to process","timestamp":"2025-04-04 12:51:59"}
{"level":"info","message":"(cycling) check for queueing executions","timestamp":"2025-04-04 12:52:35"}
{"level":"info","message":"no execution in db queued to process","timestamp":"2025-04-04 12:52:35"}
{"level":"info","message":"(cycling) check for queueing executions","timestamp":"2025-04-04 12:57:35"}
{"level":"info","message":"no execution in db queued to process","timestamp":"2025-04-04 12:57:35"}
{"level":"info","message":"(cycling) check for queueing executions","timestamp":"2025-04-04 13:02:35"}
{"level":"info","message":"no execution in db queued to process","timestamp":"2025-04-04 13:02:35"}
{"level":"info","message":"(cycling) check for queueing executions","timestamp":"2025-04-04 13:07:35"}
{"level":"info","message":"no execution in db queued to process","timestamp":"2025-04-04 13:07:35"}
{"level":"info","message":"(cycling) check for queueing executions","timestamp":"2025-04-04 13:12:35"}
{"level":"info","message":"no execution in db queued to process","timestamp":"2025-04-04 13:12:35"}
{"level":"info","message":"(cycling) check for queueing executions","timestamp":"2025-04-04 13:17:35"}
{"level":"info","message":"no execution in db queued to process","timestamp":"2025-04-04 13:17:35"}
{"level":"info","message":"(cycling) check for queueing executions","timestamp":"2025-04-04 13:22:35"}
{"level":"info","message":"no execution in db queued to process","timestamp":"2025-04-04 13:22:35"}
{"level":"info","message":"(cycling) check for queueing executions","timestamp":"2025-04-04 13:27:35"}
{"level":"info","message":"no execution in db queued to process","timestamp":"2025-04-04 13:27:35"}
{"level":"info","message":"(cycling) check for queueing executions","timestamp":"2025-04-04 13:32:35"}
{"level":"info","message":"no execution in db queued to process","timestamp":"2025-04-04 13:32:35"}
{"level":"info","message":"(cycling) check for queueing executions","timestamp":"2025-04-04 13:37:35"}
{"level":"info","message":"no execution in db queued to process","timestamp":"2025-04-04 13:37:35"}
{"level":"info","message":"(cycling) check for queueing executions","timestamp":"2025-04-04 13:42:35"}
{"level":"info","message":"no execution in db queued to process","timestamp":"2025-04-04 13:42:35"}
{"level":"info","message":"(cycling) check for queueing executions","timestamp":"2025-04-04 13:47:35"}
{"level":"info","message":"no execution in db queued to process","timestamp":"2025-04-04 13:47:35"}
{"level":"info","message":"(cycling) check for queueing executions","timestamp":"2025-04-04 13:52:35"}
{"level":"info","message":"no execution in db queued to process","timestamp":"2025-04-04 13:52:35"}
{"level":"info","message":"(cycling) check for queueing executions","timestamp":"2025-04-04 13:57:35"}
{"level":"info","message":"no execution in db queued to process","timestamp":"2025-04-04 13:57:35"}
{"level":"info","message":"(cycling) check for queueing executions","timestamp":"2025-04-04 15:54:38"}
{"level":"info","message":"no execution in db queued to process","timestamp":"2025-04-04 15:54:38"}
