{"level":"info","message":"no more events need to be prepared, dispatching...","timestamp":"2025-05-11 01:11:17"}
{"level":"info","message":"last process finished, will do another dispatch","timestamp":"2025-05-11 01:11:18"}
{"level":"info","message":"no execution in db queued to process","timestamp":"2025-05-11 01:11:18"}
{"level":"info","message":"no more events need to be prepared, dispatching...","timestamp":"2025-05-11 01:11:18"}
{"level":"info","message":"last process finished, will do another dispatch","timestamp":"2025-05-11 01:11:19"}
{"level":"info","message":"no execution in db queued to process","timestamp":"2025-05-11 01:11:19"}
{"level":"info","message":"no more events need to be prepared, dispatching...","timestamp":"2025-05-11 01:11:21"}
{"level":"info","message":"last process finished, will do another dispatch","timestamp":"2025-05-11 01:11:22"}
{"level":"info","message":"no execution in db queued to process","timestamp":"2025-05-11 01:11:22"}
{"level":"info","message":"no more events need to be prepared, dispatching...","timestamp":"2025-05-11 01:11:27"}
{"level":"info","message":"last process finished, will do another dispatch","timestamp":"2025-05-11 01:11:28"}
{"level":"info","message":"no execution in db queued to process","timestamp":"2025-05-11 01:11:28"}
{"level":"info","message":"no more events need to be prepared, dispatching...","timestamp":"2025-05-11 01:11:35"}
{"level":"info","message":"last process finished, will do another dispatch","timestamp":"2025-05-11 01:11:35"}
{"level":"info","message":"no execution in db queued to process","timestamp":"2025-05-11 01:11:35"}
{"level":"info","message":"no more events need to be prepared, dispatching...","timestamp":"2025-05-11 01:11:41"}
{"level":"info","message":"last process finished, will do another dispatch","timestamp":"2025-05-11 01:11:41"}
{"level":"info","message":"no execution in db queued to process","timestamp":"2025-05-11 01:11:41"}
{"level":"info","message":"no more events need to be prepared, dispatching...","timestamp":"2025-05-11 01:11:48"}
{"level":"info","message":"last process finished, will do another dispatch","timestamp":"2025-05-11 01:11:48"}
{"level":"info","message":"no execution in db queued to process","timestamp":"2025-05-11 01:11:48"}
{"level":"info","message":"no more events need to be prepared, dispatching...","timestamp":"2025-05-11 01:11:55"}
{"level":"info","message":"last process finished, will do another dispatch","timestamp":"2025-05-11 01:11:55"}
{"level":"info","message":"no execution in db queued to process","timestamp":"2025-05-11 01:11:55"}
{"level":"info","message":"no more events need to be prepared, dispatching...","timestamp":"2025-05-11 01:11:57"}
{"level":"info","message":"last process finished, will do another dispatch","timestamp":"2025-05-11 01:11:57"}
{"level":"info","message":"no execution in db queued to process","timestamp":"2025-05-11 01:11:57"}
{"level":"info","message":"no more events need to be prepared, dispatching...","timestamp":"2025-05-11 01:12:04"}
{"level":"info","message":"last process finished, will do another dispatch","timestamp":"2025-05-11 01:12:05"}
{"level":"info","message":"no execution in db queued to process","timestamp":"2025-05-11 01:12:05"}
{"level":"info","message":"no more events need to be prepared, dispatching...","timestamp":"2025-05-11 01:12:44"}
{"level":"info","message":"last process finished, will do another dispatch","timestamp":"2025-05-11 01:12:44"}
{"level":"info","message":"no execution in db queued to process","timestamp":"2025-05-11 01:12:44"}
{"level":"info","message":"no more events need to be prepared, dispatching...","timestamp":"2025-05-11 01:12:47"}
{"level":"info","message":"last process finished, will do another dispatch","timestamp":"2025-05-11 01:12:47"}
{"level":"info","message":"no execution in db queued to process","timestamp":"2025-05-11 01:12:47"}
{"level":"info","message":"(cycling) check for queueing executions","timestamp":"2025-05-11 01:13:36"}
{"level":"info","message":"no execution in db queued to process","timestamp":"2025-05-11 01:13:36"}
{"level":"info","message":"no more events need to be prepared, dispatching...","timestamp":"2025-05-11 01:14:14"}
{"level":"info","message":"last process finished, will do another dispatch","timestamp":"2025-05-11 01:14:15"}
{"level":"info","message":"no execution in db queued to process","timestamp":"2025-05-11 01:14:15"}
{"level":"info","message":"(cycling) check for queueing executions","timestamp":"2025-05-11 01:18:36"}
{"level":"info","message":"no execution in db queued to process","timestamp":"2025-05-11 01:18:36"}
{"level":"info","message":"(cycling) check for queueing executions","timestamp":"2025-05-11 01:23:36"}
{"level":"info","message":"no execution in db queued to process","timestamp":"2025-05-11 01:23:37"}
{"level":"info","message":"(cycling) check for queueing executions","timestamp":"2025-05-11 01:28:36"}
{"level":"info","message":"no execution in db queued to process","timestamp":"2025-05-11 01:28:37"}
{"level":"info","message":"(cycling) check for queueing executions","timestamp":"2025-05-11 01:33:36"}
{"level":"info","message":"no execution in db queued to process","timestamp":"2025-05-11 01:33:36"}
{"level":"info","message":"(starting) check for queueing executions","timestamp":"2025-05-11 04:07:53"}
{"level":"info","message":"no execution in db queued to process","timestamp":"2025-05-11 04:07:53"}
{"level":"info","message":"(cycling) check for queueing executions","timestamp":"2025-05-11 04:12:53"}
{"level":"info","message":"no execution in db queued to process","timestamp":"2025-05-11 04:12:53"}
{"level":"info","message":"(cycling) check for queueing executions","timestamp":"2025-05-11 04:17:53"}
{"level":"info","message":"no execution in db queued to process","timestamp":"2025-05-11 04:17:53"}
{"level":"info","message":"(cycling) check for queueing executions","timestamp":"2025-05-11 04:22:53"}
{"level":"info","message":"no execution in db queued to process","timestamp":"2025-05-11 04:22:53"}
{"level":"info","message":"(cycling) check for queueing executions","timestamp":"2025-05-11 04:35:20"}
{"level":"info","message":"no execution in db queued to process","timestamp":"2025-05-11 04:35:20"}
{"level":"info","message":"(cycling) check for queueing executions","timestamp":"2025-05-11 04:40:20"}
{"level":"info","message":"no execution in db queued to process","timestamp":"2025-05-11 04:40:20"}
{"level":"info","message":"(cycling) check for queueing executions","timestamp":"2025-05-11 04:51:28"}
{"level":"info","message":"no execution in db queued to process","timestamp":"2025-05-11 04:51:28"}
{"level":"info","message":"(cycling) check for queueing executions","timestamp":"2025-05-11 04:56:28"}
{"level":"info","message":"no execution in db queued to process","timestamp":"2025-05-11 04:56:28"}
{"level":"info","message":"(cycling) check for queueing executions","timestamp":"2025-05-11 05:01:28"}
{"level":"info","message":"no execution in db queued to process","timestamp":"2025-05-11 05:01:28"}
{"level":"info","message":"(cycling) check for queueing executions","timestamp":"2025-05-11 05:06:28"}
{"level":"info","message":"no execution in db queued to process","timestamp":"2025-05-11 05:06:28"}
{"level":"info","message":"no more events need to be prepared, dispatching...","timestamp":"2025-05-11 05:06:39"}
{"level":"info","message":"last process finished, will do another dispatch","timestamp":"2025-05-11 05:06:40"}
{"level":"info","message":"no execution in db queued to process","timestamp":"2025-05-11 05:06:40"}
{"level":"info","message":"no more events need to be prepared, dispatching...","timestamp":"2025-05-11 05:07:50"}
{"level":"info","message":"last process finished, will do another dispatch","timestamp":"2025-05-11 05:07:51"}
{"level":"info","message":"no execution in db queued to process","timestamp":"2025-05-11 05:07:51"}
{"level":"info","message":"no more events need to be prepared, dispatching...","timestamp":"2025-05-11 05:08:29"}
{"level":"info","message":"last process finished, will do another dispatch","timestamp":"2025-05-11 05:08:29"}
{"level":"info","message":"no execution in db queued to process","timestamp":"2025-05-11 05:08:29"}
{"level":"info","message":"no more events need to be prepared, dispatching...","timestamp":"2025-05-11 05:08:32"}
{"level":"info","message":"last process finished, will do another dispatch","timestamp":"2025-05-11 05:08:32"}
{"level":"info","message":"no execution in db queued to process","timestamp":"2025-05-11 05:08:32"}
{"level":"info","message":"no more events need to be prepared, dispatching...","timestamp":"2025-05-11 05:09:08"}
{"level":"info","message":"no more events need to be prepared, dispatching...","timestamp":"2025-05-11 05:09:08"}
{"level":"info","message":"last process finished, will do another dispatch","timestamp":"2025-05-11 05:09:08"}
{"level":"warn","message":"workflow executing is not finished, new dispatching will be ignored","timestamp":"2025-05-11 05:09:08"}
{"level":"info","message":"last process finished, will do another dispatch","timestamp":"2025-05-11 05:09:08"}
{"level":"info","message":"no execution in db queued to process","timestamp":"2025-05-11 05:09:08"}
{"level":"info","message":"no more events need to be prepared, dispatching...","timestamp":"2025-05-11 05:09:11"}
{"level":"info","message":"last process finished, will do another dispatch","timestamp":"2025-05-11 05:09:11"}
{"level":"info","message":"no execution in db queued to process","timestamp":"2025-05-11 05:09:11"}
{"level":"info","message":"(cycling) check for queueing executions","timestamp":"2025-05-11 05:11:28"}
{"level":"info","message":"no execution in db queued to process","timestamp":"2025-05-11 05:11:28"}
{"level":"info","message":"(cycling) check for queueing executions","timestamp":"2025-05-11 05:16:28"}
{"level":"info","message":"no execution in db queued to process","timestamp":"2025-05-11 05:16:28"}
{"level":"info","message":"(cycling) check for queueing executions","timestamp":"2025-05-11 05:21:28"}
{"level":"info","message":"no execution in db queued to process","timestamp":"2025-05-11 05:21:28"}
{"level":"info","message":"(cycling) check for queueing executions","timestamp":"2025-05-11 05:26:28"}
{"level":"info","message":"no execution in db queued to process","timestamp":"2025-05-11 05:26:28"}
{"level":"info","message":"(cycling) check for queueing executions","timestamp":"2025-05-11 05:31:28"}
{"level":"info","message":"no execution in db queued to process","timestamp":"2025-05-11 05:31:28"}
{"level":"info","message":"(cycling) check for queueing executions","timestamp":"2025-05-11 05:36:28"}
{"level":"info","message":"no execution in db queued to process","timestamp":"2025-05-11 05:36:28"}
{"level":"info","message":"(cycling) check for queueing executions","timestamp":"2025-05-11 05:41:28"}
{"level":"info","message":"no execution in db queued to process","timestamp":"2025-05-11 05:41:28"}
{"level":"info","message":"(cycling) check for queueing executions","timestamp":"2025-05-11 05:46:28"}
{"level":"info","message":"no execution in db queued to process","timestamp":"2025-05-11 05:46:28"}
{"level":"info","message":"(cycling) check for queueing executions","timestamp":"2025-05-11 05:51:28"}
{"level":"info","message":"no execution in db queued to process","timestamp":"2025-05-11 05:51:28"}
{"level":"info","message":"(cycling) check for queueing executions","timestamp":"2025-05-11 05:56:28"}
{"level":"info","message":"no execution in db queued to process","timestamp":"2025-05-11 05:56:28"}
{"level":"info","message":"(cycling) check for queueing executions","timestamp":"2025-05-11 06:01:28"}
{"level":"info","message":"no execution in db queued to process","timestamp":"2025-05-11 06:01:28"}
{"level":"info","message":"(cycling) check for queueing executions","timestamp":"2025-05-11 06:06:28"}
{"level":"info","message":"no execution in db queued to process","timestamp":"2025-05-11 06:06:28"}
{"level":"info","message":"(cycling) check for queueing executions","timestamp":"2025-05-11 06:11:28"}
{"level":"info","message":"no execution in db queued to process","timestamp":"2025-05-11 06:11:28"}
{"level":"info","message":"(cycling) check for queueing executions","timestamp":"2025-05-11 06:16:28"}
{"level":"info","message":"no execution in db queued to process","timestamp":"2025-05-11 06:16:28"}
{"level":"info","message":"(cycling) check for queueing executions","timestamp":"2025-05-11 06:21:28"}
{"level":"info","message":"no execution in db queued to process","timestamp":"2025-05-11 06:21:28"}
{"level":"info","message":"(cycling) check for queueing executions","timestamp":"2025-05-11 06:26:28"}
{"level":"info","message":"no execution in db queued to process","timestamp":"2025-05-11 06:26:28"}
{"level":"info","message":"(cycling) check for queueing executions","timestamp":"2025-05-11 06:31:28"}
{"level":"info","message":"no execution in db queued to process","timestamp":"2025-05-11 06:31:28"}
{"level":"info","message":"(cycling) check for queueing executions","timestamp":"2025-05-11 06:36:28"}
{"level":"info","message":"no execution in db queued to process","timestamp":"2025-05-11 06:36:28"}
{"level":"info","message":"(cycling) check for queueing executions","timestamp":"2025-05-11 06:41:28"}
{"level":"info","message":"no execution in db queued to process","timestamp":"2025-05-11 06:41:28"}
{"level":"info","message":"(cycling) check for queueing executions","timestamp":"2025-05-11 06:46:28"}
{"level":"info","message":"no execution in db queued to process","timestamp":"2025-05-11 06:46:28"}
{"level":"info","message":"(cycling) check for queueing executions","timestamp":"2025-05-11 06:51:28"}
{"level":"info","message":"no execution in db queued to process","timestamp":"2025-05-11 06:51:28"}
{"level":"info","message":"(cycling) check for queueing executions","timestamp":"2025-05-11 06:56:28"}
{"level":"info","message":"no execution in db queued to process","timestamp":"2025-05-11 06:56:28"}
{"level":"info","message":"(cycling) check for queueing executions","timestamp":"2025-05-11 07:01:28"}
{"level":"info","message":"no execution in db queued to process","timestamp":"2025-05-11 07:01:28"}
{"level":"info","message":"(cycling) check for queueing executions","timestamp":"2025-05-11 07:06:28"}
{"level":"info","message":"no execution in db queued to process","timestamp":"2025-05-11 07:06:28"}
{"level":"info","message":"(cycling) check for queueing executions","timestamp":"2025-05-11 07:11:28"}
{"level":"info","message":"no execution in db queued to process","timestamp":"2025-05-11 07:11:28"}
{"level":"info","message":"(cycling) check for queueing executions","timestamp":"2025-05-11 07:16:28"}
{"level":"info","message":"no execution in db queued to process","timestamp":"2025-05-11 07:16:28"}
{"level":"info","message":"(cycling) check for queueing executions","timestamp":"2025-05-11 07:21:28"}
{"level":"info","message":"no execution in db queued to process","timestamp":"2025-05-11 07:21:28"}
{"level":"info","message":"(cycling) check for queueing executions","timestamp":"2025-05-11 07:26:28"}
{"level":"info","message":"no execution in db queued to process","timestamp":"2025-05-11 07:26:28"}
{"level":"info","message":"(cycling) check for queueing executions","timestamp":"2025-05-11 07:31:28"}
{"level":"info","message":"no execution in db queued to process","timestamp":"2025-05-11 07:31:28"}
{"level":"info","message":"(cycling) check for queueing executions","timestamp":"2025-05-11 07:36:28"}
{"level":"info","message":"no execution in db queued to process","timestamp":"2025-05-11 07:36:28"}
{"level":"info","message":"(cycling) check for queueing executions","timestamp":"2025-05-11 07:41:28"}
{"level":"info","message":"no execution in db queued to process","timestamp":"2025-05-11 07:41:28"}
{"level":"info","message":"(cycling) check for queueing executions","timestamp":"2025-05-11 07:46:28"}
{"level":"info","message":"no execution in db queued to process","timestamp":"2025-05-11 07:46:28"}
{"level":"info","message":"(cycling) check for queueing executions","timestamp":"2025-05-11 07:51:28"}
{"level":"info","message":"no execution in db queued to process","timestamp":"2025-05-11 07:51:28"}
{"level":"info","message":"(cycling) check for queueing executions","timestamp":"2025-05-11 07:56:28"}
{"level":"info","message":"no execution in db queued to process","timestamp":"2025-05-11 07:56:28"}
{"level":"info","message":"(cycling) check for queueing executions","timestamp":"2025-05-11 08:01:28"}
{"level":"info","message":"no execution in db queued to process","timestamp":"2025-05-11 08:01:28"}
{"level":"info","message":"(cycling) check for queueing executions","timestamp":"2025-05-11 08:06:28"}
{"level":"info","message":"no execution in db queued to process","timestamp":"2025-05-11 08:06:28"}
{"level":"info","message":"(starting) check for queueing executions","timestamp":"2025-05-11 08:09:36"}
{"level":"info","message":"no execution in db queued to process","timestamp":"2025-05-11 08:09:36"}
{"level":"info","message":"(cycling) check for queueing executions","timestamp":"2025-05-11 08:14:36"}
{"level":"info","message":"no execution in db queued to process","timestamp":"2025-05-11 08:14:36"}
{"level":"info","message":"(cycling) check for queueing executions","timestamp":"2025-05-11 08:19:36"}
{"level":"info","message":"no execution in db queued to process","timestamp":"2025-05-11 08:19:36"}
{"level":"info","message":"(cycling) check for queueing executions","timestamp":"2025-05-11 08:24:36"}
{"level":"info","message":"no execution in db queued to process","timestamp":"2025-05-11 08:24:36"}
{"level":"info","message":"(cycling) check for queueing executions","timestamp":"2025-05-11 08:29:36"}
{"level":"info","message":"no execution in db queued to process","timestamp":"2025-05-11 08:29:36"}
{"level":"info","message":"(cycling) check for queueing executions","timestamp":"2025-05-11 08:34:36"}
{"level":"info","message":"no execution in db queued to process","timestamp":"2025-05-11 08:34:36"}
{"level":"info","message":"(cycling) check for queueing executions","timestamp":"2025-05-11 08:39:36"}
{"level":"info","message":"no execution in db queued to process","timestamp":"2025-05-11 08:39:36"}
{"level":"info","message":"(cycling) check for queueing executions","timestamp":"2025-05-11 08:44:36"}
{"level":"info","message":"no execution in db queued to process","timestamp":"2025-05-11 08:44:36"}
{"level":"info","message":"(cycling) check for queueing executions","timestamp":"2025-05-11 08:49:36"}
{"level":"info","message":"no execution in db queued to process","timestamp":"2025-05-11 08:49:36"}
{"level":"info","message":"(cycling) check for queueing executions","timestamp":"2025-05-11 08:54:36"}
{"level":"info","message":"no execution in db queued to process","timestamp":"2025-05-11 08:54:36"}
{"level":"info","message":"(cycling) check for queueing executions","timestamp":"2025-05-11 08:59:36"}
{"level":"info","message":"no execution in db queued to process","timestamp":"2025-05-11 08:59:36"}
{"level":"info","message":"(cycling) check for queueing executions","timestamp":"2025-05-11 09:04:36"}
{"level":"info","message":"no execution in db queued to process","timestamp":"2025-05-11 09:04:36"}
{"level":"info","message":"(cycling) check for queueing executions","timestamp":"2025-05-11 09:09:36"}
{"level":"info","message":"no execution in db queued to process","timestamp":"2025-05-11 09:09:36"}
{"level":"info","message":"(cycling) check for queueing executions","timestamp":"2025-05-11 09:14:36"}
{"level":"info","message":"no execution in db queued to process","timestamp":"2025-05-11 09:14:36"}
{"level":"info","message":"(cycling) check for queueing executions","timestamp":"2025-05-11 09:19:36"}
{"level":"info","message":"no execution in db queued to process","timestamp":"2025-05-11 09:19:36"}
{"level":"info","message":"(cycling) check for queueing executions","timestamp":"2025-05-11 09:24:36"}
{"level":"info","message":"no execution in db queued to process","timestamp":"2025-05-11 09:24:36"}
{"level":"info","message":"(cycling) check for queueing executions","timestamp":"2025-05-11 09:29:36"}
{"level":"info","message":"no execution in db queued to process","timestamp":"2025-05-11 09:29:36"}
{"level":"info","message":"(cycling) check for queueing executions","timestamp":"2025-05-11 09:34:36"}
{"level":"info","message":"no execution in db queued to process","timestamp":"2025-05-11 09:34:36"}
{"level":"info","message":"(cycling) check for queueing executions","timestamp":"2025-05-11 09:39:36"}
{"level":"info","message":"no execution in db queued to process","timestamp":"2025-05-11 09:39:36"}
{"level":"info","message":"(cycling) check for queueing executions","timestamp":"2025-05-11 09:44:36"}
{"level":"info","message":"no execution in db queued to process","timestamp":"2025-05-11 09:44:36"}
{"level":"info","message":"(cycling) check for queueing executions","timestamp":"2025-05-11 09:49:36"}
{"level":"info","message":"no execution in db queued to process","timestamp":"2025-05-11 09:49:36"}
{"level":"info","message":"(cycling) check for queueing executions","timestamp":"2025-05-11 09:54:36"}
{"level":"info","message":"no execution in db queued to process","timestamp":"2025-05-11 09:54:36"}
{"level":"info","message":"(cycling) check for queueing executions","timestamp":"2025-05-11 09:59:36"}
{"level":"info","message":"no execution in db queued to process","timestamp":"2025-05-11 09:59:36"}
{"level":"info","message":"(cycling) check for queueing executions","timestamp":"2025-05-11 10:04:36"}
{"level":"info","message":"no execution in db queued to process","timestamp":"2025-05-11 10:04:36"}
{"level":"info","message":"(cycling) check for queueing executions","timestamp":"2025-05-11 10:09:36"}
{"level":"info","message":"no execution in db queued to process","timestamp":"2025-05-11 10:09:36"}
{"level":"info","message":"(cycling) check for queueing executions","timestamp":"2025-05-11 10:14:36"}
{"level":"info","message":"no execution in db queued to process","timestamp":"2025-05-11 10:14:36"}
{"level":"info","message":"(cycling) check for queueing executions","timestamp":"2025-05-11 10:19:36"}
{"level":"info","message":"no execution in db queued to process","timestamp":"2025-05-11 10:19:36"}
{"level":"info","message":"(cycling) check for queueing executions","timestamp":"2025-05-11 10:24:36"}
{"level":"info","message":"no execution in db queued to process","timestamp":"2025-05-11 10:24:36"}
{"level":"info","message":"(cycling) check for queueing executions","timestamp":"2025-05-11 10:29:36"}
{"level":"info","message":"no execution in db queued to process","timestamp":"2025-05-11 10:29:36"}
{"level":"info","message":"(cycling) check for queueing executions","timestamp":"2025-05-11 10:34:36"}
{"level":"info","message":"no execution in db queued to process","timestamp":"2025-05-11 10:34:36"}
{"level":"info","message":"(cycling) check for queueing executions","timestamp":"2025-05-11 10:39:36"}
{"level":"info","message":"no execution in db queued to process","timestamp":"2025-05-11 10:39:36"}
{"level":"info","message":"(cycling) check for queueing executions","timestamp":"2025-05-11 10:44:36"}
{"level":"info","message":"no execution in db queued to process","timestamp":"2025-05-11 10:44:36"}
{"level":"info","message":"(cycling) check for queueing executions","timestamp":"2025-05-11 10:49:36"}
{"level":"info","message":"no execution in db queued to process","timestamp":"2025-05-11 10:49:36"}
{"level":"info","message":"(cycling) check for queueing executions","timestamp":"2025-05-11 10:54:36"}
{"level":"info","message":"no execution in db queued to process","timestamp":"2025-05-11 10:54:36"}
{"level":"info","message":"(cycling) check for queueing executions","timestamp":"2025-05-11 11:36:59"}
{"level":"info","message":"no execution in db queued to process","timestamp":"2025-05-11 11:36:59"}
{"level":"info","message":"(cycling) check for queueing executions","timestamp":"2025-05-11 11:41:59"}
{"level":"info","message":"no execution in db queued to process","timestamp":"2025-05-11 11:41:59"}
{"level":"info","message":"(cycling) check for queueing executions","timestamp":"2025-05-11 11:46:59"}
{"level":"info","message":"no execution in db queued to process","timestamp":"2025-05-11 11:46:59"}
{"level":"info","message":"(cycling) check for queueing executions","timestamp":"2025-05-11 11:51:59"}
{"level":"info","message":"no execution in db queued to process","timestamp":"2025-05-11 11:51:59"}
{"level":"info","message":"(cycling) check for queueing executions","timestamp":"2025-05-11 11:56:59"}
{"level":"info","message":"no execution in db queued to process","timestamp":"2025-05-11 11:56:59"}
{"level":"info","message":"(cycling) check for queueing executions","timestamp":"2025-05-11 12:01:59"}
{"level":"info","message":"no execution in db queued to process","timestamp":"2025-05-11 12:01:59"}
{"level":"info","message":"(cycling) check for queueing executions","timestamp":"2025-05-11 12:06:59"}
{"level":"info","message":"no execution in db queued to process","timestamp":"2025-05-11 12:06:59"}
{"level":"info","message":"(cycling) check for queueing executions","timestamp":"2025-05-11 12:11:59"}
{"level":"info","message":"no execution in db queued to process","timestamp":"2025-05-11 12:11:59"}
{"level":"info","message":"(cycling) check for queueing executions","timestamp":"2025-05-11 12:16:59"}
{"level":"info","message":"no execution in db queued to process","timestamp":"2025-05-11 12:16:59"}
{"level":"info","message":"(cycling) check for queueing executions","timestamp":"2025-05-11 12:21:59"}
{"level":"info","message":"no execution in db queued to process","timestamp":"2025-05-11 12:21:59"}
{"level":"info","message":"(cycling) check for queueing executions","timestamp":"2025-05-11 12:26:59"}
{"level":"info","message":"no execution in db queued to process","timestamp":"2025-05-11 12:26:59"}
{"level":"info","message":"(cycling) check for queueing executions","timestamp":"2025-05-11 12:31:59"}
{"level":"info","message":"no execution in db queued to process","timestamp":"2025-05-11 12:31:59"}
{"level":"info","message":"(cycling) check for queueing executions","timestamp":"2025-05-11 12:36:59"}
{"level":"info","message":"no execution in db queued to process","timestamp":"2025-05-11 12:36:59"}
{"level":"info","message":"(cycling) check for queueing executions","timestamp":"2025-05-11 12:41:59"}
{"level":"info","message":"no execution in db queued to process","timestamp":"2025-05-11 12:41:59"}
{"level":"info","message":"(cycling) check for queueing executions","timestamp":"2025-05-11 12:46:59"}
{"level":"info","message":"no execution in db queued to process","timestamp":"2025-05-11 12:46:59"}
{"level":"info","message":"(cycling) check for queueing executions","timestamp":"2025-05-11 12:51:59"}
{"level":"info","message":"no execution in db queued to process","timestamp":"2025-05-11 12:51:59"}
{"level":"info","message":"(cycling) check for queueing executions","timestamp":"2025-05-11 12:56:59"}
{"level":"info","message":"no execution in db queued to process","timestamp":"2025-05-11 12:56:59"}
{"level":"info","message":"(cycling) check for queueing executions","timestamp":"2025-05-11 13:01:59"}
{"level":"info","message":"no execution in db queued to process","timestamp":"2025-05-11 13:01:59"}
{"level":"info","message":"(cycling) check for queueing executions","timestamp":"2025-05-11 13:06:59"}
{"level":"info","message":"no execution in db queued to process","timestamp":"2025-05-11 13:06:59"}
