{"level":"info","message":"(cycling) check for queueing executions","timestamp":"2025-05-05 00:40:22"}
{"level":"info","message":"no execution in db queued to process","timestamp":"2025-05-05 00:40:22"}
{"level":"info","message":"(cycling) check for queueing executions","timestamp":"2025-05-05 00:45:22"}
{"level":"info","message":"no execution in db queued to process","timestamp":"2025-05-05 00:45:22"}
{"level":"info","message":"(cycling) check for queueing executions","timestamp":"2025-05-05 00:50:22"}
{"level":"info","message":"no execution in db queued to process","timestamp":"2025-05-05 00:50:22"}
{"level":"info","message":"(cycling) check for queueing executions","timestamp":"2025-05-05 00:55:22"}
{"level":"info","message":"no execution in db queued to process","timestamp":"2025-05-05 00:55:22"}
{"level":"info","message":"(cycling) check for queueing executions","timestamp":"2025-05-05 01:00:22"}
{"level":"info","message":"no execution in db queued to process","timestamp":"2025-05-05 01:00:22"}
{"level":"info","message":"(cycling) check for queueing executions","timestamp":"2025-05-05 01:05:22"}
{"level":"info","message":"no execution in db queued to process","timestamp":"2025-05-05 01:05:22"}
{"level":"info","message":"(cycling) check for queueing executions","timestamp":"2025-05-05 01:10:22"}
{"level":"info","message":"no execution in db queued to process","timestamp":"2025-05-05 01:10:22"}
{"level":"info","message":"(cycling) check for queueing executions","timestamp":"2025-05-05 01:15:22"}
{"level":"info","message":"no execution in db queued to process","timestamp":"2025-05-05 01:15:22"}
{"level":"info","message":"(cycling) check for queueing executions","timestamp":"2025-05-05 01:20:22"}
{"level":"info","message":"no execution in db queued to process","timestamp":"2025-05-05 01:20:22"}
{"level":"info","message":"(cycling) check for queueing executions","timestamp":"2025-05-05 01:25:22"}
{"level":"info","message":"no execution in db queued to process","timestamp":"2025-05-05 01:25:22"}
{"level":"info","message":"(cycling) check for queueing executions","timestamp":"2025-05-05 01:30:22"}
{"level":"info","message":"no execution in db queued to process","timestamp":"2025-05-05 01:30:22"}
{"level":"info","message":"(cycling) check for queueing executions","timestamp":"2025-05-05 01:35:22"}
{"level":"info","message":"no execution in db queued to process","timestamp":"2025-05-05 01:35:22"}
{"level":"info","message":"(cycling) check for queueing executions","timestamp":"2025-05-05 01:40:22"}
{"level":"info","message":"no execution in db queued to process","timestamp":"2025-05-05 01:40:22"}
{"level":"info","message":"(cycling) check for queueing executions","timestamp":"2025-05-05 01:45:22"}
{"level":"info","message":"no execution in db queued to process","timestamp":"2025-05-05 01:45:22"}
{"level":"info","message":"(cycling) check for queueing executions","timestamp":"2025-05-05 01:50:22"}
{"level":"info","message":"no execution in db queued to process","timestamp":"2025-05-05 01:50:22"}
{"level":"info","message":"(cycling) check for queueing executions","timestamp":"2025-05-05 01:55:22"}
{"level":"info","message":"no execution in db queued to process","timestamp":"2025-05-05 01:55:22"}
{"level":"info","message":"(cycling) check for queueing executions","timestamp":"2025-05-05 02:00:22"}
{"level":"info","message":"no execution in db queued to process","timestamp":"2025-05-05 02:00:22"}
{"level":"info","message":"(cycling) check for queueing executions","timestamp":"2025-05-05 02:05:22"}
{"level":"info","message":"no execution in db queued to process","timestamp":"2025-05-05 02:05:22"}
{"level":"info","message":"(cycling) check for queueing executions","timestamp":"2025-05-05 02:10:22"}
{"level":"info","message":"no execution in db queued to process","timestamp":"2025-05-05 02:10:22"}
{"level":"info","message":"(cycling) check for queueing executions","timestamp":"2025-05-05 02:15:22"}
{"level":"info","message":"no execution in db queued to process","timestamp":"2025-05-05 02:15:22"}
{"level":"info","message":"(cycling) check for queueing executions","timestamp":"2025-05-05 02:20:22"}
{"level":"info","message":"no execution in db queued to process","timestamp":"2025-05-05 02:20:22"}
{"level":"info","message":"(cycling) check for queueing executions","timestamp":"2025-05-05 02:25:22"}
{"level":"info","message":"no execution in db queued to process","timestamp":"2025-05-05 02:25:22"}
{"level":"info","message":"(cycling) check for queueing executions","timestamp":"2025-05-05 02:30:22"}
{"level":"info","message":"no execution in db queued to process","timestamp":"2025-05-05 02:30:22"}
{"level":"info","message":"(cycling) check for queueing executions","timestamp":"2025-05-05 02:35:22"}
{"level":"info","message":"no execution in db queued to process","timestamp":"2025-05-05 02:35:22"}
{"level":"info","message":"(cycling) check for queueing executions","timestamp":"2025-05-05 02:40:22"}
{"level":"info","message":"no execution in db queued to process","timestamp":"2025-05-05 02:40:22"}
{"level":"info","message":"(cycling) check for queueing executions","timestamp":"2025-05-05 02:45:22"}
{"level":"info","message":"no execution in db queued to process","timestamp":"2025-05-05 02:45:22"}
{"level":"info","message":"(cycling) check for queueing executions","timestamp":"2025-05-05 02:50:22"}
{"level":"info","message":"no execution in db queued to process","timestamp":"2025-05-05 02:50:22"}
{"level":"info","message":"(cycling) check for queueing executions","timestamp":"2025-05-05 02:55:22"}
{"level":"info","message":"no execution in db queued to process","timestamp":"2025-05-05 02:55:22"}
{"level":"info","message":"(cycling) check for queueing executions","timestamp":"2025-05-05 03:00:22"}
{"level":"info","message":"no execution in db queued to process","timestamp":"2025-05-05 03:00:22"}
{"level":"info","message":"no more events need to be prepared, dispatching...","timestamp":"2025-05-05 03:00:56"}
{"level":"info","message":"last process finished, will do another dispatch","timestamp":"2025-05-05 03:00:57"}
{"level":"info","message":"no execution in db queued to process","timestamp":"2025-05-05 03:00:57"}
{"level":"info","message":"no more events need to be prepared, dispatching...","timestamp":"2025-05-05 03:01:00"}
{"level":"info","message":"last process finished, will do another dispatch","timestamp":"2025-05-05 03:01:00"}
{"level":"info","message":"no execution in db queued to process","timestamp":"2025-05-05 03:01:00"}
{"level":"info","message":"no more events need to be prepared, dispatching...","timestamp":"2025-05-05 03:01:03"}
{"level":"info","message":"last process finished, will do another dispatch","timestamp":"2025-05-05 03:01:03"}
{"level":"info","message":"no execution in db queued to process","timestamp":"2025-05-05 03:01:03"}
{"level":"info","message":"no more events need to be prepared, dispatching...","timestamp":"2025-05-05 03:01:06"}
{"level":"info","message":"last process finished, will do another dispatch","timestamp":"2025-05-05 03:01:07"}
{"level":"info","message":"no execution in db queued to process","timestamp":"2025-05-05 03:01:07"}
{"level":"info","message":"no more events need to be prepared, dispatching...","timestamp":"2025-05-05 03:01:09"}
{"level":"info","message":"last process finished, will do another dispatch","timestamp":"2025-05-05 03:01:09"}
{"level":"info","message":"no execution in db queued to process","timestamp":"2025-05-05 03:01:09"}
{"level":"info","message":"(cycling) check for queueing executions","timestamp":"2025-05-05 03:05:22"}
{"level":"info","message":"no execution in db queued to process","timestamp":"2025-05-05 03:05:22"}
{"level":"info","message":"(cycling) check for queueing executions","timestamp":"2025-05-05 03:10:22"}
{"level":"info","message":"no execution in db queued to process","timestamp":"2025-05-05 03:10:22"}
{"level":"info","message":"(cycling) check for queueing executions","timestamp":"2025-05-05 03:15:22"}
{"level":"info","message":"no execution in db queued to process","timestamp":"2025-05-05 03:15:22"}
{"level":"info","message":"(cycling) check for queueing executions","timestamp":"2025-05-05 03:20:22"}
{"level":"info","message":"no execution in db queued to process","timestamp":"2025-05-05 03:20:22"}
{"level":"info","message":"(cycling) check for queueing executions","timestamp":"2025-05-05 03:25:22"}
{"level":"info","message":"no execution in db queued to process","timestamp":"2025-05-05 03:25:22"}
{"level":"info","message":"no more events need to be prepared, dispatching...","timestamp":"2025-05-05 03:27:23"}
{"level":"info","message":"last process finished, will do another dispatch","timestamp":"2025-05-05 03:27:23"}
{"level":"info","message":"no execution in db queued to process","timestamp":"2025-05-05 03:27:23"}
{"level":"info","message":"no more events need to be prepared, dispatching...","timestamp":"2025-05-05 03:27:31"}
{"level":"info","message":"last process finished, will do another dispatch","timestamp":"2025-05-05 03:27:31"}
{"level":"info","message":"no execution in db queued to process","timestamp":"2025-05-05 03:27:31"}
{"level":"info","message":"no more events need to be prepared, dispatching...","timestamp":"2025-05-05 03:27:53"}
{"level":"info","message":"last process finished, will do another dispatch","timestamp":"2025-05-05 03:27:53"}
{"level":"info","message":"no execution in db queued to process","timestamp":"2025-05-05 03:27:53"}
{"level":"info","message":"no more events need to be prepared, dispatching...","timestamp":"2025-05-05 03:27:58"}
{"level":"info","message":"last process finished, will do another dispatch","timestamp":"2025-05-05 03:27:58"}
{"level":"info","message":"no execution in db queued to process","timestamp":"2025-05-05 03:27:58"}
{"level":"info","message":"(cycling) check for queueing executions","timestamp":"2025-05-05 03:30:22"}
{"level":"info","message":"no execution in db queued to process","timestamp":"2025-05-05 03:30:22"}
{"level":"info","message":"(cycling) check for queueing executions","timestamp":"2025-05-05 03:35:22"}
{"level":"info","message":"no execution in db queued to process","timestamp":"2025-05-05 03:35:22"}
{"level":"info","message":"(cycling) check for queueing executions","timestamp":"2025-05-05 03:40:22"}
{"level":"info","message":"no execution in db queued to process","timestamp":"2025-05-05 03:40:22"}
{"level":"info","message":"(cycling) check for queueing executions","timestamp":"2025-05-05 03:45:22"}
{"level":"info","message":"no execution in db queued to process","timestamp":"2025-05-05 03:45:22"}
{"level":"info","message":"(cycling) check for queueing executions","timestamp":"2025-05-05 03:50:22"}
{"level":"info","message":"no execution in db queued to process","timestamp":"2025-05-05 03:50:22"}
{"level":"info","message":"(cycling) check for queueing executions","timestamp":"2025-05-05 03:55:22"}
{"level":"info","message":"no execution in db queued to process","timestamp":"2025-05-05 03:55:22"}
{"level":"info","message":"(cycling) check for queueing executions","timestamp":"2025-05-05 04:00:22"}
{"level":"info","message":"no execution in db queued to process","timestamp":"2025-05-05 04:00:22"}
{"level":"info","message":"(cycling) check for queueing executions","timestamp":"2025-05-05 04:05:22"}
{"level":"info","message":"no execution in db queued to process","timestamp":"2025-05-05 04:05:22"}
{"level":"info","message":"(cycling) check for queueing executions","timestamp":"2025-05-05 04:10:22"}
{"level":"info","message":"no execution in db queued to process","timestamp":"2025-05-05 04:10:22"}
{"level":"info","message":"(cycling) check for queueing executions","timestamp":"2025-05-05 04:15:22"}
{"level":"info","message":"no execution in db queued to process","timestamp":"2025-05-05 04:15:22"}
{"level":"info","message":"(cycling) check for queueing executions","timestamp":"2025-05-05 04:20:22"}
{"level":"info","message":"no execution in db queued to process","timestamp":"2025-05-05 04:20:22"}
{"level":"info","message":"(cycling) check for queueing executions","timestamp":"2025-05-05 04:25:22"}
{"level":"info","message":"no execution in db queued to process","timestamp":"2025-05-05 04:25:22"}
{"level":"info","message":"(cycling) check for queueing executions","timestamp":"2025-05-05 04:30:22"}
{"level":"info","message":"no execution in db queued to process","timestamp":"2025-05-05 04:30:22"}
{"level":"info","message":"(cycling) check for queueing executions","timestamp":"2025-05-05 04:35:22"}
{"level":"info","message":"no execution in db queued to process","timestamp":"2025-05-05 04:35:22"}
{"level":"info","message":"(cycling) check for queueing executions","timestamp":"2025-05-05 04:40:22"}
{"level":"info","message":"no execution in db queued to process","timestamp":"2025-05-05 04:40:22"}
{"level":"info","message":"(cycling) check for queueing executions","timestamp":"2025-05-05 04:45:22"}
{"level":"info","message":"no execution in db queued to process","timestamp":"2025-05-05 04:45:22"}
{"level":"info","message":"(cycling) check for queueing executions","timestamp":"2025-05-05 04:50:22"}
{"level":"info","message":"no execution in db queued to process","timestamp":"2025-05-05 04:50:22"}
{"level":"info","message":"(cycling) check for queueing executions","timestamp":"2025-05-05 04:55:22"}
{"level":"info","message":"no execution in db queued to process","timestamp":"2025-05-05 04:55:22"}
{"level":"info","message":"(cycling) check for queueing executions","timestamp":"2025-05-05 05:00:22"}
{"level":"info","message":"no execution in db queued to process","timestamp":"2025-05-05 05:00:22"}
{"level":"info","message":"(cycling) check for queueing executions","timestamp":"2025-05-05 05:05:22"}
{"level":"info","message":"no execution in db queued to process","timestamp":"2025-05-05 05:05:22"}
{"level":"info","message":"(cycling) check for queueing executions","timestamp":"2025-05-05 05:10:22"}
{"level":"info","message":"no execution in db queued to process","timestamp":"2025-05-05 05:10:22"}
{"level":"info","message":"(cycling) check for queueing executions","timestamp":"2025-05-05 05:15:22"}
{"level":"info","message":"no execution in db queued to process","timestamp":"2025-05-05 05:15:22"}
{"level":"info","message":"(cycling) check for queueing executions","timestamp":"2025-05-05 05:20:21"}
{"level":"info","message":"no execution in db queued to process","timestamp":"2025-05-05 05:20:22"}
{"level":"info","message":"(cycling) check for queueing executions","timestamp":"2025-05-05 05:25:21"}
{"level":"info","message":"no execution in db queued to process","timestamp":"2025-05-05 05:25:22"}
{"level":"info","message":"(cycling) check for queueing executions","timestamp":"2025-05-05 05:30:21"}
{"level":"info","message":"no execution in db queued to process","timestamp":"2025-05-05 05:30:22"}
{"level":"info","message":"(cycling) check for queueing executions","timestamp":"2025-05-05 05:35:21"}
{"level":"info","message":"no execution in db queued to process","timestamp":"2025-05-05 05:35:22"}
{"level":"info","message":"(cycling) check for queueing executions","timestamp":"2025-05-05 05:40:21"}
{"level":"info","message":"no execution in db queued to process","timestamp":"2025-05-05 05:40:22"}
{"level":"info","message":"(cycling) check for queueing executions","timestamp":"2025-05-05 05:45:21"}
{"level":"info","message":"no execution in db queued to process","timestamp":"2025-05-05 05:45:22"}
{"level":"info","message":"(cycling) check for queueing executions","timestamp":"2025-05-05 05:50:21"}
{"level":"info","message":"no execution in db queued to process","timestamp":"2025-05-05 05:50:21"}
{"level":"info","message":"(cycling) check for queueing executions","timestamp":"2025-05-05 05:55:21"}
{"level":"info","message":"no execution in db queued to process","timestamp":"2025-05-05 05:55:22"}
{"level":"info","message":"(cycling) check for queueing executions","timestamp":"2025-05-05 06:00:21"}
{"level":"info","message":"no execution in db queued to process","timestamp":"2025-05-05 06:00:21"}
{"level":"info","message":"(cycling) check for queueing executions","timestamp":"2025-05-05 06:05:21"}
{"level":"info","message":"no execution in db queued to process","timestamp":"2025-05-05 06:05:21"}
{"level":"info","message":"(cycling) check for queueing executions","timestamp":"2025-05-05 06:10:21"}
{"level":"info","message":"no execution in db queued to process","timestamp":"2025-05-05 06:10:21"}
{"level":"info","message":"(cycling) check for queueing executions","timestamp":"2025-05-05 06:15:21"}
{"level":"info","message":"no execution in db queued to process","timestamp":"2025-05-05 06:15:21"}
{"level":"info","message":"(cycling) check for queueing executions","timestamp":"2025-05-05 06:20:21"}
{"level":"info","message":"no execution in db queued to process","timestamp":"2025-05-05 06:20:21"}
{"level":"info","message":"(cycling) check for queueing executions","timestamp":"2025-05-05 06:25:21"}
{"level":"info","message":"no execution in db queued to process","timestamp":"2025-05-05 06:25:21"}
{"level":"info","message":"(cycling) check for queueing executions","timestamp":"2025-05-05 06:30:21"}
{"level":"info","message":"no execution in db queued to process","timestamp":"2025-05-05 06:30:21"}
{"level":"info","message":"(cycling) check for queueing executions","timestamp":"2025-05-05 06:35:21"}
{"level":"info","message":"no execution in db queued to process","timestamp":"2025-05-05 06:35:21"}
{"level":"info","message":"(cycling) check for queueing executions","timestamp":"2025-05-05 06:40:21"}
{"level":"info","message":"no execution in db queued to process","timestamp":"2025-05-05 06:40:21"}
{"level":"info","message":"(cycling) check for queueing executions","timestamp":"2025-05-05 06:45:21"}
{"level":"info","message":"no execution in db queued to process","timestamp":"2025-05-05 06:45:21"}
{"level":"info","message":"(cycling) check for queueing executions","timestamp":"2025-05-05 06:50:21"}
{"level":"info","message":"no execution in db queued to process","timestamp":"2025-05-05 06:50:21"}
{"level":"info","message":"(cycling) check for queueing executions","timestamp":"2025-05-05 06:55:21"}
{"level":"info","message":"no execution in db queued to process","timestamp":"2025-05-05 06:55:21"}
{"level":"info","message":"(cycling) check for queueing executions","timestamp":"2025-05-05 07:00:21"}
{"level":"info","message":"no execution in db queued to process","timestamp":"2025-05-05 07:00:21"}
{"level":"info","message":"(cycling) check for queueing executions","timestamp":"2025-05-05 07:05:21"}
{"level":"info","message":"no execution in db queued to process","timestamp":"2025-05-05 07:05:21"}
{"level":"info","message":"(cycling) check for queueing executions","timestamp":"2025-05-05 07:10:21"}
{"level":"info","message":"no execution in db queued to process","timestamp":"2025-05-05 07:10:21"}
{"level":"info","message":"(cycling) check for queueing executions","timestamp":"2025-05-05 07:15:21"}
{"level":"info","message":"no execution in db queued to process","timestamp":"2025-05-05 07:15:21"}
{"level":"info","message":"(cycling) check for queueing executions","timestamp":"2025-05-05 07:20:21"}
{"level":"info","message":"no execution in db queued to process","timestamp":"2025-05-05 07:20:21"}
{"level":"info","message":"(cycling) check for queueing executions","timestamp":"2025-05-05 07:25:21"}
{"level":"info","message":"no execution in db queued to process","timestamp":"2025-05-05 07:25:21"}
{"level":"info","message":"(cycling) check for queueing executions","timestamp":"2025-05-05 07:30:21"}
{"level":"info","message":"no execution in db queued to process","timestamp":"2025-05-05 07:30:21"}
{"level":"info","message":"(cycling) check for queueing executions","timestamp":"2025-05-05 07:35:21"}
{"level":"info","message":"no execution in db queued to process","timestamp":"2025-05-05 07:35:21"}
{"level":"info","message":"(cycling) check for queueing executions","timestamp":"2025-05-05 07:40:21"}
{"level":"info","message":"no execution in db queued to process","timestamp":"2025-05-05 07:40:21"}
{"level":"info","message":"(cycling) check for queueing executions","timestamp":"2025-05-05 07:45:21"}
{"level":"info","message":"no execution in db queued to process","timestamp":"2025-05-05 07:45:21"}
{"level":"info","message":"(cycling) check for queueing executions","timestamp":"2025-05-05 07:50:21"}
{"level":"info","message":"no execution in db queued to process","timestamp":"2025-05-05 07:50:21"}
{"level":"info","message":"(cycling) check for queueing executions","timestamp":"2025-05-05 07:55:21"}
{"level":"info","message":"no execution in db queued to process","timestamp":"2025-05-05 07:55:21"}
{"level":"info","message":"(cycling) check for queueing executions","timestamp":"2025-05-05 08:00:21"}
{"level":"info","message":"no execution in db queued to process","timestamp":"2025-05-05 08:00:21"}
{"level":"info","message":"(cycling) check for queueing executions","timestamp":"2025-05-05 08:05:21"}
{"level":"info","message":"no execution in db queued to process","timestamp":"2025-05-05 08:05:21"}
{"level":"info","message":"(cycling) check for queueing executions","timestamp":"2025-05-05 08:10:21"}
{"level":"info","message":"no execution in db queued to process","timestamp":"2025-05-05 08:10:21"}
{"level":"info","message":"(cycling) check for queueing executions","timestamp":"2025-05-05 08:15:21"}
{"level":"info","message":"no execution in db queued to process","timestamp":"2025-05-05 08:15:21"}
{"level":"info","message":"(cycling) check for queueing executions","timestamp":"2025-05-05 08:20:21"}
{"level":"info","message":"no execution in db queued to process","timestamp":"2025-05-05 08:20:21"}
{"level":"info","message":"(cycling) check for queueing executions","timestamp":"2025-05-05 08:25:21"}
{"level":"info","message":"no execution in db queued to process","timestamp":"2025-05-05 08:25:21"}
{"level":"info","message":"no more events need to be prepared, dispatching...","timestamp":"2025-05-05 08:29:21"}
{"level":"info","message":"last process finished, will do another dispatch","timestamp":"2025-05-05 08:29:21"}
{"level":"info","message":"no execution in db queued to process","timestamp":"2025-05-05 08:29:21"}
{"level":"info","message":"no more events need to be prepared, dispatching...","timestamp":"2025-05-05 08:29:21"}
{"level":"info","message":"last process finished, will do another dispatch","timestamp":"2025-05-05 08:29:21"}
{"level":"info","message":"no execution in db queued to process","timestamp":"2025-05-05 08:29:21"}
{"level":"info","message":"no more events need to be prepared, dispatching...","timestamp":"2025-05-05 08:29:21"}
{"level":"info","message":"last process finished, will do another dispatch","timestamp":"2025-05-05 08:29:22"}
{"level":"info","message":"no execution in db queued to process","timestamp":"2025-05-05 08:29:22"}
{"level":"info","message":"(cycling) check for queueing executions","timestamp":"2025-05-05 08:30:21"}
{"level":"info","message":"no execution in db queued to process","timestamp":"2025-05-05 08:30:21"}
{"level":"info","message":"(cycling) check for queueing executions","timestamp":"2025-05-05 08:35:21"}
{"level":"info","message":"no execution in db queued to process","timestamp":"2025-05-05 08:35:21"}
{"level":"info","message":"(cycling) check for queueing executions","timestamp":"2025-05-05 08:40:21"}
{"level":"info","message":"no execution in db queued to process","timestamp":"2025-05-05 08:40:21"}
{"level":"info","message":"(cycling) check for queueing executions","timestamp":"2025-05-05 08:45:21"}
{"level":"info","message":"no execution in db queued to process","timestamp":"2025-05-05 08:45:21"}
{"level":"info","message":"(cycling) check for queueing executions","timestamp":"2025-05-05 08:50:21"}
{"level":"info","message":"no execution in db queued to process","timestamp":"2025-05-05 08:50:21"}
{"level":"info","message":"(cycling) check for queueing executions","timestamp":"2025-05-05 08:55:21"}
{"level":"info","message":"no execution in db queued to process","timestamp":"2025-05-05 08:55:21"}
{"level":"info","message":"(cycling) check for queueing executions","timestamp":"2025-05-05 09:00:21"}
{"level":"info","message":"no execution in db queued to process","timestamp":"2025-05-05 09:00:21"}
{"level":"info","message":"(cycling) check for queueing executions","timestamp":"2025-05-05 09:05:21"}
{"level":"info","message":"no execution in db queued to process","timestamp":"2025-05-05 09:05:21"}
{"level":"info","message":"(cycling) check for queueing executions","timestamp":"2025-05-05 09:10:21"}
{"level":"info","message":"no execution in db queued to process","timestamp":"2025-05-05 09:10:21"}
{"level":"info","message":"(cycling) check for queueing executions","timestamp":"2025-05-05 09:15:21"}
{"level":"info","message":"no execution in db queued to process","timestamp":"2025-05-05 09:15:21"}
{"level":"info","message":"(cycling) check for queueing executions","timestamp":"2025-05-05 09:20:21"}
{"level":"info","message":"no execution in db queued to process","timestamp":"2025-05-05 09:20:21"}
{"level":"info","message":"(cycling) check for queueing executions","timestamp":"2025-05-05 09:25:21"}
{"level":"info","message":"no execution in db queued to process","timestamp":"2025-05-05 09:25:21"}
{"level":"info","message":"(cycling) check for queueing executions","timestamp":"2025-05-05 09:30:21"}
{"level":"info","message":"no execution in db queued to process","timestamp":"2025-05-05 09:30:21"}
{"level":"info","message":"(cycling) check for queueing executions","timestamp":"2025-05-05 09:35:21"}
{"level":"info","message":"no execution in db queued to process","timestamp":"2025-05-05 09:35:21"}
{"level":"info","message":"(cycling) check for queueing executions","timestamp":"2025-05-05 09:40:21"}
{"level":"info","message":"no execution in db queued to process","timestamp":"2025-05-05 09:40:21"}
{"level":"info","message":"(cycling) check for queueing executions","timestamp":"2025-05-05 09:45:21"}
{"level":"info","message":"no execution in db queued to process","timestamp":"2025-05-05 09:45:21"}
{"level":"info","message":"(cycling) check for queueing executions","timestamp":"2025-05-05 09:50:21"}
{"level":"info","message":"no execution in db queued to process","timestamp":"2025-05-05 09:50:21"}
{"level":"info","message":"(cycling) check for queueing executions","timestamp":"2025-05-05 09:55:21"}
{"level":"info","message":"no execution in db queued to process","timestamp":"2025-05-05 09:55:21"}
{"level":"info","message":"(cycling) check for queueing executions","timestamp":"2025-05-05 10:00:21"}
{"level":"info","message":"no execution in db queued to process","timestamp":"2025-05-05 10:00:21"}
{"level":"info","message":"(cycling) check for queueing executions","timestamp":"2025-05-05 10:05:21"}
{"level":"info","message":"no execution in db queued to process","timestamp":"2025-05-05 10:05:21"}
{"level":"info","message":"(cycling) check for queueing executions","timestamp":"2025-05-05 10:10:21"}
{"level":"info","message":"no execution in db queued to process","timestamp":"2025-05-05 10:10:21"}
{"level":"info","message":"(cycling) check for queueing executions","timestamp":"2025-05-05 10:15:21"}
{"level":"info","message":"no execution in db queued to process","timestamp":"2025-05-05 10:15:21"}
{"level":"info","message":"(cycling) check for queueing executions","timestamp":"2025-05-05 10:20:21"}
{"level":"info","message":"no execution in db queued to process","timestamp":"2025-05-05 10:20:21"}
{"level":"info","message":"(cycling) check for queueing executions","timestamp":"2025-05-05 10:25:21"}
{"level":"info","message":"no execution in db queued to process","timestamp":"2025-05-05 10:25:21"}
{"level":"info","message":"(cycling) check for queueing executions","timestamp":"2025-05-05 10:30:21"}
{"level":"info","message":"no execution in db queued to process","timestamp":"2025-05-05 10:30:21"}
{"level":"info","message":"(cycling) check for queueing executions","timestamp":"2025-05-05 10:35:21"}
{"level":"info","message":"no execution in db queued to process","timestamp":"2025-05-05 10:35:21"}
{"level":"info","message":"(cycling) check for queueing executions","timestamp":"2025-05-05 10:40:21"}
{"level":"info","message":"no execution in db queued to process","timestamp":"2025-05-05 10:40:21"}
{"level":"info","message":"(cycling) check for queueing executions","timestamp":"2025-05-05 10:45:21"}
{"level":"info","message":"no execution in db queued to process","timestamp":"2025-05-05 10:45:21"}
{"level":"info","message":"(cycling) check for queueing executions","timestamp":"2025-05-05 10:50:21"}
{"level":"info","message":"no execution in db queued to process","timestamp":"2025-05-05 10:50:21"}
{"level":"info","message":"(cycling) check for queueing executions","timestamp":"2025-05-05 10:55:21"}
{"level":"info","message":"no execution in db queued to process","timestamp":"2025-05-05 10:55:21"}
{"level":"info","message":"(cycling) check for queueing executions","timestamp":"2025-05-05 11:00:21"}
{"level":"info","message":"no execution in db queued to process","timestamp":"2025-05-05 11:00:21"}
{"level":"info","message":"(cycling) check for queueing executions","timestamp":"2025-05-05 11:05:21"}
{"level":"info","message":"no execution in db queued to process","timestamp":"2025-05-05 11:05:21"}
{"level":"info","message":"(cycling) check for queueing executions","timestamp":"2025-05-05 11:10:21"}
{"level":"info","message":"no execution in db queued to process","timestamp":"2025-05-05 11:10:21"}
{"level":"info","message":"(cycling) check for queueing executions","timestamp":"2025-05-05 11:15:21"}
{"level":"info","message":"no execution in db queued to process","timestamp":"2025-05-05 11:15:21"}
{"level":"info","message":"(cycling) check for queueing executions","timestamp":"2025-05-05 11:20:21"}
{"level":"info","message":"no execution in db queued to process","timestamp":"2025-05-05 11:20:21"}
{"level":"info","message":"(cycling) check for queueing executions","timestamp":"2025-05-05 11:25:21"}
{"level":"info","message":"no execution in db queued to process","timestamp":"2025-05-05 11:25:21"}
{"level":"info","message":"(cycling) check for queueing executions","timestamp":"2025-05-05 11:30:21"}
{"level":"info","message":"no execution in db queued to process","timestamp":"2025-05-05 11:30:21"}
{"level":"info","message":"(cycling) check for queueing executions","timestamp":"2025-05-05 11:35:21"}
{"level":"info","message":"no execution in db queued to process","timestamp":"2025-05-05 11:35:21"}
{"level":"info","message":"(cycling) check for queueing executions","timestamp":"2025-05-05 11:40:21"}
{"level":"info","message":"no execution in db queued to process","timestamp":"2025-05-05 11:40:21"}
{"level":"info","message":"(cycling) check for queueing executions","timestamp":"2025-05-05 11:45:20"}
{"level":"info","message":"no execution in db queued to process","timestamp":"2025-05-05 11:45:21"}
{"level":"info","message":"(cycling) check for queueing executions","timestamp":"2025-05-05 11:50:20"}
{"level":"info","message":"no execution in db queued to process","timestamp":"2025-05-05 11:50:21"}
{"level":"info","message":"(cycling) check for queueing executions","timestamp":"2025-05-05 11:55:20"}
{"level":"info","message":"no execution in db queued to process","timestamp":"2025-05-05 11:55:21"}
{"level":"info","message":"(cycling) check for queueing executions","timestamp":"2025-05-05 12:00:20"}
{"level":"info","message":"no execution in db queued to process","timestamp":"2025-05-05 12:00:21"}
{"level":"info","message":"(cycling) check for queueing executions","timestamp":"2025-05-05 12:05:20"}
{"level":"info","message":"no execution in db queued to process","timestamp":"2025-05-05 12:05:21"}
{"level":"info","message":"(cycling) check for queueing executions","timestamp":"2025-05-05 12:10:20"}
{"level":"info","message":"no execution in db queued to process","timestamp":"2025-05-05 12:10:21"}
{"level":"info","message":"(cycling) check for queueing executions","timestamp":"2025-05-05 12:15:20"}
{"level":"info","message":"no execution in db queued to process","timestamp":"2025-05-05 12:15:20"}
{"level":"info","message":"(cycling) check for queueing executions","timestamp":"2025-05-05 12:20:20"}
{"level":"info","message":"no execution in db queued to process","timestamp":"2025-05-05 12:20:20"}
{"level":"info","message":"(cycling) check for queueing executions","timestamp":"2025-05-05 12:25:20"}
{"level":"info","message":"no execution in db queued to process","timestamp":"2025-05-05 12:25:20"}
{"level":"info","message":"(cycling) check for queueing executions","timestamp":"2025-05-05 12:30:20"}
{"level":"info","message":"no execution in db queued to process","timestamp":"2025-05-05 12:30:20"}
{"level":"info","message":"(cycling) check for queueing executions","timestamp":"2025-05-05 12:35:20"}
{"level":"info","message":"no execution in db queued to process","timestamp":"2025-05-05 12:35:21"}
{"level":"info","message":"(cycling) check for queueing executions","timestamp":"2025-05-05 12:40:20"}
{"level":"info","message":"no execution in db queued to process","timestamp":"2025-05-05 12:40:20"}
{"level":"info","message":"(cycling) check for queueing executions","timestamp":"2025-05-05 12:45:20"}
{"level":"info","message":"no execution in db queued to process","timestamp":"2025-05-05 12:45:20"}
{"level":"info","message":"(cycling) check for queueing executions","timestamp":"2025-05-05 12:50:20"}
{"level":"info","message":"no execution in db queued to process","timestamp":"2025-05-05 12:50:20"}
{"level":"info","message":"(cycling) check for queueing executions","timestamp":"2025-05-05 12:55:20"}
{"level":"info","message":"no execution in db queued to process","timestamp":"2025-05-05 12:55:20"}
{"level":"info","message":"(cycling) check for queueing executions","timestamp":"2025-05-05 13:00:20"}
{"level":"info","message":"no execution in db queued to process","timestamp":"2025-05-05 13:00:20"}
{"level":"info","message":"(cycling) check for queueing executions","timestamp":"2025-05-05 13:05:20"}
{"level":"info","message":"no execution in db queued to process","timestamp":"2025-05-05 13:05:20"}
{"level":"info","message":"(cycling) check for queueing executions","timestamp":"2025-05-05 13:10:20"}
{"level":"info","message":"no execution in db queued to process","timestamp":"2025-05-05 13:10:20"}
{"level":"info","message":"(cycling) check for queueing executions","timestamp":"2025-05-05 13:15:20"}
{"level":"info","message":"no execution in db queued to process","timestamp":"2025-05-05 13:15:20"}
{"level":"info","message":"(cycling) check for queueing executions","timestamp":"2025-05-05 13:20:20"}
{"level":"info","message":"no execution in db queued to process","timestamp":"2025-05-05 13:20:20"}
{"level":"info","message":"(cycling) check for queueing executions","timestamp":"2025-05-05 13:25:20"}
{"level":"info","message":"no execution in db queued to process","timestamp":"2025-05-05 13:25:21"}
{"level":"info","message":"(cycling) check for queueing executions","timestamp":"2025-05-05 13:30:20"}
{"level":"info","message":"no execution in db queued to process","timestamp":"2025-05-05 13:30:20"}
{"level":"info","message":"(cycling) check for queueing executions","timestamp":"2025-05-05 13:35:20"}
{"level":"info","message":"no execution in db queued to process","timestamp":"2025-05-05 13:35:20"}
{"level":"info","message":"(cycling) check for queueing executions","timestamp":"2025-05-05 13:40:20"}
{"level":"info","message":"no execution in db queued to process","timestamp":"2025-05-05 13:40:20"}
{"level":"info","message":"(cycling) check for queueing executions","timestamp":"2025-05-05 13:45:20"}
{"level":"info","message":"no execution in db queued to process","timestamp":"2025-05-05 13:45:20"}
{"level":"info","message":"(cycling) check for queueing executions","timestamp":"2025-05-05 13:50:20"}
{"level":"info","message":"no execution in db queued to process","timestamp":"2025-05-05 13:50:20"}
{"level":"info","message":"(cycling) check for queueing executions","timestamp":"2025-05-05 13:55:20"}
{"level":"info","message":"no execution in db queued to process","timestamp":"2025-05-05 13:55:20"}
{"level":"info","message":"(cycling) check for queueing executions","timestamp":"2025-05-05 14:00:20"}
{"level":"info","message":"no execution in db queued to process","timestamp":"2025-05-05 14:00:20"}
{"level":"info","message":"(cycling) check for queueing executions","timestamp":"2025-05-05 14:05:20"}
{"level":"info","message":"no execution in db queued to process","timestamp":"2025-05-05 14:05:20"}
{"level":"info","message":"(cycling) check for queueing executions","timestamp":"2025-05-05 14:10:20"}
{"level":"info","message":"no execution in db queued to process","timestamp":"2025-05-05 14:10:20"}
{"level":"info","message":"(cycling) check for queueing executions","timestamp":"2025-05-05 14:15:20"}
{"level":"info","message":"no execution in db queued to process","timestamp":"2025-05-05 14:15:20"}
{"level":"info","message":"(cycling) check for queueing executions","timestamp":"2025-05-05 14:20:20"}
{"level":"info","message":"no execution in db queued to process","timestamp":"2025-05-05 14:20:20"}
{"level":"info","message":"(cycling) check for queueing executions","timestamp":"2025-05-05 14:25:20"}
{"level":"info","message":"no execution in db queued to process","timestamp":"2025-05-05 14:25:20"}
{"level":"info","message":"(cycling) check for queueing executions","timestamp":"2025-05-05 14:30:20"}
{"level":"info","message":"no execution in db queued to process","timestamp":"2025-05-05 14:30:20"}
{"level":"info","message":"(cycling) check for queueing executions","timestamp":"2025-05-05 14:35:20"}
{"level":"info","message":"no execution in db queued to process","timestamp":"2025-05-05 14:35:20"}
{"level":"info","message":"(cycling) check for queueing executions","timestamp":"2025-05-05 14:40:20"}
{"level":"info","message":"no execution in db queued to process","timestamp":"2025-05-05 14:40:20"}
{"level":"info","message":"(cycling) check for queueing executions","timestamp":"2025-05-05 14:45:20"}
{"level":"info","message":"no execution in db queued to process","timestamp":"2025-05-05 14:45:20"}
{"level":"info","message":"(cycling) check for queueing executions","timestamp":"2025-05-05 14:50:20"}
{"level":"info","message":"no execution in db queued to process","timestamp":"2025-05-05 14:50:20"}
{"level":"info","message":"(cycling) check for queueing executions","timestamp":"2025-05-05 14:55:20"}
{"level":"info","message":"no execution in db queued to process","timestamp":"2025-05-05 14:55:20"}
{"level":"info","message":"(cycling) check for queueing executions","timestamp":"2025-05-05 15:00:20"}
{"level":"info","message":"no execution in db queued to process","timestamp":"2025-05-05 15:00:20"}
{"level":"info","message":"(cycling) check for queueing executions","timestamp":"2025-05-05 15:05:20"}
{"level":"info","message":"no execution in db queued to process","timestamp":"2025-05-05 15:05:20"}
{"level":"info","message":"(cycling) check for queueing executions","timestamp":"2025-05-05 15:10:20"}
{"level":"info","message":"no execution in db queued to process","timestamp":"2025-05-05 15:10:20"}
{"level":"info","message":"(cycling) check for queueing executions","timestamp":"2025-05-05 15:15:20"}
{"level":"info","message":"no execution in db queued to process","timestamp":"2025-05-05 15:15:20"}
{"level":"info","message":"(cycling) check for queueing executions","timestamp":"2025-05-05 15:20:20"}
{"level":"info","message":"no execution in db queued to process","timestamp":"2025-05-05 15:20:20"}
{"level":"info","message":"(cycling) check for queueing executions","timestamp":"2025-05-05 15:25:20"}
{"level":"info","message":"no execution in db queued to process","timestamp":"2025-05-05 15:25:20"}
{"level":"info","message":"(cycling) check for queueing executions","timestamp":"2025-05-05 15:30:20"}
{"level":"info","message":"no execution in db queued to process","timestamp":"2025-05-05 15:30:20"}
{"level":"info","message":"(cycling) check for queueing executions","timestamp":"2025-05-05 15:35:20"}
{"level":"info","message":"no execution in db queued to process","timestamp":"2025-05-05 15:35:20"}
{"level":"info","message":"(cycling) check for queueing executions","timestamp":"2025-05-05 15:40:20"}
{"level":"info","message":"no execution in db queued to process","timestamp":"2025-05-05 15:40:20"}
{"level":"info","message":"(starting) check for queueing executions","timestamp":"2025-05-05 15:44:03"}
{"level":"info","message":"no execution in db queued to process","timestamp":"2025-05-05 15:44:04"}
{"level":"info","message":"(cycling) check for queueing executions","timestamp":"2025-05-05 15:49:03"}
{"level":"info","message":"no execution in db queued to process","timestamp":"2025-05-05 15:49:03"}
{"level":"info","message":"(cycling) check for queueing executions","timestamp":"2025-05-05 15:54:03"}
{"level":"info","message":"no execution in db queued to process","timestamp":"2025-05-05 15:54:03"}
{"level":"info","message":"(cycling) check for queueing executions","timestamp":"2025-05-05 15:59:03"}
{"level":"info","message":"no execution in db queued to process","timestamp":"2025-05-05 15:59:03"}
{"level":"info","message":"(cycling) check for queueing executions","timestamp":"2025-05-05 16:04:03"}
{"level":"info","message":"no execution in db queued to process","timestamp":"2025-05-05 16:04:03"}
{"level":"info","message":"(cycling) check for queueing executions","timestamp":"2025-05-05 16:09:03"}
{"level":"info","message":"no execution in db queued to process","timestamp":"2025-05-05 16:09:03"}
{"level":"info","message":"(cycling) check for queueing executions","timestamp":"2025-05-05 16:14:03"}
{"level":"info","message":"no execution in db queued to process","timestamp":"2025-05-05 16:14:03"}
{"level":"info","message":"(cycling) check for queueing executions","timestamp":"2025-05-05 16:19:03"}
{"level":"info","message":"no execution in db queued to process","timestamp":"2025-05-05 16:19:03"}
{"level":"info","message":"(cycling) check for queueing executions","timestamp":"2025-05-05 16:24:03"}
{"level":"info","message":"no execution in db queued to process","timestamp":"2025-05-05 16:24:03"}
{"level":"info","message":"(cycling) check for queueing executions","timestamp":"2025-05-05 16:29:03"}
{"level":"info","message":"no execution in db queued to process","timestamp":"2025-05-05 16:29:03"}
{"level":"info","message":"(cycling) check for queueing executions","timestamp":"2025-05-05 16:34:03"}
{"level":"info","message":"no execution in db queued to process","timestamp":"2025-05-05 16:34:03"}
{"level":"info","message":"(cycling) check for queueing executions","timestamp":"2025-05-05 16:39:03"}
{"level":"info","message":"no execution in db queued to process","timestamp":"2025-05-05 16:39:03"}
{"level":"info","message":"(cycling) check for queueing executions","timestamp":"2025-05-05 16:44:03"}
{"level":"info","message":"no execution in db queued to process","timestamp":"2025-05-05 16:44:03"}
{"level":"info","message":"(cycling) check for queueing executions","timestamp":"2025-05-05 16:49:03"}
{"level":"info","message":"no execution in db queued to process","timestamp":"2025-05-05 16:49:03"}
{"level":"info","message":"(cycling) check for queueing executions","timestamp":"2025-05-05 16:54:03"}
{"level":"info","message":"no execution in db queued to process","timestamp":"2025-05-05 16:54:03"}
{"level":"info","message":"(cycling) check for queueing executions","timestamp":"2025-05-05 16:59:03"}
{"level":"info","message":"no execution in db queued to process","timestamp":"2025-05-05 16:59:03"}
{"level":"info","message":"(cycling) check for queueing executions","timestamp":"2025-05-05 17:04:03"}
{"level":"info","message":"no execution in db queued to process","timestamp":"2025-05-05 17:04:03"}
{"level":"info","message":"(cycling) check for queueing executions","timestamp":"2025-05-05 17:09:03"}
{"level":"info","message":"no execution in db queued to process","timestamp":"2025-05-05 17:09:03"}
{"level":"info","message":"(cycling) check for queueing executions","timestamp":"2025-05-05 17:14:03"}
{"level":"info","message":"no execution in db queued to process","timestamp":"2025-05-05 17:14:03"}
{"level":"info","message":"(cycling) check for queueing executions","timestamp":"2025-05-05 17:19:03"}
{"level":"info","message":"no execution in db queued to process","timestamp":"2025-05-05 17:19:03"}
{"level":"info","message":"(cycling) check for queueing executions","timestamp":"2025-05-05 17:24:03"}
{"level":"info","message":"no execution in db queued to process","timestamp":"2025-05-05 17:24:03"}
{"level":"info","message":"(cycling) check for queueing executions","timestamp":"2025-05-05 17:29:03"}
{"level":"info","message":"no execution in db queued to process","timestamp":"2025-05-05 17:29:03"}
{"level":"info","message":"(cycling) check for queueing executions","timestamp":"2025-05-05 17:34:03"}
{"level":"info","message":"no execution in db queued to process","timestamp":"2025-05-05 17:34:03"}
{"level":"info","message":"(cycling) check for queueing executions","timestamp":"2025-05-05 17:39:03"}
{"level":"info","message":"no execution in db queued to process","timestamp":"2025-05-05 17:39:03"}
{"level":"info","message":"(cycling) check for queueing executions","timestamp":"2025-05-05 17:44:03"}
{"level":"info","message":"no execution in db queued to process","timestamp":"2025-05-05 17:44:03"}
{"level":"info","message":"(cycling) check for queueing executions","timestamp":"2025-05-05 17:49:03"}
{"level":"info","message":"no execution in db queued to process","timestamp":"2025-05-05 17:49:03"}
{"level":"info","message":"(cycling) check for queueing executions","timestamp":"2025-05-05 17:54:03"}
{"level":"info","message":"no execution in db queued to process","timestamp":"2025-05-05 17:54:03"}
{"level":"info","message":"(cycling) check for queueing executions","timestamp":"2025-05-05 17:59:03"}
{"level":"info","message":"no execution in db queued to process","timestamp":"2025-05-05 17:59:03"}
{"level":"info","message":"(cycling) check for queueing executions","timestamp":"2025-05-05 18:04:03"}
{"level":"info","message":"no execution in db queued to process","timestamp":"2025-05-05 18:04:03"}
{"level":"info","message":"(cycling) check for queueing executions","timestamp":"2025-05-05 18:09:03"}
{"level":"info","message":"no execution in db queued to process","timestamp":"2025-05-05 18:09:03"}
{"level":"info","message":"(cycling) check for queueing executions","timestamp":"2025-05-05 18:14:03"}
{"level":"info","message":"no execution in db queued to process","timestamp":"2025-05-05 18:14:03"}
{"level":"info","message":"(cycling) check for queueing executions","timestamp":"2025-05-05 18:19:03"}
{"level":"info","message":"no execution in db queued to process","timestamp":"2025-05-05 18:19:03"}
{"level":"info","message":"(cycling) check for queueing executions","timestamp":"2025-05-05 18:24:03"}
{"level":"info","message":"no execution in db queued to process","timestamp":"2025-05-05 18:24:03"}
{"level":"info","message":"(cycling) check for queueing executions","timestamp":"2025-05-05 18:29:03"}
{"level":"info","message":"no execution in db queued to process","timestamp":"2025-05-05 18:29:03"}
{"level":"info","message":"(cycling) check for queueing executions","timestamp":"2025-05-05 18:34:03"}
{"level":"info","message":"no execution in db queued to process","timestamp":"2025-05-05 18:34:03"}
{"level":"info","message":"(cycling) check for queueing executions","timestamp":"2025-05-05 18:39:03"}
{"level":"info","message":"no execution in db queued to process","timestamp":"2025-05-05 18:39:03"}
{"level":"info","message":"(cycling) check for queueing executions","timestamp":"2025-05-05 18:44:03"}
{"level":"info","message":"no execution in db queued to process","timestamp":"2025-05-05 18:44:03"}
{"level":"info","message":"(cycling) check for queueing executions","timestamp":"2025-05-05 18:49:03"}
{"level":"info","message":"no execution in db queued to process","timestamp":"2025-05-05 18:49:03"}
{"level":"info","message":"(cycling) check for queueing executions","timestamp":"2025-05-05 18:54:03"}
{"level":"info","message":"no execution in db queued to process","timestamp":"2025-05-05 18:54:03"}
{"level":"info","message":"(cycling) check for queueing executions","timestamp":"2025-05-05 18:59:03"}
{"level":"info","message":"no execution in db queued to process","timestamp":"2025-05-05 18:59:03"}
{"level":"info","message":"(cycling) check for queueing executions","timestamp":"2025-05-05 19:04:03"}
{"level":"info","message":"no execution in db queued to process","timestamp":"2025-05-05 19:04:03"}
{"level":"info","message":"(cycling) check for queueing executions","timestamp":"2025-05-05 19:09:03"}
{"level":"info","message":"no execution in db queued to process","timestamp":"2025-05-05 19:09:03"}
{"level":"info","message":"(cycling) check for queueing executions","timestamp":"2025-05-05 19:14:03"}
{"level":"info","message":"no execution in db queued to process","timestamp":"2025-05-05 19:14:03"}
{"level":"info","message":"(cycling) check for queueing executions","timestamp":"2025-05-05 19:19:03"}
{"level":"info","message":"no execution in db queued to process","timestamp":"2025-05-05 19:19:03"}
{"level":"info","message":"(cycling) check for queueing executions","timestamp":"2025-05-05 19:24:03"}
{"level":"info","message":"no execution in db queued to process","timestamp":"2025-05-05 19:24:03"}
{"level":"info","message":"(cycling) check for queueing executions","timestamp":"2025-05-05 19:29:03"}
{"level":"info","message":"no execution in db queued to process","timestamp":"2025-05-05 19:29:03"}
{"level":"info","message":"(cycling) check for queueing executions","timestamp":"2025-05-05 19:34:03"}
{"level":"info","message":"no execution in db queued to process","timestamp":"2025-05-05 19:34:03"}
{"level":"info","message":"(cycling) check for queueing executions","timestamp":"2025-05-05 19:39:03"}
{"level":"info","message":"no execution in db queued to process","timestamp":"2025-05-05 19:39:03"}
{"level":"info","message":"(cycling) check for queueing executions","timestamp":"2025-05-05 19:44:03"}
{"level":"info","message":"no execution in db queued to process","timestamp":"2025-05-05 19:44:03"}
{"level":"info","message":"(cycling) check for queueing executions","timestamp":"2025-05-05 19:49:03"}
{"level":"info","message":"no execution in db queued to process","timestamp":"2025-05-05 19:49:03"}
{"level":"info","message":"(cycling) check for queueing executions","timestamp":"2025-05-05 19:54:03"}
{"level":"info","message":"no execution in db queued to process","timestamp":"2025-05-05 19:54:03"}
{"level":"info","message":"(cycling) check for queueing executions","timestamp":"2025-05-05 19:59:03"}
{"level":"info","message":"no execution in db queued to process","timestamp":"2025-05-05 19:59:03"}
{"level":"info","message":"(cycling) check for queueing executions","timestamp":"2025-05-05 20:04:03"}
{"level":"info","message":"no execution in db queued to process","timestamp":"2025-05-05 20:04:03"}
{"level":"info","message":"(cycling) check for queueing executions","timestamp":"2025-05-05 20:09:03"}
{"level":"info","message":"no execution in db queued to process","timestamp":"2025-05-05 20:09:03"}
{"level":"info","message":"(cycling) check for queueing executions","timestamp":"2025-05-05 20:14:03"}
{"level":"info","message":"no execution in db queued to process","timestamp":"2025-05-05 20:14:03"}
{"level":"info","message":"(cycling) check for queueing executions","timestamp":"2025-05-05 20:19:03"}
{"level":"info","message":"no execution in db queued to process","timestamp":"2025-05-05 20:19:03"}
{"level":"info","message":"(cycling) check for queueing executions","timestamp":"2025-05-05 20:24:03"}
{"level":"info","message":"no execution in db queued to process","timestamp":"2025-05-05 20:24:03"}
{"level":"info","message":"(cycling) check for queueing executions","timestamp":"2025-05-05 20:29:03"}
{"level":"info","message":"no execution in db queued to process","timestamp":"2025-05-05 20:29:03"}
{"level":"info","message":"(cycling) check for queueing executions","timestamp":"2025-05-05 20:34:03"}
{"level":"info","message":"no execution in db queued to process","timestamp":"2025-05-05 20:34:03"}
{"level":"info","message":"(cycling) check for queueing executions","timestamp":"2025-05-05 20:39:03"}
{"level":"info","message":"no execution in db queued to process","timestamp":"2025-05-05 20:39:03"}
{"level":"info","message":"(cycling) check for queueing executions","timestamp":"2025-05-05 20:44:03"}
{"level":"info","message":"no execution in db queued to process","timestamp":"2025-05-05 20:44:03"}
{"level":"info","message":"(cycling) check for queueing executions","timestamp":"2025-05-05 20:49:03"}
{"level":"info","message":"no execution in db queued to process","timestamp":"2025-05-05 20:49:03"}
{"level":"info","message":"(cycling) check for queueing executions","timestamp":"2025-05-05 20:54:03"}
{"level":"info","message":"no execution in db queued to process","timestamp":"2025-05-05 20:54:03"}
{"level":"info","message":"(cycling) check for queueing executions","timestamp":"2025-05-05 20:59:03"}
{"level":"info","message":"no execution in db queued to process","timestamp":"2025-05-05 20:59:03"}
{"level":"info","message":"(cycling) check for queueing executions","timestamp":"2025-05-05 21:04:02"}
{"level":"info","message":"no execution in db queued to process","timestamp":"2025-05-05 21:04:03"}
{"level":"info","message":"(cycling) check for queueing executions","timestamp":"2025-05-05 21:09:02"}
{"level":"info","message":"no execution in db queued to process","timestamp":"2025-05-05 21:09:03"}
{"level":"info","message":"(cycling) check for queueing executions","timestamp":"2025-05-05 21:14:02"}
{"level":"info","message":"no execution in db queued to process","timestamp":"2025-05-05 21:14:03"}
{"level":"info","message":"(cycling) check for queueing executions","timestamp":"2025-05-05 21:19:02"}
{"level":"info","message":"no execution in db queued to process","timestamp":"2025-05-05 21:19:03"}
{"level":"info","message":"(cycling) check for queueing executions","timestamp":"2025-05-05 21:24:02"}
{"level":"info","message":"no execution in db queued to process","timestamp":"2025-05-05 21:24:02"}
{"level":"info","message":"(cycling) check for queueing executions","timestamp":"2025-05-05 21:29:02"}
{"level":"info","message":"no execution in db queued to process","timestamp":"2025-05-05 21:29:02"}
{"level":"info","message":"(cycling) check for queueing executions","timestamp":"2025-05-05 21:34:02"}
{"level":"info","message":"no execution in db queued to process","timestamp":"2025-05-05 21:34:02"}
{"level":"info","message":"(cycling) check for queueing executions","timestamp":"2025-05-05 21:39:02"}
{"level":"info","message":"no execution in db queued to process","timestamp":"2025-05-05 21:39:02"}
{"level":"info","message":"(cycling) check for queueing executions","timestamp":"2025-05-05 21:44:02"}
{"level":"info","message":"no execution in db queued to process","timestamp":"2025-05-05 21:44:02"}
{"level":"info","message":"(cycling) check for queueing executions","timestamp":"2025-05-05 21:49:02"}
{"level":"info","message":"no execution in db queued to process","timestamp":"2025-05-05 21:49:02"}
{"level":"info","message":"(cycling) check for queueing executions","timestamp":"2025-05-05 21:54:02"}
{"level":"info","message":"no execution in db queued to process","timestamp":"2025-05-05 21:54:02"}
{"level":"info","message":"(cycling) check for queueing executions","timestamp":"2025-05-05 21:59:02"}
{"level":"info","message":"no execution in db queued to process","timestamp":"2025-05-05 21:59:02"}
{"level":"info","message":"(cycling) check for queueing executions","timestamp":"2025-05-05 22:04:02"}
{"level":"info","message":"no execution in db queued to process","timestamp":"2025-05-05 22:04:02"}
{"level":"info","message":"(cycling) check for queueing executions","timestamp":"2025-05-05 22:09:02"}
{"level":"info","message":"no execution in db queued to process","timestamp":"2025-05-05 22:09:02"}
{"level":"info","message":"(cycling) check for queueing executions","timestamp":"2025-05-05 22:14:02"}
{"level":"info","message":"no execution in db queued to process","timestamp":"2025-05-05 22:14:02"}
{"level":"info","message":"(cycling) check for queueing executions","timestamp":"2025-05-05 22:19:02"}
{"level":"info","message":"no execution in db queued to process","timestamp":"2025-05-05 22:19:02"}
{"level":"info","message":"(cycling) check for queueing executions","timestamp":"2025-05-05 22:24:02"}
{"level":"info","message":"no execution in db queued to process","timestamp":"2025-05-05 22:24:02"}
{"level":"info","message":"(cycling) check for queueing executions","timestamp":"2025-05-05 22:29:02"}
{"level":"info","message":"no execution in db queued to process","timestamp":"2025-05-05 22:29:02"}
{"level":"info","message":"(cycling) check for queueing executions","timestamp":"2025-05-05 22:34:02"}
{"level":"info","message":"no execution in db queued to process","timestamp":"2025-05-05 22:34:02"}
{"level":"info","message":"(cycling) check for queueing executions","timestamp":"2025-05-05 22:39:02"}
{"level":"info","message":"no execution in db queued to process","timestamp":"2025-05-05 22:39:02"}
{"level":"info","message":"(cycling) check for queueing executions","timestamp":"2025-05-05 22:44:02"}
{"level":"info","message":"no execution in db queued to process","timestamp":"2025-05-05 22:44:02"}
{"level":"info","message":"(cycling) check for queueing executions","timestamp":"2025-05-05 22:49:02"}
{"level":"info","message":"no execution in db queued to process","timestamp":"2025-05-05 22:49:02"}
{"level":"info","message":"(cycling) check for queueing executions","timestamp":"2025-05-05 22:54:02"}
{"level":"info","message":"no execution in db queued to process","timestamp":"2025-05-05 22:54:02"}
{"level":"info","message":"(cycling) check for queueing executions","timestamp":"2025-05-05 22:59:02"}
{"level":"info","message":"no execution in db queued to process","timestamp":"2025-05-05 22:59:02"}
{"level":"info","message":"(cycling) check for queueing executions","timestamp":"2025-05-05 23:04:02"}
{"level":"info","message":"no execution in db queued to process","timestamp":"2025-05-05 23:04:02"}
{"level":"info","message":"(cycling) check for queueing executions","timestamp":"2025-05-05 23:09:02"}
{"level":"info","message":"no execution in db queued to process","timestamp":"2025-05-05 23:09:02"}
{"level":"info","message":"(cycling) check for queueing executions","timestamp":"2025-05-05 23:14:02"}
{"level":"info","message":"no execution in db queued to process","timestamp":"2025-05-05 23:14:02"}
{"level":"info","message":"(cycling) check for queueing executions","timestamp":"2025-05-05 23:19:02"}
{"level":"info","message":"no execution in db queued to process","timestamp":"2025-05-05 23:19:02"}
{"level":"info","message":"(cycling) check for queueing executions","timestamp":"2025-05-05 23:24:02"}
{"level":"info","message":"no execution in db queued to process","timestamp":"2025-05-05 23:24:02"}
{"level":"info","message":"(cycling) check for queueing executions","timestamp":"2025-05-05 23:29:02"}
{"level":"info","message":"no execution in db queued to process","timestamp":"2025-05-05 23:29:02"}
{"level":"info","message":"(cycling) check for queueing executions","timestamp":"2025-05-05 23:34:02"}
{"level":"info","message":"no execution in db queued to process","timestamp":"2025-05-05 23:34:02"}
{"level":"info","message":"(cycling) check for queueing executions","timestamp":"2025-05-05 23:39:02"}
{"level":"info","message":"no execution in db queued to process","timestamp":"2025-05-05 23:39:02"}
{"level":"info","message":"(cycling) check for queueing executions","timestamp":"2025-05-05 23:44:02"}
{"level":"info","message":"no execution in db queued to process","timestamp":"2025-05-05 23:44:02"}
{"level":"info","message":"(cycling) check for queueing executions","timestamp":"2025-05-05 23:49:02"}
{"level":"info","message":"no execution in db queued to process","timestamp":"2025-05-05 23:49:02"}
{"level":"info","message":"(cycling) check for queueing executions","timestamp":"2025-05-05 23:54:02"}
{"level":"info","message":"no execution in db queued to process","timestamp":"2025-05-05 23:54:02"}
{"level":"info","message":"(cycling) check for queueing executions","timestamp":"2025-05-05 23:59:02"}
{"level":"info","message":"no execution in db queued to process","timestamp":"2025-05-05 23:59:02"}
