{"level":"info","message":"(starting) check for queueing executions","timestamp":"2025-04-22 01:32:05"}
{"level":"info","message":"no execution in db queued to process","timestamp":"2025-04-22 01:32:05"}
{"level":"info","message":"(cycling) check for queueing executions","timestamp":"2025-04-22 01:37:05"}
{"level":"info","message":"no execution in db queued to process","timestamp":"2025-04-22 01:37:05"}
{"level":"info","message":"(cycling) check for queueing executions","timestamp":"2025-04-22 01:42:05"}
{"level":"info","message":"no execution in db queued to process","timestamp":"2025-04-22 01:42:05"}
{"level":"info","message":"(cycling) check for queueing executions","timestamp":"2025-04-22 01:47:05"}
{"level":"info","message":"no execution in db queued to process","timestamp":"2025-04-22 01:47:05"}
{"level":"info","message":"(cycling) check for queueing executions","timestamp":"2025-04-22 01:52:05"}
{"level":"info","message":"no execution in db queued to process","timestamp":"2025-04-22 01:52:05"}
{"level":"info","message":"(cycling) check for queueing executions","timestamp":"2025-04-22 01:57:05"}
{"level":"info","message":"no execution in db queued to process","timestamp":"2025-04-22 01:57:05"}
{"level":"info","message":"(cycling) check for queueing executions","timestamp":"2025-04-22 02:02:05"}
{"level":"info","message":"no execution in db queued to process","timestamp":"2025-04-22 02:02:05"}
{"level":"info","message":"(cycling) check for queueing executions","timestamp":"2025-04-22 02:07:05"}
{"level":"info","message":"no execution in db queued to process","timestamp":"2025-04-22 02:07:05"}
{"level":"info","message":"(cycling) check for queueing executions","timestamp":"2025-04-22 02:12:05"}
{"level":"info","message":"no execution in db queued to process","timestamp":"2025-04-22 02:12:05"}
{"level":"info","message":"(cycling) check for queueing executions","timestamp":"2025-04-22 02:17:05"}
{"level":"info","message":"no execution in db queued to process","timestamp":"2025-04-22 02:17:05"}
{"level":"info","message":"(cycling) check for queueing executions","timestamp":"2025-04-22 02:22:05"}
{"level":"info","message":"no execution in db queued to process","timestamp":"2025-04-22 02:22:05"}
{"level":"info","message":"(cycling) check for queueing executions","timestamp":"2025-04-22 02:27:05"}
{"level":"info","message":"no execution in db queued to process","timestamp":"2025-04-22 02:27:05"}
{"level":"info","message":"(cycling) check for queueing executions","timestamp":"2025-04-22 02:32:05"}
{"level":"info","message":"no execution in db queued to process","timestamp":"2025-04-22 02:32:05"}
{"level":"info","message":"(cycling) check for queueing executions","timestamp":"2025-04-22 02:37:05"}
{"level":"info","message":"no execution in db queued to process","timestamp":"2025-04-22 02:37:05"}
{"level":"info","message":"(cycling) check for queueing executions","timestamp":"2025-04-22 02:42:05"}
{"level":"info","message":"no execution in db queued to process","timestamp":"2025-04-22 02:42:05"}
{"level":"info","message":"(cycling) check for queueing executions","timestamp":"2025-04-22 02:47:05"}
{"level":"info","message":"no execution in db queued to process","timestamp":"2025-04-22 02:47:05"}
{"level":"info","message":"(cycling) check for queueing executions","timestamp":"2025-04-22 02:52:05"}
{"level":"info","message":"no execution in db queued to process","timestamp":"2025-04-22 02:52:05"}
{"level":"info","message":"(cycling) check for queueing executions","timestamp":"2025-04-22 02:57:05"}
{"level":"info","message":"no execution in db queued to process","timestamp":"2025-04-22 02:57:05"}
{"level":"info","message":"(cycling) check for queueing executions","timestamp":"2025-04-22 03:02:05"}
{"level":"info","message":"no execution in db queued to process","timestamp":"2025-04-22 03:02:05"}
{"level":"info","message":"(cycling) check for queueing executions","timestamp":"2025-04-22 03:07:05"}
{"level":"info","message":"no execution in db queued to process","timestamp":"2025-04-22 03:07:05"}
{"level":"info","message":"(cycling) check for queueing executions","timestamp":"2025-04-22 03:12:05"}
{"level":"info","message":"no execution in db queued to process","timestamp":"2025-04-22 03:12:05"}
{"level":"info","message":"(cycling) check for queueing executions","timestamp":"2025-04-22 03:17:05"}
{"level":"info","message":"no execution in db queued to process","timestamp":"2025-04-22 03:17:05"}
{"level":"info","message":"(cycling) check for queueing executions","timestamp":"2025-04-22 03:22:05"}
{"level":"info","message":"no execution in db queued to process","timestamp":"2025-04-22 03:22:05"}
{"level":"info","message":"(cycling) check for queueing executions","timestamp":"2025-04-22 03:27:05"}
{"level":"info","message":"no execution in db queued to process","timestamp":"2025-04-22 03:27:05"}
{"level":"info","message":"(cycling) check for queueing executions","timestamp":"2025-04-22 03:32:05"}
{"level":"info","message":"no execution in db queued to process","timestamp":"2025-04-22 03:32:05"}
{"level":"info","message":"(cycling) check for queueing executions","timestamp":"2025-04-22 03:37:05"}
{"level":"info","message":"no execution in db queued to process","timestamp":"2025-04-22 03:37:05"}
{"level":"info","message":"(cycling) check for queueing executions","timestamp":"2025-04-22 03:42:05"}
{"level":"info","message":"no execution in db queued to process","timestamp":"2025-04-22 03:42:05"}
{"level":"info","message":"(cycling) check for queueing executions","timestamp":"2025-04-22 03:47:05"}
{"level":"info","message":"no execution in db queued to process","timestamp":"2025-04-22 03:47:05"}
{"level":"info","message":"(cycling) check for queueing executions","timestamp":"2025-04-22 03:52:05"}
{"level":"info","message":"no execution in db queued to process","timestamp":"2025-04-22 03:52:05"}
{"level":"info","message":"(cycling) check for queueing executions","timestamp":"2025-04-22 03:57:05"}
{"level":"info","message":"no execution in db queued to process","timestamp":"2025-04-22 03:57:05"}
{"level":"info","message":"(cycling) check for queueing executions","timestamp":"2025-04-22 04:02:05"}
{"level":"info","message":"no execution in db queued to process","timestamp":"2025-04-22 04:02:05"}
{"level":"info","message":"(cycling) check for queueing executions","timestamp":"2025-04-22 04:07:05"}
{"level":"info","message":"no execution in db queued to process","timestamp":"2025-04-22 04:07:05"}
{"level":"info","message":"(cycling) check for queueing executions","timestamp":"2025-04-22 04:12:05"}
{"level":"info","message":"no execution in db queued to process","timestamp":"2025-04-22 04:12:05"}
{"level":"info","message":"(cycling) check for queueing executions","timestamp":"2025-04-22 04:17:05"}
{"level":"info","message":"no execution in db queued to process","timestamp":"2025-04-22 04:17:05"}
{"level":"info","message":"(cycling) check for queueing executions","timestamp":"2025-04-22 04:22:05"}
{"level":"info","message":"no execution in db queued to process","timestamp":"2025-04-22 04:22:05"}
{"level":"info","message":"(cycling) check for queueing executions","timestamp":"2025-04-22 04:27:05"}
{"level":"info","message":"no execution in db queued to process","timestamp":"2025-04-22 04:27:05"}
{"level":"info","message":"(cycling) check for queueing executions","timestamp":"2025-04-22 04:32:05"}
{"level":"info","message":"no execution in db queued to process","timestamp":"2025-04-22 04:32:05"}
{"level":"info","message":"(cycling) check for queueing executions","timestamp":"2025-04-22 04:37:05"}
{"level":"info","message":"no execution in db queued to process","timestamp":"2025-04-22 04:37:05"}
{"level":"info","message":"(cycling) check for queueing executions","timestamp":"2025-04-22 04:42:05"}
{"level":"info","message":"no execution in db queued to process","timestamp":"2025-04-22 04:42:05"}
{"level":"info","message":"(cycling) check for queueing executions","timestamp":"2025-04-22 04:47:05"}
{"level":"info","message":"no execution in db queued to process","timestamp":"2025-04-22 04:47:05"}
{"level":"info","message":"(cycling) check for queueing executions","timestamp":"2025-04-22 04:52:05"}
{"level":"info","message":"no execution in db queued to process","timestamp":"2025-04-22 04:52:05"}
{"level":"info","message":"(cycling) check for queueing executions","timestamp":"2025-04-22 04:57:05"}
{"level":"info","message":"no execution in db queued to process","timestamp":"2025-04-22 04:57:05"}
{"level":"info","message":"(cycling) check for queueing executions","timestamp":"2025-04-22 05:02:05"}
{"level":"info","message":"no execution in db queued to process","timestamp":"2025-04-22 05:02:05"}
{"level":"info","message":"(cycling) check for queueing executions","timestamp":"2025-04-22 05:07:05"}
{"level":"info","message":"no execution in db queued to process","timestamp":"2025-04-22 05:07:05"}
{"level":"info","message":"(cycling) check for queueing executions","timestamp":"2025-04-22 05:12:05"}
{"level":"info","message":"no execution in db queued to process","timestamp":"2025-04-22 05:12:05"}
{"level":"info","message":"(cycling) check for queueing executions","timestamp":"2025-04-22 05:17:05"}
{"level":"info","message":"no execution in db queued to process","timestamp":"2025-04-22 05:17:05"}
{"level":"info","message":"(cycling) check for queueing executions","timestamp":"2025-04-22 05:22:05"}
{"level":"info","message":"no execution in db queued to process","timestamp":"2025-04-22 05:22:05"}
{"level":"info","message":"(cycling) check for queueing executions","timestamp":"2025-04-22 05:27:05"}
{"level":"info","message":"no execution in db queued to process","timestamp":"2025-04-22 05:27:05"}
{"level":"info","message":"(cycling) check for queueing executions","timestamp":"2025-04-22 05:32:05"}
{"level":"info","message":"no execution in db queued to process","timestamp":"2025-04-22 05:32:05"}
{"level":"info","message":"(cycling) check for queueing executions","timestamp":"2025-04-22 05:37:05"}
{"level":"info","message":"no execution in db queued to process","timestamp":"2025-04-22 05:37:05"}
{"level":"info","message":"(cycling) check for queueing executions","timestamp":"2025-04-22 05:42:05"}
{"level":"info","message":"no execution in db queued to process","timestamp":"2025-04-22 05:42:05"}
{"level":"info","message":"(cycling) check for queueing executions","timestamp":"2025-04-22 05:47:05"}
{"level":"info","message":"no execution in db queued to process","timestamp":"2025-04-22 05:47:05"}
{"level":"info","message":"no more events need to be prepared, dispatching...","timestamp":"2025-04-22 05:49:56"}
{"level":"info","message":"last process finished, will do another dispatch","timestamp":"2025-04-22 05:49:56"}
{"level":"info","message":"last process finished, will do another dispatch","timestamp":"2025-04-22 05:49:56"}
{"level":"info","message":"last process finished, will do another dispatch","timestamp":"2025-04-22 05:49:56"}
{"level":"info","message":"last process finished, will do another dispatch","timestamp":"2025-04-22 05:49:56"}
{"level":"info","message":"no execution in db queued to process","timestamp":"2025-04-22 05:49:56"}
{"level":"info","message":"no more events need to be prepared, dispatching...","timestamp":"2025-04-22 05:50:02"}
{"level":"info","message":"last process finished, will do another dispatch","timestamp":"2025-04-22 05:50:02"}
{"level":"info","message":"last process finished, will do another dispatch","timestamp":"2025-04-22 05:50:02"}
{"level":"info","message":"last process finished, will do another dispatch","timestamp":"2025-04-22 05:50:02"}
{"level":"info","message":"last process finished, will do another dispatch","timestamp":"2025-04-22 05:50:02"}
{"level":"info","message":"no execution in db queued to process","timestamp":"2025-04-22 05:50:02"}
{"level":"info","message":"(cycling) check for queueing executions","timestamp":"2025-04-22 05:52:05"}
{"level":"info","message":"no execution in db queued to process","timestamp":"2025-04-22 05:52:05"}
{"level":"info","message":"no more events need to be prepared, dispatching...","timestamp":"2025-04-22 05:54:37"}
{"level":"info","message":"last process finished, will do another dispatch","timestamp":"2025-04-22 05:54:37"}
{"level":"info","message":"last process finished, will do another dispatch","timestamp":"2025-04-22 05:54:37"}
{"level":"info","message":"last process finished, will do another dispatch","timestamp":"2025-04-22 05:54:37"}
{"level":"info","message":"last process finished, will do another dispatch","timestamp":"2025-04-22 05:54:37"}
{"level":"info","message":"no execution in db queued to process","timestamp":"2025-04-22 05:54:37"}
{"level":"info","message":"(cycling) check for queueing executions","timestamp":"2025-04-22 05:57:05"}
{"level":"info","message":"no execution in db queued to process","timestamp":"2025-04-22 05:57:05"}
{"level":"info","message":"no more events need to be prepared, dispatching...","timestamp":"2025-04-22 05:59:50"}
{"level":"info","message":"last process finished, will do another dispatch","timestamp":"2025-04-22 05:59:50"}
{"level":"info","message":"no execution in db queued to process","timestamp":"2025-04-22 05:59:50"}
{"level":"info","message":"(cycling) check for queueing executions","timestamp":"2025-04-22 06:02:05"}
{"level":"info","message":"no execution in db queued to process","timestamp":"2025-04-22 06:02:05"}
{"level":"info","message":"(cycling) check for queueing executions","timestamp":"2025-04-22 06:07:05"}
{"level":"info","message":"no execution in db queued to process","timestamp":"2025-04-22 06:07:05"}
{"level":"info","message":"(cycling) check for queueing executions","timestamp":"2025-04-22 06:12:05"}
{"level":"info","message":"no execution in db queued to process","timestamp":"2025-04-22 06:12:05"}
{"level":"info","message":"(cycling) check for queueing executions","timestamp":"2025-04-22 06:17:05"}
{"level":"info","message":"no execution in db queued to process","timestamp":"2025-04-22 06:17:05"}
{"level":"info","message":"(cycling) check for queueing executions","timestamp":"2025-04-22 06:22:05"}
{"level":"info","message":"no execution in db queued to process","timestamp":"2025-04-22 06:22:05"}
{"level":"info","message":"(cycling) check for queueing executions","timestamp":"2025-04-22 06:27:05"}
{"level":"info","message":"no execution in db queued to process","timestamp":"2025-04-22 06:27:05"}
{"level":"info","message":"(cycling) check for queueing executions","timestamp":"2025-04-22 06:32:04"}
{"level":"info","message":"no execution in db queued to process","timestamp":"2025-04-22 06:32:05"}
{"level":"info","message":"(cycling) check for queueing executions","timestamp":"2025-04-22 06:37:04"}
{"level":"info","message":"no execution in db queued to process","timestamp":"2025-04-22 06:37:05"}
{"level":"info","message":"(cycling) check for queueing executions","timestamp":"2025-04-22 06:42:04"}
{"level":"info","message":"no execution in db queued to process","timestamp":"2025-04-22 06:42:05"}
{"level":"info","message":"(cycling) check for queueing executions","timestamp":"2025-04-22 06:47:04"}
{"level":"info","message":"no execution in db queued to process","timestamp":"2025-04-22 06:47:05"}
{"level":"info","message":"(cycling) check for queueing executions","timestamp":"2025-04-22 06:52:04"}
{"level":"info","message":"no execution in db queued to process","timestamp":"2025-04-22 06:52:04"}
{"level":"info","message":"(cycling) check for queueing executions","timestamp":"2025-04-22 06:57:04"}
{"level":"info","message":"no execution in db queued to process","timestamp":"2025-04-22 06:57:04"}
{"level":"info","message":"(cycling) check for queueing executions","timestamp":"2025-04-22 07:02:04"}
{"level":"info","message":"no execution in db queued to process","timestamp":"2025-04-22 07:02:04"}
{"level":"info","message":"(cycling) check for queueing executions","timestamp":"2025-04-22 07:07:04"}
{"level":"info","message":"no execution in db queued to process","timestamp":"2025-04-22 07:07:04"}
{"level":"info","message":"(cycling) check for queueing executions","timestamp":"2025-04-22 07:12:04"}
{"level":"info","message":"no execution in db queued to process","timestamp":"2025-04-22 07:12:04"}
{"level":"info","message":"(cycling) check for queueing executions","timestamp":"2025-04-22 07:17:04"}
{"level":"info","message":"no execution in db queued to process","timestamp":"2025-04-22 07:17:04"}
{"level":"info","message":"(cycling) check for queueing executions","timestamp":"2025-04-22 07:22:04"}
{"level":"info","message":"no execution in db queued to process","timestamp":"2025-04-22 07:22:04"}
{"level":"info","message":"(cycling) check for queueing executions","timestamp":"2025-04-22 07:27:04"}
{"level":"info","message":"no execution in db queued to process","timestamp":"2025-04-22 07:27:04"}
{"level":"info","message":"(cycling) check for queueing executions","timestamp":"2025-04-22 07:32:04"}
{"level":"info","message":"no execution in db queued to process","timestamp":"2025-04-22 07:32:04"}
{"level":"info","message":"(cycling) check for queueing executions","timestamp":"2025-04-22 07:37:04"}
{"level":"info","message":"no execution in db queued to process","timestamp":"2025-04-22 07:37:04"}
{"level":"info","message":"(cycling) check for queueing executions","timestamp":"2025-04-22 07:42:04"}
{"level":"info","message":"no execution in db queued to process","timestamp":"2025-04-22 07:42:04"}
{"level":"info","message":"(cycling) check for queueing executions","timestamp":"2025-04-22 07:47:04"}
{"level":"info","message":"no execution in db queued to process","timestamp":"2025-04-22 07:47:05"}
{"level":"info","message":"(starting) check for queueing executions","timestamp":"2025-04-22 14:23:12"}
{"level":"info","message":"no execution in db queued to process","timestamp":"2025-04-22 14:23:12"}
{"level":"info","message":"no more events need to be prepared, dispatching...","timestamp":"2025-04-22 14:25:19"}
{"level":"info","message":"last process finished, will do another dispatch","timestamp":"2025-04-22 14:25:19"}
{"level":"info","message":"no execution in db queued to process","timestamp":"2025-04-22 14:25:19"}
{"level":"info","message":"no more events need to be prepared, dispatching...","timestamp":"2025-04-22 14:25:24"}
{"level":"info","message":"last process finished, will do another dispatch","timestamp":"2025-04-22 14:25:24"}
{"level":"info","message":"no execution in db queued to process","timestamp":"2025-04-22 14:25:24"}
{"level":"info","message":"no more events need to be prepared, dispatching...","timestamp":"2025-04-22 14:25:29"}
{"level":"info","message":"last process finished, will do another dispatch","timestamp":"2025-04-22 14:25:29"}
{"level":"info","message":"no execution in db queued to process","timestamp":"2025-04-22 14:25:29"}
{"level":"info","message":"no more events need to be prepared, dispatching...","timestamp":"2025-04-22 14:26:38"}
{"level":"info","message":"last process finished, will do another dispatch","timestamp":"2025-04-22 14:26:39"}
{"level":"info","message":"no execution in db queued to process","timestamp":"2025-04-22 14:26:39"}
{"level":"info","message":"no more events need to be prepared, dispatching...","timestamp":"2025-04-22 14:26:47"}
{"level":"info","message":"last process finished, will do another dispatch","timestamp":"2025-04-22 14:26:47"}
{"level":"info","message":"no execution in db queued to process","timestamp":"2025-04-22 14:26:47"}
{"level":"info","message":"no more events need to be prepared, dispatching...","timestamp":"2025-04-22 14:26:51"}
{"level":"info","message":"last process finished, will do another dispatch","timestamp":"2025-04-22 14:26:52"}
{"level":"info","message":"no execution in db queued to process","timestamp":"2025-04-22 14:26:52"}
{"level":"info","message":"no more events need to be prepared, dispatching...","timestamp":"2025-04-22 14:26:56"}
{"level":"info","message":"last process finished, will do another dispatch","timestamp":"2025-04-22 14:26:56"}
{"level":"info","message":"no execution in db queued to process","timestamp":"2025-04-22 14:26:56"}
{"level":"info","message":"no more events need to be prepared, dispatching...","timestamp":"2025-04-22 14:27:07"}
{"level":"info","message":"last process finished, will do another dispatch","timestamp":"2025-04-22 14:27:07"}
{"level":"info","message":"no execution in db queued to process","timestamp":"2025-04-22 14:27:07"}
{"level":"info","message":"(cycling) check for queueing executions","timestamp":"2025-04-22 14:28:12"}
{"level":"info","message":"no execution in db queued to process","timestamp":"2025-04-22 14:28:12"}
{"level":"info","message":"(cycling) check for queueing executions","timestamp":"2025-04-22 14:33:12"}
{"level":"info","message":"no execution in db queued to process","timestamp":"2025-04-22 14:33:12"}
{"level":"info","message":"(cycling) check for queueing executions","timestamp":"2025-04-22 14:38:12"}
{"level":"info","message":"no execution in db queued to process","timestamp":"2025-04-22 14:38:12"}
{"level":"info","message":"(cycling) check for queueing executions","timestamp":"2025-04-22 14:43:12"}
{"level":"info","message":"no execution in db queued to process","timestamp":"2025-04-22 14:43:12"}
{"level":"info","message":"(cycling) check for queueing executions","timestamp":"2025-04-22 14:48:12"}
{"level":"info","message":"no execution in db queued to process","timestamp":"2025-04-22 14:48:12"}
{"level":"info","message":"(cycling) check for queueing executions","timestamp":"2025-04-22 14:53:12"}
{"level":"info","message":"no execution in db queued to process","timestamp":"2025-04-22 14:53:12"}
{"level":"info","message":"(cycling) check for queueing executions","timestamp":"2025-04-22 14:58:12"}
{"level":"info","message":"no execution in db queued to process","timestamp":"2025-04-22 14:58:12"}
{"level":"info","message":"(cycling) check for queueing executions","timestamp":"2025-04-22 15:03:12"}
{"level":"info","message":"no execution in db queued to process","timestamp":"2025-04-22 15:03:12"}
{"level":"info","message":"(cycling) check for queueing executions","timestamp":"2025-04-22 15:08:12"}
{"level":"info","message":"no execution in db queued to process","timestamp":"2025-04-22 15:08:12"}
{"level":"info","message":"(cycling) check for queueing executions","timestamp":"2025-04-22 15:13:12"}
{"level":"info","message":"no execution in db queued to process","timestamp":"2025-04-22 15:13:12"}
{"level":"info","message":"(cycling) check for queueing executions","timestamp":"2025-04-22 15:18:12"}
{"level":"info","message":"no execution in db queued to process","timestamp":"2025-04-22 15:18:12"}
{"level":"info","message":"(cycling) check for queueing executions","timestamp":"2025-04-22 15:23:12"}
{"level":"info","message":"no execution in db queued to process","timestamp":"2025-04-22 15:23:12"}
{"level":"info","message":"(cycling) check for queueing executions","timestamp":"2025-04-22 15:28:11"}
{"level":"info","message":"no execution in db queued to process","timestamp":"2025-04-22 15:28:12"}
{"level":"info","message":"(cycling) check for queueing executions","timestamp":"2025-04-22 23:49:05"}
{"level":"info","message":"no execution in db queued to process","timestamp":"2025-04-22 23:49:06"}
