{"level":"info","message":"(starting) check for queueing executions","timestamp":"2025-05-10 11:38:13"}
{"level":"info","message":"no execution in db queued to process","timestamp":"2025-05-10 11:38:14"}
{"level":"info","message":"(cycling) check for queueing executions","timestamp":"2025-05-10 11:43:13"}
{"level":"info","message":"no execution in db queued to process","timestamp":"2025-05-10 11:43:13"}
{"level":"info","message":"no more events need to be prepared, dispatching...","timestamp":"2025-05-10 11:44:24"}
{"level":"info","message":"last process finished, will do another dispatch","timestamp":"2025-05-10 11:44:25"}
{"level":"info","message":"no execution in db queued to process","timestamp":"2025-05-10 11:44:25"}
{"level":"info","message":"no more events need to be prepared, dispatching...","timestamp":"2025-05-10 11:44:39"}
{"level":"info","message":"last process finished, will do another dispatch","timestamp":"2025-05-10 11:44:39"}
{"level":"info","message":"no execution in db queued to process","timestamp":"2025-05-10 11:44:39"}
{"level":"info","message":"no more events need to be prepared, dispatching...","timestamp":"2025-05-10 11:44:49"}
{"level":"info","message":"last process finished, will do another dispatch","timestamp":"2025-05-10 11:44:49"}
{"level":"info","message":"no execution in db queued to process","timestamp":"2025-05-10 11:44:49"}
{"level":"info","message":"no more events need to be prepared, dispatching...","timestamp":"2025-05-10 11:44:56"}
{"level":"info","message":"last process finished, will do another dispatch","timestamp":"2025-05-10 11:44:56"}
{"level":"info","message":"no execution in db queued to process","timestamp":"2025-05-10 11:44:56"}
{"level":"info","message":"no more events need to be prepared, dispatching...","timestamp":"2025-05-10 11:45:10"}
{"level":"info","message":"last process finished, will do another dispatch","timestamp":"2025-05-10 11:45:10"}
{"level":"info","message":"no execution in db queued to process","timestamp":"2025-05-10 11:45:10"}
{"level":"info","message":"no more events need to be prepared, dispatching...","timestamp":"2025-05-10 11:45:15"}
{"level":"info","message":"last process finished, will do another dispatch","timestamp":"2025-05-10 11:45:15"}
{"level":"info","message":"no execution in db queued to process","timestamp":"2025-05-10 11:45:15"}
{"level":"info","message":"no more events need to be prepared, dispatching...","timestamp":"2025-05-10 11:45:40"}
{"level":"info","message":"last process finished, will do another dispatch","timestamp":"2025-05-10 11:45:41"}
{"level":"info","message":"no execution in db queued to process","timestamp":"2025-05-10 11:45:41"}
{"level":"info","message":"no more events need to be prepared, dispatching...","timestamp":"2025-05-10 11:45:41"}
{"level":"info","message":"last process finished, will do another dispatch","timestamp":"2025-05-10 11:45:41"}
{"level":"info","message":"no execution in db queued to process","timestamp":"2025-05-10 11:45:41"}
{"level":"info","message":"no more events need to be prepared, dispatching...","timestamp":"2025-05-10 11:45:42"}
{"level":"info","message":"last process finished, will do another dispatch","timestamp":"2025-05-10 11:45:42"}
{"level":"info","message":"no execution in db queued to process","timestamp":"2025-05-10 11:45:42"}
{"level":"info","message":"no more events need to be prepared, dispatching...","timestamp":"2025-05-10 11:45:42"}
{"level":"info","message":"last process finished, will do another dispatch","timestamp":"2025-05-10 11:45:43"}
{"level":"info","message":"no execution in db queued to process","timestamp":"2025-05-10 11:45:43"}
{"level":"info","message":"no more events need to be prepared, dispatching...","timestamp":"2025-05-10 11:45:45"}
{"level":"info","message":"last process finished, will do another dispatch","timestamp":"2025-05-10 11:45:45"}
{"level":"info","message":"no execution in db queued to process","timestamp":"2025-05-10 11:45:45"}
{"level":"info","message":"no more events need to be prepared, dispatching...","timestamp":"2025-05-10 11:45:46"}
{"level":"info","message":"last process finished, will do another dispatch","timestamp":"2025-05-10 11:45:46"}
{"level":"info","message":"no execution in db queued to process","timestamp":"2025-05-10 11:45:46"}
{"level":"info","message":"no more events need to be prepared, dispatching...","timestamp":"2025-05-10 11:45:46"}
{"level":"info","message":"last process finished, will do another dispatch","timestamp":"2025-05-10 11:45:46"}
{"level":"info","message":"no execution in db queued to process","timestamp":"2025-05-10 11:45:46"}
{"level":"info","message":"no more events need to be prepared, dispatching...","timestamp":"2025-05-10 11:45:47"}
{"level":"info","message":"last process finished, will do another dispatch","timestamp":"2025-05-10 11:45:47"}
{"level":"info","message":"no execution in db queued to process","timestamp":"2025-05-10 11:45:47"}
{"level":"info","message":"no more events need to be prepared, dispatching...","timestamp":"2025-05-10 11:45:48"}
{"level":"info","message":"last process finished, will do another dispatch","timestamp":"2025-05-10 11:45:48"}
{"level":"info","message":"no execution in db queued to process","timestamp":"2025-05-10 11:45:48"}
{"level":"info","message":"no more events need to be prepared, dispatching...","timestamp":"2025-05-10 11:45:48"}
{"level":"info","message":"last process finished, will do another dispatch","timestamp":"2025-05-10 11:45:48"}
{"level":"info","message":"no execution in db queued to process","timestamp":"2025-05-10 11:45:48"}
{"level":"info","message":"no more events need to be prepared, dispatching...","timestamp":"2025-05-10 11:45:51"}
{"level":"info","message":"last process finished, will do another dispatch","timestamp":"2025-05-10 11:45:51"}
{"level":"info","message":"no execution in db queued to process","timestamp":"2025-05-10 11:45:51"}
{"level":"info","message":"no more events need to be prepared, dispatching...","timestamp":"2025-05-10 11:45:52"}
{"level":"info","message":"last process finished, will do another dispatch","timestamp":"2025-05-10 11:45:52"}
{"level":"info","message":"no execution in db queued to process","timestamp":"2025-05-10 11:45:52"}
{"level":"info","message":"no more events need to be prepared, dispatching...","timestamp":"2025-05-10 11:45:53"}
{"level":"info","message":"last process finished, will do another dispatch","timestamp":"2025-05-10 11:45:53"}
{"level":"info","message":"no execution in db queued to process","timestamp":"2025-05-10 11:45:53"}
{"level":"info","message":"no more events need to be prepared, dispatching...","timestamp":"2025-05-10 11:45:53"}
{"level":"info","message":"last process finished, will do another dispatch","timestamp":"2025-05-10 11:45:53"}
{"level":"info","message":"no execution in db queued to process","timestamp":"2025-05-10 11:45:53"}
{"level":"info","message":"no more events need to be prepared, dispatching...","timestamp":"2025-05-10 11:45:54"}
{"level":"info","message":"last process finished, will do another dispatch","timestamp":"2025-05-10 11:45:54"}
{"level":"info","message":"no execution in db queued to process","timestamp":"2025-05-10 11:45:54"}
{"level":"info","message":"no more events need to be prepared, dispatching...","timestamp":"2025-05-10 11:45:55"}
{"level":"info","message":"last process finished, will do another dispatch","timestamp":"2025-05-10 11:45:55"}
{"level":"info","message":"no execution in db queued to process","timestamp":"2025-05-10 11:45:55"}
{"level":"info","message":"no more events need to be prepared, dispatching...","timestamp":"2025-05-10 11:45:57"}
{"level":"info","message":"last process finished, will do another dispatch","timestamp":"2025-05-10 11:45:57"}
{"level":"info","message":"no execution in db queued to process","timestamp":"2025-05-10 11:45:57"}
{"level":"info","message":"no more events need to be prepared, dispatching...","timestamp":"2025-05-10 11:45:59"}
{"level":"info","message":"last process finished, will do another dispatch","timestamp":"2025-05-10 11:45:59"}
{"level":"info","message":"no execution in db queued to process","timestamp":"2025-05-10 11:45:59"}
{"level":"info","message":"no more events need to be prepared, dispatching...","timestamp":"2025-05-10 11:46:00"}
{"level":"info","message":"last process finished, will do another dispatch","timestamp":"2025-05-10 11:46:00"}
{"level":"info","message":"no execution in db queued to process","timestamp":"2025-05-10 11:46:00"}
{"level":"info","message":"no more events need to be prepared, dispatching...","timestamp":"2025-05-10 11:46:02"}
{"level":"info","message":"last process finished, will do another dispatch","timestamp":"2025-05-10 11:46:02"}
{"level":"info","message":"no execution in db queued to process","timestamp":"2025-05-10 11:46:02"}
{"level":"info","message":"no more events need to be prepared, dispatching...","timestamp":"2025-05-10 11:46:26"}
{"level":"info","message":"last process finished, will do another dispatch","timestamp":"2025-05-10 11:46:26"}
{"level":"info","message":"no execution in db queued to process","timestamp":"2025-05-10 11:46:26"}
{"level":"info","message":"no more events need to be prepared, dispatching...","timestamp":"2025-05-10 11:46:51"}
{"level":"info","message":"last process finished, will do another dispatch","timestamp":"2025-05-10 11:46:51"}
{"level":"info","message":"no execution in db queued to process","timestamp":"2025-05-10 11:46:51"}
{"level":"info","message":"(cycling) check for queueing executions","timestamp":"2025-05-10 11:48:13"}
{"level":"info","message":"no execution in db queued to process","timestamp":"2025-05-10 11:48:13"}
{"level":"info","message":"(cycling) check for queueing executions","timestamp":"2025-05-10 11:53:13"}
{"level":"info","message":"no execution in db queued to process","timestamp":"2025-05-10 11:53:13"}
{"level":"info","message":"no more events need to be prepared, dispatching...","timestamp":"2025-05-10 11:53:46"}
{"level":"info","message":"last process finished, will do another dispatch","timestamp":"2025-05-10 11:53:46"}
{"level":"info","message":"no execution in db queued to process","timestamp":"2025-05-10 11:53:46"}
{"level":"info","message":"no more events need to be prepared, dispatching...","timestamp":"2025-05-10 11:53:47"}
{"level":"info","message":"last process finished, will do another dispatch","timestamp":"2025-05-10 11:53:47"}
{"level":"info","message":"no execution in db queued to process","timestamp":"2025-05-10 11:53:47"}
{"level":"info","message":"no more events need to be prepared, dispatching...","timestamp":"2025-05-10 11:57:23"}
{"level":"info","message":"last process finished, will do another dispatch","timestamp":"2025-05-10 11:57:23"}
{"level":"info","message":"no execution in db queued to process","timestamp":"2025-05-10 11:57:23"}
{"level":"info","message":"no more events need to be prepared, dispatching...","timestamp":"2025-05-10 11:57:29"}
{"level":"info","message":"last process finished, will do another dispatch","timestamp":"2025-05-10 11:57:29"}
{"level":"info","message":"no execution in db queued to process","timestamp":"2025-05-10 11:57:29"}
{"level":"info","message":"(cycling) check for queueing executions","timestamp":"2025-05-10 11:58:13"}
{"level":"info","message":"no execution in db queued to process","timestamp":"2025-05-10 11:58:13"}
{"level":"info","message":"(cycling) check for queueing executions","timestamp":"2025-05-10 12:03:13"}
{"level":"info","message":"no execution in db queued to process","timestamp":"2025-05-10 12:03:13"}
{"level":"info","message":"(cycling) check for queueing executions","timestamp":"2025-05-10 12:08:13"}
{"level":"info","message":"no execution in db queued to process","timestamp":"2025-05-10 12:08:13"}
{"level":"info","message":"(cycling) check for queueing executions","timestamp":"2025-05-10 12:13:13"}
{"level":"info","message":"no execution in db queued to process","timestamp":"2025-05-10 12:13:13"}
{"level":"info","message":"(cycling) check for queueing executions","timestamp":"2025-05-10 12:18:13"}
{"level":"info","message":"no execution in db queued to process","timestamp":"2025-05-10 12:18:13"}
{"level":"info","message":"(cycling) check for queueing executions","timestamp":"2025-05-10 12:23:13"}
{"level":"info","message":"no execution in db queued to process","timestamp":"2025-05-10 12:23:13"}
{"level":"info","message":"(cycling) check for queueing executions","timestamp":"2025-05-10 12:28:13"}
{"level":"info","message":"no execution in db queued to process","timestamp":"2025-05-10 12:28:13"}
{"level":"info","message":"(cycling) check for queueing executions","timestamp":"2025-05-10 12:33:13"}
{"level":"info","message":"no execution in db queued to process","timestamp":"2025-05-10 12:33:13"}
{"level":"info","message":"(cycling) check for queueing executions","timestamp":"2025-05-10 12:38:13"}
{"level":"info","message":"no execution in db queued to process","timestamp":"2025-05-10 12:38:13"}
{"level":"info","message":"(cycling) check for queueing executions","timestamp":"2025-05-10 12:43:13"}
{"level":"info","message":"no execution in db queued to process","timestamp":"2025-05-10 12:43:13"}
{"level":"info","message":"(cycling) check for queueing executions","timestamp":"2025-05-10 12:48:13"}
{"level":"info","message":"no execution in db queued to process","timestamp":"2025-05-10 12:48:13"}
{"level":"info","message":"(cycling) check for queueing executions","timestamp":"2025-05-10 12:53:13"}
{"level":"info","message":"no execution in db queued to process","timestamp":"2025-05-10 12:53:13"}
{"level":"info","message":"(cycling) check for queueing executions","timestamp":"2025-05-10 12:58:13"}
{"level":"info","message":"no execution in db queued to process","timestamp":"2025-05-10 12:58:13"}
{"level":"info","message":"(cycling) check for queueing executions","timestamp":"2025-05-10 13:03:13"}
{"level":"info","message":"no execution in db queued to process","timestamp":"2025-05-10 13:03:13"}
{"level":"info","message":"(cycling) check for queueing executions","timestamp":"2025-05-10 13:08:13"}
{"level":"info","message":"no execution in db queued to process","timestamp":"2025-05-10 13:08:13"}
{"level":"info","message":"(cycling) check for queueing executions","timestamp":"2025-05-10 13:13:13"}
{"level":"info","message":"no execution in db queued to process","timestamp":"2025-05-10 13:13:13"}
{"level":"info","message":"(cycling) check for queueing executions","timestamp":"2025-05-10 13:18:13"}
{"level":"info","message":"no execution in db queued to process","timestamp":"2025-05-10 13:18:13"}
{"level":"info","message":"(cycling) check for queueing executions","timestamp":"2025-05-10 13:23:13"}
{"level":"info","message":"no execution in db queued to process","timestamp":"2025-05-10 13:23:13"}
{"level":"info","message":"(cycling) check for queueing executions","timestamp":"2025-05-10 13:28:13"}
{"level":"info","message":"no execution in db queued to process","timestamp":"2025-05-10 13:28:13"}
{"level":"info","message":"(cycling) check for queueing executions","timestamp":"2025-05-10 13:33:13"}
{"level":"info","message":"no execution in db queued to process","timestamp":"2025-05-10 13:33:13"}
{"level":"info","message":"(cycling) check for queueing executions","timestamp":"2025-05-10 13:38:13"}
{"level":"info","message":"no execution in db queued to process","timestamp":"2025-05-10 13:38:13"}
{"level":"info","message":"(cycling) check for queueing executions","timestamp":"2025-05-10 13:43:13"}
{"level":"info","message":"no execution in db queued to process","timestamp":"2025-05-10 13:43:13"}
{"level":"info","message":"(cycling) check for queueing executions","timestamp":"2025-05-10 13:48:13"}
{"level":"info","message":"no execution in db queued to process","timestamp":"2025-05-10 13:48:13"}
{"level":"info","message":"(cycling) check for queueing executions","timestamp":"2025-05-10 13:53:13"}
{"level":"info","message":"no execution in db queued to process","timestamp":"2025-05-10 13:53:13"}
{"level":"info","message":"(cycling) check for queueing executions","timestamp":"2025-05-10 13:58:13"}
{"level":"info","message":"no execution in db queued to process","timestamp":"2025-05-10 13:58:13"}
{"level":"info","message":"(cycling) check for queueing executions","timestamp":"2025-05-10 14:03:13"}
{"level":"info","message":"no execution in db queued to process","timestamp":"2025-05-10 14:03:13"}
{"level":"info","message":"(cycling) check for queueing executions","timestamp":"2025-05-10 14:08:13"}
{"level":"info","message":"no execution in db queued to process","timestamp":"2025-05-10 14:08:13"}
{"level":"info","message":"(cycling) check for queueing executions","timestamp":"2025-05-10 14:13:13"}
{"level":"info","message":"no execution in db queued to process","timestamp":"2025-05-10 14:13:13"}
{"level":"info","message":"(cycling) check for queueing executions","timestamp":"2025-05-10 14:18:13"}
{"level":"info","message":"no execution in db queued to process","timestamp":"2025-05-10 14:18:13"}
{"level":"info","message":"(cycling) check for queueing executions","timestamp":"2025-05-10 14:23:13"}
{"level":"info","message":"no execution in db queued to process","timestamp":"2025-05-10 14:23:13"}
{"level":"info","message":"(cycling) check for queueing executions","timestamp":"2025-05-10 14:28:13"}
{"level":"info","message":"no execution in db queued to process","timestamp":"2025-05-10 14:28:13"}
{"level":"info","message":"(cycling) check for queueing executions","timestamp":"2025-05-10 14:33:13"}
{"level":"info","message":"no execution in db queued to process","timestamp":"2025-05-10 14:33:13"}
{"level":"info","message":"(cycling) check for queueing executions","timestamp":"2025-05-10 14:38:13"}
{"level":"info","message":"no execution in db queued to process","timestamp":"2025-05-10 14:38:13"}
{"level":"info","message":"(cycling) check for queueing executions","timestamp":"2025-05-10 14:43:13"}
{"level":"info","message":"no execution in db queued to process","timestamp":"2025-05-10 14:43:13"}
{"level":"info","message":"(cycling) check for queueing executions","timestamp":"2025-05-10 14:48:13"}
{"level":"info","message":"no execution in db queued to process","timestamp":"2025-05-10 14:48:13"}
{"level":"info","message":"(cycling) check for queueing executions","timestamp":"2025-05-10 14:53:13"}
{"level":"info","message":"no execution in db queued to process","timestamp":"2025-05-10 14:53:13"}
{"level":"info","message":"(cycling) check for queueing executions","timestamp":"2025-05-10 14:58:13"}
{"level":"info","message":"no execution in db queued to process","timestamp":"2025-05-10 14:58:13"}
{"level":"info","message":"(cycling) check for queueing executions","timestamp":"2025-05-10 15:03:13"}
{"level":"info","message":"no execution in db queued to process","timestamp":"2025-05-10 15:03:13"}
{"level":"info","message":"(cycling) check for queueing executions","timestamp":"2025-05-10 15:08:13"}
{"level":"info","message":"no execution in db queued to process","timestamp":"2025-05-10 15:08:13"}
{"level":"info","message":"(cycling) check for queueing executions","timestamp":"2025-05-10 15:13:13"}
{"level":"info","message":"no execution in db queued to process","timestamp":"2025-05-10 15:13:13"}
{"level":"info","message":"(cycling) check for queueing executions","timestamp":"2025-05-10 15:18:13"}
{"level":"info","message":"no execution in db queued to process","timestamp":"2025-05-10 15:18:13"}
{"level":"info","message":"(cycling) check for queueing executions","timestamp":"2025-05-10 15:23:13"}
{"level":"info","message":"no execution in db queued to process","timestamp":"2025-05-10 15:23:13"}
{"level":"info","message":"(cycling) check for queueing executions","timestamp":"2025-05-10 15:28:13"}
{"level":"info","message":"no execution in db queued to process","timestamp":"2025-05-10 15:28:13"}
{"level":"info","message":"(cycling) check for queueing executions","timestamp":"2025-05-10 15:33:13"}
{"level":"info","message":"no execution in db queued to process","timestamp":"2025-05-10 15:33:13"}
{"level":"info","message":"(cycling) check for queueing executions","timestamp":"2025-05-10 15:38:13"}
{"level":"info","message":"no execution in db queued to process","timestamp":"2025-05-10 15:38:13"}
{"level":"info","message":"(cycling) check for queueing executions","timestamp":"2025-05-10 15:43:12"}
{"level":"info","message":"no execution in db queued to process","timestamp":"2025-05-10 15:43:13"}
{"level":"info","message":"(cycling) check for queueing executions","timestamp":"2025-05-10 15:48:12"}
{"level":"info","message":"no execution in db queued to process","timestamp":"2025-05-10 15:48:13"}
{"level":"info","message":"(cycling) check for queueing executions","timestamp":"2025-05-10 15:53:12"}
{"level":"info","message":"no execution in db queued to process","timestamp":"2025-05-10 15:53:13"}
{"level":"info","message":"(cycling) check for queueing executions","timestamp":"2025-05-10 15:58:12"}
{"level":"info","message":"no execution in db queued to process","timestamp":"2025-05-10 15:58:13"}
{"level":"info","message":"(cycling) check for queueing executions","timestamp":"2025-05-10 16:03:12"}
{"level":"info","message":"no execution in db queued to process","timestamp":"2025-05-10 16:03:13"}
{"level":"info","message":"(cycling) check for queueing executions","timestamp":"2025-05-10 16:08:12"}
{"level":"info","message":"no execution in db queued to process","timestamp":"2025-05-10 16:08:12"}
{"level":"info","message":"(cycling) check for queueing executions","timestamp":"2025-05-10 16:13:12"}
{"level":"info","message":"no execution in db queued to process","timestamp":"2025-05-10 16:13:12"}
{"level":"info","message":"(cycling) check for queueing executions","timestamp":"2025-05-10 16:18:12"}
{"level":"info","message":"no execution in db queued to process","timestamp":"2025-05-10 16:18:12"}
{"level":"info","message":"(cycling) check for queueing executions","timestamp":"2025-05-10 16:23:12"}
{"level":"info","message":"no execution in db queued to process","timestamp":"2025-05-10 16:23:12"}
{"level":"info","message":"(cycling) check for queueing executions","timestamp":"2025-05-10 16:28:12"}
{"level":"info","message":"no execution in db queued to process","timestamp":"2025-05-10 16:28:12"}
{"level":"info","message":"(cycling) check for queueing executions","timestamp":"2025-05-10 16:33:12"}
{"level":"info","message":"no execution in db queued to process","timestamp":"2025-05-10 16:33:12"}
{"level":"info","message":"(cycling) check for queueing executions","timestamp":"2025-05-10 16:38:12"}
{"level":"info","message":"no execution in db queued to process","timestamp":"2025-05-10 16:38:12"}
{"level":"info","message":"(cycling) check for queueing executions","timestamp":"2025-05-10 16:43:12"}
{"level":"info","message":"no execution in db queued to process","timestamp":"2025-05-10 16:43:12"}
