{"level":"info","message":"(cycling) check for queueing executions","timestamp":"2025-05-07 02:49:12"}
{"level":"info","message":"no execution in db queued to process","timestamp":"2025-05-07 02:49:12"}
{"level":"info","message":"(cycling) check for queueing executions","timestamp":"2025-05-07 02:54:12"}
{"level":"info","message":"no execution in db queued to process","timestamp":"2025-05-07 02:54:12"}
{"level":"info","message":"(cycling) check for queueing executions","timestamp":"2025-05-07 02:59:12"}
{"level":"info","message":"no execution in db queued to process","timestamp":"2025-05-07 02:59:12"}
{"level":"info","message":"(cycling) check for queueing executions","timestamp":"2025-05-07 03:04:12"}
{"level":"info","message":"no execution in db queued to process","timestamp":"2025-05-07 03:04:12"}
{"level":"info","message":"(cycling) check for queueing executions","timestamp":"2025-05-07 03:09:12"}
{"level":"info","message":"no execution in db queued to process","timestamp":"2025-05-07 03:09:12"}
{"level":"info","message":"(cycling) check for queueing executions","timestamp":"2025-05-07 03:14:12"}
{"level":"info","message":"no execution in db queued to process","timestamp":"2025-05-07 03:14:12"}
{"level":"info","message":"(cycling) check for queueing executions","timestamp":"2025-05-07 03:19:12"}
{"level":"info","message":"no execution in db queued to process","timestamp":"2025-05-07 03:19:12"}
{"level":"info","message":"(cycling) check for queueing executions","timestamp":"2025-05-07 03:24:12"}
{"level":"info","message":"no execution in db queued to process","timestamp":"2025-05-07 03:24:12"}
{"level":"info","message":"(cycling) check for queueing executions","timestamp":"2025-05-07 03:29:12"}
{"level":"info","message":"no execution in db queued to process","timestamp":"2025-05-07 03:29:12"}
{"level":"info","message":"(cycling) check for queueing executions","timestamp":"2025-05-07 03:34:12"}
{"level":"info","message":"no execution in db queued to process","timestamp":"2025-05-07 03:34:12"}
{"level":"info","message":"(cycling) check for queueing executions","timestamp":"2025-05-07 04:31:15"}
{"level":"info","message":"no execution in db queued to process","timestamp":"2025-05-07 04:31:15"}
{"level":"info","message":"(cycling) check for queueing executions","timestamp":"2025-05-07 04:36:15"}
{"level":"info","message":"no execution in db queued to process","timestamp":"2025-05-07 04:36:15"}
{"level":"info","message":"(cycling) check for queueing executions","timestamp":"2025-05-07 04:41:15"}
{"level":"info","message":"no execution in db queued to process","timestamp":"2025-05-07 04:41:15"}
{"level":"info","message":"(cycling) check for queueing executions","timestamp":"2025-05-07 04:46:15"}
{"level":"info","message":"no execution in db queued to process","timestamp":"2025-05-07 04:46:16"}
{"level":"info","message":"(cycling) check for queueing executions","timestamp":"2025-05-07 04:51:15"}
{"level":"info","message":"no execution in db queued to process","timestamp":"2025-05-07 04:51:15"}
{"level":"info","message":"(cycling) check for queueing executions","timestamp":"2025-05-07 04:56:15"}
{"level":"info","message":"no execution in db queued to process","timestamp":"2025-05-07 04:56:15"}
{"level":"info","message":"(cycling) check for queueing executions","timestamp":"2025-05-07 05:01:15"}
{"level":"info","message":"no execution in db queued to process","timestamp":"2025-05-07 05:01:15"}
{"level":"info","message":"(cycling) check for queueing executions","timestamp":"2025-05-07 05:06:15"}
{"level":"info","message":"no execution in db queued to process","timestamp":"2025-05-07 05:06:15"}
{"level":"info","message":"(cycling) check for queueing executions","timestamp":"2025-05-07 05:11:15"}
{"level":"info","message":"no execution in db queued to process","timestamp":"2025-05-07 05:11:15"}
{"level":"info","message":"(cycling) check for queueing executions","timestamp":"2025-05-07 05:16:15"}
{"level":"info","message":"no execution in db queued to process","timestamp":"2025-05-07 05:16:15"}
{"level":"info","message":"(cycling) check for queueing executions","timestamp":"2025-05-07 05:21:15"}
{"level":"info","message":"no execution in db queued to process","timestamp":"2025-05-07 05:21:15"}
{"level":"info","message":"(cycling) check for queueing executions","timestamp":"2025-05-07 05:26:15"}
{"level":"info","message":"no execution in db queued to process","timestamp":"2025-05-07 05:26:15"}
{"level":"info","message":"(cycling) check for queueing executions","timestamp":"2025-05-07 05:31:15"}
{"level":"info","message":"no execution in db queued to process","timestamp":"2025-05-07 05:31:15"}
{"level":"info","message":"(cycling) check for queueing executions","timestamp":"2025-05-07 05:36:15"}
{"level":"info","message":"no execution in db queued to process","timestamp":"2025-05-07 05:36:15"}
{"level":"info","message":"(cycling) check for queueing executions","timestamp":"2025-05-07 05:41:15"}
{"level":"info","message":"no execution in db queued to process","timestamp":"2025-05-07 05:41:16"}
{"level":"info","message":"(cycling) check for queueing executions","timestamp":"2025-05-07 05:46:15"}
{"level":"info","message":"no execution in db queued to process","timestamp":"2025-05-07 05:46:15"}
{"level":"info","message":"(cycling) check for queueing executions","timestamp":"2025-05-07 05:51:15"}
{"level":"info","message":"no execution in db queued to process","timestamp":"2025-05-07 05:51:15"}
{"level":"info","message":"(cycling) check for queueing executions","timestamp":"2025-05-07 05:56:15"}
{"level":"info","message":"no execution in db queued to process","timestamp":"2025-05-07 05:56:15"}
{"level":"info","message":"(cycling) check for queueing executions","timestamp":"2025-05-07 06:01:15"}
{"level":"info","message":"no execution in db queued to process","timestamp":"2025-05-07 06:01:15"}
{"level":"info","message":"(cycling) check for queueing executions","timestamp":"2025-05-07 06:06:15"}
{"level":"info","message":"no execution in db queued to process","timestamp":"2025-05-07 06:06:15"}
{"level":"info","message":"(cycling) check for queueing executions","timestamp":"2025-05-07 06:11:15"}
{"level":"info","message":"no execution in db queued to process","timestamp":"2025-05-07 06:11:15"}
{"level":"info","message":"(cycling) check for queueing executions","timestamp":"2025-05-07 06:16:15"}
{"level":"info","message":"no execution in db queued to process","timestamp":"2025-05-07 06:16:15"}
{"level":"info","message":"(cycling) check for queueing executions","timestamp":"2025-05-07 06:21:15"}
{"level":"info","message":"no execution in db queued to process","timestamp":"2025-05-07 06:21:15"}
{"level":"info","message":"(cycling) check for queueing executions","timestamp":"2025-05-07 06:26:15"}
{"level":"info","message":"no execution in db queued to process","timestamp":"2025-05-07 06:26:15"}
{"level":"info","message":"(cycling) check for queueing executions","timestamp":"2025-05-07 06:31:15"}
{"level":"info","message":"no execution in db queued to process","timestamp":"2025-05-07 06:31:15"}
{"level":"info","message":"(cycling) check for queueing executions","timestamp":"2025-05-07 06:36:15"}
{"level":"info","message":"no execution in db queued to process","timestamp":"2025-05-07 06:36:15"}
{"level":"info","message":"(cycling) check for queueing executions","timestamp":"2025-05-07 06:41:15"}
{"level":"info","message":"no execution in db queued to process","timestamp":"2025-05-07 06:41:15"}
{"level":"info","message":"(cycling) check for queueing executions","timestamp":"2025-05-07 06:46:15"}
{"level":"info","message":"no execution in db queued to process","timestamp":"2025-05-07 06:46:15"}
{"level":"info","message":"(cycling) check for queueing executions","timestamp":"2025-05-07 06:51:15"}
{"level":"info","message":"no execution in db queued to process","timestamp":"2025-05-07 06:51:15"}
{"level":"info","message":"(cycling) check for queueing executions","timestamp":"2025-05-07 06:56:15"}
{"level":"info","message":"no execution in db queued to process","timestamp":"2025-05-07 06:56:15"}
{"level":"info","message":"(cycling) check for queueing executions","timestamp":"2025-05-07 07:01:15"}
{"level":"info","message":"no execution in db queued to process","timestamp":"2025-05-07 07:01:15"}
{"level":"info","message":"(cycling) check for queueing executions","timestamp":"2025-05-07 07:06:15"}
{"level":"info","message":"no execution in db queued to process","timestamp":"2025-05-07 07:06:15"}
{"level":"info","message":"(cycling) check for queueing executions","timestamp":"2025-05-07 07:11:15"}
{"level":"info","message":"no execution in db queued to process","timestamp":"2025-05-07 07:11:15"}
{"level":"info","message":"(cycling) check for queueing executions","timestamp":"2025-05-07 07:16:15"}
{"level":"info","message":"no execution in db queued to process","timestamp":"2025-05-07 07:16:15"}
{"level":"info","message":"(cycling) check for queueing executions","timestamp":"2025-05-07 07:21:15"}
{"level":"info","message":"no execution in db queued to process","timestamp":"2025-05-07 07:21:15"}
{"level":"info","message":"(cycling) check for queueing executions","timestamp":"2025-05-07 07:26:15"}
{"level":"info","message":"no execution in db queued to process","timestamp":"2025-05-07 07:26:15"}
{"level":"info","message":"no more events need to be prepared, dispatching...","timestamp":"2025-05-07 07:29:07"}
{"level":"info","message":"no more events need to be prepared, dispatching...","timestamp":"2025-05-07 07:29:07"}
{"level":"info","message":"last process finished, will do another dispatch","timestamp":"2025-05-07 07:29:08"}
{"level":"warn","message":"workflow executing is not finished, new dispatching will be ignored","timestamp":"2025-05-07 07:29:08"}
{"level":"info","message":"last process finished, will do another dispatch","timestamp":"2025-05-07 07:29:08"}
{"level":"info","message":"no execution in db queued to process","timestamp":"2025-05-07 07:29:08"}
{"level":"info","message":"no more events need to be prepared, dispatching...","timestamp":"2025-05-07 07:29:10"}
{"level":"info","message":"last process finished, will do another dispatch","timestamp":"2025-05-07 07:29:10"}
{"level":"info","message":"no execution in db queued to process","timestamp":"2025-05-07 07:29:10"}
{"level":"info","message":"(cycling) check for queueing executions","timestamp":"2025-05-07 07:31:15"}
{"level":"info","message":"no more events need to be prepared, dispatching...","timestamp":"2025-05-07 07:31:15"}
{"level":"info","message":"no execution in db queued to process","timestamp":"2025-05-07 07:31:15"}
{"level":"info","message":"last process finished, will do another dispatch","timestamp":"2025-05-07 07:31:16"}
{"level":"info","message":"no execution in db queued to process","timestamp":"2025-05-07 07:31:16"}
{"level":"info","message":"no more events need to be prepared, dispatching...","timestamp":"2025-05-07 07:31:33"}
{"level":"info","message":"last process finished, will do another dispatch","timestamp":"2025-05-07 07:31:33"}
{"level":"info","message":"no execution in db queued to process","timestamp":"2025-05-07 07:31:33"}
{"level":"info","message":"(cycling) check for queueing executions","timestamp":"2025-05-07 07:36:15"}
{"level":"info","message":"no execution in db queued to process","timestamp":"2025-05-07 07:36:15"}
{"level":"info","message":"(cycling) check for queueing executions","timestamp":"2025-05-07 07:41:15"}
{"level":"info","message":"no execution in db queued to process","timestamp":"2025-05-07 07:41:15"}
{"level":"info","message":"(cycling) check for queueing executions","timestamp":"2025-05-07 07:46:15"}
{"level":"info","message":"no execution in db queued to process","timestamp":"2025-05-07 07:46:15"}
{"level":"info","message":"(cycling) check for queueing executions","timestamp":"2025-05-07 07:51:15"}
{"level":"info","message":"no execution in db queued to process","timestamp":"2025-05-07 07:51:15"}
{"level":"info","message":"(cycling) check for queueing executions","timestamp":"2025-05-07 07:56:15"}
{"level":"info","message":"no execution in db queued to process","timestamp":"2025-05-07 07:56:15"}
{"level":"info","message":"(cycling) check for queueing executions","timestamp":"2025-05-07 08:01:15"}
{"level":"info","message":"no execution in db queued to process","timestamp":"2025-05-07 08:01:15"}
{"level":"info","message":"(cycling) check for queueing executions","timestamp":"2025-05-07 08:06:15"}
{"level":"info","message":"no execution in db queued to process","timestamp":"2025-05-07 08:06:15"}
{"level":"info","message":"(cycling) check for queueing executions","timestamp":"2025-05-07 08:11:15"}
{"level":"info","message":"no execution in db queued to process","timestamp":"2025-05-07 08:11:15"}
{"level":"info","message":"(cycling) check for queueing executions","timestamp":"2025-05-07 08:16:15"}
{"level":"info","message":"no execution in db queued to process","timestamp":"2025-05-07 08:16:15"}
{"level":"info","message":"(cycling) check for queueing executions","timestamp":"2025-05-07 08:21:15"}
{"level":"info","message":"no execution in db queued to process","timestamp":"2025-05-07 08:21:15"}
{"level":"info","message":"(cycling) check for queueing executions","timestamp":"2025-05-07 08:26:15"}
{"level":"info","message":"no execution in db queued to process","timestamp":"2025-05-07 08:26:15"}
{"level":"info","message":"(cycling) check for queueing executions","timestamp":"2025-05-07 08:31:15"}
{"level":"info","message":"no execution in db queued to process","timestamp":"2025-05-07 08:31:15"}
{"level":"info","message":"(cycling) check for queueing executions","timestamp":"2025-05-07 08:36:15"}
{"level":"info","message":"no execution in db queued to process","timestamp":"2025-05-07 08:36:15"}
{"level":"info","message":"(cycling) check for queueing executions","timestamp":"2025-05-07 08:41:15"}
{"level":"info","message":"no execution in db queued to process","timestamp":"2025-05-07 08:41:15"}
{"level":"info","message":"(cycling) check for queueing executions","timestamp":"2025-05-07 08:46:15"}
{"level":"info","message":"no execution in db queued to process","timestamp":"2025-05-07 08:46:15"}
{"level":"info","message":"(cycling) check for queueing executions","timestamp":"2025-05-07 08:51:15"}
{"level":"info","message":"no execution in db queued to process","timestamp":"2025-05-07 08:51:15"}
{"level":"info","message":"(cycling) check for queueing executions","timestamp":"2025-05-07 08:56:15"}
{"level":"info","message":"no execution in db queued to process","timestamp":"2025-05-07 08:56:15"}
{"level":"info","message":"(cycling) check for queueing executions","timestamp":"2025-05-07 09:01:15"}
{"level":"info","message":"no execution in db queued to process","timestamp":"2025-05-07 09:01:15"}
{"level":"info","message":"(cycling) check for queueing executions","timestamp":"2025-05-07 09:06:15"}
{"level":"info","message":"no execution in db queued to process","timestamp":"2025-05-07 09:06:15"}
{"level":"info","message":"(cycling) check for queueing executions","timestamp":"2025-05-07 09:11:15"}
{"level":"info","message":"no execution in db queued to process","timestamp":"2025-05-07 09:11:15"}
{"level":"info","message":"(cycling) check for queueing executions","timestamp":"2025-05-07 09:16:15"}
{"level":"info","message":"no execution in db queued to process","timestamp":"2025-05-07 09:16:15"}
{"level":"info","message":"(cycling) check for queueing executions","timestamp":"2025-05-07 09:21:15"}
{"level":"info","message":"no execution in db queued to process","timestamp":"2025-05-07 09:21:15"}
{"level":"info","message":"(cycling) check for queueing executions","timestamp":"2025-05-07 09:26:15"}
{"level":"info","message":"no execution in db queued to process","timestamp":"2025-05-07 09:26:15"}
