{"level":"info","message":"(starting) check for queueing executions","timestamp":"2025-05-09 06:21:43"}
{"level":"info","message":"no execution in db queued to process","timestamp":"2025-05-09 06:21:44"}
{"level":"info","message":"no more events need to be prepared, dispatching...","timestamp":"2025-05-09 06:22:09"}
{"level":"info","message":"no more events need to be prepared, dispatching...","timestamp":"2025-05-09 06:22:10"}
{"level":"info","message":"last process finished, will do another dispatch","timestamp":"2025-05-09 06:22:10"}
{"level":"warn","message":"workflow executing is not finished, new dispatching will be ignored","timestamp":"2025-05-09 06:22:10"}
{"level":"info","message":"last process finished, will do another dispatch","timestamp":"2025-05-09 06:22:10"}
{"level":"info","message":"no execution in db queued to process","timestamp":"2025-05-09 06:22:10"}
{"level":"info","message":"no more events need to be prepared, dispatching...","timestamp":"2025-05-09 06:22:10"}
{"level":"info","message":"last process finished, will do another dispatch","timestamp":"2025-05-09 06:22:10"}
{"level":"info","message":"no execution in db queued to process","timestamp":"2025-05-09 06:22:10"}
{"level":"info","message":"no more events need to be prepared, dispatching...","timestamp":"2025-05-09 06:24:11"}
{"level":"info","message":"last process finished, will do another dispatch","timestamp":"2025-05-09 06:24:12"}
{"level":"info","message":"no execution in db queued to process","timestamp":"2025-05-09 06:24:12"}
{"level":"info","message":"no more events need to be prepared, dispatching...","timestamp":"2025-05-09 06:24:19"}
{"level":"info","message":"last process finished, will do another dispatch","timestamp":"2025-05-09 06:24:20"}
{"level":"info","message":"no execution in db queued to process","timestamp":"2025-05-09 06:24:20"}
{"level":"info","message":"no more events need to be prepared, dispatching...","timestamp":"2025-05-09 06:24:20"}
{"level":"info","message":"last process finished, will do another dispatch","timestamp":"2025-05-09 06:24:21"}
{"level":"info","message":"no execution in db queued to process","timestamp":"2025-05-09 06:24:21"}
{"level":"info","message":"no more events need to be prepared, dispatching...","timestamp":"2025-05-09 06:24:21"}
{"level":"info","message":"last process finished, will do another dispatch","timestamp":"2025-05-09 06:24:21"}
{"level":"info","message":"no execution in db queued to process","timestamp":"2025-05-09 06:24:21"}
{"level":"info","message":"no more events need to be prepared, dispatching...","timestamp":"2025-05-09 06:24:58"}
{"level":"info","message":"last process finished, will do another dispatch","timestamp":"2025-05-09 06:24:58"}
{"level":"info","message":"no execution in db queued to process","timestamp":"2025-05-09 06:24:58"}
{"level":"info","message":"no more events need to be prepared, dispatching...","timestamp":"2025-05-09 06:25:39"}
{"level":"info","message":"last process finished, will do another dispatch","timestamp":"2025-05-09 06:25:40"}
{"level":"info","message":"no execution in db queued to process","timestamp":"2025-05-09 06:25:40"}
{"level":"info","message":"no more events need to be prepared, dispatching...","timestamp":"2025-05-09 06:25:48"}
{"level":"info","message":"last process finished, will do another dispatch","timestamp":"2025-05-09 06:25:48"}
{"level":"info","message":"no execution in db queued to process","timestamp":"2025-05-09 06:25:48"}
{"level":"info","message":"(cycling) check for queueing executions","timestamp":"2025-05-09 06:26:43"}
{"level":"info","message":"no execution in db queued to process","timestamp":"2025-05-09 06:26:43"}
{"level":"info","message":"(starting) check for queueing executions","timestamp":"2025-05-09 07:52:19"}
{"level":"info","message":"no execution in db queued to process","timestamp":"2025-05-09 07:52:19"}
{"level":"info","message":"(cycling) check for queueing executions","timestamp":"2025-05-09 07:57:19"}
{"level":"info","message":"no execution in db queued to process","timestamp":"2025-05-09 07:57:19"}
{"level":"info","message":"(cycling) check for queueing executions","timestamp":"2025-05-09 08:02:19"}
{"level":"info","message":"no execution in db queued to process","timestamp":"2025-05-09 08:02:19"}
{"level":"info","message":"(cycling) check for queueing executions","timestamp":"2025-05-09 08:07:19"}
{"level":"info","message":"no execution in db queued to process","timestamp":"2025-05-09 08:07:19"}
{"level":"info","message":"(cycling) check for queueing executions","timestamp":"2025-05-09 08:12:19"}
{"level":"info","message":"no execution in db queued to process","timestamp":"2025-05-09 08:12:19"}
{"level":"info","message":"(cycling) check for queueing executions","timestamp":"2025-05-09 08:17:19"}
{"level":"info","message":"no execution in db queued to process","timestamp":"2025-05-09 08:17:19"}
{"level":"info","message":"(cycling) check for queueing executions","timestamp":"2025-05-09 08:22:19"}
{"level":"info","message":"no execution in db queued to process","timestamp":"2025-05-09 08:22:19"}
{"level":"info","message":"(cycling) check for queueing executions","timestamp":"2025-05-09 08:27:19"}
{"level":"info","message":"no execution in db queued to process","timestamp":"2025-05-09 08:27:19"}
{"level":"info","message":"(cycling) check for queueing executions","timestamp":"2025-05-09 08:32:19"}
{"level":"info","message":"no execution in db queued to process","timestamp":"2025-05-09 08:32:19"}
{"level":"info","message":"(cycling) check for queueing executions","timestamp":"2025-05-09 08:37:19"}
{"level":"info","message":"no execution in db queued to process","timestamp":"2025-05-09 08:37:19"}
{"level":"info","message":"(cycling) check for queueing executions","timestamp":"2025-05-09 08:42:19"}
{"level":"info","message":"no execution in db queued to process","timestamp":"2025-05-09 08:42:19"}
{"level":"info","message":"(cycling) check for queueing executions","timestamp":"2025-05-09 08:47:19"}
{"level":"info","message":"no execution in db queued to process","timestamp":"2025-05-09 08:47:19"}
{"level":"info","message":"(cycling) check for queueing executions","timestamp":"2025-05-09 08:52:19"}
{"level":"info","message":"no execution in db queued to process","timestamp":"2025-05-09 08:52:19"}
{"level":"info","message":"(cycling) check for queueing executions","timestamp":"2025-05-09 08:57:19"}
{"level":"info","message":"no execution in db queued to process","timestamp":"2025-05-09 08:57:19"}
{"level":"info","message":"(cycling) check for queueing executions","timestamp":"2025-05-09 09:02:19"}
{"level":"info","message":"no execution in db queued to process","timestamp":"2025-05-09 09:02:19"}
{"level":"info","message":"(cycling) check for queueing executions","timestamp":"2025-05-09 09:07:19"}
{"level":"info","message":"no execution in db queued to process","timestamp":"2025-05-09 09:07:19"}
{"level":"info","message":"(starting) check for queueing executions","timestamp":"2025-05-09 11:58:09"}
{"level":"info","message":"no execution in db queued to process","timestamp":"2025-05-09 11:58:09"}
{"level":"info","message":"no more events need to be prepared, dispatching...","timestamp":"2025-05-09 12:00:02"}
{"level":"info","message":"last process finished, will do another dispatch","timestamp":"2025-05-09 12:00:02"}
{"level":"info","message":"no execution in db queued to process","timestamp":"2025-05-09 12:00:02"}
{"level":"info","message":"no more events need to be prepared, dispatching...","timestamp":"2025-05-09 12:00:22"}
{"level":"info","message":"no more events need to be prepared, dispatching...","timestamp":"2025-05-09 12:00:22"}
{"level":"info","message":"last process finished, will do another dispatch","timestamp":"2025-05-09 12:00:22"}
{"level":"warn","message":"workflow executing is not finished, new dispatching will be ignored","timestamp":"2025-05-09 12:00:22"}
{"level":"info","message":"last process finished, will do another dispatch","timestamp":"2025-05-09 12:00:22"}
{"level":"info","message":"no execution in db queued to process","timestamp":"2025-05-09 12:00:22"}
{"level":"info","message":"no more events need to be prepared, dispatching...","timestamp":"2025-05-09 12:00:24"}
{"level":"info","message":"last process finished, will do another dispatch","timestamp":"2025-05-09 12:00:24"}
{"level":"info","message":"no execution in db queued to process","timestamp":"2025-05-09 12:00:24"}
{"level":"info","message":"(cycling) check for queueing executions","timestamp":"2025-05-09 12:03:08"}
{"level":"info","message":"no execution in db queued to process","timestamp":"2025-05-09 12:03:09"}
{"level":"info","message":"(cycling) check for queueing executions","timestamp":"2025-05-09 12:08:08"}
{"level":"info","message":"no execution in db queued to process","timestamp":"2025-05-09 12:08:09"}
{"level":"info","message":"(cycling) check for queueing executions","timestamp":"2025-05-09 12:13:08"}
{"level":"info","message":"no execution in db queued to process","timestamp":"2025-05-09 12:13:08"}
{"level":"info","message":"(cycling) check for queueing executions","timestamp":"2025-05-09 12:18:08"}
{"level":"info","message":"no execution in db queued to process","timestamp":"2025-05-09 12:18:09"}
{"level":"info","message":"(cycling) check for queueing executions","timestamp":"2025-05-09 12:23:08"}
{"level":"info","message":"no execution in db queued to process","timestamp":"2025-05-09 12:23:08"}
{"level":"info","message":"(cycling) check for queueing executions","timestamp":"2025-05-09 12:28:08"}
{"level":"info","message":"no execution in db queued to process","timestamp":"2025-05-09 12:28:09"}
{"level":"info","message":"(cycling) check for queueing executions","timestamp":"2025-05-09 12:33:08"}
{"level":"info","message":"no execution in db queued to process","timestamp":"2025-05-09 12:33:08"}
{"level":"info","message":"(cycling) check for queueing executions","timestamp":"2025-05-09 12:38:08"}
{"level":"info","message":"no execution in db queued to process","timestamp":"2025-05-09 12:38:08"}
{"level":"info","message":"(cycling) check for queueing executions","timestamp":"2025-05-09 12:43:08"}
{"level":"info","message":"no execution in db queued to process","timestamp":"2025-05-09 12:43:08"}
{"level":"info","message":"(cycling) check for queueing executions","timestamp":"2025-05-09 12:48:08"}
{"level":"info","message":"no execution in db queued to process","timestamp":"2025-05-09 12:48:08"}
{"level":"info","message":"(cycling) check for queueing executions","timestamp":"2025-05-09 12:53:08"}
{"level":"info","message":"no execution in db queued to process","timestamp":"2025-05-09 12:53:08"}
{"level":"info","message":"(cycling) check for queueing executions","timestamp":"2025-05-09 12:58:08"}
{"level":"info","message":"no execution in db queued to process","timestamp":"2025-05-09 12:58:08"}
{"level":"info","message":"(cycling) check for queueing executions","timestamp":"2025-05-09 13:03:08"}
{"level":"info","message":"no execution in db queued to process","timestamp":"2025-05-09 13:03:08"}
{"level":"info","message":"(cycling) check for queueing executions","timestamp":"2025-05-09 13:08:08"}
{"level":"info","message":"no execution in db queued to process","timestamp":"2025-05-09 13:08:08"}
{"level":"info","message":"(cycling) check for queueing executions","timestamp":"2025-05-09 13:13:08"}
{"level":"info","message":"no execution in db queued to process","timestamp":"2025-05-09 13:13:08"}
{"level":"info","message":"(cycling) check for queueing executions","timestamp":"2025-05-09 13:18:08"}
{"level":"info","message":"no execution in db queued to process","timestamp":"2025-05-09 13:18:08"}
{"level":"info","message":"(cycling) check for queueing executions","timestamp":"2025-05-09 13:23:08"}
{"level":"info","message":"no execution in db queued to process","timestamp":"2025-05-09 13:23:08"}
{"level":"info","message":"(cycling) check for queueing executions","timestamp":"2025-05-09 13:28:08"}
{"level":"info","message":"no execution in db queued to process","timestamp":"2025-05-09 13:28:08"}
{"level":"info","message":"(cycling) check for queueing executions","timestamp":"2025-05-09 13:33:08"}
{"level":"info","message":"no execution in db queued to process","timestamp":"2025-05-09 13:33:08"}
{"level":"info","message":"(cycling) check for queueing executions","timestamp":"2025-05-09 13:38:08"}
{"level":"info","message":"no execution in db queued to process","timestamp":"2025-05-09 13:38:08"}
{"level":"info","message":"(cycling) check for queueing executions","timestamp":"2025-05-09 13:43:08"}
{"level":"info","message":"no execution in db queued to process","timestamp":"2025-05-09 13:43:08"}
{"level":"info","message":"(cycling) check for queueing executions","timestamp":"2025-05-09 13:48:08"}
{"level":"info","message":"no execution in db queued to process","timestamp":"2025-05-09 13:48:08"}
{"level":"info","message":"(cycling) check for queueing executions","timestamp":"2025-05-09 13:53:08"}
{"level":"info","message":"no execution in db queued to process","timestamp":"2025-05-09 13:53:08"}
{"level":"info","message":"(cycling) check for queueing executions","timestamp":"2025-05-09 13:58:08"}
{"level":"info","message":"no execution in db queued to process","timestamp":"2025-05-09 13:58:08"}
{"level":"info","message":"(cycling) check for queueing executions","timestamp":"2025-05-09 14:03:08"}
{"level":"info","message":"no execution in db queued to process","timestamp":"2025-05-09 14:03:08"}
{"level":"info","message":"(cycling) check for queueing executions","timestamp":"2025-05-09 14:08:08"}
{"level":"info","message":"no execution in db queued to process","timestamp":"2025-05-09 14:08:08"}
{"level":"info","message":"(cycling) check for queueing executions","timestamp":"2025-05-09 14:13:08"}
{"level":"info","message":"no execution in db queued to process","timestamp":"2025-05-09 14:13:08"}
{"level":"info","message":"(cycling) check for queueing executions","timestamp":"2025-05-09 14:18:08"}
{"level":"info","message":"no execution in db queued to process","timestamp":"2025-05-09 14:18:08"}
{"level":"info","message":"(cycling) check for queueing executions","timestamp":"2025-05-09 14:23:08"}
{"level":"info","message":"no execution in db queued to process","timestamp":"2025-05-09 14:23:08"}
{"level":"info","message":"(cycling) check for queueing executions","timestamp":"2025-05-09 14:28:08"}
{"level":"info","message":"no execution in db queued to process","timestamp":"2025-05-09 14:28:08"}
{"level":"info","message":"(cycling) check for queueing executions","timestamp":"2025-05-09 14:33:08"}
{"level":"info","message":"no execution in db queued to process","timestamp":"2025-05-09 14:33:08"}
{"level":"info","message":"(cycling) check for queueing executions","timestamp":"2025-05-09 14:38:08"}
{"level":"info","message":"no execution in db queued to process","timestamp":"2025-05-09 14:38:08"}
{"level":"info","message":"(cycling) check for queueing executions","timestamp":"2025-05-09 14:43:08"}
{"level":"info","message":"no execution in db queued to process","timestamp":"2025-05-09 14:43:08"}
{"level":"info","message":"(cycling) check for queueing executions","timestamp":"2025-05-09 14:48:08"}
{"level":"info","message":"no execution in db queued to process","timestamp":"2025-05-09 14:48:08"}
{"level":"info","message":"(cycling) check for queueing executions","timestamp":"2025-05-09 14:53:08"}
{"level":"info","message":"no execution in db queued to process","timestamp":"2025-05-09 14:53:08"}
{"level":"info","message":"(cycling) check for queueing executions","timestamp":"2025-05-09 14:58:08"}
{"level":"info","message":"no execution in db queued to process","timestamp":"2025-05-09 14:58:08"}
{"level":"info","message":"(cycling) check for queueing executions","timestamp":"2025-05-09 15:03:08"}
{"level":"info","message":"no execution in db queued to process","timestamp":"2025-05-09 15:03:08"}
{"level":"info","message":"(cycling) check for queueing executions","timestamp":"2025-05-09 15:08:08"}
{"level":"info","message":"no execution in db queued to process","timestamp":"2025-05-09 15:08:08"}
{"level":"info","message":"(cycling) check for queueing executions","timestamp":"2025-05-09 15:13:08"}
{"level":"info","message":"no execution in db queued to process","timestamp":"2025-05-09 15:13:08"}
{"level":"info","message":"(cycling) check for queueing executions","timestamp":"2025-05-09 15:18:08"}
{"level":"info","message":"no execution in db queued to process","timestamp":"2025-05-09 15:18:08"}
{"level":"info","message":"(cycling) check for queueing executions","timestamp":"2025-05-09 15:23:08"}
{"level":"info","message":"no execution in db queued to process","timestamp":"2025-05-09 15:23:08"}
{"level":"info","message":"(cycling) check for queueing executions","timestamp":"2025-05-09 15:28:08"}
{"level":"info","message":"no execution in db queued to process","timestamp":"2025-05-09 15:28:08"}
{"level":"info","message":"(cycling) check for queueing executions","timestamp":"2025-05-09 15:33:08"}
{"level":"info","message":"no execution in db queued to process","timestamp":"2025-05-09 15:33:08"}
{"level":"info","message":"(cycling) check for queueing executions","timestamp":"2025-05-09 15:38:08"}
{"level":"info","message":"no execution in db queued to process","timestamp":"2025-05-09 15:38:08"}
{"level":"info","message":"(cycling) check for queueing executions","timestamp":"2025-05-09 15:43:08"}
{"level":"info","message":"no execution in db queued to process","timestamp":"2025-05-09 15:43:08"}
{"level":"info","message":"(cycling) check for queueing executions","timestamp":"2025-05-09 15:48:08"}
{"level":"info","message":"no execution in db queued to process","timestamp":"2025-05-09 15:48:08"}
{"level":"info","message":"(cycling) check for queueing executions","timestamp":"2025-05-09 15:53:08"}
{"level":"info","message":"no execution in db queued to process","timestamp":"2025-05-09 15:53:08"}
{"level":"info","message":"(cycling) check for queueing executions","timestamp":"2025-05-09 15:58:09"}
{"level":"info","message":"no execution in db queued to process","timestamp":"2025-05-09 15:58:09"}
