{"level":"info","message":"(cycling) check for queueing executions","timestamp":"2025-04-21 01:28:30"}
{"level":"error","error":{"name":"SequelizeConnectionAcquireTimeoutError","parent":{},"original":{}},"message":"fetching execution from db failed: Operation timeout","timestamp":"2025-04-21 01:29:30"}
{"level":"info","message":"(cycling) check for queueing executions","timestamp":"2025-04-21 01:33:30"}
{"level":"info","message":"no execution in db queued to process","timestamp":"2025-04-21 01:33:30"}
{"level":"info","message":"(cycling) check for queueing executions","timestamp":"2025-04-21 01:38:30"}
{"level":"info","message":"no execution in db queued to process","timestamp":"2025-04-21 01:38:30"}
{"level":"info","message":"(cycling) check for queueing executions","timestamp":"2025-04-21 01:43:30"}
{"level":"info","message":"no execution in db queued to process","timestamp":"2025-04-21 01:43:30"}
{"level":"info","message":"(cycling) check for queueing executions","timestamp":"2025-04-21 01:48:30"}
{"level":"info","message":"no execution in db queued to process","timestamp":"2025-04-21 01:48:30"}
{"level":"info","message":"(cycling) check for queueing executions","timestamp":"2025-04-21 01:53:30"}
{"level":"info","message":"no execution in db queued to process","timestamp":"2025-04-21 01:53:30"}
{"level":"info","message":"(cycling) check for queueing executions","timestamp":"2025-04-21 01:58:30"}
{"level":"info","message":"no execution in db queued to process","timestamp":"2025-04-21 01:58:30"}
{"level":"info","message":"(cycling) check for queueing executions","timestamp":"2025-04-21 02:03:30"}
{"level":"info","message":"no execution in db queued to process","timestamp":"2025-04-21 02:03:30"}
{"level":"info","message":"(cycling) check for queueing executions","timestamp":"2025-04-21 02:08:30"}
{"level":"info","message":"no execution in db queued to process","timestamp":"2025-04-21 02:08:30"}
{"level":"info","message":"(cycling) check for queueing executions","timestamp":"2025-04-21 02:13:30"}
{"level":"info","message":"no execution in db queued to process","timestamp":"2025-04-21 02:13:30"}
{"level":"info","message":"(cycling) check for queueing executions","timestamp":"2025-04-21 02:18:30"}
{"level":"info","message":"no execution in db queued to process","timestamp":"2025-04-21 02:18:30"}
{"level":"info","message":"(cycling) check for queueing executions","timestamp":"2025-04-21 02:23:30"}
{"level":"info","message":"no execution in db queued to process","timestamp":"2025-04-21 02:23:30"}
{"level":"info","message":"(cycling) check for queueing executions","timestamp":"2025-04-21 02:28:30"}
{"level":"info","message":"no execution in db queued to process","timestamp":"2025-04-21 02:28:30"}
{"level":"info","message":"(cycling) check for queueing executions","timestamp":"2025-04-21 02:33:30"}
{"level":"info","message":"no execution in db queued to process","timestamp":"2025-04-21 02:33:30"}
{"level":"info","message":"(cycling) check for queueing executions","timestamp":"2025-04-21 02:38:30"}
{"level":"info","message":"no execution in db queued to process","timestamp":"2025-04-21 02:38:30"}
{"level":"info","message":"(cycling) check for queueing executions","timestamp":"2025-04-21 02:43:30"}
{"level":"info","message":"no execution in db queued to process","timestamp":"2025-04-21 02:43:30"}
{"level":"info","message":"(cycling) check for queueing executions","timestamp":"2025-04-21 02:48:30"}
{"level":"info","message":"no execution in db queued to process","timestamp":"2025-04-21 02:48:30"}
{"level":"info","message":"(cycling) check for queueing executions","timestamp":"2025-04-21 02:53:30"}
{"level":"info","message":"no execution in db queued to process","timestamp":"2025-04-21 02:53:30"}
{"level":"info","message":"(cycling) check for queueing executions","timestamp":"2025-04-21 02:58:30"}
{"level":"info","message":"no execution in db queued to process","timestamp":"2025-04-21 02:58:30"}
{"level":"info","message":"(cycling) check for queueing executions","timestamp":"2025-04-21 03:03:30"}
{"level":"info","message":"no execution in db queued to process","timestamp":"2025-04-21 03:03:30"}
{"level":"info","message":"(cycling) check for queueing executions","timestamp":"2025-04-21 03:08:30"}
{"level":"info","message":"no execution in db queued to process","timestamp":"2025-04-21 03:08:30"}
{"level":"info","message":"(cycling) check for queueing executions","timestamp":"2025-04-21 03:13:30"}
{"level":"info","message":"no execution in db queued to process","timestamp":"2025-04-21 03:13:30"}
{"level":"info","message":"(cycling) check for queueing executions","timestamp":"2025-04-21 03:18:30"}
{"level":"info","message":"no execution in db queued to process","timestamp":"2025-04-21 03:18:30"}
{"level":"info","message":"(cycling) check for queueing executions","timestamp":"2025-04-21 03:23:30"}
{"level":"info","message":"no execution in db queued to process","timestamp":"2025-04-21 03:23:30"}
{"level":"info","message":"(cycling) check for queueing executions","timestamp":"2025-04-21 03:28:30"}
{"level":"info","message":"no execution in db queued to process","timestamp":"2025-04-21 03:28:30"}
{"level":"info","message":"(cycling) check for queueing executions","timestamp":"2025-04-21 03:33:30"}
{"level":"info","message":"no execution in db queued to process","timestamp":"2025-04-21 03:33:30"}
{"level":"info","message":"(starting) check for queueing executions","timestamp":"2025-04-21 03:35:27"}
{"level":"info","message":"no execution in db queued to process","timestamp":"2025-04-21 03:35:27"}
{"level":"info","message":"(starting) check for queueing executions","timestamp":"2025-04-21 03:39:43"}
{"level":"info","message":"no execution in db queued to process","timestamp":"2025-04-21 03:39:43"}
{"level":"info","message":"(cycling) check for queueing executions","timestamp":"2025-04-21 03:44:43"}
{"level":"info","message":"no execution in db queued to process","timestamp":"2025-04-21 03:44:43"}
{"level":"info","message":"(cycling) check for queueing executions","timestamp":"2025-04-21 03:49:43"}
{"level":"info","message":"no execution in db queued to process","timestamp":"2025-04-21 03:49:43"}
{"level":"info","message":"(starting) check for queueing executions","timestamp":"2025-04-21 03:51:10"}
{"level":"info","message":"no execution in db queued to process","timestamp":"2025-04-21 03:51:10"}
{"level":"info","message":"(cycling) check for queueing executions","timestamp":"2025-04-21 03:56:10"}
{"level":"info","message":"no execution in db queued to process","timestamp":"2025-04-21 03:56:10"}
{"level":"info","message":"(starting) check for queueing executions","timestamp":"2025-04-21 03:59:47"}
{"level":"info","message":"no execution in db queued to process","timestamp":"2025-04-21 03:59:47"}
{"level":"info","message":"(cycling) check for queueing executions","timestamp":"2025-04-21 04:04:47"}
{"level":"info","message":"no execution in db queued to process","timestamp":"2025-04-21 04:04:47"}
{"level":"info","message":"(cycling) check for queueing executions","timestamp":"2025-04-21 04:09:47"}
{"level":"info","message":"no execution in db queued to process","timestamp":"2025-04-21 04:09:47"}
{"level":"info","message":"(cycling) check for queueing executions","timestamp":"2025-04-21 04:14:47"}
{"level":"info","message":"no execution in db queued to process","timestamp":"2025-04-21 04:14:47"}
{"level":"info","message":"(cycling) check for queueing executions","timestamp":"2025-04-21 04:19:47"}
{"level":"info","message":"no execution in db queued to process","timestamp":"2025-04-21 04:19:47"}
{"level":"info","message":"(cycling) check for queueing executions","timestamp":"2025-04-21 04:24:47"}
{"level":"info","message":"no execution in db queued to process","timestamp":"2025-04-21 04:24:47"}
{"level":"info","message":"(cycling) check for queueing executions","timestamp":"2025-04-21 04:29:47"}
{"level":"info","message":"no execution in db queued to process","timestamp":"2025-04-21 04:29:47"}
{"level":"info","message":"(cycling) check for queueing executions","timestamp":"2025-04-21 04:34:47"}
{"level":"info","message":"no execution in db queued to process","timestamp":"2025-04-21 04:34:47"}
{"level":"info","message":"(cycling) check for queueing executions","timestamp":"2025-04-21 04:39:47"}
{"level":"info","message":"no execution in db queued to process","timestamp":"2025-04-21 04:39:47"}
{"level":"info","message":"(cycling) check for queueing executions","timestamp":"2025-04-21 04:44:47"}
{"level":"info","message":"no execution in db queued to process","timestamp":"2025-04-21 04:44:47"}
{"level":"info","message":"(cycling) check for queueing executions","timestamp":"2025-04-21 04:49:47"}
{"level":"info","message":"no execution in db queued to process","timestamp":"2025-04-21 04:49:47"}
{"level":"info","message":"(starting) check for queueing executions","timestamp":"2025-04-21 04:53:00"}
{"level":"info","message":"no execution in db queued to process","timestamp":"2025-04-21 04:53:00"}
{"level":"info","message":"(cycling) check for queueing executions","timestamp":"2025-04-21 04:58:00"}
{"level":"info","message":"no execution in db queued to process","timestamp":"2025-04-21 04:58:00"}
{"level":"info","message":"(cycling) check for queueing executions","timestamp":"2025-04-21 05:02:59"}
{"level":"info","message":"no execution in db queued to process","timestamp":"2025-04-21 05:03:00"}
{"level":"info","message":"(cycling) check for queueing executions","timestamp":"2025-04-21 05:07:59"}
{"level":"info","message":"no execution in db queued to process","timestamp":"2025-04-21 05:08:00"}
{"level":"info","message":"(cycling) check for queueing executions","timestamp":"2025-04-21 05:12:59"}
{"level":"info","message":"no execution in db queued to process","timestamp":"2025-04-21 05:13:00"}
{"level":"info","message":"(cycling) check for queueing executions","timestamp":"2025-04-21 05:17:59"}
{"level":"info","message":"no execution in db queued to process","timestamp":"2025-04-21 05:18:00"}
{"level":"info","message":"(cycling) check for queueing executions","timestamp":"2025-04-21 05:22:59"}
{"level":"info","message":"no execution in db queued to process","timestamp":"2025-04-21 05:22:59"}
{"level":"info","message":"(cycling) check for queueing executions","timestamp":"2025-04-21 05:27:59"}
{"level":"info","message":"no execution in db queued to process","timestamp":"2025-04-21 05:27:59"}
{"level":"info","message":"(cycling) check for queueing executions","timestamp":"2025-04-21 05:32:59"}
{"level":"info","message":"no execution in db queued to process","timestamp":"2025-04-21 05:32:59"}
{"level":"info","message":"(cycling) check for queueing executions","timestamp":"2025-04-21 05:37:59"}
{"level":"info","message":"no execution in db queued to process","timestamp":"2025-04-21 05:37:59"}
{"level":"info","message":"(cycling) check for queueing executions","timestamp":"2025-04-21 05:42:59"}
{"level":"info","message":"no execution in db queued to process","timestamp":"2025-04-21 05:43:00"}
{"level":"info","message":"(starting) check for queueing executions","timestamp":"2025-04-21 13:37:09"}
{"level":"info","message":"no execution in db queued to process","timestamp":"2025-04-21 13:37:09"}
{"level":"info","message":"(cycling) check for queueing executions","timestamp":"2025-04-21 13:42:09"}
{"level":"info","message":"no execution in db queued to process","timestamp":"2025-04-21 13:42:09"}
{"level":"info","message":"(cycling) check for queueing executions","timestamp":"2025-04-21 13:47:09"}
{"level":"info","message":"no execution in db queued to process","timestamp":"2025-04-21 13:47:09"}
{"level":"info","message":"(cycling) check for queueing executions","timestamp":"2025-04-21 13:52:09"}
{"level":"info","message":"no execution in db queued to process","timestamp":"2025-04-21 13:52:09"}
{"level":"info","message":"(cycling) check for queueing executions","timestamp":"2025-04-21 13:57:09"}
{"level":"info","message":"no execution in db queued to process","timestamp":"2025-04-21 13:57:09"}
{"level":"info","message":"(cycling) check for queueing executions","timestamp":"2025-04-21 14:02:09"}
{"level":"info","message":"no execution in db queued to process","timestamp":"2025-04-21 14:02:09"}
{"level":"info","message":"(cycling) check for queueing executions","timestamp":"2025-04-21 14:07:09"}
{"level":"info","message":"no execution in db queued to process","timestamp":"2025-04-21 14:07:09"}
{"level":"info","message":"(cycling) check for queueing executions","timestamp":"2025-04-21 14:12:09"}
{"level":"info","message":"no execution in db queued to process","timestamp":"2025-04-21 14:12:09"}
{"level":"info","message":"no more events need to be prepared, dispatching...","timestamp":"2025-04-21 14:14:40"}
{"level":"info","message":"no more events need to be prepared, dispatching...","timestamp":"2025-04-21 14:14:40"}
{"level":"info","message":"last process finished, will do another dispatch","timestamp":"2025-04-21 14:14:40"}
{"level":"warn","message":"workflow executing is not finished, new dispatching will be ignored","timestamp":"2025-04-21 14:14:40"}
{"level":"info","message":"no more events need to be prepared, dispatching...","timestamp":"2025-04-21 14:14:40"}
{"level":"info","message":"no more events need to be prepared, dispatching...","timestamp":"2025-04-21 14:14:40"}
{"level":"info","message":"no more events need to be prepared, dispatching...","timestamp":"2025-04-21 14:14:40"}
{"level":"info","message":"last process finished, will do another dispatch","timestamp":"2025-04-21 14:14:40"}
{"level":"warn","message":"workflow executing is not finished, new dispatching will be ignored","timestamp":"2025-04-21 14:14:40"}
{"level":"warn","message":"workflow executing is not finished, new dispatching will be ignored","timestamp":"2025-04-21 14:14:40"}
{"level":"warn","message":"workflow executing is not finished, new dispatching will be ignored","timestamp":"2025-04-21 14:14:40"}
{"level":"info","message":"no more events need to be prepared, dispatching...","timestamp":"2025-04-21 14:14:40"}
{"level":"info","message":"last process finished, will do another dispatch","timestamp":"2025-04-21 14:14:40"}
{"level":"warn","message":"workflow executing is not finished, new dispatching will be ignored","timestamp":"2025-04-21 14:14:40"}
{"level":"info","message":"last process finished, will do another dispatch","timestamp":"2025-04-21 14:14:40"}
{"level":"info","message":"last process finished, will do another dispatch","timestamp":"2025-04-21 14:14:40"}
{"level":"info","message":"last process finished, will do another dispatch","timestamp":"2025-04-21 14:14:41"}
{"level":"info","message":"no execution in db queued to process","timestamp":"2025-04-21 14:14:41"}
{"level":"info","message":"no more events need to be prepared, dispatching...","timestamp":"2025-04-21 14:16:06"}
{"level":"info","message":"last process finished, will do another dispatch","timestamp":"2025-04-21 14:16:06"}
{"level":"info","message":"no execution in db queued to process","timestamp":"2025-04-21 14:16:07"}
{"level":"info","message":"(cycling) check for queueing executions","timestamp":"2025-04-21 14:17:09"}
{"level":"info","message":"no execution in db queued to process","timestamp":"2025-04-21 14:17:09"}
{"level":"info","message":"no more events need to be prepared, dispatching...","timestamp":"2025-04-21 14:18:40"}
{"level":"info","message":"last process finished, will do another dispatch","timestamp":"2025-04-21 14:18:41"}
{"level":"info","message":"no execution in db queued to process","timestamp":"2025-04-21 14:18:41"}
{"level":"info","message":"no more events need to be prepared, dispatching...","timestamp":"2025-04-21 14:18:44"}
{"level":"info","message":"last process finished, will do another dispatch","timestamp":"2025-04-21 14:18:44"}
{"level":"info","message":"no execution in db queued to process","timestamp":"2025-04-21 14:18:44"}
{"level":"info","message":"(cycling) check for queueing executions","timestamp":"2025-04-21 14:22:09"}
{"level":"info","message":"no execution in db queued to process","timestamp":"2025-04-21 14:22:09"}
{"level":"info","message":"no more events need to be prepared, dispatching...","timestamp":"2025-04-21 14:23:41"}
{"level":"info","message":"last process finished, will do another dispatch","timestamp":"2025-04-21 14:23:41"}
{"level":"info","message":"no execution in db queued to process","timestamp":"2025-04-21 14:23:41"}
{"level":"info","message":"no more events need to be prepared, dispatching...","timestamp":"2025-04-21 14:23:45"}
{"level":"info","message":"last process finished, will do another dispatch","timestamp":"2025-04-21 14:23:45"}
{"level":"info","message":"no execution in db queued to process","timestamp":"2025-04-21 14:23:45"}
{"level":"info","message":"no more events need to be prepared, dispatching...","timestamp":"2025-04-21 14:26:36"}
{"level":"info","message":"last process finished, will do another dispatch","timestamp":"2025-04-21 14:26:36"}
{"level":"info","message":"no execution in db queued to process","timestamp":"2025-04-21 14:26:36"}
{"level":"info","message":"(cycling) check for queueing executions","timestamp":"2025-04-21 14:27:09"}
{"level":"info","message":"no execution in db queued to process","timestamp":"2025-04-21 14:27:09"}
{"level":"info","message":"no more events need to be prepared, dispatching...","timestamp":"2025-04-21 14:28:55"}
{"level":"info","message":"last process finished, will do another dispatch","timestamp":"2025-04-21 14:28:55"}
{"level":"info","message":"last process finished, will do another dispatch","timestamp":"2025-04-21 14:28:55"}
{"level":"info","message":"last process finished, will do another dispatch","timestamp":"2025-04-21 14:28:55"}
{"level":"info","message":"last process finished, will do another dispatch","timestamp":"2025-04-21 14:28:55"}
{"level":"info","message":"no execution in db queued to process","timestamp":"2025-04-21 14:28:55"}
{"level":"info","message":"(cycling) check for queueing executions","timestamp":"2025-04-21 14:32:09"}
{"level":"info","message":"no execution in db queued to process","timestamp":"2025-04-21 14:32:09"}
{"level":"info","message":"(cycling) check for queueing executions","timestamp":"2025-04-21 14:37:09"}
{"level":"info","message":"no execution in db queued to process","timestamp":"2025-04-21 14:37:09"}
{"level":"info","message":"(cycling) check for queueing executions","timestamp":"2025-04-21 14:42:09"}
{"level":"info","message":"no execution in db queued to process","timestamp":"2025-04-21 14:42:09"}
{"level":"info","message":"(cycling) check for queueing executions","timestamp":"2025-04-21 14:47:09"}
{"level":"info","message":"no execution in db queued to process","timestamp":"2025-04-21 14:47:09"}
{"level":"info","message":"(cycling) check for queueing executions","timestamp":"2025-04-21 14:52:09"}
{"level":"info","message":"no execution in db queued to process","timestamp":"2025-04-21 14:52:09"}
{"level":"info","message":"no more events need to be prepared, dispatching...","timestamp":"2025-04-21 14:54:10"}
{"level":"info","message":"last process finished, will do another dispatch","timestamp":"2025-04-21 14:54:10"}
{"level":"info","message":"no execution in db queued to process","timestamp":"2025-04-21 14:54:10"}
{"level":"info","message":"(cycling) check for queueing executions","timestamp":"2025-04-21 14:57:09"}
{"level":"info","message":"no execution in db queued to process","timestamp":"2025-04-21 14:57:09"}
{"level":"info","message":"no more events need to be prepared, dispatching...","timestamp":"2025-04-21 14:59:49"}
{"level":"info","message":"no more events need to be prepared, dispatching...","timestamp":"2025-04-21 14:59:49"}
{"level":"info","message":"last process finished, will do another dispatch","timestamp":"2025-04-21 14:59:49"}
{"level":"warn","message":"workflow executing is not finished, new dispatching will be ignored","timestamp":"2025-04-21 14:59:49"}
{"level":"info","message":"no more events need to be prepared, dispatching...","timestamp":"2025-04-21 14:59:49"}
{"level":"info","message":"no more events need to be prepared, dispatching...","timestamp":"2025-04-21 14:59:49"}
{"level":"info","message":"no more events need to be prepared, dispatching...","timestamp":"2025-04-21 14:59:49"}
{"level":"info","message":"last process finished, will do another dispatch","timestamp":"2025-04-21 14:59:49"}
{"level":"warn","message":"workflow executing is not finished, new dispatching will be ignored","timestamp":"2025-04-21 14:59:49"}
{"level":"warn","message":"workflow executing is not finished, new dispatching will be ignored","timestamp":"2025-04-21 14:59:49"}
{"level":"warn","message":"workflow executing is not finished, new dispatching will be ignored","timestamp":"2025-04-21 14:59:49"}
{"level":"info","message":"no more events need to be prepared, dispatching...","timestamp":"2025-04-21 14:59:49"}
{"level":"info","message":"last process finished, will do another dispatch","timestamp":"2025-04-21 14:59:49"}
{"level":"warn","message":"workflow executing is not finished, new dispatching will be ignored","timestamp":"2025-04-21 14:59:49"}
{"level":"info","message":"last process finished, will do another dispatch","timestamp":"2025-04-21 14:59:49"}
{"level":"info","message":"last process finished, will do another dispatch","timestamp":"2025-04-21 14:59:49"}
{"level":"info","message":"last process finished, will do another dispatch","timestamp":"2025-04-21 14:59:49"}
{"level":"info","message":"no execution in db queued to process","timestamp":"2025-04-21 14:59:49"}
{"level":"info","message":"no more events need to be prepared, dispatching...","timestamp":"2025-04-21 15:00:58"}
{"level":"info","message":"last process finished, will do another dispatch","timestamp":"2025-04-21 15:00:58"}
{"level":"info","message":"no execution in db queued to process","timestamp":"2025-04-21 15:00:58"}
{"level":"info","message":"no more events need to be prepared, dispatching...","timestamp":"2025-04-21 15:01:10"}
{"level":"info","message":"last process finished, will do another dispatch","timestamp":"2025-04-21 15:01:11"}
{"level":"info","message":"no execution in db queued to process","timestamp":"2025-04-21 15:01:11"}
{"level":"info","message":"no more events need to be prepared, dispatching...","timestamp":"2025-04-21 15:01:16"}
{"level":"info","message":"last process finished, will do another dispatch","timestamp":"2025-04-21 15:01:17"}
{"level":"info","message":"no execution in db queued to process","timestamp":"2025-04-21 15:01:17"}
{"level":"info","message":"no more events need to be prepared, dispatching...","timestamp":"2025-04-21 15:01:25"}
{"level":"info","message":"last process finished, will do another dispatch","timestamp":"2025-04-21 15:01:25"}
{"level":"info","message":"last process finished, will do another dispatch","timestamp":"2025-04-21 15:01:25"}
{"level":"info","message":"last process finished, will do another dispatch","timestamp":"2025-04-21 15:01:25"}
{"level":"info","message":"last process finished, will do another dispatch","timestamp":"2025-04-21 15:01:25"}
{"level":"info","message":"no execution in db queued to process","timestamp":"2025-04-21 15:01:25"}
{"level":"info","message":"(cycling) check for queueing executions","timestamp":"2025-04-21 15:02:09"}
{"level":"info","message":"no execution in db queued to process","timestamp":"2025-04-21 15:02:09"}
{"level":"info","message":"(cycling) check for queueing executions","timestamp":"2025-04-21 15:07:09"}
{"level":"info","message":"no execution in db queued to process","timestamp":"2025-04-21 15:07:09"}
{"level":"info","message":"(cycling) check for queueing executions","timestamp":"2025-04-21 15:12:09"}
{"level":"info","message":"no execution in db queued to process","timestamp":"2025-04-21 15:12:09"}
{"level":"info","message":"(cycling) check for queueing executions","timestamp":"2025-04-21 15:17:09"}
{"level":"info","message":"no execution in db queued to process","timestamp":"2025-04-21 15:17:09"}
