{"level":"info","message":"(cycling) check for queueing executions","timestamp":"2025-04-03 00:49:34"}
{"level":"info","message":"no execution in db queued to process","timestamp":"2025-04-03 00:49:34"}
{"level":"info","message":"(cycling) check for queueing executions","timestamp":"2025-04-03 00:54:34"}
{"level":"info","message":"no execution in db queued to process","timestamp":"2025-04-03 00:54:34"}
{"level":"info","message":"(cycling) check for queueing executions","timestamp":"2025-04-03 00:59:34"}
{"level":"info","message":"no execution in db queued to process","timestamp":"2025-04-03 00:59:34"}
{"level":"info","message":"(cycling) check for queueing executions","timestamp":"2025-04-03 01:04:34"}
{"level":"info","message":"no execution in db queued to process","timestamp":"2025-04-03 01:04:34"}
{"level":"info","message":"(cycling) check for queueing executions","timestamp":"2025-04-03 01:09:34"}
{"level":"info","message":"no execution in db queued to process","timestamp":"2025-04-03 01:09:34"}
{"level":"info","message":"(cycling) check for queueing executions","timestamp":"2025-04-03 01:14:34"}
{"level":"info","message":"no execution in db queued to process","timestamp":"2025-04-03 01:14:34"}
{"level":"info","message":"(cycling) check for queueing executions","timestamp":"2025-04-03 01:19:34"}
{"level":"info","message":"no execution in db queued to process","timestamp":"2025-04-03 01:19:34"}
{"level":"info","message":"(cycling) check for queueing executions","timestamp":"2025-04-03 01:24:34"}
{"level":"info","message":"no execution in db queued to process","timestamp":"2025-04-03 01:24:34"}
{"level":"info","message":"(cycling) check for queueing executions","timestamp":"2025-04-03 01:29:34"}
{"level":"info","message":"no execution in db queued to process","timestamp":"2025-04-03 01:29:34"}
{"level":"info","message":"(cycling) check for queueing executions","timestamp":"2025-04-03 01:34:34"}
{"level":"info","message":"no execution in db queued to process","timestamp":"2025-04-03 01:34:34"}
{"level":"info","message":"(cycling) check for queueing executions","timestamp":"2025-04-03 01:39:34"}
{"level":"info","message":"no execution in db queued to process","timestamp":"2025-04-03 01:39:34"}
{"level":"info","message":"(cycling) check for queueing executions","timestamp":"2025-04-03 01:44:34"}
{"level":"info","message":"no execution in db queued to process","timestamp":"2025-04-03 01:44:34"}
{"level":"info","message":"(cycling) check for queueing executions","timestamp":"2025-04-03 01:49:34"}
{"level":"info","message":"no execution in db queued to process","timestamp":"2025-04-03 01:49:34"}
{"level":"info","message":"(cycling) check for queueing executions","timestamp":"2025-04-03 01:54:34"}
{"level":"info","message":"no execution in db queued to process","timestamp":"2025-04-03 01:54:34"}
{"level":"info","message":"(cycling) check for queueing executions","timestamp":"2025-04-03 01:59:34"}
{"level":"info","message":"no execution in db queued to process","timestamp":"2025-04-03 01:59:34"}
{"level":"info","message":"(cycling) check for queueing executions","timestamp":"2025-04-03 02:04:34"}
{"level":"info","message":"no execution in db queued to process","timestamp":"2025-04-03 02:04:34"}
{"level":"info","message":"(cycling) check for queueing executions","timestamp":"2025-04-03 02:09:34"}
{"level":"info","message":"no execution in db queued to process","timestamp":"2025-04-03 02:09:34"}
{"level":"info","message":"(cycling) check for queueing executions","timestamp":"2025-04-03 02:14:34"}
{"level":"info","message":"no execution in db queued to process","timestamp":"2025-04-03 02:14:34"}
{"level":"info","message":"(cycling) check for queueing executions","timestamp":"2025-04-03 02:19:34"}
{"level":"info","message":"no execution in db queued to process","timestamp":"2025-04-03 02:19:34"}
{"level":"info","message":"(cycling) check for queueing executions","timestamp":"2025-04-03 02:24:34"}
{"level":"info","message":"no execution in db queued to process","timestamp":"2025-04-03 02:24:34"}
{"level":"info","message":"(cycling) check for queueing executions","timestamp":"2025-04-03 02:29:34"}
{"level":"info","message":"no execution in db queued to process","timestamp":"2025-04-03 02:29:34"}
{"level":"info","message":"(cycling) check for queueing executions","timestamp":"2025-04-03 02:34:34"}
{"level":"info","message":"no execution in db queued to process","timestamp":"2025-04-03 02:34:34"}
{"level":"info","message":"(cycling) check for queueing executions","timestamp":"2025-04-03 02:39:34"}
{"level":"info","message":"no execution in db queued to process","timestamp":"2025-04-03 02:39:34"}
{"level":"info","message":"(cycling) check for queueing executions","timestamp":"2025-04-03 02:44:34"}
{"level":"info","message":"no execution in db queued to process","timestamp":"2025-04-03 02:44:34"}
{"level":"info","message":"(cycling) check for queueing executions","timestamp":"2025-04-03 02:49:34"}
{"level":"info","message":"no execution in db queued to process","timestamp":"2025-04-03 02:49:34"}
{"level":"info","message":"(cycling) check for queueing executions","timestamp":"2025-04-03 02:54:34"}
{"level":"info","message":"no execution in db queued to process","timestamp":"2025-04-03 02:54:34"}
{"level":"info","message":"(cycling) check for queueing executions","timestamp":"2025-04-03 02:59:34"}
{"level":"info","message":"no execution in db queued to process","timestamp":"2025-04-03 02:59:34"}
{"level":"info","message":"(cycling) check for queueing executions","timestamp":"2025-04-03 03:04:34"}
{"level":"info","message":"no execution in db queued to process","timestamp":"2025-04-03 03:04:34"}
{"level":"info","message":"(cycling) check for queueing executions","timestamp":"2025-04-03 03:09:34"}
{"level":"info","message":"no execution in db queued to process","timestamp":"2025-04-03 03:09:34"}
{"level":"info","message":"(cycling) check for queueing executions","timestamp":"2025-04-03 03:14:34"}
{"level":"info","message":"no execution in db queued to process","timestamp":"2025-04-03 03:14:34"}
{"level":"info","message":"(cycling) check for queueing executions","timestamp":"2025-04-03 03:19:34"}
{"level":"info","message":"no execution in db queued to process","timestamp":"2025-04-03 03:19:34"}
{"level":"info","message":"(cycling) check for queueing executions","timestamp":"2025-04-03 03:24:34"}
{"level":"info","message":"no execution in db queued to process","timestamp":"2025-04-03 03:24:34"}
{"level":"info","message":"(cycling) check for queueing executions","timestamp":"2025-04-03 03:29:34"}
{"level":"info","message":"no execution in db queued to process","timestamp":"2025-04-03 03:29:34"}
{"level":"info","message":"(cycling) check for queueing executions","timestamp":"2025-04-03 03:34:34"}
{"level":"info","message":"no execution in db queued to process","timestamp":"2025-04-03 03:34:34"}
{"level":"info","message":"(cycling) check for queueing executions","timestamp":"2025-04-03 03:39:34"}
{"level":"info","message":"no execution in db queued to process","timestamp":"2025-04-03 03:39:34"}
{"level":"info","message":"(cycling) check for queueing executions","timestamp":"2025-04-03 03:44:34"}
{"level":"info","message":"no execution in db queued to process","timestamp":"2025-04-03 03:44:34"}
{"level":"info","message":"(cycling) check for queueing executions","timestamp":"2025-04-03 03:49:34"}
{"level":"info","message":"no execution in db queued to process","timestamp":"2025-04-03 03:49:34"}
{"level":"info","message":"(cycling) check for queueing executions","timestamp":"2025-04-03 03:54:34"}
{"level":"info","message":"no execution in db queued to process","timestamp":"2025-04-03 03:54:34"}
{"level":"info","message":"(cycling) check for queueing executions","timestamp":"2025-04-03 03:59:34"}
{"level":"info","message":"no execution in db queued to process","timestamp":"2025-04-03 03:59:34"}
{"level":"info","message":"(cycling) check for queueing executions","timestamp":"2025-04-03 04:04:34"}
{"level":"info","message":"no execution in db queued to process","timestamp":"2025-04-03 04:04:34"}
{"level":"info","message":"(cycling) check for queueing executions","timestamp":"2025-04-03 04:09:33"}
{"level":"info","message":"no execution in db queued to process","timestamp":"2025-04-03 04:09:34"}
{"level":"info","message":"(cycling) check for queueing executions","timestamp":"2025-04-03 04:14:33"}
{"level":"info","message":"no execution in db queued to process","timestamp":"2025-04-03 04:14:34"}
{"level":"info","message":"(cycling) check for queueing executions","timestamp":"2025-04-03 04:19:33"}
{"level":"info","message":"no execution in db queued to process","timestamp":"2025-04-03 04:19:34"}
{"level":"info","message":"(cycling) check for queueing executions","timestamp":"2025-04-03 04:24:33"}
{"level":"info","message":"no execution in db queued to process","timestamp":"2025-04-03 04:24:34"}
{"level":"info","message":"(cycling) check for queueing executions","timestamp":"2025-04-03 04:29:33"}
{"level":"info","message":"no execution in db queued to process","timestamp":"2025-04-03 04:29:34"}
{"level":"info","message":"(cycling) check for queueing executions","timestamp":"2025-04-03 04:34:33"}
{"level":"info","message":"no execution in db queued to process","timestamp":"2025-04-03 04:34:33"}
{"level":"info","message":"(cycling) check for queueing executions","timestamp":"2025-04-03 04:39:33"}
{"level":"info","message":"no execution in db queued to process","timestamp":"2025-04-03 04:39:33"}
{"level":"info","message":"(cycling) check for queueing executions","timestamp":"2025-04-03 04:44:33"}
{"level":"info","message":"no execution in db queued to process","timestamp":"2025-04-03 04:44:33"}
{"level":"info","message":"(cycling) check for queueing executions","timestamp":"2025-04-03 04:49:33"}
{"level":"info","message":"no execution in db queued to process","timestamp":"2025-04-03 04:49:33"}
{"level":"info","message":"(cycling) check for queueing executions","timestamp":"2025-04-03 04:54:33"}
{"level":"info","message":"no execution in db queued to process","timestamp":"2025-04-03 04:54:33"}
{"level":"info","message":"(cycling) check for queueing executions","timestamp":"2025-04-03 04:59:33"}
{"level":"info","message":"no execution in db queued to process","timestamp":"2025-04-03 04:59:33"}
{"level":"info","message":"(cycling) check for queueing executions","timestamp":"2025-04-03 05:04:33"}
{"level":"info","message":"no execution in db queued to process","timestamp":"2025-04-03 05:04:33"}
{"level":"info","message":"(cycling) check for queueing executions","timestamp":"2025-04-03 05:09:33"}
{"level":"info","message":"no execution in db queued to process","timestamp":"2025-04-03 05:09:33"}
{"level":"info","message":"(cycling) check for queueing executions","timestamp":"2025-04-03 05:14:33"}
{"level":"info","message":"no execution in db queued to process","timestamp":"2025-04-03 05:14:33"}
{"level":"info","message":"(cycling) check for queueing executions","timestamp":"2025-04-03 05:19:33"}
{"level":"info","message":"no execution in db queued to process","timestamp":"2025-04-03 05:19:33"}
{"level":"info","message":"(cycling) check for queueing executions","timestamp":"2025-04-03 05:24:33"}
{"level":"info","message":"no execution in db queued to process","timestamp":"2025-04-03 05:24:33"}
{"level":"info","message":"(cycling) check for queueing executions","timestamp":"2025-04-03 05:29:33"}
{"level":"info","message":"no execution in db queued to process","timestamp":"2025-04-03 05:29:33"}
{"level":"info","message":"(cycling) check for queueing executions","timestamp":"2025-04-03 05:34:33"}
{"level":"info","message":"no execution in db queued to process","timestamp":"2025-04-03 05:34:33"}
{"level":"info","message":"(cycling) check for queueing executions","timestamp":"2025-04-03 05:39:33"}
{"level":"info","message":"no execution in db queued to process","timestamp":"2025-04-03 05:39:33"}
{"level":"info","message":"(cycling) check for queueing executions","timestamp":"2025-04-03 05:44:33"}
{"level":"info","message":"no execution in db queued to process","timestamp":"2025-04-03 05:44:33"}
{"level":"info","message":"(cycling) check for queueing executions","timestamp":"2025-04-03 05:49:33"}
{"level":"info","message":"no execution in db queued to process","timestamp":"2025-04-03 05:49:33"}
{"level":"info","message":"(cycling) check for queueing executions","timestamp":"2025-04-03 05:54:33"}
{"level":"info","message":"no execution in db queued to process","timestamp":"2025-04-03 05:54:33"}
{"level":"info","message":"(cycling) check for queueing executions","timestamp":"2025-04-03 05:59:33"}
{"level":"info","message":"no execution in db queued to process","timestamp":"2025-04-03 05:59:33"}
{"level":"info","message":"(cycling) check for queueing executions","timestamp":"2025-04-03 06:04:33"}
{"level":"info","message":"no execution in db queued to process","timestamp":"2025-04-03 06:04:33"}
{"level":"info","message":"(cycling) check for queueing executions","timestamp":"2025-04-03 06:09:33"}
{"level":"info","message":"no execution in db queued to process","timestamp":"2025-04-03 06:09:33"}
{"level":"info","message":"(cycling) check for queueing executions","timestamp":"2025-04-03 06:14:33"}
{"level":"info","message":"no execution in db queued to process","timestamp":"2025-04-03 06:14:33"}
{"level":"info","message":"(cycling) check for queueing executions","timestamp":"2025-04-03 06:19:33"}
{"level":"info","message":"no execution in db queued to process","timestamp":"2025-04-03 06:19:33"}
{"level":"info","message":"(cycling) check for queueing executions","timestamp":"2025-04-03 06:24:33"}
{"level":"info","message":"no execution in db queued to process","timestamp":"2025-04-03 06:24:33"}
{"level":"info","message":"(cycling) check for queueing executions","timestamp":"2025-04-03 06:29:33"}
{"level":"info","message":"no execution in db queued to process","timestamp":"2025-04-03 06:29:33"}
{"level":"info","message":"(cycling) check for queueing executions","timestamp":"2025-04-03 07:14:36"}
{"level":"info","message":"no execution in db queued to process","timestamp":"2025-04-03 07:14:36"}
{"level":"info","message":"(cycling) check for queueing executions","timestamp":"2025-04-03 07:19:36"}
{"level":"info","message":"no execution in db queued to process","timestamp":"2025-04-03 07:19:36"}
{"level":"info","message":"(cycling) check for queueing executions","timestamp":"2025-04-03 07:24:36"}
{"level":"info","message":"no execution in db queued to process","timestamp":"2025-04-03 07:24:36"}
{"level":"info","message":"(cycling) check for queueing executions","timestamp":"2025-04-03 07:29:36"}
{"level":"info","message":"no execution in db queued to process","timestamp":"2025-04-03 07:29:36"}
{"level":"info","message":"(starting) check for queueing executions","timestamp":"2025-04-03 13:18:11"}
{"level":"info","message":"no execution in db queued to process","timestamp":"2025-04-03 13:18:11"}
{"level":"info","message":"(starting) check for queueing executions","timestamp":"2025-04-03 13:21:25"}
{"level":"info","message":"no execution in db queued to process","timestamp":"2025-04-03 13:21:25"}
{"level":"info","message":"(cycling) check for queueing executions","timestamp":"2025-04-03 13:26:25"}
{"level":"info","message":"no execution in db queued to process","timestamp":"2025-04-03 13:26:25"}
{"level":"info","message":"(cycling) check for queueing executions","timestamp":"2025-04-03 13:31:25"}
{"level":"info","message":"no execution in db queued to process","timestamp":"2025-04-03 13:31:25"}
{"level":"info","message":"(cycling) check for queueing executions","timestamp":"2025-04-03 13:36:25"}
{"level":"info","message":"no execution in db queued to process","timestamp":"2025-04-03 13:36:25"}
{"level":"info","message":"(cycling) check for queueing executions","timestamp":"2025-04-03 13:41:25"}
{"level":"info","message":"no execution in db queued to process","timestamp":"2025-04-03 13:41:25"}
{"level":"info","message":"(cycling) check for queueing executions","timestamp":"2025-04-03 13:46:25"}
{"level":"info","message":"no execution in db queued to process","timestamp":"2025-04-03 13:46:25"}
{"level":"info","message":"(cycling) check for queueing executions","timestamp":"2025-04-03 13:51:25"}
{"level":"info","message":"no execution in db queued to process","timestamp":"2025-04-03 13:51:25"}
{"level":"info","message":"(cycling) check for queueing executions","timestamp":"2025-04-03 13:56:25"}
{"level":"info","message":"no execution in db queued to process","timestamp":"2025-04-03 13:56:25"}
{"level":"info","message":"(cycling) check for queueing executions","timestamp":"2025-04-03 14:01:25"}
{"level":"info","message":"no execution in db queued to process","timestamp":"2025-04-03 14:01:25"}
{"level":"info","message":"(cycling) check for queueing executions","timestamp":"2025-04-03 14:06:25"}
{"level":"info","message":"no execution in db queued to process","timestamp":"2025-04-03 14:06:25"}
{"level":"info","message":"(cycling) check for queueing executions","timestamp":"2025-04-03 14:11:25"}
{"level":"info","message":"no execution in db queued to process","timestamp":"2025-04-03 14:11:25"}
{"level":"info","message":"(cycling) check for queueing executions","timestamp":"2025-04-03 14:16:25"}
{"level":"info","message":"no execution in db queued to process","timestamp":"2025-04-03 14:16:25"}
{"level":"info","message":"(cycling) check for queueing executions","timestamp":"2025-04-03 14:21:25"}
{"level":"info","message":"no execution in db queued to process","timestamp":"2025-04-03 14:21:25"}
{"level":"info","message":"(cycling) check for queueing executions","timestamp":"2025-04-03 14:26:25"}
{"level":"info","message":"no execution in db queued to process","timestamp":"2025-04-03 14:26:25"}
{"level":"info","message":"(cycling) check for queueing executions","timestamp":"2025-04-03 14:31:25"}
{"level":"info","message":"no execution in db queued to process","timestamp":"2025-04-03 14:31:25"}
{"level":"info","message":"(cycling) check for queueing executions","timestamp":"2025-04-03 14:36:25"}
{"level":"info","message":"no execution in db queued to process","timestamp":"2025-04-03 14:36:25"}
{"level":"info","message":"(cycling) check for queueing executions","timestamp":"2025-04-03 14:41:25"}
{"level":"info","message":"no execution in db queued to process","timestamp":"2025-04-03 14:41:25"}
{"level":"info","message":"(cycling) check for queueing executions","timestamp":"2025-04-03 14:46:25"}
{"level":"info","message":"no execution in db queued to process","timestamp":"2025-04-03 14:46:25"}
{"level":"info","message":"(cycling) check for queueing executions","timestamp":"2025-04-03 14:51:25"}
{"level":"info","message":"no execution in db queued to process","timestamp":"2025-04-03 14:51:25"}
{"level":"info","message":"(cycling) check for queueing executions","timestamp":"2025-04-03 14:56:25"}
{"level":"info","message":"no execution in db queued to process","timestamp":"2025-04-03 14:56:25"}
{"level":"info","message":"(cycling) check for queueing executions","timestamp":"2025-04-03 15:01:25"}
{"level":"info","message":"no execution in db queued to process","timestamp":"2025-04-03 15:01:25"}
{"level":"info","message":"(cycling) check for queueing executions","timestamp":"2025-04-03 15:06:25"}
{"level":"info","message":"no execution in db queued to process","timestamp":"2025-04-03 15:06:25"}
{"level":"info","message":"(cycling) check for queueing executions","timestamp":"2025-04-03 15:11:25"}
{"level":"info","message":"no execution in db queued to process","timestamp":"2025-04-03 15:11:25"}
{"level":"info","message":"(cycling) check for queueing executions","timestamp":"2025-04-03 15:16:25"}
{"level":"info","message":"no execution in db queued to process","timestamp":"2025-04-03 15:16:25"}
{"level":"info","message":"(cycling) check for queueing executions","timestamp":"2025-04-03 15:21:25"}
{"level":"info","message":"no execution in db queued to process","timestamp":"2025-04-03 15:21:25"}
{"level":"info","message":"(cycling) check for queueing executions","timestamp":"2025-04-03 15:26:25"}
{"level":"info","message":"no execution in db queued to process","timestamp":"2025-04-03 15:26:25"}
{"level":"info","message":"(cycling) check for queueing executions","timestamp":"2025-04-03 15:31:25"}
{"level":"info","message":"no execution in db queued to process","timestamp":"2025-04-03 15:31:25"}
{"level":"info","message":"(cycling) check for queueing executions","timestamp":"2025-04-03 15:36:25"}
{"level":"info","message":"no execution in db queued to process","timestamp":"2025-04-03 15:36:25"}
{"level":"info","message":"no more events need to be prepared, dispatching...","timestamp":"2025-04-03 15:37:39"}
{"level":"info","message":"last process finished, will do another dispatch","timestamp":"2025-04-03 15:37:39"}
{"level":"info","message":"no execution in db queued to process","timestamp":"2025-04-03 15:37:39"}
{"level":"info","message":"no more events need to be prepared, dispatching...","timestamp":"2025-04-03 15:39:14"}
{"level":"info","message":"last process finished, will do another dispatch","timestamp":"2025-04-03 15:39:14"}
{"level":"info","message":"no execution in db queued to process","timestamp":"2025-04-03 15:39:14"}
{"level":"info","message":"(cycling) check for queueing executions","timestamp":"2025-04-03 15:41:25"}
{"level":"info","message":"no execution in db queued to process","timestamp":"2025-04-03 15:41:25"}
{"level":"info","message":"(cycling) check for queueing executions","timestamp":"2025-04-03 15:46:25"}
{"level":"info","message":"no execution in db queued to process","timestamp":"2025-04-03 15:46:25"}
{"level":"info","message":"(cycling) check for queueing executions","timestamp":"2025-04-03 15:51:25"}
{"level":"info","message":"no execution in db queued to process","timestamp":"2025-04-03 15:51:25"}
{"level":"info","message":"(cycling) check for queueing executions","timestamp":"2025-04-03 23:10:43"}
{"level":"info","message":"no execution in db queued to process","timestamp":"2025-04-03 23:10:43"}
{"level":"info","message":"(cycling) check for queueing executions","timestamp":"2025-04-03 23:15:43"}
{"level":"info","message":"no execution in db queued to process","timestamp":"2025-04-03 23:15:43"}
{"level":"info","message":"(cycling) check for queueing executions","timestamp":"2025-04-03 23:20:43"}
{"level":"info","message":"no execution in db queued to process","timestamp":"2025-04-03 23:20:43"}
{"level":"info","message":"no more events need to be prepared, dispatching...","timestamp":"2025-04-03 23:25:09"}
{"level":"info","message":"last process finished, will do another dispatch","timestamp":"2025-04-03 23:25:09"}
{"level":"info","message":"no execution in db queued to process","timestamp":"2025-04-03 23:25:09"}
{"level":"info","message":"(cycling) check for queueing executions","timestamp":"2025-04-03 23:25:43"}
{"level":"info","message":"no execution in db queued to process","timestamp":"2025-04-03 23:25:43"}
{"level":"info","message":"(cycling) check for queueing executions","timestamp":"2025-04-03 23:30:43"}
{"level":"info","message":"no execution in db queued to process","timestamp":"2025-04-03 23:30:43"}
{"level":"info","message":"(cycling) check for queueing executions","timestamp":"2025-04-03 23:35:43"}
{"level":"info","message":"no execution in db queued to process","timestamp":"2025-04-03 23:35:43"}
