{"level":"info","message":"(cycling) check for queueing executions","timestamp":"2025-05-06 00:04:02"}
{"level":"info","message":"no execution in db queued to process","timestamp":"2025-05-06 00:04:02"}
{"level":"info","message":"(cycling) check for queueing executions","timestamp":"2025-05-06 00:09:02"}
{"level":"info","message":"no execution in db queued to process","timestamp":"2025-05-06 00:09:02"}
{"level":"info","message":"(cycling) check for queueing executions","timestamp":"2025-05-06 00:14:02"}
{"level":"info","message":"no execution in db queued to process","timestamp":"2025-05-06 00:14:02"}
{"level":"info","message":"(cycling) check for queueing executions","timestamp":"2025-05-06 00:19:02"}
{"level":"info","message":"no execution in db queued to process","timestamp":"2025-05-06 00:19:02"}
{"level":"info","message":"(cycling) check for queueing executions","timestamp":"2025-05-06 00:24:02"}
{"level":"info","message":"no execution in db queued to process","timestamp":"2025-05-06 00:24:02"}
{"level":"info","message":"(cycling) check for queueing executions","timestamp":"2025-05-06 00:29:02"}
{"level":"info","message":"no execution in db queued to process","timestamp":"2025-05-06 00:29:02"}
{"level":"info","message":"(cycling) check for queueing executions","timestamp":"2025-05-06 00:34:02"}
{"level":"info","message":"no execution in db queued to process","timestamp":"2025-05-06 00:34:02"}
{"level":"info","message":"(cycling) check for queueing executions","timestamp":"2025-05-06 00:39:02"}
{"level":"info","message":"no execution in db queued to process","timestamp":"2025-05-06 00:39:02"}
{"level":"info","message":"(cycling) check for queueing executions","timestamp":"2025-05-06 00:44:02"}
{"level":"info","message":"no execution in db queued to process","timestamp":"2025-05-06 00:44:02"}
{"level":"info","message":"(cycling) check for queueing executions","timestamp":"2025-05-06 00:49:02"}
{"level":"info","message":"no execution in db queued to process","timestamp":"2025-05-06 00:49:02"}
{"level":"info","message":"(cycling) check for queueing executions","timestamp":"2025-05-06 00:54:02"}
{"level":"info","message":"no execution in db queued to process","timestamp":"2025-05-06 00:54:02"}
{"level":"info","message":"(cycling) check for queueing executions","timestamp":"2025-05-06 00:59:02"}
{"level":"info","message":"no execution in db queued to process","timestamp":"2025-05-06 00:59:02"}
{"level":"info","message":"(cycling) check for queueing executions","timestamp":"2025-05-06 01:04:02"}
{"level":"info","message":"no execution in db queued to process","timestamp":"2025-05-06 01:04:02"}
{"level":"info","message":"(cycling) check for queueing executions","timestamp":"2025-05-06 01:09:02"}
{"level":"info","message":"no execution in db queued to process","timestamp":"2025-05-06 01:09:02"}
{"level":"info","message":"(cycling) check for queueing executions","timestamp":"2025-05-06 01:14:02"}
{"level":"info","message":"no execution in db queued to process","timestamp":"2025-05-06 01:14:02"}
{"level":"info","message":"(cycling) check for queueing executions","timestamp":"2025-05-06 01:19:02"}
{"level":"info","message":"no execution in db queued to process","timestamp":"2025-05-06 01:19:02"}
{"level":"info","message":"(cycling) check for queueing executions","timestamp":"2025-05-06 01:24:02"}
{"level":"info","message":"no execution in db queued to process","timestamp":"2025-05-06 01:24:02"}
{"level":"info","message":"(cycling) check for queueing executions","timestamp":"2025-05-06 01:29:02"}
{"level":"info","message":"no execution in db queued to process","timestamp":"2025-05-06 01:29:02"}
{"level":"info","message":"(cycling) check for queueing executions","timestamp":"2025-05-06 01:34:02"}
{"level":"info","message":"no execution in db queued to process","timestamp":"2025-05-06 01:34:02"}
{"level":"info","message":"(cycling) check for queueing executions","timestamp":"2025-05-06 01:39:02"}
{"level":"info","message":"no execution in db queued to process","timestamp":"2025-05-06 01:39:02"}
{"level":"info","message":"(cycling) check for queueing executions","timestamp":"2025-05-06 01:44:02"}
{"level":"info","message":"no execution in db queued to process","timestamp":"2025-05-06 01:44:02"}
{"level":"info","message":"(cycling) check for queueing executions","timestamp":"2025-05-06 01:49:02"}
{"level":"info","message":"no execution in db queued to process","timestamp":"2025-05-06 01:49:02"}
{"level":"info","message":"(cycling) check for queueing executions","timestamp":"2025-05-06 01:54:02"}
{"level":"info","message":"no execution in db queued to process","timestamp":"2025-05-06 01:54:02"}
{"level":"info","message":"(cycling) check for queueing executions","timestamp":"2025-05-06 01:59:02"}
{"level":"info","message":"no execution in db queued to process","timestamp":"2025-05-06 01:59:02"}
{"level":"info","message":"(cycling) check for queueing executions","timestamp":"2025-05-06 02:04:02"}
{"level":"info","message":"no execution in db queued to process","timestamp":"2025-05-06 02:04:02"}
{"level":"info","message":"(cycling) check for queueing executions","timestamp":"2025-05-06 02:09:02"}
{"level":"info","message":"no execution in db queued to process","timestamp":"2025-05-06 02:09:02"}
{"level":"info","message":"(cycling) check for queueing executions","timestamp":"2025-05-06 02:14:02"}
{"level":"info","message":"no execution in db queued to process","timestamp":"2025-05-06 02:14:02"}
{"level":"info","message":"(cycling) check for queueing executions","timestamp":"2025-05-06 02:19:02"}
{"level":"info","message":"no execution in db queued to process","timestamp":"2025-05-06 02:19:02"}
{"level":"info","message":"(cycling) check for queueing executions","timestamp":"2025-05-06 02:24:02"}
{"level":"info","message":"no execution in db queued to process","timestamp":"2025-05-06 02:24:02"}
{"level":"info","message":"(cycling) check for queueing executions","timestamp":"2025-05-06 02:29:02"}
{"level":"info","message":"no execution in db queued to process","timestamp":"2025-05-06 02:29:02"}
{"level":"info","message":"(cycling) check for queueing executions","timestamp":"2025-05-06 02:34:02"}
{"level":"info","message":"no execution in db queued to process","timestamp":"2025-05-06 02:34:02"}
{"level":"info","message":"(cycling) check for queueing executions","timestamp":"2025-05-06 02:39:02"}
{"level":"info","message":"no execution in db queued to process","timestamp":"2025-05-06 02:39:02"}
{"level":"info","message":"(cycling) check for queueing executions","timestamp":"2025-05-06 02:44:02"}
{"level":"info","message":"no execution in db queued to process","timestamp":"2025-05-06 02:44:02"}
{"level":"info","message":"(cycling) check for queueing executions","timestamp":"2025-05-06 02:49:02"}
{"level":"info","message":"no execution in db queued to process","timestamp":"2025-05-06 02:49:02"}
{"level":"info","message":"(cycling) check for queueing executions","timestamp":"2025-05-06 02:54:02"}
{"level":"info","message":"no execution in db queued to process","timestamp":"2025-05-06 02:54:02"}
{"level":"info","message":"(cycling) check for queueing executions","timestamp":"2025-05-06 02:59:02"}
{"level":"info","message":"no execution in db queued to process","timestamp":"2025-05-06 02:59:02"}
{"level":"info","message":"(cycling) check for queueing executions","timestamp":"2025-05-06 03:04:02"}
{"level":"info","message":"no execution in db queued to process","timestamp":"2025-05-06 03:04:02"}
{"level":"info","message":"(cycling) check for queueing executions","timestamp":"2025-05-06 03:09:01"}
{"level":"info","message":"no execution in db queued to process","timestamp":"2025-05-06 03:09:02"}
{"level":"info","message":"(cycling) check for queueing executions","timestamp":"2025-05-06 03:14:01"}
{"level":"info","message":"no execution in db queued to process","timestamp":"2025-05-06 03:14:02"}
{"level":"info","message":"(cycling) check for queueing executions","timestamp":"2025-05-06 03:19:01"}
{"level":"info","message":"no execution in db queued to process","timestamp":"2025-05-06 03:19:02"}
{"level":"info","message":"(cycling) check for queueing executions","timestamp":"2025-05-06 03:24:01"}
{"level":"info","message":"no execution in db queued to process","timestamp":"2025-05-06 03:24:02"}
{"level":"info","message":"(cycling) check for queueing executions","timestamp":"2025-05-06 03:29:01"}
{"level":"info","message":"no execution in db queued to process","timestamp":"2025-05-06 03:29:01"}
{"level":"info","message":"(cycling) check for queueing executions","timestamp":"2025-05-06 03:34:01"}
{"level":"info","message":"no execution in db queued to process","timestamp":"2025-05-06 03:34:01"}
{"level":"info","message":"(cycling) check for queueing executions","timestamp":"2025-05-06 03:39:01"}
{"level":"info","message":"no execution in db queued to process","timestamp":"2025-05-06 03:39:01"}
{"level":"info","message":"(cycling) check for queueing executions","timestamp":"2025-05-06 03:44:01"}
{"level":"info","message":"no execution in db queued to process","timestamp":"2025-05-06 03:44:01"}
{"level":"info","message":"no more events need to be prepared, dispatching...","timestamp":"2025-05-06 03:47:13"}
{"level":"info","message":"last process finished, will do another dispatch","timestamp":"2025-05-06 03:47:13"}
{"level":"info","message":"no execution in db queued to process","timestamp":"2025-05-06 03:47:13"}
{"level":"info","message":"no more events need to be prepared, dispatching...","timestamp":"2025-05-06 03:48:57"}
{"level":"info","message":"last process finished, will do another dispatch","timestamp":"2025-05-06 03:48:57"}
{"level":"info","message":"no execution in db queued to process","timestamp":"2025-05-06 03:48:57"}
{"level":"info","message":"(cycling) check for queueing executions","timestamp":"2025-05-06 03:49:01"}
{"level":"info","message":"no execution in db queued to process","timestamp":"2025-05-06 03:49:01"}
{"level":"info","message":"no more events need to be prepared, dispatching...","timestamp":"2025-05-06 03:49:36"}
{"level":"info","message":"last process finished, will do another dispatch","timestamp":"2025-05-06 03:49:36"}
{"level":"info","message":"no execution in db queued to process","timestamp":"2025-05-06 03:49:36"}
{"level":"info","message":"no more events need to be prepared, dispatching...","timestamp":"2025-05-06 03:49:43"}
{"level":"info","message":"last process finished, will do another dispatch","timestamp":"2025-05-06 03:49:43"}
{"level":"info","message":"no execution in db queued to process","timestamp":"2025-05-06 03:49:43"}
{"level":"info","message":"no more events need to be prepared, dispatching...","timestamp":"2025-05-06 03:49:49"}
{"level":"info","message":"last process finished, will do another dispatch","timestamp":"2025-05-06 03:49:49"}
{"level":"info","message":"no execution in db queued to process","timestamp":"2025-05-06 03:49:49"}
{"level":"info","message":"no more events need to be prepared, dispatching...","timestamp":"2025-05-06 03:49:55"}
{"level":"info","message":"last process finished, will do another dispatch","timestamp":"2025-05-06 03:49:55"}
{"level":"info","message":"no execution in db queued to process","timestamp":"2025-05-06 03:49:55"}
{"level":"info","message":"no more events need to be prepared, dispatching...","timestamp":"2025-05-06 03:52:54"}
{"level":"info","message":"last process finished, will do another dispatch","timestamp":"2025-05-06 03:52:54"}
{"level":"info","message":"no execution in db queued to process","timestamp":"2025-05-06 03:52:54"}
{"level":"info","message":"(cycling) check for queueing executions","timestamp":"2025-05-06 03:54:01"}
{"level":"info","message":"no execution in db queued to process","timestamp":"2025-05-06 03:54:01"}
{"level":"info","message":"no more events need to be prepared, dispatching...","timestamp":"2025-05-06 03:54:28"}
{"level":"info","message":"last process finished, will do another dispatch","timestamp":"2025-05-06 03:54:28"}
{"level":"info","message":"no execution in db queued to process","timestamp":"2025-05-06 03:54:28"}
{"level":"info","message":"no more events need to be prepared, dispatching...","timestamp":"2025-05-06 03:54:32"}
{"level":"info","message":"last process finished, will do another dispatch","timestamp":"2025-05-06 03:54:32"}
{"level":"info","message":"no execution in db queued to process","timestamp":"2025-05-06 03:54:32"}
{"level":"info","message":"no more events need to be prepared, dispatching...","timestamp":"2025-05-06 03:57:54"}
{"level":"info","message":"last process finished, will do another dispatch","timestamp":"2025-05-06 03:57:55"}
{"level":"info","message":"no execution in db queued to process","timestamp":"2025-05-06 03:57:55"}
{"level":"info","message":"no more events need to be prepared, dispatching...","timestamp":"2025-05-06 03:58:24"}
{"level":"info","message":"last process finished, will do another dispatch","timestamp":"2025-05-06 03:58:24"}
{"level":"info","message":"no execution in db queued to process","timestamp":"2025-05-06 03:58:24"}
{"level":"info","message":"(cycling) check for queueing executions","timestamp":"2025-05-06 03:59:01"}
{"level":"info","message":"no execution in db queued to process","timestamp":"2025-05-06 03:59:01"}
{"level":"info","message":"no more events need to be prepared, dispatching...","timestamp":"2025-05-06 04:00:42"}
{"level":"info","message":"last process finished, will do another dispatch","timestamp":"2025-05-06 04:00:42"}
{"level":"info","message":"no execution in db queued to process","timestamp":"2025-05-06 04:00:42"}
{"level":"info","message":"no more events need to be prepared, dispatching...","timestamp":"2025-05-06 04:00:49"}
{"level":"info","message":"last process finished, will do another dispatch","timestamp":"2025-05-06 04:00:49"}
{"level":"info","message":"no execution in db queued to process","timestamp":"2025-05-06 04:00:49"}
{"level":"info","message":"no more events need to be prepared, dispatching...","timestamp":"2025-05-06 04:01:00"}
{"level":"info","message":"last process finished, will do another dispatch","timestamp":"2025-05-06 04:01:00"}
{"level":"info","message":"no execution in db queued to process","timestamp":"2025-05-06 04:01:00"}
{"level":"info","message":"no more events need to be prepared, dispatching...","timestamp":"2025-05-06 04:01:05"}
{"level":"info","message":"last process finished, will do another dispatch","timestamp":"2025-05-06 04:01:05"}
{"level":"info","message":"no execution in db queued to process","timestamp":"2025-05-06 04:01:05"}
{"level":"info","message":"no more events need to be prepared, dispatching...","timestamp":"2025-05-06 04:01:25"}
{"level":"info","message":"last process finished, will do another dispatch","timestamp":"2025-05-06 04:01:25"}
{"level":"info","message":"no execution in db queued to process","timestamp":"2025-05-06 04:01:25"}
{"level":"info","message":"no more events need to be prepared, dispatching...","timestamp":"2025-05-06 04:02:05"}
{"level":"info","message":"last process finished, will do another dispatch","timestamp":"2025-05-06 04:02:05"}
{"level":"info","message":"no execution in db queued to process","timestamp":"2025-05-06 04:02:05"}
{"level":"info","message":"no more events need to be prepared, dispatching...","timestamp":"2025-05-06 04:02:10"}
{"level":"info","message":"last process finished, will do another dispatch","timestamp":"2025-05-06 04:02:10"}
{"level":"info","message":"no execution in db queued to process","timestamp":"2025-05-06 04:02:10"}
{"level":"info","message":"no more events need to be prepared, dispatching...","timestamp":"2025-05-06 04:02:47"}
{"level":"info","message":"last process finished, will do another dispatch","timestamp":"2025-05-06 04:02:47"}
{"level":"info","message":"no execution in db queued to process","timestamp":"2025-05-06 04:02:47"}
{"level":"info","message":"no more events need to be prepared, dispatching...","timestamp":"2025-05-06 04:02:55"}
{"level":"info","message":"last process finished, will do another dispatch","timestamp":"2025-05-06 04:02:55"}
{"level":"info","message":"no execution in db queued to process","timestamp":"2025-05-06 04:02:55"}
{"level":"info","message":"(cycling) check for queueing executions","timestamp":"2025-05-06 04:04:01"}
{"level":"info","message":"no execution in db queued to process","timestamp":"2025-05-06 04:04:01"}
{"level":"info","message":"(cycling) check for queueing executions","timestamp":"2025-05-06 04:09:01"}
{"level":"info","message":"no execution in db queued to process","timestamp":"2025-05-06 04:09:01"}
{"level":"info","message":"(cycling) check for queueing executions","timestamp":"2025-05-06 04:14:01"}
{"level":"info","message":"no execution in db queued to process","timestamp":"2025-05-06 04:14:01"}
{"level":"info","message":"(cycling) check for queueing executions","timestamp":"2025-05-06 04:19:01"}
{"level":"info","message":"no execution in db queued to process","timestamp":"2025-05-06 04:19:01"}
{"level":"info","message":"(cycling) check for queueing executions","timestamp":"2025-05-06 04:24:01"}
{"level":"info","message":"no execution in db queued to process","timestamp":"2025-05-06 04:24:01"}
{"level":"info","message":"(cycling) check for queueing executions","timestamp":"2025-05-06 04:29:01"}
{"level":"info","message":"no execution in db queued to process","timestamp":"2025-05-06 04:29:01"}
{"level":"info","message":"(cycling) check for queueing executions","timestamp":"2025-05-06 04:34:01"}
{"level":"info","message":"no execution in db queued to process","timestamp":"2025-05-06 04:34:01"}
{"level":"info","message":"(cycling) check for queueing executions","timestamp":"2025-05-06 04:39:01"}
{"level":"info","message":"no execution in db queued to process","timestamp":"2025-05-06 04:39:01"}
{"level":"info","message":"(cycling) check for queueing executions","timestamp":"2025-05-06 04:44:01"}
{"level":"info","message":"no execution in db queued to process","timestamp":"2025-05-06 04:44:01"}
{"level":"info","message":"(cycling) check for queueing executions","timestamp":"2025-05-06 04:49:01"}
{"level":"info","message":"no execution in db queued to process","timestamp":"2025-05-06 04:49:01"}
{"level":"info","message":"(cycling) check for queueing executions","timestamp":"2025-05-06 04:54:01"}
{"level":"info","message":"no execution in db queued to process","timestamp":"2025-05-06 04:54:01"}
{"level":"info","message":"(cycling) check for queueing executions","timestamp":"2025-05-06 04:59:01"}
{"level":"info","message":"no execution in db queued to process","timestamp":"2025-05-06 04:59:01"}
{"level":"info","message":"(cycling) check for queueing executions","timestamp":"2025-05-06 05:04:01"}
{"level":"info","message":"no execution in db queued to process","timestamp":"2025-05-06 05:04:01"}
{"level":"info","message":"no more events need to be prepared, dispatching...","timestamp":"2025-05-06 05:06:26"}
{"level":"info","message":"no more events need to be prepared, dispatching...","timestamp":"2025-05-06 05:06:26"}
{"level":"info","message":"last process finished, will do another dispatch","timestamp":"2025-05-06 05:06:26"}
{"level":"warn","message":"workflow executing is not finished, new dispatching will be ignored","timestamp":"2025-05-06 05:06:26"}
{"level":"info","message":"last process finished, will do another dispatch","timestamp":"2025-05-06 05:06:26"}
{"level":"info","message":"no execution in db queued to process","timestamp":"2025-05-06 05:06:26"}
{"level":"info","message":"no more events need to be prepared, dispatching...","timestamp":"2025-05-06 05:06:29"}
{"level":"info","message":"last process finished, will do another dispatch","timestamp":"2025-05-06 05:06:29"}
{"level":"info","message":"no execution in db queued to process","timestamp":"2025-05-06 05:06:29"}
{"level":"info","message":"no more events need to be prepared, dispatching...","timestamp":"2025-05-06 05:08:59"}
{"level":"info","message":"last process finished, will do another dispatch","timestamp":"2025-05-06 05:08:59"}
{"level":"info","message":"last process finished, will do another dispatch","timestamp":"2025-05-06 05:08:59"}
{"level":"info","message":"no execution in db queued to process","timestamp":"2025-05-06 05:08:59"}
{"level":"info","message":"(cycling) check for queueing executions","timestamp":"2025-05-06 05:09:01"}
{"level":"info","message":"no execution in db queued to process","timestamp":"2025-05-06 05:09:01"}
{"level":"info","message":"no more events need to be prepared, dispatching...","timestamp":"2025-05-06 05:10:05"}
{"level":"info","message":"last process finished, will do another dispatch","timestamp":"2025-05-06 05:10:05"}
{"level":"info","message":"no execution in db queued to process","timestamp":"2025-05-06 05:10:05"}
{"level":"info","message":"(cycling) check for queueing executions","timestamp":"2025-05-06 05:14:01"}
{"level":"info","message":"no execution in db queued to process","timestamp":"2025-05-06 05:14:01"}
{"level":"info","message":"(cycling) check for queueing executions","timestamp":"2025-05-06 05:19:01"}
{"level":"info","message":"no execution in db queued to process","timestamp":"2025-05-06 05:19:01"}
{"level":"info","message":"(cycling) check for queueing executions","timestamp":"2025-05-06 05:24:01"}
{"level":"info","message":"no execution in db queued to process","timestamp":"2025-05-06 05:24:01"}
{"level":"info","message":"no more events need to be prepared, dispatching...","timestamp":"2025-05-06 05:24:09"}
{"level":"info","message":"no more events need to be prepared, dispatching...","timestamp":"2025-05-06 05:24:09"}
{"level":"info","message":"last process finished, will do another dispatch","timestamp":"2025-05-06 05:24:09"}
{"level":"warn","message":"workflow executing is not finished, new dispatching will be ignored","timestamp":"2025-05-06 05:24:09"}
{"level":"info","message":"last process finished, will do another dispatch","timestamp":"2025-05-06 05:24:09"}
{"level":"info","message":"no execution in db queued to process","timestamp":"2025-05-06 05:24:09"}
{"level":"info","message":"no more events need to be prepared, dispatching...","timestamp":"2025-05-06 05:24:34"}
{"level":"info","message":"last process finished, will do another dispatch","timestamp":"2025-05-06 05:24:34"}
{"level":"info","message":"no execution in db queued to process","timestamp":"2025-05-06 05:24:34"}
{"level":"info","message":"(cycling) check for queueing executions","timestamp":"2025-05-06 05:29:01"}
{"level":"info","message":"no execution in db queued to process","timestamp":"2025-05-06 05:29:01"}
{"level":"info","message":"(cycling) check for queueing executions","timestamp":"2025-05-06 05:34:01"}
{"level":"info","message":"no execution in db queued to process","timestamp":"2025-05-06 05:34:01"}
{"level":"info","message":"(cycling) check for queueing executions","timestamp":"2025-05-06 05:39:01"}
{"level":"info","message":"no execution in db queued to process","timestamp":"2025-05-06 05:39:01"}
{"level":"info","message":"(cycling) check for queueing executions","timestamp":"2025-05-06 05:44:01"}
{"level":"info","message":"no execution in db queued to process","timestamp":"2025-05-06 05:44:01"}
{"level":"info","message":"(cycling) check for queueing executions","timestamp":"2025-05-06 05:49:01"}
{"level":"info","message":"no execution in db queued to process","timestamp":"2025-05-06 05:49:01"}
{"level":"info","message":"(cycling) check for queueing executions","timestamp":"2025-05-06 05:54:01"}
{"level":"info","message":"no execution in db queued to process","timestamp":"2025-05-06 05:54:01"}
{"level":"info","message":"(cycling) check for queueing executions","timestamp":"2025-05-06 05:59:01"}
{"level":"info","message":"no execution in db queued to process","timestamp":"2025-05-06 05:59:01"}
{"level":"info","message":"(cycling) check for queueing executions","timestamp":"2025-05-06 06:04:01"}
{"level":"info","message":"no execution in db queued to process","timestamp":"2025-05-06 06:04:01"}
{"level":"info","message":"(cycling) check for queueing executions","timestamp":"2025-05-06 06:09:01"}
{"level":"info","message":"no execution in db queued to process","timestamp":"2025-05-06 06:09:01"}
{"level":"info","message":"(cycling) check for queueing executions","timestamp":"2025-05-06 06:14:01"}
{"level":"info","message":"no execution in db queued to process","timestamp":"2025-05-06 06:14:01"}
{"level":"info","message":"(cycling) check for queueing executions","timestamp":"2025-05-06 06:19:01"}
{"level":"info","message":"no execution in db queued to process","timestamp":"2025-05-06 06:19:01"}
{"level":"info","message":"(cycling) check for queueing executions","timestamp":"2025-05-06 06:24:01"}
{"level":"info","message":"no execution in db queued to process","timestamp":"2025-05-06 06:24:01"}
{"level":"info","message":"(cycling) check for queueing executions","timestamp":"2025-05-06 06:29:01"}
{"level":"info","message":"no execution in db queued to process","timestamp":"2025-05-06 06:29:01"}
{"level":"info","message":"(cycling) check for queueing executions","timestamp":"2025-05-06 06:34:01"}
{"level":"info","message":"no execution in db queued to process","timestamp":"2025-05-06 06:34:01"}
{"level":"info","message":"(cycling) check for queueing executions","timestamp":"2025-05-06 06:39:01"}
{"level":"info","message":"no execution in db queued to process","timestamp":"2025-05-06 06:39:01"}
{"level":"info","message":"(cycling) check for queueing executions","timestamp":"2025-05-06 06:44:01"}
{"level":"info","message":"no execution in db queued to process","timestamp":"2025-05-06 06:44:01"}
{"level":"info","message":"(cycling) check for queueing executions","timestamp":"2025-05-06 06:49:01"}
{"level":"info","message":"no execution in db queued to process","timestamp":"2025-05-06 06:49:01"}
{"level":"info","message":"(cycling) check for queueing executions","timestamp":"2025-05-06 06:54:01"}
{"level":"info","message":"no execution in db queued to process","timestamp":"2025-05-06 06:54:01"}
{"level":"info","message":"(cycling) check for queueing executions","timestamp":"2025-05-06 06:59:01"}
{"level":"info","message":"no execution in db queued to process","timestamp":"2025-05-06 06:59:01"}
{"level":"info","message":"(cycling) check for queueing executions","timestamp":"2025-05-06 07:04:01"}
{"level":"info","message":"no execution in db queued to process","timestamp":"2025-05-06 07:04:01"}
{"level":"info","message":"(cycling) check for queueing executions","timestamp":"2025-05-06 07:09:01"}
{"level":"info","message":"no execution in db queued to process","timestamp":"2025-05-06 07:09:01"}
{"level":"info","message":"(cycling) check for queueing executions","timestamp":"2025-05-06 07:14:01"}
{"level":"info","message":"no execution in db queued to process","timestamp":"2025-05-06 07:14:01"}
{"level":"info","message":"(cycling) check for queueing executions","timestamp":"2025-05-06 07:19:01"}
{"level":"info","message":"no execution in db queued to process","timestamp":"2025-05-06 07:19:01"}
{"level":"info","message":"(cycling) check for queueing executions","timestamp":"2025-05-06 07:24:01"}
{"level":"info","message":"no execution in db queued to process","timestamp":"2025-05-06 07:24:01"}
{"level":"info","message":"(cycling) check for queueing executions","timestamp":"2025-05-06 07:29:01"}
{"level":"info","message":"no execution in db queued to process","timestamp":"2025-05-06 07:29:01"}
{"level":"info","message":"(cycling) check for queueing executions","timestamp":"2025-05-06 07:34:01"}
{"level":"info","message":"no execution in db queued to process","timestamp":"2025-05-06 07:34:01"}
{"level":"info","message":"(cycling) check for queueing executions","timestamp":"2025-05-06 07:39:01"}
{"level":"info","message":"no execution in db queued to process","timestamp":"2025-05-06 07:39:01"}
{"level":"info","message":"no more events need to be prepared, dispatching...","timestamp":"2025-05-06 07:39:03"}
{"level":"info","message":"last process finished, will do another dispatch","timestamp":"2025-05-06 07:39:04"}
{"level":"info","message":"no execution in db queued to process","timestamp":"2025-05-06 07:39:04"}
{"level":"info","message":"(cycling) check for queueing executions","timestamp":"2025-05-06 07:44:01"}
{"level":"info","message":"no execution in db queued to process","timestamp":"2025-05-06 07:44:01"}
{"level":"info","message":"(cycling) check for queueing executions","timestamp":"2025-05-06 07:49:01"}
{"level":"info","message":"no execution in db queued to process","timestamp":"2025-05-06 07:49:01"}
{"level":"info","message":"(cycling) check for queueing executions","timestamp":"2025-05-06 07:54:01"}
{"level":"info","message":"no execution in db queued to process","timestamp":"2025-05-06 07:54:01"}
{"level":"info","message":"no more events need to be prepared, dispatching...","timestamp":"2025-05-06 07:56:09"}
{"level":"info","message":"last process finished, will do another dispatch","timestamp":"2025-05-06 07:56:09"}
{"level":"info","message":"no execution in db queued to process","timestamp":"2025-05-06 07:56:09"}
{"level":"info","message":"no more events need to be prepared, dispatching...","timestamp":"2025-05-06 07:56:10"}
{"level":"info","message":"last process finished, will do another dispatch","timestamp":"2025-05-06 07:56:10"}
{"level":"info","message":"no execution in db queued to process","timestamp":"2025-05-06 07:56:10"}
{"level":"info","message":"no more events need to be prepared, dispatching...","timestamp":"2025-05-06 07:56:10"}
{"level":"info","message":"last process finished, will do another dispatch","timestamp":"2025-05-06 07:56:11"}
{"level":"info","message":"no execution in db queued to process","timestamp":"2025-05-06 07:56:11"}
{"level":"info","message":"no more events need to be prepared, dispatching...","timestamp":"2025-05-06 07:56:11"}
{"level":"info","message":"last process finished, will do another dispatch","timestamp":"2025-05-06 07:56:11"}
{"level":"info","message":"no execution in db queued to process","timestamp":"2025-05-06 07:56:11"}
{"level":"info","message":"(starting) check for queueing executions","timestamp":"2025-05-06 12:58:05"}
{"level":"info","message":"no execution in db queued to process","timestamp":"2025-05-06 12:58:05"}
{"level":"info","message":"(cycling) check for queueing executions","timestamp":"2025-05-06 13:03:05"}
{"level":"info","message":"no execution in db queued to process","timestamp":"2025-05-06 13:03:05"}
{"level":"info","message":"(cycling) check for queueing executions","timestamp":"2025-05-06 13:08:05"}
{"level":"info","message":"no execution in db queued to process","timestamp":"2025-05-06 13:08:05"}
{"level":"info","message":"(cycling) check for queueing executions","timestamp":"2025-05-06 13:13:05"}
{"level":"info","message":"no execution in db queued to process","timestamp":"2025-05-06 13:13:05"}
{"level":"info","message":"(cycling) check for queueing executions","timestamp":"2025-05-06 13:18:05"}
{"level":"info","message":"no execution in db queued to process","timestamp":"2025-05-06 13:18:05"}
{"level":"info","message":"(cycling) check for queueing executions","timestamp":"2025-05-06 13:23:05"}
{"level":"info","message":"no execution in db queued to process","timestamp":"2025-05-06 13:23:05"}
{"level":"info","message":"(cycling) check for queueing executions","timestamp":"2025-05-06 13:28:05"}
{"level":"info","message":"no execution in db queued to process","timestamp":"2025-05-06 13:28:05"}
{"level":"info","message":"(cycling) check for queueing executions","timestamp":"2025-05-06 13:33:05"}
{"level":"info","message":"no execution in db queued to process","timestamp":"2025-05-06 13:33:05"}
{"level":"info","message":"(cycling) check for queueing executions","timestamp":"2025-05-06 13:38:05"}
{"level":"info","message":"no execution in db queued to process","timestamp":"2025-05-06 13:38:05"}
{"level":"info","message":"(cycling) check for queueing executions","timestamp":"2025-05-06 13:43:05"}
{"level":"info","message":"no execution in db queued to process","timestamp":"2025-05-06 13:43:05"}
{"level":"info","message":"(cycling) check for queueing executions","timestamp":"2025-05-06 13:48:05"}
{"level":"info","message":"no execution in db queued to process","timestamp":"2025-05-06 13:48:05"}
{"level":"info","message":"(cycling) check for queueing executions","timestamp":"2025-05-06 13:53:05"}
{"level":"info","message":"no execution in db queued to process","timestamp":"2025-05-06 13:53:05"}
{"level":"info","message":"(cycling) check for queueing executions","timestamp":"2025-05-06 13:58:05"}
{"level":"info","message":"no execution in db queued to process","timestamp":"2025-05-06 13:58:05"}
{"level":"info","message":"(cycling) check for queueing executions","timestamp":"2025-05-06 14:03:05"}
{"level":"info","message":"no execution in db queued to process","timestamp":"2025-05-06 14:03:05"}
{"level":"info","message":"(cycling) check for queueing executions","timestamp":"2025-05-06 14:08:05"}
{"level":"info","message":"no execution in db queued to process","timestamp":"2025-05-06 14:08:05"}
{"level":"info","message":"(cycling) check for queueing executions","timestamp":"2025-05-06 14:13:05"}
{"level":"info","message":"no execution in db queued to process","timestamp":"2025-05-06 14:13:05"}
{"level":"info","message":"(cycling) check for queueing executions","timestamp":"2025-05-06 14:18:05"}
{"level":"info","message":"no execution in db queued to process","timestamp":"2025-05-06 14:18:05"}
{"level":"info","message":"(cycling) check for queueing executions","timestamp":"2025-05-06 14:23:05"}
{"level":"info","message":"no execution in db queued to process","timestamp":"2025-05-06 14:23:05"}
{"level":"info","message":"(cycling) check for queueing executions","timestamp":"2025-05-06 14:28:05"}
{"level":"info","message":"no execution in db queued to process","timestamp":"2025-05-06 14:28:05"}
{"level":"info","message":"(cycling) check for queueing executions","timestamp":"2025-05-06 14:33:05"}
{"level":"info","message":"no execution in db queued to process","timestamp":"2025-05-06 14:33:05"}
{"level":"info","message":"(cycling) check for queueing executions","timestamp":"2025-05-06 14:38:05"}
{"level":"info","message":"no execution in db queued to process","timestamp":"2025-05-06 14:38:05"}
{"level":"info","message":"(cycling) check for queueing executions","timestamp":"2025-05-06 14:43:05"}
{"level":"info","message":"no execution in db queued to process","timestamp":"2025-05-06 14:43:05"}
{"level":"info","message":"(cycling) check for queueing executions","timestamp":"2025-05-06 14:48:05"}
{"level":"info","message":"no execution in db queued to process","timestamp":"2025-05-06 14:48:05"}
{"level":"info","message":"(cycling) check for queueing executions","timestamp":"2025-05-06 14:53:05"}
{"level":"info","message":"no execution in db queued to process","timestamp":"2025-05-06 14:53:05"}
{"level":"info","message":"(cycling) check for queueing executions","timestamp":"2025-05-06 14:58:05"}
{"level":"info","message":"no execution in db queued to process","timestamp":"2025-05-06 14:58:05"}
{"level":"info","message":"(cycling) check for queueing executions","timestamp":"2025-05-06 15:03:05"}
{"level":"info","message":"no execution in db queued to process","timestamp":"2025-05-06 15:03:05"}
{"level":"info","message":"(cycling) check for queueing executions","timestamp":"2025-05-06 15:08:05"}
{"level":"info","message":"no execution in db queued to process","timestamp":"2025-05-06 15:08:05"}
{"level":"info","message":"(cycling) check for queueing executions","timestamp":"2025-05-06 15:13:05"}
{"level":"info","message":"no execution in db queued to process","timestamp":"2025-05-06 15:13:05"}
{"level":"info","message":"(cycling) check for queueing executions","timestamp":"2025-05-06 15:18:05"}
{"level":"info","message":"no execution in db queued to process","timestamp":"2025-05-06 15:18:05"}
{"level":"info","message":"(cycling) check for queueing executions","timestamp":"2025-05-06 15:23:05"}
{"level":"info","message":"no execution in db queued to process","timestamp":"2025-05-06 15:23:05"}
{"level":"info","message":"(cycling) check for queueing executions","timestamp":"2025-05-06 15:28:05"}
{"level":"info","message":"no execution in db queued to process","timestamp":"2025-05-06 15:28:05"}
{"level":"info","message":"(cycling) check for queueing executions","timestamp":"2025-05-06 15:33:05"}
{"level":"info","message":"no execution in db queued to process","timestamp":"2025-05-06 15:33:05"}
{"level":"info","message":"(cycling) check for queueing executions","timestamp":"2025-05-06 15:38:05"}
{"level":"info","message":"no execution in db queued to process","timestamp":"2025-05-06 15:38:05"}
{"level":"info","message":"(cycling) check for queueing executions","timestamp":"2025-05-06 15:43:05"}
{"level":"info","message":"no execution in db queued to process","timestamp":"2025-05-06 15:43:05"}
{"level":"info","message":"(cycling) check for queueing executions","timestamp":"2025-05-06 15:48:05"}
{"level":"info","message":"no execution in db queued to process","timestamp":"2025-05-06 15:48:05"}
{"level":"info","message":"(cycling) check for queueing executions","timestamp":"2025-05-06 15:53:05"}
{"level":"info","message":"no execution in db queued to process","timestamp":"2025-05-06 15:53:05"}
{"level":"info","message":"(cycling) check for queueing executions","timestamp":"2025-05-06 15:58:05"}
{"level":"info","message":"no execution in db queued to process","timestamp":"2025-05-06 15:58:05"}
{"level":"info","message":"(cycling) check for queueing executions","timestamp":"2025-05-06 16:03:05"}
{"level":"info","message":"no execution in db queued to process","timestamp":"2025-05-06 16:03:05"}
{"level":"info","message":"(cycling) check for queueing executions","timestamp":"2025-05-06 16:08:05"}
{"level":"info","message":"no execution in db queued to process","timestamp":"2025-05-06 16:08:05"}
{"level":"info","message":"(cycling) check for queueing executions","timestamp":"2025-05-06 16:13:05"}
{"level":"info","message":"no execution in db queued to process","timestamp":"2025-05-06 16:13:05"}
{"level":"info","message":"(cycling) check for queueing executions","timestamp":"2025-05-06 16:18:05"}
{"level":"info","message":"no execution in db queued to process","timestamp":"2025-05-06 16:18:05"}
{"level":"info","message":"(cycling) check for queueing executions","timestamp":"2025-05-06 16:23:05"}
{"level":"info","message":"no execution in db queued to process","timestamp":"2025-05-06 16:23:05"}
{"level":"info","message":"(cycling) check for queueing executions","timestamp":"2025-05-06 16:28:05"}
{"level":"info","message":"no execution in db queued to process","timestamp":"2025-05-06 16:28:05"}
{"level":"info","message":"(cycling) check for queueing executions","timestamp":"2025-05-06 16:33:05"}
{"level":"info","message":"no execution in db queued to process","timestamp":"2025-05-06 16:33:05"}
{"level":"info","message":"(cycling) check for queueing executions","timestamp":"2025-05-06 16:38:05"}
{"level":"info","message":"no execution in db queued to process","timestamp":"2025-05-06 16:38:05"}
{"level":"info","message":"(cycling) check for queueing executions","timestamp":"2025-05-06 16:43:05"}
{"level":"info","message":"no execution in db queued to process","timestamp":"2025-05-06 16:43:05"}
{"level":"info","message":"(cycling) check for queueing executions","timestamp":"2025-05-06 16:48:05"}
{"level":"info","message":"no execution in db queued to process","timestamp":"2025-05-06 16:48:05"}
{"level":"info","message":"(cycling) check for queueing executions","timestamp":"2025-05-06 16:53:05"}
{"level":"info","message":"no execution in db queued to process","timestamp":"2025-05-06 16:53:05"}
{"level":"info","message":"(cycling) check for queueing executions","timestamp":"2025-05-06 16:58:05"}
{"level":"info","message":"no execution in db queued to process","timestamp":"2025-05-06 16:58:05"}
{"level":"info","message":"(cycling) check for queueing executions","timestamp":"2025-05-06 17:03:05"}
{"level":"info","message":"no execution in db queued to process","timestamp":"2025-05-06 17:03:05"}
{"level":"info","message":"(cycling) check for queueing executions","timestamp":"2025-05-06 17:08:05"}
{"level":"info","message":"no execution in db queued to process","timestamp":"2025-05-06 17:08:05"}
{"level":"info","message":"(cycling) check for queueing executions","timestamp":"2025-05-06 17:13:05"}
{"level":"info","message":"no execution in db queued to process","timestamp":"2025-05-06 17:13:05"}
{"level":"info","message":"(cycling) check for queueing executions","timestamp":"2025-05-06 17:18:05"}
{"level":"info","message":"no execution in db queued to process","timestamp":"2025-05-06 17:18:05"}
