{"level":"info","message":"(cycling) check for queueing executions","timestamp":"2025-04-08 00:53:57"}
{"level":"info","message":"no execution in db queued to process","timestamp":"2025-04-08 00:53:57"}
{"level":"info","message":"no more events need to be prepared, dispatching...","timestamp":"2025-04-08 00:55:10"}
{"level":"info","message":"last process finished, will do another dispatch","timestamp":"2025-04-08 00:55:10"}
{"level":"info","message":"no execution in db queued to process","timestamp":"2025-04-08 00:55:10"}
{"level":"info","message":"no more events need to be prepared, dispatching...","timestamp":"2025-04-08 00:55:28"}
{"level":"info","message":"last process finished, will do another dispatch","timestamp":"2025-04-08 00:55:28"}
{"level":"info","message":"no execution in db queued to process","timestamp":"2025-04-08 00:55:28"}
{"level":"info","message":"no more events need to be prepared, dispatching...","timestamp":"2025-04-08 00:55:40"}
{"level":"info","message":"last process finished, will do another dispatch","timestamp":"2025-04-08 00:55:40"}
{"level":"info","message":"no execution in db queued to process","timestamp":"2025-04-08 00:55:40"}
{"level":"info","message":"no more events need to be prepared, dispatching...","timestamp":"2025-04-08 00:56:06"}
{"level":"info","message":"last process finished, will do another dispatch","timestamp":"2025-04-08 00:56:06"}
{"level":"info","message":"no execution in db queued to process","timestamp":"2025-04-08 00:56:06"}
{"level":"info","message":"no more events need to be prepared, dispatching...","timestamp":"2025-04-08 00:56:18"}
{"level":"info","message":"last process finished, will do another dispatch","timestamp":"2025-04-08 00:56:18"}
{"level":"info","message":"no execution in db queued to process","timestamp":"2025-04-08 00:56:18"}
{"level":"info","message":"(cycling) check for queueing executions","timestamp":"2025-04-08 00:58:57"}
{"level":"info","message":"no execution in db queued to process","timestamp":"2025-04-08 00:58:57"}
{"level":"info","message":"(cycling) check for queueing executions","timestamp":"2025-04-08 01:03:57"}
{"level":"info","message":"no execution in db queued to process","timestamp":"2025-04-08 01:03:57"}
{"level":"info","message":"(cycling) check for queueing executions","timestamp":"2025-04-08 01:08:56"}
{"level":"info","message":"no execution in db queued to process","timestamp":"2025-04-08 01:08:57"}
{"level":"info","message":"(cycling) check for queueing executions","timestamp":"2025-04-08 01:13:56"}
{"level":"info","message":"no execution in db queued to process","timestamp":"2025-04-08 01:13:57"}
{"level":"info","message":"no more events need to be prepared, dispatching...","timestamp":"2025-04-08 01:15:09"}
{"level":"info","message":"last process finished, will do another dispatch","timestamp":"2025-04-08 01:15:09"}
{"level":"info","message":"no execution in db queued to process","timestamp":"2025-04-08 01:15:09"}
{"level":"info","message":"no more events need to be prepared, dispatching...","timestamp":"2025-04-08 01:15:15"}
{"level":"info","message":"last process finished, will do another dispatch","timestamp":"2025-04-08 01:15:15"}
{"level":"info","message":"no execution in db queued to process","timestamp":"2025-04-08 01:15:15"}
{"level":"info","message":"no more events need to be prepared, dispatching...","timestamp":"2025-04-08 01:15:52"}
{"level":"info","message":"last process finished, will do another dispatch","timestamp":"2025-04-08 01:15:52"}
{"level":"info","message":"no execution in db queued to process","timestamp":"2025-04-08 01:15:52"}
{"level":"info","message":"no more events need to be prepared, dispatching...","timestamp":"2025-04-08 01:16:20"}
{"level":"info","message":"last process finished, will do another dispatch","timestamp":"2025-04-08 01:16:20"}
{"level":"info","message":"no execution in db queued to process","timestamp":"2025-04-08 01:16:20"}
{"level":"info","message":"(cycling) check for queueing executions","timestamp":"2025-04-08 01:18:56"}
{"level":"info","message":"no execution in db queued to process","timestamp":"2025-04-08 01:18:57"}
{"level":"info","message":"(cycling) check for queueing executions","timestamp":"2025-04-08 01:23:56"}
{"level":"info","message":"no execution in db queued to process","timestamp":"2025-04-08 01:23:57"}
{"level":"info","message":"no more events need to be prepared, dispatching...","timestamp":"2025-04-08 01:26:33"}
{"level":"info","message":"last process finished, will do another dispatch","timestamp":"2025-04-08 01:26:33"}
{"level":"info","message":"no execution in db queued to process","timestamp":"2025-04-08 01:26:33"}
{"level":"info","message":"no more events need to be prepared, dispatching...","timestamp":"2025-04-08 01:26:47"}
{"level":"info","message":"last process finished, will do another dispatch","timestamp":"2025-04-08 01:26:47"}
{"level":"info","message":"no execution in db queued to process","timestamp":"2025-04-08 01:26:47"}
{"level":"info","message":"no more events need to be prepared, dispatching...","timestamp":"2025-04-08 01:27:00"}
{"level":"info","message":"last process finished, will do another dispatch","timestamp":"2025-04-08 01:27:01"}
{"level":"info","message":"no execution in db queued to process","timestamp":"2025-04-08 01:27:01"}
{"level":"info","message":"no more events need to be prepared, dispatching...","timestamp":"2025-04-08 01:27:13"}
{"level":"info","message":"last process finished, will do another dispatch","timestamp":"2025-04-08 01:27:13"}
{"level":"info","message":"no execution in db queued to process","timestamp":"2025-04-08 01:27:13"}
{"level":"info","message":"no more events need to be prepared, dispatching...","timestamp":"2025-04-08 01:27:20"}
{"level":"info","message":"last process finished, will do another dispatch","timestamp":"2025-04-08 01:27:20"}
{"level":"info","message":"no execution in db queued to process","timestamp":"2025-04-08 01:27:20"}
{"level":"info","message":"no more events need to be prepared, dispatching...","timestamp":"2025-04-08 01:27:29"}
{"level":"info","message":"last process finished, will do another dispatch","timestamp":"2025-04-08 01:27:29"}
{"level":"info","message":"no execution in db queued to process","timestamp":"2025-04-08 01:27:29"}
{"level":"info","message":"no more events need to be prepared, dispatching...","timestamp":"2025-04-08 01:27:47"}
{"level":"info","message":"last process finished, will do another dispatch","timestamp":"2025-04-08 01:27:47"}
{"level":"info","message":"no execution in db queued to process","timestamp":"2025-04-08 01:27:47"}
{"level":"info","message":"no more events need to be prepared, dispatching...","timestamp":"2025-04-08 01:27:58"}
{"level":"info","message":"last process finished, will do another dispatch","timestamp":"2025-04-08 01:27:58"}
{"level":"info","message":"no execution in db queued to process","timestamp":"2025-04-08 01:27:58"}
{"level":"info","message":"no more events need to be prepared, dispatching...","timestamp":"2025-04-08 01:28:07"}
{"level":"info","message":"last process finished, will do another dispatch","timestamp":"2025-04-08 01:28:07"}
{"level":"info","message":"no execution in db queued to process","timestamp":"2025-04-08 01:28:07"}
{"level":"info","message":"no more events need to be prepared, dispatching...","timestamp":"2025-04-08 01:28:29"}
{"level":"info","message":"last process finished, will do another dispatch","timestamp":"2025-04-08 01:28:29"}
{"level":"info","message":"no execution in db queued to process","timestamp":"2025-04-08 01:28:29"}
{"level":"info","message":"no more events need to be prepared, dispatching...","timestamp":"2025-04-08 01:28:39"}
{"level":"info","message":"last process finished, will do another dispatch","timestamp":"2025-04-08 01:28:39"}
{"level":"info","message":"no execution in db queued to process","timestamp":"2025-04-08 01:28:39"}
{"level":"info","message":"no more events need to be prepared, dispatching...","timestamp":"2025-04-08 01:28:54"}
{"level":"info","message":"last process finished, will do another dispatch","timestamp":"2025-04-08 01:28:54"}
{"level":"info","message":"no execution in db queued to process","timestamp":"2025-04-08 01:28:54"}
{"level":"info","message":"(cycling) check for queueing executions","timestamp":"2025-04-08 01:28:58"}
{"level":"info","message":"no execution in db queued to process","timestamp":"2025-04-08 01:28:58"}
{"level":"info","message":"no more events need to be prepared, dispatching...","timestamp":"2025-04-08 01:29:11"}
{"level":"info","message":"last process finished, will do another dispatch","timestamp":"2025-04-08 01:29:11"}
{"level":"info","message":"no execution in db queued to process","timestamp":"2025-04-08 01:29:11"}
{"level":"info","message":"no more events need to be prepared, dispatching...","timestamp":"2025-04-08 01:30:46"}
{"level":"info","message":"last process finished, will do another dispatch","timestamp":"2025-04-08 01:30:46"}
{"level":"info","message":"no execution in db queued to process","timestamp":"2025-04-08 01:30:46"}
{"level":"info","message":"no more events need to be prepared, dispatching...","timestamp":"2025-04-08 01:31:04"}
{"level":"info","message":"last process finished, will do another dispatch","timestamp":"2025-04-08 01:31:04"}
{"level":"info","message":"no execution in db queued to process","timestamp":"2025-04-08 01:31:04"}
{"level":"info","message":"no more events need to be prepared, dispatching...","timestamp":"2025-04-08 01:31:11"}
{"level":"info","message":"last process finished, will do another dispatch","timestamp":"2025-04-08 01:31:11"}
{"level":"info","message":"no execution in db queued to process","timestamp":"2025-04-08 01:31:11"}
{"level":"info","message":"no more events need to be prepared, dispatching...","timestamp":"2025-04-08 01:31:19"}
{"level":"info","message":"last process finished, will do another dispatch","timestamp":"2025-04-08 01:31:19"}
{"level":"info","message":"no execution in db queued to process","timestamp":"2025-04-08 01:31:19"}
{"level":"info","message":"no more events need to be prepared, dispatching...","timestamp":"2025-04-08 01:32:10"}
{"level":"info","message":"last process finished, will do another dispatch","timestamp":"2025-04-08 01:32:10"}
{"level":"info","message":"last process finished, will do another dispatch","timestamp":"2025-04-08 01:32:10"}
{"level":"info","message":"last process finished, will do another dispatch","timestamp":"2025-04-08 01:32:10"}
{"level":"info","message":"no execution in db queued to process","timestamp":"2025-04-08 01:32:10"}
{"level":"info","message":"no more events need to be prepared, dispatching...","timestamp":"2025-04-08 01:32:58"}
{"level":"info","message":"no more events need to be prepared, dispatching...","timestamp":"2025-04-08 01:32:58"}
{"level":"info","message":"no more events need to be prepared, dispatching...","timestamp":"2025-04-08 01:32:58"}
{"level":"info","message":"no more events need to be prepared, dispatching...","timestamp":"2025-04-08 01:32:58"}
{"level":"info","message":"no more events need to be prepared, dispatching...","timestamp":"2025-04-08 01:32:59"}
{"level":"info","message":"no more events need to be prepared, dispatching...","timestamp":"2025-04-08 01:32:59"}
{"level":"info","message":"no more events need to be prepared, dispatching...","timestamp":"2025-04-08 01:32:59"}
{"level":"info","message":"no more events need to be prepared, dispatching...","timestamp":"2025-04-08 01:32:59"}
{"level":"info","message":"no more events need to be prepared, dispatching...","timestamp":"2025-04-08 01:32:59"}
{"level":"info","message":"no more events need to be prepared, dispatching...","timestamp":"2025-04-08 01:32:59"}
{"level":"info","message":"last process finished, will do another dispatch","timestamp":"2025-04-08 01:32:59"}
{"level":"warn","message":"workflow executing is not finished, new dispatching will be ignored","timestamp":"2025-04-08 01:32:59"}
{"level":"warn","message":"workflow executing is not finished, new dispatching will be ignored","timestamp":"2025-04-08 01:32:59"}
{"level":"warn","message":"workflow executing is not finished, new dispatching will be ignored","timestamp":"2025-04-08 01:32:59"}
{"level":"warn","message":"workflow executing is not finished, new dispatching will be ignored","timestamp":"2025-04-08 01:32:59"}
{"level":"warn","message":"workflow executing is not finished, new dispatching will be ignored","timestamp":"2025-04-08 01:32:59"}
{"level":"warn","message":"workflow executing is not finished, new dispatching will be ignored","timestamp":"2025-04-08 01:32:59"}
{"level":"warn","message":"workflow executing is not finished, new dispatching will be ignored","timestamp":"2025-04-08 01:32:59"}
{"level":"warn","message":"workflow executing is not finished, new dispatching will be ignored","timestamp":"2025-04-08 01:32:59"}
{"level":"warn","message":"workflow executing is not finished, new dispatching will be ignored","timestamp":"2025-04-08 01:32:59"}
{"level":"info","message":"no more events need to be prepared, dispatching...","timestamp":"2025-04-08 01:32:59"}
{"level":"info","message":"last process finished, will do another dispatch","timestamp":"2025-04-08 01:32:59"}
{"level":"warn","message":"workflow executing is not finished, new dispatching will be ignored","timestamp":"2025-04-08 01:32:59"}
{"level":"info","message":"last process finished, will do another dispatch","timestamp":"2025-04-08 01:32:59"}
{"level":"info","message":"last process finished, will do another dispatch","timestamp":"2025-04-08 01:32:59"}
{"level":"info","message":"last process finished, will do another dispatch","timestamp":"2025-04-08 01:32:59"}
{"level":"info","message":"last process finished, will do another dispatch","timestamp":"2025-04-08 01:32:59"}
{"level":"info","message":"last process finished, will do another dispatch","timestamp":"2025-04-08 01:32:59"}
{"level":"info","message":"last process finished, will do another dispatch","timestamp":"2025-04-08 01:32:59"}
{"level":"info","message":"last process finished, will do another dispatch","timestamp":"2025-04-08 01:32:59"}
{"level":"info","message":"last process finished, will do another dispatch","timestamp":"2025-04-08 01:32:59"}
{"level":"info","message":"last process finished, will do another dispatch","timestamp":"2025-04-08 01:32:59"}
{"level":"info","message":"last process finished, will do another dispatch","timestamp":"2025-04-08 01:32:59"}
{"level":"info","message":"no execution in db queued to process","timestamp":"2025-04-08 01:32:59"}
{"level":"info","message":"no more events need to be prepared, dispatching...","timestamp":"2025-04-08 01:33:31"}
{"level":"info","message":"no more events need to be prepared, dispatching...","timestamp":"2025-04-08 01:33:31"}
{"level":"info","message":"no more events need to be prepared, dispatching...","timestamp":"2025-04-08 01:33:31"}
{"level":"info","message":"no more events need to be prepared, dispatching...","timestamp":"2025-04-08 01:33:31"}
{"level":"info","message":"no more events need to be prepared, dispatching...","timestamp":"2025-04-08 01:33:31"}
{"level":"info","message":"last process finished, will do another dispatch","timestamp":"2025-04-08 01:33:31"}
{"level":"warn","message":"workflow executing is not finished, new dispatching will be ignored","timestamp":"2025-04-08 01:33:31"}
{"level":"warn","message":"workflow executing is not finished, new dispatching will be ignored","timestamp":"2025-04-08 01:33:31"}
{"level":"warn","message":"workflow executing is not finished, new dispatching will be ignored","timestamp":"2025-04-08 01:33:31"}
{"level":"warn","message":"workflow executing is not finished, new dispatching will be ignored","timestamp":"2025-04-08 01:33:31"}
{"level":"info","message":"last process finished, will do another dispatch","timestamp":"2025-04-08 01:33:31"}
{"level":"info","message":"last process finished, will do another dispatch","timestamp":"2025-04-08 01:33:31"}
{"level":"info","message":"last process finished, will do another dispatch","timestamp":"2025-04-08 01:33:31"}
{"level":"info","message":"last process finished, will do another dispatch","timestamp":"2025-04-08 01:33:31"}
{"level":"info","message":"last process finished, will do another dispatch","timestamp":"2025-04-08 01:33:31"}
{"level":"info","message":"no execution in db queued to process","timestamp":"2025-04-08 01:33:31"}
{"level":"info","message":"(cycling) check for queueing executions","timestamp":"2025-04-08 01:33:58"}
{"level":"info","message":"no execution in db queued to process","timestamp":"2025-04-08 01:33:58"}
{"level":"info","message":"no more events need to be prepared, dispatching...","timestamp":"2025-04-08 01:33:58"}
{"level":"info","message":"no more events need to be prepared, dispatching...","timestamp":"2025-04-08 01:33:58"}
{"level":"info","message":"no more events need to be prepared, dispatching...","timestamp":"2025-04-08 01:33:58"}
{"level":"info","message":"no more events need to be prepared, dispatching...","timestamp":"2025-04-08 01:33:58"}
{"level":"info","message":"no more events need to be prepared, dispatching...","timestamp":"2025-04-08 01:33:58"}
{"level":"info","message":"last process finished, will do another dispatch","timestamp":"2025-04-08 01:33:58"}
{"level":"warn","message":"workflow executing is not finished, new dispatching will be ignored","timestamp":"2025-04-08 01:33:58"}
{"level":"warn","message":"workflow executing is not finished, new dispatching will be ignored","timestamp":"2025-04-08 01:33:58"}
{"level":"warn","message":"workflow executing is not finished, new dispatching will be ignored","timestamp":"2025-04-08 01:33:58"}
{"level":"warn","message":"workflow executing is not finished, new dispatching will be ignored","timestamp":"2025-04-08 01:33:58"}
{"level":"info","message":"last process finished, will do another dispatch","timestamp":"2025-04-08 01:33:58"}
{"level":"info","message":"last process finished, will do another dispatch","timestamp":"2025-04-08 01:33:58"}
{"level":"info","message":"last process finished, will do another dispatch","timestamp":"2025-04-08 01:33:58"}
{"level":"info","message":"last process finished, will do another dispatch","timestamp":"2025-04-08 01:33:58"}
{"level":"info","message":"last process finished, will do another dispatch","timestamp":"2025-04-08 01:33:58"}
{"level":"info","message":"no execution in db queued to process","timestamp":"2025-04-08 01:33:58"}
{"level":"info","message":"no more events need to be prepared, dispatching...","timestamp":"2025-04-08 01:34:27"}
{"level":"info","message":"last process finished, will do another dispatch","timestamp":"2025-04-08 01:34:27"}
{"level":"info","message":"no execution in db queued to process","timestamp":"2025-04-08 01:34:27"}
{"level":"info","message":"no more events need to be prepared, dispatching...","timestamp":"2025-04-08 01:34:42"}
{"level":"info","message":"last process finished, will do another dispatch","timestamp":"2025-04-08 01:34:42"}
{"level":"info","message":"no execution in db queued to process","timestamp":"2025-04-08 01:34:42"}
{"level":"info","message":"no more events need to be prepared, dispatching...","timestamp":"2025-04-08 01:34:54"}
{"level":"info","message":"last process finished, will do another dispatch","timestamp":"2025-04-08 01:34:54"}
{"level":"info","message":"no execution in db queued to process","timestamp":"2025-04-08 01:34:54"}
{"level":"info","message":"no more events need to be prepared, dispatching...","timestamp":"2025-04-08 01:35:05"}
{"level":"info","message":"last process finished, will do another dispatch","timestamp":"2025-04-08 01:35:05"}
{"level":"info","message":"no execution in db queued to process","timestamp":"2025-04-08 01:35:05"}
{"level":"info","message":"no more events need to be prepared, dispatching...","timestamp":"2025-04-08 01:38:13"}
{"level":"info","message":"last process finished, will do another dispatch","timestamp":"2025-04-08 01:38:13"}
{"level":"info","message":"no execution in db queued to process","timestamp":"2025-04-08 01:38:13"}
{"level":"info","message":"no more events need to be prepared, dispatching...","timestamp":"2025-04-08 01:38:32"}
{"level":"info","message":"last process finished, will do another dispatch","timestamp":"2025-04-08 01:38:32"}
{"level":"info","message":"no execution in db queued to process","timestamp":"2025-04-08 01:38:32"}
{"level":"info","message":"(cycling) check for queueing executions","timestamp":"2025-04-08 01:38:58"}
{"level":"info","message":"no execution in db queued to process","timestamp":"2025-04-08 01:38:58"}
{"level":"info","message":"no more events need to be prepared, dispatching...","timestamp":"2025-04-08 01:41:21"}
{"level":"info","message":"last process finished, will do another dispatch","timestamp":"2025-04-08 01:41:21"}
{"level":"info","message":"no execution in db queued to process","timestamp":"2025-04-08 01:41:21"}
{"level":"info","message":"(cycling) check for queueing executions","timestamp":"2025-04-08 01:43:58"}
{"level":"info","message":"no execution in db queued to process","timestamp":"2025-04-08 01:43:58"}
{"level":"info","message":"(cycling) check for queueing executions","timestamp":"2025-04-08 01:48:58"}
{"level":"info","message":"no execution in db queued to process","timestamp":"2025-04-08 01:48:58"}
{"level":"info","message":"(cycling) check for queueing executions","timestamp":"2025-04-08 01:53:58"}
{"level":"info","message":"no execution in db queued to process","timestamp":"2025-04-08 01:53:58"}
{"level":"info","message":"(cycling) check for queueing executions","timestamp":"2025-04-08 01:58:58"}
{"level":"info","message":"no execution in db queued to process","timestamp":"2025-04-08 01:58:58"}
{"level":"info","message":"no more events need to be prepared, dispatching...","timestamp":"2025-04-08 02:03:39"}
{"level":"info","message":"last process finished, will do another dispatch","timestamp":"2025-04-08 02:03:39"}
{"level":"info","message":"no execution in db queued to process","timestamp":"2025-04-08 02:03:39"}
{"level":"info","message":"no more events need to be prepared, dispatching...","timestamp":"2025-04-08 02:03:51"}
{"level":"info","message":"last process finished, will do another dispatch","timestamp":"2025-04-08 02:03:51"}
{"level":"info","message":"no execution in db queued to process","timestamp":"2025-04-08 02:03:51"}
{"level":"info","message":"no more events need to be prepared, dispatching...","timestamp":"2025-04-08 02:03:57"}
{"level":"info","message":"last process finished, will do another dispatch","timestamp":"2025-04-08 02:03:57"}
{"level":"info","message":"no execution in db queued to process","timestamp":"2025-04-08 02:03:57"}
{"level":"info","message":"(cycling) check for queueing executions","timestamp":"2025-04-08 02:03:58"}
{"level":"info","message":"no execution in db queued to process","timestamp":"2025-04-08 02:03:58"}
{"level":"info","message":"no more events need to be prepared, dispatching...","timestamp":"2025-04-08 02:05:32"}
{"level":"info","message":"last process finished, will do another dispatch","timestamp":"2025-04-08 02:05:32"}
{"level":"info","message":"no execution in db queued to process","timestamp":"2025-04-08 02:05:32"}
{"level":"info","message":"no more events need to be prepared, dispatching...","timestamp":"2025-04-08 02:05:42"}
{"level":"info","message":"last process finished, will do another dispatch","timestamp":"2025-04-08 02:05:42"}
{"level":"info","message":"no execution in db queued to process","timestamp":"2025-04-08 02:05:42"}
{"level":"info","message":"no more events need to be prepared, dispatching...","timestamp":"2025-04-08 02:06:14"}
{"level":"info","message":"last process finished, will do another dispatch","timestamp":"2025-04-08 02:06:14"}
{"level":"info","message":"no execution in db queued to process","timestamp":"2025-04-08 02:06:14"}
{"level":"info","message":"no more events need to be prepared, dispatching...","timestamp":"2025-04-08 02:06:26"}
{"level":"info","message":"last process finished, will do another dispatch","timestamp":"2025-04-08 02:06:26"}
{"level":"info","message":"no execution in db queued to process","timestamp":"2025-04-08 02:06:26"}
{"level":"info","message":"no more events need to be prepared, dispatching...","timestamp":"2025-04-08 02:06:44"}
{"level":"info","message":"last process finished, will do another dispatch","timestamp":"2025-04-08 02:06:44"}
{"level":"info","message":"no execution in db queued to process","timestamp":"2025-04-08 02:06:44"}
{"level":"info","message":"(cycling) check for queueing executions","timestamp":"2025-04-08 02:08:58"}
{"level":"info","message":"no execution in db queued to process","timestamp":"2025-04-08 02:08:58"}
{"level":"info","message":"(cycling) check for queueing executions","timestamp":"2025-04-08 02:13:58"}
{"level":"info","message":"no execution in db queued to process","timestamp":"2025-04-08 02:13:58"}
{"level":"info","message":"(starting) check for queueing executions","timestamp":"2025-04-08 02:14:10"}
{"level":"info","message":"no execution in db queued to process","timestamp":"2025-04-08 02:14:10"}
{"level":"info","message":"(starting) check for queueing executions","timestamp":"2025-04-08 02:16:36"}
{"level":"info","message":"no execution in db queued to process","timestamp":"2025-04-08 02:16:36"}
{"level":"info","message":"(cycling) check for queueing executions","timestamp":"2025-04-08 02:21:36"}
{"level":"info","message":"no execution in db queued to process","timestamp":"2025-04-08 02:21:36"}
{"level":"info","message":"(starting) check for queueing executions","timestamp":"2025-04-08 02:22:01"}
{"level":"info","message":"no execution in db queued to process","timestamp":"2025-04-08 02:22:01"}
{"level":"info","message":"(starting) check for queueing executions","timestamp":"2025-04-08 02:25:52"}
{"level":"info","message":"no execution in db queued to process","timestamp":"2025-04-08 02:25:52"}
{"level":"info","message":"(cycling) check for queueing executions","timestamp":"2025-04-08 02:30:52"}
{"level":"info","message":"no execution in db queued to process","timestamp":"2025-04-08 02:30:52"}
{"level":"info","message":"no more events need to be prepared, dispatching...","timestamp":"2025-04-08 02:35:35"}
{"level":"info","message":"last process finished, will do another dispatch","timestamp":"2025-04-08 02:35:35"}
{"level":"info","message":"last process finished, will do another dispatch","timestamp":"2025-04-08 02:35:35"}
{"level":"info","message":"last process finished, will do another dispatch","timestamp":"2025-04-08 02:35:35"}
{"level":"info","message":"no execution in db queued to process","timestamp":"2025-04-08 02:35:35"}
{"level":"info","message":"(cycling) check for queueing executions","timestamp":"2025-04-08 02:35:52"}
{"level":"info","message":"no execution in db queued to process","timestamp":"2025-04-08 02:35:52"}
{"level":"info","message":"(cycling) check for queueing executions","timestamp":"2025-04-08 02:40:52"}
{"level":"info","message":"no execution in db queued to process","timestamp":"2025-04-08 02:40:52"}
{"level":"info","message":"no more events need to be prepared, dispatching...","timestamp":"2025-04-08 02:40:55"}
{"level":"info","message":"no more events need to be prepared, dispatching...","timestamp":"2025-04-08 02:40:55"}
{"level":"info","message":"no more events need to be prepared, dispatching...","timestamp":"2025-04-08 02:40:55"}
{"level":"info","message":"no more events need to be prepared, dispatching...","timestamp":"2025-04-08 02:40:55"}
{"level":"info","message":"last process finished, will do another dispatch","timestamp":"2025-04-08 02:40:55"}
{"level":"warn","message":"workflow executing is not finished, new dispatching will be ignored","timestamp":"2025-04-08 02:40:55"}
{"level":"warn","message":"workflow executing is not finished, new dispatching will be ignored","timestamp":"2025-04-08 02:40:55"}
{"level":"warn","message":"workflow executing is not finished, new dispatching will be ignored","timestamp":"2025-04-08 02:40:55"}
{"level":"info","message":"no more events need to be prepared, dispatching...","timestamp":"2025-04-08 02:40:55"}
{"level":"info","message":"last process finished, will do another dispatch","timestamp":"2025-04-08 02:40:55"}
{"level":"warn","message":"workflow executing is not finished, new dispatching will be ignored","timestamp":"2025-04-08 02:40:55"}
{"level":"info","message":"last process finished, will do another dispatch","timestamp":"2025-04-08 02:40:55"}
{"level":"info","message":"last process finished, will do another dispatch","timestamp":"2025-04-08 02:40:55"}
{"level":"info","message":"last process finished, will do another dispatch","timestamp":"2025-04-08 02:40:55"}
{"level":"info","message":"no execution in db queued to process","timestamp":"2025-04-08 02:40:55"}
{"level":"info","message":"no more events need to be prepared, dispatching...","timestamp":"2025-04-08 02:41:08"}
{"level":"info","message":"last process finished, will do another dispatch","timestamp":"2025-04-08 02:41:08"}
{"level":"info","message":"no execution in db queued to process","timestamp":"2025-04-08 02:41:08"}
{"level":"info","message":"no more events need to be prepared, dispatching...","timestamp":"2025-04-08 02:41:16"}
{"level":"info","message":"last process finished, will do another dispatch","timestamp":"2025-04-08 02:41:16"}
{"level":"info","message":"no execution in db queued to process","timestamp":"2025-04-08 02:41:16"}
{"level":"info","message":"no more events need to be prepared, dispatching...","timestamp":"2025-04-08 02:42:26"}
{"level":"info","message":"last process finished, will do another dispatch","timestamp":"2025-04-08 02:42:26"}
{"level":"info","message":"no execution in db queued to process","timestamp":"2025-04-08 02:42:26"}
{"level":"info","message":"no more events need to be prepared, dispatching...","timestamp":"2025-04-08 02:42:38"}
{"level":"info","message":"last process finished, will do another dispatch","timestamp":"2025-04-08 02:42:38"}
{"level":"info","message":"no execution in db queued to process","timestamp":"2025-04-08 02:42:38"}
{"level":"info","message":"no more events need to be prepared, dispatching...","timestamp":"2025-04-08 02:42:45"}
{"level":"info","message":"last process finished, will do another dispatch","timestamp":"2025-04-08 02:42:45"}
{"level":"info","message":"no execution in db queued to process","timestamp":"2025-04-08 02:42:45"}
{"level":"info","message":"no more events need to be prepared, dispatching...","timestamp":"2025-04-08 02:45:11"}
{"level":"info","message":"last process finished, will do another dispatch","timestamp":"2025-04-08 02:45:11"}
{"level":"info","message":"no execution in db queued to process","timestamp":"2025-04-08 02:45:11"}
{"level":"info","message":"no more events need to be prepared, dispatching...","timestamp":"2025-04-08 02:45:22"}
{"level":"info","message":"last process finished, will do another dispatch","timestamp":"2025-04-08 02:45:22"}
{"level":"info","message":"no execution in db queued to process","timestamp":"2025-04-08 02:45:22"}
{"level":"info","message":"no more events need to be prepared, dispatching...","timestamp":"2025-04-08 02:45:36"}
{"level":"info","message":"last process finished, will do another dispatch","timestamp":"2025-04-08 02:45:36"}
{"level":"info","message":"no execution in db queued to process","timestamp":"2025-04-08 02:45:36"}
{"level":"info","message":"(cycling) check for queueing executions","timestamp":"2025-04-08 02:45:52"}
{"level":"info","message":"no execution in db queued to process","timestamp":"2025-04-08 02:45:52"}
{"level":"info","message":"(cycling) check for queueing executions","timestamp":"2025-04-08 02:50:52"}
{"level":"info","message":"no execution in db queued to process","timestamp":"2025-04-08 02:50:52"}
{"level":"info","message":"(cycling) check for queueing executions","timestamp":"2025-04-08 02:55:52"}
{"level":"info","message":"no execution in db queued to process","timestamp":"2025-04-08 02:55:52"}
{"level":"info","message":"(cycling) check for queueing executions","timestamp":"2025-04-08 03:00:52"}
{"level":"info","message":"no execution in db queued to process","timestamp":"2025-04-08 03:00:52"}
{"level":"info","message":"(cycling) check for queueing executions","timestamp":"2025-04-08 03:05:52"}
{"level":"info","message":"no execution in db queued to process","timestamp":"2025-04-08 03:05:52"}
{"level":"info","message":"(cycling) check for queueing executions","timestamp":"2025-04-08 03:10:52"}
{"level":"info","message":"no execution in db queued to process","timestamp":"2025-04-08 03:10:52"}
{"level":"info","message":"(cycling) check for queueing executions","timestamp":"2025-04-08 03:15:52"}
{"level":"info","message":"no execution in db queued to process","timestamp":"2025-04-08 03:15:52"}
{"level":"info","message":"(cycling) check for queueing executions","timestamp":"2025-04-08 03:20:52"}
{"level":"info","message":"no execution in db queued to process","timestamp":"2025-04-08 03:20:52"}
{"level":"info","message":"(cycling) check for queueing executions","timestamp":"2025-04-08 03:25:52"}
{"level":"info","message":"no execution in db queued to process","timestamp":"2025-04-08 03:25:52"}
{"level":"info","message":"(cycling) check for queueing executions","timestamp":"2025-04-08 03:30:52"}
{"level":"info","message":"no execution in db queued to process","timestamp":"2025-04-08 03:30:52"}
{"level":"info","message":"(cycling) check for queueing executions","timestamp":"2025-04-08 03:35:52"}
{"level":"info","message":"no execution in db queued to process","timestamp":"2025-04-08 03:35:52"}
{"level":"info","message":"(cycling) check for queueing executions","timestamp":"2025-04-08 03:40:52"}
{"level":"info","message":"no execution in db queued to process","timestamp":"2025-04-08 03:40:52"}
{"level":"info","message":"(cycling) check for queueing executions","timestamp":"2025-04-08 03:45:52"}
{"level":"info","message":"no execution in db queued to process","timestamp":"2025-04-08 03:45:52"}
{"level":"info","message":"(cycling) check for queueing executions","timestamp":"2025-04-08 03:50:52"}
{"level":"info","message":"no execution in db queued to process","timestamp":"2025-04-08 03:50:52"}
{"level":"info","message":"(cycling) check for queueing executions","timestamp":"2025-04-08 03:55:52"}
{"level":"info","message":"no execution in db queued to process","timestamp":"2025-04-08 03:55:52"}
{"level":"info","message":"(cycling) check for queueing executions","timestamp":"2025-04-08 04:00:52"}
{"level":"info","message":"no execution in db queued to process","timestamp":"2025-04-08 04:00:52"}
{"level":"info","message":"(cycling) check for queueing executions","timestamp":"2025-04-08 04:05:52"}
{"level":"info","message":"no execution in db queued to process","timestamp":"2025-04-08 04:05:52"}
{"level":"info","message":"(cycling) check for queueing executions","timestamp":"2025-04-08 04:10:52"}
{"level":"info","message":"no execution in db queued to process","timestamp":"2025-04-08 04:10:52"}
{"level":"info","message":"(cycling) check for queueing executions","timestamp":"2025-04-08 04:15:52"}
{"level":"info","message":"no execution in db queued to process","timestamp":"2025-04-08 04:15:52"}
{"level":"info","message":"(cycling) check for queueing executions","timestamp":"2025-04-08 04:20:52"}
{"level":"info","message":"no execution in db queued to process","timestamp":"2025-04-08 04:20:52"}
{"level":"info","message":"(cycling) check for queueing executions","timestamp":"2025-04-08 04:25:52"}
{"level":"info","message":"no execution in db queued to process","timestamp":"2025-04-08 04:25:52"}
{"level":"info","message":"(cycling) check for queueing executions","timestamp":"2025-04-08 04:30:52"}
{"level":"info","message":"no execution in db queued to process","timestamp":"2025-04-08 04:30:52"}
{"level":"info","message":"(cycling) check for queueing executions","timestamp":"2025-04-08 04:35:52"}
{"level":"info","message":"no execution in db queued to process","timestamp":"2025-04-08 04:35:52"}
{"level":"info","message":"(cycling) check for queueing executions","timestamp":"2025-04-08 04:40:52"}
{"level":"info","message":"no execution in db queued to process","timestamp":"2025-04-08 04:40:52"}
{"level":"info","message":"(cycling) check for queueing executions","timestamp":"2025-04-08 04:45:52"}
{"level":"info","message":"no execution in db queued to process","timestamp":"2025-04-08 04:45:52"}
{"level":"info","message":"(cycling) check for queueing executions","timestamp":"2025-04-08 04:50:52"}
{"level":"info","message":"no execution in db queued to process","timestamp":"2025-04-08 04:50:52"}
{"level":"info","message":"(cycling) check for queueing executions","timestamp":"2025-04-08 04:55:52"}
{"level":"info","message":"no execution in db queued to process","timestamp":"2025-04-08 04:55:52"}
{"level":"info","message":"(cycling) check for queueing executions","timestamp":"2025-04-08 05:00:52"}
{"level":"info","message":"no execution in db queued to process","timestamp":"2025-04-08 05:00:52"}
{"level":"info","message":"(cycling) check for queueing executions","timestamp":"2025-04-08 05:05:52"}
{"level":"info","message":"no execution in db queued to process","timestamp":"2025-04-08 05:05:52"}
{"level":"info","message":"(cycling) check for queueing executions","timestamp":"2025-04-08 05:10:52"}
{"level":"info","message":"no execution in db queued to process","timestamp":"2025-04-08 05:10:52"}
{"level":"info","message":"no more events need to be prepared, dispatching...","timestamp":"2025-04-08 05:11:34"}
{"level":"info","message":"no more events need to be prepared, dispatching...","timestamp":"2025-04-08 05:11:34"}
{"level":"info","message":"no more events need to be prepared, dispatching...","timestamp":"2025-04-08 05:11:34"}
{"level":"info","message":"no more events need to be prepared, dispatching...","timestamp":"2025-04-08 05:11:34"}
{"level":"info","message":"no more events need to be prepared, dispatching...","timestamp":"2025-04-08 05:11:34"}
{"level":"info","message":"no more events need to be prepared, dispatching...","timestamp":"2025-04-08 05:11:34"}
{"level":"info","message":"no more events need to be prepared, dispatching...","timestamp":"2025-04-08 05:11:34"}
{"level":"info","message":"no more events need to be prepared, dispatching...","timestamp":"2025-04-08 05:11:34"}
{"level":"info","message":"no more events need to be prepared, dispatching...","timestamp":"2025-04-08 05:11:34"}
{"level":"info","message":"no more events need to be prepared, dispatching...","timestamp":"2025-04-08 05:11:34"}
{"level":"info","message":"no more events need to be prepared, dispatching...","timestamp":"2025-04-08 05:11:34"}
{"level":"info","message":"last process finished, will do another dispatch","timestamp":"2025-04-08 05:11:34"}
{"level":"warn","message":"workflow executing is not finished, new dispatching will be ignored","timestamp":"2025-04-08 05:11:34"}
{"level":"warn","message":"workflow executing is not finished, new dispatching will be ignored","timestamp":"2025-04-08 05:11:34"}
{"level":"warn","message":"workflow executing is not finished, new dispatching will be ignored","timestamp":"2025-04-08 05:11:34"}
{"level":"warn","message":"workflow executing is not finished, new dispatching will be ignored","timestamp":"2025-04-08 05:11:34"}
{"level":"warn","message":"workflow executing is not finished, new dispatching will be ignored","timestamp":"2025-04-08 05:11:34"}
{"level":"warn","message":"workflow executing is not finished, new dispatching will be ignored","timestamp":"2025-04-08 05:11:34"}
{"level":"warn","message":"workflow executing is not finished, new dispatching will be ignored","timestamp":"2025-04-08 05:11:34"}
{"level":"warn","message":"workflow executing is not finished, new dispatching will be ignored","timestamp":"2025-04-08 05:11:34"}
{"level":"warn","message":"workflow executing is not finished, new dispatching will be ignored","timestamp":"2025-04-08 05:11:34"}
{"level":"warn","message":"workflow executing is not finished, new dispatching will be ignored","timestamp":"2025-04-08 05:11:34"}
{"level":"info","message":"last process finished, will do another dispatch","timestamp":"2025-04-08 05:11:35"}
{"level":"info","message":"last process finished, will do another dispatch","timestamp":"2025-04-08 05:11:35"}
{"level":"info","message":"last process finished, will do another dispatch","timestamp":"2025-04-08 05:11:35"}
{"level":"info","message":"last process finished, will do another dispatch","timestamp":"2025-04-08 05:11:35"}
{"level":"info","message":"last process finished, will do another dispatch","timestamp":"2025-04-08 05:11:35"}
{"level":"info","message":"last process finished, will do another dispatch","timestamp":"2025-04-08 05:11:35"}
{"level":"info","message":"last process finished, will do another dispatch","timestamp":"2025-04-08 05:11:35"}
{"level":"info","message":"last process finished, will do another dispatch","timestamp":"2025-04-08 05:11:35"}
{"level":"info","message":"last process finished, will do another dispatch","timestamp":"2025-04-08 05:11:35"}
{"level":"info","message":"last process finished, will do another dispatch","timestamp":"2025-04-08 05:11:35"}
{"level":"info","message":"no execution in db queued to process","timestamp":"2025-04-08 05:11:35"}
{"level":"info","message":"(cycling) check for queueing executions","timestamp":"2025-04-08 05:15:52"}
{"level":"info","message":"no execution in db queued to process","timestamp":"2025-04-08 05:15:52"}
{"level":"info","message":"(cycling) check for queueing executions","timestamp":"2025-04-08 05:20:52"}
{"level":"info","message":"no execution in db queued to process","timestamp":"2025-04-08 05:20:52"}
{"level":"info","message":"(cycling) check for queueing executions","timestamp":"2025-04-08 05:25:52"}
{"level":"info","message":"no execution in db queued to process","timestamp":"2025-04-08 05:25:52"}
{"level":"info","message":"(cycling) check for queueing executions","timestamp":"2025-04-08 05:30:52"}
{"level":"info","message":"no execution in db queued to process","timestamp":"2025-04-08 05:30:52"}
{"level":"info","message":"(cycling) check for queueing executions","timestamp":"2025-04-08 05:35:52"}
{"level":"info","message":"no execution in db queued to process","timestamp":"2025-04-08 05:35:52"}
{"level":"info","message":"(cycling) check for queueing executions","timestamp":"2025-04-08 05:40:52"}
{"level":"info","message":"no execution in db queued to process","timestamp":"2025-04-08 05:40:52"}
{"level":"info","message":"(cycling) check for queueing executions","timestamp":"2025-04-08 05:45:52"}
{"level":"info","message":"no execution in db queued to process","timestamp":"2025-04-08 05:45:52"}
{"level":"info","message":"(cycling) check for queueing executions","timestamp":"2025-04-08 05:50:52"}
{"level":"info","message":"no execution in db queued to process","timestamp":"2025-04-08 05:50:52"}
{"level":"info","message":"(cycling) check for queueing executions","timestamp":"2025-04-08 05:55:52"}
{"level":"info","message":"no execution in db queued to process","timestamp":"2025-04-08 05:55:52"}
{"level":"info","message":"(cycling) check for queueing executions","timestamp":"2025-04-08 06:00:52"}
{"level":"info","message":"no execution in db queued to process","timestamp":"2025-04-08 06:00:52"}
{"level":"info","message":"(cycling) check for queueing executions","timestamp":"2025-04-08 06:05:52"}
{"level":"info","message":"no execution in db queued to process","timestamp":"2025-04-08 06:05:52"}
{"level":"info","message":"(cycling) check for queueing executions","timestamp":"2025-04-08 06:10:52"}
{"level":"info","message":"no execution in db queued to process","timestamp":"2025-04-08 06:10:52"}
{"level":"info","message":"(cycling) check for queueing executions","timestamp":"2025-04-08 06:15:52"}
{"level":"info","message":"no execution in db queued to process","timestamp":"2025-04-08 06:15:52"}
{"level":"info","message":"(cycling) check for queueing executions","timestamp":"2025-04-08 06:20:52"}
{"level":"info","message":"no execution in db queued to process","timestamp":"2025-04-08 06:20:52"}
{"level":"info","message":"(cycling) check for queueing executions","timestamp":"2025-04-08 06:25:52"}
{"level":"info","message":"no execution in db queued to process","timestamp":"2025-04-08 06:25:52"}
{"level":"info","message":"(cycling) check for queueing executions","timestamp":"2025-04-08 06:30:52"}
{"level":"info","message":"no execution in db queued to process","timestamp":"2025-04-08 06:30:52"}
{"level":"info","message":"(cycling) check for queueing executions","timestamp":"2025-04-08 06:35:52"}
{"level":"info","message":"no execution in db queued to process","timestamp":"2025-04-08 06:35:52"}
{"level":"info","message":"(cycling) check for queueing executions","timestamp":"2025-04-08 06:40:52"}
{"level":"info","message":"no execution in db queued to process","timestamp":"2025-04-08 06:40:52"}
{"level":"info","message":"no more events need to be prepared, dispatching...","timestamp":"2025-04-08 06:43:40"}
{"level":"info","message":"last process finished, will do another dispatch","timestamp":"2025-04-08 06:43:40"}
{"level":"info","message":"last process finished, will do another dispatch","timestamp":"2025-04-08 06:43:40"}
{"level":"info","message":"no execution in db queued to process","timestamp":"2025-04-08 06:43:40"}
{"level":"info","message":"no more events need to be prepared, dispatching...","timestamp":"2025-04-08 06:44:00"}
{"level":"info","message":"no more events need to be prepared, dispatching...","timestamp":"2025-04-08 06:44:00"}
{"level":"info","message":"last process finished, will do another dispatch","timestamp":"2025-04-08 06:44:00"}
{"level":"warn","message":"workflow executing is not finished, new dispatching will be ignored","timestamp":"2025-04-08 06:44:00"}
{"level":"info","message":"last process finished, will do another dispatch","timestamp":"2025-04-08 06:44:00"}
{"level":"info","message":"no execution in db queued to process","timestamp":"2025-04-08 06:44:00"}
{"level":"info","message":"(cycling) check for queueing executions","timestamp":"2025-04-08 06:45:52"}
{"level":"info","message":"no execution in db queued to process","timestamp":"2025-04-08 06:45:52"}
{"level":"info","message":"(cycling) check for queueing executions","timestamp":"2025-04-08 06:50:52"}
{"level":"info","message":"no execution in db queued to process","timestamp":"2025-04-08 06:50:52"}
{"level":"info","message":"no more events need to be prepared, dispatching...","timestamp":"2025-04-08 06:51:10"}
{"level":"info","message":"last process finished, will do another dispatch","timestamp":"2025-04-08 06:51:10"}
{"level":"info","message":"no execution in db queued to process","timestamp":"2025-04-08 06:51:10"}
{"level":"info","message":"no more events need to be prepared, dispatching...","timestamp":"2025-04-08 06:51:22"}
{"level":"info","message":"no more events need to be prepared, dispatching...","timestamp":"2025-04-08 06:51:22"}
{"level":"info","message":"last process finished, will do another dispatch","timestamp":"2025-04-08 06:51:22"}
{"level":"warn","message":"workflow executing is not finished, new dispatching will be ignored","timestamp":"2025-04-08 06:51:22"}
{"level":"info","message":"last process finished, will do another dispatch","timestamp":"2025-04-08 06:51:22"}
{"level":"info","message":"no execution in db queued to process","timestamp":"2025-04-08 06:51:22"}
{"level":"info","message":"(starting) check for queueing executions","timestamp":"2025-04-08 12:13:03"}
{"level":"info","message":"no execution in db queued to process","timestamp":"2025-04-08 12:13:03"}
{"level":"info","message":"(cycling) check for queueing executions","timestamp":"2025-04-08 12:18:03"}
{"level":"info","message":"no execution in db queued to process","timestamp":"2025-04-08 12:18:03"}
{"level":"info","message":"(cycling) check for queueing executions","timestamp":"2025-04-08 12:23:03"}
{"level":"info","message":"no execution in db queued to process","timestamp":"2025-04-08 12:23:03"}
{"level":"info","message":"no more events need to be prepared, dispatching...","timestamp":"2025-04-08 12:25:58"}
{"level":"info","message":"no more events need to be prepared, dispatching...","timestamp":"2025-04-08 12:25:59"}
{"level":"info","message":"last process finished, will do another dispatch","timestamp":"2025-04-08 12:25:59"}
{"level":"warn","message":"workflow executing is not finished, new dispatching will be ignored","timestamp":"2025-04-08 12:25:59"}
{"level":"info","message":"last process finished, will do another dispatch","timestamp":"2025-04-08 12:25:59"}
{"level":"info","message":"no execution in db queued to process","timestamp":"2025-04-08 12:25:59"}
{"level":"info","message":"(cycling) check for queueing executions","timestamp":"2025-04-08 12:28:03"}
{"level":"info","message":"no execution in db queued to process","timestamp":"2025-04-08 12:28:03"}
{"level":"info","message":"no more events need to be prepared, dispatching...","timestamp":"2025-04-08 12:29:55"}
{"level":"info","message":"last process finished, will do another dispatch","timestamp":"2025-04-08 12:29:55"}
{"level":"info","message":"no execution in db queued to process","timestamp":"2025-04-08 12:29:55"}
{"level":"info","message":"no more events need to be prepared, dispatching...","timestamp":"2025-04-08 12:29:57"}
{"level":"info","message":"last process finished, will do another dispatch","timestamp":"2025-04-08 12:29:57"}
{"level":"info","message":"no execution in db queued to process","timestamp":"2025-04-08 12:29:57"}
{"level":"info","message":"no more events need to be prepared, dispatching...","timestamp":"2025-04-08 12:30:15"}
{"level":"info","message":"no more events need to be prepared, dispatching...","timestamp":"2025-04-08 12:30:15"}
{"level":"info","message":"last process finished, will do another dispatch","timestamp":"2025-04-08 12:30:15"}
{"level":"warn","message":"workflow executing is not finished, new dispatching will be ignored","timestamp":"2025-04-08 12:30:15"}
{"level":"info","message":"last process finished, will do another dispatch","timestamp":"2025-04-08 12:30:15"}
{"level":"info","message":"no execution in db queued to process","timestamp":"2025-04-08 12:30:15"}
{"level":"info","message":"no more events need to be prepared, dispatching...","timestamp":"2025-04-08 12:31:26"}
{"level":"info","message":"no more events need to be prepared, dispatching...","timestamp":"2025-04-08 12:31:27"}
{"level":"info","message":"no more events need to be prepared, dispatching...","timestamp":"2025-04-08 12:31:27"}
{"level":"info","message":"no more events need to be prepared, dispatching...","timestamp":"2025-04-08 12:31:27"}
{"level":"info","message":"last process finished, will do another dispatch","timestamp":"2025-04-08 12:31:27"}
{"level":"warn","message":"workflow executing is not finished, new dispatching will be ignored","timestamp":"2025-04-08 12:31:27"}
{"level":"warn","message":"workflow executing is not finished, new dispatching will be ignored","timestamp":"2025-04-08 12:31:27"}
{"level":"warn","message":"workflow executing is not finished, new dispatching will be ignored","timestamp":"2025-04-08 12:31:27"}
{"level":"info","message":"no more events need to be prepared, dispatching...","timestamp":"2025-04-08 12:31:27"}
{"level":"info","message":"last process finished, will do another dispatch","timestamp":"2025-04-08 12:31:27"}
{"level":"warn","message":"workflow executing is not finished, new dispatching will be ignored","timestamp":"2025-04-08 12:31:27"}
{"level":"info","message":"last process finished, will do another dispatch","timestamp":"2025-04-08 12:31:27"}
{"level":"info","message":"last process finished, will do another dispatch","timestamp":"2025-04-08 12:31:27"}
{"level":"info","message":"last process finished, will do another dispatch","timestamp":"2025-04-08 12:31:27"}
{"level":"info","message":"no execution in db queued to process","timestamp":"2025-04-08 12:31:27"}
{"level":"info","message":"no more events need to be prepared, dispatching...","timestamp":"2025-04-08 12:32:15"}
{"level":"info","message":"last process finished, will do another dispatch","timestamp":"2025-04-08 12:32:15"}
{"level":"info","message":"no execution in db queued to process","timestamp":"2025-04-08 12:32:15"}
{"level":"info","message":"no more events need to be prepared, dispatching...","timestamp":"2025-04-08 12:32:25"}
{"level":"info","message":"last process finished, will do another dispatch","timestamp":"2025-04-08 12:32:25"}
{"level":"info","message":"no execution in db queued to process","timestamp":"2025-04-08 12:32:25"}
{"level":"info","message":"(cycling) check for queueing executions","timestamp":"2025-04-08 12:33:03"}
{"level":"info","message":"no execution in db queued to process","timestamp":"2025-04-08 12:33:03"}
{"level":"info","message":"(cycling) check for queueing executions","timestamp":"2025-04-08 12:38:03"}
{"level":"info","message":"no execution in db queued to process","timestamp":"2025-04-08 12:38:03"}
{"level":"info","message":"(cycling) check for queueing executions","timestamp":"2025-04-08 12:43:03"}
{"level":"info","message":"no execution in db queued to process","timestamp":"2025-04-08 12:43:03"}
{"level":"info","message":"(cycling) check for queueing executions","timestamp":"2025-04-08 12:48:03"}
{"level":"info","message":"no execution in db queued to process","timestamp":"2025-04-08 12:48:03"}
{"level":"info","message":"(cycling) check for queueing executions","timestamp":"2025-04-08 12:53:03"}
{"level":"info","message":"no execution in db queued to process","timestamp":"2025-04-08 12:53:03"}
{"level":"info","message":"(cycling) check for queueing executions","timestamp":"2025-04-08 12:58:03"}
{"level":"info","message":"no execution in db queued to process","timestamp":"2025-04-08 12:58:03"}
{"level":"info","message":"(cycling) check for queueing executions","timestamp":"2025-04-08 13:03:03"}
{"level":"info","message":"no execution in db queued to process","timestamp":"2025-04-08 13:03:03"}
{"level":"info","message":"(cycling) check for queueing executions","timestamp":"2025-04-08 13:08:03"}
{"level":"info","message":"no execution in db queued to process","timestamp":"2025-04-08 13:08:03"}
{"level":"info","message":"(cycling) check for queueing executions","timestamp":"2025-04-08 13:13:03"}
{"level":"info","message":"no execution in db queued to process","timestamp":"2025-04-08 13:13:03"}
{"level":"info","message":"(cycling) check for queueing executions","timestamp":"2025-04-08 13:18:03"}
{"level":"info","message":"no execution in db queued to process","timestamp":"2025-04-08 13:18:03"}
{"level":"info","message":"(cycling) check for queueing executions","timestamp":"2025-04-08 13:23:03"}
{"level":"info","message":"no execution in db queued to process","timestamp":"2025-04-08 13:23:03"}
{"level":"info","message":"(cycling) check for queueing executions","timestamp":"2025-04-08 13:28:03"}
{"level":"info","message":"no execution in db queued to process","timestamp":"2025-04-08 13:28:03"}
{"level":"info","message":"(cycling) check for queueing executions","timestamp":"2025-04-08 13:33:03"}
{"level":"info","message":"no execution in db queued to process","timestamp":"2025-04-08 13:33:03"}
{"level":"info","message":"(cycling) check for queueing executions","timestamp":"2025-04-08 13:38:03"}
{"level":"info","message":"no execution in db queued to process","timestamp":"2025-04-08 13:38:03"}
{"level":"info","message":"(cycling) check for queueing executions","timestamp":"2025-04-08 13:43:03"}
{"level":"info","message":"no execution in db queued to process","timestamp":"2025-04-08 13:43:03"}
{"level":"info","message":"(cycling) check for queueing executions","timestamp":"2025-04-08 13:48:03"}
{"level":"info","message":"no execution in db queued to process","timestamp":"2025-04-08 13:48:03"}
{"level":"info","message":"(cycling) check for queueing executions","timestamp":"2025-04-08 13:53:03"}
{"level":"info","message":"no execution in db queued to process","timestamp":"2025-04-08 13:53:03"}
{"level":"info","message":"no more events need to be prepared, dispatching...","timestamp":"2025-04-08 13:54:53"}
{"level":"info","message":"last process finished, will do another dispatch","timestamp":"2025-04-08 13:54:53"}
{"level":"info","message":"last process finished, will do another dispatch","timestamp":"2025-04-08 13:54:53"}
{"level":"info","message":"no execution in db queued to process","timestamp":"2025-04-08 13:54:53"}
{"level":"info","message":"(cycling) check for queueing executions","timestamp":"2025-04-08 13:58:03"}
{"level":"info","message":"no execution in db queued to process","timestamp":"2025-04-08 13:58:03"}
{"level":"info","message":"(cycling) check for queueing executions","timestamp":"2025-04-08 14:03:03"}
{"level":"info","message":"no execution in db queued to process","timestamp":"2025-04-08 14:03:03"}
{"level":"info","message":"(cycling) check for queueing executions","timestamp":"2025-04-08 14:08:03"}
{"level":"info","message":"no execution in db queued to process","timestamp":"2025-04-08 14:08:03"}
{"level":"info","message":"(cycling) check for queueing executions","timestamp":"2025-04-08 14:13:03"}
{"level":"info","message":"no execution in db queued to process","timestamp":"2025-04-08 14:13:03"}
{"level":"info","message":"(cycling) check for queueing executions","timestamp":"2025-04-08 14:18:03"}
{"level":"info","message":"no execution in db queued to process","timestamp":"2025-04-08 14:18:03"}
{"level":"info","message":"(cycling) check for queueing executions","timestamp":"2025-04-08 14:23:03"}
{"level":"info","message":"no execution in db queued to process","timestamp":"2025-04-08 14:23:03"}
{"level":"info","message":"no more events need to be prepared, dispatching...","timestamp":"2025-04-08 14:25:18"}
{"level":"info","message":"no more events need to be prepared, dispatching...","timestamp":"2025-04-08 14:25:18"}
{"level":"info","message":"last process finished, will do another dispatch","timestamp":"2025-04-08 14:25:18"}
{"level":"warn","message":"workflow executing is not finished, new dispatching will be ignored","timestamp":"2025-04-08 14:25:18"}
{"level":"info","message":"last process finished, will do another dispatch","timestamp":"2025-04-08 14:25:18"}
{"level":"info","message":"no execution in db queued to process","timestamp":"2025-04-08 14:25:18"}
{"level":"info","message":"no more events need to be prepared, dispatching...","timestamp":"2025-04-08 14:25:36"}
{"level":"info","message":"no more events need to be prepared, dispatching...","timestamp":"2025-04-08 14:25:36"}
{"level":"info","message":"no more events need to be prepared, dispatching...","timestamp":"2025-04-08 14:25:36"}
{"level":"info","message":"last process finished, will do another dispatch","timestamp":"2025-04-08 14:25:36"}
{"level":"warn","message":"workflow executing is not finished, new dispatching will be ignored","timestamp":"2025-04-08 14:25:36"}
{"level":"warn","message":"workflow executing is not finished, new dispatching will be ignored","timestamp":"2025-04-08 14:25:36"}
{"level":"info","message":"last process finished, will do another dispatch","timestamp":"2025-04-08 14:25:36"}
{"level":"info","message":"last process finished, will do another dispatch","timestamp":"2025-04-08 14:25:36"}
{"level":"info","message":"no execution in db queued to process","timestamp":"2025-04-08 14:25:36"}
{"level":"info","message":"(cycling) check for queueing executions","timestamp":"2025-04-08 14:28:03"}
{"level":"info","message":"no execution in db queued to process","timestamp":"2025-04-08 14:28:03"}
{"level":"info","message":"(cycling) check for queueing executions","timestamp":"2025-04-08 14:33:03"}
{"level":"info","message":"no execution in db queued to process","timestamp":"2025-04-08 14:33:03"}
{"level":"info","message":"(cycling) check for queueing executions","timestamp":"2025-04-08 14:38:03"}
{"level":"info","message":"no execution in db queued to process","timestamp":"2025-04-08 14:38:03"}
{"level":"info","message":"(cycling) check for queueing executions","timestamp":"2025-04-08 14:43:03"}
{"level":"info","message":"no execution in db queued to process","timestamp":"2025-04-08 14:43:03"}
{"level":"info","message":"(cycling) check for queueing executions","timestamp":"2025-04-08 14:48:03"}
{"level":"info","message":"no execution in db queued to process","timestamp":"2025-04-08 14:48:03"}
{"level":"info","message":"(cycling) check for queueing executions","timestamp":"2025-04-08 14:53:03"}
{"level":"info","message":"no execution in db queued to process","timestamp":"2025-04-08 14:53:03"}
{"level":"info","message":"(cycling) check for queueing executions","timestamp":"2025-04-08 14:58:03"}
{"level":"info","message":"no execution in db queued to process","timestamp":"2025-04-08 14:58:03"}
{"level":"info","message":"(cycling) check for queueing executions","timestamp":"2025-04-08 15:03:03"}
{"level":"info","message":"no execution in db queued to process","timestamp":"2025-04-08 15:03:03"}
{"level":"info","message":"no more events need to be prepared, dispatching...","timestamp":"2025-04-08 15:05:17"}
{"level":"info","message":"last process finished, will do another dispatch","timestamp":"2025-04-08 15:05:17"}
{"level":"info","message":"no execution in db queued to process","timestamp":"2025-04-08 15:05:17"}
{"level":"info","message":"no more events need to be prepared, dispatching...","timestamp":"2025-04-08 15:05:29"}
{"level":"info","message":"no more events need to be prepared, dispatching...","timestamp":"2025-04-08 15:05:29"}
{"level":"info","message":"no more events need to be prepared, dispatching...","timestamp":"2025-04-08 15:05:29"}
{"level":"info","message":"no more events need to be prepared, dispatching...","timestamp":"2025-04-08 15:05:29"}
{"level":"info","message":"last process finished, will do another dispatch","timestamp":"2025-04-08 15:05:30"}
{"level":"warn","message":"workflow executing is not finished, new dispatching will be ignored","timestamp":"2025-04-08 15:05:30"}
{"level":"warn","message":"workflow executing is not finished, new dispatching will be ignored","timestamp":"2025-04-08 15:05:30"}
{"level":"warn","message":"workflow executing is not finished, new dispatching will be ignored","timestamp":"2025-04-08 15:05:30"}
{"level":"info","message":"no more events need to be prepared, dispatching...","timestamp":"2025-04-08 15:05:30"}
{"level":"info","message":"last process finished, will do another dispatch","timestamp":"2025-04-08 15:05:30"}
{"level":"warn","message":"workflow executing is not finished, new dispatching will be ignored","timestamp":"2025-04-08 15:05:30"}
{"level":"info","message":"last process finished, will do another dispatch","timestamp":"2025-04-08 15:05:30"}
{"level":"info","message":"last process finished, will do another dispatch","timestamp":"2025-04-08 15:05:30"}
{"level":"info","message":"last process finished, will do another dispatch","timestamp":"2025-04-08 15:05:30"}
{"level":"info","message":"no execution in db queued to process","timestamp":"2025-04-08 15:05:30"}
{"level":"info","message":"no more events need to be prepared, dispatching...","timestamp":"2025-04-08 15:06:22"}
{"level":"info","message":"no more events need to be prepared, dispatching...","timestamp":"2025-04-08 15:06:22"}
{"level":"info","message":"no more events need to be prepared, dispatching...","timestamp":"2025-04-08 15:06:22"}
{"level":"info","message":"no more events need to be prepared, dispatching...","timestamp":"2025-04-08 15:06:22"}
{"level":"info","message":"no more events need to be prepared, dispatching...","timestamp":"2025-04-08 15:06:22"}
{"level":"info","message":"no more events need to be prepared, dispatching...","timestamp":"2025-04-08 15:06:22"}
{"level":"info","message":"no more events need to be prepared, dispatching...","timestamp":"2025-04-08 15:06:22"}
{"level":"info","message":"no more events need to be prepared, dispatching...","timestamp":"2025-04-08 15:06:22"}
{"level":"info","message":"no more events need to be prepared, dispatching...","timestamp":"2025-04-08 15:06:22"}
{"level":"info","message":"no more events need to be prepared, dispatching...","timestamp":"2025-04-08 15:06:22"}
{"level":"info","message":"last process finished, will do another dispatch","timestamp":"2025-04-08 15:06:22"}
{"level":"warn","message":"workflow executing is not finished, new dispatching will be ignored","timestamp":"2025-04-08 15:06:22"}
{"level":"warn","message":"workflow executing is not finished, new dispatching will be ignored","timestamp":"2025-04-08 15:06:22"}
{"level":"warn","message":"workflow executing is not finished, new dispatching will be ignored","timestamp":"2025-04-08 15:06:22"}
{"level":"warn","message":"workflow executing is not finished, new dispatching will be ignored","timestamp":"2025-04-08 15:06:22"}
{"level":"warn","message":"workflow executing is not finished, new dispatching will be ignored","timestamp":"2025-04-08 15:06:22"}
{"level":"warn","message":"workflow executing is not finished, new dispatching will be ignored","timestamp":"2025-04-08 15:06:22"}
{"level":"warn","message":"workflow executing is not finished, new dispatching will be ignored","timestamp":"2025-04-08 15:06:22"}
{"level":"warn","message":"workflow executing is not finished, new dispatching will be ignored","timestamp":"2025-04-08 15:06:22"}
{"level":"warn","message":"workflow executing is not finished, new dispatching will be ignored","timestamp":"2025-04-08 15:06:22"}
{"level":"info","message":"no more events need to be prepared, dispatching...","timestamp":"2025-04-08 15:06:22"}
{"level":"info","message":"last process finished, will do another dispatch","timestamp":"2025-04-08 15:06:22"}
{"level":"warn","message":"workflow executing is not finished, new dispatching will be ignored","timestamp":"2025-04-08 15:06:22"}
{"level":"info","message":"last process finished, will do another dispatch","timestamp":"2025-04-08 15:06:22"}
{"level":"info","message":"last process finished, will do another dispatch","timestamp":"2025-04-08 15:06:22"}
{"level":"info","message":"last process finished, will do another dispatch","timestamp":"2025-04-08 15:06:22"}
{"level":"info","message":"last process finished, will do another dispatch","timestamp":"2025-04-08 15:06:22"}
{"level":"info","message":"last process finished, will do another dispatch","timestamp":"2025-04-08 15:06:22"}
{"level":"info","message":"last process finished, will do another dispatch","timestamp":"2025-04-08 15:06:22"}
{"level":"info","message":"last process finished, will do another dispatch","timestamp":"2025-04-08 15:06:22"}
{"level":"info","message":"last process finished, will do another dispatch","timestamp":"2025-04-08 15:06:22"}
{"level":"info","message":"last process finished, will do another dispatch","timestamp":"2025-04-08 15:06:22"}
{"level":"info","message":"no execution in db queued to process","timestamp":"2025-04-08 15:06:22"}
{"level":"info","message":"(cycling) check for queueing executions","timestamp":"2025-04-08 15:08:03"}
{"level":"info","message":"no execution in db queued to process","timestamp":"2025-04-08 15:08:03"}
{"level":"info","message":"no more events need to be prepared, dispatching...","timestamp":"2025-04-08 15:11:49"}
{"level":"info","message":"last process finished, will do another dispatch","timestamp":"2025-04-08 15:11:49"}
{"level":"info","message":"no execution in db queued to process","timestamp":"2025-04-08 15:11:49"}
{"level":"info","message":"(cycling) check for queueing executions","timestamp":"2025-04-08 15:13:03"}
{"level":"info","message":"no execution in db queued to process","timestamp":"2025-04-08 15:13:03"}
{"level":"info","message":"no more events need to be prepared, dispatching...","timestamp":"2025-04-08 15:16:04"}
{"level":"info","message":"last process finished, will do another dispatch","timestamp":"2025-04-08 15:16:04"}
{"level":"info","message":"no execution in db queued to process","timestamp":"2025-04-08 15:16:04"}
{"level":"info","message":"(cycling) check for queueing executions","timestamp":"2025-04-08 15:18:03"}
{"level":"info","message":"no execution in db queued to process","timestamp":"2025-04-08 15:18:03"}
{"level":"info","message":"no more events need to be prepared, dispatching...","timestamp":"2025-04-08 15:18:05"}
{"level":"info","message":"last process finished, will do another dispatch","timestamp":"2025-04-08 15:18:05"}
{"level":"info","message":"last process finished, will do another dispatch","timestamp":"2025-04-08 15:18:05"}
{"level":"info","message":"last process finished, will do another dispatch","timestamp":"2025-04-08 15:18:05"}
{"level":"info","message":"no execution in db queued to process","timestamp":"2025-04-08 15:18:05"}
{"level":"info","message":"no more events need to be prepared, dispatching...","timestamp":"2025-04-08 15:19:47"}
{"level":"info","message":"no more events need to be prepared, dispatching...","timestamp":"2025-04-08 15:19:47"}
{"level":"info","message":"last process finished, will do another dispatch","timestamp":"2025-04-08 15:19:47"}
{"level":"warn","message":"workflow executing is not finished, new dispatching will be ignored","timestamp":"2025-04-08 15:19:47"}
{"level":"info","message":"last process finished, will do another dispatch","timestamp":"2025-04-08 15:19:47"}
{"level":"info","message":"no execution in db queued to process","timestamp":"2025-04-08 15:19:47"}
{"level":"info","message":"no more events need to be prepared, dispatching...","timestamp":"2025-04-08 15:19:56"}
{"level":"info","message":"no more events need to be prepared, dispatching...","timestamp":"2025-04-08 15:19:56"}
{"level":"info","message":"no more events need to be prepared, dispatching...","timestamp":"2025-04-08 15:19:56"}
{"level":"info","message":"no more events need to be prepared, dispatching...","timestamp":"2025-04-08 15:19:56"}
{"level":"info","message":"last process finished, will do another dispatch","timestamp":"2025-04-08 15:19:56"}
{"level":"warn","message":"workflow executing is not finished, new dispatching will be ignored","timestamp":"2025-04-08 15:19:56"}
{"level":"warn","message":"workflow executing is not finished, new dispatching will be ignored","timestamp":"2025-04-08 15:19:56"}
{"level":"warn","message":"workflow executing is not finished, new dispatching will be ignored","timestamp":"2025-04-08 15:19:56"}
{"level":"info","message":"no more events need to be prepared, dispatching...","timestamp":"2025-04-08 15:19:56"}
{"level":"info","message":"last process finished, will do another dispatch","timestamp":"2025-04-08 15:19:56"}
{"level":"warn","message":"workflow executing is not finished, new dispatching will be ignored","timestamp":"2025-04-08 15:19:56"}
{"level":"info","message":"last process finished, will do another dispatch","timestamp":"2025-04-08 15:19:56"}
{"level":"info","message":"last process finished, will do another dispatch","timestamp":"2025-04-08 15:19:56"}
{"level":"info","message":"last process finished, will do another dispatch","timestamp":"2025-04-08 15:19:56"}
{"level":"info","message":"no execution in db queued to process","timestamp":"2025-04-08 15:19:56"}
{"level":"info","message":"no more events need to be prepared, dispatching...","timestamp":"2025-04-08 15:20:05"}
{"level":"info","message":"no more events need to be prepared, dispatching...","timestamp":"2025-04-08 15:20:05"}
{"level":"info","message":"no more events need to be prepared, dispatching...","timestamp":"2025-04-08 15:20:05"}
{"level":"info","message":"no more events need to be prepared, dispatching...","timestamp":"2025-04-08 15:20:05"}
{"level":"info","message":"no more events need to be prepared, dispatching...","timestamp":"2025-04-08 15:20:05"}
{"level":"info","message":"no more events need to be prepared, dispatching...","timestamp":"2025-04-08 15:20:05"}
{"level":"info","message":"no more events need to be prepared, dispatching...","timestamp":"2025-04-08 15:20:05"}
{"level":"info","message":"no more events need to be prepared, dispatching...","timestamp":"2025-04-08 15:20:05"}
{"level":"info","message":"no more events need to be prepared, dispatching...","timestamp":"2025-04-08 15:20:05"}
{"level":"info","message":"no more events need to be prepared, dispatching...","timestamp":"2025-04-08 15:20:05"}
{"level":"info","message":"last process finished, will do another dispatch","timestamp":"2025-04-08 15:20:05"}
{"level":"warn","message":"workflow executing is not finished, new dispatching will be ignored","timestamp":"2025-04-08 15:20:05"}
{"level":"warn","message":"workflow executing is not finished, new dispatching will be ignored","timestamp":"2025-04-08 15:20:05"}
{"level":"warn","message":"workflow executing is not finished, new dispatching will be ignored","timestamp":"2025-04-08 15:20:05"}
{"level":"warn","message":"workflow executing is not finished, new dispatching will be ignored","timestamp":"2025-04-08 15:20:05"}
{"level":"warn","message":"workflow executing is not finished, new dispatching will be ignored","timestamp":"2025-04-08 15:20:05"}
{"level":"warn","message":"workflow executing is not finished, new dispatching will be ignored","timestamp":"2025-04-08 15:20:05"}
{"level":"warn","message":"workflow executing is not finished, new dispatching will be ignored","timestamp":"2025-04-08 15:20:05"}
{"level":"warn","message":"workflow executing is not finished, new dispatching will be ignored","timestamp":"2025-04-08 15:20:05"}
{"level":"warn","message":"workflow executing is not finished, new dispatching will be ignored","timestamp":"2025-04-08 15:20:05"}
{"level":"info","message":"no more events need to be prepared, dispatching...","timestamp":"2025-04-08 15:20:05"}
{"level":"info","message":"last process finished, will do another dispatch","timestamp":"2025-04-08 15:20:05"}
{"level":"warn","message":"workflow executing is not finished, new dispatching will be ignored","timestamp":"2025-04-08 15:20:05"}
{"level":"info","message":"last process finished, will do another dispatch","timestamp":"2025-04-08 15:20:05"}
{"level":"info","message":"last process finished, will do another dispatch","timestamp":"2025-04-08 15:20:05"}
{"level":"info","message":"last process finished, will do another dispatch","timestamp":"2025-04-08 15:20:05"}
{"level":"info","message":"last process finished, will do another dispatch","timestamp":"2025-04-08 15:20:05"}
{"level":"info","message":"last process finished, will do another dispatch","timestamp":"2025-04-08 15:20:05"}
{"level":"info","message":"last process finished, will do another dispatch","timestamp":"2025-04-08 15:20:05"}
{"level":"info","message":"last process finished, will do another dispatch","timestamp":"2025-04-08 15:20:06"}
{"level":"info","message":"last process finished, will do another dispatch","timestamp":"2025-04-08 15:20:06"}
{"level":"info","message":"last process finished, will do another dispatch","timestamp":"2025-04-08 15:20:06"}
{"level":"info","message":"no execution in db queued to process","timestamp":"2025-04-08 15:20:06"}
{"level":"info","message":"no more events need to be prepared, dispatching...","timestamp":"2025-04-08 15:20:32"}
{"level":"info","message":"last process finished, will do another dispatch","timestamp":"2025-04-08 15:20:32"}
{"level":"info","message":"no execution in db queued to process","timestamp":"2025-04-08 15:20:32"}
{"level":"info","message":"no more events need to be prepared, dispatching...","timestamp":"2025-04-08 15:20:43"}
{"level":"info","message":"last process finished, will do another dispatch","timestamp":"2025-04-08 15:20:43"}
{"level":"info","message":"no execution in db queued to process","timestamp":"2025-04-08 15:20:43"}
{"level":"info","message":"no more events need to be prepared, dispatching...","timestamp":"2025-04-08 15:20:48"}
{"level":"info","message":"last process finished, will do another dispatch","timestamp":"2025-04-08 15:20:48"}
{"level":"info","message":"no execution in db queued to process","timestamp":"2025-04-08 15:20:48"}
{"level":"info","message":"no more events need to be prepared, dispatching...","timestamp":"2025-04-08 15:20:53"}
{"level":"info","message":"last process finished, will do another dispatch","timestamp":"2025-04-08 15:20:53"}
{"level":"info","message":"no execution in db queued to process","timestamp":"2025-04-08 15:20:53"}
{"level":"info","message":"(cycling) check for queueing executions","timestamp":"2025-04-08 15:23:03"}
{"level":"info","message":"no execution in db queued to process","timestamp":"2025-04-08 15:23:03"}
{"level":"info","message":"(cycling) check for queueing executions","timestamp":"2025-04-08 15:28:03"}
{"level":"info","message":"no execution in db queued to process","timestamp":"2025-04-08 15:28:03"}
{"level":"info","message":"(cycling) check for queueing executions","timestamp":"2025-04-08 15:33:03"}
{"level":"info","message":"no execution in db queued to process","timestamp":"2025-04-08 15:33:03"}
{"level":"info","message":"(cycling) check for queueing executions","timestamp":"2025-04-08 15:38:03"}
{"level":"info","message":"no execution in db queued to process","timestamp":"2025-04-08 15:38:03"}
{"level":"info","message":"(cycling) check for queueing executions","timestamp":"2025-04-08 15:43:03"}
{"level":"info","message":"no execution in db queued to process","timestamp":"2025-04-08 15:43:03"}
{"level":"info","message":"(cycling) check for queueing executions","timestamp":"2025-04-08 15:48:03"}
{"level":"info","message":"no execution in db queued to process","timestamp":"2025-04-08 15:48:03"}
{"level":"info","message":"(cycling) check for queueing executions","timestamp":"2025-04-08 15:53:03"}
{"level":"info","message":"no execution in db queued to process","timestamp":"2025-04-08 15:53:03"}
{"level":"info","message":"(cycling) check for queueing executions","timestamp":"2025-04-08 16:58:38"}
{"level":"info","message":"no execution in db queued to process","timestamp":"2025-04-08 16:58:39"}
{"level":"info","message":"(cycling) check for queueing executions","timestamp":"2025-04-08 23:55:05"}
{"level":"info","message":"no execution in db queued to process","timestamp":"2025-04-08 23:55:05"}
{"level":"info","message":"no more events need to be prepared, dispatching...","timestamp":"2025-04-08 23:59:25"}
{"level":"info","message":"last process finished, will do another dispatch","timestamp":"2025-04-08 23:59:25"}
{"level":"info","message":"no execution in db queued to process","timestamp":"2025-04-08 23:59:25"}
{"level":"info","message":"no more events need to be prepared, dispatching...","timestamp":"2025-04-08 23:59:33"}
{"level":"info","message":"last process finished, will do another dispatch","timestamp":"2025-04-08 23:59:33"}
{"level":"info","message":"no execution in db queued to process","timestamp":"2025-04-08 23:59:33"}
