{"level":"info","message":"(cycling) check for queueing executions","timestamp":"2025-04-10 00:02:20"}
{"level":"info","message":"no execution in db queued to process","timestamp":"2025-04-10 00:02:20"}
{"level":"info","message":"(cycling) check for queueing executions","timestamp":"2025-04-10 00:07:20"}
{"level":"info","message":"no execution in db queued to process","timestamp":"2025-04-10 00:07:20"}
{"level":"info","message":"no more events need to be prepared, dispatching...","timestamp":"2025-04-10 00:08:39"}
{"level":"info","message":"last process finished, will do another dispatch","timestamp":"2025-04-10 00:08:39"}
{"level":"info","message":"no execution in db queued to process","timestamp":"2025-04-10 00:08:39"}
{"level":"info","message":"no more events need to be prepared, dispatching...","timestamp":"2025-04-10 00:08:44"}
{"level":"info","message":"last process finished, will do another dispatch","timestamp":"2025-04-10 00:08:44"}
{"level":"info","message":"no execution in db queued to process","timestamp":"2025-04-10 00:08:44"}
{"level":"info","message":"no more events need to be prepared, dispatching...","timestamp":"2025-04-10 00:08:48"}
{"level":"info","message":"last process finished, will do another dispatch","timestamp":"2025-04-10 00:08:48"}
{"level":"info","message":"no execution in db queued to process","timestamp":"2025-04-10 00:08:48"}
{"level":"info","message":"no more events need to be prepared, dispatching...","timestamp":"2025-04-10 00:08:57"}
{"level":"info","message":"last process finished, will do another dispatch","timestamp":"2025-04-10 00:08:57"}
{"level":"info","message":"no execution in db queued to process","timestamp":"2025-04-10 00:08:57"}
{"level":"info","message":"(cycling) check for queueing executions","timestamp":"2025-04-10 00:12:20"}
{"level":"info","message":"no execution in db queued to process","timestamp":"2025-04-10 00:12:20"}
{"level":"info","message":"(cycling) check for queueing executions","timestamp":"2025-04-10 00:17:20"}
{"level":"info","message":"no execution in db queued to process","timestamp":"2025-04-10 00:17:20"}
{"level":"info","message":"(cycling) check for queueing executions","timestamp":"2025-04-10 00:22:20"}
{"level":"info","message":"no execution in db queued to process","timestamp":"2025-04-10 00:22:20"}
{"level":"info","message":"(cycling) check for queueing executions","timestamp":"2025-04-10 00:27:20"}
{"level":"info","message":"no execution in db queued to process","timestamp":"2025-04-10 00:27:20"}
{"level":"info","message":"no more events need to be prepared, dispatching...","timestamp":"2025-04-10 00:28:44"}
{"level":"info","message":"last process finished, will do another dispatch","timestamp":"2025-04-10 00:28:44"}
{"level":"info","message":"no execution in db queued to process","timestamp":"2025-04-10 00:28:44"}
{"level":"info","message":"no more events need to be prepared, dispatching...","timestamp":"2025-04-10 00:28:50"}
{"level":"info","message":"last process finished, will do another dispatch","timestamp":"2025-04-10 00:28:50"}
{"level":"info","message":"no execution in db queued to process","timestamp":"2025-04-10 00:28:50"}
{"level":"info","message":"no more events need to be prepared, dispatching...","timestamp":"2025-04-10 00:30:08"}
{"level":"info","message":"no more events need to be prepared, dispatching...","timestamp":"2025-04-10 00:30:08"}
{"level":"info","message":"no more events need to be prepared, dispatching...","timestamp":"2025-04-10 00:30:08"}
{"level":"info","message":"no more events need to be prepared, dispatching...","timestamp":"2025-04-10 00:30:08"}
{"level":"info","message":"last process finished, will do another dispatch","timestamp":"2025-04-10 00:30:08"}
{"level":"warn","message":"workflow executing is not finished, new dispatching will be ignored","timestamp":"2025-04-10 00:30:08"}
{"level":"warn","message":"workflow executing is not finished, new dispatching will be ignored","timestamp":"2025-04-10 00:30:08"}
{"level":"warn","message":"workflow executing is not finished, new dispatching will be ignored","timestamp":"2025-04-10 00:30:08"}
{"level":"info","message":"no more events need to be prepared, dispatching...","timestamp":"2025-04-10 00:30:08"}
{"level":"info","message":"last process finished, will do another dispatch","timestamp":"2025-04-10 00:30:09"}
{"level":"warn","message":"workflow executing is not finished, new dispatching will be ignored","timestamp":"2025-04-10 00:30:09"}
{"level":"info","message":"last process finished, will do another dispatch","timestamp":"2025-04-10 00:30:09"}
{"level":"info","message":"last process finished, will do another dispatch","timestamp":"2025-04-10 00:30:09"}
{"level":"info","message":"last process finished, will do another dispatch","timestamp":"2025-04-10 00:30:09"}
{"level":"info","message":"no execution in db queued to process","timestamp":"2025-04-10 00:30:09"}
{"level":"info","message":"no more events need to be prepared, dispatching...","timestamp":"2025-04-10 00:31:23"}
{"level":"info","message":"last process finished, will do another dispatch","timestamp":"2025-04-10 00:31:23"}
{"level":"info","message":"no execution in db queued to process","timestamp":"2025-04-10 00:31:23"}
{"level":"info","message":"(cycling) check for queueing executions","timestamp":"2025-04-10 00:32:20"}
{"level":"info","message":"no execution in db queued to process","timestamp":"2025-04-10 00:32:20"}
{"level":"info","message":"(cycling) check for queueing executions","timestamp":"2025-04-10 00:37:20"}
{"level":"info","message":"no execution in db queued to process","timestamp":"2025-04-10 00:37:20"}
{"level":"info","message":"(cycling) check for queueing executions","timestamp":"2025-04-10 00:42:20"}
{"level":"info","message":"no execution in db queued to process","timestamp":"2025-04-10 00:42:20"}
{"level":"info","message":"(cycling) check for queueing executions","timestamp":"2025-04-10 00:49:35"}
{"level":"info","message":"no execution in db queued to process","timestamp":"2025-04-10 00:49:35"}
{"level":"info","message":"no more events need to be prepared, dispatching...","timestamp":"2025-04-10 00:50:27"}
{"level":"info","message":"last process finished, will do another dispatch","timestamp":"2025-04-10 00:50:27"}
{"level":"info","message":"last process finished, will do another dispatch","timestamp":"2025-04-10 00:50:27"}
{"level":"info","message":"last process finished, will do another dispatch","timestamp":"2025-04-10 00:50:27"}
{"level":"info","message":"last process finished, will do another dispatch","timestamp":"2025-04-10 00:50:27"}
{"level":"info","message":"no execution in db queued to process","timestamp":"2025-04-10 00:50:27"}
{"level":"info","message":"no more events need to be prepared, dispatching...","timestamp":"2025-04-10 00:50:43"}
{"level":"info","message":"no more events need to be prepared, dispatching...","timestamp":"2025-04-10 00:50:43"}
{"level":"info","message":"no more events need to be prepared, dispatching...","timestamp":"2025-04-10 00:50:43"}
{"level":"info","message":"no more events need to be prepared, dispatching...","timestamp":"2025-04-10 00:50:43"}
{"level":"info","message":"no more events need to be prepared, dispatching...","timestamp":"2025-04-10 00:50:43"}
{"level":"info","message":"no more events need to be prepared, dispatching...","timestamp":"2025-04-10 00:50:43"}
{"level":"info","message":"no more events need to be prepared, dispatching...","timestamp":"2025-04-10 00:50:43"}
{"level":"info","message":"no more events need to be prepared, dispatching...","timestamp":"2025-04-10 00:50:43"}
{"level":"info","message":"no more events need to be prepared, dispatching...","timestamp":"2025-04-10 00:50:43"}
{"level":"info","message":"no more events need to be prepared, dispatching...","timestamp":"2025-04-10 00:50:43"}
{"level":"info","message":"last process finished, will do another dispatch","timestamp":"2025-04-10 00:50:43"}
{"level":"warn","message":"workflow executing is not finished, new dispatching will be ignored","timestamp":"2025-04-10 00:50:43"}
{"level":"warn","message":"workflow executing is not finished, new dispatching will be ignored","timestamp":"2025-04-10 00:50:43"}
{"level":"warn","message":"workflow executing is not finished, new dispatching will be ignored","timestamp":"2025-04-10 00:50:43"}
{"level":"warn","message":"workflow executing is not finished, new dispatching will be ignored","timestamp":"2025-04-10 00:50:43"}
{"level":"warn","message":"workflow executing is not finished, new dispatching will be ignored","timestamp":"2025-04-10 00:50:43"}
{"level":"warn","message":"workflow executing is not finished, new dispatching will be ignored","timestamp":"2025-04-10 00:50:43"}
{"level":"warn","message":"workflow executing is not finished, new dispatching will be ignored","timestamp":"2025-04-10 00:50:43"}
{"level":"warn","message":"workflow executing is not finished, new dispatching will be ignored","timestamp":"2025-04-10 00:50:43"}
{"level":"warn","message":"workflow executing is not finished, new dispatching will be ignored","timestamp":"2025-04-10 00:50:43"}
{"level":"info","message":"no more events need to be prepared, dispatching...","timestamp":"2025-04-10 00:50:43"}
{"level":"info","message":"last process finished, will do another dispatch","timestamp":"2025-04-10 00:50:43"}
{"level":"warn","message":"workflow executing is not finished, new dispatching will be ignored","timestamp":"2025-04-10 00:50:43"}
{"level":"info","message":"last process finished, will do another dispatch","timestamp":"2025-04-10 00:50:43"}
{"level":"info","message":"last process finished, will do another dispatch","timestamp":"2025-04-10 00:50:43"}
{"level":"info","message":"last process finished, will do another dispatch","timestamp":"2025-04-10 00:50:43"}
{"level":"info","message":"last process finished, will do another dispatch","timestamp":"2025-04-10 00:50:43"}
{"level":"info","message":"last process finished, will do another dispatch","timestamp":"2025-04-10 00:50:43"}
{"level":"info","message":"last process finished, will do another dispatch","timestamp":"2025-04-10 00:50:43"}
{"level":"info","message":"last process finished, will do another dispatch","timestamp":"2025-04-10 00:50:43"}
{"level":"info","message":"last process finished, will do another dispatch","timestamp":"2025-04-10 00:50:43"}
{"level":"info","message":"last process finished, will do another dispatch","timestamp":"2025-04-10 00:50:43"}
{"level":"info","message":"no execution in db queued to process","timestamp":"2025-04-10 00:50:44"}
{"level":"info","message":"(cycling) check for queueing executions","timestamp":"2025-04-10 00:54:35"}
{"level":"info","message":"no execution in db queued to process","timestamp":"2025-04-10 00:54:35"}
{"level":"info","message":"no more events need to be prepared, dispatching...","timestamp":"2025-04-10 00:54:59"}
{"level":"info","message":"last process finished, will do another dispatch","timestamp":"2025-04-10 00:54:59"}
{"level":"info","message":"no execution in db queued to process","timestamp":"2025-04-10 00:54:59"}
{"level":"info","message":"no more events need to be prepared, dispatching...","timestamp":"2025-04-10 00:55:09"}
{"level":"info","message":"no more events need to be prepared, dispatching...","timestamp":"2025-04-10 00:55:09"}
{"level":"info","message":"no more events need to be prepared, dispatching...","timestamp":"2025-04-10 00:55:09"}
{"level":"info","message":"no more events need to be prepared, dispatching...","timestamp":"2025-04-10 00:55:09"}
{"level":"info","message":"no more events need to be prepared, dispatching...","timestamp":"2025-04-10 00:55:09"}
{"level":"info","message":"no more events need to be prepared, dispatching...","timestamp":"2025-04-10 00:55:09"}
{"level":"info","message":"no more events need to be prepared, dispatching...","timestamp":"2025-04-10 00:55:09"}
{"level":"info","message":"no more events need to be prepared, dispatching...","timestamp":"2025-04-10 00:55:09"}
{"level":"info","message":"no more events need to be prepared, dispatching...","timestamp":"2025-04-10 00:55:09"}
{"level":"info","message":"no more events need to be prepared, dispatching...","timestamp":"2025-04-10 00:55:09"}
{"level":"info","message":"last process finished, will do another dispatch","timestamp":"2025-04-10 00:55:09"}
{"level":"warn","message":"workflow executing is not finished, new dispatching will be ignored","timestamp":"2025-04-10 00:55:09"}
{"level":"warn","message":"workflow executing is not finished, new dispatching will be ignored","timestamp":"2025-04-10 00:55:09"}
{"level":"warn","message":"workflow executing is not finished, new dispatching will be ignored","timestamp":"2025-04-10 00:55:09"}
{"level":"warn","message":"workflow executing is not finished, new dispatching will be ignored","timestamp":"2025-04-10 00:55:09"}
{"level":"warn","message":"workflow executing is not finished, new dispatching will be ignored","timestamp":"2025-04-10 00:55:09"}
{"level":"warn","message":"workflow executing is not finished, new dispatching will be ignored","timestamp":"2025-04-10 00:55:09"}
{"level":"warn","message":"workflow executing is not finished, new dispatching will be ignored","timestamp":"2025-04-10 00:55:09"}
{"level":"warn","message":"workflow executing is not finished, new dispatching will be ignored","timestamp":"2025-04-10 00:55:09"}
{"level":"warn","message":"workflow executing is not finished, new dispatching will be ignored","timestamp":"2025-04-10 00:55:09"}
{"level":"info","message":"no more events need to be prepared, dispatching...","timestamp":"2025-04-10 00:55:09"}
{"level":"info","message":"last process finished, will do another dispatch","timestamp":"2025-04-10 00:55:09"}
{"level":"warn","message":"workflow executing is not finished, new dispatching will be ignored","timestamp":"2025-04-10 00:55:09"}
{"level":"info","message":"last process finished, will do another dispatch","timestamp":"2025-04-10 00:55:10"}
{"level":"info","message":"last process finished, will do another dispatch","timestamp":"2025-04-10 00:55:10"}
{"level":"info","message":"last process finished, will do another dispatch","timestamp":"2025-04-10 00:55:10"}
{"level":"info","message":"last process finished, will do another dispatch","timestamp":"2025-04-10 00:55:10"}
{"level":"info","message":"last process finished, will do another dispatch","timestamp":"2025-04-10 00:55:10"}
{"level":"info","message":"last process finished, will do another dispatch","timestamp":"2025-04-10 00:55:10"}
{"level":"info","message":"last process finished, will do another dispatch","timestamp":"2025-04-10 00:55:10"}
{"level":"info","message":"last process finished, will do another dispatch","timestamp":"2025-04-10 00:55:10"}
{"level":"info","message":"last process finished, will do another dispatch","timestamp":"2025-04-10 00:55:10"}
{"level":"info","message":"no execution in db queued to process","timestamp":"2025-04-10 00:55:10"}
{"level":"info","message":"no more events need to be prepared, dispatching...","timestamp":"2025-04-10 00:56:10"}
{"level":"info","message":"no more events need to be prepared, dispatching...","timestamp":"2025-04-10 00:56:10"}
{"level":"info","message":"no more events need to be prepared, dispatching...","timestamp":"2025-04-10 00:56:10"}
{"level":"info","message":"no more events need to be prepared, dispatching...","timestamp":"2025-04-10 00:56:10"}
{"level":"info","message":"no more events need to be prepared, dispatching...","timestamp":"2025-04-10 00:56:10"}
{"level":"info","message":"no more events need to be prepared, dispatching...","timestamp":"2025-04-10 00:56:10"}
{"level":"info","message":"no more events need to be prepared, dispatching...","timestamp":"2025-04-10 00:56:10"}
{"level":"info","message":"no more events need to be prepared, dispatching...","timestamp":"2025-04-10 00:56:10"}
{"level":"info","message":"no more events need to be prepared, dispatching...","timestamp":"2025-04-10 00:56:10"}
{"level":"info","message":"no more events need to be prepared, dispatching...","timestamp":"2025-04-10 00:56:10"}
{"level":"info","message":"last process finished, will do another dispatch","timestamp":"2025-04-10 00:56:10"}
{"level":"warn","message":"workflow executing is not finished, new dispatching will be ignored","timestamp":"2025-04-10 00:56:10"}
{"level":"warn","message":"workflow executing is not finished, new dispatching will be ignored","timestamp":"2025-04-10 00:56:10"}
{"level":"warn","message":"workflow executing is not finished, new dispatching will be ignored","timestamp":"2025-04-10 00:56:10"}
{"level":"warn","message":"workflow executing is not finished, new dispatching will be ignored","timestamp":"2025-04-10 00:56:10"}
{"level":"warn","message":"workflow executing is not finished, new dispatching will be ignored","timestamp":"2025-04-10 00:56:10"}
{"level":"warn","message":"workflow executing is not finished, new dispatching will be ignored","timestamp":"2025-04-10 00:56:10"}
{"level":"warn","message":"workflow executing is not finished, new dispatching will be ignored","timestamp":"2025-04-10 00:56:10"}
{"level":"warn","message":"workflow executing is not finished, new dispatching will be ignored","timestamp":"2025-04-10 00:56:10"}
{"level":"warn","message":"workflow executing is not finished, new dispatching will be ignored","timestamp":"2025-04-10 00:56:10"}
{"level":"info","message":"no more events need to be prepared, dispatching...","timestamp":"2025-04-10 00:56:10"}
{"level":"info","message":"last process finished, will do another dispatch","timestamp":"2025-04-10 00:56:10"}
{"level":"warn","message":"workflow executing is not finished, new dispatching will be ignored","timestamp":"2025-04-10 00:56:10"}
{"level":"info","message":"last process finished, will do another dispatch","timestamp":"2025-04-10 00:56:10"}
{"level":"info","message":"last process finished, will do another dispatch","timestamp":"2025-04-10 00:56:10"}
{"level":"info","message":"last process finished, will do another dispatch","timestamp":"2025-04-10 00:56:11"}
{"level":"info","message":"last process finished, will do another dispatch","timestamp":"2025-04-10 00:56:11"}
{"level":"info","message":"last process finished, will do another dispatch","timestamp":"2025-04-10 00:56:11"}
{"level":"info","message":"last process finished, will do another dispatch","timestamp":"2025-04-10 00:56:11"}
{"level":"info","message":"last process finished, will do another dispatch","timestamp":"2025-04-10 00:56:11"}
{"level":"info","message":"last process finished, will do another dispatch","timestamp":"2025-04-10 00:56:11"}
{"level":"info","message":"last process finished, will do another dispatch","timestamp":"2025-04-10 00:56:11"}
{"level":"info","message":"no execution in db queued to process","timestamp":"2025-04-10 00:56:11"}
{"level":"info","message":"no more events need to be prepared, dispatching...","timestamp":"2025-04-10 00:56:24"}
{"level":"info","message":"last process finished, will do another dispatch","timestamp":"2025-04-10 00:56:24"}
{"level":"info","message":"no execution in db queued to process","timestamp":"2025-04-10 00:56:24"}
{"level":"info","message":"no more events need to be prepared, dispatching...","timestamp":"2025-04-10 00:56:36"}
{"level":"info","message":"no more events need to be prepared, dispatching...","timestamp":"2025-04-10 00:56:36"}
{"level":"info","message":"no more events need to be prepared, dispatching...","timestamp":"2025-04-10 00:56:36"}
{"level":"info","message":"no more events need to be prepared, dispatching...","timestamp":"2025-04-10 00:56:36"}
{"level":"info","message":"no more events need to be prepared, dispatching...","timestamp":"2025-04-10 00:56:36"}
{"level":"info","message":"no more events need to be prepared, dispatching...","timestamp":"2025-04-10 00:56:36"}
{"level":"info","message":"no more events need to be prepared, dispatching...","timestamp":"2025-04-10 00:56:36"}
{"level":"info","message":"no more events need to be prepared, dispatching...","timestamp":"2025-04-10 00:56:36"}
{"level":"info","message":"no more events need to be prepared, dispatching...","timestamp":"2025-04-10 00:56:36"}
{"level":"info","message":"no more events need to be prepared, dispatching...","timestamp":"2025-04-10 00:56:36"}
{"level":"info","message":"last process finished, will do another dispatch","timestamp":"2025-04-10 00:56:36"}
{"level":"warn","message":"workflow executing is not finished, new dispatching will be ignored","timestamp":"2025-04-10 00:56:36"}
{"level":"warn","message":"workflow executing is not finished, new dispatching will be ignored","timestamp":"2025-04-10 00:56:36"}
{"level":"warn","message":"workflow executing is not finished, new dispatching will be ignored","timestamp":"2025-04-10 00:56:36"}
{"level":"warn","message":"workflow executing is not finished, new dispatching will be ignored","timestamp":"2025-04-10 00:56:36"}
{"level":"warn","message":"workflow executing is not finished, new dispatching will be ignored","timestamp":"2025-04-10 00:56:36"}
{"level":"warn","message":"workflow executing is not finished, new dispatching will be ignored","timestamp":"2025-04-10 00:56:36"}
{"level":"warn","message":"workflow executing is not finished, new dispatching will be ignored","timestamp":"2025-04-10 00:56:36"}
{"level":"warn","message":"workflow executing is not finished, new dispatching will be ignored","timestamp":"2025-04-10 00:56:36"}
{"level":"warn","message":"workflow executing is not finished, new dispatching will be ignored","timestamp":"2025-04-10 00:56:36"}
{"level":"info","message":"no more events need to be prepared, dispatching...","timestamp":"2025-04-10 00:56:36"}
{"level":"info","message":"last process finished, will do another dispatch","timestamp":"2025-04-10 00:56:36"}
{"level":"warn","message":"workflow executing is not finished, new dispatching will be ignored","timestamp":"2025-04-10 00:56:36"}
{"level":"info","message":"last process finished, will do another dispatch","timestamp":"2025-04-10 00:56:36"}
{"level":"info","message":"last process finished, will do another dispatch","timestamp":"2025-04-10 00:56:36"}
{"level":"info","message":"last process finished, will do another dispatch","timestamp":"2025-04-10 00:56:36"}
{"level":"info","message":"last process finished, will do another dispatch","timestamp":"2025-04-10 00:56:37"}
{"level":"info","message":"last process finished, will do another dispatch","timestamp":"2025-04-10 00:56:37"}
{"level":"info","message":"last process finished, will do another dispatch","timestamp":"2025-04-10 00:56:37"}
{"level":"info","message":"last process finished, will do another dispatch","timestamp":"2025-04-10 00:56:37"}
{"level":"info","message":"last process finished, will do another dispatch","timestamp":"2025-04-10 00:56:37"}
{"level":"info","message":"last process finished, will do another dispatch","timestamp":"2025-04-10 00:56:37"}
{"level":"info","message":"no execution in db queued to process","timestamp":"2025-04-10 00:56:37"}
{"level":"info","message":"no more events need to be prepared, dispatching...","timestamp":"2025-04-10 00:57:05"}
{"level":"info","message":"no more events need to be prepared, dispatching...","timestamp":"2025-04-10 00:57:05"}
{"level":"info","message":"no more events need to be prepared, dispatching...","timestamp":"2025-04-10 00:57:05"}
{"level":"info","message":"no more events need to be prepared, dispatching...","timestamp":"2025-04-10 00:57:05"}
{"level":"info","message":"no more events need to be prepared, dispatching...","timestamp":"2025-04-10 00:57:05"}
{"level":"info","message":"no more events need to be prepared, dispatching...","timestamp":"2025-04-10 00:57:05"}
{"level":"info","message":"no more events need to be prepared, dispatching...","timestamp":"2025-04-10 00:57:05"}
{"level":"info","message":"no more events need to be prepared, dispatching...","timestamp":"2025-04-10 00:57:05"}
{"level":"info","message":"no more events need to be prepared, dispatching...","timestamp":"2025-04-10 00:57:05"}
{"level":"info","message":"no more events need to be prepared, dispatching...","timestamp":"2025-04-10 00:57:05"}
{"level":"info","message":"last process finished, will do another dispatch","timestamp":"2025-04-10 00:57:05"}
{"level":"warn","message":"workflow executing is not finished, new dispatching will be ignored","timestamp":"2025-04-10 00:57:05"}
{"level":"warn","message":"workflow executing is not finished, new dispatching will be ignored","timestamp":"2025-04-10 00:57:05"}
{"level":"warn","message":"workflow executing is not finished, new dispatching will be ignored","timestamp":"2025-04-10 00:57:05"}
{"level":"warn","message":"workflow executing is not finished, new dispatching will be ignored","timestamp":"2025-04-10 00:57:05"}
{"level":"warn","message":"workflow executing is not finished, new dispatching will be ignored","timestamp":"2025-04-10 00:57:05"}
{"level":"warn","message":"workflow executing is not finished, new dispatching will be ignored","timestamp":"2025-04-10 00:57:05"}
{"level":"warn","message":"workflow executing is not finished, new dispatching will be ignored","timestamp":"2025-04-10 00:57:05"}
{"level":"warn","message":"workflow executing is not finished, new dispatching will be ignored","timestamp":"2025-04-10 00:57:05"}
{"level":"warn","message":"workflow executing is not finished, new dispatching will be ignored","timestamp":"2025-04-10 00:57:05"}
{"level":"info","message":"no more events need to be prepared, dispatching...","timestamp":"2025-04-10 00:57:05"}
{"level":"info","message":"last process finished, will do another dispatch","timestamp":"2025-04-10 00:57:05"}
{"level":"warn","message":"workflow executing is not finished, new dispatching will be ignored","timestamp":"2025-04-10 00:57:05"}
{"level":"info","message":"last process finished, will do another dispatch","timestamp":"2025-04-10 00:57:05"}
{"level":"info","message":"last process finished, will do another dispatch","timestamp":"2025-04-10 00:57:06"}
{"level":"info","message":"last process finished, will do another dispatch","timestamp":"2025-04-10 00:57:06"}
{"level":"info","message":"last process finished, will do another dispatch","timestamp":"2025-04-10 00:57:06"}
{"level":"info","message":"last process finished, will do another dispatch","timestamp":"2025-04-10 00:57:06"}
{"level":"info","message":"last process finished, will do another dispatch","timestamp":"2025-04-10 00:57:06"}
{"level":"info","message":"last process finished, will do another dispatch","timestamp":"2025-04-10 00:57:06"}
{"level":"info","message":"last process finished, will do another dispatch","timestamp":"2025-04-10 00:57:06"}
{"level":"info","message":"last process finished, will do another dispatch","timestamp":"2025-04-10 00:57:06"}
{"level":"info","message":"no execution in db queued to process","timestamp":"2025-04-10 00:57:06"}
{"level":"info","message":"(cycling) check for queueing executions","timestamp":"2025-04-10 00:59:35"}
{"level":"info","message":"no execution in db queued to process","timestamp":"2025-04-10 00:59:35"}
{"level":"info","message":"no more events need to be prepared, dispatching...","timestamp":"2025-04-10 01:00:53"}
{"level":"info","message":"no more events need to be prepared, dispatching...","timestamp":"2025-04-10 01:00:53"}
{"level":"info","message":"no more events need to be prepared, dispatching...","timestamp":"2025-04-10 01:00:53"}
{"level":"info","message":"no more events need to be prepared, dispatching...","timestamp":"2025-04-10 01:00:53"}
{"level":"info","message":"no more events need to be prepared, dispatching...","timestamp":"2025-04-10 01:00:54"}
{"level":"info","message":"no more events need to be prepared, dispatching...","timestamp":"2025-04-10 01:00:54"}
{"level":"info","message":"no more events need to be prepared, dispatching...","timestamp":"2025-04-10 01:00:54"}
{"level":"info","message":"no more events need to be prepared, dispatching...","timestamp":"2025-04-10 01:00:54"}
{"level":"info","message":"no more events need to be prepared, dispatching...","timestamp":"2025-04-10 01:00:54"}
{"level":"info","message":"no more events need to be prepared, dispatching...","timestamp":"2025-04-10 01:00:54"}
{"level":"info","message":"last process finished, will do another dispatch","timestamp":"2025-04-10 01:00:54"}
{"level":"warn","message":"workflow executing is not finished, new dispatching will be ignored","timestamp":"2025-04-10 01:00:54"}
{"level":"warn","message":"workflow executing is not finished, new dispatching will be ignored","timestamp":"2025-04-10 01:00:54"}
{"level":"warn","message":"workflow executing is not finished, new dispatching will be ignored","timestamp":"2025-04-10 01:00:54"}
{"level":"warn","message":"workflow executing is not finished, new dispatching will be ignored","timestamp":"2025-04-10 01:00:54"}
{"level":"warn","message":"workflow executing is not finished, new dispatching will be ignored","timestamp":"2025-04-10 01:00:54"}
{"level":"warn","message":"workflow executing is not finished, new dispatching will be ignored","timestamp":"2025-04-10 01:00:54"}
{"level":"warn","message":"workflow executing is not finished, new dispatching will be ignored","timestamp":"2025-04-10 01:00:54"}
{"level":"warn","message":"workflow executing is not finished, new dispatching will be ignored","timestamp":"2025-04-10 01:00:54"}
{"level":"warn","message":"workflow executing is not finished, new dispatching will be ignored","timestamp":"2025-04-10 01:00:54"}
{"level":"info","message":"no more events need to be prepared, dispatching...","timestamp":"2025-04-10 01:00:54"}
{"level":"info","message":"last process finished, will do another dispatch","timestamp":"2025-04-10 01:00:54"}
{"level":"warn","message":"workflow executing is not finished, new dispatching will be ignored","timestamp":"2025-04-10 01:00:54"}
{"level":"info","message":"last process finished, will do another dispatch","timestamp":"2025-04-10 01:00:54"}
{"level":"info","message":"last process finished, will do another dispatch","timestamp":"2025-04-10 01:00:54"}
{"level":"info","message":"last process finished, will do another dispatch","timestamp":"2025-04-10 01:00:54"}
{"level":"info","message":"last process finished, will do another dispatch","timestamp":"2025-04-10 01:00:54"}
{"level":"info","message":"last process finished, will do another dispatch","timestamp":"2025-04-10 01:00:54"}
{"level":"info","message":"last process finished, will do another dispatch","timestamp":"2025-04-10 01:00:54"}
{"level":"info","message":"last process finished, will do another dispatch","timestamp":"2025-04-10 01:00:54"}
{"level":"info","message":"last process finished, will do another dispatch","timestamp":"2025-04-10 01:00:54"}
{"level":"info","message":"last process finished, will do another dispatch","timestamp":"2025-04-10 01:00:54"}
{"level":"info","message":"no execution in db queued to process","timestamp":"2025-04-10 01:00:54"}
{"level":"info","message":"(starting) check for queueing executions","timestamp":"2025-04-10 05:22:13"}
{"level":"info","message":"no execution in db queued to process","timestamp":"2025-04-10 05:22:13"}
{"level":"info","message":"(cycling) check for queueing executions","timestamp":"2025-04-10 05:27:13"}
{"level":"info","message":"no execution in db queued to process","timestamp":"2025-04-10 05:27:13"}
{"level":"info","message":"(cycling) check for queueing executions","timestamp":"2025-04-10 05:32:13"}
{"level":"info","message":"no execution in db queued to process","timestamp":"2025-04-10 05:32:13"}
{"level":"info","message":"(cycling) check for queueing executions","timestamp":"2025-04-10 05:37:13"}
{"level":"info","message":"no execution in db queued to process","timestamp":"2025-04-10 05:37:13"}
{"level":"info","message":"(cycling) check for queueing executions","timestamp":"2025-04-10 05:42:12"}
{"level":"info","message":"no execution in db queued to process","timestamp":"2025-04-10 05:42:13"}
{"level":"info","message":"(cycling) check for queueing executions","timestamp":"2025-04-10 05:47:12"}
{"level":"info","message":"no execution in db queued to process","timestamp":"2025-04-10 05:47:13"}
{"level":"info","message":"(cycling) check for queueing executions","timestamp":"2025-04-10 05:52:12"}
{"level":"info","message":"no execution in db queued to process","timestamp":"2025-04-10 05:52:12"}
{"level":"info","message":"(cycling) check for queueing executions","timestamp":"2025-04-10 05:57:12"}
{"level":"info","message":"no execution in db queued to process","timestamp":"2025-04-10 05:57:12"}
{"level":"info","message":"(cycling) check for queueing executions","timestamp":"2025-04-10 06:02:12"}
{"level":"info","message":"no execution in db queued to process","timestamp":"2025-04-10 06:02:12"}
{"level":"info","message":"(cycling) check for queueing executions","timestamp":"2025-04-10 06:07:12"}
{"level":"info","message":"no execution in db queued to process","timestamp":"2025-04-10 06:07:12"}
{"level":"info","message":"(cycling) check for queueing executions","timestamp":"2025-04-10 06:12:12"}
{"level":"info","message":"no execution in db queued to process","timestamp":"2025-04-10 06:12:12"}
{"level":"info","message":"(cycling) check for queueing executions","timestamp":"2025-04-10 06:17:12"}
{"level":"info","message":"no execution in db queued to process","timestamp":"2025-04-10 06:17:12"}
{"level":"info","message":"(cycling) check for queueing executions","timestamp":"2025-04-10 06:22:12"}
{"level":"info","message":"no execution in db queued to process","timestamp":"2025-04-10 06:22:12"}
{"level":"info","message":"(cycling) check for queueing executions","timestamp":"2025-04-10 06:27:12"}
{"level":"info","message":"no execution in db queued to process","timestamp":"2025-04-10 06:27:12"}
{"level":"info","message":"(cycling) check for queueing executions","timestamp":"2025-04-10 06:32:12"}
{"level":"info","message":"no execution in db queued to process","timestamp":"2025-04-10 06:32:12"}
{"level":"info","message":"(cycling) check for queueing executions","timestamp":"2025-04-10 06:37:12"}
{"level":"info","message":"no execution in db queued to process","timestamp":"2025-04-10 06:37:12"}
{"level":"info","message":"(cycling) check for queueing executions","timestamp":"2025-04-10 06:42:12"}
{"level":"info","message":"no execution in db queued to process","timestamp":"2025-04-10 06:42:12"}
{"level":"info","message":"(cycling) check for queueing executions","timestamp":"2025-04-10 06:47:12"}
{"level":"info","message":"no execution in db queued to process","timestamp":"2025-04-10 06:47:12"}
{"level":"info","message":"(cycling) check for queueing executions","timestamp":"2025-04-10 06:52:12"}
{"level":"info","message":"no execution in db queued to process","timestamp":"2025-04-10 06:52:12"}
{"level":"info","message":"(cycling) check for queueing executions","timestamp":"2025-04-10 06:57:12"}
{"level":"info","message":"no execution in db queued to process","timestamp":"2025-04-10 06:57:12"}
{"level":"info","message":"(cycling) check for queueing executions","timestamp":"2025-04-10 07:02:12"}
{"level":"info","message":"no execution in db queued to process","timestamp":"2025-04-10 07:02:12"}
{"level":"info","message":"(cycling) check for queueing executions","timestamp":"2025-04-10 07:07:12"}
{"level":"info","message":"no execution in db queued to process","timestamp":"2025-04-10 07:07:12"}
{"level":"info","message":"(cycling) check for queueing executions","timestamp":"2025-04-10 07:12:12"}
{"level":"info","message":"no execution in db queued to process","timestamp":"2025-04-10 07:12:12"}
{"level":"info","message":"(cycling) check for queueing executions","timestamp":"2025-04-10 07:17:12"}
{"level":"info","message":"no execution in db queued to process","timestamp":"2025-04-10 07:17:12"}
{"level":"info","message":"(cycling) check for queueing executions","timestamp":"2025-04-10 07:22:12"}
{"level":"info","message":"no execution in db queued to process","timestamp":"2025-04-10 07:22:12"}
{"level":"info","message":"(cycling) check for queueing executions","timestamp":"2025-04-10 07:27:12"}
{"level":"info","message":"no execution in db queued to process","timestamp":"2025-04-10 07:27:12"}
{"level":"info","message":"(cycling) check for queueing executions","timestamp":"2025-04-10 07:32:12"}
{"level":"info","message":"no execution in db queued to process","timestamp":"2025-04-10 07:32:12"}
{"level":"info","message":"(cycling) check for queueing executions","timestamp":"2025-04-10 07:37:12"}
{"level":"info","message":"no execution in db queued to process","timestamp":"2025-04-10 07:37:12"}
{"level":"info","message":"(cycling) check for queueing executions","timestamp":"2025-04-10 07:42:12"}
{"level":"info","message":"no execution in db queued to process","timestamp":"2025-04-10 07:42:12"}
{"level":"info","message":"(cycling) check for queueing executions","timestamp":"2025-04-10 07:47:12"}
{"level":"info","message":"no execution in db queued to process","timestamp":"2025-04-10 07:47:12"}
{"level":"info","message":"(cycling) check for queueing executions","timestamp":"2025-04-10 07:52:12"}
{"level":"info","message":"no execution in db queued to process","timestamp":"2025-04-10 07:52:12"}
{"level":"info","message":"(cycling) check for queueing executions","timestamp":"2025-04-10 07:57:12"}
{"level":"info","message":"no execution in db queued to process","timestamp":"2025-04-10 07:57:12"}
{"level":"info","message":"(starting) check for queueing executions","timestamp":"2025-04-10 14:11:10"}
{"level":"info","message":"no execution in db queued to process","timestamp":"2025-04-10 14:11:10"}
{"level":"info","message":"(cycling) check for queueing executions","timestamp":"2025-04-10 14:16:10"}
{"level":"info","message":"no execution in db queued to process","timestamp":"2025-04-10 14:16:10"}
{"level":"info","message":"(cycling) check for queueing executions","timestamp":"2025-04-10 14:21:10"}
{"level":"info","message":"no execution in db queued to process","timestamp":"2025-04-10 14:21:10"}
{"level":"info","message":"(cycling) check for queueing executions","timestamp":"2025-04-10 14:26:10"}
{"level":"info","message":"no execution in db queued to process","timestamp":"2025-04-10 14:26:10"}
{"level":"info","message":"(cycling) check for queueing executions","timestamp":"2025-04-10 14:31:10"}
{"level":"info","message":"no execution in db queued to process","timestamp":"2025-04-10 14:31:10"}
{"level":"info","message":"(cycling) check for queueing executions","timestamp":"2025-04-10 14:36:10"}
{"level":"info","message":"no execution in db queued to process","timestamp":"2025-04-10 14:36:10"}
{"level":"info","message":"(cycling) check for queueing executions","timestamp":"2025-04-10 14:41:10"}
{"level":"info","message":"no execution in db queued to process","timestamp":"2025-04-10 14:41:10"}
{"level":"info","message":"(cycling) check for queueing executions","timestamp":"2025-04-10 14:46:10"}
{"level":"info","message":"no execution in db queued to process","timestamp":"2025-04-10 14:46:10"}
{"level":"info","message":"(cycling) check for queueing executions","timestamp":"2025-04-10 14:51:10"}
{"level":"info","message":"no execution in db queued to process","timestamp":"2025-04-10 14:51:10"}
{"level":"info","message":"(cycling) check for queueing executions","timestamp":"2025-04-10 14:56:10"}
{"level":"info","message":"no execution in db queued to process","timestamp":"2025-04-10 14:56:10"}
{"level":"info","message":"(cycling) check for queueing executions","timestamp":"2025-04-10 15:01:10"}
{"level":"info","message":"no execution in db queued to process","timestamp":"2025-04-10 15:01:10"}
{"level":"info","message":"(cycling) check for queueing executions","timestamp":"2025-04-10 15:06:10"}
{"level":"info","message":"no execution in db queued to process","timestamp":"2025-04-10 15:06:10"}
{"level":"info","message":"(cycling) check for queueing executions","timestamp":"2025-04-10 15:11:10"}
{"level":"info","message":"no execution in db queued to process","timestamp":"2025-04-10 15:11:10"}
{"level":"info","message":"(cycling) check for queueing executions","timestamp":"2025-04-10 15:16:10"}
{"level":"info","message":"no execution in db queued to process","timestamp":"2025-04-10 15:16:10"}
{"level":"info","message":"(cycling) check for queueing executions","timestamp":"2025-04-10 15:21:10"}
{"level":"info","message":"no execution in db queued to process","timestamp":"2025-04-10 15:21:10"}
{"level":"info","message":"(cycling) check for queueing executions","timestamp":"2025-04-10 15:26:10"}
{"level":"info","message":"no execution in db queued to process","timestamp":"2025-04-10 15:26:10"}
{"level":"info","message":"(cycling) check for queueing executions","timestamp":"2025-04-10 15:31:10"}
{"level":"info","message":"no execution in db queued to process","timestamp":"2025-04-10 15:31:10"}
{"level":"info","message":"(cycling) check for queueing executions","timestamp":"2025-04-10 15:36:10"}
{"level":"info","message":"no execution in db queued to process","timestamp":"2025-04-10 15:36:10"}
{"level":"info","message":"(cycling) check for queueing executions","timestamp":"2025-04-10 15:41:10"}
{"level":"info","message":"no execution in db queued to process","timestamp":"2025-04-10 15:41:10"}
{"level":"info","message":"(cycling) check for queueing executions","timestamp":"2025-04-10 15:46:10"}
{"level":"info","message":"no execution in db queued to process","timestamp":"2025-04-10 15:46:10"}
{"level":"info","message":"(cycling) check for queueing executions","timestamp":"2025-04-10 15:51:10"}
{"level":"info","message":"no execution in db queued to process","timestamp":"2025-04-10 15:51:10"}
{"level":"info","message":"(cycling) check for queueing executions","timestamp":"2025-04-10 15:56:10"}
{"level":"info","message":"no execution in db queued to process","timestamp":"2025-04-10 15:56:10"}
{"level":"info","message":"(cycling) check for queueing executions","timestamp":"2025-04-10 16:01:10"}
{"level":"info","message":"no execution in db queued to process","timestamp":"2025-04-10 16:01:10"}
{"level":"info","message":"(cycling) check for queueing executions","timestamp":"2025-04-10 16:06:10"}
{"level":"info","message":"no execution in db queued to process","timestamp":"2025-04-10 16:06:10"}
{"level":"info","message":"no more events need to be prepared, dispatching...","timestamp":"2025-04-10 16:08:17"}
{"level":"info","message":"last process finished, will do another dispatch","timestamp":"2025-04-10 16:08:17"}
{"level":"info","message":"no execution in db queued to process","timestamp":"2025-04-10 16:08:17"}
{"level":"info","message":"no more events need to be prepared, dispatching...","timestamp":"2025-04-10 16:09:17"}
{"level":"info","message":"last process finished, will do another dispatch","timestamp":"2025-04-10 16:09:17"}
{"level":"info","message":"no execution in db queued to process","timestamp":"2025-04-10 16:09:17"}
{"level":"info","message":"(cycling) check for queueing executions","timestamp":"2025-04-10 16:11:10"}
{"level":"info","message":"no execution in db queued to process","timestamp":"2025-04-10 16:11:10"}
{"level":"info","message":"(cycling) check for queueing executions","timestamp":"2025-04-10 16:16:10"}
{"level":"info","message":"no execution in db queued to process","timestamp":"2025-04-10 16:16:10"}
{"level":"info","message":"(cycling) check for queueing executions","timestamp":"2025-04-10 16:21:10"}
{"level":"info","message":"no execution in db queued to process","timestamp":"2025-04-10 16:21:10"}
{"level":"info","message":"(cycling) check for queueing executions","timestamp":"2025-04-10 16:26:10"}
{"level":"info","message":"no execution in db queued to process","timestamp":"2025-04-10 16:26:10"}
{"level":"info","message":"(starting) check for queueing executions","timestamp":"2025-04-10 16:27:58"}
{"level":"info","message":"no execution in db queued to process","timestamp":"2025-04-10 16:27:58"}
{"level":"info","message":"(cycling) check for queueing executions","timestamp":"2025-04-10 16:32:58"}
{"level":"info","message":"no execution in db queued to process","timestamp":"2025-04-10 16:32:58"}
{"level":"info","message":"no more events need to be prepared, dispatching...","timestamp":"2025-04-10 16:34:01"}
{"level":"info","message":"last process finished, will do another dispatch","timestamp":"2025-04-10 16:34:01"}
{"level":"info","message":"no execution in db queued to process","timestamp":"2025-04-10 16:34:01"}
{"level":"info","message":"(cycling) check for queueing executions","timestamp":"2025-04-10 16:37:58"}
{"level":"info","message":"no execution in db queued to process","timestamp":"2025-04-10 16:37:58"}
{"level":"info","message":"no more events need to be prepared, dispatching...","timestamp":"2025-04-10 16:39:24"}
{"level":"info","message":"last process finished, will do another dispatch","timestamp":"2025-04-10 16:39:24"}
{"level":"info","message":"no execution in db queued to process","timestamp":"2025-04-10 16:39:24"}
{"level":"info","message":"no more events need to be prepared, dispatching...","timestamp":"2025-04-10 16:39:39"}
{"level":"info","message":"last process finished, will do another dispatch","timestamp":"2025-04-10 16:39:39"}
{"level":"info","message":"no execution in db queued to process","timestamp":"2025-04-10 16:39:39"}
{"level":"info","message":"no more events need to be prepared, dispatching...","timestamp":"2025-04-10 16:39:47"}
{"level":"info","message":"last process finished, will do another dispatch","timestamp":"2025-04-10 16:39:47"}
{"level":"info","message":"no execution in db queued to process","timestamp":"2025-04-10 16:39:47"}
{"level":"info","message":"(cycling) check for queueing executions","timestamp":"2025-04-10 16:43:02"}
{"level":"info","message":"no execution in db queued to process","timestamp":"2025-04-10 16:43:03"}
