{"level":"info","message":"(cycling) check for queueing executions","timestamp":"2025-04-28 00:01:45"}
{"level":"info","message":"no execution in db queued to process","timestamp":"2025-04-28 00:01:45"}
{"level":"info","message":"(cycling) check for queueing executions","timestamp":"2025-04-28 00:06:45"}
{"level":"info","message":"no execution in db queued to process","timestamp":"2025-04-28 00:06:45"}
{"level":"info","message":"(cycling) check for queueing executions","timestamp":"2025-04-28 00:11:45"}
{"level":"info","message":"no execution in db queued to process","timestamp":"2025-04-28 00:11:45"}
{"level":"info","message":"(cycling) check for queueing executions","timestamp":"2025-04-28 00:16:45"}
{"level":"info","message":"no execution in db queued to process","timestamp":"2025-04-28 00:16:45"}
{"level":"info","message":"(cycling) check for queueing executions","timestamp":"2025-04-28 00:21:45"}
{"level":"info","message":"no execution in db queued to process","timestamp":"2025-04-28 00:21:45"}
{"level":"info","message":"(cycling) check for queueing executions","timestamp":"2025-04-28 00:26:45"}
{"level":"info","message":"no execution in db queued to process","timestamp":"2025-04-28 00:26:45"}
{"level":"info","message":"(cycling) check for queueing executions","timestamp":"2025-04-28 00:31:45"}
{"level":"info","message":"no execution in db queued to process","timestamp":"2025-04-28 00:31:45"}
{"level":"info","message":"(cycling) check for queueing executions","timestamp":"2025-04-28 00:36:45"}
{"level":"info","message":"no execution in db queued to process","timestamp":"2025-04-28 00:36:45"}
{"level":"info","message":"no more events need to be prepared, dispatching...","timestamp":"2025-04-28 00:40:04"}
{"level":"info","message":"last process finished, will do another dispatch","timestamp":"2025-04-28 00:40:04"}
{"level":"info","message":"no execution in db queued to process","timestamp":"2025-04-28 00:40:04"}
{"level":"info","message":"no more events need to be prepared, dispatching...","timestamp":"2025-04-28 00:40:14"}
{"level":"info","message":"last process finished, will do another dispatch","timestamp":"2025-04-28 00:40:15"}
{"level":"info","message":"no execution in db queued to process","timestamp":"2025-04-28 00:40:15"}
{"level":"info","message":"no more events need to be prepared, dispatching...","timestamp":"2025-04-28 00:40:24"}
{"level":"info","message":"last process finished, will do another dispatch","timestamp":"2025-04-28 00:40:25"}
{"level":"info","message":"no execution in db queued to process","timestamp":"2025-04-28 00:40:25"}
{"level":"info","message":"no more events need to be prepared, dispatching...","timestamp":"2025-04-28 00:40:39"}
{"level":"info","message":"last process finished, will do another dispatch","timestamp":"2025-04-28 00:40:39"}
{"level":"info","message":"no execution in db queued to process","timestamp":"2025-04-28 00:40:40"}
{"level":"info","message":"no more events need to be prepared, dispatching...","timestamp":"2025-04-28 00:40:49"}
{"level":"info","message":"last process finished, will do another dispatch","timestamp":"2025-04-28 00:40:49"}
{"level":"info","message":"no execution in db queued to process","timestamp":"2025-04-28 00:40:49"}
{"level":"info","message":"no more events need to be prepared, dispatching...","timestamp":"2025-04-28 00:40:58"}
{"level":"info","message":"last process finished, will do another dispatch","timestamp":"2025-04-28 00:40:58"}
{"level":"info","message":"no execution in db queued to process","timestamp":"2025-04-28 00:40:58"}
{"level":"info","message":"no more events need to be prepared, dispatching...","timestamp":"2025-04-28 00:41:06"}
{"level":"info","message":"last process finished, will do another dispatch","timestamp":"2025-04-28 00:41:06"}
{"level":"info","message":"no execution in db queued to process","timestamp":"2025-04-28 00:41:06"}
{"level":"info","message":"no more events need to be prepared, dispatching...","timestamp":"2025-04-28 00:41:15"}
{"level":"info","message":"last process finished, will do another dispatch","timestamp":"2025-04-28 00:41:15"}
{"level":"info","message":"no execution in db queued to process","timestamp":"2025-04-28 00:41:15"}
{"level":"info","message":"no more events need to be prepared, dispatching...","timestamp":"2025-04-28 00:41:38"}
{"level":"info","message":"last process finished, will do another dispatch","timestamp":"2025-04-28 00:41:38"}
{"level":"info","message":"no execution in db queued to process","timestamp":"2025-04-28 00:41:38"}
{"level":"info","message":"no more events need to be prepared, dispatching...","timestamp":"2025-04-28 00:41:45"}
{"level":"info","message":"last process finished, will do another dispatch","timestamp":"2025-04-28 00:41:45"}
{"level":"info","message":"no execution in db queued to process","timestamp":"2025-04-28 00:41:45"}
{"level":"info","message":"(cycling) check for queueing executions","timestamp":"2025-04-28 00:41:45"}
{"level":"info","message":"no execution in db queued to process","timestamp":"2025-04-28 00:41:45"}
{"level":"info","message":"no more events need to be prepared, dispatching...","timestamp":"2025-04-28 00:41:53"}
{"level":"info","message":"last process finished, will do another dispatch","timestamp":"2025-04-28 00:41:53"}
{"level":"info","message":"no execution in db queued to process","timestamp":"2025-04-28 00:41:53"}
{"level":"info","message":"no more events need to be prepared, dispatching...","timestamp":"2025-04-28 00:42:02"}
{"level":"info","message":"last process finished, will do another dispatch","timestamp":"2025-04-28 00:42:02"}
{"level":"info","message":"no execution in db queued to process","timestamp":"2025-04-28 00:42:02"}
{"level":"info","message":"no more events need to be prepared, dispatching...","timestamp":"2025-04-28 00:42:10"}
{"level":"info","message":"last process finished, will do another dispatch","timestamp":"2025-04-28 00:42:10"}
{"level":"info","message":"no execution in db queued to process","timestamp":"2025-04-28 00:42:10"}
{"level":"info","message":"no more events need to be prepared, dispatching...","timestamp":"2025-04-28 00:42:17"}
{"level":"info","message":"last process finished, will do another dispatch","timestamp":"2025-04-28 00:42:17"}
{"level":"info","message":"no execution in db queued to process","timestamp":"2025-04-28 00:42:17"}
{"level":"info","message":"no more events need to be prepared, dispatching...","timestamp":"2025-04-28 00:42:27"}
{"level":"info","message":"last process finished, will do another dispatch","timestamp":"2025-04-28 00:42:27"}
{"level":"info","message":"no execution in db queued to process","timestamp":"2025-04-28 00:42:27"}
{"level":"info","message":"no more events need to be prepared, dispatching...","timestamp":"2025-04-28 00:42:32"}
{"level":"info","message":"last process finished, will do another dispatch","timestamp":"2025-04-28 00:42:32"}
{"level":"info","message":"no execution in db queued to process","timestamp":"2025-04-28 00:42:32"}
{"level":"info","message":"no more events need to be prepared, dispatching...","timestamp":"2025-04-28 00:42:38"}
{"level":"info","message":"last process finished, will do another dispatch","timestamp":"2025-04-28 00:42:38"}
{"level":"info","message":"no execution in db queued to process","timestamp":"2025-04-28 00:42:38"}
{"level":"info","message":"no more events need to be prepared, dispatching...","timestamp":"2025-04-28 00:42:44"}
{"level":"info","message":"last process finished, will do another dispatch","timestamp":"2025-04-28 00:42:44"}
{"level":"info","message":"no execution in db queued to process","timestamp":"2025-04-28 00:42:44"}
{"level":"info","message":"no more events need to be prepared, dispatching...","timestamp":"2025-04-28 00:42:52"}
{"level":"info","message":"last process finished, will do another dispatch","timestamp":"2025-04-28 00:42:52"}
{"level":"info","message":"no execution in db queued to process","timestamp":"2025-04-28 00:42:52"}
{"level":"info","message":"(cycling) check for queueing executions","timestamp":"2025-04-28 00:46:45"}
{"level":"info","message":"no execution in db queued to process","timestamp":"2025-04-28 00:46:45"}
{"level":"info","message":"(cycling) check for queueing executions","timestamp":"2025-04-28 00:51:45"}
{"level":"info","message":"no execution in db queued to process","timestamp":"2025-04-28 00:51:45"}
{"level":"info","message":"(cycling) check for queueing executions","timestamp":"2025-04-28 00:56:45"}
{"level":"info","message":"no execution in db queued to process","timestamp":"2025-04-28 00:56:45"}
{"level":"info","message":"(cycling) check for queueing executions","timestamp":"2025-04-28 01:01:45"}
{"level":"info","message":"no execution in db queued to process","timestamp":"2025-04-28 01:01:45"}
{"level":"info","message":"no more events need to be prepared, dispatching...","timestamp":"2025-04-28 01:06:44"}
{"level":"info","message":"no more events need to be prepared, dispatching...","timestamp":"2025-04-28 01:06:44"}
{"level":"info","message":"last process finished, will do another dispatch","timestamp":"2025-04-28 01:06:44"}
{"level":"warn","message":"workflow executing is not finished, new dispatching will be ignored","timestamp":"2025-04-28 01:06:44"}
{"level":"info","message":"no more events need to be prepared, dispatching...","timestamp":"2025-04-28 01:06:44"}
{"level":"info","message":"no more events need to be prepared, dispatching...","timestamp":"2025-04-28 01:06:45"}
{"level":"info","message":"no more events need to be prepared, dispatching...","timestamp":"2025-04-28 01:06:45"}
{"level":"info","message":"last process finished, will do another dispatch","timestamp":"2025-04-28 01:06:45"}
{"level":"warn","message":"workflow executing is not finished, new dispatching will be ignored","timestamp":"2025-04-28 01:06:45"}
{"level":"warn","message":"workflow executing is not finished, new dispatching will be ignored","timestamp":"2025-04-28 01:06:45"}
{"level":"warn","message":"workflow executing is not finished, new dispatching will be ignored","timestamp":"2025-04-28 01:06:45"}
{"level":"info","message":"no more events need to be prepared, dispatching...","timestamp":"2025-04-28 01:06:45"}
{"level":"info","message":"last process finished, will do another dispatch","timestamp":"2025-04-28 01:06:45"}
{"level":"warn","message":"workflow executing is not finished, new dispatching will be ignored","timestamp":"2025-04-28 01:06:45"}
{"level":"info","message":"last process finished, will do another dispatch","timestamp":"2025-04-28 01:06:45"}
{"level":"info","message":"(cycling) check for queueing executions","timestamp":"2025-04-28 01:06:45"}
{"level":"warn","message":"workflow executing is not finished, new dispatching will be ignored","timestamp":"2025-04-28 01:06:45"}
{"level":"info","message":"last process finished, will do another dispatch","timestamp":"2025-04-28 01:06:45"}
{"level":"info","message":"last process finished, will do another dispatch","timestamp":"2025-04-28 01:06:45"}
{"level":"info","message":"no execution in db queued to process","timestamp":"2025-04-28 01:06:45"}
{"level":"info","message":"no more events need to be prepared, dispatching...","timestamp":"2025-04-28 01:07:00"}
{"level":"info","message":"last process finished, will do another dispatch","timestamp":"2025-04-28 01:07:00"}
{"level":"info","message":"no execution in db queued to process","timestamp":"2025-04-28 01:07:00"}
{"level":"info","message":"no more events need to be prepared, dispatching...","timestamp":"2025-04-28 01:07:11"}
{"level":"info","message":"last process finished, will do another dispatch","timestamp":"2025-04-28 01:07:11"}
{"level":"info","message":"no execution in db queued to process","timestamp":"2025-04-28 01:07:11"}
{"level":"info","message":"no more events need to be prepared, dispatching...","timestamp":"2025-04-28 01:07:12"}
{"level":"info","message":"last process finished, will do another dispatch","timestamp":"2025-04-28 01:07:12"}
{"level":"info","message":"no execution in db queued to process","timestamp":"2025-04-28 01:07:12"}
{"level":"info","message":"no more events need to be prepared, dispatching...","timestamp":"2025-04-28 01:07:13"}
{"level":"info","message":"last process finished, will do another dispatch","timestamp":"2025-04-28 01:07:13"}
{"level":"info","message":"no execution in db queued to process","timestamp":"2025-04-28 01:07:13"}
{"level":"info","message":"no more events need to be prepared, dispatching...","timestamp":"2025-04-28 01:07:15"}
{"level":"info","message":"no more events need to be prepared, dispatching...","timestamp":"2025-04-28 01:07:15"}
{"level":"info","message":"last process finished, will do another dispatch","timestamp":"2025-04-28 01:07:16"}
{"level":"warn","message":"workflow executing is not finished, new dispatching will be ignored","timestamp":"2025-04-28 01:07:16"}
{"level":"info","message":"last process finished, will do another dispatch","timestamp":"2025-04-28 01:07:16"}
{"level":"info","message":"no execution in db queued to process","timestamp":"2025-04-28 01:07:16"}
{"level":"info","message":"no more events need to be prepared, dispatching...","timestamp":"2025-04-28 01:07:17"}
{"level":"info","message":"no more events need to be prepared, dispatching...","timestamp":"2025-04-28 01:07:17"}
{"level":"info","message":"last process finished, will do another dispatch","timestamp":"2025-04-28 01:07:17"}
{"level":"warn","message":"workflow executing is not finished, new dispatching will be ignored","timestamp":"2025-04-28 01:07:17"}
{"level":"info","message":"last process finished, will do another dispatch","timestamp":"2025-04-28 01:07:18"}
{"level":"info","message":"no execution in db queued to process","timestamp":"2025-04-28 01:07:18"}
{"level":"info","message":"(cycling) check for queueing executions","timestamp":"2025-04-28 01:11:45"}
{"level":"info","message":"no execution in db queued to process","timestamp":"2025-04-28 01:11:45"}
{"level":"info","message":"(cycling) check for queueing executions","timestamp":"2025-04-28 01:16:45"}
{"level":"info","message":"no execution in db queued to process","timestamp":"2025-04-28 01:16:45"}
{"level":"info","message":"(cycling) check for queueing executions","timestamp":"2025-04-28 01:21:45"}
{"level":"info","message":"no execution in db queued to process","timestamp":"2025-04-28 01:21:46"}
{"level":"info","message":"(cycling) check for queueing executions","timestamp":"2025-04-28 01:26:45"}
{"level":"info","message":"no execution in db queued to process","timestamp":"2025-04-28 01:26:45"}
{"level":"info","message":"(starting) check for queueing executions","timestamp":"2025-04-28 04:49:13"}
{"level":"info","message":"no execution in db queued to process","timestamp":"2025-04-28 04:49:13"}
{"level":"info","message":"(cycling) check for queueing executions","timestamp":"2025-04-28 04:54:13"}
{"level":"info","message":"no execution in db queued to process","timestamp":"2025-04-28 04:54:13"}
{"level":"info","message":"(cycling) check for queueing executions","timestamp":"2025-04-28 04:59:13"}
{"level":"info","message":"no execution in db queued to process","timestamp":"2025-04-28 04:59:13"}
{"level":"info","message":"no more events need to be prepared, dispatching...","timestamp":"2025-04-28 05:01:47"}
{"level":"info","message":"no more events need to be prepared, dispatching...","timestamp":"2025-04-28 05:01:47"}
{"level":"info","message":"last process finished, will do another dispatch","timestamp":"2025-04-28 05:01:47"}
{"level":"warn","message":"workflow executing is not finished, new dispatching will be ignored","timestamp":"2025-04-28 05:01:47"}
{"level":"info","message":"no more events need to be prepared, dispatching...","timestamp":"2025-04-28 05:01:48"}
{"level":"info","message":"no more events need to be prepared, dispatching...","timestamp":"2025-04-28 05:01:48"}
{"level":"info","message":"no more events need to be prepared, dispatching...","timestamp":"2025-04-28 05:01:48"}
{"level":"info","message":"no more events need to be prepared, dispatching...","timestamp":"2025-04-28 05:01:48"}
{"level":"info","message":"no more events need to be prepared, dispatching...","timestamp":"2025-04-28 05:01:48"}
{"level":"info","message":"no more events need to be prepared, dispatching...","timestamp":"2025-04-28 05:01:48"}
{"level":"info","message":"no more events need to be prepared, dispatching...","timestamp":"2025-04-28 05:01:48"}
{"level":"info","message":"no more events need to be prepared, dispatching...","timestamp":"2025-04-28 05:01:48"}
{"level":"info","message":"no more events need to be prepared, dispatching...","timestamp":"2025-04-28 05:01:48"}
{"level":"info","message":"last process finished, will do another dispatch","timestamp":"2025-04-28 05:01:48"}
{"level":"warn","message":"workflow executing is not finished, new dispatching will be ignored","timestamp":"2025-04-28 05:01:48"}
{"level":"warn","message":"workflow executing is not finished, new dispatching will be ignored","timestamp":"2025-04-28 05:01:48"}
{"level":"warn","message":"workflow executing is not finished, new dispatching will be ignored","timestamp":"2025-04-28 05:01:48"}
{"level":"warn","message":"workflow executing is not finished, new dispatching will be ignored","timestamp":"2025-04-28 05:01:48"}
{"level":"warn","message":"workflow executing is not finished, new dispatching will be ignored","timestamp":"2025-04-28 05:01:48"}
{"level":"warn","message":"workflow executing is not finished, new dispatching will be ignored","timestamp":"2025-04-28 05:01:48"}
{"level":"warn","message":"workflow executing is not finished, new dispatching will be ignored","timestamp":"2025-04-28 05:01:48"}
{"level":"warn","message":"workflow executing is not finished, new dispatching will be ignored","timestamp":"2025-04-28 05:01:48"}
{"level":"warn","message":"workflow executing is not finished, new dispatching will be ignored","timestamp":"2025-04-28 05:01:48"}
{"level":"info","message":"no more events need to be prepared, dispatching...","timestamp":"2025-04-28 05:01:48"}
{"level":"info","message":"last process finished, will do another dispatch","timestamp":"2025-04-28 05:01:48"}
{"level":"warn","message":"workflow executing is not finished, new dispatching will be ignored","timestamp":"2025-04-28 05:01:48"}
{"level":"info","message":"last process finished, will do another dispatch","timestamp":"2025-04-28 05:01:48"}
{"level":"info","message":"last process finished, will do another dispatch","timestamp":"2025-04-28 05:01:48"}
{"level":"info","message":"last process finished, will do another dispatch","timestamp":"2025-04-28 05:01:48"}
{"level":"info","message":"last process finished, will do another dispatch","timestamp":"2025-04-28 05:01:48"}
{"level":"info","message":"last process finished, will do another dispatch","timestamp":"2025-04-28 05:01:48"}
{"level":"info","message":"last process finished, will do another dispatch","timestamp":"2025-04-28 05:01:48"}
{"level":"info","message":"last process finished, will do another dispatch","timestamp":"2025-04-28 05:01:48"}
{"level":"info","message":"last process finished, will do another dispatch","timestamp":"2025-04-28 05:01:48"}
{"level":"info","message":"last process finished, will do another dispatch","timestamp":"2025-04-28 05:01:49"}
{"level":"info","message":"no execution in db queued to process","timestamp":"2025-04-28 05:01:49"}
{"level":"info","message":"no more events need to be prepared, dispatching...","timestamp":"2025-04-28 05:03:11"}
{"level":"info","message":"last process finished, will do another dispatch","timestamp":"2025-04-28 05:03:11"}
{"level":"info","message":"no execution in db queued to process","timestamp":"2025-04-28 05:03:11"}
{"level":"info","message":"no more events need to be prepared, dispatching...","timestamp":"2025-04-28 05:03:15"}
{"level":"info","message":"last process finished, will do another dispatch","timestamp":"2025-04-28 05:03:15"}
{"level":"info","message":"no execution in db queued to process","timestamp":"2025-04-28 05:03:15"}
{"level":"info","message":"(cycling) check for queueing executions","timestamp":"2025-04-28 05:04:13"}
{"level":"info","message":"no execution in db queued to process","timestamp":"2025-04-28 05:04:13"}
{"level":"info","message":"(cycling) check for queueing executions","timestamp":"2025-04-28 05:09:13"}
{"level":"info","message":"no execution in db queued to process","timestamp":"2025-04-28 05:09:13"}
{"level":"info","message":"(cycling) check for queueing executions","timestamp":"2025-04-28 05:14:13"}
{"level":"info","message":"no execution in db queued to process","timestamp":"2025-04-28 05:14:13"}
{"level":"info","message":"(cycling) check for queueing executions","timestamp":"2025-04-28 05:19:13"}
{"level":"info","message":"no execution in db queued to process","timestamp":"2025-04-28 05:19:13"}
{"level":"info","message":"(cycling) check for queueing executions","timestamp":"2025-04-28 05:24:13"}
{"level":"info","message":"no execution in db queued to process","timestamp":"2025-04-28 05:24:13"}
{"level":"info","message":"(cycling) check for queueing executions","timestamp":"2025-04-28 05:47:30"}
{"level":"info","message":"no execution in db queued to process","timestamp":"2025-04-28 05:47:30"}
{"level":"info","message":"(cycling) check for queueing executions","timestamp":"2025-04-28 05:52:30"}
{"level":"info","message":"no execution in db queued to process","timestamp":"2025-04-28 05:52:30"}
{"level":"info","message":"(cycling) check for queueing executions","timestamp":"2025-04-28 05:57:30"}
{"level":"info","message":"no execution in db queued to process","timestamp":"2025-04-28 05:57:30"}
{"level":"info","message":"(cycling) check for queueing executions","timestamp":"2025-04-28 06:02:30"}
{"level":"info","message":"no execution in db queued to process","timestamp":"2025-04-28 06:02:30"}
{"level":"info","message":"(cycling) check for queueing executions","timestamp":"2025-04-28 06:07:30"}
{"level":"info","message":"no execution in db queued to process","timestamp":"2025-04-28 06:07:30"}
{"level":"info","message":"(cycling) check for queueing executions","timestamp":"2025-04-28 06:12:30"}
{"level":"info","message":"no execution in db queued to process","timestamp":"2025-04-28 06:12:30"}
{"level":"info","message":"(cycling) check for queueing executions","timestamp":"2025-04-28 06:17:30"}
{"level":"info","message":"no execution in db queued to process","timestamp":"2025-04-28 06:17:30"}
{"level":"info","message":"(cycling) check for queueing executions","timestamp":"2025-04-28 06:22:30"}
{"level":"info","message":"no execution in db queued to process","timestamp":"2025-04-28 06:22:30"}
{"level":"info","message":"no more events need to be prepared, dispatching...","timestamp":"2025-04-28 06:23:14"}
{"level":"info","message":"last process finished, will do another dispatch","timestamp":"2025-04-28 06:23:14"}
{"level":"info","message":"last process finished, will do another dispatch","timestamp":"2025-04-28 06:23:14"}
{"level":"info","message":"last process finished, will do another dispatch","timestamp":"2025-04-28 06:23:14"}
{"level":"info","message":"no execution in db queued to process","timestamp":"2025-04-28 06:23:14"}
{"level":"info","message":"no more events need to be prepared, dispatching...","timestamp":"2025-04-28 06:25:35"}
{"level":"info","message":"last process finished, will do another dispatch","timestamp":"2025-04-28 06:25:35"}
{"level":"info","message":"no execution in db queued to process","timestamp":"2025-04-28 06:25:35"}
{"level":"info","message":"no more events need to be prepared, dispatching...","timestamp":"2025-04-28 06:25:37"}
{"level":"info","message":"no more events need to be prepared, dispatching...","timestamp":"2025-04-28 06:25:37"}
{"level":"info","message":"last process finished, will do another dispatch","timestamp":"2025-04-28 06:25:37"}
{"level":"warn","message":"workflow executing is not finished, new dispatching will be ignored","timestamp":"2025-04-28 06:25:37"}
{"level":"info","message":"last process finished, will do another dispatch","timestamp":"2025-04-28 06:25:37"}
{"level":"info","message":"no execution in db queued to process","timestamp":"2025-04-28 06:25:37"}
{"level":"info","message":"no more events need to be prepared, dispatching...","timestamp":"2025-04-28 06:27:14"}
{"level":"info","message":"last process finished, will do another dispatch","timestamp":"2025-04-28 06:27:15"}
{"level":"info","message":"no execution in db queued to process","timestamp":"2025-04-28 06:27:15"}
{"level":"info","message":"(cycling) check for queueing executions","timestamp":"2025-04-28 06:27:30"}
{"level":"info","message":"no execution in db queued to process","timestamp":"2025-04-28 06:27:30"}
{"level":"info","message":"no more events need to be prepared, dispatching...","timestamp":"2025-04-28 06:30:43"}
{"level":"info","message":"last process finished, will do another dispatch","timestamp":"2025-04-28 06:30:44"}
{"level":"info","message":"no execution in db queued to process","timestamp":"2025-04-28 06:30:44"}
{"level":"info","message":"no more events need to be prepared, dispatching...","timestamp":"2025-04-28 06:30:45"}
{"level":"info","message":"no more events need to be prepared, dispatching...","timestamp":"2025-04-28 06:30:45"}
{"level":"info","message":"last process finished, will do another dispatch","timestamp":"2025-04-28 06:30:45"}
{"level":"warn","message":"workflow executing is not finished, new dispatching will be ignored","timestamp":"2025-04-28 06:30:45"}
{"level":"info","message":"last process finished, will do another dispatch","timestamp":"2025-04-28 06:30:45"}
{"level":"info","message":"no execution in db queued to process","timestamp":"2025-04-28 06:30:45"}
{"level":"info","message":"(cycling) check for queueing executions","timestamp":"2025-04-28 06:32:30"}
{"level":"info","message":"no execution in db queued to process","timestamp":"2025-04-28 06:32:30"}
{"level":"info","message":"no more events need to be prepared, dispatching...","timestamp":"2025-04-28 06:34:48"}
{"level":"info","message":"last process finished, will do another dispatch","timestamp":"2025-04-28 06:34:49"}
{"level":"info","message":"no execution in db queued to process","timestamp":"2025-04-28 06:34:49"}
{"level":"info","message":"(cycling) check for queueing executions","timestamp":"2025-04-28 06:37:30"}
{"level":"info","message":"no execution in db queued to process","timestamp":"2025-04-28 06:37:30"}
{"level":"info","message":"(cycling) check for queueing executions","timestamp":"2025-04-28 06:42:30"}
{"level":"info","message":"no execution in db queued to process","timestamp":"2025-04-28 06:42:30"}
{"level":"info","message":"(cycling) check for queueing executions","timestamp":"2025-04-28 06:47:30"}
{"level":"info","message":"no execution in db queued to process","timestamp":"2025-04-28 06:47:30"}
{"level":"info","message":"(cycling) check for queueing executions","timestamp":"2025-04-28 06:52:30"}
{"level":"info","message":"no execution in db queued to process","timestamp":"2025-04-28 06:52:30"}
{"level":"info","message":"(cycling) check for queueing executions","timestamp":"2025-04-28 06:57:30"}
{"level":"info","message":"no execution in db queued to process","timestamp":"2025-04-28 06:57:30"}
{"level":"info","message":"(cycling) check for queueing executions","timestamp":"2025-04-28 07:02:30"}
{"level":"info","message":"no execution in db queued to process","timestamp":"2025-04-28 07:02:30"}
{"level":"info","message":"(starting) check for queueing executions","timestamp":"2025-04-28 08:02:02"}
{"level":"info","message":"no execution in db queued to process","timestamp":"2025-04-28 08:02:03"}
{"level":"info","message":"(cycling) check for queueing executions","timestamp":"2025-04-28 08:07:02"}
{"level":"info","message":"no execution in db queued to process","timestamp":"2025-04-28 08:07:02"}
{"level":"info","message":"(cycling) check for queueing executions","timestamp":"2025-04-28 08:12:02"}
{"level":"info","message":"no execution in db queued to process","timestamp":"2025-04-28 08:12:02"}
{"level":"info","message":"(cycling) check for queueing executions","timestamp":"2025-04-28 08:17:02"}
{"level":"info","message":"no execution in db queued to process","timestamp":"2025-04-28 08:17:02"}
{"level":"info","message":"(cycling) check for queueing executions","timestamp":"2025-04-28 08:22:02"}
{"level":"info","message":"no execution in db queued to process","timestamp":"2025-04-28 08:22:02"}
{"level":"info","message":"(cycling) check for queueing executions","timestamp":"2025-04-28 08:27:02"}
{"level":"info","message":"no execution in db queued to process","timestamp":"2025-04-28 08:27:02"}
{"level":"info","message":"(cycling) check for queueing executions","timestamp":"2025-04-28 08:32:02"}
{"level":"info","message":"no execution in db queued to process","timestamp":"2025-04-28 08:32:02"}
{"level":"info","message":"(cycling) check for queueing executions","timestamp":"2025-04-28 08:37:02"}
{"level":"info","message":"no execution in db queued to process","timestamp":"2025-04-28 08:37:02"}
{"level":"info","message":"(cycling) check for queueing executions","timestamp":"2025-04-28 08:42:02"}
{"level":"info","message":"no execution in db queued to process","timestamp":"2025-04-28 08:42:02"}
{"level":"info","message":"(cycling) check for queueing executions","timestamp":"2025-04-28 08:47:02"}
{"level":"info","message":"no execution in db queued to process","timestamp":"2025-04-28 08:47:02"}
{"level":"info","message":"(cycling) check for queueing executions","timestamp":"2025-04-28 08:52:02"}
{"level":"info","message":"no execution in db queued to process","timestamp":"2025-04-28 08:52:02"}
{"level":"info","message":"(cycling) check for queueing executions","timestamp":"2025-04-28 08:57:02"}
{"level":"info","message":"no execution in db queued to process","timestamp":"2025-04-28 08:57:02"}
{"level":"info","message":"(cycling) check for queueing executions","timestamp":"2025-04-28 09:02:02"}
{"level":"info","message":"no execution in db queued to process","timestamp":"2025-04-28 09:02:02"}
{"level":"info","message":"(cycling) check for queueing executions","timestamp":"2025-04-28 09:07:02"}
{"level":"info","message":"no execution in db queued to process","timestamp":"2025-04-28 09:07:02"}
{"level":"info","message":"(cycling) check for queueing executions","timestamp":"2025-04-28 09:12:02"}
{"level":"info","message":"no execution in db queued to process","timestamp":"2025-04-28 09:12:02"}
{"level":"info","message":"(cycling) check for queueing executions","timestamp":"2025-04-28 09:17:02"}
{"level":"info","message":"no execution in db queued to process","timestamp":"2025-04-28 09:17:02"}
{"level":"info","message":"(cycling) check for queueing executions","timestamp":"2025-04-28 09:22:02"}
{"level":"info","message":"no execution in db queued to process","timestamp":"2025-04-28 09:22:02"}
{"level":"info","message":"(cycling) check for queueing executions","timestamp":"2025-04-28 09:27:02"}
{"level":"info","message":"no execution in db queued to process","timestamp":"2025-04-28 09:27:02"}
{"level":"info","message":"(cycling) check for queueing executions","timestamp":"2025-04-28 09:38:56"}
{"level":"info","message":"no execution in db queued to process","timestamp":"2025-04-28 09:38:57"}
{"level":"info","message":"no more events need to be prepared, dispatching...","timestamp":"2025-04-28 09:41:00"}
{"level":"info","message":"last process finished, will do another dispatch","timestamp":"2025-04-28 09:41:01"}
{"level":"info","message":"no execution in db queued to process","timestamp":"2025-04-28 09:41:01"}
{"level":"info","message":"no more events need to be prepared, dispatching...","timestamp":"2025-04-28 09:41:07"}
{"level":"info","message":"last process finished, will do another dispatch","timestamp":"2025-04-28 09:41:07"}
{"level":"info","message":"no execution in db queued to process","timestamp":"2025-04-28 09:41:07"}
{"level":"info","message":"no more events need to be prepared, dispatching...","timestamp":"2025-04-28 09:41:16"}
{"level":"info","message":"last process finished, will do another dispatch","timestamp":"2025-04-28 09:41:16"}
{"level":"info","message":"no execution in db queued to process","timestamp":"2025-04-28 09:41:16"}
{"level":"info","message":"no more events need to be prepared, dispatching...","timestamp":"2025-04-28 09:41:21"}
{"level":"info","message":"last process finished, will do another dispatch","timestamp":"2025-04-28 09:41:22"}
{"level":"info","message":"no execution in db queued to process","timestamp":"2025-04-28 09:41:22"}
{"level":"info","message":"no more events need to be prepared, dispatching...","timestamp":"2025-04-28 09:41:40"}
{"level":"info","message":"last process finished, will do another dispatch","timestamp":"2025-04-28 09:41:40"}
{"level":"info","message":"no execution in db queued to process","timestamp":"2025-04-28 09:41:40"}
{"level":"info","message":"no more events need to be prepared, dispatching...","timestamp":"2025-04-28 09:42:12"}
{"level":"info","message":"last process finished, will do another dispatch","timestamp":"2025-04-28 09:42:12"}
{"level":"info","message":"no execution in db queued to process","timestamp":"2025-04-28 09:42:12"}
{"level":"info","message":"no more events need to be prepared, dispatching...","timestamp":"2025-04-28 09:42:27"}
{"level":"info","message":"last process finished, will do another dispatch","timestamp":"2025-04-28 09:42:27"}
{"level":"info","message":"no execution in db queued to process","timestamp":"2025-04-28 09:42:27"}
{"level":"info","message":"(cycling) check for queueing executions","timestamp":"2025-04-28 09:43:56"}
{"level":"info","message":"no execution in db queued to process","timestamp":"2025-04-28 09:43:57"}
{"level":"info","message":"no more events need to be prepared, dispatching...","timestamp":"2025-04-28 09:46:44"}
{"level":"info","message":"last process finished, will do another dispatch","timestamp":"2025-04-28 09:46:44"}
{"level":"info","message":"no execution in db queued to process","timestamp":"2025-04-28 09:46:44"}
{"level":"info","message":"no more events need to be prepared, dispatching...","timestamp":"2025-04-28 09:46:54"}
{"level":"info","message":"last process finished, will do another dispatch","timestamp":"2025-04-28 09:46:54"}
{"level":"info","message":"no execution in db queued to process","timestamp":"2025-04-28 09:46:54"}
{"level":"info","message":"no more events need to be prepared, dispatching...","timestamp":"2025-04-28 09:47:29"}
{"level":"info","message":"last process finished, will do another dispatch","timestamp":"2025-04-28 09:47:29"}
{"level":"info","message":"no execution in db queued to process","timestamp":"2025-04-28 09:47:29"}
{"level":"info","message":"no more events need to be prepared, dispatching...","timestamp":"2025-04-28 09:48:43"}
{"level":"info","message":"last process finished, will do another dispatch","timestamp":"2025-04-28 09:48:44"}
{"level":"info","message":"no execution in db queued to process","timestamp":"2025-04-28 09:48:44"}
{"level":"info","message":"(cycling) check for queueing executions","timestamp":"2025-04-28 09:48:56"}
{"level":"info","message":"no execution in db queued to process","timestamp":"2025-04-28 09:48:56"}
{"level":"info","message":"no more events need to be prepared, dispatching...","timestamp":"2025-04-28 09:49:03"}
{"level":"info","message":"last process finished, will do another dispatch","timestamp":"2025-04-28 09:49:03"}
{"level":"info","message":"no execution in db queued to process","timestamp":"2025-04-28 09:49:03"}
{"level":"info","message":"no more events need to be prepared, dispatching...","timestamp":"2025-04-28 09:49:19"}
{"level":"info","message":"last process finished, will do another dispatch","timestamp":"2025-04-28 09:49:19"}
{"level":"info","message":"no execution in db queued to process","timestamp":"2025-04-28 09:49:19"}
{"level":"info","message":"(cycling) check for queueing executions","timestamp":"2025-04-28 09:53:56"}
{"level":"info","message":"no execution in db queued to process","timestamp":"2025-04-28 09:53:57"}
{"level":"info","message":"(cycling) check for queueing executions","timestamp":"2025-04-28 09:58:56"}
{"level":"info","message":"no execution in db queued to process","timestamp":"2025-04-28 09:58:56"}
{"level":"info","message":"(cycling) check for queueing executions","timestamp":"2025-04-28 10:03:56"}
{"level":"info","message":"no execution in db queued to process","timestamp":"2025-04-28 10:03:56"}
{"level":"info","message":"(cycling) check for queueing executions","timestamp":"2025-04-28 10:08:56"}
{"level":"info","message":"no execution in db queued to process","timestamp":"2025-04-28 10:08:56"}
{"level":"info","message":"(cycling) check for queueing executions","timestamp":"2025-04-28 10:13:56"}
{"level":"info","message":"no execution in db queued to process","timestamp":"2025-04-28 10:13:56"}
{"level":"info","message":"(cycling) check for queueing executions","timestamp":"2025-04-28 10:18:56"}
{"level":"info","message":"no execution in db queued to process","timestamp":"2025-04-28 10:18:56"}
{"level":"info","message":"(cycling) check for queueing executions","timestamp":"2025-04-28 10:23:56"}
{"level":"info","message":"no execution in db queued to process","timestamp":"2025-04-28 10:23:56"}
{"level":"info","message":"(cycling) check for queueing executions","timestamp":"2025-04-28 10:28:56"}
{"level":"info","message":"no execution in db queued to process","timestamp":"2025-04-28 10:28:56"}
{"level":"info","message":"(cycling) check for queueing executions","timestamp":"2025-04-28 10:33:56"}
{"level":"info","message":"no execution in db queued to process","timestamp":"2025-04-28 10:33:56"}
{"level":"info","message":"(cycling) check for queueing executions","timestamp":"2025-04-28 10:38:56"}
{"level":"info","message":"no execution in db queued to process","timestamp":"2025-04-28 10:38:56"}
{"level":"info","message":"(cycling) check for queueing executions","timestamp":"2025-04-28 10:43:56"}
{"level":"info","message":"no execution in db queued to process","timestamp":"2025-04-28 10:43:56"}
{"level":"info","message":"(cycling) check for queueing executions","timestamp":"2025-04-28 10:48:56"}
{"level":"info","message":"no execution in db queued to process","timestamp":"2025-04-28 10:48:56"}
{"level":"info","message":"(cycling) check for queueing executions","timestamp":"2025-04-28 10:53:56"}
{"level":"info","message":"no execution in db queued to process","timestamp":"2025-04-28 10:53:56"}
{"level":"info","message":"(cycling) check for queueing executions","timestamp":"2025-04-28 10:58:56"}
{"level":"info","message":"no execution in db queued to process","timestamp":"2025-04-28 10:58:56"}
{"level":"info","message":"(cycling) check for queueing executions","timestamp":"2025-04-28 11:03:56"}
{"level":"info","message":"no execution in db queued to process","timestamp":"2025-04-28 11:03:56"}
{"level":"info","message":"(cycling) check for queueing executions","timestamp":"2025-04-28 11:08:56"}
{"level":"info","message":"no execution in db queued to process","timestamp":"2025-04-28 11:08:56"}
{"level":"info","message":"(cycling) check for queueing executions","timestamp":"2025-04-28 11:13:56"}
{"level":"info","message":"no execution in db queued to process","timestamp":"2025-04-28 11:13:56"}
{"level":"info","message":"(cycling) check for queueing executions","timestamp":"2025-04-28 11:18:56"}
{"level":"info","message":"no execution in db queued to process","timestamp":"2025-04-28 11:18:56"}
{"level":"info","message":"(cycling) check for queueing executions","timestamp":"2025-04-28 11:23:56"}
{"level":"info","message":"no execution in db queued to process","timestamp":"2025-04-28 11:23:56"}
{"level":"info","message":"(cycling) check for queueing executions","timestamp":"2025-04-28 11:28:56"}
{"level":"info","message":"no execution in db queued to process","timestamp":"2025-04-28 11:28:56"}
{"level":"info","message":"(cycling) check for queueing executions","timestamp":"2025-04-28 11:33:56"}
{"level":"info","message":"no execution in db queued to process","timestamp":"2025-04-28 11:33:56"}
{"level":"info","message":"(cycling) check for queueing executions","timestamp":"2025-04-28 11:38:56"}
{"level":"info","message":"no execution in db queued to process","timestamp":"2025-04-28 11:38:56"}
{"level":"info","message":"(cycling) check for queueing executions","timestamp":"2025-04-28 11:43:56"}
{"level":"info","message":"no execution in db queued to process","timestamp":"2025-04-28 11:43:56"}
{"level":"info","message":"(cycling) check for queueing executions","timestamp":"2025-04-28 11:48:56"}
{"level":"info","message":"no execution in db queued to process","timestamp":"2025-04-28 11:48:56"}
{"level":"info","message":"(cycling) check for queueing executions","timestamp":"2025-04-28 11:53:56"}
{"level":"info","message":"no execution in db queued to process","timestamp":"2025-04-28 11:53:56"}
{"level":"info","message":"(cycling) check for queueing executions","timestamp":"2025-04-28 11:58:56"}
{"level":"info","message":"no execution in db queued to process","timestamp":"2025-04-28 11:58:56"}
{"level":"info","message":"(cycling) check for queueing executions","timestamp":"2025-04-28 12:03:56"}
{"level":"info","message":"no execution in db queued to process","timestamp":"2025-04-28 12:03:56"}
{"level":"info","message":"(cycling) check for queueing executions","timestamp":"2025-04-28 12:08:56"}
{"level":"info","message":"no execution in db queued to process","timestamp":"2025-04-28 12:08:56"}
{"level":"info","message":"(cycling) check for queueing executions","timestamp":"2025-04-28 12:13:56"}
{"level":"info","message":"no execution in db queued to process","timestamp":"2025-04-28 12:13:56"}
{"level":"info","message":"(cycling) check for queueing executions","timestamp":"2025-04-28 12:18:56"}
{"level":"info","message":"no execution in db queued to process","timestamp":"2025-04-28 12:18:56"}
{"level":"info","message":"(cycling) check for queueing executions","timestamp":"2025-04-28 12:23:56"}
{"level":"info","message":"no execution in db queued to process","timestamp":"2025-04-28 12:23:56"}
{"level":"info","message":"(cycling) check for queueing executions","timestamp":"2025-04-28 12:28:56"}
{"level":"info","message":"no execution in db queued to process","timestamp":"2025-04-28 12:28:56"}
{"level":"info","message":"(cycling) check for queueing executions","timestamp":"2025-04-28 12:33:56"}
{"level":"info","message":"no execution in db queued to process","timestamp":"2025-04-28 12:33:56"}
{"level":"info","message":"(cycling) check for queueing executions","timestamp":"2025-04-28 12:38:56"}
{"level":"info","message":"no execution in db queued to process","timestamp":"2025-04-28 12:38:56"}
{"level":"info","message":"(cycling) check for queueing executions","timestamp":"2025-04-28 12:43:56"}
{"level":"info","message":"no execution in db queued to process","timestamp":"2025-04-28 12:43:56"}
{"level":"info","message":"(cycling) check for queueing executions","timestamp":"2025-04-28 12:48:56"}
{"level":"info","message":"no execution in db queued to process","timestamp":"2025-04-28 12:48:56"}
{"level":"info","message":"(cycling) check for queueing executions","timestamp":"2025-04-28 12:53:56"}
{"level":"info","message":"no execution in db queued to process","timestamp":"2025-04-28 12:53:56"}
{"level":"info","message":"(cycling) check for queueing executions","timestamp":"2025-04-28 12:58:56"}
{"level":"info","message":"no execution in db queued to process","timestamp":"2025-04-28 12:58:56"}
{"level":"info","message":"(cycling) check for queueing executions","timestamp":"2025-04-28 13:03:56"}
{"level":"info","message":"no execution in db queued to process","timestamp":"2025-04-28 13:03:56"}
{"level":"info","message":"(cycling) check for queueing executions","timestamp":"2025-04-28 13:08:56"}
{"level":"info","message":"no execution in db queued to process","timestamp":"2025-04-28 13:08:56"}
{"level":"info","message":"(cycling) check for queueing executions","timestamp":"2025-04-28 13:13:56"}
{"level":"info","message":"no execution in db queued to process","timestamp":"2025-04-28 13:13:56"}
{"level":"info","message":"(cycling) check for queueing executions","timestamp":"2025-04-28 13:18:56"}
{"level":"info","message":"no execution in db queued to process","timestamp":"2025-04-28 13:18:56"}
{"level":"info","message":"(cycling) check for queueing executions","timestamp":"2025-04-28 13:23:56"}
{"level":"info","message":"no execution in db queued to process","timestamp":"2025-04-28 13:23:56"}
{"level":"info","message":"(cycling) check for queueing executions","timestamp":"2025-04-28 13:28:56"}
{"level":"info","message":"no execution in db queued to process","timestamp":"2025-04-28 13:28:56"}
{"level":"info","message":"(cycling) check for queueing executions","timestamp":"2025-04-28 13:33:56"}
{"level":"info","message":"no execution in db queued to process","timestamp":"2025-04-28 13:33:56"}
{"level":"info","message":"(cycling) check for queueing executions","timestamp":"2025-04-28 13:38:56"}
{"level":"info","message":"no execution in db queued to process","timestamp":"2025-04-28 13:38:56"}
{"level":"info","message":"(cycling) check for queueing executions","timestamp":"2025-04-28 13:43:56"}
{"level":"info","message":"no execution in db queued to process","timestamp":"2025-04-28 13:43:56"}
{"level":"info","message":"(cycling) check for queueing executions","timestamp":"2025-04-28 13:48:56"}
{"level":"info","message":"no execution in db queued to process","timestamp":"2025-04-28 13:48:56"}
{"level":"info","message":"(cycling) check for queueing executions","timestamp":"2025-04-28 13:53:56"}
{"level":"info","message":"no execution in db queued to process","timestamp":"2025-04-28 13:53:56"}
{"level":"info","message":"(cycling) check for queueing executions","timestamp":"2025-04-28 13:58:56"}
{"level":"info","message":"no execution in db queued to process","timestamp":"2025-04-28 13:58:56"}
{"level":"info","message":"(cycling) check for queueing executions","timestamp":"2025-04-28 14:03:57"}
{"level":"info","message":"no execution in db queued to process","timestamp":"2025-04-28 14:03:57"}
{"level":"info","message":"(cycling) check for queueing executions","timestamp":"2025-04-28 14:08:57"}
{"level":"info","message":"no execution in db queued to process","timestamp":"2025-04-28 14:08:57"}
{"level":"info","message":"(cycling) check for queueing executions","timestamp":"2025-04-28 14:13:57"}
{"level":"info","message":"no execution in db queued to process","timestamp":"2025-04-28 14:13:57"}
{"level":"info","message":"no more events need to be prepared, dispatching...","timestamp":"2025-04-28 14:17:24"}
{"level":"info","message":"last process finished, will do another dispatch","timestamp":"2025-04-28 14:17:25"}
{"level":"info","message":"no execution in db queued to process","timestamp":"2025-04-28 14:17:25"}
{"level":"info","message":"(cycling) check for queueing executions","timestamp":"2025-04-28 14:18:57"}
{"level":"info","message":"no execution in db queued to process","timestamp":"2025-04-28 14:18:57"}
{"level":"info","message":"(cycling) check for queueing executions","timestamp":"2025-04-28 14:23:57"}
{"level":"info","message":"no execution in db queued to process","timestamp":"2025-04-28 14:23:57"}
{"level":"info","message":"(cycling) check for queueing executions","timestamp":"2025-04-28 14:28:57"}
{"level":"info","message":"no execution in db queued to process","timestamp":"2025-04-28 14:28:57"}
{"level":"info","message":"(cycling) check for queueing executions","timestamp":"2025-04-28 14:33:57"}
{"level":"info","message":"no execution in db queued to process","timestamp":"2025-04-28 14:33:57"}
{"level":"info","message":"(cycling) check for queueing executions","timestamp":"2025-04-28 14:38:57"}
{"level":"info","message":"no execution in db queued to process","timestamp":"2025-04-28 14:38:57"}
{"level":"info","message":"(cycling) check for queueing executions","timestamp":"2025-04-28 14:43:57"}
{"level":"info","message":"no execution in db queued to process","timestamp":"2025-04-28 14:43:57"}
{"level":"info","message":"(cycling) check for queueing executions","timestamp":"2025-04-28 14:48:57"}
{"level":"info","message":"no execution in db queued to process","timestamp":"2025-04-28 14:48:57"}
{"level":"info","message":"(cycling) check for queueing executions","timestamp":"2025-04-28 14:53:57"}
{"level":"info","message":"no execution in db queued to process","timestamp":"2025-04-28 14:53:57"}
{"level":"info","message":"(cycling) check for queueing executions","timestamp":"2025-04-28 14:58:57"}
{"level":"info","message":"no execution in db queued to process","timestamp":"2025-04-28 14:58:57"}
{"level":"info","message":"(cycling) check for queueing executions","timestamp":"2025-04-28 15:03:57"}
{"level":"info","message":"no execution in db queued to process","timestamp":"2025-04-28 15:03:57"}
{"level":"info","message":"(cycling) check for queueing executions","timestamp":"2025-04-28 15:08:57"}
{"level":"info","message":"no execution in db queued to process","timestamp":"2025-04-28 15:08:57"}
{"level":"info","message":"(cycling) check for queueing executions","timestamp":"2025-04-28 15:13:57"}
{"level":"info","message":"no execution in db queued to process","timestamp":"2025-04-28 15:13:57"}
{"level":"info","message":"(cycling) check for queueing executions","timestamp":"2025-04-28 15:18:57"}
{"level":"info","message":"no execution in db queued to process","timestamp":"2025-04-28 15:18:57"}
{"level":"info","message":"(cycling) check for queueing executions","timestamp":"2025-04-28 15:23:57"}
{"level":"info","message":"no execution in db queued to process","timestamp":"2025-04-28 15:23:57"}
{"level":"info","message":"(cycling) check for queueing executions","timestamp":"2025-04-28 15:28:57"}
{"level":"info","message":"no execution in db queued to process","timestamp":"2025-04-28 15:28:57"}
{"level":"info","message":"(cycling) check for queueing executions","timestamp":"2025-04-28 15:33:57"}
{"level":"info","message":"no execution in db queued to process","timestamp":"2025-04-28 15:33:57"}
{"level":"info","message":"(cycling) check for queueing executions","timestamp":"2025-04-28 15:38:57"}
{"level":"info","message":"no execution in db queued to process","timestamp":"2025-04-28 15:38:57"}
{"level":"info","message":"(cycling) check for queueing executions","timestamp":"2025-04-28 15:43:57"}
{"level":"info","message":"no execution in db queued to process","timestamp":"2025-04-28 15:43:57"}
{"level":"info","message":"(cycling) check for queueing executions","timestamp":"2025-04-28 15:48:57"}
{"level":"info","message":"no execution in db queued to process","timestamp":"2025-04-28 15:48:57"}
{"level":"info","message":"(cycling) check for queueing executions","timestamp":"2025-04-28 15:53:57"}
{"level":"info","message":"no execution in db queued to process","timestamp":"2025-04-28 15:53:57"}
{"level":"info","message":"(cycling) check for queueing executions","timestamp":"2025-04-28 15:58:57"}
{"level":"info","message":"no execution in db queued to process","timestamp":"2025-04-28 15:58:57"}
{"level":"info","message":"(cycling) check for queueing executions","timestamp":"2025-04-28 16:03:57"}
{"level":"info","message":"no execution in db queued to process","timestamp":"2025-04-28 16:03:57"}
{"level":"info","message":"(cycling) check for queueing executions","timestamp":"2025-04-28 16:08:57"}
{"level":"info","message":"no execution in db queued to process","timestamp":"2025-04-28 16:08:57"}
{"level":"info","message":"(cycling) check for queueing executions","timestamp":"2025-04-28 16:13:57"}
{"level":"info","message":"no execution in db queued to process","timestamp":"2025-04-28 16:13:57"}
{"level":"info","message":"(cycling) check for queueing executions","timestamp":"2025-04-28 16:18:57"}
{"level":"info","message":"no execution in db queued to process","timestamp":"2025-04-28 16:18:57"}
