{"level":"info","message":"new event triggered, now events: 2","timestamp":"2025-04-29 03:33:53"}
{"level":"info","message":"new event is pending to be prepared after previous preparation is finished","timestamp":"2025-04-29 03:33:53"}
{"level":"info","message":"preparing execution for event","timestamp":"2025-04-29 03:33:53"}
{"level":"info","message":"execution of workflow 200 created as 30709","timestamp":"2025-04-29 03:33:53"}
{"level":"info","message":"execution (30709) fetched from db","timestamp":"2025-04-29 03:33:54"}
{"level":"info","message":"execution (30709) starting...","timestamp":"2025-04-29 03:33:54"}
{"level":"info","message":"execution (30709) run instruction [query] for node (2022)","timestamp":"2025-04-29 03:33:54"}
{"level":"info","message":"execution (30709) run instruction [query] for node (2022) finished as status: 1","timestamp":"2025-04-29 03:33:54"}
{"level":"info","message":"execution (30709) run instruction [calculation] for node (2023)","timestamp":"2025-04-29 03:33:54"}
{"level":"info","message":"execution (30709) run instruction [calculation] for node (2023) finished as status: 1","timestamp":"2025-04-29 03:33:54"}
{"level":"info","message":"execution (30709) run instruction [update] for node (2024)","timestamp":"2025-04-29 03:33:54"}
{"level":"error","message":"execution (30709) run instruction [update] for node (2024) failed:  Invalid value { job_title: { [Symbol(eq)]: 'Course Advisor' } }","stack":"Error: Invalid value { job_title: { [Symbol(eq)]: 'Course Advisor' } }\n    at Object.escape (/app/nocobase/node_modules/sequelize/lib/sql-string.js:54:11)\n    at PostgresQueryGenerator.escape (/app/nocobase/node_modules/sequelize/lib/dialects/abstract/query-generator.js:766:22)\n    at PostgresQueryGenerator._whereParseSingleValueObject (/app/nocobase/node_modules/sequelize/lib/dialects/abstract/query-generator.js:2060:41)\n    at PostgresQueryGenerator.whereItemQuery (/app/nocobase/node_modules/sequelize/lib/dialects/abstract/query-generator.js:1818:19)\n    at /app/nocobase/node_modules/sequelize/lib/dialects/abstract/query-generator.js:1737:25\n    at Array.forEach (<anonymous>)\n    at PostgresQueryGenerator.whereItemsQuery (/app/nocobase/node_modules/sequelize/lib/dialects/abstract/query-generator.js:1735:35)\n    at /app/nocobase/node_modules/sequelize/lib/dialects/abstract/query-generator.js:1843:30\n    at Array.map (<anonymous>)\n    at PostgresQueryGenerator._whereGroupBind (/app/nocobase/node_modules/sequelize/lib/dialects/abstract/query-generator.js:1842:21)\n    at PostgresQueryGenerator.whereItemQuery (/app/nocobase/node_modules/sequelize/lib/dialects/abstract/query-generator.js:1793:19)\n    at /app/nocobase/node_modules/sequelize/lib/dialects/abstract/query-generator.js:1737:25\n    at Array.forEach (<anonymous>)\n    at PostgresQueryGenerator.whereItemsQuery (/app/nocobase/node_modules/sequelize/lib/dialects/abstract/query-generator.js:1735:35)\n    at PostgresQueryGenerator.getWhereConditions (/app/nocobase/node_modules/sequelize/lib/dialects/abstract/query-generator.js:2078:19)\n    at PostgresQueryGenerator.selectQuery (/app/nocobase/node_modules/sequelize/lib/dialects/abstract/query-generator.js:991:28)","timestamp":"2025-04-29 03:33:54"}
{"level":"info","message":"execution (30709) run instruction [update] for node (2024) finished as status: -2","timestamp":"2025-04-29 03:33:54"}
{"level":"info","message":"execution (30709) exiting with status -2","timestamp":"2025-04-29 03:33:54"}
{"level":"info","execution":{"id":30709,"createdAt":"2025-04-29T03:33:53.937Z","updatedAt":"2025-04-29T03:33:54.127Z","key":"42um5fsmzee","eventKey":"d1d05a9f-e183-43e6-b8c1-35380c3370c3","context":{"data":{"createdAt":"2025-04-24T03:18:46.927Z","updatedAt":"2025-04-26T11:49:32.384Z","start_date":"2023-12-01T00:00:00.000Z","end_date":"2023-12-01T00:50:00.000Z","package_id":2,"discount":0,"month_convert":"2023/11","id":1,"total":400,"transport_fee":0,"payment_method":"Online Transfer","fee":400,"progress":1,"student_id":87,"payment_date":"2023-11-26","invoice_number":null,"salary_id":1,"commission":120,"done":true,"createdById":3,"updatedById":3}},"status":-2,"stack":null,"output":null,"workflowId":200},"message":"execution (30709) finished with status: -2","timestamp":"2025-04-29 03:33:54"}
{"level":"info","message":"new event triggered, now events: 2","timestamp":"2025-04-29 15:22:48"}
{"level":"info","message":"new event is pending to be prepared after previous preparation is finished","timestamp":"2025-04-29 15:22:48"}
{"level":"info","message":"preparing execution for event","timestamp":"2025-04-29 15:22:48"}
{"level":"info","message":"execution of workflow 200 created as 30764","timestamp":"2025-04-29 15:22:48"}
{"level":"info","message":"execution (30764) fetched from db","timestamp":"2025-04-29 15:22:48"}
{"level":"info","message":"execution (30764) starting...","timestamp":"2025-04-29 15:22:48"}
{"level":"info","message":"execution (30764) run instruction [query] for node (2022)","timestamp":"2025-04-29 15:22:48"}
{"level":"info","message":"execution (30764) run instruction [query] for node (2022) finished as status: 1","timestamp":"2025-04-29 15:22:48"}
{"level":"info","message":"execution (30764) run instruction [calculation] for node (2023)","timestamp":"2025-04-29 15:22:48"}
{"level":"info","message":"execution (30764) run instruction [calculation] for node (2023) finished as status: 1","timestamp":"2025-04-29 15:22:48"}
{"level":"info","message":"execution (30764) run instruction [update] for node (2024)","timestamp":"2025-04-29 15:22:48"}
{"level":"error","message":"execution (30764) run instruction [update] for node (2024) failed:  Invalid value { job_title: { [Symbol(eq)]: 'Course Advisor' } }","stack":"Error: Invalid value { job_title: { [Symbol(eq)]: 'Course Advisor' } }\n    at Object.escape (/app/nocobase/node_modules/sequelize/lib/sql-string.js:54:11)\n    at PostgresQueryGenerator.escape (/app/nocobase/node_modules/sequelize/lib/dialects/abstract/query-generator.js:766:22)\n    at PostgresQueryGenerator._whereParseSingleValueObject (/app/nocobase/node_modules/sequelize/lib/dialects/abstract/query-generator.js:2060:41)\n    at PostgresQueryGenerator.whereItemQuery (/app/nocobase/node_modules/sequelize/lib/dialects/abstract/query-generator.js:1818:19)\n    at /app/nocobase/node_modules/sequelize/lib/dialects/abstract/query-generator.js:1737:25\n    at Array.forEach (<anonymous>)\n    at PostgresQueryGenerator.whereItemsQuery (/app/nocobase/node_modules/sequelize/lib/dialects/abstract/query-generator.js:1735:35)\n    at /app/nocobase/node_modules/sequelize/lib/dialects/abstract/query-generator.js:1843:30\n    at Array.map (<anonymous>)\n    at PostgresQueryGenerator._whereGroupBind (/app/nocobase/node_modules/sequelize/lib/dialects/abstract/query-generator.js:1842:21)\n    at PostgresQueryGenerator.whereItemQuery (/app/nocobase/node_modules/sequelize/lib/dialects/abstract/query-generator.js:1793:19)\n    at /app/nocobase/node_modules/sequelize/lib/dialects/abstract/query-generator.js:1737:25\n    at Array.forEach (<anonymous>)\n    at PostgresQueryGenerator.whereItemsQuery (/app/nocobase/node_modules/sequelize/lib/dialects/abstract/query-generator.js:1735:35)\n    at PostgresQueryGenerator.getWhereConditions (/app/nocobase/node_modules/sequelize/lib/dialects/abstract/query-generator.js:2078:19)\n    at PostgresQueryGenerator.selectQuery (/app/nocobase/node_modules/sequelize/lib/dialects/abstract/query-generator.js:991:28)","timestamp":"2025-04-29 15:22:48"}
{"level":"info","message":"execution (30764) run instruction [update] for node (2024) finished as status: -2","timestamp":"2025-04-29 15:22:48"}
{"level":"info","message":"execution (30764) exiting with status -2","timestamp":"2025-04-29 15:22:48"}
{"level":"info","execution":{"id":30764,"createdAt":"2025-04-29T15:22:48.658Z","updatedAt":"2025-04-29T15:22:48.828Z","key":"42um5fsmzee","eventKey":"c8fecfc1-367d-4456-a0cf-57a45b9e549c","context":{"data":{"createdAt":"2025-04-29T15:22:04.273Z","updatedAt":"2025-04-29T15:22:04.273Z","start_date":"2023-12-07T00:00:00.000Z","end_date":"2023-12-07T00:00:00.000Z","package_id":2,"discount":0,"month_convert":null,"id":464,"total":400,"transport_fee":0,"payment_method":"Online Transfer","fee":400,"progress":1,"student_id":75,"payment_date":"2023-12-06","invoice_number":"1","salary_id":null,"commission":120,"done":null,"createdById":1,"updatedById":1}},"status":-2,"stack":null,"output":null,"workflowId":200},"message":"execution (30764) finished with status: -2","timestamp":"2025-04-29 15:22:48"}
{"level":"info","message":"new event triggered, now events: 2","timestamp":"2025-04-29 15:22:52"}
{"level":"info","message":"new event is pending to be prepared after previous preparation is finished","timestamp":"2025-04-29 15:22:52"}
{"level":"info","message":"preparing execution for event","timestamp":"2025-04-29 15:22:52"}
{"level":"info","message":"execution of workflow 200 created as 30766","timestamp":"2025-04-29 15:22:52"}
{"level":"info","message":"execution (30766) fetched from db","timestamp":"2025-04-29 15:22:52"}
{"level":"info","message":"execution (30766) starting...","timestamp":"2025-04-29 15:22:52"}
{"level":"info","message":"execution (30766) run instruction [query] for node (2022)","timestamp":"2025-04-29 15:22:52"}
{"level":"info","message":"execution (30766) run instruction [query] for node (2022) finished as status: 1","timestamp":"2025-04-29 15:22:52"}
{"level":"info","message":"execution (30766) run instruction [calculation] for node (2023)","timestamp":"2025-04-29 15:22:52"}
{"level":"info","message":"execution (30766) run instruction [calculation] for node (2023) finished as status: 1","timestamp":"2025-04-29 15:22:52"}
{"level":"info","message":"execution (30766) run instruction [update] for node (2024)","timestamp":"2025-04-29 15:22:52"}
{"level":"error","message":"execution (30766) run instruction [update] for node (2024) failed:  Invalid value { job_title: { [Symbol(eq)]: 'Course Advisor' } }","stack":"Error: Invalid value { job_title: { [Symbol(eq)]: 'Course Advisor' } }\n    at Object.escape (/app/nocobase/node_modules/sequelize/lib/sql-string.js:54:11)\n    at PostgresQueryGenerator.escape (/app/nocobase/node_modules/sequelize/lib/dialects/abstract/query-generator.js:766:22)\n    at PostgresQueryGenerator._whereParseSingleValueObject (/app/nocobase/node_modules/sequelize/lib/dialects/abstract/query-generator.js:2060:41)\n    at PostgresQueryGenerator.whereItemQuery (/app/nocobase/node_modules/sequelize/lib/dialects/abstract/query-generator.js:1818:19)\n    at /app/nocobase/node_modules/sequelize/lib/dialects/abstract/query-generator.js:1737:25\n    at Array.forEach (<anonymous>)\n    at PostgresQueryGenerator.whereItemsQuery (/app/nocobase/node_modules/sequelize/lib/dialects/abstract/query-generator.js:1735:35)\n    at /app/nocobase/node_modules/sequelize/lib/dialects/abstract/query-generator.js:1843:30\n    at Array.map (<anonymous>)\n    at PostgresQueryGenerator._whereGroupBind (/app/nocobase/node_modules/sequelize/lib/dialects/abstract/query-generator.js:1842:21)\n    at PostgresQueryGenerator.whereItemQuery (/app/nocobase/node_modules/sequelize/lib/dialects/abstract/query-generator.js:1793:19)\n    at /app/nocobase/node_modules/sequelize/lib/dialects/abstract/query-generator.js:1737:25\n    at Array.forEach (<anonymous>)\n    at PostgresQueryGenerator.whereItemsQuery (/app/nocobase/node_modules/sequelize/lib/dialects/abstract/query-generator.js:1735:35)\n    at PostgresQueryGenerator.getWhereConditions (/app/nocobase/node_modules/sequelize/lib/dialects/abstract/query-generator.js:2078:19)\n    at PostgresQueryGenerator.selectQuery (/app/nocobase/node_modules/sequelize/lib/dialects/abstract/query-generator.js:991:28)","timestamp":"2025-04-29 15:22:52"}
{"level":"info","message":"execution (30766) run instruction [update] for node (2024) finished as status: -2","timestamp":"2025-04-29 15:22:52"}
{"level":"info","message":"execution (30766) exiting with status -2","timestamp":"2025-04-29 15:22:52"}
{"level":"info","execution":{"id":30766,"createdAt":"2025-04-29T15:22:52.796Z","updatedAt":"2025-04-29T15:22:52.893Z","key":"42um5fsmzee","eventKey":"d04a04bf-a5f2-4a3c-8475-e0fc2fa9e32b","context":{"data":{"createdAt":"2025-04-29T15:22:19.453Z","updatedAt":"2025-04-29T15:22:19.453Z","start_date":"2023-12-07T00:00:00.000Z","end_date":"2023-12-07T00:00:00.000Z","package_id":2,"discount":0,"month_convert":null,"id":465,"total":400,"transport_fee":0,"payment_method":"Online Transfer","fee":400,"progress":1,"student_id":75,"payment_date":"2023-12-06","invoice_number":"1","salary_id":null,"commission":120,"done":null,"createdById":1,"updatedById":1}},"status":-2,"stack":null,"output":null,"workflowId":200},"message":"execution (30766) finished with status: -2","timestamp":"2025-04-29 15:22:52"}
