{"level":"info","message":"new event triggered, now events: 2","timestamp":"2025-04-20 09:31:51"}
{"level":"info","message":"new event is pending to be prepared after previous preparation is finished","timestamp":"2025-04-20 09:31:51"}
{"level":"info","message":"preparing execution for event","timestamp":"2025-04-20 09:31:51"}
{"level":"info","message":"execution of workflow 200 created as 1369","timestamp":"2025-04-20 09:31:51"}
{"level":"info","message":"execution (1369) fetched from db","timestamp":"2025-04-20 09:31:51"}
{"level":"info","message":"execution (1369) starting...","timestamp":"2025-04-20 09:31:51"}
{"level":"info","message":"execution (1369) run instruction [query] for node (2022)","timestamp":"2025-04-20 09:31:51"}
{"level":"info","message":"execution (1369) run instruction [query] for node (2022) finished as status: 1","timestamp":"2025-04-20 09:31:51"}
{"level":"info","message":"execution (1369) run instruction [calculation] for node (2023)","timestamp":"2025-04-20 09:31:51"}
{"level":"info","message":"execution (1369) run instruction [calculation] for node (2023) finished as status: 1","timestamp":"2025-04-20 09:31:51"}
{"level":"info","message":"execution (1369) run instruction [update] for node (2024)","timestamp":"2025-04-20 09:31:51"}
{"level":"info","message":"execution (1369) run instruction [update] for node (2024) finished as status: 1","timestamp":"2025-04-20 09:31:51"}
{"level":"info","message":"execution (1369) exiting with status 1","timestamp":"2025-04-20 09:31:51"}
{"level":"info","execution":{"id":1369,"createdAt":"2025-04-20T09:31:51.725Z","updatedAt":"2025-04-20T09:31:51.866Z","key":"42um5fsmzee","eventKey":"09bfc5fc-f7eb-4346-8170-085fe303986a","context":{"data":{"createdAt":"2025-04-20T09:31:42.463Z","updatedAt":"2025-04-20T09:31:42.505Z","start_date":"2025-04-20T08:00:26.000Z","end_date":"2025-04-20T08:50:00.000Z","package_id":2,"month_convert":"4/2025","id":175,"payment_method":"Cash","progress":0,"fee":400,"transport_fee":0,"student_id":5,"total":400,"invoice_number":"INV1","payment_date":"2025-04-20","createdById":1,"updatedById":1}},"status":1,"stack":null,"output":null,"workflowId":200},"message":"execution (1369) finished with status: 1","timestamp":"2025-04-20 09:31:51"}
{"level":"info","message":"new event triggered, now events: 14","timestamp":"2025-04-20 11:45:11"}
{"level":"info","message":"new event is pending to be prepared after previous preparation is finished","timestamp":"2025-04-20 11:45:11"}
{"level":"info","message":"new event triggered, now events: 15","timestamp":"2025-04-20 11:45:11"}
{"level":"info","message":"new event is pending to be prepared after previous preparation is finished","timestamp":"2025-04-20 11:45:11"}
{"level":"info","message":"new event triggered, now events: 16","timestamp":"2025-04-20 11:45:11"}
{"level":"info","message":"new event is pending to be prepared after previous preparation is finished","timestamp":"2025-04-20 11:45:11"}
{"level":"info","message":"new event triggered, now events: 17","timestamp":"2025-04-20 11:45:11"}
{"level":"info","message":"new event is pending to be prepared after previous preparation is finished","timestamp":"2025-04-20 11:45:11"}
{"level":"info","message":"new event triggered, now events: 18","timestamp":"2025-04-20 11:45:11"}
{"level":"info","message":"new event is pending to be prepared after previous preparation is finished","timestamp":"2025-04-20 11:45:11"}
{"level":"info","message":"new event triggered, now events: 19","timestamp":"2025-04-20 11:45:11"}
{"level":"info","message":"new event is pending to be prepared after previous preparation is finished","timestamp":"2025-04-20 11:45:11"}
{"level":"info","message":"new event triggered, now events: 20","timestamp":"2025-04-20 11:45:11"}
{"level":"info","message":"new event is pending to be prepared after previous preparation is finished","timestamp":"2025-04-20 11:45:11"}
{"level":"info","message":"new event triggered, now events: 21","timestamp":"2025-04-20 11:45:11"}
{"level":"info","message":"new event is pending to be prepared after previous preparation is finished","timestamp":"2025-04-20 11:45:11"}
{"level":"info","message":"new event triggered, now events: 22","timestamp":"2025-04-20 11:45:11"}
{"level":"info","message":"new event is pending to be prepared after previous preparation is finished","timestamp":"2025-04-20 11:45:11"}
{"level":"info","message":"new event triggered, now events: 23","timestamp":"2025-04-20 11:45:11"}
{"level":"info","message":"new event is pending to be prepared after previous preparation is finished","timestamp":"2025-04-20 11:45:11"}
{"level":"info","message":"new event triggered, now events: 24","timestamp":"2025-04-20 11:45:11"}
{"level":"info","message":"new event is pending to be prepared after previous preparation is finished","timestamp":"2025-04-20 11:45:11"}
{"level":"info","message":"new event triggered, now events: 25","timestamp":"2025-04-20 11:45:11"}
{"level":"info","message":"new event is pending to be prepared after previous preparation is finished","timestamp":"2025-04-20 11:45:11"}
{"level":"info","message":"new event triggered, now events: 26","timestamp":"2025-04-20 11:45:11"}
{"level":"info","message":"new event is pending to be prepared after previous preparation is finished","timestamp":"2025-04-20 11:45:11"}
{"level":"info","message":"preparing execution for event","timestamp":"2025-04-20 11:45:12"}
{"level":"info","message":"execution of workflow 200 created as 1802","timestamp":"2025-04-20 11:45:12"}
{"level":"info","message":"preparing execution for event","timestamp":"2025-04-20 11:45:12"}
{"level":"info","message":"execution of workflow 200 created as 1803","timestamp":"2025-04-20 11:45:12"}
{"level":"info","message":"preparing execution for event","timestamp":"2025-04-20 11:45:12"}
{"level":"info","message":"execution of workflow 200 created as 1804","timestamp":"2025-04-20 11:45:12"}
{"level":"info","message":"preparing execution for event","timestamp":"2025-04-20 11:45:12"}
{"level":"info","message":"execution of workflow 200 created as 1805","timestamp":"2025-04-20 11:45:12"}
{"level":"info","message":"preparing execution for event","timestamp":"2025-04-20 11:45:12"}
{"level":"info","message":"execution of workflow 200 created as 1806","timestamp":"2025-04-20 11:45:12"}
{"level":"info","message":"preparing execution for event","timestamp":"2025-04-20 11:45:12"}
{"level":"info","message":"execution of workflow 200 created as 1807","timestamp":"2025-04-20 11:45:12"}
{"level":"info","message":"preparing execution for event","timestamp":"2025-04-20 11:45:12"}
{"level":"info","message":"execution of workflow 200 created as 1808","timestamp":"2025-04-20 11:45:12"}
{"level":"info","message":"preparing execution for event","timestamp":"2025-04-20 11:45:12"}
{"level":"info","message":"execution of workflow 200 created as 1809","timestamp":"2025-04-20 11:45:12"}
{"level":"info","message":"preparing execution for event","timestamp":"2025-04-20 11:45:12"}
{"level":"info","message":"execution of workflow 200 created as 1810","timestamp":"2025-04-20 11:45:12"}
{"level":"info","message":"preparing execution for event","timestamp":"2025-04-20 11:45:12"}
{"level":"info","message":"execution of workflow 200 created as 1811","timestamp":"2025-04-20 11:45:12"}
{"level":"info","message":"preparing execution for event","timestamp":"2025-04-20 11:45:12"}
{"level":"info","message":"execution of workflow 200 created as 1812","timestamp":"2025-04-20 11:45:12"}
{"level":"info","message":"preparing execution for event","timestamp":"2025-04-20 11:45:12"}
{"level":"info","message":"execution of workflow 200 created as 1813","timestamp":"2025-04-20 11:45:12"}
{"level":"info","message":"preparing execution for event","timestamp":"2025-04-20 11:45:12"}
{"level":"info","message":"execution of workflow 200 created as 1814","timestamp":"2025-04-20 11:45:12"}
{"level":"info","message":"execution (1802) fetched from db","timestamp":"2025-04-20 11:45:12"}
{"level":"info","message":"execution (1802) starting...","timestamp":"2025-04-20 11:45:12"}
{"level":"info","message":"execution (1802) run instruction [query] for node (2022)","timestamp":"2025-04-20 11:45:12"}
{"level":"info","message":"execution (1802) run instruction [query] for node (2022) finished as status: 1","timestamp":"2025-04-20 11:45:12"}
{"level":"info","message":"execution (1802) run instruction [calculation] for node (2023)","timestamp":"2025-04-20 11:45:12"}
{"level":"info","message":"execution (1802) run instruction [calculation] for node (2023) finished as status: 1","timestamp":"2025-04-20 11:45:12"}
{"level":"info","message":"execution (1802) run instruction [update] for node (2024)","timestamp":"2025-04-20 11:45:12"}
{"level":"info","message":"execution (1802) run instruction [update] for node (2024) finished as status: 1","timestamp":"2025-04-20 11:45:12"}
{"level":"info","message":"execution (1802) exiting with status 1","timestamp":"2025-04-20 11:45:12"}
{"level":"info","execution":{"id":1802,"createdAt":"2025-04-20T11:45:12.060Z","updatedAt":"2025-04-20T11:45:12.329Z","key":"42um5fsmzee","eventKey":"60c8713e-ce10-4f3b-b34e-610b3249394d","context":{"data":{"createdAt":"2025-04-20T10:32:37.131Z","updatedAt":"2025-04-20T10:50:27.510Z","start_date":"2025-04-20T00:00:00.000Z","end_date":"2025-04-20T00:40:00.000Z","package_id":48,"month_convert":"4/2025","id":188,"payment_method":"Qr Pay","progress":0.2,"fee":1000,"transport_fee":100,"student_id":10,"total":1000,"invoice_number":"INV-013","payment_date":"2025-04-19","createdById":1,"updatedById":1,"discount":100}},"status":1,"stack":null,"output":null,"workflowId":200},"message":"execution (1802) finished with status: 1","timestamp":"2025-04-20 11:45:12"}
{"level":"info","message":"execution (1803) fetched from db","timestamp":"2025-04-20 11:45:12"}
{"level":"info","message":"execution (1803) starting...","timestamp":"2025-04-20 11:45:12"}
{"level":"info","message":"execution (1803) run instruction [query] for node (2022)","timestamp":"2025-04-20 11:45:12"}
{"level":"info","message":"execution (1803) run instruction [query] for node (2022) finished as status: 1","timestamp":"2025-04-20 11:45:12"}
{"level":"info","message":"execution (1803) run instruction [calculation] for node (2023)","timestamp":"2025-04-20 11:45:12"}
{"level":"info","message":"execution (1803) run instruction [calculation] for node (2023) finished as status: 1","timestamp":"2025-04-20 11:45:12"}
{"level":"info","message":"execution (1803) run instruction [update] for node (2024)","timestamp":"2025-04-20 11:45:12"}
{"level":"info","message":"execution (1803) run instruction [update] for node (2024) finished as status: 1","timestamp":"2025-04-20 11:45:12"}
{"level":"info","message":"execution (1803) exiting with status 1","timestamp":"2025-04-20 11:45:12"}
{"level":"info","execution":{"id":1803,"createdAt":"2025-04-20T11:45:12.067Z","updatedAt":"2025-04-20T11:45:12.348Z","key":"42um5fsmzee","eventKey":"47b8c924-f43c-4465-939c-cd1a181a841c","context":{"data":{"createdAt":"2025-04-20T10:15:50.143Z","updatedAt":"2025-04-20T10:15:50.166Z","start_date":"2025-04-05T01:00:00.000Z","end_date":"2025-04-05T01:40:00.000Z","package_id":64,"month_convert":"4/2025","id":179,"payment_method":"Online Transfer","progress":1,"fee":480,"transport_fee":0,"student_id":11,"total":480,"invoice_number":"INV-004","payment_date":"2025-04-01","createdById":1,"updatedById":1,"discount":null}},"status":1,"stack":null,"output":null,"workflowId":200},"message":"execution (1803) finished with status: 1","timestamp":"2025-04-20 11:45:12"}
{"level":"info","message":"execution (1804) fetched from db","timestamp":"2025-04-20 11:45:12"}
{"level":"info","message":"execution (1804) starting...","timestamp":"2025-04-20 11:45:12"}
{"level":"info","message":"execution (1804) run instruction [query] for node (2022)","timestamp":"2025-04-20 11:45:12"}
{"level":"info","message":"execution (1804) run instruction [query] for node (2022) finished as status: 1","timestamp":"2025-04-20 11:45:12"}
{"level":"info","message":"execution (1804) run instruction [calculation] for node (2023)","timestamp":"2025-04-20 11:45:12"}
{"level":"info","message":"execution (1804) run instruction [calculation] for node (2023) finished as status: 1","timestamp":"2025-04-20 11:45:12"}
{"level":"info","message":"execution (1804) run instruction [update] for node (2024)","timestamp":"2025-04-20 11:45:12"}
{"level":"info","message":"execution (1804) run instruction [update] for node (2024) finished as status: 1","timestamp":"2025-04-20 11:45:12"}
{"level":"info","message":"execution (1804) exiting with status 1","timestamp":"2025-04-20 11:45:12"}
{"level":"info","execution":{"id":1804,"createdAt":"2025-04-20T11:45:12.073Z","updatedAt":"2025-04-20T11:45:12.367Z","key":"42um5fsmzee","eventKey":"03ebc1bf-f07e-44c3-9af4-2341a9c1d656","context":{"data":{"createdAt":"2025-04-20T10:11:58.665Z","updatedAt":"2025-04-20T10:11:58.679Z","start_date":"2025-04-16T02:00:00.000Z","end_date":"2025-04-16T02:40:00.000Z","package_id":3,"month_convert":"4/2025","id":177,"payment_method":"Cash","progress":0.4,"fee":950,"transport_fee":0,"student_id":11,"total":950,"invoice_number":"INV-002","payment_date":"2025-04-15","createdById":1,"updatedById":1,"discount":null}},"status":1,"stack":null,"output":null,"workflowId":200},"message":"execution (1804) finished with status: 1","timestamp":"2025-04-20 11:45:12"}
{"level":"info","message":"execution (1805) fetched from db","timestamp":"2025-04-20 11:45:12"}
{"level":"info","message":"execution (1805) starting...","timestamp":"2025-04-20 11:45:12"}
{"level":"info","message":"execution (1805) run instruction [query] for node (2022)","timestamp":"2025-04-20 11:45:12"}
{"level":"info","message":"execution (1805) run instruction [query] for node (2022) finished as status: 1","timestamp":"2025-04-20 11:45:12"}
{"level":"info","message":"execution (1805) run instruction [calculation] for node (2023)","timestamp":"2025-04-20 11:45:12"}
{"level":"info","message":"execution (1805) run instruction [calculation] for node (2023) finished as status: 1","timestamp":"2025-04-20 11:45:12"}
{"level":"info","message":"execution (1805) run instruction [update] for node (2024)","timestamp":"2025-04-20 11:45:12"}
{"level":"info","message":"execution (1805) run instruction [update] for node (2024) finished as status: 1","timestamp":"2025-04-20 11:45:12"}
{"level":"info","message":"execution (1805) exiting with status 1","timestamp":"2025-04-20 11:45:12"}
{"level":"info","execution":{"id":1805,"createdAt":"2025-04-20T11:45:12.080Z","updatedAt":"2025-04-20T11:45:12.386Z","key":"42um5fsmzee","eventKey":"324326b3-5e67-404d-b839-9d71bc19e7d1","context":{"data":{"createdAt":"2025-04-20T10:19:29.708Z","updatedAt":"2025-04-20T10:19:29.726Z","start_date":"2025-04-02T06:00:00.000Z","end_date":"2025-04-02T06:40:00.000Z","package_id":2,"month_convert":"4/2025","id":181,"payment_method":"Qr Pay","progress":1,"fee":400,"transport_fee":0,"student_id":10,"total":400,"invoice_number":"INV-006","payment_date":"2025-04-01","createdById":1,"updatedById":1,"discount":null}},"status":1,"stack":null,"output":null,"workflowId":200},"message":"execution (1805) finished with status: 1","timestamp":"2025-04-20 11:45:12"}
{"level":"info","message":"execution (1806) fetched from db","timestamp":"2025-04-20 11:45:12"}
{"level":"info","message":"execution (1806) starting...","timestamp":"2025-04-20 11:45:12"}
{"level":"info","message":"execution (1806) run instruction [query] for node (2022)","timestamp":"2025-04-20 11:45:12"}
{"level":"info","message":"execution (1806) run instruction [query] for node (2022) finished as status: 1","timestamp":"2025-04-20 11:45:12"}
{"level":"info","message":"execution (1806) run instruction [calculation] for node (2023)","timestamp":"2025-04-20 11:45:12"}
{"level":"info","message":"execution (1806) run instruction [calculation] for node (2023) finished as status: 1","timestamp":"2025-04-20 11:45:12"}
{"level":"info","message":"execution (1806) run instruction [update] for node (2024)","timestamp":"2025-04-20 11:45:12"}
{"level":"info","message":"execution (1806) run instruction [update] for node (2024) finished as status: 1","timestamp":"2025-04-20 11:45:12"}
{"level":"info","message":"execution (1806) exiting with status 1","timestamp":"2025-04-20 11:45:12"}
{"level":"info","execution":{"id":1806,"createdAt":"2025-04-20T11:45:12.087Z","updatedAt":"2025-04-20T11:45:12.405Z","key":"42um5fsmzee","eventKey":"83a519e7-bdc3-482e-9df5-5a99c7b05373","context":{"data":{"createdAt":"2025-04-20T10:21:53.733Z","updatedAt":"2025-04-20T10:21:53.753Z","start_date":"2025-04-03T12:00:26.000Z","end_date":"2025-04-03T12:50:00.000Z","package_id":12,"month_convert":"4/2025","id":183,"payment_method":"Online Transfer","progress":0.8,"fee":575,"transport_fee":0,"student_id":5,"total":575,"invoice_number":"INV-008","payment_date":"2025-04-03","createdById":1,"updatedById":1,"discount":null}},"status":1,"stack":null,"output":null,"workflowId":200},"message":"execution (1806) finished with status: 1","timestamp":"2025-04-20 11:45:12"}
{"level":"info","message":"execution (1807) fetched from db","timestamp":"2025-04-20 11:45:12"}
{"level":"info","message":"execution (1807) starting...","timestamp":"2025-04-20 11:45:12"}
{"level":"info","message":"execution (1807) run instruction [query] for node (2022)","timestamp":"2025-04-20 11:45:12"}
{"level":"info","message":"execution (1807) run instruction [query] for node (2022) finished as status: 1","timestamp":"2025-04-20 11:45:12"}
{"level":"info","message":"execution (1807) run instruction [calculation] for node (2023)","timestamp":"2025-04-20 11:45:12"}
{"level":"info","message":"execution (1807) run instruction [calculation] for node (2023) finished as status: 1","timestamp":"2025-04-20 11:45:12"}
{"level":"info","message":"execution (1807) run instruction [update] for node (2024)","timestamp":"2025-04-20 11:45:12"}
{"level":"info","message":"execution (1807) run instruction [update] for node (2024) finished as status: 1","timestamp":"2025-04-20 11:45:12"}
{"level":"info","message":"execution (1807) exiting with status 1","timestamp":"2025-04-20 11:45:12"}
{"level":"info","execution":{"id":1807,"createdAt":"2025-04-20T11:45:12.097Z","updatedAt":"2025-04-20T11:45:12.426Z","key":"42um5fsmzee","eventKey":"72e6dc06-469e-4b18-9917-2e8c709eb89a","context":{"data":{"createdAt":"2025-04-20T10:25:13.680Z","updatedAt":"2025-04-20T10:25:13.711Z","start_date":"2025-04-04T03:00:26.000Z","end_date":"2025-04-04T03:50:00.000Z","package_id":15,"month_convert":"4/2025","id":184,"payment_method":"Qr Pay","progress":0.5,"fee":950,"transport_fee":200,"student_id":5,"total":1150,"invoice_number":"INV-009","payment_date":"2025-04-04","createdById":1,"updatedById":1,"discount":null}},"status":1,"stack":null,"output":null,"workflowId":200},"message":"execution (1807) finished with status: 1","timestamp":"2025-04-20 11:45:12"}
{"level":"info","message":"execution (1808) fetched from db","timestamp":"2025-04-20 11:45:12"}
{"level":"info","message":"execution (1808) starting...","timestamp":"2025-04-20 11:45:12"}
{"level":"info","message":"execution (1808) run instruction [query] for node (2022)","timestamp":"2025-04-20 11:45:12"}
{"level":"info","message":"execution (1808) run instruction [query] for node (2022) finished as status: 1","timestamp":"2025-04-20 11:45:12"}
{"level":"info","message":"execution (1808) run instruction [calculation] for node (2023)","timestamp":"2025-04-20 11:45:12"}
{"level":"info","message":"execution (1808) run instruction [calculation] for node (2023) finished as status: 1","timestamp":"2025-04-20 11:45:12"}
{"level":"info","message":"execution (1808) run instruction [update] for node (2024)","timestamp":"2025-04-20 11:45:12"}
{"level":"info","message":"execution (1808) run instruction [update] for node (2024) finished as status: 1","timestamp":"2025-04-20 11:45:12"}
{"level":"info","message":"execution (1808) exiting with status 1","timestamp":"2025-04-20 11:45:12"}
{"level":"info","execution":{"id":1808,"createdAt":"2025-04-20T11:45:12.105Z","updatedAt":"2025-04-20T11:45:12.449Z","key":"42um5fsmzee","eventKey":"bfded5d4-5bdf-4380-ad77-9455cc55ebb5","context":{"data":{"createdAt":"2025-04-20T10:26:54.417Z","updatedAt":"2025-04-20T10:26:54.432Z","start_date":"2025-04-01T09:00:00.000Z","end_date":"2025-04-01T09:40:00.000Z","package_id":68,"month_convert":"4/2025","id":185,"payment_method":"Qr Pay","progress":0.13333333333333333,"fee":1300,"transport_fee":0,"student_id":11,"total":1300,"invoice_number":"INV-010","payment_date":"2025-04-01","createdById":1,"updatedById":1,"discount":null}},"status":1,"stack":null,"output":null,"workflowId":200},"message":"execution (1808) finished with status: 1","timestamp":"2025-04-20 11:45:12"}
{"level":"info","message":"execution (1809) fetched from db","timestamp":"2025-04-20 11:45:12"}
{"level":"info","message":"execution (1809) starting...","timestamp":"2025-04-20 11:45:12"}
{"level":"info","message":"execution (1809) run instruction [query] for node (2022)","timestamp":"2025-04-20 11:45:12"}
{"level":"info","message":"execution (1809) run instruction [query] for node (2022) finished as status: 1","timestamp":"2025-04-20 11:45:12"}
{"level":"info","message":"execution (1809) run instruction [calculation] for node (2023)","timestamp":"2025-04-20 11:45:12"}
{"level":"info","message":"execution (1809) run instruction [calculation] for node (2023) finished as status: 1","timestamp":"2025-04-20 11:45:12"}
{"level":"info","message":"execution (1809) run instruction [update] for node (2024)","timestamp":"2025-04-20 11:45:12"}
{"level":"info","message":"execution (1809) run instruction [update] for node (2024) finished as status: 1","timestamp":"2025-04-20 11:45:12"}
{"level":"info","message":"execution (1809) exiting with status 1","timestamp":"2025-04-20 11:45:12"}
{"level":"info","execution":{"id":1809,"createdAt":"2025-04-20T11:45:12.111Z","updatedAt":"2025-04-20T11:45:12.472Z","key":"42um5fsmzee","eventKey":"e88484cf-f8f1-4f91-ac47-892ca004daf0","context":{"data":{"createdAt":"2025-04-20T10:14:25.672Z","updatedAt":"2025-04-20T10:14:25.760Z","start_date":"2025-04-04T07:00:00.000Z","end_date":"2025-04-04T07:40:00.000Z","package_id":63,"month_convert":"4/2025","id":178,"payment_method":"Cash","progress":0.5,"fee":200,"transport_fee":0,"student_id":11,"total":200,"invoice_number":"INV-003","payment_date":"2025-04-04","createdById":1,"updatedById":1,"discount":null}},"status":1,"stack":null,"output":null,"workflowId":200},"message":"execution (1809) finished with status: 1","timestamp":"2025-04-20 11:45:12"}
{"level":"info","message":"execution (1810) fetched from db","timestamp":"2025-04-20 11:45:12"}
{"level":"info","message":"execution (1810) starting...","timestamp":"2025-04-20 11:45:12"}
{"level":"info","message":"execution (1810) run instruction [query] for node (2022)","timestamp":"2025-04-20 11:45:12"}
{"level":"info","message":"execution (1810) run instruction [query] for node (2022) finished as status: 1","timestamp":"2025-04-20 11:45:12"}
{"level":"info","message":"execution (1810) run instruction [calculation] for node (2023)","timestamp":"2025-04-20 11:45:12"}
{"level":"info","message":"execution (1810) run instruction [calculation] for node (2023) finished as status: 1","timestamp":"2025-04-20 11:45:12"}
{"level":"info","message":"execution (1810) run instruction [update] for node (2024)","timestamp":"2025-04-20 11:45:12"}
{"level":"info","message":"execution (1810) run instruction [update] for node (2024) finished as status: 1","timestamp":"2025-04-20 11:45:12"}
{"level":"info","message":"execution (1810) exiting with status 1","timestamp":"2025-04-20 11:45:12"}
{"level":"info","execution":{"id":1810,"createdAt":"2025-04-20T11:45:12.116Z","updatedAt":"2025-04-20T11:45:12.505Z","key":"42um5fsmzee","eventKey":"a1095daa-c725-47cd-aca0-8b3e8eaded4c","context":{"data":{"createdAt":"2025-04-20T10:07:31.701Z","updatedAt":"2025-04-20T10:07:31.719Z","start_date":"2025-04-01T02:00:00.000Z","end_date":"2025-04-01T02:40:00.000Z","package_id":3,"month_convert":"4/2025","id":176,"payment_method":"Cash","progress":1,"fee":950,"transport_fee":0,"student_id":11,"total":950,"invoice_number":"INV-001","payment_date":"2025-04-01","createdById":1,"updatedById":1,"discount":null}},"status":1,"stack":null,"output":null,"workflowId":200},"message":"execution (1810) finished with status: 1","timestamp":"2025-04-20 11:45:12"}
{"level":"info","message":"execution (1811) fetched from db","timestamp":"2025-04-20 11:45:12"}
{"level":"info","message":"execution (1811) starting...","timestamp":"2025-04-20 11:45:12"}
{"level":"info","message":"execution (1811) run instruction [query] for node (2022)","timestamp":"2025-04-20 11:45:12"}
{"level":"info","message":"execution (1811) run instruction [query] for node (2022) finished as status: 1","timestamp":"2025-04-20 11:45:12"}
{"level":"info","message":"execution (1811) run instruction [calculation] for node (2023)","timestamp":"2025-04-20 11:45:12"}
{"level":"info","message":"execution (1811) run instruction [calculation] for node (2023) finished as status: 1","timestamp":"2025-04-20 11:45:12"}
{"level":"info","message":"execution (1811) run instruction [update] for node (2024)","timestamp":"2025-04-20 11:45:12"}
{"level":"info","message":"execution (1811) run instruction [update] for node (2024) finished as status: 1","timestamp":"2025-04-20 11:45:12"}
{"level":"info","message":"execution (1811) exiting with status 1","timestamp":"2025-04-20 11:45:12"}
{"level":"info","execution":{"id":1811,"createdAt":"2025-04-20T11:45:12.120Z","updatedAt":"2025-04-20T11:45:12.547Z","key":"42um5fsmzee","eventKey":"063f494d-4b60-4821-b701-6dbc3a7a9e4b","context":{"data":{"createdAt":"2025-04-20T10:18:30.251Z","updatedAt":"2025-04-20T10:18:30.266Z","start_date":"2025-04-20T01:00:00.000Z","end_date":"2025-04-20T01:40:00.000Z","package_id":64,"month_convert":"4/2025","id":180,"payment_method":"Online Transfer","progress":0.1,"fee":480,"transport_fee":0,"student_id":11,"total":480,"invoice_number":"INV-005","payment_date":"2025-04-18","createdById":1,"updatedById":1,"discount":null}},"status":1,"stack":null,"output":null,"workflowId":200},"message":"execution (1811) finished with status: 1","timestamp":"2025-04-20 11:45:12"}
{"level":"info","message":"execution (1812) fetched from db","timestamp":"2025-04-20 11:45:12"}
{"level":"info","message":"execution (1812) starting...","timestamp":"2025-04-20 11:45:12"}
{"level":"info","message":"execution (1812) run instruction [query] for node (2022)","timestamp":"2025-04-20 11:45:12"}
{"level":"info","message":"execution (1812) run instruction [query] for node (2022) finished as status: 1","timestamp":"2025-04-20 11:45:12"}
{"level":"info","message":"execution (1812) run instruction [calculation] for node (2023)","timestamp":"2025-04-20 11:45:12"}
{"level":"info","message":"execution (1812) run instruction [calculation] for node (2023) finished as status: 1","timestamp":"2025-04-20 11:45:12"}
{"level":"info","message":"execution (1812) run instruction [update] for node (2024)","timestamp":"2025-04-20 11:45:12"}
{"level":"info","message":"execution (1812) run instruction [update] for node (2024) finished as status: 1","timestamp":"2025-04-20 11:45:12"}
{"level":"info","message":"execution (1812) exiting with status 1","timestamp":"2025-04-20 11:45:12"}
{"level":"info","execution":{"id":1812,"createdAt":"2025-04-20T11:45:12.126Z","updatedAt":"2025-04-20T11:45:12.566Z","key":"42um5fsmzee","eventKey":"22e9f3c1-d0e4-41a7-8fec-0e2560eb304e","context":{"data":{"createdAt":"2025-04-20T10:20:00.204Z","updatedAt":"2025-04-20T10:20:00.219Z","start_date":"2025-04-16T06:00:00.000Z","end_date":"2025-04-16T06:40:00.000Z","package_id":2,"month_convert":"4/2025","id":182,"payment_method":"Qr Pay","progress":0.25,"fee":400,"transport_fee":0,"student_id":10,"total":400,"invoice_number":"INV-007","payment_date":"2025-04-16","createdById":1,"updatedById":1,"discount":null}},"status":1,"stack":null,"output":null,"workflowId":200},"message":"execution (1812) finished with status: 1","timestamp":"2025-04-20 11:45:12"}
{"level":"info","message":"execution (1813) fetched from db","timestamp":"2025-04-20 11:45:12"}
{"level":"info","message":"execution (1813) starting...","timestamp":"2025-04-20 11:45:12"}
{"level":"info","message":"execution (1813) run instruction [query] for node (2022)","timestamp":"2025-04-20 11:45:12"}
{"level":"info","message":"execution (1813) run instruction [query] for node (2022) finished as status: 1","timestamp":"2025-04-20 11:45:12"}
{"level":"info","message":"execution (1813) run instruction [calculation] for node (2023)","timestamp":"2025-04-20 11:45:12"}
{"level":"info","message":"execution (1813) run instruction [calculation] for node (2023) finished as status: 1","timestamp":"2025-04-20 11:45:12"}
{"level":"info","message":"execution (1813) run instruction [update] for node (2024)","timestamp":"2025-04-20 11:45:12"}
{"level":"info","message":"execution (1813) run instruction [update] for node (2024) finished as status: 1","timestamp":"2025-04-20 11:45:12"}
{"level":"info","message":"execution (1813) exiting with status 1","timestamp":"2025-04-20 11:45:12"}
{"level":"info","execution":{"id":1813,"createdAt":"2025-04-20T11:45:12.130Z","updatedAt":"2025-04-20T11:45:12.583Z","key":"42um5fsmzee","eventKey":"b1abf960-c13c-4753-95b4-6798bc28a1f7","context":{"data":{"createdAt":"2025-04-20T10:28:45.743Z","updatedAt":"2025-04-20T10:28:45.757Z","start_date":"2025-04-06T10:00:26.000Z","end_date":"2025-04-06T10:50:00.000Z","package_id":18,"month_convert":"4/2025","id":186,"payment_method":"Online Transfer","progress":0.4,"fee":750,"transport_fee":100,"student_id":5,"total":850,"invoice_number":"INV-011","payment_date":"2025-04-06","createdById":1,"updatedById":1,"discount":null}},"status":1,"stack":null,"output":null,"workflowId":200},"message":"execution (1813) finished with status: 1","timestamp":"2025-04-20 11:45:12"}
{"level":"info","message":"execution (1814) fetched from db","timestamp":"2025-04-20 11:45:12"}
{"level":"info","message":"execution (1814) starting...","timestamp":"2025-04-20 11:45:12"}
{"level":"info","message":"execution (1814) run instruction [query] for node (2022)","timestamp":"2025-04-20 11:45:12"}
{"level":"info","message":"execution (1814) run instruction [query] for node (2022) finished as status: 1","timestamp":"2025-04-20 11:45:12"}
{"level":"info","message":"execution (1814) run instruction [calculation] for node (2023)","timestamp":"2025-04-20 11:45:12"}
{"level":"info","message":"execution (1814) run instruction [calculation] for node (2023) finished as status: 1","timestamp":"2025-04-20 11:45:12"}
{"level":"info","message":"execution (1814) run instruction [update] for node (2024)","timestamp":"2025-04-20 11:45:12"}
{"level":"info","message":"execution (1814) run instruction [update] for node (2024) finished as status: 1","timestamp":"2025-04-20 11:45:12"}
{"level":"info","message":"execution (1814) exiting with status 1","timestamp":"2025-04-20 11:45:12"}
{"level":"info","execution":{"id":1814,"createdAt":"2025-04-20T11:45:12.134Z","updatedAt":"2025-04-20T11:45:12.602Z","key":"42um5fsmzee","eventKey":"b67ea8f6-4a5d-42a4-9aa0-a3bd407145f7","context":{"data":{"createdAt":"2025-04-20T10:30:50.301Z","updatedAt":"2025-04-20T10:41:32.881Z","start_date":"2025-04-20T00:00:00.000Z","end_date":"2025-04-20T00:40:00.000Z","package_id":48,"month_convert":"4/2025","id":187,"payment_method":"Online Transfer","progress":0.8,"fee":1000,"transport_fee":100,"student_id":10,"total":1100,"invoice_number":"INV-012","payment_date":"2025-04-01","createdById":1,"updatedById":1,"discount":null}},"status":1,"stack":null,"output":null,"workflowId":200},"message":"execution (1814) finished with status: 1","timestamp":"2025-04-20 11:45:12"}
{"level":"info","message":"new event triggered, now events: 4","timestamp":"2025-04-20 12:43:44"}
{"level":"info","message":"new event is pending to be prepared after previous preparation is finished","timestamp":"2025-04-20 12:43:44"}
{"level":"info","message":"new event triggered, now events: 5","timestamp":"2025-04-20 12:43:44"}
{"level":"info","message":"new event is pending to be prepared after previous preparation is finished","timestamp":"2025-04-20 12:43:44"}
{"level":"info","message":"new event triggered, now events: 6","timestamp":"2025-04-20 12:43:44"}
{"level":"info","message":"new event is pending to be prepared after previous preparation is finished","timestamp":"2025-04-20 12:43:44"}
{"level":"info","message":"preparing execution for event","timestamp":"2025-04-20 12:43:44"}
{"level":"info","message":"execution of workflow 200 created as 7279","timestamp":"2025-04-20 12:43:44"}
{"level":"info","message":"preparing execution for event","timestamp":"2025-04-20 12:43:44"}
{"level":"info","message":"execution of workflow 200 created as 7280","timestamp":"2025-04-20 12:43:44"}
{"level":"info","message":"preparing execution for event","timestamp":"2025-04-20 12:43:44"}
{"level":"info","message":"execution of workflow 200 created as 7281","timestamp":"2025-04-20 12:43:44"}
{"level":"info","message":"execution (7279) fetched from db","timestamp":"2025-04-20 12:43:44"}
{"level":"info","message":"execution (7279) starting...","timestamp":"2025-04-20 12:43:44"}
{"level":"info","message":"execution (7279) run instruction [query] for node (2022)","timestamp":"2025-04-20 12:43:44"}
{"level":"info","message":"execution (7279) run instruction [query] for node (2022) finished as status: 1","timestamp":"2025-04-20 12:43:44"}
{"level":"info","message":"execution (7279) run instruction [calculation] for node (2023)","timestamp":"2025-04-20 12:43:44"}
{"level":"info","message":"execution (7279) run instruction [calculation] for node (2023) finished as status: 1","timestamp":"2025-04-20 12:43:44"}
{"level":"info","message":"execution (7279) run instruction [update] for node (2024)","timestamp":"2025-04-20 12:43:44"}
{"level":"info","message":"execution (7279) run instruction [update] for node (2024) finished as status: 1","timestamp":"2025-04-20 12:43:44"}
{"level":"info","message":"execution (7279) exiting with status 1","timestamp":"2025-04-20 12:43:44"}
{"level":"info","execution":{"id":7279,"createdAt":"2025-04-20T12:43:44.099Z","updatedAt":"2025-04-20T12:43:44.213Z","key":"42um5fsmzee","eventKey":"91a41859-12e8-4693-8374-c547db601a52","context":{"data":{"createdAt":"2025-04-20T12:36:49.434Z","updatedAt":"2025-04-20T12:36:49.443Z","start_date":"2025-04-19T16:00:00.000Z","end_date":null,"package_id":2,"month_convert":"4/2025","id":1,"payment_method":"Cash","progress":0,"student_id":null,"invoice_number":"INV1","payment_date":"2025-04-20","createdById":1,"updatedById":1,"fee":400,"total":400,"discount":null,"transport_fee":0}},"status":1,"stack":null,"output":null,"workflowId":200},"message":"execution (7279) finished with status: 1","timestamp":"2025-04-20 12:43:44"}
{"level":"info","message":"execution (7280) fetched from db","timestamp":"2025-04-20 12:43:44"}
{"level":"info","message":"execution (7280) starting...","timestamp":"2025-04-20 12:43:44"}
{"level":"info","message":"execution (7280) run instruction [query] for node (2022)","timestamp":"2025-04-20 12:43:44"}
{"level":"info","message":"execution (7280) run instruction [query] for node (2022) finished as status: 1","timestamp":"2025-04-20 12:43:44"}
{"level":"info","message":"execution (7280) run instruction [calculation] for node (2023)","timestamp":"2025-04-20 12:43:44"}
{"level":"info","message":"execution (7280) run instruction [calculation] for node (2023) finished as status: 1","timestamp":"2025-04-20 12:43:44"}
{"level":"info","message":"execution (7280) run instruction [update] for node (2024)","timestamp":"2025-04-20 12:43:44"}
{"level":"info","message":"execution (7280) run instruction [update] for node (2024) finished as status: 1","timestamp":"2025-04-20 12:43:44"}
{"level":"info","message":"execution (7280) exiting with status 1","timestamp":"2025-04-20 12:43:44"}
{"level":"info","execution":{"id":7280,"createdAt":"2025-04-20T12:43:44.105Z","updatedAt":"2025-04-20T12:43:44.237Z","key":"42um5fsmzee","eventKey":"80f35ff5-cccd-40f5-b42c-0006defffe93","context":{"data":{"createdAt":"2025-04-20T12:37:41.435Z","updatedAt":"2025-04-20T12:37:41.440Z","start_date":"2025-04-20T12:37:39.000Z","end_date":null,"package_id":2,"month_convert":"4/2025","id":2,"payment_method":"Cash","progress":0,"student_id":null,"invoice_number":"INV2","payment_date":"2025-04-20","createdById":1,"updatedById":1,"fee":400,"total":400,"discount":null,"transport_fee":0}},"status":1,"stack":null,"output":null,"workflowId":200},"message":"execution (7280) finished with status: 1","timestamp":"2025-04-20 12:43:44"}
{"level":"info","message":"execution (7281) fetched from db","timestamp":"2025-04-20 12:43:44"}
{"level":"info","message":"execution (7281) starting...","timestamp":"2025-04-20 12:43:44"}
{"level":"info","message":"execution (7281) run instruction [query] for node (2022)","timestamp":"2025-04-20 12:43:44"}
{"level":"info","message":"execution (7281) run instruction [query] for node (2022) finished as status: 1","timestamp":"2025-04-20 12:43:44"}
{"level":"info","message":"execution (7281) run instruction [calculation] for node (2023)","timestamp":"2025-04-20 12:43:44"}
{"level":"info","message":"execution (7281) run instruction [calculation] for node (2023) finished as status: 1","timestamp":"2025-04-20 12:43:44"}
{"level":"info","message":"execution (7281) run instruction [update] for node (2024)","timestamp":"2025-04-20 12:43:44"}
{"level":"info","message":"execution (7281) run instruction [update] for node (2024) finished as status: 1","timestamp":"2025-04-20 12:43:44"}
{"level":"info","message":"execution (7281) exiting with status 1","timestamp":"2025-04-20 12:43:44"}
{"level":"info","execution":{"id":7281,"createdAt":"2025-04-20T12:43:44.110Z","updatedAt":"2025-04-20T12:43:44.260Z","key":"42um5fsmzee","eventKey":"fabb6da8-b7f0-46ce-a4a7-59e9a945f0a6","context":{"data":{"createdAt":"2025-04-20T12:40:21.688Z","updatedAt":"2025-04-20T12:40:21.692Z","start_date":"2025-04-20T12:40:20.000Z","end_date":null,"package_id":1,"month_convert":"4/2025","id":3,"payment_method":"Online Transfer","progress":0,"student_id":null,"invoice_number":"INV3","payment_date":"2025-04-20","createdById":1,"updatedById":1,"fee":120,"total":120,"discount":null,"transport_fee":0}},"status":1,"stack":null,"output":null,"workflowId":200},"message":"execution (7281) finished with status: 1","timestamp":"2025-04-20 12:43:44"}
{"level":"info","message":"new event triggered, now events: 2","timestamp":"2025-04-20 12:54:40"}
{"level":"info","message":"new event is pending to be prepared after previous preparation is finished","timestamp":"2025-04-20 12:54:40"}
{"level":"info","message":"preparing execution for event","timestamp":"2025-04-20 12:54:40"}
{"level":"info","message":"execution of workflow 200 created as 7284","timestamp":"2025-04-20 12:54:40"}
{"level":"info","message":"execution (7284) fetched from db","timestamp":"2025-04-20 12:54:40"}
{"level":"info","message":"execution (7284) starting...","timestamp":"2025-04-20 12:54:40"}
{"level":"info","message":"execution (7284) run instruction [query] for node (2022)","timestamp":"2025-04-20 12:54:40"}
{"level":"info","message":"execution (7284) run instruction [query] for node (2022) finished as status: 1","timestamp":"2025-04-20 12:54:40"}
{"level":"info","message":"execution (7284) run instruction [calculation] for node (2023)","timestamp":"2025-04-20 12:54:40"}
{"level":"info","message":"execution (7284) run instruction [calculation] for node (2023) finished as status: 1","timestamp":"2025-04-20 12:54:40"}
{"level":"info","message":"execution (7284) run instruction [update] for node (2024)","timestamp":"2025-04-20 12:54:40"}
{"level":"info","message":"execution (7284) run instruction [update] for node (2024) finished as status: 1","timestamp":"2025-04-20 12:54:40"}
{"level":"info","message":"execution (7284) exiting with status 1","timestamp":"2025-04-20 12:54:40"}
{"level":"info","execution":{"id":7284,"createdAt":"2025-04-20T12:54:40.794Z","updatedAt":"2025-04-20T12:54:40.909Z","key":"42um5fsmzee","eventKey":"5dd787a5-c930-4570-8b4f-6fb4e3bbf38d","context":{"data":{"createdAt":"2025-04-20T12:44:41.293Z","updatedAt":"2025-04-20T12:44:41.293Z","start_date":null,"end_date":null,"package_id":null,"month_convert":null,"id":4,"payment_method":null,"progress":0,"student_id":null,"invoice_number":null,"payment_date":null,"createdById":1,"updatedById":1,"fee":0,"total":0,"discount":0,"transport_fee":0}},"status":1,"stack":null,"output":null,"workflowId":200},"message":"execution (7284) finished with status: 1","timestamp":"2025-04-20 12:54:40"}
