{"level":"info","message":"new event triggered, now events: 1","timestamp":"2025-04-08 06:44:00"}
{"level":"info","message":"preparing execution for event","timestamp":"2025-04-08 06:44:00"}
{"level":"info","message":"execution of workflow 46 created as 317","timestamp":"2025-04-08 06:44:00"}
{"level":"info","message":"pending execution (317) ready to process","timestamp":"2025-04-08 06:44:00"}
{"level":"info","message":"queueing execution (317) from pending list updated to started","timestamp":"2025-04-08 06:44:00"}
{"level":"info","message":"execution (317) starting...","timestamp":"2025-04-08 06:44:00"}
{"level":"info","message":"execution (317) run instruction [condition] for node (442)","timestamp":"2025-04-08 06:44:00"}
{"level":"info","message":"execution (317) run instruction [create] for node (443)","timestamp":"2025-04-08 06:44:00"}
{"level":"info","message":"execution (317) run instruction [create] for node (443) finished as status: 1","timestamp":"2025-04-08 06:44:00"}
{"level":"info","message":"execution (317) run instruction [end] for node (444)","timestamp":"2025-04-08 06:44:00"}
{"level":"info","message":"execution (317) exiting with status 1","timestamp":"2025-04-08 06:44:00"}
{"level":"info","message":"execution (317) exiting with status 1","timestamp":"2025-04-08 06:44:00"}
{"level":"info","message":"execution (317) exiting with status 1","timestamp":"2025-04-08 06:44:00"}
{"level":"info","execution":{"id":317,"context":{"data":{"createdAt":"2025-04-08T06:44:00.484Z","updatedAt":"2025-04-08T06:44:00.498Z","payment_date":"2025-04-08T06:43:42.377Z","start_date":"2025-04-08T08:00:26.000Z","end_date":"2025-04-08T08:50:04.000Z","package_id":1,"id":45,"invoice_number":"INV","payment_method":"1","fee":120,"progress":null,"createdById":1,"updatedById":1,"student_id":5,"package_db":{"createdAt":"2025-04-04T02:12:12.702Z","updatedAt":"2025-04-05T02:01:34.980Z","name_sort":2,"fee":120,"id":1,"name":"PV1 - 👤","transport_fee":null,"quantity":1,"type":"PV","createdById":1,"updatedById":1},"student_db":{"createdAt":"2025-04-04T08:16:21.327Z","updatedAt":"2025-04-08T06:08:57.458Z","class_venue":2,"name":"A student","gender":"1","parent_name":null,"contact_number":null,"email":null,"address":null,"emergency_contact_name":null,"emergency_contact_nunber":null,"day":null,"duration":"3","id":5,"createdById":1,"updatedById":1,"dob":null,"start_date":null,"start_time":"16:00:26","end_time":"16:50:04","employee_id":null}},"user":{"createdAt":"2025-03-31T14:39:23.735Z","updatedAt":"2025-04-07T11:13:41.208Z","systemSettings":{"themeId":1},"id":1,"nickname":"Felix","username":"felix","email":"xmrxperfectx@gmail.com","phone":null,"passwordChangeTz":1743556989843,"appLang":"zh-CN","createdById":null,"updatedById":1},"roleName":"root"},"key":"o3iucqm26et","eventKey":"13564243-0b2d-4a5b-b958-86caed6e730f","stack":null,"status":1,"workflowId":46,"updatedAt":"2025-04-08T06:44:00.579Z","createdAt":"2025-04-08T06:44:00.523Z","output":null},"message":"execution (317) finished with status: 1","timestamp":"2025-04-08 06:44:00"}
{"level":"info","message":"new event triggered, now events: 1","timestamp":"2025-04-08 06:51:22"}
{"level":"info","message":"preparing execution for event","timestamp":"2025-04-08 06:51:22"}
{"level":"info","message":"execution of workflow 46 created as 320","timestamp":"2025-04-08 06:51:22"}
{"level":"info","message":"pending execution (320) ready to process","timestamp":"2025-04-08 06:51:22"}
{"level":"info","message":"queueing execution (320) from pending list updated to started","timestamp":"2025-04-08 06:51:22"}
{"level":"info","message":"execution (320) starting...","timestamp":"2025-04-08 06:51:22"}
{"level":"info","message":"execution (320) run instruction [condition] for node (442)","timestamp":"2025-04-08 06:51:22"}
{"level":"info","message":"execution (320) run instruction [create] for node (443)","timestamp":"2025-04-08 06:51:22"}
{"level":"info","message":"execution (320) run instruction [create] for node (443) finished as status: 1","timestamp":"2025-04-08 06:51:22"}
{"level":"info","message":"execution (320) run instruction [end] for node (444)","timestamp":"2025-04-08 06:51:22"}
{"level":"info","message":"execution (320) exiting with status 1","timestamp":"2025-04-08 06:51:22"}
{"level":"info","message":"execution (320) exiting with status 1","timestamp":"2025-04-08 06:51:22"}
{"level":"info","message":"execution (320) exiting with status 1","timestamp":"2025-04-08 06:51:22"}
{"level":"info","execution":{"id":320,"context":{"data":{"createdAt":"2025-04-08T06:51:22.733Z","updatedAt":"2025-04-08T06:51:22.738Z","payment_date":"2025-04-08T06:51:12.275Z","start_date":"2025-04-08T08:00:26.000Z","end_date":"2025-04-08T08:50:04.000Z","package_id":1,"id":46,"invoice_number":"INV","payment_method":"1","fee":120,"progress":null,"createdById":1,"updatedById":1,"student_id":5,"package_db":{"createdAt":"2025-04-04T02:12:12.702Z","updatedAt":"2025-04-05T02:01:34.980Z","name_sort":2,"fee":120,"id":1,"name":"PV1 - 👤","transport_fee":null,"quantity":1,"type":"PV","createdById":1,"updatedById":1},"student_db":{"createdAt":"2025-04-04T08:16:21.327Z","updatedAt":"2025-04-08T06:51:02.697Z","class_venue":2,"name":"A student","gender":"1","parent_name":null,"contact_number":null,"email":null,"address":null,"emergency_contact_name":null,"emergency_contact_nunber":null,"day":null,"duration":"3","id":5,"createdById":1,"updatedById":1,"dob":null,"start_date":null,"start_time":"16:00:26","end_time":"16:50:04","employee_id":1}},"user":{"createdAt":"2025-03-31T14:39:23.735Z","updatedAt":"2025-04-07T11:13:41.208Z","systemSettings":{"themeId":1},"id":1,"nickname":"Felix","username":"felix","email":"xmrxperfectx@gmail.com","phone":null,"passwordChangeTz":1743556989843,"appLang":"zh-CN","createdById":null,"updatedById":1},"roleName":"root"},"key":"o3iucqm26et","eventKey":"72a7037a-84e5-49de-9e9d-8bca4a01a728","stack":null,"status":1,"workflowId":46,"updatedAt":"2025-04-08T06:51:22.786Z","createdAt":"2025-04-08T06:51:22.747Z","output":null},"message":"execution (320) finished with status: 1","timestamp":"2025-04-08 06:51:22"}
{"level":"info","message":"new event triggered, now events: 1","timestamp":"2025-04-08 12:25:58"}
{"level":"info","message":"preparing execution for event","timestamp":"2025-04-08 12:25:58"}
{"level":"info","message":"execution of workflow 46 created as 352","timestamp":"2025-04-08 12:25:58"}
{"level":"info","message":"pending execution (352) ready to process","timestamp":"2025-04-08 12:25:58"}
{"level":"info","message":"queueing execution (352) from pending list updated to started","timestamp":"2025-04-08 12:25:58"}
{"level":"info","message":"execution (352) starting...","timestamp":"2025-04-08 12:25:58"}
{"level":"info","message":"execution (352) run instruction [condition] for node (442)","timestamp":"2025-04-08 12:25:59"}
{"level":"info","message":"execution (352) run instruction [create] for node (443)","timestamp":"2025-04-08 12:25:59"}
{"level":"info","message":"execution (352) run instruction [create] for node (443) finished as status: 1","timestamp":"2025-04-08 12:25:59"}
{"level":"info","message":"execution (352) run instruction [end] for node (444)","timestamp":"2025-04-08 12:25:59"}
{"level":"info","message":"execution (352) exiting with status 1","timestamp":"2025-04-08 12:25:59"}
{"level":"info","message":"execution (352) exiting with status 1","timestamp":"2025-04-08 12:25:59"}
{"level":"info","message":"execution (352) exiting with status 1","timestamp":"2025-04-08 12:25:59"}
{"level":"info","execution":{"id":352,"context":{"data":{"createdAt":"2025-04-08T12:25:58.739Z","updatedAt":"2025-04-08T12:25:58.788Z","payment_date":"2025-04-08T12:24:43.455Z","start_date":"2025-04-18T00:00:26.000Z","end_date":"2025-04-18T00:50:04.000Z","package_id":1,"id":79,"invoice_number":"INV00123","payment_method":"2","fee":120,"progress":null,"student_id":6,"createdById":1,"updatedById":1,"package_db":{"createdAt":"2025-04-04T02:12:12.702Z","updatedAt":"2025-04-05T02:01:34.980Z","name_sort":2,"fee":120,"id":1,"name":"PV1 - 👤","transport_fee":null,"quantity":1,"type":"PV","createdById":1,"updatedById":1},"student_db":{"createdAt":"2025-04-04T08:17:31.654Z","updatedAt":"2025-04-08T06:09:04.043Z","employee_id":null,"class_venue":2,"name":"B student","gender":null,"parent_name":null,"contact_number":null,"email":null,"address":null,"emergency_contact_name":null,"emergency_contact_nunber":null,"day":null,"duration":"2","id":6,"dob":null,"start_date":null,"start_time":"08:00:26","end_time":"08:50:04","createdById":1,"updatedById":1}},"user":{"createdAt":"2025-03-31T14:39:23.735Z","updatedAt":"2025-04-07T11:13:41.208Z","systemSettings":{"themeId":1},"id":1,"nickname":"Felix","username":"felix","email":"xmrxperfectx@gmail.com","phone":null,"passwordChangeTz":1743556989843,"appLang":"zh-CN","createdById":null,"updatedById":1},"roleName":"root"},"key":"o3iucqm26et","eventKey":"7854ae04-9a28-4ac2-9b36-971ad470cd31","stack":null,"status":1,"workflowId":46,"updatedAt":"2025-04-08T12:25:59.208Z","createdAt":"2025-04-08T12:25:58.833Z","output":null},"message":"execution (352) finished with status: 1","timestamp":"2025-04-08 12:25:59"}
