{"level":"info","message":"caching scheduled workflow will run at: 2025-05-01T00:00:00.000Z","timestamp":"2025-04-08 02:09:50"}
{"level":"info","message":"execution of workflow 47 created as 275","timestamp":"2025-04-08 02:11:18"}
{"level":"info","message":"queueing execution (275) from pending list updated to started","timestamp":"2025-04-08 02:11:18"}
{"level":"info","message":"execution (275) starting...","timestamp":"2025-04-08 02:11:18"}
{"level":"info","message":"execution (275) run instruction [parallel] for node (487)","timestamp":"2025-04-08 02:11:18"}
{"level":"info","message":"execution (275) run instruction [create] for node (488)","timestamp":"2025-04-08 02:11:18"}
{"level":"info","message":"execution (275) run instruction [create] for node (488) finished as status: 1","timestamp":"2025-04-08 02:11:18"}
{"level":"info","message":"execution (275) run instruction [parallel] for node (487)","timestamp":"2025-04-08 02:11:18"}
{"level":"info","message":"execution (275) exiting with status 0","timestamp":"2025-04-08 02:11:18"}
{"level":"info","message":"execution (275) exiting with status 0","timestamp":"2025-04-08 02:11:18"}
{"level":"info","message":"execution (275) run instruction [create] for node (489)","timestamp":"2025-04-08 02:11:18"}
{"level":"info","message":"execution (275) run instruction [create] for node (489) finished as status: 1","timestamp":"2025-04-08 02:11:18"}
{"level":"info","message":"execution (275) run instruction [parallel] for node (487)","timestamp":"2025-04-08 02:11:18"}
{"level":"info","message":"execution (275) run instruction [parallel] for node (487) finished as status: 1","timestamp":"2025-04-08 02:11:18"}
{"level":"info","message":"execution (275) exiting with status 1","timestamp":"2025-04-08 02:11:18"}
{"level":"info","message":"execution (275) exiting with status 1","timestamp":"2025-04-08 02:11:18"}
{"level":"info","execution":{"id":275,"context":{"date":"2025-05-31T16:00:00.975Z"},"key":"2ly86fuayl9","eventKey":"30b68124-98e4-40d1-9183-37adfd7dc9fb","stack":null,"status":1,"workflowId":47,"updatedAt":"2025-04-08T02:11:18.118Z","createdAt":"2025-04-08T02:11:18.068Z","output":null},"message":"execution (275) finished with status: 1","timestamp":"2025-04-08 02:11:18"}
{"level":"info","message":"caching scheduled workflow will run at: 2025-05-01T00:00:00.000Z","timestamp":"2025-04-08 02:14:10"}
{"level":"info","message":"execution of workflow 47 created as 276","timestamp":"2025-04-08 02:15:23"}
{"level":"info","message":"queueing execution (276) from pending list updated to started","timestamp":"2025-04-08 02:15:23"}
{"level":"info","message":"execution (276) starting...","timestamp":"2025-04-08 02:15:23"}
{"level":"info","message":"execution (276) run instruction [parallel] for node (487)","timestamp":"2025-04-08 02:15:23"}
{"level":"info","message":"execution (276) run instruction [create] for node (488)","timestamp":"2025-04-08 02:15:23"}
{"level":"info","message":"execution (276) run instruction [create] for node (488) finished as status: 1","timestamp":"2025-04-08 02:15:23"}
{"level":"info","message":"execution (276) run instruction [parallel] for node (487)","timestamp":"2025-04-08 02:15:23"}
{"level":"info","message":"execution (276) exiting with status 0","timestamp":"2025-04-08 02:15:23"}
{"level":"info","message":"execution (276) exiting with status 0","timestamp":"2025-04-08 02:15:23"}
{"level":"info","message":"execution (276) run instruction [create] for node (489)","timestamp":"2025-04-08 02:15:23"}
{"level":"info","message":"execution (276) run instruction [create] for node (489) finished as status: 1","timestamp":"2025-04-08 02:15:23"}
{"level":"info","message":"execution (276) run instruction [parallel] for node (487)","timestamp":"2025-04-08 02:15:23"}
{"level":"info","message":"execution (276) run instruction [parallel] for node (487) finished as status: 1","timestamp":"2025-04-08 02:15:23"}
{"level":"info","message":"execution (276) exiting with status 1","timestamp":"2025-04-08 02:15:23"}
{"level":"info","message":"execution (276) exiting with status 1","timestamp":"2025-04-08 02:15:23"}
{"level":"info","execution":{"id":276,"context":{"date":"2025-05-31T16:00:00.293Z"},"key":"2ly86fuayl9","eventKey":"7a400108-3145-4ab4-bfd5-4d78069fbdbb","stack":null,"status":1,"workflowId":47,"updatedAt":"2025-04-08T02:15:23.982Z","createdAt":"2025-04-08T02:15:23.898Z","output":null},"message":"execution (276) finished with status: 1","timestamp":"2025-04-08 02:15:23"}
{"level":"info","message":"caching scheduled workflow will run at: 2025-05-01T00:00:00.000Z","timestamp":"2025-04-08 02:16:36"}
{"level":"info","message":"execution of workflow 47 created as 277","timestamp":"2025-04-08 02:17:19"}
{"level":"info","message":"queueing execution (277) from pending list updated to started","timestamp":"2025-04-08 02:17:20"}
{"level":"info","message":"execution (277) starting...","timestamp":"2025-04-08 02:17:20"}
{"level":"info","message":"execution (277) run instruction [parallel] for node (487)","timestamp":"2025-04-08 02:17:20"}
{"level":"info","message":"execution (277) run instruction [create] for node (488)","timestamp":"2025-04-08 02:17:20"}
{"level":"info","message":"execution (277) run instruction [create] for node (488) finished as status: 1","timestamp":"2025-04-08 02:17:20"}
{"level":"info","message":"execution (277) run instruction [parallel] for node (487)","timestamp":"2025-04-08 02:17:20"}
{"level":"info","message":"execution (277) exiting with status 0","timestamp":"2025-04-08 02:17:20"}
{"level":"info","message":"execution (277) exiting with status 0","timestamp":"2025-04-08 02:17:20"}
{"level":"info","message":"execution (277) run instruction [create] for node (489)","timestamp":"2025-04-08 02:17:20"}
{"level":"info","message":"execution (277) run instruction [create] for node (489) finished as status: 1","timestamp":"2025-04-08 02:17:20"}
{"level":"info","message":"execution (277) run instruction [parallel] for node (487)","timestamp":"2025-04-08 02:17:20"}
{"level":"info","message":"execution (277) run instruction [parallel] for node (487) finished as status: 1","timestamp":"2025-04-08 02:17:20"}
{"level":"info","message":"execution (277) exiting with status 1","timestamp":"2025-04-08 02:17:20"}
{"level":"info","message":"execution (277) exiting with status 1","timestamp":"2025-04-08 02:17:20"}
{"level":"info","execution":{"id":277,"context":{"date":"2025-05-31T16:00:00.343Z"},"key":"2ly86fuayl9","eventKey":"bff553b7-cea7-4595-9083-1554631ea505","stack":null,"status":1,"workflowId":47,"updatedAt":"2025-04-08T02:17:20.082Z","createdAt":"2025-04-08T02:17:19.972Z","output":null},"message":"execution (277) finished with status: 1","timestamp":"2025-04-08 02:17:20"}
{"level":"info","message":"caching scheduled workflow will run at: 2025-05-01T00:00:00.000Z","timestamp":"2025-04-08 02:22:01"}
{"level":"info","message":"execution of workflow 47 created as 278","timestamp":"2025-04-08 02:22:43"}
{"level":"info","message":"queueing execution (278) from pending list updated to started","timestamp":"2025-04-08 02:22:43"}
{"level":"info","message":"execution (278) starting...","timestamp":"2025-04-08 02:22:43"}
{"level":"info","message":"execution (278) run instruction [parallel] for node (487)","timestamp":"2025-04-08 02:22:43"}
{"level":"info","message":"execution (278) run instruction [create] for node (488)","timestamp":"2025-04-08 02:22:43"}
{"level":"info","message":"execution (278) run instruction [create] for node (488) finished as status: 1","timestamp":"2025-04-08 02:22:43"}
{"level":"info","message":"execution (278) run instruction [parallel] for node (487)","timestamp":"2025-04-08 02:22:43"}
{"level":"info","message":"execution (278) exiting with status 0","timestamp":"2025-04-08 02:22:43"}
{"level":"info","message":"execution (278) exiting with status 0","timestamp":"2025-04-08 02:22:43"}
{"level":"info","message":"execution (278) run instruction [create] for node (489)","timestamp":"2025-04-08 02:22:43"}
{"level":"info","message":"execution (278) run instruction [create] for node (489) finished as status: 1","timestamp":"2025-04-08 02:22:43"}
{"level":"info","message":"execution (278) run instruction [parallel] for node (487)","timestamp":"2025-04-08 02:22:43"}
{"level":"info","message":"execution (278) run instruction [parallel] for node (487) finished as status: 1","timestamp":"2025-04-08 02:22:43"}
{"level":"info","message":"execution (278) exiting with status 1","timestamp":"2025-04-08 02:22:43"}
{"level":"info","message":"execution (278) exiting with status 1","timestamp":"2025-04-08 02:22:43"}
{"level":"info","execution":{"id":278,"context":{"date":"2025-05-31T16:00:00.873Z"},"key":"2ly86fuayl9","eventKey":"18b2e03d-a5c9-4e48-9924-d0db70b538a4","stack":null,"status":1,"workflowId":47,"updatedAt":"2025-04-08T02:22:43.836Z","createdAt":"2025-04-08T02:22:43.722Z","output":null},"message":"execution (278) finished with status: 1","timestamp":"2025-04-08 02:22:43"}
{"level":"info","message":"caching scheduled workflow will run at: 2025-05-01T00:00:00.000Z","timestamp":"2025-04-08 02:25:52"}
{"level":"info","message":"execution of workflow 47 created as 279","timestamp":"2025-04-08 02:26:17"}
{"level":"info","message":"queueing execution (279) from pending list updated to started","timestamp":"2025-04-08 02:26:17"}
{"level":"info","message":"execution (279) starting...","timestamp":"2025-04-08 02:26:17"}
{"level":"info","message":"execution (279) run instruction [parallel] for node (487)","timestamp":"2025-04-08 02:26:17"}
{"level":"info","message":"execution (279) run instruction [create] for node (488)","timestamp":"2025-04-08 02:26:17"}
{"level":"info","message":"execution (279) run instruction [create] for node (488) finished as status: 1","timestamp":"2025-04-08 02:26:17"}
{"level":"info","message":"execution (279) run instruction [parallel] for node (487)","timestamp":"2025-04-08 02:26:17"}
{"level":"info","message":"execution (279) exiting with status 0","timestamp":"2025-04-08 02:26:17"}
{"level":"info","message":"execution (279) exiting with status 0","timestamp":"2025-04-08 02:26:17"}
{"level":"info","message":"execution (279) run instruction [create] for node (489)","timestamp":"2025-04-08 02:26:17"}
{"level":"info","message":"execution (279) run instruction [create] for node (489) finished as status: 1","timestamp":"2025-04-08 02:26:17"}
{"level":"info","message":"execution (279) run instruction [parallel] for node (487)","timestamp":"2025-04-08 02:26:17"}
{"level":"info","message":"execution (279) run instruction [parallel] for node (487) finished as status: 1","timestamp":"2025-04-08 02:26:17"}
{"level":"info","message":"execution (279) exiting with status 1","timestamp":"2025-04-08 02:26:17"}
{"level":"info","message":"execution (279) exiting with status 1","timestamp":"2025-04-08 02:26:17"}
{"level":"info","execution":{"id":279,"context":{"date":"2025-05-31T16:00:00.099Z"},"key":"2ly86fuayl9","eventKey":"98e8f3c6-7e33-4b9f-9139-65a4c87b5888","stack":null,"status":1,"workflowId":47,"updatedAt":"2025-04-08T02:26:17.847Z","createdAt":"2025-04-08T02:26:17.749Z","output":null},"message":"execution (279) finished with status: 1","timestamp":"2025-04-08 02:26:17"}
{"level":"info","message":"execution of workflow 47 created as 280","timestamp":"2025-04-08 02:26:48"}
{"level":"info","message":"queueing execution (280) from pending list updated to started","timestamp":"2025-04-08 02:26:48"}
{"level":"info","message":"execution (280) starting...","timestamp":"2025-04-08 02:26:48"}
{"level":"info","message":"execution (280) run instruction [parallel] for node (487)","timestamp":"2025-04-08 02:26:48"}
{"level":"info","message":"execution (280) run instruction [create] for node (488)","timestamp":"2025-04-08 02:26:48"}
{"level":"info","message":"execution (280) run instruction [create] for node (488) finished as status: 1","timestamp":"2025-04-08 02:26:48"}
{"level":"info","message":"execution (280) run instruction [parallel] for node (487)","timestamp":"2025-04-08 02:26:48"}
{"level":"info","message":"execution (280) exiting with status 0","timestamp":"2025-04-08 02:26:48"}
{"level":"info","message":"execution (280) exiting with status 0","timestamp":"2025-04-08 02:26:48"}
{"level":"info","message":"execution (280) run instruction [create] for node (489)","timestamp":"2025-04-08 02:26:48"}
{"level":"info","message":"execution (280) run instruction [create] for node (489) finished as status: 1","timestamp":"2025-04-08 02:26:48"}
{"level":"info","message":"execution (280) run instruction [parallel] for node (487)","timestamp":"2025-04-08 02:26:48"}
{"level":"info","message":"execution (280) run instruction [parallel] for node (487) finished as status: 1","timestamp":"2025-04-08 02:26:48"}
{"level":"info","message":"execution (280) exiting with status 1","timestamp":"2025-04-08 02:26:48"}
{"level":"info","message":"execution (280) exiting with status 1","timestamp":"2025-04-08 02:26:48"}
{"level":"info","execution":{"id":280,"context":{"date":"2025-06-01T08:00:00.954Z"},"key":"2ly86fuayl9","eventKey":"942db3ab-9f6b-4b1c-9f3f-6bacd4ff9673","stack":null,"status":1,"workflowId":47,"updatedAt":"2025-04-08T02:26:48.510Z","createdAt":"2025-04-08T02:26:48.443Z","output":null},"message":"execution (280) finished with status: 1","timestamp":"2025-04-08 02:26:48"}
{"level":"info","message":"execution of workflow 47 created as 281","timestamp":"2025-04-08 02:27:38"}
{"level":"info","message":"queueing execution (281) from pending list updated to started","timestamp":"2025-04-08 02:27:38"}
{"level":"info","message":"execution (281) starting...","timestamp":"2025-04-08 02:27:38"}
{"level":"info","message":"execution (281) run instruction [parallel] for node (487)","timestamp":"2025-04-08 02:27:38"}
{"level":"info","message":"execution (281) run instruction [create] for node (488)","timestamp":"2025-04-08 02:27:38"}
{"level":"info","message":"execution (281) run instruction [create] for node (488) finished as status: 1","timestamp":"2025-04-08 02:27:38"}
{"level":"info","message":"execution (281) run instruction [parallel] for node (487)","timestamp":"2025-04-08 02:27:38"}
{"level":"info","message":"execution (281) exiting with status 0","timestamp":"2025-04-08 02:27:38"}
{"level":"info","message":"execution (281) exiting with status 0","timestamp":"2025-04-08 02:27:38"}
{"level":"info","message":"execution (281) run instruction [create] for node (489)","timestamp":"2025-04-08 02:27:38"}
{"level":"info","message":"execution (281) run instruction [create] for node (489) finished as status: 1","timestamp":"2025-04-08 02:27:38"}
{"level":"info","message":"execution (281) run instruction [parallel] for node (487)","timestamp":"2025-04-08 02:27:38"}
{"level":"info","message":"execution (281) run instruction [parallel] for node (487) finished as status: 1","timestamp":"2025-04-08 02:27:38"}
{"level":"info","message":"execution (281) exiting with status 1","timestamp":"2025-04-08 02:27:38"}
{"level":"info","message":"execution (281) exiting with status 1","timestamp":"2025-04-08 02:27:38"}
{"level":"info","execution":{"id":281,"context":{"date":"2025-04-08T02:27:38.045Z"},"key":"2ly86fuayl9","eventKey":"f6b8d541-bad6-49cd-96a6-137bef693e9e","stack":null,"status":1,"workflowId":47,"updatedAt":"2025-04-08T02:27:38.149Z","createdAt":"2025-04-08T02:27:38.097Z","output":null},"message":"execution (281) finished with status: 1","timestamp":"2025-04-08 02:27:38"}
{"level":"info","message":"execution of workflow 47 created as 282","timestamp":"2025-04-08 02:28:18"}
{"level":"info","message":"queueing execution (282) from pending list updated to started","timestamp":"2025-04-08 02:28:18"}
{"level":"info","message":"execution (282) starting...","timestamp":"2025-04-08 02:28:18"}
{"level":"info","message":"execution (282) run instruction [parallel] for node (487)","timestamp":"2025-04-08 02:28:18"}
{"level":"info","message":"execution (282) run instruction [create] for node (488)","timestamp":"2025-04-08 02:28:18"}
{"level":"info","message":"execution (282) run instruction [create] for node (488) finished as status: 1","timestamp":"2025-04-08 02:28:18"}
{"level":"info","message":"execution (282) run instruction [parallel] for node (487)","timestamp":"2025-04-08 02:28:18"}
{"level":"info","message":"execution (282) exiting with status 0","timestamp":"2025-04-08 02:28:19"}
{"level":"info","message":"execution (282) exiting with status 0","timestamp":"2025-04-08 02:28:19"}
{"level":"info","message":"execution (282) run instruction [create] for node (489)","timestamp":"2025-04-08 02:28:19"}
{"level":"info","message":"execution (282) run instruction [create] for node (489) finished as status: 1","timestamp":"2025-04-08 02:28:19"}
{"level":"info","message":"execution (282) run instruction [parallel] for node (487)","timestamp":"2025-04-08 02:28:19"}
{"level":"info","message":"execution (282) run instruction [parallel] for node (487) finished as status: 1","timestamp":"2025-04-08 02:28:19"}
{"level":"info","message":"execution (282) exiting with status 1","timestamp":"2025-04-08 02:28:19"}
{"level":"info","message":"execution (282) exiting with status 1","timestamp":"2025-04-08 02:28:19"}
{"level":"info","execution":{"id":282,"context":{"date":"2025-06-01T00:00:00.592Z"},"key":"2ly86fuayl9","eventKey":"98b6c526-1207-4d79-bdaf-4a9fe4b5716f","stack":null,"status":1,"workflowId":47,"updatedAt":"2025-04-08T02:28:19.014Z","createdAt":"2025-04-08T02:28:18.953Z","output":null},"message":"execution (282) finished with status: 1","timestamp":"2025-04-08 02:28:19"}
