{"level":"info","message":"new event triggered, now events: 1","timestamp":"2025-04-18 06:36:45"}
{"level":"info","message":"preparing execution for event","timestamp":"2025-04-18 06:36:45"}
{"level":"info","message":"execution of workflow 159 created as 1152","timestamp":"2025-04-18 06:36:45"}
{"level":"info","message":"pending execution (1152) ready to process","timestamp":"2025-04-18 06:36:45"}
{"level":"info","message":"queueing execution (1152) from pending list updated to started","timestamp":"2025-04-18 06:36:45"}
{"level":"info","message":"execution (1152) starting...","timestamp":"2025-04-18 06:36:45"}
{"level":"info","message":"execution (1152) run instruction [query] for node (1400)","timestamp":"2025-04-18 06:36:45"}
{"level":"info","message":"execution (1152) run instruction [query] for node (1400) finished as status: 1","timestamp":"2025-04-18 06:36:45"}
{"level":"info","message":"execution (1152) run instruction [condition] for node (1402)","timestamp":"2025-04-18 06:36:45"}
{"level":"info","message":"execution (1152) run instruction [update] for node (1403)","timestamp":"2025-04-18 06:36:45"}
{"level":"error","message":"execution (1152) run instruction [update] for node (1403) failed:  Cannot read properties of undefined (reading 'replace')","stack":"TypeError: Cannot read properties of undefined (reading 'replace')\n    at escapeLike (/app/nocobase/node_modules/@nocobase/database/lib/operators/string.js:36:16)\n    at $notIncludes (/app/nocobase/node_modules/@nocobase/database/lib/operators/string.js:110:35)\n    at _FilterParser.toSequelizeParams (/app/nocobase/node_modules/@nocobase/database/lib/filter-parser.js:126:23)\n    at _OptionsParser.toSequelizeParams (/app/nocobase/node_modules/@nocobase/database/lib/options-parser.js:116:43)\n    at _Repository.buildQueryOptions (/app/nocobase/node_modules/@nocobase/database/lib/repository.js:538:27)\n    at _Repository.update (/app/nocobase/node_modules/@nocobase/database/lib/repository.js:394:34)\n    at process.processTicksAndRejections (node:internal/process/task_queues:95:5)\n    at async descriptor.value (/app/nocobase/node_modules/@nocobase/database/lib/decorators/transaction-decorator.js:84:29)\n    at async UpdateInstruction.run (/app/nocobase/node_modules/@nocobase/plugin-workflow/dist/server/instructions/UpdateInstruction.js:42:20)\n    at async Processor.exec (/app/nocobase/node_modules/@nocobase/plugin-workflow/dist/server/Processor.js:160:13)\n    at async ConditionInstruction.run (/app/nocobase/node_modules/@nocobase/plugin-workflow/dist/server/instructions/ConditionInstruction.js:77:5)\n    at async Processor.exec (/app/nocobase/node_modules/@nocobase/plugin-workflow/dist/server/Processor.js:160:13)\n    at async Processor.start (/app/nocobase/node_modules/@nocobase/plugin-workflow/dist/server/Processor.js:141:7)\n    at async PluginWorkflowServer.process (/app/nocobase/node_modules/@nocobase/plugin-workflow/dist/server/Plugin.js:602:7)\n    at async /app/nocobase/node_modules/@nocobase/plugin-workflow/dist/server/Plugin.js:579:9","timestamp":"2025-04-18 06:36:45"}
{"level":"info","message":"execution (1152) run instruction [update] for node (1403) finished as status: -2","timestamp":"2025-04-18 06:36:45"}
{"level":"info","message":"execution (1152) run instruction [condition] for node (1402)","timestamp":"2025-04-18 06:36:45"}
{"level":"info","message":"execution (1152) exiting with status -2","timestamp":"2025-04-18 06:36:45"}
{"level":"info","message":"execution (1152) exiting with status -2","timestamp":"2025-04-18 06:36:45"}
{"level":"info","message":"execution (1152) exiting with status -2","timestamp":"2025-04-18 06:36:45"}
{"level":"info","execution":{"id":1152,"context":{"data":{"createdAt":"2025-04-18T01:06:45.439Z","updatedAt":"2025-04-18T06:36:45.324Z","start_date":"2025-04-18T08:00:06.000Z","end_date":"2025-04-18T08:50:00.000Z","employee_id":1,"create_course_id":159,"salary_id":null,"status_sort":27,"id":568,"status_convert":0,"month_convert":"4/2025","student":"B Student","teaching_fee":0,"createdById":null,"updatedById":1,"actual_class_date":null,"status":"Inactive","salary_db":null,"create_course_db":{"createdAt":"2025-04-18T01:06:45.091Z","updatedAt":"2025-04-18T05:58:13.030Z","start_date":"2025-04-18T08:00:26.000Z","end_date":"2025-04-18T08:50:00.000Z","package_id":2,"id":159,"payment_method":"Cash","progress":0,"fee":400,"student_id":5,"invoice_number":"INV1","payment_date":"2025-04-18","createdById":1,"updatedById":1,"transport_fee":0,"total":400,"package_db":{"createdAt":"2025-04-04T05:48:00.404Z","updatedAt":"2025-04-09T15:33:56.292Z","name_sort":5,"nop_sort":2,"fee":400,"id":2,"name":"PV4 - 👤","transport_fee":null,"quantity":4,"type":"PV","nop":"1","createdById":1,"updatedById":1}}}},"key":"ju393tq5yqm","eventKey":"03f4cb30-cf1e-4fb4-b321-6893b56ec6b3","stack":null,"status":-2,"workflowId":159,"updatedAt":"2025-04-18T06:36:45.519Z","createdAt":"2025-04-18T06:36:45.389Z","output":null},"message":"execution (1152) finished with status: -2","timestamp":"2025-04-18 06:36:45"}
{"level":"info","message":"new event triggered, now events: 1","timestamp":"2025-04-18 07:25:00"}
{"level":"info","message":"preparing execution for event","timestamp":"2025-04-18 07:25:00"}
{"level":"info","message":"execution of workflow 159 created as 1153","timestamp":"2025-04-18 07:25:00"}
{"level":"info","message":"pending execution (1153) ready to process","timestamp":"2025-04-18 07:25:00"}
{"level":"info","message":"queueing execution (1153) from pending list updated to started","timestamp":"2025-04-18 07:25:00"}
{"level":"info","message":"execution (1153) starting...","timestamp":"2025-04-18 07:25:00"}
{"level":"info","message":"execution (1153) run instruction [query] for node (1400)","timestamp":"2025-04-18 07:25:00"}
{"level":"info","message":"execution (1153) run instruction [query] for node (1400) finished as status: 1","timestamp":"2025-04-18 07:25:00"}
{"level":"info","message":"execution (1153) run instruction [condition] for node (1402)","timestamp":"2025-04-18 07:25:00"}
{"level":"info","message":"execution (1153) run instruction [update] for node (1403)","timestamp":"2025-04-18 07:25:00"}
{"level":"error","message":"execution (1153) run instruction [update] for node (1403) failed:  Cannot read properties of undefined (reading 'replace')","stack":"TypeError: Cannot read properties of undefined (reading 'replace')\n    at escapeLike (/app/nocobase/node_modules/@nocobase/database/lib/operators/string.js:36:16)\n    at $notIncludes (/app/nocobase/node_modules/@nocobase/database/lib/operators/string.js:110:35)\n    at _FilterParser.toSequelizeParams (/app/nocobase/node_modules/@nocobase/database/lib/filter-parser.js:126:23)\n    at _OptionsParser.toSequelizeParams (/app/nocobase/node_modules/@nocobase/database/lib/options-parser.js:116:43)\n    at _Repository.buildQueryOptions (/app/nocobase/node_modules/@nocobase/database/lib/repository.js:538:27)\n    at _Repository.update (/app/nocobase/node_modules/@nocobase/database/lib/repository.js:394:34)\n    at process.processTicksAndRejections (node:internal/process/task_queues:95:5)\n    at async descriptor.value (/app/nocobase/node_modules/@nocobase/database/lib/decorators/transaction-decorator.js:84:29)\n    at async UpdateInstruction.run (/app/nocobase/node_modules/@nocobase/plugin-workflow/dist/server/instructions/UpdateInstruction.js:42:20)\n    at async Processor.exec (/app/nocobase/node_modules/@nocobase/plugin-workflow/dist/server/Processor.js:160:13)\n    at async ConditionInstruction.run (/app/nocobase/node_modules/@nocobase/plugin-workflow/dist/server/instructions/ConditionInstruction.js:77:5)\n    at async Processor.exec (/app/nocobase/node_modules/@nocobase/plugin-workflow/dist/server/Processor.js:160:13)\n    at async Processor.start (/app/nocobase/node_modules/@nocobase/plugin-workflow/dist/server/Processor.js:141:7)\n    at async PluginWorkflowServer.process (/app/nocobase/node_modules/@nocobase/plugin-workflow/dist/server/Plugin.js:602:7)\n    at async /app/nocobase/node_modules/@nocobase/plugin-workflow/dist/server/Plugin.js:579:9","timestamp":"2025-04-18 07:25:00"}
{"level":"info","message":"execution (1153) run instruction [update] for node (1403) finished as status: -2","timestamp":"2025-04-18 07:25:00"}
{"level":"info","message":"execution (1153) run instruction [condition] for node (1402)","timestamp":"2025-04-18 07:25:00"}
{"level":"info","message":"execution (1153) exiting with status -2","timestamp":"2025-04-18 07:25:00"}
{"level":"info","message":"execution (1153) exiting with status -2","timestamp":"2025-04-18 07:25:00"}
{"level":"info","message":"execution (1153) exiting with status -2","timestamp":"2025-04-18 07:25:00"}
{"level":"info","execution":{"id":1153,"context":{"data":{"createdAt":"2025-04-18T07:25:00.575Z","updatedAt":"2025-04-18T07:25:00.575Z","start_date":null,"end_date":null,"employee_id":null,"create_course_id":159,"salary_id":null,"status_sort":1,"id":592,"status_convert":0,"month_convert":"NaN/NaN","student":null,"teaching_fee":0,"createdById":1,"updatedById":1,"actual_class_date":null,"status":"Attend","remark":null,"salary_db":null,"create_course_db":{"createdAt":"2025-04-18T01:06:45.091Z","updatedAt":"2025-04-18T05:58:13.030Z","start_date":"2025-04-18T08:00:26.000Z","end_date":"2025-04-18T08:50:00.000Z","package_id":2,"id":159,"payment_method":"Cash","progress":0,"fee":400,"student_id":5,"invoice_number":"INV1","payment_date":"2025-04-18","createdById":1,"updatedById":1,"transport_fee":0,"total":400,"package_db":{"createdAt":"2025-04-04T05:48:00.404Z","updatedAt":"2025-04-09T15:33:56.292Z","name_sort":5,"nop_sort":2,"fee":400,"id":2,"name":"PV4 - 👤","transport_fee":null,"quantity":4,"type":"PV","nop":"1","createdById":1,"updatedById":1}}}},"key":"ju393tq5yqm","eventKey":"4965beaf-5039-48eb-a312-c5d5ea60ff95","stack":null,"status":-2,"workflowId":159,"updatedAt":"2025-04-18T07:25:00.731Z","createdAt":"2025-04-18T07:25:00.629Z","output":null},"message":"execution (1153) finished with status: -2","timestamp":"2025-04-18 07:25:00"}
{"level":"info","message":"new event triggered, now events: 1","timestamp":"2025-04-18 07:25:25"}
{"level":"info","message":"preparing execution for event","timestamp":"2025-04-18 07:25:25"}
{"level":"info","message":"execution of workflow 159 created as 1154","timestamp":"2025-04-18 07:25:25"}
{"level":"info","message":"pending execution (1154) ready to process","timestamp":"2025-04-18 07:25:25"}
{"level":"info","message":"queueing execution (1154) from pending list updated to started","timestamp":"2025-04-18 07:25:25"}
{"level":"info","message":"execution (1154) starting...","timestamp":"2025-04-18 07:25:25"}
{"level":"info","message":"execution (1154) run instruction [query] for node (1400)","timestamp":"2025-04-18 07:25:25"}
{"level":"info","message":"execution (1154) run instruction [query] for node (1400) finished as status: 1","timestamp":"2025-04-18 07:25:25"}
{"level":"info","message":"execution (1154) run instruction [condition] for node (1402)","timestamp":"2025-04-18 07:25:25"}
{"level":"info","message":"execution (1154) run instruction [update] for node (1403)","timestamp":"2025-04-18 07:25:25"}
{"level":"error","message":"execution (1154) run instruction [update] for node (1403) failed:  Cannot read properties of undefined (reading 'replace')","stack":"TypeError: Cannot read properties of undefined (reading 'replace')\n    at escapeLike (/app/nocobase/node_modules/@nocobase/database/lib/operators/string.js:36:16)\n    at $notIncludes (/app/nocobase/node_modules/@nocobase/database/lib/operators/string.js:110:35)\n    at _FilterParser.toSequelizeParams (/app/nocobase/node_modules/@nocobase/database/lib/filter-parser.js:126:23)\n    at _OptionsParser.toSequelizeParams (/app/nocobase/node_modules/@nocobase/database/lib/options-parser.js:116:43)\n    at _Repository.buildQueryOptions (/app/nocobase/node_modules/@nocobase/database/lib/repository.js:538:27)\n    at _Repository.update (/app/nocobase/node_modules/@nocobase/database/lib/repository.js:394:34)\n    at process.processTicksAndRejections (node:internal/process/task_queues:95:5)\n    at async descriptor.value (/app/nocobase/node_modules/@nocobase/database/lib/decorators/transaction-decorator.js:84:29)\n    at async UpdateInstruction.run (/app/nocobase/node_modules/@nocobase/plugin-workflow/dist/server/instructions/UpdateInstruction.js:42:20)\n    at async Processor.exec (/app/nocobase/node_modules/@nocobase/plugin-workflow/dist/server/Processor.js:160:13)\n    at async ConditionInstruction.run (/app/nocobase/node_modules/@nocobase/plugin-workflow/dist/server/instructions/ConditionInstruction.js:77:5)\n    at async Processor.exec (/app/nocobase/node_modules/@nocobase/plugin-workflow/dist/server/Processor.js:160:13)\n    at async Processor.start (/app/nocobase/node_modules/@nocobase/plugin-workflow/dist/server/Processor.js:141:7)\n    at async PluginWorkflowServer.process (/app/nocobase/node_modules/@nocobase/plugin-workflow/dist/server/Plugin.js:602:7)\n    at async /app/nocobase/node_modules/@nocobase/plugin-workflow/dist/server/Plugin.js:579:9","timestamp":"2025-04-18 07:25:26"}
{"level":"info","message":"execution (1154) run instruction [update] for node (1403) finished as status: -2","timestamp":"2025-04-18 07:25:26"}
{"level":"info","message":"execution (1154) run instruction [condition] for node (1402)","timestamp":"2025-04-18 07:25:26"}
{"level":"info","message":"execution (1154) exiting with status -2","timestamp":"2025-04-18 07:25:26"}
{"level":"info","message":"execution (1154) exiting with status -2","timestamp":"2025-04-18 07:25:26"}
{"level":"info","message":"execution (1154) exiting with status -2","timestamp":"2025-04-18 07:25:26"}
{"level":"info","execution":{"id":1154,"context":{"data":{"createdAt":"2025-04-18T07:25:25.931Z","updatedAt":"2025-04-18T07:25:25.931Z","start_date":null,"end_date":null,"employee_id":null,"create_course_id":159,"salary_id":null,"status_sort":2,"id":593,"status_convert":0,"month_convert":"NaN/NaN","student":null,"teaching_fee":0,"createdById":1,"updatedById":1,"actual_class_date":null,"status":"Attend","remark":null,"salary_db":null,"create_course_db":{"createdAt":"2025-04-18T01:06:45.091Z","updatedAt":"2025-04-18T05:58:13.030Z","start_date":"2025-04-18T08:00:26.000Z","end_date":"2025-04-18T08:50:00.000Z","package_id":2,"id":159,"payment_method":"Cash","progress":0,"fee":400,"student_id":5,"invoice_number":"INV1","payment_date":"2025-04-18","createdById":1,"updatedById":1,"transport_fee":0,"total":400,"package_db":{"createdAt":"2025-04-04T05:48:00.404Z","updatedAt":"2025-04-09T15:33:56.292Z","name_sort":5,"nop_sort":2,"fee":400,"id":2,"name":"PV4 - 👤","transport_fee":null,"quantity":4,"type":"PV","nop":"1","createdById":1,"updatedById":1}}}},"key":"ju393tq5yqm","eventKey":"bb9ce137-4ea9-4273-a623-0a87adb26d3b","stack":null,"status":-2,"workflowId":159,"updatedAt":"2025-04-18T07:25:26.019Z","createdAt":"2025-04-18T07:25:25.954Z","output":null},"message":"execution (1154) finished with status: -2","timestamp":"2025-04-18 07:25:26"}
{"level":"info","message":"new event triggered, now events: 1","timestamp":"2025-04-18 07:26:55"}
{"level":"info","message":"preparing execution for event","timestamp":"2025-04-18 07:26:55"}
{"level":"info","message":"execution of workflow 159 created as 1155","timestamp":"2025-04-18 07:26:55"}
{"level":"info","message":"pending execution (1155) ready to process","timestamp":"2025-04-18 07:26:55"}
{"level":"info","message":"queueing execution (1155) from pending list updated to started","timestamp":"2025-04-18 07:26:55"}
{"level":"info","message":"execution (1155) starting...","timestamp":"2025-04-18 07:26:55"}
{"level":"info","message":"execution (1155) run instruction [query] for node (1400)","timestamp":"2025-04-18 07:26:55"}
{"level":"info","message":"execution (1155) run instruction [query] for node (1400) finished as status: 1","timestamp":"2025-04-18 07:26:55"}
{"level":"info","message":"execution (1155) run instruction [condition] for node (1402)","timestamp":"2025-04-18 07:26:55"}
{"level":"info","message":"execution (1155) run instruction [update] for node (1403)","timestamp":"2025-04-18 07:26:55"}
{"level":"error","message":"execution (1155) run instruction [update] for node (1403) failed:  Cannot read properties of undefined (reading 'replace')","stack":"TypeError: Cannot read properties of undefined (reading 'replace')\n    at escapeLike (/app/nocobase/node_modules/@nocobase/database/lib/operators/string.js:36:16)\n    at $notIncludes (/app/nocobase/node_modules/@nocobase/database/lib/operators/string.js:110:35)\n    at _FilterParser.toSequelizeParams (/app/nocobase/node_modules/@nocobase/database/lib/filter-parser.js:126:23)\n    at _OptionsParser.toSequelizeParams (/app/nocobase/node_modules/@nocobase/database/lib/options-parser.js:116:43)\n    at _Repository.buildQueryOptions (/app/nocobase/node_modules/@nocobase/database/lib/repository.js:538:27)\n    at _Repository.update (/app/nocobase/node_modules/@nocobase/database/lib/repository.js:394:34)\n    at process.processTicksAndRejections (node:internal/process/task_queues:95:5)\n    at async descriptor.value (/app/nocobase/node_modules/@nocobase/database/lib/decorators/transaction-decorator.js:84:29)\n    at async UpdateInstruction.run (/app/nocobase/node_modules/@nocobase/plugin-workflow/dist/server/instructions/UpdateInstruction.js:42:20)\n    at async Processor.exec (/app/nocobase/node_modules/@nocobase/plugin-workflow/dist/server/Processor.js:160:13)\n    at async ConditionInstruction.run (/app/nocobase/node_modules/@nocobase/plugin-workflow/dist/server/instructions/ConditionInstruction.js:77:5)\n    at async Processor.exec (/app/nocobase/node_modules/@nocobase/plugin-workflow/dist/server/Processor.js:160:13)\n    at async Processor.start (/app/nocobase/node_modules/@nocobase/plugin-workflow/dist/server/Processor.js:141:7)\n    at async PluginWorkflowServer.process (/app/nocobase/node_modules/@nocobase/plugin-workflow/dist/server/Plugin.js:602:7)\n    at async /app/nocobase/node_modules/@nocobase/plugin-workflow/dist/server/Plugin.js:579:9","timestamp":"2025-04-18 07:26:55"}
{"level":"info","message":"execution (1155) run instruction [update] for node (1403) finished as status: -2","timestamp":"2025-04-18 07:26:55"}
{"level":"info","message":"execution (1155) run instruction [condition] for node (1402)","timestamp":"2025-04-18 07:26:55"}
{"level":"info","message":"execution (1155) exiting with status -2","timestamp":"2025-04-18 07:26:55"}
{"level":"info","message":"execution (1155) exiting with status -2","timestamp":"2025-04-18 07:26:55"}
{"level":"info","message":"execution (1155) exiting with status -2","timestamp":"2025-04-18 07:26:55"}
{"level":"info","execution":{"id":1155,"context":{"data":{"createdAt":"2025-04-18T01:06:45.439Z","updatedAt":"2025-04-18T07:26:55.211Z","start_date":"2025-04-18T08:00:06.000Z","end_date":"2025-04-18T08:50:00.000Z","employee_id":1,"create_course_id":159,"salary_id":null,"status_sort":1,"id":568,"status_convert":0,"month_convert":"4/2025","student":"B Student","teaching_fee":0,"createdById":null,"updatedById":1,"actual_class_date":null,"status":"Transferred","remark":null,"salary_db":null,"create_course_db":{"createdAt":"2025-04-18T01:06:45.091Z","updatedAt":"2025-04-18T05:58:13.030Z","start_date":"2025-04-18T08:00:26.000Z","end_date":"2025-04-18T08:50:00.000Z","package_id":2,"id":159,"payment_method":"Cash","progress":0,"fee":400,"student_id":5,"invoice_number":"INV1","payment_date":"2025-04-18","createdById":1,"updatedById":1,"transport_fee":0,"total":400,"package_db":{"createdAt":"2025-04-04T05:48:00.404Z","updatedAt":"2025-04-09T15:33:56.292Z","name_sort":5,"nop_sort":2,"fee":400,"id":2,"name":"PV4 - 👤","transport_fee":null,"quantity":4,"type":"PV","nop":"1","createdById":1,"updatedById":1}}}},"key":"ju393tq5yqm","eventKey":"39c96d23-7bfc-4d5f-b09f-6066918c9fb6","stack":null,"status":-2,"workflowId":159,"updatedAt":"2025-04-18T07:26:55.372Z","createdAt":"2025-04-18T07:26:55.234Z","output":null},"message":"execution (1155) finished with status: -2","timestamp":"2025-04-18 07:26:55"}
{"level":"info","message":"new event triggered, now events: 1","timestamp":"2025-04-18 07:27:05"}
{"level":"info","message":"preparing execution for event","timestamp":"2025-04-18 07:27:05"}
{"level":"info","message":"execution of workflow 159 created as 1156","timestamp":"2025-04-18 07:27:05"}
{"level":"info","message":"pending execution (1156) ready to process","timestamp":"2025-04-18 07:27:05"}
{"level":"info","message":"queueing execution (1156) from pending list updated to started","timestamp":"2025-04-18 07:27:05"}
{"level":"info","message":"execution (1156) starting...","timestamp":"2025-04-18 07:27:05"}
{"level":"info","message":"execution (1156) run instruction [query] for node (1400)","timestamp":"2025-04-18 07:27:05"}
{"level":"info","message":"execution (1156) run instruction [query] for node (1400) finished as status: 1","timestamp":"2025-04-18 07:27:05"}
{"level":"info","message":"execution (1156) run instruction [condition] for node (1402)","timestamp":"2025-04-18 07:27:05"}
{"level":"info","message":"execution (1156) run instruction [update] for node (1401)","timestamp":"2025-04-18 07:27:05"}
{"level":"info","message":"execution (1156) run instruction [update] for node (1401) finished as status: 1","timestamp":"2025-04-18 07:27:05"}
{"level":"info","message":"execution (1156) run instruction [condition] for node (1402)","timestamp":"2025-04-18 07:27:05"}
{"level":"info","message":"execution (1156) run instruction [condition] for node (1402) finished as status: 1","timestamp":"2025-04-18 07:27:05"}
{"level":"info","message":"execution (1156) run instruction [condition] for node (1404)","timestamp":"2025-04-18 07:27:05"}
{"level":"info","message":"execution (1156) run instruction [parallel] for node (1405)","timestamp":"2025-04-18 07:27:05"}
{"level":"info","message":"execution (1156) run instruction [calculation] for node (1410)","timestamp":"2025-04-18 07:27:05"}
{"level":"info","message":"execution (1156) run instruction [calculation] for node (1410) finished as status: 1","timestamp":"2025-04-18 07:27:05"}
{"level":"info","message":"execution (1156) run instruction [update] for node (1406)","timestamp":"2025-04-18 07:27:05"}
{"level":"info","message":"execution (1156) run instruction [update] for node (1406) finished as status: 1","timestamp":"2025-04-18 07:27:05"}
{"level":"info","message":"execution (1156) run instruction [parallel] for node (1405)","timestamp":"2025-04-18 07:27:05"}
{"level":"info","message":"execution (1156) exiting with status 0","timestamp":"2025-04-18 07:27:05"}
{"level":"info","message":"execution (1156) exiting with status 0","timestamp":"2025-04-18 07:27:05"}
{"level":"info","message":"execution (1156) run instruction [calculation] for node (1414)","timestamp":"2025-04-18 07:27:05"}
{"level":"info","message":"execution (1156) run instruction [calculation] for node (1414) finished as status: 1","timestamp":"2025-04-18 07:27:05"}
{"level":"info","message":"execution (1156) run instruction [update] for node (1407)","timestamp":"2025-04-18 07:27:05"}
{"level":"info","message":"execution (1156) run instruction [update] for node (1407) finished as status: 1","timestamp":"2025-04-18 07:27:05"}
{"level":"info","message":"execution (1156) run instruction [parallel] for node (1405)","timestamp":"2025-04-18 07:27:05"}
{"level":"info","message":"execution (1156) exiting with status 0","timestamp":"2025-04-18 07:27:05"}
{"level":"info","message":"execution (1156) exiting with status 0","timestamp":"2025-04-18 07:27:05"}
{"level":"info","message":"execution (1156) run instruction [calculation] for node (1415)","timestamp":"2025-04-18 07:27:05"}
{"level":"info","message":"execution (1156) run instruction [calculation] for node (1415) finished as status: 1","timestamp":"2025-04-18 07:27:05"}
{"level":"info","message":"execution (1156) run instruction [update] for node (1408)","timestamp":"2025-04-18 07:27:05"}
{"level":"info","message":"execution (1156) run instruction [update] for node (1408) finished as status: 1","timestamp":"2025-04-18 07:27:05"}
{"level":"info","message":"execution (1156) run instruction [parallel] for node (1405)","timestamp":"2025-04-18 07:27:05"}
{"level":"info","message":"execution (1156) exiting with status 0","timestamp":"2025-04-18 07:27:05"}
{"level":"info","message":"execution (1156) exiting with status 0","timestamp":"2025-04-18 07:27:05"}
{"level":"info","message":"execution (1156) run instruction [calculation] for node (1416)","timestamp":"2025-04-18 07:27:05"}
{"level":"info","message":"execution (1156) run instruction [calculation] for node (1416) finished as status: 1","timestamp":"2025-04-18 07:27:05"}
{"level":"info","message":"execution (1156) run instruction [update] for node (1409)","timestamp":"2025-04-18 07:27:05"}
{"level":"info","message":"execution (1156) run instruction [update] for node (1409) finished as status: 1","timestamp":"2025-04-18 07:27:05"}
{"level":"info","message":"execution (1156) run instruction [parallel] for node (1405)","timestamp":"2025-04-18 07:27:05"}
{"level":"info","message":"execution (1156) run instruction [parallel] for node (1405) finished as status: 1","timestamp":"2025-04-18 07:27:05"}
{"level":"info","message":"execution (1156) run instruction [condition] for node (1404)","timestamp":"2025-04-18 07:27:05"}
{"level":"info","message":"execution (1156) run instruction [condition] for node (1404) finished as status: 1","timestamp":"2025-04-18 07:27:05"}
{"level":"info","message":"execution (1156) run instruction [sql] for node (1412)","timestamp":"2025-04-18 07:27:05"}
{"level":"info","message":"execution (1156) run instruction [sql] for node (1412) finished as status: 1","timestamp":"2025-04-18 07:27:05"}
{"level":"info","message":"execution (1156) run instruction [sql] for node (1413)","timestamp":"2025-04-18 07:27:05"}
{"level":"info","message":"execution (1156) run instruction [sql] for node (1413) finished as status: 1","timestamp":"2025-04-18 07:27:05"}
{"level":"info","message":"execution (1156) exiting with status 1","timestamp":"2025-04-18 07:27:05"}
{"level":"info","message":"execution (1156) exiting with status 1","timestamp":"2025-04-18 07:27:05"}
{"level":"info","message":"execution (1156) exiting with status 1","timestamp":"2025-04-18 07:27:05"}
{"level":"info","message":"execution (1156) exiting with status 1","timestamp":"2025-04-18 07:27:05"}
{"level":"info","execution":{"id":1156,"context":{"data":{"createdAt":"2025-04-18T01:06:45.439Z","updatedAt":"2025-04-18T07:27:05.394Z","start_date":"2025-04-18T08:00:06.000Z","end_date":"2025-04-18T08:50:00.000Z","employee_id":1,"create_course_id":159,"salary_id":null,"status_sort":1,"id":568,"status_convert":0,"month_convert":"4/2025","student":"B Student","teaching_fee":0,"createdById":null,"updatedById":1,"actual_class_date":null,"status":"Attend","remark":null,"salary_db":null,"create_course_db":{"createdAt":"2025-04-18T01:06:45.091Z","updatedAt":"2025-04-18T05:58:13.030Z","start_date":"2025-04-18T08:00:26.000Z","end_date":"2025-04-18T08:50:00.000Z","package_id":2,"id":159,"payment_method":"Cash","progress":0,"fee":400,"student_id":5,"invoice_number":"INV1","payment_date":"2025-04-18","createdById":1,"updatedById":1,"transport_fee":0,"total":400,"package_db":{"createdAt":"2025-04-04T05:48:00.404Z","updatedAt":"2025-04-09T15:33:56.292Z","name_sort":5,"nop_sort":2,"fee":400,"id":2,"name":"PV4 - 👤","transport_fee":null,"quantity":4,"type":"PV","nop":"1","createdById":1,"updatedById":1}}}},"key":"ju393tq5yqm","eventKey":"ab1f4940-5192-4604-b034-573ab4f8cc4d","stack":null,"status":1,"workflowId":159,"updatedAt":"2025-04-18T07:27:05.778Z","createdAt":"2025-04-18T07:27:05.435Z","output":null},"message":"execution (1156) finished with status: 1","timestamp":"2025-04-18 07:27:05"}
{"level":"info","message":"new event triggered, now events: 1","timestamp":"2025-04-18 07:27:10"}
{"level":"info","message":"preparing execution for event","timestamp":"2025-04-18 07:27:10"}
{"level":"info","message":"execution of workflow 159 created as 1157","timestamp":"2025-04-18 07:27:10"}
{"level":"info","message":"pending execution (1157) ready to process","timestamp":"2025-04-18 07:27:10"}
{"level":"info","message":"queueing execution (1157) from pending list updated to started","timestamp":"2025-04-18 07:27:10"}
{"level":"info","message":"execution (1157) starting...","timestamp":"2025-04-18 07:27:10"}
{"level":"info","message":"execution (1157) run instruction [query] for node (1400)","timestamp":"2025-04-18 07:27:10"}
{"level":"info","message":"execution (1157) run instruction [query] for node (1400) finished as status: 1","timestamp":"2025-04-18 07:27:10"}
{"level":"info","message":"execution (1157) run instruction [condition] for node (1402)","timestamp":"2025-04-18 07:27:10"}
{"level":"info","message":"execution (1157) run instruction [update] for node (1403)","timestamp":"2025-04-18 07:27:10"}
{"level":"error","message":"execution (1157) run instruction [update] for node (1403) failed:  Cannot read properties of undefined (reading 'replace')","stack":"TypeError: Cannot read properties of undefined (reading 'replace')\n    at escapeLike (/app/nocobase/node_modules/@nocobase/database/lib/operators/string.js:36:16)\n    at $notIncludes (/app/nocobase/node_modules/@nocobase/database/lib/operators/string.js:110:35)\n    at _FilterParser.toSequelizeParams (/app/nocobase/node_modules/@nocobase/database/lib/filter-parser.js:126:23)\n    at _OptionsParser.toSequelizeParams (/app/nocobase/node_modules/@nocobase/database/lib/options-parser.js:116:43)\n    at _Repository.buildQueryOptions (/app/nocobase/node_modules/@nocobase/database/lib/repository.js:538:27)\n    at _Repository.update (/app/nocobase/node_modules/@nocobase/database/lib/repository.js:394:34)\n    at process.processTicksAndRejections (node:internal/process/task_queues:95:5)\n    at async descriptor.value (/app/nocobase/node_modules/@nocobase/database/lib/decorators/transaction-decorator.js:84:29)\n    at async UpdateInstruction.run (/app/nocobase/node_modules/@nocobase/plugin-workflow/dist/server/instructions/UpdateInstruction.js:42:20)\n    at async Processor.exec (/app/nocobase/node_modules/@nocobase/plugin-workflow/dist/server/Processor.js:160:13)\n    at async ConditionInstruction.run (/app/nocobase/node_modules/@nocobase/plugin-workflow/dist/server/instructions/ConditionInstruction.js:77:5)\n    at async Processor.exec (/app/nocobase/node_modules/@nocobase/plugin-workflow/dist/server/Processor.js:160:13)\n    at async Processor.start (/app/nocobase/node_modules/@nocobase/plugin-workflow/dist/server/Processor.js:141:7)\n    at async PluginWorkflowServer.process (/app/nocobase/node_modules/@nocobase/plugin-workflow/dist/server/Plugin.js:602:7)\n    at async /app/nocobase/node_modules/@nocobase/plugin-workflow/dist/server/Plugin.js:579:9","timestamp":"2025-04-18 07:27:10"}
{"level":"info","message":"execution (1157) run instruction [update] for node (1403) finished as status: -2","timestamp":"2025-04-18 07:27:10"}
{"level":"info","message":"execution (1157) run instruction [condition] for node (1402)","timestamp":"2025-04-18 07:27:10"}
{"level":"info","message":"execution (1157) exiting with status -2","timestamp":"2025-04-18 07:27:10"}
{"level":"info","message":"execution (1157) exiting with status -2","timestamp":"2025-04-18 07:27:10"}
{"level":"info","message":"execution (1157) exiting with status -2","timestamp":"2025-04-18 07:27:10"}
{"level":"info","execution":{"id":1157,"context":{"data":{"createdAt":"2025-04-18T01:06:45.572Z","updatedAt":"2025-04-18T07:27:10.699Z","start_date":"2025-04-25T08:00:00.000Z","end_date":"2025-04-25T08:50:00.000Z","employee_id":1,"create_course_id":159,"salary_id":null,"status_sort":1,"id":569,"status_convert":0,"month_convert":"6/2025","student":"A Student","teaching_fee":0,"createdById":null,"updatedById":1,"actual_class_date":null,"status":"Transferred","remark":null,"salary_db":null,"create_course_db":{"createdAt":"2025-04-18T01:06:45.091Z","updatedAt":"2025-04-18T05:58:13.030Z","start_date":"2025-04-18T08:00:26.000Z","end_date":"2025-04-18T08:50:00.000Z","package_id":2,"id":159,"payment_method":"Cash","progress":0.25,"fee":400,"student_id":5,"invoice_number":"INV1","payment_date":"2025-04-18","createdById":1,"updatedById":1,"transport_fee":0,"total":400,"package_db":{"createdAt":"2025-04-04T05:48:00.404Z","updatedAt":"2025-04-09T15:33:56.292Z","name_sort":5,"nop_sort":2,"fee":400,"id":2,"name":"PV4 - 👤","transport_fee":null,"quantity":4,"type":"PV","nop":"1","createdById":1,"updatedById":1}}}},"key":"ju393tq5yqm","eventKey":"3f09ab18-4137-4191-8f68-7cba36b15317","stack":null,"status":-2,"workflowId":159,"updatedAt":"2025-04-18T07:27:10.789Z","createdAt":"2025-04-18T07:27:10.717Z","output":null},"message":"execution (1157) finished with status: -2","timestamp":"2025-04-18 07:27:10"}
{"level":"info","message":"new event triggered, now events: 1","timestamp":"2025-04-18 07:27:16"}
{"level":"info","message":"preparing execution for event","timestamp":"2025-04-18 07:27:16"}
{"level":"info","message":"execution of workflow 159 created as 1158","timestamp":"2025-04-18 07:27:16"}
{"level":"info","message":"pending execution (1158) ready to process","timestamp":"2025-04-18 07:27:16"}
{"level":"info","message":"queueing execution (1158) from pending list updated to started","timestamp":"2025-04-18 07:27:16"}
{"level":"info","message":"execution (1158) starting...","timestamp":"2025-04-18 07:27:16"}
{"level":"info","message":"execution (1158) run instruction [query] for node (1400)","timestamp":"2025-04-18 07:27:16"}
{"level":"info","message":"execution (1158) run instruction [query] for node (1400) finished as status: 1","timestamp":"2025-04-18 07:27:16"}
{"level":"info","message":"execution (1158) run instruction [condition] for node (1402)","timestamp":"2025-04-18 07:27:16"}
{"level":"info","message":"execution (1158) run instruction [update] for node (1403)","timestamp":"2025-04-18 07:27:16"}
{"level":"error","message":"execution (1158) run instruction [update] for node (1403) failed:  Cannot read properties of undefined (reading 'replace')","stack":"TypeError: Cannot read properties of undefined (reading 'replace')\n    at escapeLike (/app/nocobase/node_modules/@nocobase/database/lib/operators/string.js:36:16)\n    at $notIncludes (/app/nocobase/node_modules/@nocobase/database/lib/operators/string.js:110:35)\n    at _FilterParser.toSequelizeParams (/app/nocobase/node_modules/@nocobase/database/lib/filter-parser.js:126:23)\n    at _OptionsParser.toSequelizeParams (/app/nocobase/node_modules/@nocobase/database/lib/options-parser.js:116:43)\n    at _Repository.buildQueryOptions (/app/nocobase/node_modules/@nocobase/database/lib/repository.js:538:27)\n    at _Repository.update (/app/nocobase/node_modules/@nocobase/database/lib/repository.js:394:34)\n    at process.processTicksAndRejections (node:internal/process/task_queues:95:5)\n    at async descriptor.value (/app/nocobase/node_modules/@nocobase/database/lib/decorators/transaction-decorator.js:84:29)\n    at async UpdateInstruction.run (/app/nocobase/node_modules/@nocobase/plugin-workflow/dist/server/instructions/UpdateInstruction.js:42:20)\n    at async Processor.exec (/app/nocobase/node_modules/@nocobase/plugin-workflow/dist/server/Processor.js:160:13)\n    at async ConditionInstruction.run (/app/nocobase/node_modules/@nocobase/plugin-workflow/dist/server/instructions/ConditionInstruction.js:77:5)\n    at async Processor.exec (/app/nocobase/node_modules/@nocobase/plugin-workflow/dist/server/Processor.js:160:13)\n    at async Processor.start (/app/nocobase/node_modules/@nocobase/plugin-workflow/dist/server/Processor.js:141:7)\n    at async PluginWorkflowServer.process (/app/nocobase/node_modules/@nocobase/plugin-workflow/dist/server/Plugin.js:602:7)\n    at async /app/nocobase/node_modules/@nocobase/plugin-workflow/dist/server/Plugin.js:579:9","timestamp":"2025-04-18 07:27:16"}
{"level":"info","message":"execution (1158) run instruction [update] for node (1403) finished as status: -2","timestamp":"2025-04-18 07:27:16"}
{"level":"info","message":"execution (1158) run instruction [condition] for node (1402)","timestamp":"2025-04-18 07:27:16"}
{"level":"info","message":"execution (1158) exiting with status -2","timestamp":"2025-04-18 07:27:16"}
{"level":"info","message":"execution (1158) exiting with status -2","timestamp":"2025-04-18 07:27:16"}
{"level":"info","message":"execution (1158) exiting with status -2","timestamp":"2025-04-18 07:27:16"}
{"level":"info","execution":{"id":1158,"context":{"data":{"createdAt":"2025-04-18T01:06:45.602Z","updatedAt":"2025-04-18T07:27:16.263Z","start_date":"2025-05-02T08:00:00.000Z","end_date":"2025-05-02T08:50:00.000Z","employee_id":1,"create_course_id":159,"salary_id":null,"status_sort":2,"id":570,"status_convert":0,"month_convert":"5/2025","student":"A Student","teaching_fee":0,"createdById":null,"updatedById":1,"actual_class_date":null,"status":"Transferred","remark":null,"salary_db":null,"create_course_db":{"createdAt":"2025-04-18T01:06:45.091Z","updatedAt":"2025-04-18T05:58:13.030Z","start_date":"2025-04-18T08:00:26.000Z","end_date":"2025-04-18T08:50:00.000Z","package_id":2,"id":159,"payment_method":"Cash","progress":0.25,"fee":400,"student_id":5,"invoice_number":"INV1","payment_date":"2025-04-18","createdById":1,"updatedById":1,"transport_fee":0,"total":400,"package_db":{"createdAt":"2025-04-04T05:48:00.404Z","updatedAt":"2025-04-09T15:33:56.292Z","name_sort":5,"nop_sort":2,"fee":400,"id":2,"name":"PV4 - 👤","transport_fee":null,"quantity":4,"type":"PV","nop":"1","createdById":1,"updatedById":1}}}},"key":"ju393tq5yqm","eventKey":"01bf1505-bd5e-45d6-a71d-1582fb09323e","stack":null,"status":-2,"workflowId":159,"updatedAt":"2025-04-18T07:27:16.310Z","createdAt":"2025-04-18T07:27:16.273Z","output":null},"message":"execution (1158) finished with status: -2","timestamp":"2025-04-18 07:27:16"}
{"level":"info","message":"new event triggered, now events: 1","timestamp":"2025-04-18 07:27:21"}
{"level":"info","message":"preparing execution for event","timestamp":"2025-04-18 07:27:21"}
{"level":"info","message":"execution of workflow 159 created as 1159","timestamp":"2025-04-18 07:27:21"}
{"level":"info","message":"pending execution (1159) ready to process","timestamp":"2025-04-18 07:27:21"}
{"level":"info","message":"queueing execution (1159) from pending list updated to started","timestamp":"2025-04-18 07:27:21"}
{"level":"info","message":"execution (1159) starting...","timestamp":"2025-04-18 07:27:21"}
{"level":"info","message":"execution (1159) run instruction [query] for node (1400)","timestamp":"2025-04-18 07:27:21"}
{"level":"info","message":"execution (1159) run instruction [query] for node (1400) finished as status: 1","timestamp":"2025-04-18 07:27:21"}
{"level":"info","message":"execution (1159) run instruction [condition] for node (1402)","timestamp":"2025-04-18 07:27:21"}
{"level":"info","message":"execution (1159) run instruction [update] for node (1403)","timestamp":"2025-04-18 07:27:21"}
{"level":"error","message":"execution (1159) run instruction [update] for node (1403) failed:  Cannot read properties of undefined (reading 'replace')","stack":"TypeError: Cannot read properties of undefined (reading 'replace')\n    at escapeLike (/app/nocobase/node_modules/@nocobase/database/lib/operators/string.js:36:16)\n    at $notIncludes (/app/nocobase/node_modules/@nocobase/database/lib/operators/string.js:110:35)\n    at _FilterParser.toSequelizeParams (/app/nocobase/node_modules/@nocobase/database/lib/filter-parser.js:126:23)\n    at _OptionsParser.toSequelizeParams (/app/nocobase/node_modules/@nocobase/database/lib/options-parser.js:116:43)\n    at _Repository.buildQueryOptions (/app/nocobase/node_modules/@nocobase/database/lib/repository.js:538:27)\n    at _Repository.update (/app/nocobase/node_modules/@nocobase/database/lib/repository.js:394:34)\n    at process.processTicksAndRejections (node:internal/process/task_queues:95:5)\n    at async descriptor.value (/app/nocobase/node_modules/@nocobase/database/lib/decorators/transaction-decorator.js:84:29)\n    at async UpdateInstruction.run (/app/nocobase/node_modules/@nocobase/plugin-workflow/dist/server/instructions/UpdateInstruction.js:42:20)\n    at async Processor.exec (/app/nocobase/node_modules/@nocobase/plugin-workflow/dist/server/Processor.js:160:13)\n    at async ConditionInstruction.run (/app/nocobase/node_modules/@nocobase/plugin-workflow/dist/server/instructions/ConditionInstruction.js:77:5)\n    at async Processor.exec (/app/nocobase/node_modules/@nocobase/plugin-workflow/dist/server/Processor.js:160:13)\n    at async Processor.start (/app/nocobase/node_modules/@nocobase/plugin-workflow/dist/server/Processor.js:141:7)\n    at async PluginWorkflowServer.process (/app/nocobase/node_modules/@nocobase/plugin-workflow/dist/server/Plugin.js:602:7)\n    at async /app/nocobase/node_modules/@nocobase/plugin-workflow/dist/server/Plugin.js:579:9","timestamp":"2025-04-18 07:27:21"}
{"level":"info","message":"execution (1159) run instruction [update] for node (1403) finished as status: -2","timestamp":"2025-04-18 07:27:21"}
{"level":"info","message":"execution (1159) run instruction [condition] for node (1402)","timestamp":"2025-04-18 07:27:21"}
{"level":"info","message":"execution (1159) exiting with status -2","timestamp":"2025-04-18 07:27:21"}
{"level":"info","message":"execution (1159) exiting with status -2","timestamp":"2025-04-18 07:27:21"}
{"level":"info","message":"execution (1159) exiting with status -2","timestamp":"2025-04-18 07:27:21"}
{"level":"info","execution":{"id":1159,"context":{"data":{"createdAt":"2025-04-18T01:06:45.626Z","updatedAt":"2025-04-18T07:27:21.585Z","start_date":"2025-05-09T08:00:00.000Z","end_date":"2025-05-09T08:50:00.000Z","employee_id":1,"create_course_id":159,"salary_id":null,"status_sort":3,"id":571,"status_convert":0,"month_convert":"5/2025","student":"A Student","teaching_fee":0,"createdById":null,"updatedById":1,"actual_class_date":null,"status":"Transferred","remark":null,"salary_db":null,"create_course_db":{"createdAt":"2025-04-18T01:06:45.091Z","updatedAt":"2025-04-18T05:58:13.030Z","start_date":"2025-04-18T08:00:26.000Z","end_date":"2025-04-18T08:50:00.000Z","package_id":2,"id":159,"payment_method":"Cash","progress":0.25,"fee":400,"student_id":5,"invoice_number":"INV1","payment_date":"2025-04-18","createdById":1,"updatedById":1,"transport_fee":0,"total":400,"package_db":{"createdAt":"2025-04-04T05:48:00.404Z","updatedAt":"2025-04-09T15:33:56.292Z","name_sort":5,"nop_sort":2,"fee":400,"id":2,"name":"PV4 - 👤","transport_fee":null,"quantity":4,"type":"PV","nop":"1","createdById":1,"updatedById":1}}}},"key":"ju393tq5yqm","eventKey":"18410b56-301f-480c-8f2a-c74e37b0fda1","stack":null,"status":-2,"workflowId":159,"updatedAt":"2025-04-18T07:27:21.643Z","createdAt":"2025-04-18T07:27:21.600Z","output":null},"message":"execution (1159) finished with status: -2","timestamp":"2025-04-18 07:27:21"}
{"level":"info","message":"new event triggered, now events: 1","timestamp":"2025-04-18 07:32:41"}
{"level":"info","message":"preparing execution for event","timestamp":"2025-04-18 07:32:41"}
{"level":"info","message":"execution of workflow 159 created as 1162","timestamp":"2025-04-18 07:32:41"}
{"level":"info","message":"new event triggered, now events: 1","timestamp":"2025-04-18 07:32:41"}
{"level":"info","message":"preparing execution for event","timestamp":"2025-04-18 07:32:41"}
{"level":"info","message":"execution of workflow 159 created as 1163","timestamp":"2025-04-18 07:32:41"}
{"level":"info","message":"new event triggered, now events: 1","timestamp":"2025-04-18 07:32:42"}
{"level":"info","message":"preparing execution for event","timestamp":"2025-04-18 07:32:42"}
{"level":"info","message":"execution of workflow 159 created as 1164","timestamp":"2025-04-18 07:32:42"}
{"level":"info","message":"new event triggered, now events: 1","timestamp":"2025-04-18 07:32:42"}
{"level":"info","message":"preparing execution for event","timestamp":"2025-04-18 07:32:42"}
{"level":"info","message":"execution of workflow 159 created as 1165","timestamp":"2025-04-18 07:32:42"}
{"level":"info","message":"execution (1162) fetched from db","timestamp":"2025-04-18 07:32:42"}
{"level":"info","message":"execution (1162) starting...","timestamp":"2025-04-18 07:32:42"}
{"level":"info","message":"execution (1162) run instruction [query] for node (1400)","timestamp":"2025-04-18 07:32:42"}
{"level":"info","message":"execution (1162) run instruction [query] for node (1400) finished as status: 1","timestamp":"2025-04-18 07:32:42"}
{"level":"info","message":"execution (1162) run instruction [condition] for node (1402)","timestamp":"2025-04-18 07:32:42"}
{"level":"info","message":"execution (1162) run instruction [update] for node (1403)","timestamp":"2025-04-18 07:32:42"}
{"level":"error","message":"execution (1162) run instruction [update] for node (1403) failed:  Cannot read properties of undefined (reading 'replace')","stack":"TypeError: Cannot read properties of undefined (reading 'replace')\n    at escapeLike (/app/nocobase/node_modules/@nocobase/database/lib/operators/string.js:36:16)\n    at $notIncludes (/app/nocobase/node_modules/@nocobase/database/lib/operators/string.js:110:35)\n    at _FilterParser.toSequelizeParams (/app/nocobase/node_modules/@nocobase/database/lib/filter-parser.js:126:23)\n    at _OptionsParser.toSequelizeParams (/app/nocobase/node_modules/@nocobase/database/lib/options-parser.js:116:43)\n    at _Repository.buildQueryOptions (/app/nocobase/node_modules/@nocobase/database/lib/repository.js:538:27)\n    at _Repository.update (/app/nocobase/node_modules/@nocobase/database/lib/repository.js:394:34)\n    at process.processTicksAndRejections (node:internal/process/task_queues:95:5)\n    at async descriptor.value (/app/nocobase/node_modules/@nocobase/database/lib/decorators/transaction-decorator.js:84:29)\n    at async UpdateInstruction.run (/app/nocobase/node_modules/@nocobase/plugin-workflow/dist/server/instructions/UpdateInstruction.js:42:20)\n    at async Processor.exec (/app/nocobase/node_modules/@nocobase/plugin-workflow/dist/server/Processor.js:160:13)\n    at async ConditionInstruction.run (/app/nocobase/node_modules/@nocobase/plugin-workflow/dist/server/instructions/ConditionInstruction.js:77:5)\n    at async Processor.exec (/app/nocobase/node_modules/@nocobase/plugin-workflow/dist/server/Processor.js:160:13)\n    at async Processor.start (/app/nocobase/node_modules/@nocobase/plugin-workflow/dist/server/Processor.js:141:7)\n    at async PluginWorkflowServer.process (/app/nocobase/node_modules/@nocobase/plugin-workflow/dist/server/Plugin.js:602:7)\n    at async /app/nocobase/node_modules/@nocobase/plugin-workflow/dist/server/Plugin.js:579:9\n    at async Immediate.prepare (/app/nocobase/node_modules/@nocobase/plugin-workflow/dist/server/Plugin.js:522:9)","timestamp":"2025-04-18 07:32:42"}
{"level":"info","message":"execution (1162) run instruction [update] for node (1403) finished as status: -2","timestamp":"2025-04-18 07:32:42"}
{"level":"info","message":"execution (1162) run instruction [condition] for node (1402)","timestamp":"2025-04-18 07:32:42"}
{"level":"info","message":"execution (1162) exiting with status -2","timestamp":"2025-04-18 07:32:42"}
{"level":"info","message":"execution (1162) exiting with status -2","timestamp":"2025-04-18 07:32:42"}
{"level":"info","message":"execution (1162) exiting with status -2","timestamp":"2025-04-18 07:32:42"}
{"level":"info","execution":{"id":1162,"createdAt":"2025-04-18T07:32:41.931Z","updatedAt":"2025-04-18T07:32:42.105Z","key":"ju393tq5yqm","eventKey":"768587bc-9b2a-47b3-9f9d-92d919402264","context":{"data":{"createdAt":"2025-04-18T07:32:41.912Z","updatedAt":"2025-04-18T07:32:41.917Z","start_date":"2025-04-20T02:00:00.000Z","end_date":"2025-04-20T02:40:00.000Z","employee_id":1,"create_course_id":163,"salary_id":null,"status_sort":27,"id":594,"status_convert":0,"month_convert":"4/2025","student":"Student A","teaching_fee":0,"createdById":null,"updatedById":null,"actual_class_date":"2025-04-20","status":"Inactive","remark":null,"salary_db":null,"create_course_db":{"createdAt":"2025-04-18T07:32:41.844Z","updatedAt":"2025-04-18T07:32:41.860Z","start_date":"2025-04-20T02:00:00.000Z","end_date":"2025-04-20T02:40:00.000Z","package_id":2,"id":163,"payment_method":"Cash","progress":0,"fee":0,"student_id":10,"invoice_number":"T-INV1","payment_date":"2025-04-18","createdById":1,"updatedById":1,"transport_fee":0,"total":0,"package_db":{"createdAt":"2025-04-04T05:48:00.404Z","updatedAt":"2025-04-09T15:33:56.292Z","name_sort":5,"nop_sort":2,"fee":400,"id":2,"name":"PV4 - 👤","transport_fee":null,"quantity":4,"type":"PV","nop":"1","createdById":1,"updatedById":1}}}},"status":-2,"stack":[1161],"output":null,"workflowId":159},"message":"execution (1162) finished with status: -2","timestamp":"2025-04-18 07:32:42"}
{"level":"info","message":"execution (1163) fetched from db","timestamp":"2025-04-18 07:32:42"}
{"level":"info","message":"execution (1163) starting...","timestamp":"2025-04-18 07:32:42"}
{"level":"info","message":"execution (1163) run instruction [query] for node (1400)","timestamp":"2025-04-18 07:32:42"}
{"level":"info","message":"execution (1163) run instruction [query] for node (1400) finished as status: 1","timestamp":"2025-04-18 07:32:42"}
{"level":"info","message":"execution (1163) run instruction [condition] for node (1402)","timestamp":"2025-04-18 07:32:42"}
{"level":"info","message":"execution (1163) run instruction [update] for node (1403)","timestamp":"2025-04-18 07:32:42"}
{"level":"error","message":"execution (1163) run instruction [update] for node (1403) failed:  Cannot read properties of undefined (reading 'replace')","stack":"TypeError: Cannot read properties of undefined (reading 'replace')\n    at escapeLike (/app/nocobase/node_modules/@nocobase/database/lib/operators/string.js:36:16)\n    at $notIncludes (/app/nocobase/node_modules/@nocobase/database/lib/operators/string.js:110:35)\n    at _FilterParser.toSequelizeParams (/app/nocobase/node_modules/@nocobase/database/lib/filter-parser.js:126:23)\n    at _OptionsParser.toSequelizeParams (/app/nocobase/node_modules/@nocobase/database/lib/options-parser.js:116:43)\n    at _Repository.buildQueryOptions (/app/nocobase/node_modules/@nocobase/database/lib/repository.js:538:27)\n    at _Repository.update (/app/nocobase/node_modules/@nocobase/database/lib/repository.js:394:34)\n    at process.processTicksAndRejections (node:internal/process/task_queues:95:5)\n    at async descriptor.value (/app/nocobase/node_modules/@nocobase/database/lib/decorators/transaction-decorator.js:84:29)\n    at async UpdateInstruction.run (/app/nocobase/node_modules/@nocobase/plugin-workflow/dist/server/instructions/UpdateInstruction.js:42:20)\n    at async Processor.exec (/app/nocobase/node_modules/@nocobase/plugin-workflow/dist/server/Processor.js:160:13)\n    at async ConditionInstruction.run (/app/nocobase/node_modules/@nocobase/plugin-workflow/dist/server/instructions/ConditionInstruction.js:77:5)\n    at async Processor.exec (/app/nocobase/node_modules/@nocobase/plugin-workflow/dist/server/Processor.js:160:13)\n    at async Processor.start (/app/nocobase/node_modules/@nocobase/plugin-workflow/dist/server/Processor.js:141:7)\n    at async PluginWorkflowServer.process (/app/nocobase/node_modules/@nocobase/plugin-workflow/dist/server/Plugin.js:602:7)\n    at async /app/nocobase/node_modules/@nocobase/plugin-workflow/dist/server/Plugin.js:579:9","timestamp":"2025-04-18 07:32:42"}
{"level":"info","message":"execution (1163) run instruction [update] for node (1403) finished as status: -2","timestamp":"2025-04-18 07:32:42"}
{"level":"info","message":"execution (1163) run instruction [condition] for node (1402)","timestamp":"2025-04-18 07:32:42"}
{"level":"info","message":"execution (1163) exiting with status -2","timestamp":"2025-04-18 07:32:42"}
{"level":"info","message":"execution (1163) exiting with status -2","timestamp":"2025-04-18 07:32:42"}
{"level":"info","message":"execution (1163) exiting with status -2","timestamp":"2025-04-18 07:32:42"}
{"level":"info","execution":{"id":1163,"createdAt":"2025-04-18T07:32:41.991Z","updatedAt":"2025-04-18T07:32:42.133Z","key":"ju393tq5yqm","eventKey":"bc74dd85-4825-4e0b-8c09-ba440cd42994","context":{"data":{"createdAt":"2025-04-18T07:32:41.964Z","updatedAt":"2025-04-18T07:32:41.969Z","start_date":"2025-04-27T02:00:00.000Z","end_date":"2025-04-27T02:40:00.000Z","employee_id":1,"create_course_id":163,"salary_id":null,"status_sort":28,"id":595,"status_convert":0,"month_convert":"4/2025","student":"Student A","teaching_fee":0,"createdById":null,"updatedById":null,"actual_class_date":"2025-04-27","status":"Inactive","remark":null,"salary_db":null,"create_course_db":{"createdAt":"2025-04-18T07:32:41.844Z","updatedAt":"2025-04-18T07:32:41.860Z","start_date":"2025-04-20T02:00:00.000Z","end_date":"2025-04-20T02:40:00.000Z","package_id":2,"id":163,"payment_method":"Cash","progress":0,"fee":0,"student_id":10,"invoice_number":"T-INV1","payment_date":"2025-04-18","createdById":1,"updatedById":1,"transport_fee":0,"total":0,"package_db":{"createdAt":"2025-04-04T05:48:00.404Z","updatedAt":"2025-04-09T15:33:56.292Z","name_sort":5,"nop_sort":2,"fee":400,"id":2,"name":"PV4 - 👤","transport_fee":null,"quantity":4,"type":"PV","nop":"1","createdById":1,"updatedById":1}}}},"status":-2,"stack":[1161],"output":null,"workflowId":159},"message":"execution (1163) finished with status: -2","timestamp":"2025-04-18 07:32:42"}
{"level":"info","message":"execution (1164) fetched from db","timestamp":"2025-04-18 07:32:42"}
{"level":"info","message":"execution (1164) starting...","timestamp":"2025-04-18 07:32:42"}
{"level":"info","message":"execution (1164) run instruction [query] for node (1400)","timestamp":"2025-04-18 07:32:42"}
{"level":"info","message":"execution (1164) run instruction [query] for node (1400) finished as status: 1","timestamp":"2025-04-18 07:32:42"}
{"level":"info","message":"execution (1164) run instruction [condition] for node (1402)","timestamp":"2025-04-18 07:32:42"}
{"level":"info","message":"execution (1164) run instruction [update] for node (1403)","timestamp":"2025-04-18 07:32:42"}
{"level":"error","message":"execution (1164) run instruction [update] for node (1403) failed:  Cannot read properties of undefined (reading 'replace')","stack":"TypeError: Cannot read properties of undefined (reading 'replace')\n    at escapeLike (/app/nocobase/node_modules/@nocobase/database/lib/operators/string.js:36:16)\n    at $notIncludes (/app/nocobase/node_modules/@nocobase/database/lib/operators/string.js:110:35)\n    at _FilterParser.toSequelizeParams (/app/nocobase/node_modules/@nocobase/database/lib/filter-parser.js:126:23)\n    at _OptionsParser.toSequelizeParams (/app/nocobase/node_modules/@nocobase/database/lib/options-parser.js:116:43)\n    at _Repository.buildQueryOptions (/app/nocobase/node_modules/@nocobase/database/lib/repository.js:538:27)\n    at _Repository.update (/app/nocobase/node_modules/@nocobase/database/lib/repository.js:394:34)\n    at process.processTicksAndRejections (node:internal/process/task_queues:95:5)\n    at async descriptor.value (/app/nocobase/node_modules/@nocobase/database/lib/decorators/transaction-decorator.js:84:29)\n    at async UpdateInstruction.run (/app/nocobase/node_modules/@nocobase/plugin-workflow/dist/server/instructions/UpdateInstruction.js:42:20)\n    at async Processor.exec (/app/nocobase/node_modules/@nocobase/plugin-workflow/dist/server/Processor.js:160:13)\n    at async ConditionInstruction.run (/app/nocobase/node_modules/@nocobase/plugin-workflow/dist/server/instructions/ConditionInstruction.js:77:5)\n    at async Processor.exec (/app/nocobase/node_modules/@nocobase/plugin-workflow/dist/server/Processor.js:160:13)\n    at async Processor.start (/app/nocobase/node_modules/@nocobase/plugin-workflow/dist/server/Processor.js:141:7)\n    at async PluginWorkflowServer.process (/app/nocobase/node_modules/@nocobase/plugin-workflow/dist/server/Plugin.js:602:7)\n    at async /app/nocobase/node_modules/@nocobase/plugin-workflow/dist/server/Plugin.js:579:9","timestamp":"2025-04-18 07:32:42"}
{"level":"info","message":"execution (1164) run instruction [update] for node (1403) finished as status: -2","timestamp":"2025-04-18 07:32:42"}
{"level":"info","message":"execution (1164) run instruction [condition] for node (1402)","timestamp":"2025-04-18 07:32:42"}
{"level":"info","message":"execution (1164) exiting with status -2","timestamp":"2025-04-18 07:32:42"}
{"level":"info","message":"execution (1164) exiting with status -2","timestamp":"2025-04-18 07:32:42"}
{"level":"info","message":"execution (1164) exiting with status -2","timestamp":"2025-04-18 07:32:42"}
{"level":"info","execution":{"id":1164,"createdAt":"2025-04-18T07:32:42.040Z","updatedAt":"2025-04-18T07:32:42.161Z","key":"ju393tq5yqm","eventKey":"04186637-83ef-4a11-a815-bbfafc960b21","context":{"data":{"createdAt":"2025-04-18T07:32:42.015Z","updatedAt":"2025-04-18T07:32:42.019Z","start_date":"2025-05-04T02:00:00.000Z","end_date":"2025-05-04T02:40:00.000Z","employee_id":1,"create_course_id":163,"salary_id":null,"status_sort":29,"id":596,"status_convert":0,"month_convert":"5/2025","student":"Student A","teaching_fee":0,"createdById":null,"updatedById":null,"actual_class_date":"2025-05-04","status":"Inactive","remark":null,"salary_db":null,"create_course_db":{"createdAt":"2025-04-18T07:32:41.844Z","updatedAt":"2025-04-18T07:32:41.860Z","start_date":"2025-04-20T02:00:00.000Z","end_date":"2025-04-20T02:40:00.000Z","package_id":2,"id":163,"payment_method":"Cash","progress":0,"fee":0,"student_id":10,"invoice_number":"T-INV1","payment_date":"2025-04-18","createdById":1,"updatedById":1,"transport_fee":0,"total":0,"package_db":{"createdAt":"2025-04-04T05:48:00.404Z","updatedAt":"2025-04-09T15:33:56.292Z","name_sort":5,"nop_sort":2,"fee":400,"id":2,"name":"PV4 - 👤","transport_fee":null,"quantity":4,"type":"PV","nop":"1","createdById":1,"updatedById":1}}}},"status":-2,"stack":[1161],"output":null,"workflowId":159},"message":"execution (1164) finished with status: -2","timestamp":"2025-04-18 07:32:42"}
{"level":"info","message":"execution (1165) fetched from db","timestamp":"2025-04-18 07:32:42"}
{"level":"info","message":"execution (1165) starting...","timestamp":"2025-04-18 07:32:42"}
{"level":"info","message":"execution (1165) run instruction [query] for node (1400)","timestamp":"2025-04-18 07:32:42"}
{"level":"info","message":"execution (1165) run instruction [query] for node (1400) finished as status: 1","timestamp":"2025-04-18 07:32:42"}
{"level":"info","message":"execution (1165) run instruction [condition] for node (1402)","timestamp":"2025-04-18 07:32:42"}
{"level":"info","message":"execution (1165) run instruction [update] for node (1403)","timestamp":"2025-04-18 07:32:42"}
{"level":"error","message":"execution (1165) run instruction [update] for node (1403) failed:  Cannot read properties of undefined (reading 'replace')","stack":"TypeError: Cannot read properties of undefined (reading 'replace')\n    at escapeLike (/app/nocobase/node_modules/@nocobase/database/lib/operators/string.js:36:16)\n    at $notIncludes (/app/nocobase/node_modules/@nocobase/database/lib/operators/string.js:110:35)\n    at _FilterParser.toSequelizeParams (/app/nocobase/node_modules/@nocobase/database/lib/filter-parser.js:126:23)\n    at _OptionsParser.toSequelizeParams (/app/nocobase/node_modules/@nocobase/database/lib/options-parser.js:116:43)\n    at _Repository.buildQueryOptions (/app/nocobase/node_modules/@nocobase/database/lib/repository.js:538:27)\n    at _Repository.update (/app/nocobase/node_modules/@nocobase/database/lib/repository.js:394:34)\n    at process.processTicksAndRejections (node:internal/process/task_queues:95:5)\n    at async descriptor.value (/app/nocobase/node_modules/@nocobase/database/lib/decorators/transaction-decorator.js:84:29)\n    at async UpdateInstruction.run (/app/nocobase/node_modules/@nocobase/plugin-workflow/dist/server/instructions/UpdateInstruction.js:42:20)\n    at async Processor.exec (/app/nocobase/node_modules/@nocobase/plugin-workflow/dist/server/Processor.js:160:13)\n    at async ConditionInstruction.run (/app/nocobase/node_modules/@nocobase/plugin-workflow/dist/server/instructions/ConditionInstruction.js:77:5)\n    at async Processor.exec (/app/nocobase/node_modules/@nocobase/plugin-workflow/dist/server/Processor.js:160:13)\n    at async Processor.start (/app/nocobase/node_modules/@nocobase/plugin-workflow/dist/server/Processor.js:141:7)\n    at async PluginWorkflowServer.process (/app/nocobase/node_modules/@nocobase/plugin-workflow/dist/server/Plugin.js:602:7)\n    at async /app/nocobase/node_modules/@nocobase/plugin-workflow/dist/server/Plugin.js:579:9","timestamp":"2025-04-18 07:32:42"}
{"level":"info","message":"execution (1165) run instruction [update] for node (1403) finished as status: -2","timestamp":"2025-04-18 07:32:42"}
{"level":"info","message":"execution (1165) run instruction [condition] for node (1402)","timestamp":"2025-04-18 07:32:42"}
{"level":"info","message":"execution (1165) exiting with status -2","timestamp":"2025-04-18 07:32:42"}
{"level":"info","message":"execution (1165) exiting with status -2","timestamp":"2025-04-18 07:32:42"}
{"level":"info","message":"execution (1165) exiting with status -2","timestamp":"2025-04-18 07:32:42"}
{"level":"info","execution":{"id":1165,"createdAt":"2025-04-18T07:32:42.071Z","updatedAt":"2025-04-18T07:32:42.189Z","key":"ju393tq5yqm","eventKey":"31239ca1-5c41-4130-bf4c-a25245b7859b","context":{"data":{"createdAt":"2025-04-18T07:32:42.039Z","updatedAt":"2025-04-18T07:32:42.043Z","start_date":"2025-05-11T02:00:00.000Z","end_date":"2025-05-11T02:40:00.000Z","employee_id":1,"create_course_id":163,"salary_id":null,"status_sort":30,"id":597,"status_convert":0,"month_convert":"5/2025","student":"Student A","teaching_fee":0,"createdById":null,"updatedById":null,"actual_class_date":"2025-05-11","status":"Inactive","remark":null,"salary_db":null,"create_course_db":{"createdAt":"2025-04-18T07:32:41.844Z","updatedAt":"2025-04-18T07:32:41.860Z","start_date":"2025-04-20T02:00:00.000Z","end_date":"2025-04-20T02:40:00.000Z","package_id":2,"id":163,"payment_method":"Cash","progress":0,"fee":0,"student_id":10,"invoice_number":"T-INV1","payment_date":"2025-04-18","createdById":1,"updatedById":1,"transport_fee":0,"total":0,"package_db":{"createdAt":"2025-04-04T05:48:00.404Z","updatedAt":"2025-04-09T15:33:56.292Z","name_sort":5,"nop_sort":2,"fee":400,"id":2,"name":"PV4 - 👤","transport_fee":null,"quantity":4,"type":"PV","nop":"1","createdById":1,"updatedById":1}}}},"status":-2,"stack":[1161],"output":null,"workflowId":159},"message":"execution (1165) finished with status: -2","timestamp":"2025-04-18 07:32:42"}
