{"level":"info","message":"execution of workflow 35 created as 59","timestamp":"2025-04-05 01:44:06"}
{"level":"info","message":"queueing execution (59) from pending list updated to started","timestamp":"2025-04-05 01:44:06"}
{"level":"info","message":"execution (59) starting...","timestamp":"2025-04-05 01:44:06"}
{"level":"info","message":"execution (59) run instruction [calculation] for node (404)","timestamp":"2025-04-05 01:44:06"}
{"level":"info","message":"execution (59) run instruction [calculation] for node (404) finished as status: 1","timestamp":"2025-04-05 01:44:06"}
{"level":"info","message":"execution (59) run instruction [update] for node (405)","timestamp":"2025-04-05 01:44:06"}
{"level":"info","message":"new event triggered, now events: 1","timestamp":"2025-04-05 01:44:06"}
{"level":"info","message":"new event triggered, now events: 2","timestamp":"2025-04-05 01:44:06"}
{"level":"info","message":"new event is pending to be prepared after previous preparation is finished","timestamp":"2025-04-05 01:44:06"}
{"level":"info","message":"new event triggered, now events: 3","timestamp":"2025-04-05 01:44:06"}
{"level":"info","message":"new event is pending to be prepared after previous preparation is finished","timestamp":"2025-04-05 01:44:06"}
{"level":"info","message":"new event triggered, now events: 4","timestamp":"2025-04-05 01:44:06"}
{"level":"info","message":"new event is pending to be prepared after previous preparation is finished","timestamp":"2025-04-05 01:44:06"}
{"level":"info","message":"new event triggered, now events: 5","timestamp":"2025-04-05 01:44:06"}
{"level":"info","message":"new event is pending to be prepared after previous preparation is finished","timestamp":"2025-04-05 01:44:06"}
{"level":"info","message":"new event triggered, now events: 6","timestamp":"2025-04-05 01:44:06"}
{"level":"info","message":"new event is pending to be prepared after previous preparation is finished","timestamp":"2025-04-05 01:44:06"}
{"level":"info","message":"new event triggered, now events: 7","timestamp":"2025-04-05 01:44:06"}
{"level":"info","message":"new event is pending to be prepared after previous preparation is finished","timestamp":"2025-04-05 01:44:06"}
{"level":"info","message":"new event triggered, now events: 8","timestamp":"2025-04-05 01:44:06"}
{"level":"info","message":"new event is pending to be prepared after previous preparation is finished","timestamp":"2025-04-05 01:44:06"}
{"level":"info","message":"new event triggered, now events: 9","timestamp":"2025-04-05 01:44:06"}
{"level":"info","message":"new event is pending to be prepared after previous preparation is finished","timestamp":"2025-04-05 01:44:06"}
{"level":"info","message":"preparing execution for event","timestamp":"2025-04-05 01:44:06"}
{"level":"info","message":"execution (59) run instruction [update] for node (405) finished as status: 1","timestamp":"2025-04-05 01:44:06"}
{"level":"warn","message":"workflow 35 has already been triggered in stacks executions (59), and max call coont is 1, newly triggering will be skipped.","timestamp":"2025-04-05 01:44:06"}
{"level":"error","error":{},"message":"failed to create execution:","timestamp":"2025-04-05 01:44:06"}
{"level":"info","message":"preparing execution for event","timestamp":"2025-04-05 01:44:06"}
{"level":"info","message":"execution (59) exiting with status 1","timestamp":"2025-04-05 01:44:06"}
{"level":"info","execution":{"id":59,"context":{"data":{"createdAt":"2025-04-04T12:51:59.430Z","updatedAt":"2025-04-05T01:33:12.809Z","start_date":"2024-04-29T08:00:00.000Z","end_date":"2024-04-29T08:50:00.000Z","employee_id":1,"create_course_id":35,"student":"AISYAH KHAYRA BINTI ABDULLAH UZAIR","id":120,"createdById":null,"updatedById":1,"status":null,"status_convert":null}},"key":"7onz6z2yqo4","eventKey":"8477bd0a-86f3-43cc-9e03-14314482a810","stack":null,"status":1,"workflowId":35,"updatedAt":"2025-04-05T01:44:06.935Z","createdAt":"2025-04-05T01:44:06.893Z","output":null},"message":"execution (59) finished with status: 1","timestamp":"2025-04-05 01:44:06"}
{"level":"warn","message":"workflow 35 has already been triggered in stacks executions (59), and max call coont is 1, newly triggering will be skipped.","timestamp":"2025-04-05 01:44:06"}
{"level":"error","error":{},"message":"failed to create execution:","timestamp":"2025-04-05 01:44:06"}
{"level":"info","message":"preparing execution for event","timestamp":"2025-04-05 01:44:06"}
{"level":"warn","message":"workflow 35 has already been triggered in stacks executions (59), and max call coont is 1, newly triggering will be skipped.","timestamp":"2025-04-05 01:44:06"}
{"level":"error","error":{},"message":"failed to create execution:","timestamp":"2025-04-05 01:44:06"}
{"level":"info","message":"preparing execution for event","timestamp":"2025-04-05 01:44:06"}
{"level":"warn","message":"workflow 35 has already been triggered in stacks executions (59), and max call coont is 1, newly triggering will be skipped.","timestamp":"2025-04-05 01:44:06"}
{"level":"error","error":{},"message":"failed to create execution:","timestamp":"2025-04-05 01:44:06"}
{"level":"info","message":"preparing execution for event","timestamp":"2025-04-05 01:44:06"}
{"level":"warn","message":"workflow 35 has already been triggered in stacks executions (59), and max call coont is 1, newly triggering will be skipped.","timestamp":"2025-04-05 01:44:06"}
{"level":"error","error":{},"message":"failed to create execution:","timestamp":"2025-04-05 01:44:06"}
{"level":"info","message":"preparing execution for event","timestamp":"2025-04-05 01:44:06"}
{"level":"warn","message":"workflow 35 has already been triggered in stacks executions (59), and max call coont is 1, newly triggering will be skipped.","timestamp":"2025-04-05 01:44:06"}
{"level":"error","error":{},"message":"failed to create execution:","timestamp":"2025-04-05 01:44:06"}
{"level":"info","message":"preparing execution for event","timestamp":"2025-04-05 01:44:06"}
{"level":"warn","message":"workflow 35 has already been triggered in stacks executions (59), and max call coont is 1, newly triggering will be skipped.","timestamp":"2025-04-05 01:44:06"}
{"level":"error","error":{},"message":"failed to create execution:","timestamp":"2025-04-05 01:44:06"}
{"level":"info","message":"preparing execution for event","timestamp":"2025-04-05 01:44:06"}
{"level":"warn","message":"workflow 35 has already been triggered in stacks executions (59), and max call coont is 1, newly triggering will be skipped.","timestamp":"2025-04-05 01:44:06"}
{"level":"error","error":{},"message":"failed to create execution:","timestamp":"2025-04-05 01:44:06"}
{"level":"info","message":"preparing execution for event","timestamp":"2025-04-05 01:44:06"}
{"level":"warn","message":"workflow 35 has already been triggered in stacks executions (59), and max call coont is 1, newly triggering will be skipped.","timestamp":"2025-04-05 01:44:06"}
{"level":"error","error":{},"message":"failed to create execution:","timestamp":"2025-04-05 01:44:06"}
