{"level":"info","message":"new event triggered, now events: 1","timestamp":"2025-05-06 05:06:26"}
{"level":"info","message":"preparing execution for event","timestamp":"2025-05-06 05:06:26"}
{"level":"info","message":"execution of workflow 227 created as 31242","timestamp":"2025-05-06 05:06:26"}
{"level":"info","message":"execution (31242) fetched from db","timestamp":"2025-05-06 05:06:26"}
{"level":"info","message":"execution (31242) starting...","timestamp":"2025-05-06 05:06:26"}
{"level":"info","message":"execution (31242) run instruction [calculation] for node (2598)","timestamp":"2025-05-06 05:06:26"}
{"level":"info","message":"execution (31242) run instruction [calculation] for node (2598) finished as status: 1","timestamp":"2025-05-06 05:06:26"}
{"level":"info","message":"execution (31242) run instruction [create] for node (2597)","timestamp":"2025-05-06 05:06:26"}
{"level":"info","message":"execution (31242) run instruction [create] for node (2597) finished as status: 1","timestamp":"2025-05-06 05:06:26"}
{"level":"info","message":"execution (31242) run instruction [condition] for node (2599)","timestamp":"2025-05-06 05:06:26"}
{"level":"info","message":"execution (31242) run instruction [condition] for node (2599) finished as status: 1","timestamp":"2025-05-06 05:06:26"}
{"level":"info","message":"execution (31242) run instruction [calculation] for node (2600)","timestamp":"2025-05-06 05:06:26"}
{"level":"info","message":"execution (31242) run instruction [calculation] for node (2600) finished as status: 1","timestamp":"2025-05-06 05:06:26"}
{"level":"info","message":"execution (31242) run instruction [calculation] for node (2601)","timestamp":"2025-05-06 05:06:26"}
{"level":"info","message":"execution (31242) run instruction [calculation] for node (2601) finished as status: 1","timestamp":"2025-05-06 05:06:26"}
{"level":"info","message":"execution (31242) run instruction [calculation] for node (2603)","timestamp":"2025-05-06 05:06:26"}
{"level":"info","message":"execution (31242) run instruction [calculation] for node (2603) finished as status: 1","timestamp":"2025-05-06 05:06:26"}
{"level":"info","message":"execution (31242) run instruction [create] for node (2602)","timestamp":"2025-05-06 05:06:26"}
{"level":"info","message":"execution (31242) run instruction [create] for node (2602) finished as status: 1","timestamp":"2025-05-06 05:06:26"}
{"level":"info","message":"execution (31242) run instruction [calculation] for node (2606)","timestamp":"2025-05-06 05:06:26"}
{"level":"info","message":"execution (31242) run instruction [calculation] for node (2606) finished as status: 1","timestamp":"2025-05-06 05:06:26"}
{"level":"info","message":"execution (31242) run instruction [calculation] for node (2605)","timestamp":"2025-05-06 05:06:26"}
{"level":"info","message":"execution (31242) run instruction [calculation] for node (2605) finished as status: 1","timestamp":"2025-05-06 05:06:26"}
{"level":"info","message":"execution (31242) run instruction [calculation] for node (2604)","timestamp":"2025-05-06 05:06:26"}
{"level":"info","message":"execution (31242) run instruction [calculation] for node (2604) finished as status: 1","timestamp":"2025-05-06 05:06:26"}
{"level":"info","message":"execution (31242) run instruction [create] for node (2607)","timestamp":"2025-05-06 05:06:26"}
{"level":"info","message":"execution (31242) run instruction [create] for node (2607) finished as status: 1","timestamp":"2025-05-06 05:06:26"}
{"level":"info","message":"execution (31242) run instruction [calculation] for node (2610)","timestamp":"2025-05-06 05:06:26"}
{"level":"info","message":"execution (31242) run instruction [calculation] for node (2610) finished as status: 1","timestamp":"2025-05-06 05:06:26"}
{"level":"info","message":"execution (31242) run instruction [calculation] for node (2609)","timestamp":"2025-05-06 05:06:26"}
{"level":"info","message":"execution (31242) run instruction [calculation] for node (2609) finished as status: 1","timestamp":"2025-05-06 05:06:26"}
{"level":"info","message":"execution (31242) run instruction [calculation] for node (2608)","timestamp":"2025-05-06 05:06:26"}
{"level":"info","message":"execution (31242) run instruction [calculation] for node (2608) finished as status: 1","timestamp":"2025-05-06 05:06:26"}
{"level":"info","message":"execution (31242) run instruction [create] for node (2611)","timestamp":"2025-05-06 05:06:26"}
{"level":"info","message":"execution (31242) run instruction [create] for node (2611) finished as status: 1","timestamp":"2025-05-06 05:06:26"}
{"level":"info","message":"execution (31242) run instruction [condition] for node (2616)","timestamp":"2025-05-06 05:06:26"}
{"level":"info","message":"execution (31242) run instruction [condition] for node (2616) finished as status: -1","timestamp":"2025-05-06 05:06:26"}
{"level":"info","message":"execution (31242) exiting with status -1","timestamp":"2025-05-06 05:06:26"}
{"level":"info","execution":{"id":31242,"createdAt":"2025-05-06T05:06:26.263Z","updatedAt":"2025-05-06T05:06:26.498Z","key":"o3iucqm26et","eventKey":"fbf85161-c8ff-4c98-9e42-f0a17d664412","context":{"data":{"createdAt":"2025-05-06T05:06:26.118Z","updatedAt":"2025-05-06T05:06:26.170Z","start_date":"2025-05-06T02:00:00.000Z","end_date":"2025-05-06T02:40:00.000Z","package_id":2,"discount":0,"month_convert":"2025/5","id":470,"total":400,"transport_fee":0,"payment_method":"Online Transfer","fee":400,"progress":0,"student_id":116,"payment_date":"2025-05-06","invoice_number":"INV250506-0396","salary_id":null,"commission":null,"done":null,"createdById":1,"updatedById":1,"student_db":{"createdAt":"2025-05-06T05:06:26.147Z","updatedAt":"2025-05-06T05:06:26.147Z","dob":"2018-10-25T00:00:00.000Z","class_venue":null,"gender":"Male","day":["Sunday"],"name":"Kayden Low Jin Heng","parent_name":"Mrs Low","contact_number":"0106651606","email":null,"address":"Straits View Condo C13-w1 (Block C)","emergency_contact_name":"Low Ken Loon","emergency_contact_nunber":"+60 12-716 5552","id":116,"start_date":"2023-12-03","start_time":"10:00:00","duration":"40 Mins","user_id":null,"coach_id":null,"age":"7","createdById":1,"updatedById":1},"attendance_db":[],"package_db":{"createdAt":"2025-04-04T05:48:00.404Z","updatedAt":"2025-05-04T07:43:10.716Z","fee":400,"id":2,"name":"PV4 - 👤","transport_fee":null,"quantity":4,"type":"PV","nop":"1","total":400,"description":"PRIVATE 1V1 - 4 LESSON","createdById":1,"updatedById":3}},"user":{"createdAt":"2025-03-31T14:39:23.735Z","updatedAt":"2025-05-06T04:31:13.889Z","systemSettings":{"themeId":5},"id":1,"nickname":"Felix","phone":null,"passwordChangeTz":1743556989843,"appLang":"zh-CN","username":"felix","email":"xmrxperfectx@gmail.com","createdById":null},"roleName":"root"},"status":-1,"stack":null,"output":null,"workflowId":227},"message":"execution (31242) finished with status: -1","timestamp":"2025-05-06 05:06:26"}
{"level":"info","message":"new event triggered, now events: 1","timestamp":"2025-05-06 05:24:09"}
{"level":"info","message":"preparing execution for event","timestamp":"2025-05-06 05:24:09"}
{"level":"info","message":"execution of workflow 227 created as 31248","timestamp":"2025-05-06 05:24:09"}
{"level":"info","message":"execution (31248) fetched from db","timestamp":"2025-05-06 05:24:09"}
{"level":"info","message":"execution (31248) starting...","timestamp":"2025-05-06 05:24:09"}
{"level":"info","message":"execution (31248) run instruction [calculation] for node (2598)","timestamp":"2025-05-06 05:24:09"}
{"level":"info","message":"execution (31248) run instruction [calculation] for node (2598) finished as status: 1","timestamp":"2025-05-06 05:24:09"}
{"level":"info","message":"execution (31248) run instruction [create] for node (2597)","timestamp":"2025-05-06 05:24:09"}
{"level":"info","message":"execution (31248) run instruction [create] for node (2597) finished as status: 1","timestamp":"2025-05-06 05:24:09"}
{"level":"info","message":"execution (31248) run instruction [condition] for node (2599)","timestamp":"2025-05-06 05:24:09"}
{"level":"info","message":"execution (31248) run instruction [condition] for node (2599) finished as status: 1","timestamp":"2025-05-06 05:24:09"}
{"level":"info","message":"execution (31248) run instruction [calculation] for node (2600)","timestamp":"2025-05-06 05:24:09"}
{"level":"info","message":"execution (31248) run instruction [calculation] for node (2600) finished as status: 1","timestamp":"2025-05-06 05:24:09"}
{"level":"info","message":"execution (31248) run instruction [calculation] for node (2601)","timestamp":"2025-05-06 05:24:09"}
{"level":"info","message":"execution (31248) run instruction [calculation] for node (2601) finished as status: 1","timestamp":"2025-05-06 05:24:09"}
{"level":"info","message":"execution (31248) run instruction [calculation] for node (2603)","timestamp":"2025-05-06 05:24:09"}
{"level":"info","message":"execution (31248) run instruction [calculation] for node (2603) finished as status: 1","timestamp":"2025-05-06 05:24:09"}
{"level":"info","message":"execution (31248) run instruction [create] for node (2602)","timestamp":"2025-05-06 05:24:09"}
{"level":"info","message":"execution (31248) run instruction [create] for node (2602) finished as status: 1","timestamp":"2025-05-06 05:24:09"}
{"level":"info","message":"execution (31248) run instruction [calculation] for node (2606)","timestamp":"2025-05-06 05:24:09"}
{"level":"info","message":"execution (31248) run instruction [calculation] for node (2606) finished as status: 1","timestamp":"2025-05-06 05:24:09"}
{"level":"info","message":"execution (31248) run instruction [calculation] for node (2605)","timestamp":"2025-05-06 05:24:09"}
{"level":"info","message":"execution (31248) run instruction [calculation] for node (2605) finished as status: 1","timestamp":"2025-05-06 05:24:09"}
{"level":"info","message":"execution (31248) run instruction [calculation] for node (2604)","timestamp":"2025-05-06 05:24:09"}
{"level":"info","message":"execution (31248) run instruction [calculation] for node (2604) finished as status: 1","timestamp":"2025-05-06 05:24:09"}
{"level":"info","message":"execution (31248) run instruction [create] for node (2607)","timestamp":"2025-05-06 05:24:09"}
{"level":"info","message":"execution (31248) run instruction [create] for node (2607) finished as status: 1","timestamp":"2025-05-06 05:24:09"}
{"level":"info","message":"execution (31248) run instruction [calculation] for node (2610)","timestamp":"2025-05-06 05:24:09"}
{"level":"info","message":"execution (31248) run instruction [calculation] for node (2610) finished as status: 1","timestamp":"2025-05-06 05:24:09"}
{"level":"info","message":"execution (31248) run instruction [calculation] for node (2609)","timestamp":"2025-05-06 05:24:09"}
{"level":"info","message":"execution (31248) run instruction [calculation] for node (2609) finished as status: 1","timestamp":"2025-05-06 05:24:09"}
{"level":"info","message":"execution (31248) run instruction [calculation] for node (2608)","timestamp":"2025-05-06 05:24:09"}
{"level":"info","message":"execution (31248) run instruction [calculation] for node (2608) finished as status: 1","timestamp":"2025-05-06 05:24:09"}
{"level":"info","message":"execution (31248) run instruction [create] for node (2611)","timestamp":"2025-05-06 05:24:09"}
{"level":"info","message":"execution (31248) run instruction [create] for node (2611) finished as status: 1","timestamp":"2025-05-06 05:24:09"}
{"level":"info","message":"execution (31248) run instruction [condition] for node (2616)","timestamp":"2025-05-06 05:24:09"}
{"level":"info","message":"execution (31248) run instruction [condition] for node (2616) finished as status: -1","timestamp":"2025-05-06 05:24:09"}
{"level":"info","message":"execution (31248) exiting with status -1","timestamp":"2025-05-06 05:24:09"}
{"level":"info","execution":{"id":31248,"createdAt":"2025-05-06T05:24:09.308Z","updatedAt":"2025-05-06T05:24:09.482Z","key":"o3iucqm26et","eventKey":"dd3d12b4-4c7a-4f34-8463-711fa53cf650","context":{"data":{"createdAt":"2025-05-06T05:24:09.254Z","updatedAt":"2025-05-06T05:24:09.261Z","start_date":"2025-05-11T02:00:00.000Z","end_date":"2025-05-11T02:40:00.000Z","package_id":2,"discount":0,"month_convert":"2025/5","id":471,"total":400,"transport_fee":0,"payment_method":"Online Transfer","fee":400,"progress":0,"student_id":40,"payment_date":"2025-05-06","invoice_number":"INV250506-0396","salary_id":null,"commission":null,"done":null,"createdById":3,"updatedById":3,"student_db":{"createdAt":"2025-04-20T14:09:29.151Z","updatedAt":"2025-05-04T07:03:13.159Z","dob":"2018-10-25T00:00:00.000Z","class_venue":7,"gender":"Male","day":["Sunday"],"name":"Kayden Low Jin Heng","parent_name":"Mrs Low","contact_number":"0106651606","email":null,"address":"Straits View Condo C13-w1 (Block C)","emergency_contact_name":"Low Ken Loon","emergency_contact_nunber":"+60 12-716 5552","id":40,"start_date":"2023-12-03","start_time":"10:00:00","duration":"40 Mins","user_id":null,"coach_id":2,"age":"7","createdById":1,"updatedById":3},"attendance_db":[],"package_db":{"createdAt":"2025-04-04T05:48:00.404Z","updatedAt":"2025-05-04T07:43:10.716Z","fee":400,"id":2,"name":"PV4 - 👤","transport_fee":null,"quantity":4,"type":"PV","nop":"1","total":400,"description":"PRIVATE 1V1 - 4 LESSON","createdById":1,"updatedById":3}},"user":{"createdAt":"2025-04-02T02:52:35.125Z","updatedAt":"2025-05-04T10:00:42.937Z","systemSettings":{},"id":3,"nickname":"Felicia","phone":null,"passwordChangeTz":null,"appLang":"zh-CN","username":"felicia","email":"t.xinyi98@gmail.com","createdById":1,"updatedById":3},"roleName":"root"},"status":-1,"stack":null,"output":null,"workflowId":227},"message":"execution (31248) finished with status: -1","timestamp":"2025-05-06 05:24:09"}
