{"level":"info","message":"new event triggered, now events: 1","timestamp":"2025-04-28 01:06:44"}
{"level":"info","message":"preparing execution for event","timestamp":"2025-04-28 01:06:44"}
{"level":"info","message":"execution of workflow 227 created as 30656","timestamp":"2025-04-28 01:06:44"}
{"level":"info","message":"execution (30656) fetched from db","timestamp":"2025-04-28 01:06:44"}
{"level":"info","message":"execution (30656) starting...","timestamp":"2025-04-28 01:06:44"}
{"level":"info","message":"execution (30656) run instruction [calculation] for node (2598)","timestamp":"2025-04-28 01:06:44"}
{"level":"info","message":"execution (30656) run instruction [calculation] for node (2598) finished as status: 1","timestamp":"2025-04-28 01:06:44"}
{"level":"info","message":"execution (30656) run instruction [create] for node (2597)","timestamp":"2025-04-28 01:06:44"}
{"level":"info","message":"execution (30656) run instruction [create] for node (2597) finished as status: 1","timestamp":"2025-04-28 01:06:44"}
{"level":"info","message":"execution (30656) run instruction [condition] for node (2599)","timestamp":"2025-04-28 01:06:44"}
{"level":"info","message":"execution (30656) run instruction [condition] for node (2599) finished as status: 1","timestamp":"2025-04-28 01:06:44"}
{"level":"info","message":"execution (30656) run instruction [calculation] for node (2600)","timestamp":"2025-04-28 01:06:44"}
{"level":"info","message":"execution (30656) run instruction [calculation] for node (2600) finished as status: 1","timestamp":"2025-04-28 01:06:44"}
{"level":"info","message":"execution (30656) run instruction [calculation] for node (2601)","timestamp":"2025-04-28 01:06:44"}
{"level":"info","message":"execution (30656) run instruction [calculation] for node (2601) finished as status: 1","timestamp":"2025-04-28 01:06:44"}
{"level":"info","message":"execution (30656) run instruction [calculation] for node (2603)","timestamp":"2025-04-28 01:06:44"}
{"level":"info","message":"execution (30656) run instruction [calculation] for node (2603) finished as status: 1","timestamp":"2025-04-28 01:06:44"}
{"level":"info","message":"execution (30656) run instruction [create] for node (2602)","timestamp":"2025-04-28 01:06:44"}
{"level":"info","message":"execution (30656) run instruction [create] for node (2602) finished as status: 1","timestamp":"2025-04-28 01:06:44"}
{"level":"info","message":"execution (30656) run instruction [calculation] for node (2606)","timestamp":"2025-04-28 01:06:44"}
{"level":"info","message":"execution (30656) run instruction [calculation] for node (2606) finished as status: 1","timestamp":"2025-04-28 01:06:45"}
{"level":"info","message":"execution (30656) run instruction [calculation] for node (2605)","timestamp":"2025-04-28 01:06:45"}
{"level":"info","message":"execution (30656) run instruction [calculation] for node (2605) finished as status: 1","timestamp":"2025-04-28 01:06:45"}
{"level":"info","message":"execution (30656) run instruction [calculation] for node (2604)","timestamp":"2025-04-28 01:06:45"}
{"level":"info","message":"execution (30656) run instruction [calculation] for node (2604) finished as status: 1","timestamp":"2025-04-28 01:06:45"}
{"level":"info","message":"execution (30656) run instruction [create] for node (2607)","timestamp":"2025-04-28 01:06:45"}
{"level":"info","message":"execution (30656) run instruction [create] for node (2607) finished as status: 1","timestamp":"2025-04-28 01:06:45"}
{"level":"info","message":"execution (30656) run instruction [calculation] for node (2610)","timestamp":"2025-04-28 01:06:45"}
{"level":"info","message":"execution (30656) run instruction [calculation] for node (2610) finished as status: 1","timestamp":"2025-04-28 01:06:45"}
{"level":"info","message":"execution (30656) run instruction [calculation] for node (2609)","timestamp":"2025-04-28 01:06:45"}
{"level":"info","message":"execution (30656) run instruction [calculation] for node (2609) finished as status: 1","timestamp":"2025-04-28 01:06:45"}
{"level":"info","message":"execution (30656) run instruction [calculation] for node (2608)","timestamp":"2025-04-28 01:06:45"}
{"level":"info","message":"execution (30656) run instruction [calculation] for node (2608) finished as status: 1","timestamp":"2025-04-28 01:06:45"}
{"level":"info","message":"execution (30656) run instruction [create] for node (2611)","timestamp":"2025-04-28 01:06:45"}
{"level":"info","message":"execution (30656) run instruction [create] for node (2611) finished as status: 1","timestamp":"2025-04-28 01:06:45"}
{"level":"info","message":"execution (30656) run instruction [condition] for node (2616)","timestamp":"2025-04-28 01:06:45"}
{"level":"info","message":"execution (30656) run instruction [condition] for node (2616) finished as status: -1","timestamp":"2025-04-28 01:06:45"}
{"level":"info","message":"execution (30656) exiting with status -1","timestamp":"2025-04-28 01:06:45"}
{"level":"info","execution":{"id":30656,"createdAt":"2025-04-28T01:06:44.770Z","updatedAt":"2025-04-28T01:06:45.071Z","key":"o3iucqm26et","eventKey":"7c7753cd-a681-43f2-a74a-098598e8941e","context":{"data":{"createdAt":"2025-04-28T01:06:44.626Z","updatedAt":"2025-04-28T01:06:44.668Z","start_date":"2025-04-28T09:00:00.000Z","end_date":"2025-04-28T09:50:00.000Z","package_id":2,"discount":0,"month_convert":"2025/4","id":461,"total":400,"transport_fee":0,"payment_method":"Online Transfer","fee":400,"progress":0,"student_id":110,"payment_date":"2025-04-28","invoice_number":"INV250428-0390","salary_id":null,"commission":null,"done":null,"createdById":3,"updatedById":3,"student_db":{"createdAt":"2025-04-20T14:09:29.734Z","updatedAt":"2025-04-22T14:40:27.581Z","class_venue":5,"gender":"Male","day":["Monday"],"name":"Yong Jun Bin","parent_name":"Ng Choh Khim","contact_number":"0167708625","email":null,"address":"Block D 16-01 Wave Marina Cove / Block C 05-07 Seri Mutiara Apartment Seri Alam","emergency_contact_name":null,"emergency_contact_nunber":null,"id":110,"dob":"2015-02-10","start_date":"2024-04-05","start_time":"17:00:00","duration":"50 Mins","user_id":null,"coach_id":1,"createdById":1,"updatedById":3},"attendance_db":[],"package_db":{"createdAt":"2025-04-04T05:48:00.404Z","updatedAt":"2025-04-09T15:33:56.292Z","name_sort":5,"nop_sort":2,"fee":400,"id":2,"name":"PV4 - 👤","transport_fee":null,"quantity":4,"type":"PV","nop":"1","createdById":1,"updatedById":1}},"user":{"createdAt":"2025-04-02T02:52:35.125Z","updatedAt":"2025-04-25T23:25:00.603Z","systemSettings":{},"id":3,"nickname":"Felicia","username":"felicia","email":"t.xinyi98@gmail.com","phone":null,"passwordChangeTz":null,"appLang":"zh-CN","createdById":1,"updatedById":1},"roleName":"root"},"status":-1,"stack":null,"output":null,"workflowId":227},"message":"execution (30656) finished with status: -1","timestamp":"2025-04-28 01:06:45"}
{"level":"info","message":"new event triggered, now events: 1","timestamp":"2025-04-28 05:01:47"}
{"level":"info","message":"preparing execution for event","timestamp":"2025-04-28 05:01:47"}
{"level":"info","message":"execution of workflow 227 created as 30670","timestamp":"2025-04-28 05:01:47"}
{"level":"info","message":"execution (30670) fetched from db","timestamp":"2025-04-28 05:01:47"}
{"level":"info","message":"execution (30670) starting...","timestamp":"2025-04-28 05:01:47"}
{"level":"info","message":"execution (30670) run instruction [calculation] for node (2598)","timestamp":"2025-04-28 05:01:47"}
{"level":"info","message":"execution (30670) run instruction [calculation] for node (2598) finished as status: 1","timestamp":"2025-04-28 05:01:47"}
{"level":"info","message":"execution (30670) run instruction [create] for node (2597)","timestamp":"2025-04-28 05:01:47"}
{"level":"info","message":"execution (30670) run instruction [create] for node (2597) finished as status: 1","timestamp":"2025-04-28 05:01:48"}
{"level":"info","message":"execution (30670) run instruction [condition] for node (2599)","timestamp":"2025-04-28 05:01:48"}
{"level":"info","message":"execution (30670) run instruction [condition] for node (2599) finished as status: 1","timestamp":"2025-04-28 05:01:48"}
{"level":"info","message":"execution (30670) run instruction [calculation] for node (2600)","timestamp":"2025-04-28 05:01:48"}
{"level":"info","message":"execution (30670) run instruction [calculation] for node (2600) finished as status: 1","timestamp":"2025-04-28 05:01:48"}
{"level":"info","message":"execution (30670) run instruction [calculation] for node (2601)","timestamp":"2025-04-28 05:01:48"}
{"level":"info","message":"execution (30670) run instruction [calculation] for node (2601) finished as status: 1","timestamp":"2025-04-28 05:01:48"}
{"level":"info","message":"execution (30670) run instruction [calculation] for node (2603)","timestamp":"2025-04-28 05:01:48"}
{"level":"info","message":"execution (30670) run instruction [calculation] for node (2603) finished as status: 1","timestamp":"2025-04-28 05:01:48"}
{"level":"info","message":"execution (30670) run instruction [create] for node (2602)","timestamp":"2025-04-28 05:01:48"}
{"level":"info","message":"execution (30670) run instruction [create] for node (2602) finished as status: 1","timestamp":"2025-04-28 05:01:48"}
{"level":"info","message":"execution (30670) run instruction [calculation] for node (2606)","timestamp":"2025-04-28 05:01:48"}
{"level":"info","message":"execution (30670) run instruction [calculation] for node (2606) finished as status: 1","timestamp":"2025-04-28 05:01:48"}
{"level":"info","message":"execution (30670) run instruction [calculation] for node (2605)","timestamp":"2025-04-28 05:01:48"}
{"level":"info","message":"execution (30670) run instruction [calculation] for node (2605) finished as status: 1","timestamp":"2025-04-28 05:01:48"}
{"level":"info","message":"execution (30670) run instruction [calculation] for node (2604)","timestamp":"2025-04-28 05:01:48"}
{"level":"info","message":"execution (30670) run instruction [calculation] for node (2604) finished as status: 1","timestamp":"2025-04-28 05:01:48"}
{"level":"info","message":"execution (30670) run instruction [create] for node (2607)","timestamp":"2025-04-28 05:01:48"}
{"level":"info","message":"execution (30670) run instruction [create] for node (2607) finished as status: 1","timestamp":"2025-04-28 05:01:48"}
{"level":"info","message":"execution (30670) run instruction [calculation] for node (2610)","timestamp":"2025-04-28 05:01:48"}
{"level":"info","message":"execution (30670) run instruction [calculation] for node (2610) finished as status: 1","timestamp":"2025-04-28 05:01:48"}
{"level":"info","message":"execution (30670) run instruction [calculation] for node (2609)","timestamp":"2025-04-28 05:01:48"}
{"level":"info","message":"execution (30670) run instruction [calculation] for node (2609) finished as status: 1","timestamp":"2025-04-28 05:01:48"}
{"level":"info","message":"execution (30670) run instruction [calculation] for node (2608)","timestamp":"2025-04-28 05:01:48"}
{"level":"info","message":"execution (30670) run instruction [calculation] for node (2608) finished as status: 1","timestamp":"2025-04-28 05:01:48"}
{"level":"info","message":"execution (30670) run instruction [create] for node (2611)","timestamp":"2025-04-28 05:01:48"}
{"level":"info","message":"execution (30670) run instruction [create] for node (2611) finished as status: 1","timestamp":"2025-04-28 05:01:48"}
{"level":"info","message":"execution (30670) run instruction [condition] for node (2616)","timestamp":"2025-04-28 05:01:48"}
{"level":"info","message":"execution (30670) run instruction [condition] for node (2616) finished as status: 1","timestamp":"2025-04-28 05:01:48"}
{"level":"info","message":"execution (30670) run instruction [calculation] for node (2614)","timestamp":"2025-04-28 05:01:48"}
{"level":"info","message":"execution (30670) run instruction [calculation] for node (2614) finished as status: 1","timestamp":"2025-04-28 05:01:48"}
{"level":"info","message":"execution (30670) run instruction [calculation] for node (2613)","timestamp":"2025-04-28 05:01:48"}
{"level":"info","message":"execution (30670) run instruction [calculation] for node (2613) finished as status: 1","timestamp":"2025-04-28 05:01:48"}
{"level":"info","message":"execution (30670) run instruction [calculation] for node (2612)","timestamp":"2025-04-28 05:01:48"}
{"level":"info","message":"execution (30670) run instruction [calculation] for node (2612) finished as status: 1","timestamp":"2025-04-28 05:01:48"}
{"level":"info","message":"execution (30670) run instruction [create] for node (2615)","timestamp":"2025-04-28 05:01:48"}
{"level":"info","message":"execution (30670) run instruction [create] for node (2615) finished as status: 1","timestamp":"2025-04-28 05:01:48"}
{"level":"info","message":"execution (30670) run instruction [calculation] for node (2619)","timestamp":"2025-04-28 05:01:48"}
{"level":"info","message":"execution (30670) run instruction [calculation] for node (2619) finished as status: 1","timestamp":"2025-04-28 05:01:48"}
{"level":"info","message":"execution (30670) run instruction [calculation] for node (2618)","timestamp":"2025-04-28 05:01:48"}
{"level":"info","message":"execution (30670) run instruction [calculation] for node (2618) finished as status: 1","timestamp":"2025-04-28 05:01:48"}
{"level":"info","message":"execution (30670) run instruction [calculation] for node (2617)","timestamp":"2025-04-28 05:01:48"}
{"level":"info","message":"execution (30670) run instruction [calculation] for node (2617) finished as status: 1","timestamp":"2025-04-28 05:01:48"}
{"level":"info","message":"execution (30670) run instruction [create] for node (2620)","timestamp":"2025-04-28 05:01:48"}
{"level":"info","message":"execution (30670) run instruction [create] for node (2620) finished as status: 1","timestamp":"2025-04-28 05:01:48"}
{"level":"info","message":"execution (30670) run instruction [calculation] for node (2623)","timestamp":"2025-04-28 05:01:48"}
{"level":"info","message":"execution (30670) run instruction [calculation] for node (2623) finished as status: 1","timestamp":"2025-04-28 05:01:48"}
{"level":"info","message":"execution (30670) run instruction [calculation] for node (2622)","timestamp":"2025-04-28 05:01:48"}
{"level":"info","message":"execution (30670) run instruction [calculation] for node (2622) finished as status: 1","timestamp":"2025-04-28 05:01:48"}
{"level":"info","message":"execution (30670) run instruction [calculation] for node (2621)","timestamp":"2025-04-28 05:01:48"}
{"level":"info","message":"execution (30670) run instruction [calculation] for node (2621) finished as status: 1","timestamp":"2025-04-28 05:01:48"}
{"level":"info","message":"execution (30670) run instruction [create] for node (2624)","timestamp":"2025-04-28 05:01:48"}
{"level":"info","message":"execution (30670) run instruction [create] for node (2624) finished as status: 1","timestamp":"2025-04-28 05:01:48"}
{"level":"info","message":"execution (30670) run instruction [calculation] for node (2627)","timestamp":"2025-04-28 05:01:48"}
{"level":"info","message":"execution (30670) run instruction [calculation] for node (2627) finished as status: 1","timestamp":"2025-04-28 05:01:48"}
{"level":"info","message":"execution (30670) run instruction [calculation] for node (2626)","timestamp":"2025-04-28 05:01:48"}
{"level":"info","message":"execution (30670) run instruction [calculation] for node (2626) finished as status: 1","timestamp":"2025-04-28 05:01:48"}
{"level":"info","message":"execution (30670) run instruction [calculation] for node (2625)","timestamp":"2025-04-28 05:01:48"}
{"level":"info","message":"execution (30670) run instruction [calculation] for node (2625) finished as status: 1","timestamp":"2025-04-28 05:01:48"}
{"level":"info","message":"execution (30670) run instruction [create] for node (2628)","timestamp":"2025-04-28 05:01:48"}
{"level":"info","message":"execution (30670) run instruction [create] for node (2628) finished as status: 1","timestamp":"2025-04-28 05:01:48"}
{"level":"info","message":"execution (30670) run instruction [calculation] for node (2631)","timestamp":"2025-04-28 05:01:48"}
{"level":"info","message":"execution (30670) run instruction [calculation] for node (2631) finished as status: 1","timestamp":"2025-04-28 05:01:48"}
{"level":"info","message":"execution (30670) run instruction [calculation] for node (2630)","timestamp":"2025-04-28 05:01:48"}
{"level":"info","message":"execution (30670) run instruction [calculation] for node (2630) finished as status: 1","timestamp":"2025-04-28 05:01:48"}
{"level":"info","message":"execution (30670) run instruction [calculation] for node (2629)","timestamp":"2025-04-28 05:01:48"}
{"level":"info","message":"execution (30670) run instruction [calculation] for node (2629) finished as status: 1","timestamp":"2025-04-28 05:01:48"}
{"level":"info","message":"execution (30670) run instruction [create] for node (2632)","timestamp":"2025-04-28 05:01:48"}
{"level":"info","message":"execution (30670) run instruction [create] for node (2632) finished as status: 1","timestamp":"2025-04-28 05:01:48"}
{"level":"info","message":"execution (30670) run instruction [calculation] for node (2635)","timestamp":"2025-04-28 05:01:48"}
{"level":"info","message":"execution (30670) run instruction [calculation] for node (2635) finished as status: 1","timestamp":"2025-04-28 05:01:48"}
{"level":"info","message":"execution (30670) run instruction [calculation] for node (2634)","timestamp":"2025-04-28 05:01:48"}
{"level":"info","message":"execution (30670) run instruction [calculation] for node (2634) finished as status: 1","timestamp":"2025-04-28 05:01:48"}
{"level":"info","message":"execution (30670) run instruction [calculation] for node (2633)","timestamp":"2025-04-28 05:01:48"}
{"level":"info","message":"execution (30670) run instruction [calculation] for node (2633) finished as status: 1","timestamp":"2025-04-28 05:01:48"}
{"level":"info","message":"execution (30670) run instruction [create] for node (2636)","timestamp":"2025-04-28 05:01:48"}
{"level":"info","message":"execution (30670) run instruction [create] for node (2636) finished as status: 1","timestamp":"2025-04-28 05:01:48"}
{"level":"info","message":"execution (30670) run instruction [condition] for node (2717)","timestamp":"2025-04-28 05:01:48"}
{"level":"info","message":"execution (30670) run instruction [condition] for node (2717) finished as status: -1","timestamp":"2025-04-28 05:01:48"}
{"level":"info","message":"execution (30670) exiting with status -1","timestamp":"2025-04-28 05:01:48"}
{"level":"info","execution":{"id":30670,"createdAt":"2025-04-28T05:01:47.876Z","updatedAt":"2025-04-28T05:01:48.305Z","key":"o3iucqm26et","eventKey":"3af6f726-5636-4e47-9812-6914e9a5b126","context":{"data":{"createdAt":"2025-04-28T05:01:47.760Z","updatedAt":"2025-04-28T05:01:47.781Z","start_date":"2025-04-29T10:30:00.000Z","end_date":"2025-04-29T11:20:00.000Z","package_id":3,"discount":0,"month_convert":"2025/4","id":462,"total":950,"transport_fee":0,"payment_method":"Online Transfer","fee":950,"progress":0,"student_id":37,"payment_date":"2025-04-28","invoice_number":"INV250428-0391","salary_id":null,"commission":null,"done":null,"createdById":3,"updatedById":3,"student_db":{"createdAt":"2025-04-20T14:09:29.122Z","updatedAt":"2025-04-22T14:40:27.500Z","class_venue":10,"gender":"Male","day":["Tuesday"],"name":"Jasper Lim","parent_name":"Joey Lam Li Min","contact_number":"0128951540","email":null,"address":"15 ,Jln Seri Austin 3/59 , Taman Seri Austin ","emergency_contact_name":null,"emergency_contact_nunber":null,"id":37,"dob":"2019-08-28","start_date":"2024-01-22","start_time":"18:30:00","duration":"50 Mins","user_id":null,"coach_id":1,"createdById":1,"updatedById":3},"attendance_db":[],"package_db":{"createdAt":"2025-04-04T08:27:13.303Z","updatedAt":"2025-04-09T15:33:58.807Z","name_sort":6,"nop_sort":3,"fee":950,"id":3,"name":"PV10 - 👤","transport_fee":null,"quantity":10,"type":"PV","nop":"1","createdById":1,"updatedById":1}},"user":{"createdAt":"2025-04-02T02:52:35.125Z","updatedAt":"2025-04-25T23:25:00.603Z","systemSettings":{},"id":3,"nickname":"Felicia","username":"felicia","email":"t.xinyi98@gmail.com","phone":null,"passwordChangeTz":null,"appLang":"zh-CN","createdById":1,"updatedById":1},"roleName":"root"},"status":-1,"stack":null,"output":null,"workflowId":227},"message":"execution (30670) finished with status: -1","timestamp":"2025-04-28 05:01:48"}
