{"level":"info","message":"new event triggered, now events: 1","timestamp":"2025-05-11 05:09:08"}
{"level":"info","message":"preparing execution for event","timestamp":"2025-05-11 05:09:08"}
{"level":"info","message":"execution of workflow 227 created as 31353","timestamp":"2025-05-11 05:09:08"}
{"level":"info","message":"execution (31353) fetched from db","timestamp":"2025-05-11 05:09:08"}
{"level":"info","message":"execution (31353) starting...","timestamp":"2025-05-11 05:09:08"}
{"level":"info","message":"execution (31353) run instruction [calculation] for node (2598)","timestamp":"2025-05-11 05:09:08"}
{"level":"info","message":"execution (31353) run instruction [calculation] for node (2598) finished as status: 1","timestamp":"2025-05-11 05:09:08"}
{"level":"info","message":"execution (31353) run instruction [create] for node (2597)","timestamp":"2025-05-11 05:09:08"}
{"level":"info","message":"execution (31353) run instruction [create] for node (2597) finished as status: 1","timestamp":"2025-05-11 05:09:08"}
{"level":"info","message":"execution (31353) run instruction [condition] for node (2599)","timestamp":"2025-05-11 05:09:08"}
{"level":"info","message":"execution (31353) run instruction [condition] for node (2599) finished as status: 1","timestamp":"2025-05-11 05:09:08"}
{"level":"info","message":"execution (31353) run instruction [calculation] for node (2600)","timestamp":"2025-05-11 05:09:08"}
{"level":"info","message":"execution (31353) run instruction [calculation] for node (2600) finished as status: 1","timestamp":"2025-05-11 05:09:08"}
{"level":"info","message":"execution (31353) run instruction [calculation] for node (2601)","timestamp":"2025-05-11 05:09:08"}
{"level":"info","message":"execution (31353) run instruction [calculation] for node (2601) finished as status: 1","timestamp":"2025-05-11 05:09:08"}
{"level":"info","message":"execution (31353) run instruction [calculation] for node (2603)","timestamp":"2025-05-11 05:09:08"}
{"level":"info","message":"execution (31353) run instruction [calculation] for node (2603) finished as status: 1","timestamp":"2025-05-11 05:09:08"}
{"level":"info","message":"execution (31353) run instruction [create] for node (2602)","timestamp":"2025-05-11 05:09:08"}
{"level":"info","message":"execution (31353) run instruction [create] for node (2602) finished as status: 1","timestamp":"2025-05-11 05:09:08"}
{"level":"info","message":"execution (31353) run instruction [calculation] for node (2606)","timestamp":"2025-05-11 05:09:08"}
{"level":"info","message":"execution (31353) run instruction [calculation] for node (2606) finished as status: 1","timestamp":"2025-05-11 05:09:08"}
{"level":"info","message":"execution (31353) run instruction [calculation] for node (2605)","timestamp":"2025-05-11 05:09:08"}
{"level":"info","message":"execution (31353) run instruction [calculation] for node (2605) finished as status: 1","timestamp":"2025-05-11 05:09:08"}
{"level":"info","message":"execution (31353) run instruction [calculation] for node (2604)","timestamp":"2025-05-11 05:09:08"}
{"level":"info","message":"execution (31353) run instruction [calculation] for node (2604) finished as status: 1","timestamp":"2025-05-11 05:09:08"}
{"level":"info","message":"execution (31353) run instruction [create] for node (2607)","timestamp":"2025-05-11 05:09:08"}
{"level":"info","message":"execution (31353) run instruction [create] for node (2607) finished as status: 1","timestamp":"2025-05-11 05:09:08"}
{"level":"info","message":"execution (31353) run instruction [calculation] for node (2610)","timestamp":"2025-05-11 05:09:08"}
{"level":"info","message":"execution (31353) run instruction [calculation] for node (2610) finished as status: 1","timestamp":"2025-05-11 05:09:08"}
{"level":"info","message":"execution (31353) run instruction [calculation] for node (2609)","timestamp":"2025-05-11 05:09:08"}
{"level":"info","message":"execution (31353) run instruction [calculation] for node (2609) finished as status: 1","timestamp":"2025-05-11 05:09:08"}
{"level":"info","message":"execution (31353) run instruction [calculation] for node (2608)","timestamp":"2025-05-11 05:09:08"}
{"level":"info","message":"execution (31353) run instruction [calculation] for node (2608) finished as status: 1","timestamp":"2025-05-11 05:09:08"}
{"level":"info","message":"execution (31353) run instruction [create] for node (2611)","timestamp":"2025-05-11 05:09:08"}
{"level":"info","message":"execution (31353) run instruction [create] for node (2611) finished as status: 1","timestamp":"2025-05-11 05:09:08"}
{"level":"info","message":"execution (31353) run instruction [condition] for node (2616)","timestamp":"2025-05-11 05:09:08"}
{"level":"info","message":"execution (31353) run instruction [condition] for node (2616) finished as status: 1","timestamp":"2025-05-11 05:09:08"}
{"level":"info","message":"execution (31353) run instruction [calculation] for node (2614)","timestamp":"2025-05-11 05:09:08"}
{"level":"info","message":"execution (31353) run instruction [calculation] for node (2614) finished as status: 1","timestamp":"2025-05-11 05:09:08"}
{"level":"info","message":"execution (31353) run instruction [calculation] for node (2613)","timestamp":"2025-05-11 05:09:08"}
{"level":"info","message":"execution (31353) run instruction [calculation] for node (2613) finished as status: 1","timestamp":"2025-05-11 05:09:08"}
{"level":"info","message":"execution (31353) run instruction [calculation] for node (2612)","timestamp":"2025-05-11 05:09:08"}
{"level":"info","message":"execution (31353) run instruction [calculation] for node (2612) finished as status: 1","timestamp":"2025-05-11 05:09:08"}
{"level":"info","message":"execution (31353) run instruction [create] for node (2615)","timestamp":"2025-05-11 05:09:08"}
{"level":"info","message":"execution (31353) run instruction [create] for node (2615) finished as status: 1","timestamp":"2025-05-11 05:09:08"}
{"level":"info","message":"execution (31353) run instruction [calculation] for node (2619)","timestamp":"2025-05-11 05:09:08"}
{"level":"info","message":"execution (31353) run instruction [calculation] for node (2619) finished as status: 1","timestamp":"2025-05-11 05:09:08"}
{"level":"info","message":"execution (31353) run instruction [calculation] for node (2618)","timestamp":"2025-05-11 05:09:08"}
{"level":"info","message":"execution (31353) run instruction [calculation] for node (2618) finished as status: 1","timestamp":"2025-05-11 05:09:08"}
{"level":"info","message":"execution (31353) run instruction [calculation] for node (2617)","timestamp":"2025-05-11 05:09:08"}
{"level":"info","message":"execution (31353) run instruction [calculation] for node (2617) finished as status: 1","timestamp":"2025-05-11 05:09:08"}
{"level":"info","message":"execution (31353) run instruction [create] for node (2620)","timestamp":"2025-05-11 05:09:08"}
{"level":"info","message":"execution (31353) run instruction [create] for node (2620) finished as status: 1","timestamp":"2025-05-11 05:09:08"}
{"level":"info","message":"execution (31353) run instruction [calculation] for node (2623)","timestamp":"2025-05-11 05:09:08"}
{"level":"info","message":"execution (31353) run instruction [calculation] for node (2623) finished as status: 1","timestamp":"2025-05-11 05:09:08"}
{"level":"info","message":"execution (31353) run instruction [calculation] for node (2622)","timestamp":"2025-05-11 05:09:08"}
{"level":"info","message":"execution (31353) run instruction [calculation] for node (2622) finished as status: 1","timestamp":"2025-05-11 05:09:08"}
{"level":"info","message":"execution (31353) run instruction [calculation] for node (2621)","timestamp":"2025-05-11 05:09:08"}
{"level":"info","message":"execution (31353) run instruction [calculation] for node (2621) finished as status: 1","timestamp":"2025-05-11 05:09:08"}
{"level":"info","message":"execution (31353) run instruction [create] for node (2624)","timestamp":"2025-05-11 05:09:08"}
{"level":"info","message":"execution (31353) run instruction [create] for node (2624) finished as status: 1","timestamp":"2025-05-11 05:09:08"}
{"level":"info","message":"execution (31353) run instruction [calculation] for node (2627)","timestamp":"2025-05-11 05:09:08"}
{"level":"info","message":"execution (31353) run instruction [calculation] for node (2627) finished as status: 1","timestamp":"2025-05-11 05:09:08"}
{"level":"info","message":"execution (31353) run instruction [calculation] for node (2626)","timestamp":"2025-05-11 05:09:08"}
{"level":"info","message":"execution (31353) run instruction [calculation] for node (2626) finished as status: 1","timestamp":"2025-05-11 05:09:08"}
{"level":"info","message":"execution (31353) run instruction [calculation] for node (2625)","timestamp":"2025-05-11 05:09:08"}
{"level":"info","message":"execution (31353) run instruction [calculation] for node (2625) finished as status: 1","timestamp":"2025-05-11 05:09:08"}
{"level":"info","message":"execution (31353) run instruction [create] for node (2628)","timestamp":"2025-05-11 05:09:08"}
{"level":"info","message":"execution (31353) run instruction [create] for node (2628) finished as status: 1","timestamp":"2025-05-11 05:09:08"}
{"level":"info","message":"execution (31353) run instruction [calculation] for node (2631)","timestamp":"2025-05-11 05:09:08"}
{"level":"info","message":"execution (31353) run instruction [calculation] for node (2631) finished as status: 1","timestamp":"2025-05-11 05:09:08"}
{"level":"info","message":"execution (31353) run instruction [calculation] for node (2630)","timestamp":"2025-05-11 05:09:08"}
{"level":"info","message":"execution (31353) run instruction [calculation] for node (2630) finished as status: 1","timestamp":"2025-05-11 05:09:08"}
{"level":"info","message":"execution (31353) run instruction [calculation] for node (2629)","timestamp":"2025-05-11 05:09:08"}
{"level":"info","message":"execution (31353) run instruction [calculation] for node (2629) finished as status: 1","timestamp":"2025-05-11 05:09:08"}
{"level":"info","message":"execution (31353) run instruction [create] for node (2632)","timestamp":"2025-05-11 05:09:08"}
{"level":"info","message":"execution (31353) run instruction [create] for node (2632) finished as status: 1","timestamp":"2025-05-11 05:09:08"}
{"level":"info","message":"execution (31353) run instruction [calculation] for node (2635)","timestamp":"2025-05-11 05:09:08"}
{"level":"info","message":"execution (31353) run instruction [calculation] for node (2635) finished as status: 1","timestamp":"2025-05-11 05:09:08"}
{"level":"info","message":"execution (31353) run instruction [calculation] for node (2634)","timestamp":"2025-05-11 05:09:08"}
{"level":"info","message":"execution (31353) run instruction [calculation] for node (2634) finished as status: 1","timestamp":"2025-05-11 05:09:08"}
{"level":"info","message":"execution (31353) run instruction [calculation] for node (2633)","timestamp":"2025-05-11 05:09:08"}
{"level":"info","message":"execution (31353) run instruction [calculation] for node (2633) finished as status: 1","timestamp":"2025-05-11 05:09:08"}
{"level":"info","message":"execution (31353) run instruction [create] for node (2636)","timestamp":"2025-05-11 05:09:08"}
{"level":"info","message":"execution (31353) run instruction [create] for node (2636) finished as status: 1","timestamp":"2025-05-11 05:09:08"}
{"level":"info","message":"execution (31353) run instruction [condition] for node (2717)","timestamp":"2025-05-11 05:09:08"}
{"level":"info","message":"execution (31353) run instruction [condition] for node (2717) finished as status: -1","timestamp":"2025-05-11 05:09:08"}
{"level":"info","message":"execution (31353) exiting with status -1","timestamp":"2025-05-11 05:09:08"}
{"level":"info","execution":{"id":31353,"createdAt":"2025-05-11T05:09:08.068Z","updatedAt":"2025-05-11T05:09:08.767Z","key":"o3iucqm26et","eventKey":"d9a8b010-0864-49fd-bed5-f63a90858f30","context":{"data":{"createdAt":"2025-05-11T05:09:07.899Z","updatedAt":"2025-05-11T05:09:07.937Z","start_date":"2025-05-11T07:00:00.000Z","end_date":"2025-05-11T07:50:00.000Z","package_id":64,"discount":0,"month_convert":"2025/5","id":474,"total":480,"transport_fee":0,"payment_method":"Qr Pay","fee":480,"progress":0,"student_id":55,"payment_date":"2025-05-11","invoice_number":"INV250511-0399","salary_id":null,"commission":null,"done":null,"createdById":3,"updatedById":3,"student_db":{"createdAt":"2025-04-20T14:09:29.291Z","updatedAt":"2025-05-02T09:44:30.164Z","dob":"2015-10-20T00:00:00.000Z","class_venue":4,"gender":"Male","day":["Friday"],"name":"Low Yik Ze","parent_name":"Shi Yan","contact_number":"0167470973","email":null,"address":"48, Jln Perjiranan 12/6 , Bandar Dato Onn","emergency_contact_name":null,"emergency_contact_nunber":null,"id":55,"start_date":"2024-06-14","start_time":"15:00:00","duration":"50 Mins","user_id":null,"coach_id":2,"age":"10","createdById":1,"updatedById":1},"attendance_db":[],"package_db":{"createdAt":"2025-04-04T08:50:45.755Z","updatedAt":"2025-05-04T07:52:06.279Z","fee":480,"id":64,"name":"GROUP10","transport_fee":null,"quantity":10,"type":"G","nop":"1","total":480,"description":"GROUP (INDIVIDUAL) - 10 LESSON","createdById":1,"updatedById":3}},"user":{"createdAt":"2025-04-02T02:52:35.125Z","updatedAt":"2025-05-04T10:00:42.937Z","systemSettings":{},"id":3,"nickname":"Felicia","phone":null,"passwordChangeTz":null,"appLang":"zh-CN","username":"felicia","email":"t.xinyi98@gmail.com","createdById":1,"updatedById":3},"roleName":"root"},"status":-1,"stack":null,"output":null,"workflowId":227},"message":"execution (31353) finished with status: -1","timestamp":"2025-05-11 05:09:08"}
