{"level":"info","message":"execution of workflow 128 created as 752","timestamp":"2025-04-12 10:50:33"}
{"level":"info","message":"queueing execution (752) from pending list updated to started","timestamp":"2025-04-12 10:50:33"}
{"level":"info","message":"execution (752) starting...","timestamp":"2025-04-12 10:50:33"}
{"level":"info","message":"execution (752) run instruction [sql] for node (893)","timestamp":"2025-04-12 10:50:34"}
{"level":"info","message":"execution (752) run instruction [sql] for node (893) finished as status: 1","timestamp":"2025-04-12 10:50:34"}
{"level":"info","message":"execution (752) exiting with status 1","timestamp":"2025-04-12 10:50:34"}
{"level":"info","execution":{"id":752,"context":{"date":"2025-04-12T10:50:33.946Z"},"key":"xe1jdej16kv","eventKey":"0604ee9b-f631-4e24-be04-8057bbfdbfc8","stack":null,"status":1,"workflowId":128,"updatedAt":"2025-04-12T10:50:34.047Z","createdAt":"2025-04-12T10:50:33.973Z","output":null},"message":"execution (752) finished with status: 1","timestamp":"2025-04-12 10:50:34"}
{"level":"info","message":"execution of workflow 128 created as 785","timestamp":"2025-04-12 13:04:55"}
{"level":"info","message":"queueing execution (785) from pending list updated to started","timestamp":"2025-04-12 13:04:55"}
{"level":"info","message":"execution (785) starting...","timestamp":"2025-04-12 13:04:55"}
{"level":"info","message":"execution (785) run instruction [sql] for node (893)","timestamp":"2025-04-12 13:04:55"}
{"level":"info","message":"execution (785) run instruction [sql] for node (893) finished as status: 1","timestamp":"2025-04-12 13:04:55"}
{"level":"info","message":"execution (785) exiting with status 1","timestamp":"2025-04-12 13:04:55"}
{"level":"info","execution":{"id":785,"context":{"date":"2025-04-12T13:04:55.105Z"},"key":"xe1jdej16kv","eventKey":"c6a0f9ab-79b8-429b-82f8-03587b665593","stack":null,"status":1,"workflowId":128,"updatedAt":"2025-04-12T13:04:55.398Z","createdAt":"2025-04-12T13:04:55.113Z","output":null},"message":"execution (785) finished with status: 1","timestamp":"2025-04-12 13:04:55"}
{"level":"info","message":"execution of workflow 128 created as 786","timestamp":"2025-04-12 13:06:06"}
{"level":"info","message":"queueing execution (786) from pending list updated to started","timestamp":"2025-04-12 13:06:06"}
{"level":"info","message":"execution (786) starting...","timestamp":"2025-04-12 13:06:06"}
{"level":"info","message":"execution (786) run instruction [sql] for node (893)","timestamp":"2025-04-12 13:06:06"}
{"level":"info","message":"execution (786) run instruction [sql] for node (893) finished as status: 1","timestamp":"2025-04-12 13:06:07"}
{"level":"info","message":"execution (786) exiting with status 1","timestamp":"2025-04-12 13:06:07"}
{"level":"info","execution":{"id":786,"context":{"date":"2025-04-12T13:06:06.581Z"},"key":"xe1jdej16kv","eventKey":"8f9895e5-ea37-4169-b76b-a8505d29454a","stack":null,"status":1,"workflowId":128,"updatedAt":"2025-04-12T13:06:07.008Z","createdAt":"2025-04-12T13:06:06.584Z","output":null},"message":"execution (786) finished with status: 1","timestamp":"2025-04-12 13:06:07"}
{"level":"info","message":"execution of workflow 128 created as 789","timestamp":"2025-04-12 13:15:40"}
{"level":"info","message":"queueing execution (789) from pending list updated to started","timestamp":"2025-04-12 13:15:40"}
{"level":"info","message":"execution (789) starting...","timestamp":"2025-04-12 13:15:40"}
{"level":"info","message":"execution (789) run instruction [sql] for node (893)","timestamp":"2025-04-12 13:15:40"}
{"level":"info","message":"execution (789) run instruction [sql] for node (893) finished as status: 1","timestamp":"2025-04-12 13:15:40"}
{"level":"info","message":"execution (789) exiting with status 1","timestamp":"2025-04-12 13:15:40"}
{"level":"info","execution":{"id":789,"context":{"date":"2025-04-12T13:15:40.882Z"},"key":"xe1jdej16kv","eventKey":"943eea6e-2d1a-49ce-a215-a88d694d795c","stack":null,"status":1,"workflowId":128,"updatedAt":"2025-04-12T13:15:40.952Z","createdAt":"2025-04-12T13:15:40.882Z","output":null},"message":"execution (789) finished with status: 1","timestamp":"2025-04-12 13:15:40"}
