{"level":"info","message":"new event triggered, now events: 1","timestamp":"2025-04-19 00:31:24"}
{"level":"info","message":"preparing execution for event","timestamp":"2025-04-19 00:31:24"}
{"level":"info","message":"execution of workflow 165 created as 1189","timestamp":"2025-04-19 00:31:24"}
{"level":"info","message":"pending execution (1189) ready to process","timestamp":"2025-04-19 00:31:24"}
{"level":"info","message":"queueing execution (1189) from pending list updated to started","timestamp":"2025-04-19 00:31:24"}
{"level":"info","message":"execution (1189) starting...","timestamp":"2025-04-19 00:31:24"}
{"level":"info","message":"execution (1189) run instruction [query] for node (1524)","timestamp":"2025-04-19 00:31:24"}
{"level":"info","message":"execution (1189) run instruction [query] for node (1524) finished as status: 1","timestamp":"2025-04-19 00:31:24"}
{"level":"info","message":"execution (1189) run instruction [condition] for node (1526)","timestamp":"2025-04-19 00:31:24"}
{"level":"info","message":"execution (1189) run instruction [update] for node (1525)","timestamp":"2025-04-19 00:31:24"}
{"level":"info","message":"execution (1189) run instruction [update] for node (1525) finished as status: 1","timestamp":"2025-04-19 00:31:24"}
{"level":"info","message":"execution (1189) run instruction [condition] for node (1526)","timestamp":"2025-04-19 00:31:24"}
{"level":"info","message":"execution (1189) run instruction [condition] for node (1526) finished as status: 1","timestamp":"2025-04-19 00:31:24"}
{"level":"info","message":"execution (1189) run instruction [condition] for node (1528)","timestamp":"2025-04-19 00:31:24"}
{"level":"info","message":"execution (1189) run instruction [parallel] for node (1529)","timestamp":"2025-04-19 00:31:24"}
{"level":"info","message":"execution (1189) run instruction [calculation] for node (1532)","timestamp":"2025-04-19 00:31:24"}
{"level":"info","message":"execution (1189) run instruction [calculation] for node (1532) finished as status: 1","timestamp":"2025-04-19 00:31:24"}
{"level":"info","message":"execution (1189) run instruction [update] for node (1530)","timestamp":"2025-04-19 00:31:24"}
{"level":"info","message":"execution (1189) run instruction [update] for node (1530) finished as status: 1","timestamp":"2025-04-19 00:31:24"}
{"level":"info","message":"execution (1189) run instruction [parallel] for node (1529)","timestamp":"2025-04-19 00:31:24"}
{"level":"info","message":"execution (1189) exiting with status 0","timestamp":"2025-04-19 00:31:24"}
{"level":"info","message":"execution (1189) exiting with status 0","timestamp":"2025-04-19 00:31:24"}
{"level":"info","message":"execution (1189) run instruction [query] for node (1536)","timestamp":"2025-04-19 00:31:24"}
{"level":"info","message":"execution (1189) run instruction [query] for node (1536) finished as status: 1","timestamp":"2025-04-19 00:31:24"}
{"level":"info","message":"execution (1189) run instruction [calculation] for node (1537)","timestamp":"2025-04-19 00:31:24"}
{"level":"info","message":"execution (1189) run instruction [calculation] for node (1537) finished as status: 1","timestamp":"2025-04-19 00:31:24"}
{"level":"info","message":"execution (1189) run instruction [update] for node (1531)","timestamp":"2025-04-19 00:31:24"}
{"level":"info","message":"execution (1189) run instruction [update] for node (1531) finished as status: 1","timestamp":"2025-04-19 00:31:24"}
{"level":"info","message":"execution (1189) run instruction [parallel] for node (1529)","timestamp":"2025-04-19 00:31:24"}
{"level":"info","message":"execution (1189) run instruction [parallel] for node (1529) finished as status: 1","timestamp":"2025-04-19 00:31:24"}
{"level":"info","message":"execution (1189) run instruction [condition] for node (1528)","timestamp":"2025-04-19 00:31:24"}
{"level":"info","message":"execution (1189) run instruction [condition] for node (1528) finished as status: 1","timestamp":"2025-04-19 00:31:24"}
{"level":"info","message":"execution (1189) run instruction [sql] for node (1534)","timestamp":"2025-04-19 00:31:24"}
{"level":"info","message":"execution (1189) run instruction [sql] for node (1534) finished as status: 1","timestamp":"2025-04-19 00:31:24"}
{"level":"info","message":"execution (1189) run instruction [sql] for node (1535)","timestamp":"2025-04-19 00:31:24"}
{"level":"info","message":"execution (1189) run instruction [sql] for node (1535) finished as status: 1","timestamp":"2025-04-19 00:31:24"}
{"level":"info","message":"execution (1189) exiting with status 1","timestamp":"2025-04-19 00:31:24"}
{"level":"info","message":"execution (1189) exiting with status 1","timestamp":"2025-04-19 00:31:24"}
{"level":"info","message":"execution (1189) exiting with status 1","timestamp":"2025-04-19 00:31:24"}
{"level":"info","message":"execution (1189) exiting with status 1","timestamp":"2025-04-19 00:31:24"}
{"level":"info","execution":{"id":1189,"context":{"data":{"createdAt":"2025-04-18T05:11:47.225Z","updatedAt":"2025-04-19T00:31:24.257Z","start_date":"2025-04-19T02:00:00.000Z","end_date":"2025-04-19T02:40:00.000Z","employee_id":1,"create_course_id":161,"salary_id":null,"remark":null,"status_sort":1,"id":584,"status":"Attend","status_convert":0,"month_convert":"4/2025","student":"Student A","teaching_fee":0,"actual_class_date":null,"createdById":null,"updatedById":null,"salary_db":null,"create_course_db":{"createdAt":"2025-04-18T05:11:46.816Z","updatedAt":"2025-04-18T05:58:31.625Z","start_date":"2025-04-18T00:00:00.000Z","end_date":"2025-04-18T00:40:00.000Z","package_id":3,"id":161,"payment_method":"Online Transfer","progress":0,"fee":950,"transport_fee":0,"student_id":10,"total":950,"invoice_number":"INV250401-0032","payment_date":"2025-04-01","createdById":1,"updatedById":1,"package_db":{"createdAt":"2025-04-04T08:27:13.303Z","updatedAt":"2025-04-09T15:33:58.807Z","name_sort":6,"nop_sort":3,"fee":950,"id":3,"name":"PV10 - 👤","transport_fee":null,"quantity":10,"type":"PV","nop":"1","createdById":1,"updatedById":1}},"employee_db":{"createdAt":"2025-04-02T13:39:00.321Z","updatedAt":"2025-04-18T14:37:42.160Z","bank_name":"Hong Leong Bank","bank_account":"1","emergency_contact_number":"1","job_title":"Swimming Coach","name":"Lee Chin Meng","contact_number":"0142788556","id":1,"identity_card":"990422016885","email":"xmrxperfectx@gmail.com","address":"No 28, Jalan Desa Putih 9, Taman Desa Putih","gender":"Male","emergency_contact_name":"1","user_id":1,"nickname":"Felix","dob":"1999-04-22","start_date":"2024-04-22","end_date":null,"level":"Special","createdById":1,"updatedById":1}}},"key":"ju393tq5yqm","eventKey":"8afdaf11-6b37-4a5f-9190-4c1025da87a9","stack":null,"status":1,"workflowId":165,"updatedAt":"2025-04-19T00:31:24.382Z","createdAt":"2025-04-19T00:31:24.281Z","output":null},"message":"execution (1189) finished with status: 1","timestamp":"2025-04-19 00:31:24"}
{"level":"info","message":"new event triggered, now events: 1","timestamp":"2025-04-19 00:51:42"}
{"level":"info","message":"preparing execution for event","timestamp":"2025-04-19 00:51:42"}
{"level":"info","message":"execution of workflow 165 created as 1192","timestamp":"2025-04-19 00:51:42"}
{"level":"info","message":"new event triggered, now events: 1","timestamp":"2025-04-19 00:51:42"}
{"level":"info","message":"preparing execution for event","timestamp":"2025-04-19 00:51:42"}
{"level":"info","message":"execution of workflow 165 created as 1193","timestamp":"2025-04-19 00:51:42"}
{"level":"info","message":"new event triggered, now events: 1","timestamp":"2025-04-19 00:51:42"}
{"level":"info","message":"preparing execution for event","timestamp":"2025-04-19 00:51:42"}
{"level":"info","message":"execution of workflow 165 created as 1194","timestamp":"2025-04-19 00:51:42"}
{"level":"info","message":"new event triggered, now events: 1","timestamp":"2025-04-19 00:51:42"}
{"level":"info","message":"preparing execution for event","timestamp":"2025-04-19 00:51:42"}
{"level":"info","message":"execution of workflow 165 created as 1195","timestamp":"2025-04-19 00:51:42"}
{"level":"info","message":"execution (1192) fetched from db","timestamp":"2025-04-19 00:51:42"}
{"level":"info","message":"execution (1192) starting...","timestamp":"2025-04-19 00:51:42"}
{"level":"info","message":"execution (1192) run instruction [query] for node (1524)","timestamp":"2025-04-19 00:51:42"}
{"level":"info","message":"execution (1192) run instruction [query] for node (1524) finished as status: 1","timestamp":"2025-04-19 00:51:42"}
{"level":"info","message":"execution (1192) run instruction [condition] for node (1526)","timestamp":"2025-04-19 00:51:42"}
{"level":"info","message":"execution (1192) run instruction [update] for node (1527)","timestamp":"2025-04-19 00:51:42"}
{"level":"error","message":"execution (1192) run instruction [update] for node (1527) failed:  Cannot read properties of undefined (reading 'replace')","stack":"TypeError: Cannot read properties of undefined (reading 'replace')\n    at escapeLike (/app/nocobase/node_modules/@nocobase/database/lib/operators/string.js:36:16)\n    at $notIncludes (/app/nocobase/node_modules/@nocobase/database/lib/operators/string.js:110:35)\n    at _FilterParser.toSequelizeParams (/app/nocobase/node_modules/@nocobase/database/lib/filter-parser.js:126:23)\n    at _OptionsParser.toSequelizeParams (/app/nocobase/node_modules/@nocobase/database/lib/options-parser.js:116:43)\n    at _Repository.buildQueryOptions (/app/nocobase/node_modules/@nocobase/database/lib/repository.js:538:27)\n    at _Repository.update (/app/nocobase/node_modules/@nocobase/database/lib/repository.js:394:34)\n    at process.processTicksAndRejections (node:internal/process/task_queues:95:5)\n    at async descriptor.value (/app/nocobase/node_modules/@nocobase/database/lib/decorators/transaction-decorator.js:84:29)\n    at async UpdateInstruction.run (/app/nocobase/node_modules/@nocobase/plugin-workflow/dist/server/instructions/UpdateInstruction.js:42:20)\n    at async Processor.exec (/app/nocobase/node_modules/@nocobase/plugin-workflow/dist/server/Processor.js:160:13)\n    at async ConditionInstruction.run (/app/nocobase/node_modules/@nocobase/plugin-workflow/dist/server/instructions/ConditionInstruction.js:77:5)\n    at async Processor.exec (/app/nocobase/node_modules/@nocobase/plugin-workflow/dist/server/Processor.js:160:13)\n    at async Processor.start (/app/nocobase/node_modules/@nocobase/plugin-workflow/dist/server/Processor.js:141:7)\n    at async PluginWorkflowServer.process (/app/nocobase/node_modules/@nocobase/plugin-workflow/dist/server/Plugin.js:602:7)\n    at async /app/nocobase/node_modules/@nocobase/plugin-workflow/dist/server/Plugin.js:579:9\n    at async Immediate.prepare (/app/nocobase/node_modules/@nocobase/plugin-workflow/dist/server/Plugin.js:522:9)","timestamp":"2025-04-19 00:51:42"}
{"level":"info","message":"execution (1192) run instruction [update] for node (1527) finished as status: -2","timestamp":"2025-04-19 00:51:42"}
{"level":"info","message":"execution (1192) run instruction [condition] for node (1526)","timestamp":"2025-04-19 00:51:42"}
{"level":"info","message":"execution (1192) exiting with status -2","timestamp":"2025-04-19 00:51:42"}
{"level":"info","message":"execution (1192) exiting with status -2","timestamp":"2025-04-19 00:51:42"}
{"level":"info","message":"execution (1192) exiting with status -2","timestamp":"2025-04-19 00:51:42"}
{"level":"info","execution":{"id":1192,"createdAt":"2025-04-19T00:51:42.798Z","updatedAt":"2025-04-19T00:51:42.907Z","key":"ju393tq5yqm","eventKey":"aaa8dbb2-c601-4870-84a3-84071c4670e4","context":{"data":{"createdAt":"2025-04-19T00:51:42.697Z","updatedAt":"2025-04-19T00:51:42.721Z","start_date":"2025-04-19T08:00:26.000Z","end_date":"2025-04-19T08:50:00.000Z","employee_id":1,"create_course_id":165,"salary_id":null,"remark":null,"status_sort":38,"id":602,"status":"Inactive","status_convert":0,"month_convert":"4/2025","student":"A Student","teaching_fee":0,"actual_class_date":null,"createdById":null,"updatedById":null,"expired_date":null,"salary_db":null,"create_course_db":{"createdAt":"2025-04-19T00:51:42.539Z","updatedAt":"2025-04-19T00:51:42.574Z","start_date":"2025-04-19T08:00:26.000Z","end_date":"2025-04-19T08:50:00.000Z","package_id":63,"id":165,"payment_method":"Cash","progress":0,"fee":200,"transport_fee":0,"student_id":5,"total":200,"invoice_number":"INV3","payment_date":"2025-04-19","createdById":1,"updatedById":1,"package_db":{"createdAt":"2025-04-04T08:50:36.682Z","updatedAt":"2025-04-09T15:43:24.697Z","name_sort":3,"nop_sort":18,"fee":200,"id":63,"name":"GROUP4","transport_fee":null,"quantity":4,"type":"G","nop":"1","createdById":1,"updatedById":1}},"employee_db":{"createdAt":"2025-04-02T13:39:00.321Z","updatedAt":"2025-04-18T14:37:42.160Z","bank_name":"Hong Leong Bank","bank_account":"1","emergency_contact_number":"1","job_title":"Swimming Coach","name":"Lee Chin Meng","contact_number":"0142788556","id":1,"identity_card":"990422016885","email":"xmrxperfectx@gmail.com","address":"No 28, Jalan Desa Putih 9, Taman Desa Putih","gender":"Male","emergency_contact_name":"1","user_id":1,"nickname":"Felix","dob":"1999-04-22","start_date":"2024-04-22","end_date":null,"level":"Special","createdById":1,"updatedById":1}}},"status":-2,"stack":[1191],"output":null,"workflowId":165},"message":"execution (1192) finished with status: -2","timestamp":"2025-04-19 00:51:42"}
{"level":"info","message":"execution (1193) fetched from db","timestamp":"2025-04-19 00:51:42"}
{"level":"info","message":"execution (1193) starting...","timestamp":"2025-04-19 00:51:42"}
{"level":"info","message":"execution (1193) run instruction [query] for node (1524)","timestamp":"2025-04-19 00:51:42"}
{"level":"info","message":"execution (1193) run instruction [query] for node (1524) finished as status: 1","timestamp":"2025-04-19 00:51:42"}
{"level":"info","message":"execution (1193) run instruction [condition] for node (1526)","timestamp":"2025-04-19 00:51:42"}
{"level":"info","message":"execution (1193) run instruction [update] for node (1527)","timestamp":"2025-04-19 00:51:42"}
{"level":"error","message":"execution (1193) run instruction [update] for node (1527) failed:  Cannot read properties of undefined (reading 'replace')","stack":"TypeError: Cannot read properties of undefined (reading 'replace')\n    at escapeLike (/app/nocobase/node_modules/@nocobase/database/lib/operators/string.js:36:16)\n    at $notIncludes (/app/nocobase/node_modules/@nocobase/database/lib/operators/string.js:110:35)\n    at _FilterParser.toSequelizeParams (/app/nocobase/node_modules/@nocobase/database/lib/filter-parser.js:126:23)\n    at _OptionsParser.toSequelizeParams (/app/nocobase/node_modules/@nocobase/database/lib/options-parser.js:116:43)\n    at _Repository.buildQueryOptions (/app/nocobase/node_modules/@nocobase/database/lib/repository.js:538:27)\n    at _Repository.update (/app/nocobase/node_modules/@nocobase/database/lib/repository.js:394:34)\n    at process.processTicksAndRejections (node:internal/process/task_queues:95:5)\n    at async descriptor.value (/app/nocobase/node_modules/@nocobase/database/lib/decorators/transaction-decorator.js:84:29)\n    at async UpdateInstruction.run (/app/nocobase/node_modules/@nocobase/plugin-workflow/dist/server/instructions/UpdateInstruction.js:42:20)\n    at async Processor.exec (/app/nocobase/node_modules/@nocobase/plugin-workflow/dist/server/Processor.js:160:13)\n    at async ConditionInstruction.run (/app/nocobase/node_modules/@nocobase/plugin-workflow/dist/server/instructions/ConditionInstruction.js:77:5)\n    at async Processor.exec (/app/nocobase/node_modules/@nocobase/plugin-workflow/dist/server/Processor.js:160:13)\n    at async Processor.start (/app/nocobase/node_modules/@nocobase/plugin-workflow/dist/server/Processor.js:141:7)\n    at async PluginWorkflowServer.process (/app/nocobase/node_modules/@nocobase/plugin-workflow/dist/server/Plugin.js:602:7)\n    at async /app/nocobase/node_modules/@nocobase/plugin-workflow/dist/server/Plugin.js:579:9","timestamp":"2025-04-19 00:51:42"}
{"level":"info","message":"execution (1193) run instruction [update] for node (1527) finished as status: -2","timestamp":"2025-04-19 00:51:42"}
{"level":"info","message":"execution (1193) run instruction [condition] for node (1526)","timestamp":"2025-04-19 00:51:42"}
{"level":"info","message":"execution (1193) exiting with status -2","timestamp":"2025-04-19 00:51:42"}
{"level":"info","message":"execution (1193) exiting with status -2","timestamp":"2025-04-19 00:51:42"}
{"level":"info","message":"execution (1193) exiting with status -2","timestamp":"2025-04-19 00:51:42"}
{"level":"info","execution":{"id":1193,"createdAt":"2025-04-19T00:51:42.828Z","updatedAt":"2025-04-19T00:51:42.945Z","key":"ju393tq5yqm","eventKey":"7dd23d04-8abb-4f88-97c5-a2fdc6a1b6c6","context":{"data":{"createdAt":"2025-04-19T00:51:42.807Z","updatedAt":"2025-04-19T00:51:42.813Z","start_date":"2025-04-26T08:00:00.000Z","end_date":"2025-04-26T08:50:00.000Z","employee_id":1,"create_course_id":165,"salary_id":null,"remark":null,"status_sort":39,"id":603,"status":"Inactive","status_convert":0,"month_convert":"4/2025","student":"A Student","teaching_fee":0,"actual_class_date":null,"createdById":null,"updatedById":null,"expired_date":null,"salary_db":null,"create_course_db":{"createdAt":"2025-04-19T00:51:42.539Z","updatedAt":"2025-04-19T00:51:42.574Z","start_date":"2025-04-19T08:00:26.000Z","end_date":"2025-04-19T08:50:00.000Z","package_id":63,"id":165,"payment_method":"Cash","progress":0,"fee":200,"transport_fee":0,"student_id":5,"total":200,"invoice_number":"INV3","payment_date":"2025-04-19","createdById":1,"updatedById":1,"package_db":{"createdAt":"2025-04-04T08:50:36.682Z","updatedAt":"2025-04-09T15:43:24.697Z","name_sort":3,"nop_sort":18,"fee":200,"id":63,"name":"GROUP4","transport_fee":null,"quantity":4,"type":"G","nop":"1","createdById":1,"updatedById":1}},"employee_db":{"createdAt":"2025-04-02T13:39:00.321Z","updatedAt":"2025-04-18T14:37:42.160Z","bank_name":"Hong Leong Bank","bank_account":"1","emergency_contact_number":"1","job_title":"Swimming Coach","name":"Lee Chin Meng","contact_number":"0142788556","id":1,"identity_card":"990422016885","email":"xmrxperfectx@gmail.com","address":"No 28, Jalan Desa Putih 9, Taman Desa Putih","gender":"Male","emergency_contact_name":"1","user_id":1,"nickname":"Felix","dob":"1999-04-22","start_date":"2024-04-22","end_date":null,"level":"Special","createdById":1,"updatedById":1}}},"status":-2,"stack":[1191],"output":null,"workflowId":165},"message":"execution (1193) finished with status: -2","timestamp":"2025-04-19 00:51:42"}
{"level":"info","message":"execution (1194) fetched from db","timestamp":"2025-04-19 00:51:42"}
{"level":"info","message":"execution (1194) starting...","timestamp":"2025-04-19 00:51:42"}
{"level":"info","message":"execution (1194) run instruction [query] for node (1524)","timestamp":"2025-04-19 00:51:42"}
{"level":"info","message":"execution (1194) run instruction [query] for node (1524) finished as status: 1","timestamp":"2025-04-19 00:51:42"}
{"level":"info","message":"execution (1194) run instruction [condition] for node (1526)","timestamp":"2025-04-19 00:51:42"}
{"level":"info","message":"execution (1194) run instruction [update] for node (1527)","timestamp":"2025-04-19 00:51:42"}
{"level":"error","message":"execution (1194) run instruction [update] for node (1527) failed:  Cannot read properties of undefined (reading 'replace')","stack":"TypeError: Cannot read properties of undefined (reading 'replace')\n    at escapeLike (/app/nocobase/node_modules/@nocobase/database/lib/operators/string.js:36:16)\n    at $notIncludes (/app/nocobase/node_modules/@nocobase/database/lib/operators/string.js:110:35)\n    at _FilterParser.toSequelizeParams (/app/nocobase/node_modules/@nocobase/database/lib/filter-parser.js:126:23)\n    at _OptionsParser.toSequelizeParams (/app/nocobase/node_modules/@nocobase/database/lib/options-parser.js:116:43)\n    at _Repository.buildQueryOptions (/app/nocobase/node_modules/@nocobase/database/lib/repository.js:538:27)\n    at _Repository.update (/app/nocobase/node_modules/@nocobase/database/lib/repository.js:394:34)\n    at process.processTicksAndRejections (node:internal/process/task_queues:95:5)\n    at async descriptor.value (/app/nocobase/node_modules/@nocobase/database/lib/decorators/transaction-decorator.js:84:29)\n    at async UpdateInstruction.run (/app/nocobase/node_modules/@nocobase/plugin-workflow/dist/server/instructions/UpdateInstruction.js:42:20)\n    at async Processor.exec (/app/nocobase/node_modules/@nocobase/plugin-workflow/dist/server/Processor.js:160:13)\n    at async ConditionInstruction.run (/app/nocobase/node_modules/@nocobase/plugin-workflow/dist/server/instructions/ConditionInstruction.js:77:5)\n    at async Processor.exec (/app/nocobase/node_modules/@nocobase/plugin-workflow/dist/server/Processor.js:160:13)\n    at async Processor.start (/app/nocobase/node_modules/@nocobase/plugin-workflow/dist/server/Processor.js:141:7)\n    at async PluginWorkflowServer.process (/app/nocobase/node_modules/@nocobase/plugin-workflow/dist/server/Plugin.js:602:7)\n    at async /app/nocobase/node_modules/@nocobase/plugin-workflow/dist/server/Plugin.js:579:9","timestamp":"2025-04-19 00:51:42"}
{"level":"info","message":"execution (1194) run instruction [update] for node (1527) finished as status: -2","timestamp":"2025-04-19 00:51:42"}
{"level":"info","message":"execution (1194) run instruction [condition] for node (1526)","timestamp":"2025-04-19 00:51:42"}
{"level":"info","message":"execution (1194) exiting with status -2","timestamp":"2025-04-19 00:51:42"}
{"level":"info","message":"execution (1194) exiting with status -2","timestamp":"2025-04-19 00:51:42"}
{"level":"info","message":"execution (1194) exiting with status -2","timestamp":"2025-04-19 00:51:42"}
{"level":"info","execution":{"id":1194,"createdAt":"2025-04-19T00:51:42.856Z","updatedAt":"2025-04-19T00:51:42.993Z","key":"ju393tq5yqm","eventKey":"60b2bd49-b2d3-456d-a698-2077dd7b8d9f","context":{"data":{"createdAt":"2025-04-19T00:51:42.841Z","updatedAt":"2025-04-19T00:51:42.846Z","start_date":"2025-05-03T08:00:00.000Z","end_date":"2025-05-03T08:50:00.000Z","employee_id":1,"create_course_id":165,"salary_id":null,"remark":null,"status_sort":40,"id":604,"status":"Inactive","status_convert":0,"month_convert":"5/2025","student":"A Student","teaching_fee":0,"actual_class_date":null,"createdById":null,"updatedById":null,"expired_date":null,"salary_db":null,"create_course_db":{"createdAt":"2025-04-19T00:51:42.539Z","updatedAt":"2025-04-19T00:51:42.574Z","start_date":"2025-04-19T08:00:26.000Z","end_date":"2025-04-19T08:50:00.000Z","package_id":63,"id":165,"payment_method":"Cash","progress":0,"fee":200,"transport_fee":0,"student_id":5,"total":200,"invoice_number":"INV3","payment_date":"2025-04-19","createdById":1,"updatedById":1,"package_db":{"createdAt":"2025-04-04T08:50:36.682Z","updatedAt":"2025-04-09T15:43:24.697Z","name_sort":3,"nop_sort":18,"fee":200,"id":63,"name":"GROUP4","transport_fee":null,"quantity":4,"type":"G","nop":"1","createdById":1,"updatedById":1}},"employee_db":{"createdAt":"2025-04-02T13:39:00.321Z","updatedAt":"2025-04-18T14:37:42.160Z","bank_name":"Hong Leong Bank","bank_account":"1","emergency_contact_number":"1","job_title":"Swimming Coach","name":"Lee Chin Meng","contact_number":"0142788556","id":1,"identity_card":"990422016885","email":"xmrxperfectx@gmail.com","address":"No 28, Jalan Desa Putih 9, Taman Desa Putih","gender":"Male","emergency_contact_name":"1","user_id":1,"nickname":"Felix","dob":"1999-04-22","start_date":"2024-04-22","end_date":null,"level":"Special","createdById":1,"updatedById":1}}},"status":-2,"stack":[1191],"output":null,"workflowId":165},"message":"execution (1194) finished with status: -2","timestamp":"2025-04-19 00:51:42"}
{"level":"info","message":"execution (1195) fetched from db","timestamp":"2025-04-19 00:51:43"}
{"level":"info","message":"execution (1195) starting...","timestamp":"2025-04-19 00:51:43"}
{"level":"info","message":"execution (1195) run instruction [query] for node (1524)","timestamp":"2025-04-19 00:51:43"}
{"level":"info","message":"execution (1195) run instruction [query] for node (1524) finished as status: 1","timestamp":"2025-04-19 00:51:43"}
{"level":"info","message":"execution (1195) run instruction [condition] for node (1526)","timestamp":"2025-04-19 00:51:43"}
{"level":"info","message":"execution (1195) run instruction [update] for node (1527)","timestamp":"2025-04-19 00:51:43"}
{"level":"error","message":"execution (1195) run instruction [update] for node (1527) failed:  Cannot read properties of undefined (reading 'replace')","stack":"TypeError: Cannot read properties of undefined (reading 'replace')\n    at escapeLike (/app/nocobase/node_modules/@nocobase/database/lib/operators/string.js:36:16)\n    at $notIncludes (/app/nocobase/node_modules/@nocobase/database/lib/operators/string.js:110:35)\n    at _FilterParser.toSequelizeParams (/app/nocobase/node_modules/@nocobase/database/lib/filter-parser.js:126:23)\n    at _OptionsParser.toSequelizeParams (/app/nocobase/node_modules/@nocobase/database/lib/options-parser.js:116:43)\n    at _Repository.buildQueryOptions (/app/nocobase/node_modules/@nocobase/database/lib/repository.js:538:27)\n    at _Repository.update (/app/nocobase/node_modules/@nocobase/database/lib/repository.js:394:34)\n    at process.processTicksAndRejections (node:internal/process/task_queues:95:5)\n    at async descriptor.value (/app/nocobase/node_modules/@nocobase/database/lib/decorators/transaction-decorator.js:84:29)\n    at async UpdateInstruction.run (/app/nocobase/node_modules/@nocobase/plugin-workflow/dist/server/instructions/UpdateInstruction.js:42:20)\n    at async Processor.exec (/app/nocobase/node_modules/@nocobase/plugin-workflow/dist/server/Processor.js:160:13)\n    at async ConditionInstruction.run (/app/nocobase/node_modules/@nocobase/plugin-workflow/dist/server/instructions/ConditionInstruction.js:77:5)\n    at async Processor.exec (/app/nocobase/node_modules/@nocobase/plugin-workflow/dist/server/Processor.js:160:13)\n    at async Processor.start (/app/nocobase/node_modules/@nocobase/plugin-workflow/dist/server/Processor.js:141:7)\n    at async PluginWorkflowServer.process (/app/nocobase/node_modules/@nocobase/plugin-workflow/dist/server/Plugin.js:602:7)\n    at async /app/nocobase/node_modules/@nocobase/plugin-workflow/dist/server/Plugin.js:579:9","timestamp":"2025-04-19 00:51:43"}
{"level":"info","message":"execution (1195) run instruction [update] for node (1527) finished as status: -2","timestamp":"2025-04-19 00:51:43"}
{"level":"info","message":"execution (1195) run instruction [condition] for node (1526)","timestamp":"2025-04-19 00:51:43"}
{"level":"info","message":"execution (1195) exiting with status -2","timestamp":"2025-04-19 00:51:43"}
{"level":"info","message":"execution (1195) exiting with status -2","timestamp":"2025-04-19 00:51:43"}
{"level":"info","message":"execution (1195) exiting with status -2","timestamp":"2025-04-19 00:51:43"}
{"level":"info","execution":{"id":1195,"createdAt":"2025-04-19T00:51:42.877Z","updatedAt":"2025-04-19T00:51:43.031Z","key":"ju393tq5yqm","eventKey":"7a5a99ec-2252-4191-83d9-69c913f23729","context":{"data":{"createdAt":"2025-04-19T00:51:42.865Z","updatedAt":"2025-04-19T00:51:42.868Z","start_date":"2025-05-10T08:00:00.000Z","end_date":"2025-05-10T08:50:00.000Z","employee_id":1,"create_course_id":165,"salary_id":null,"remark":null,"status_sort":41,"id":605,"status":"Inactive","status_convert":0,"month_convert":"5/2025","student":"A Student","teaching_fee":0,"actual_class_date":null,"createdById":null,"updatedById":null,"expired_date":null,"salary_db":null,"create_course_db":{"createdAt":"2025-04-19T00:51:42.539Z","updatedAt":"2025-04-19T00:51:42.574Z","start_date":"2025-04-19T08:00:26.000Z","end_date":"2025-04-19T08:50:00.000Z","package_id":63,"id":165,"payment_method":"Cash","progress":0,"fee":200,"transport_fee":0,"student_id":5,"total":200,"invoice_number":"INV3","payment_date":"2025-04-19","createdById":1,"updatedById":1,"package_db":{"createdAt":"2025-04-04T08:50:36.682Z","updatedAt":"2025-04-09T15:43:24.697Z","name_sort":3,"nop_sort":18,"fee":200,"id":63,"name":"GROUP4","transport_fee":null,"quantity":4,"type":"G","nop":"1","createdById":1,"updatedById":1}},"employee_db":{"createdAt":"2025-04-02T13:39:00.321Z","updatedAt":"2025-04-18T14:37:42.160Z","bank_name":"Hong Leong Bank","bank_account":"1","emergency_contact_number":"1","job_title":"Swimming Coach","name":"Lee Chin Meng","contact_number":"0142788556","id":1,"identity_card":"990422016885","email":"xmrxperfectx@gmail.com","address":"No 28, Jalan Desa Putih 9, Taman Desa Putih","gender":"Male","emergency_contact_name":"1","user_id":1,"nickname":"Felix","dob":"1999-04-22","start_date":"2024-04-22","end_date":null,"level":"Special","createdById":1,"updatedById":1}}},"status":-2,"stack":[1191],"output":null,"workflowId":165},"message":"execution (1195) finished with status: -2","timestamp":"2025-04-19 00:51:43"}
