{"level":"info","message":"new event triggered, now events: 1","timestamp":"2025-04-19 10:59:50"}
{"level":"info","message":"preparing execution for event","timestamp":"2025-04-19 10:59:50"}
{"level":"info","message":"execution of workflow 177 created as 1222","timestamp":"2025-04-19 10:59:50"}
{"level":"info","message":"pending execution (1222) ready to process","timestamp":"2025-04-19 10:59:50"}
{"level":"info","message":"queueing execution (1222) from pending list updated to started","timestamp":"2025-04-19 10:59:50"}
{"level":"info","message":"execution (1222) starting...","timestamp":"2025-04-19 10:59:50"}
{"level":"info","message":"execution (1222) run instruction [query] for node (1766)","timestamp":"2025-04-19 10:59:50"}
{"level":"info","message":"execution (1222) run instruction [query] for node (1766) finished as status: 1","timestamp":"2025-04-19 10:59:50"}
{"level":"info","message":"execution (1222) run instruction [condition] for node (1768)","timestamp":"2025-04-19 10:59:50"}
{"level":"info","message":"execution (1222) run instruction [update] for node (1769)","timestamp":"2025-04-19 10:59:50"}
{"level":"info","message":"execution (1222) run instruction [update] for node (1769) finished as status: 1","timestamp":"2025-04-19 10:59:50"}
{"level":"info","message":"execution (1222) run instruction [condition] for node (1768)","timestamp":"2025-04-19 10:59:50"}
{"level":"info","message":"execution (1222) run instruction [condition] for node (1768) finished as status: 1","timestamp":"2025-04-19 10:59:50"}
{"level":"info","message":"execution (1222) run instruction [condition] for node (1770)","timestamp":"2025-04-19 10:59:50"}
{"level":"info","message":"execution (1222) run instruction [parallel] for node (1771)","timestamp":"2025-04-19 10:59:50"}
{"level":"info","message":"execution (1222) run instruction [calculation] for node (1774)","timestamp":"2025-04-19 10:59:50"}
{"level":"info","message":"execution (1222) run instruction [calculation] for node (1774) finished as status: 1","timestamp":"2025-04-19 10:59:50"}
{"level":"info","message":"execution (1222) run instruction [update] for node (1772)","timestamp":"2025-04-19 10:59:50"}
{"level":"info","message":"execution (1222) run instruction [update] for node (1772) finished as status: 1","timestamp":"2025-04-19 10:59:50"}
{"level":"info","message":"execution (1222) run instruction [parallel] for node (1771)","timestamp":"2025-04-19 10:59:50"}
{"level":"info","message":"execution (1222) exiting with status 0","timestamp":"2025-04-19 10:59:50"}
{"level":"info","message":"execution (1222) exiting with status 0","timestamp":"2025-04-19 10:59:50"}
{"level":"info","message":"execution (1222) run instruction [query] for node (1778)","timestamp":"2025-04-19 10:59:50"}
{"level":"info","message":"execution (1222) run instruction [query] for node (1778) finished as status: 1","timestamp":"2025-04-19 10:59:50"}
{"level":"info","message":"execution (1222) run instruction [calculation] for node (1779)","timestamp":"2025-04-19 10:59:50"}
{"level":"info","message":"execution (1222) run instruction [calculation] for node (1779) finished as status: 1","timestamp":"2025-04-19 10:59:50"}
{"level":"info","message":"execution (1222) run instruction [update] for node (1773)","timestamp":"2025-04-19 10:59:50"}
{"level":"info","message":"execution (1222) run instruction [update] for node (1773) finished as status: 1","timestamp":"2025-04-19 10:59:50"}
{"level":"info","message":"execution (1222) run instruction [parallel] for node (1771)","timestamp":"2025-04-19 10:59:50"}
{"level":"info","message":"execution (1222) exiting with status 0","timestamp":"2025-04-19 10:59:50"}
{"level":"info","message":"execution (1222) exiting with status 0","timestamp":"2025-04-19 10:59:50"}
{"level":"info","message":"execution (1222) run instruction [update] for node (1780)","timestamp":"2025-04-19 10:59:50"}
{"level":"info","message":"execution (1222) run instruction [update] for node (1780) finished as status: 1","timestamp":"2025-04-19 10:59:50"}
{"level":"info","message":"execution (1222) run instruction [parallel] for node (1771)","timestamp":"2025-04-19 10:59:50"}
{"level":"info","message":"execution (1222) run instruction [parallel] for node (1771) finished as status: 1","timestamp":"2025-04-19 10:59:50"}
{"level":"info","message":"execution (1222) run instruction [condition] for node (1770)","timestamp":"2025-04-19 10:59:50"}
{"level":"info","message":"execution (1222) run instruction [condition] for node (1770) finished as status: 1","timestamp":"2025-04-19 10:59:50"}
{"level":"info","message":"execution (1222) run instruction [sql] for node (1776)","timestamp":"2025-04-19 10:59:50"}
{"level":"info","message":"execution (1222) run instruction [sql] for node (1776) finished as status: 1","timestamp":"2025-04-19 10:59:50"}
{"level":"info","message":"execution (1222) run instruction [sql] for node (1777)","timestamp":"2025-04-19 10:59:50"}
{"level":"info","message":"execution (1222) run instruction [sql] for node (1777) finished as status: 1","timestamp":"2025-04-19 10:59:50"}
{"level":"info","message":"execution (1222) exiting with status 1","timestamp":"2025-04-19 10:59:50"}
{"level":"info","message":"execution (1222) exiting with status 1","timestamp":"2025-04-19 10:59:50"}
{"level":"info","message":"execution (1222) exiting with status 1","timestamp":"2025-04-19 10:59:50"}
{"level":"info","message":"execution (1222) exiting with status 1","timestamp":"2025-04-19 10:59:50"}
{"level":"info","execution":{"id":1222,"context":{"data":{"createdAt":"2025-04-18T05:11:47.225Z","updatedAt":"2025-04-19T10:59:50.245Z","start_date":"2025-04-19T02:00:00.000Z","end_date":"2025-04-19T02:40:00.000Z","employee_id":1,"create_course_id":161,"salary_id":null,"remark":null,"expired_date":null,"status_sort":2,"id":584,"status":"Attend","status_convert":0,"month_convert":"4/2025","student":"Student A","teaching_fee":0,"actual_class_date":null,"createdById":null,"updatedById":null,"salary_db":null,"create_course_db":{"createdAt":"2025-04-18T05:11:46.816Z","updatedAt":"2025-04-18T05:58:31.625Z","start_date":"2025-04-18T00:00:00.000Z","end_date":"2025-04-18T00:40:00.000Z","package_id":3,"id":161,"payment_method":"Online Transfer","progress":0,"fee":950,"transport_fee":0,"student_id":10,"total":950,"invoice_number":"INV250401-0032","payment_date":"2025-04-01","createdById":1,"updatedById":1,"package_db":{"createdAt":"2025-04-04T08:27:13.303Z","updatedAt":"2025-04-09T15:33:58.807Z","name_sort":6,"nop_sort":3,"fee":950,"id":3,"name":"PV10 - 👤","transport_fee":null,"quantity":10,"type":"PV","nop":"1","createdById":1,"updatedById":1}},"employee_db":{"createdAt":"2025-04-02T13:39:00.321Z","updatedAt":"2025-04-18T14:37:42.160Z","bank_name":"Hong Leong Bank","bank_account":"1","emergency_contact_number":"1","job_title":"Swimming Coach","name":"Lee Chin Meng","contact_number":"0142788556","id":1,"identity_card":"990422016885","email":"xmrxperfectx@gmail.com","address":"No 28, Jalan Desa Putih 9, Taman Desa Putih","gender":"Male","emergency_contact_name":"1","user_id":1,"nickname":"Felix","dob":"1999-04-22","start_date":"2024-04-22","end_date":null,"level":"Special","createdById":1,"updatedById":1}}},"key":"ju393tq5yqm","eventKey":"aecb6645-05b3-4baa-88ad-8540c2226913","stack":null,"status":1,"workflowId":177,"updatedAt":"2025-04-19T10:59:50.443Z","createdAt":"2025-04-19T10:59:50.285Z","output":null},"message":"execution (1222) finished with status: 1","timestamp":"2025-04-19 10:59:50"}
