{"level":"info","message":"token renewing","meta":{"url":"/api/myInAppMessages:count?filter[status]=unread","currentJti":"3ef0d657-d68c-43c6-9f3e-fd31ff098260"},"module":"myInAppMessages","submodule":"count","method":"auth.check","app":"main","reqId":"90503c2f-88b1-4745-8fe2-fb76d3204087","dataSourceKey":"main","timestamp":"2025-05-07 07:28:34"}
{"level":"info","message":"token renewing","meta":{"jti":"3ef0d657-d68c-43c6-9f3e-fd31ff098260"},"module":"myInAppMessages","submodule":"count","method":"auth.check","app":"main","reqId":"90503c2f-88b1-4745-8fe2-fb76d3204087","dataSourceKey":"main","timestamp":"2025-05-07 07:28:34"}
{"level":"info","message":"jti renewed","meta":{"oldJti":"3ef0d657-d68c-43c6-9f3e-fd31ff098260","newJti":"c322e3f9-be64-4c17-9509-eddaab21c4b4","issuedTime":1746602914878},"module":"application","submodule":"","method":"","app":"main","reqId":"c444174a-3a18-4bd5-b9ff-9786cac0ecf7","dataSourceKey":"main","timestamp":"2025-05-07 07:28:35"}
{"level":"info","message":"token renewed","meta":{"oldJti":"3ef0d657-d68c-43c6-9f3e-fd31ff098260","newJti":"c322e3f9-be64-4c17-9509-eddaab21c4b4"},"module":"myInAppMessages","submodule":"count","method":"auth.check","app":"main","reqId":"90503c2f-88b1-4745-8fe2-fb76d3204087","dataSourceKey":"main","timestamp":"2025-05-07 07:28:35"}
{"level":"info","message":"filter-parse: ","meta":{"userFields":["id"]},"module":"charts","submodule":"query","method":"","app":"main","reqId":"ec53df61-7428-4e87-a75d-58b67ec8f137","dataSourceKey":"main","timestamp":"2025-05-07 07:34:21"}
{"level":"info","message":"filter-parse: ","meta":{"userFields":["id"]},"module":"charts","submodule":"query","method":"","app":"main","reqId":"9da127c3-4522-4658-8684-45122685d8ca","dataSourceKey":"main","timestamp":"2025-05-07 07:34:21"}
{"level":"info","message":"filter-parse: ","meta":{"$user":{"id":3}},"module":"charts","submodule":"query","method":"","app":"main","reqId":"ec53df61-7428-4e87-a75d-58b67ec8f137","dataSourceKey":"main","timestamp":"2025-05-07 07:34:21"}
{"level":"info","message":"filter-parse: ","meta":{"$user":{"id":3}},"module":"charts","submodule":"query","method":"","app":"main","reqId":"9da127c3-4522-4658-8684-45122685d8ca","dataSourceKey":"main","timestamp":"2025-05-07 07:34:21"}
{"level":"info","message":"filter-parse: ","meta":{"userFields":["id"]},"module":"charts","submodule":"query","method":"","app":"main","reqId":"f0207b3f-96cc-412d-8fd3-8f8bff11c492","dataSourceKey":"main","timestamp":"2025-05-07 07:34:21"}
{"level":"info","message":"filter-parse: ","meta":{"userFields":["id"]},"module":"attendance","submodule":"list","method":"","app":"main","reqId":"fc2f1de6-3216-4ddf-8a30-22b1db73619b","dataSourceKey":"main","timestamp":"2025-05-07 07:34:21"}
{"level":"info","message":"filter-parse: ","meta":{"$user":{"id":3}},"module":"charts","submodule":"query","method":"","app":"main","reqId":"f0207b3f-96cc-412d-8fd3-8f8bff11c492","dataSourceKey":"main","timestamp":"2025-05-07 07:34:21"}
{"level":"info","message":"filter-parse: ","meta":{"$user":{"id":3}},"module":"attendance","submodule":"list","method":"","app":"main","reqId":"fc2f1de6-3216-4ddf-8a30-22b1db73619b","dataSourceKey":"main","timestamp":"2025-05-07 07:34:21"}
{"level":"info","message":"add app main into supervisor","meta":{},"module":"application","submodule":"supervisor","method":"addApp","app":"main","reqId":"fb5b10d8-d01d-4d67-beec-a7c194804914","dataSourceKey":"main","timestamp":"2025-05-07 13:58:50"}
{"level":"warn","message":"attempt 1/9: Unable to connect to the database: the database system is starting up","meta":{},"module":"database","submodule":"","method":"auth","app":"main","reqId":"fb5b10d8-d01d-4d67-beec-a7c194804914","dataSourceKey":"main","timestamp":"2025-05-07 13:58:50"}
{"level":"warn","message":"will retry in 50ms...","meta":{},"module":"database","submodule":"","method":"auth","app":"main","reqId":"fb5b10d8-d01d-4d67-beec-a7c194804914","dataSourceKey":"main","timestamp":"2025-05-07 13:58:50"}
{"level":"warn","message":"attempt 2/9: Unable to connect to the database: the database system is starting up","meta":{},"module":"database","submodule":"","method":"auth","app":"main","reqId":"fb5b10d8-d01d-4d67-beec-a7c194804914","dataSourceKey":"main","timestamp":"2025-05-07 13:58:50"}
{"level":"warn","message":"will retry in 100ms...","meta":{},"module":"database","submodule":"","method":"auth","app":"main","reqId":"fb5b10d8-d01d-4d67-beec-a7c194804914","dataSourceKey":"main","timestamp":"2025-05-07 13:58:50"}
{"level":"warn","message":"attempt 3/9: Unable to connect to the database: the database system is starting up","meta":{},"module":"database","submodule":"","method":"auth","app":"main","reqId":"fb5b10d8-d01d-4d67-beec-a7c194804914","dataSourceKey":"main","timestamp":"2025-05-07 13:58:50"}
{"level":"warn","message":"will retry in 200ms...","meta":{},"module":"database","submodule":"","method":"auth","app":"main","reqId":"fb5b10d8-d01d-4d67-beec-a7c194804914","dataSourceKey":"main","timestamp":"2025-05-07 13:58:50"}
{"level":"warn","message":"attempt 4/9: Unable to connect to the database: the database system is starting up","meta":{},"module":"database","submodule":"","method":"auth","app":"main","reqId":"fb5b10d8-d01d-4d67-beec-a7c194804914","dataSourceKey":"main","timestamp":"2025-05-07 13:58:50"}
{"level":"warn","message":"will retry in 400ms...","meta":{},"module":"database","submodule":"","method":"auth","app":"main","reqId":"fb5b10d8-d01d-4d67-beec-a7c194804914","dataSourceKey":"main","timestamp":"2025-05-07 13:58:50"}
{"level":"warn","message":"attempt 5/9: Unable to connect to the database: the database system is starting up","meta":{},"module":"database","submodule":"","method":"auth","app":"main","reqId":"fb5b10d8-d01d-4d67-beec-a7c194804914","dataSourceKey":"main","timestamp":"2025-05-07 13:58:50"}
{"level":"warn","message":"will retry in 800ms...","meta":{},"module":"database","submodule":"","method":"auth","app":"main","reqId":"fb5b10d8-d01d-4d67-beec-a7c194804914","dataSourceKey":"main","timestamp":"2025-05-07 13:58:50"}
{"level":"warn","message":"attempt 6/9: Unable to connect to the database: the database system is starting up","meta":{},"module":"database","submodule":"","method":"auth","app":"main","reqId":"fb5b10d8-d01d-4d67-beec-a7c194804914","dataSourceKey":"main","timestamp":"2025-05-07 13:58:51"}
{"level":"warn","message":"will retry in 1600ms...","meta":{},"module":"database","submodule":"","method":"auth","app":"main","reqId":"fb5b10d8-d01d-4d67-beec-a7c194804914","dataSourceKey":"main","timestamp":"2025-05-07 13:58:51"}
{"level":"warn","message":"attempt 7/9: Unable to connect to the database: the database system is starting up","meta":{},"module":"database","submodule":"","method":"auth","app":"main","reqId":"fb5b10d8-d01d-4d67-beec-a7c194804914","dataSourceKey":"main","timestamp":"2025-05-07 13:58:53"}
{"level":"warn","message":"will retry in 3200ms...","meta":{},"module":"database","submodule":"","method":"auth","app":"main","reqId":"fb5b10d8-d01d-4d67-beec-a7c194804914","dataSourceKey":"main","timestamp":"2025-05-07 13:58:53"}
{"level":"warn","message":"attempt 8/9: Unable to connect to the database: the database system is starting up","meta":{},"module":"database","submodule":"","method":"auth","app":"main","reqId":"fb5b10d8-d01d-4d67-beec-a7c194804914","dataSourceKey":"main","timestamp":"2025-05-07 13:58:56"}
{"level":"warn","message":"attempt 9/9: Unable to connect to the database: the database system is starting up","meta":{},"module":"database","submodule":"","method":"auth","app":"main","reqId":"fb5b10d8-d01d-4d67-beec-a7c194804914","dataSourceKey":"main","timestamp":"2025-05-07 13:59:02"}
