{"level":"info","message":"add app main into supervisor","meta":{},"module":"application","submodule":"supervisor","method":"addApp","app":"main","reqId":"97ca8083-c73f-4323-89b2-e96c7ab266e1","dataSourceKey":"main","timestamp":"2025-05-12 00:06:35"}
{"level":"warn","message":"attempt 1/9: Unable to connect to the database: the database system is starting up","meta":{},"module":"database","submodule":"","method":"auth","app":"main","reqId":"97ca8083-c73f-4323-89b2-e96c7ab266e1","dataSourceKey":"main","timestamp":"2025-05-12 00:06:35"}
{"level":"warn","message":"will retry in 50ms...","meta":{},"module":"database","submodule":"","method":"auth","app":"main","reqId":"97ca8083-c73f-4323-89b2-e96c7ab266e1","dataSourceKey":"main","timestamp":"2025-05-12 00:06:35"}
{"level":"warn","message":"attempt 2/9: Unable to connect to the database: the database system is starting up","meta":{},"module":"database","submodule":"","method":"auth","app":"main","reqId":"97ca8083-c73f-4323-89b2-e96c7ab266e1","dataSourceKey":"main","timestamp":"2025-05-12 00:06:35"}
{"level":"warn","message":"will retry in 100ms...","meta":{},"module":"database","submodule":"","method":"auth","app":"main","reqId":"97ca8083-c73f-4323-89b2-e96c7ab266e1","dataSourceKey":"main","timestamp":"2025-05-12 00:06:35"}
{"level":"warn","message":"attempt 3/9: Unable to connect to the database: the database system is starting up","meta":{},"module":"database","submodule":"","method":"auth","app":"main","reqId":"97ca8083-c73f-4323-89b2-e96c7ab266e1","dataSourceKey":"main","timestamp":"2025-05-12 00:06:35"}
{"level":"warn","message":"will retry in 200ms...","meta":{},"module":"database","submodule":"","method":"auth","app":"main","reqId":"97ca8083-c73f-4323-89b2-e96c7ab266e1","dataSourceKey":"main","timestamp":"2025-05-12 00:06:35"}
{"level":"warn","message":"attempt 4/9: Unable to connect to the database: the database system is starting up","meta":{},"module":"database","submodule":"","method":"auth","app":"main","reqId":"97ca8083-c73f-4323-89b2-e96c7ab266e1","dataSourceKey":"main","timestamp":"2025-05-12 00:06:36"}
{"level":"warn","message":"will retry in 400ms...","meta":{},"module":"database","submodule":"","method":"auth","app":"main","reqId":"97ca8083-c73f-4323-89b2-e96c7ab266e1","dataSourceKey":"main","timestamp":"2025-05-12 00:06:36"}
{"level":"warn","message":"attempt 5/9: Unable to connect to the database: the database system is starting up","meta":{},"module":"database","submodule":"","method":"auth","app":"main","reqId":"97ca8083-c73f-4323-89b2-e96c7ab266e1","dataSourceKey":"main","timestamp":"2025-05-12 00:06:36"}
{"level":"warn","message":"will retry in 800ms...","meta":{},"module":"database","submodule":"","method":"auth","app":"main","reqId":"97ca8083-c73f-4323-89b2-e96c7ab266e1","dataSourceKey":"main","timestamp":"2025-05-12 00:06:36"}
{"level":"warn","message":"attempt 6/9: Unable to connect to the database: the database system is starting up","meta":{},"module":"database","submodule":"","method":"auth","app":"main","reqId":"97ca8083-c73f-4323-89b2-e96c7ab266e1","dataSourceKey":"main","timestamp":"2025-05-12 00:06:37"}
{"level":"warn","message":"will retry in 1600ms...","meta":{},"module":"database","submodule":"","method":"auth","app":"main","reqId":"97ca8083-c73f-4323-89b2-e96c7ab266e1","dataSourceKey":"main","timestamp":"2025-05-12 00:06:37"}
{"level":"warn","message":"attempt 7/9: Unable to connect to the database: the database system is starting up","meta":{},"module":"database","submodule":"","method":"auth","app":"main","reqId":"97ca8083-c73f-4323-89b2-e96c7ab266e1","dataSourceKey":"main","timestamp":"2025-05-12 00:06:39"}
{"level":"warn","message":"will retry in 3200ms...","meta":{},"module":"database","submodule":"","method":"auth","app":"main","reqId":"97ca8083-c73f-4323-89b2-e96c7ab266e1","dataSourceKey":"main","timestamp":"2025-05-12 00:06:39"}
{"level":"warn","message":"attempt 8/9: Unable to connect to the database: the database system is starting up","meta":{},"module":"database","submodule":"","method":"auth","app":"main","reqId":"97ca8083-c73f-4323-89b2-e96c7ab266e1","dataSourceKey":"main","timestamp":"2025-05-12 00:06:42"}
{"level":"info","message":"connection has been established successfully.","meta":{},"module":"database","submodule":"","method":"auth","app":"main","reqId":"97ca8083-c73f-4323-89b2-e96c7ab266e1","dataSourceKey":"main","timestamp":"2025-05-12 00:06:48"}
{"level":"info","message":"upgrading...","meta":{},"module":"application","submodule":"","method":"","app":"main","reqId":"97ca8083-c73f-4323-89b2-e96c7ab266e1","dataSourceKey":"main","timestamp":"2025-05-12 00:06:48"}
{"level":"info","message":"run upgrade","meta":{},"module":"application","submodule":"","method":"","app":"main","reqId":"97ca8083-c73f-4323-89b2-e96c7ab266e1","dataSourceKey":"main","timestamp":"2025-05-12 00:06:49"}
{"level":"info","message":"update built-in plugins","meta":{},"module":"nocobase","submodule":"","method":"","app":"main","reqId":"97ca8083-c73f-4323-89b2-e96c7ab266e1","dataSourceKey":"main","timestamp":"2025-05-12 00:06:49"}
{"level":"info","message":"run upgrade","meta":{},"module":"application","submodule":"","method":"","app":"main","reqId":"97ca8083-c73f-4323-89b2-e96c7ab266e1","dataSourceKey":"main","timestamp":"2025-05-12 00:06:52"}
{"level":"info","message":"restarting...","meta":{},"module":"application","submodule":"","method":"","app":"main","reqId":"97ca8083-c73f-4323-89b2-e96c7ab266e1","dataSourceKey":"main","timestamp":"2025-05-12 00:06:52"}
{"level":"info","message":"app.reload()","meta":{},"module":"application","submodule":"","method":"load","app":"main","reqId":"97ca8083-c73f-4323-89b2-e96c7ab266e1","dataSourceKey":"main","timestamp":"2025-05-12 00:06:52"}
{"level":"info","message":"write roles to ACL","meta":{},"module":"acl","submodule":"","method":"writeRolesToACL","app":"main","reqId":"97ca8083-c73f-4323-89b2-e96c7ab266e1","dataSourceKey":"main","timestamp":"2025-05-12 00:06:53"}
{"level":"info","message":"app has been started","meta":{},"module":"application","submodule":"","method":"","app":"main","reqId":"97ca8083-c73f-4323-89b2-e96c7ab266e1","dataSourceKey":"main","timestamp":"2025-05-12 00:06:54"}
{"level":"info","message":"add app main into supervisor","meta":{},"module":"application","submodule":"supervisor","method":"addApp","app":"main","reqId":"5addb2c8-1a7a-4142-ab4f-92ff8e3d2aac","dataSourceKey":"main","timestamp":"2025-05-12 06:15:37"}
{"level":"warn","message":"attempt 1/9: Unable to connect to the database: the database system is starting up","meta":{},"module":"database","submodule":"","method":"auth","app":"main","reqId":"5addb2c8-1a7a-4142-ab4f-92ff8e3d2aac","dataSourceKey":"main","timestamp":"2025-05-12 06:15:37"}
{"level":"warn","message":"will retry in 50ms...","meta":{},"module":"database","submodule":"","method":"auth","app":"main","reqId":"5addb2c8-1a7a-4142-ab4f-92ff8e3d2aac","dataSourceKey":"main","timestamp":"2025-05-12 06:15:37"}
{"level":"warn","message":"attempt 2/9: Unable to connect to the database: the database system is starting up","meta":{},"module":"database","submodule":"","method":"auth","app":"main","reqId":"5addb2c8-1a7a-4142-ab4f-92ff8e3d2aac","dataSourceKey":"main","timestamp":"2025-05-12 06:15:37"}
{"level":"warn","message":"will retry in 100ms...","meta":{},"module":"database","submodule":"","method":"auth","app":"main","reqId":"5addb2c8-1a7a-4142-ab4f-92ff8e3d2aac","dataSourceKey":"main","timestamp":"2025-05-12 06:15:37"}
{"level":"warn","message":"attempt 3/9: Unable to connect to the database: the database system is starting up","meta":{},"module":"database","submodule":"","method":"auth","app":"main","reqId":"5addb2c8-1a7a-4142-ab4f-92ff8e3d2aac","dataSourceKey":"main","timestamp":"2025-05-12 06:15:37"}
{"level":"warn","message":"will retry in 200ms...","meta":{},"module":"database","submodule":"","method":"auth","app":"main","reqId":"5addb2c8-1a7a-4142-ab4f-92ff8e3d2aac","dataSourceKey":"main","timestamp":"2025-05-12 06:15:37"}
{"level":"warn","message":"attempt 4/9: Unable to connect to the database: the database system is starting up","meta":{},"module":"database","submodule":"","method":"auth","app":"main","reqId":"5addb2c8-1a7a-4142-ab4f-92ff8e3d2aac","dataSourceKey":"main","timestamp":"2025-05-12 06:15:37"}
{"level":"warn","message":"will retry in 400ms...","meta":{},"module":"database","submodule":"","method":"auth","app":"main","reqId":"5addb2c8-1a7a-4142-ab4f-92ff8e3d2aac","dataSourceKey":"main","timestamp":"2025-05-12 06:15:37"}
{"level":"warn","message":"attempt 5/9: Unable to connect to the database: the database system is starting up","meta":{},"module":"database","submodule":"","method":"auth","app":"main","reqId":"5addb2c8-1a7a-4142-ab4f-92ff8e3d2aac","dataSourceKey":"main","timestamp":"2025-05-12 06:15:38"}
{"level":"warn","message":"will retry in 800ms...","meta":{},"module":"database","submodule":"","method":"auth","app":"main","reqId":"5addb2c8-1a7a-4142-ab4f-92ff8e3d2aac","dataSourceKey":"main","timestamp":"2025-05-12 06:15:38"}
{"level":"warn","message":"attempt 6/9: Unable to connect to the database: the database system is starting up","meta":{},"module":"database","submodule":"","method":"auth","app":"main","reqId":"5addb2c8-1a7a-4142-ab4f-92ff8e3d2aac","dataSourceKey":"main","timestamp":"2025-05-12 06:15:39"}
{"level":"warn","message":"will retry in 1600ms...","meta":{},"module":"database","submodule":"","method":"auth","app":"main","reqId":"5addb2c8-1a7a-4142-ab4f-92ff8e3d2aac","dataSourceKey":"main","timestamp":"2025-05-12 06:15:39"}
{"level":"warn","message":"attempt 7/9: Unable to connect to the database: the database system is starting up","meta":{},"module":"database","submodule":"","method":"auth","app":"main","reqId":"5addb2c8-1a7a-4142-ab4f-92ff8e3d2aac","dataSourceKey":"main","timestamp":"2025-05-12 06:15:40"}
{"level":"warn","message":"will retry in 3200ms...","meta":{},"module":"database","submodule":"","method":"auth","app":"main","reqId":"5addb2c8-1a7a-4142-ab4f-92ff8e3d2aac","dataSourceKey":"main","timestamp":"2025-05-12 06:15:40"}
{"level":"warn","message":"attempt 8/9: Unable to connect to the database: the database system is starting up","meta":{},"module":"database","submodule":"","method":"auth","app":"main","reqId":"5addb2c8-1a7a-4142-ab4f-92ff8e3d2aac","dataSourceKey":"main","timestamp":"2025-05-12 06:15:43"}
{"level":"warn","message":"attempt 9/9: Unable to connect to the database: the database system is starting up","meta":{},"module":"database","submodule":"","method":"auth","app":"main","reqId":"5addb2c8-1a7a-4142-ab4f-92ff8e3d2aac","dataSourceKey":"main","timestamp":"2025-05-12 06:15:50"}
{"level":"info","message":"add app main into supervisor","meta":{},"module":"application","submodule":"supervisor","method":"addApp","app":"main","reqId":"c50c0dc4-ca84-4071-a034-b7a5a2885c44","dataSourceKey":"main","timestamp":"2025-05-12 06:17:36"}
{"level":"info","message":"connection has been established successfully.","meta":{},"module":"database","submodule":"","method":"auth","app":"main","reqId":"c50c0dc4-ca84-4071-a034-b7a5a2885c44","dataSourceKey":"main","timestamp":"2025-05-12 06:17:37"}
{"level":"info","message":"upgrading...","meta":{},"module":"application","submodule":"","method":"","app":"main","reqId":"c50c0dc4-ca84-4071-a034-b7a5a2885c44","dataSourceKey":"main","timestamp":"2025-05-12 06:17:37"}
{"level":"info","message":"run upgrade","meta":{},"module":"application","submodule":"","method":"","app":"main","reqId":"c50c0dc4-ca84-4071-a034-b7a5a2885c44","dataSourceKey":"main","timestamp":"2025-05-12 06:17:37"}
{"level":"info","message":"update built-in plugins","meta":{},"module":"nocobase","submodule":"","method":"","app":"main","reqId":"c50c0dc4-ca84-4071-a034-b7a5a2885c44","dataSourceKey":"main","timestamp":"2025-05-12 06:17:37"}
{"level":"info","message":"run upgrade","meta":{},"module":"application","submodule":"","method":"","app":"main","reqId":"c50c0dc4-ca84-4071-a034-b7a5a2885c44","dataSourceKey":"main","timestamp":"2025-05-12 06:17:40"}
{"level":"info","message":"restarting...","meta":{},"module":"application","submodule":"","method":"","app":"main","reqId":"c50c0dc4-ca84-4071-a034-b7a5a2885c44","dataSourceKey":"main","timestamp":"2025-05-12 06:17:40"}
{"level":"info","message":"app.reload()","meta":{},"module":"application","submodule":"","method":"load","app":"main","reqId":"c50c0dc4-ca84-4071-a034-b7a5a2885c44","dataSourceKey":"main","timestamp":"2025-05-12 06:17:40"}
{"level":"info","message":"write roles to ACL","meta":{},"module":"acl","submodule":"","method":"writeRolesToACL","app":"main","reqId":"c50c0dc4-ca84-4071-a034-b7a5a2885c44","dataSourceKey":"main","timestamp":"2025-05-12 06:17:42"}
{"level":"info","message":"app has been started","meta":{},"module":"application","submodule":"","method":"","app":"main","reqId":"c50c0dc4-ca84-4071-a034-b7a5a2885c44","dataSourceKey":"main","timestamp":"2025-05-12 06:17:42"}
{"level":"info","message":"token renewing","meta":{"currentJti":"e242635a-6920-4dac-b808-290cab5c09fb"},"module":"application","submodule":"","method":"auth.check","app":"main","reqId":"c50c0dc4-ca84-4071-a034-b7a5a2885c44","dataSourceKey":"main","timestamp":"2025-05-12 06:17:42"}
{"level":"info","message":"token renewing","meta":{"currentJti":"e242635a-6920-4dac-b808-290cab5c09fb"},"module":"application","submodule":"","method":"auth.check","app":"main","reqId":"c50c0dc4-ca84-4071-a034-b7a5a2885c44","dataSourceKey":"main","timestamp":"2025-05-12 06:17:43"}
{"level":"info","message":"token renewing","meta":{"url":"/api/auth:check","currentJti":"e242635a-6920-4dac-b808-290cab5c09fb"},"module":"auth","submodule":"check","method":"auth.check","app":"main","reqId":"66d0cda0-9829-4660-9d52-c9dae86ab731","dataSourceKey":"main","timestamp":"2025-05-12 06:17:43"}
{"level":"info","message":"token renewing","meta":{"jti":"e242635a-6920-4dac-b808-290cab5c09fb"},"module":"auth","submodule":"check","method":"auth.check","app":"main","reqId":"66d0cda0-9829-4660-9d52-c9dae86ab731","dataSourceKey":"main","timestamp":"2025-05-12 06:17:43"}
{"level":"info","message":"jti renewed","meta":{"oldJti":"e242635a-6920-4dac-b808-290cab5c09fb","newJti":"b4233aca-0726-4f18-877e-8b67f6a60ca2","issuedTime":1747030663413},"module":"application","submodule":"","method":"","app":"main","reqId":"c50c0dc4-ca84-4071-a034-b7a5a2885c44","dataSourceKey":"main","timestamp":"2025-05-12 06:17:43"}
{"level":"info","message":"token renewed","meta":{"oldJti":"e242635a-6920-4dac-b808-290cab5c09fb","newJti":"b4233aca-0726-4f18-877e-8b67f6a60ca2"},"module":"auth","submodule":"check","method":"auth.check","app":"main","reqId":"66d0cda0-9829-4660-9d52-c9dae86ab731","dataSourceKey":"main","timestamp":"2025-05-12 06:17:43"}
{"level":"info","message":"filter-parse: ","meta":{"userFields":["id"]},"module":"create_course","submodule":"list","method":"","app":"main","reqId":"f8709a5d-a3fc-450e-8648-b13e1f294d3f","dataSourceKey":"main","timestamp":"2025-05-12 06:20:40"}
{"level":"info","message":"filter-parse: ","meta":{"userFields":["id"]},"module":"charts","submodule":"query","method":"","app":"main","reqId":"c602a811-779b-4757-a5fb-539983612c49","dataSourceKey":"main","timestamp":"2025-05-12 06:20:40"}
{"level":"info","message":"filter-parse: ","meta":{"$user":{"id":3}},"module":"create_course","submodule":"list","method":"","app":"main","reqId":"f8709a5d-a3fc-450e-8648-b13e1f294d3f","dataSourceKey":"main","timestamp":"2025-05-12 06:20:40"}
{"level":"info","message":"filter-parse: ","meta":{"$user":{"id":3}},"module":"charts","submodule":"query","method":"","app":"main","reqId":"c602a811-779b-4757-a5fb-539983612c49","dataSourceKey":"main","timestamp":"2025-05-12 06:20:40"}
{"level":"info","message":"filter-parse: ","meta":{"userFields":["id"]},"module":"attendance","submodule":"list","method":"","app":"main","reqId":"bdf4aa86-75a3-42d9-93ca-40411e2c0eb5","dataSourceKey":"main","timestamp":"2025-05-12 06:21:02"}
{"level":"info","message":"filter-parse: ","meta":{"userFields":["id"]},"module":"charts","submodule":"query","method":"","app":"main","reqId":"6db675b6-571f-4ba7-95ea-e93136b504e4","dataSourceKey":"main","timestamp":"2025-05-12 06:21:02"}
{"level":"info","message":"filter-parse: ","meta":{"$user":{"id":3}},"module":"attendance","submodule":"list","method":"","app":"main","reqId":"bdf4aa86-75a3-42d9-93ca-40411e2c0eb5","dataSourceKey":"main","timestamp":"2025-05-12 06:21:02"}
{"level":"info","message":"filter-parse: ","meta":{"$user":{"id":3}},"module":"charts","submodule":"query","method":"","app":"main","reqId":"6db675b6-571f-4ba7-95ea-e93136b504e4","dataSourceKey":"main","timestamp":"2025-05-12 06:21:02"}
{"level":"info","message":"filter-parse: ","meta":{"userFields":["id"]},"module":"charts","submodule":"query","method":"","app":"main","reqId":"d6d9a487-d88a-4705-861f-0647320c6536","dataSourceKey":"main","timestamp":"2025-05-12 06:21:02"}
{"level":"info","message":"filter-parse: ","meta":{"$user":{"id":3}},"module":"charts","submodule":"query","method":"","app":"main","reqId":"d6d9a487-d88a-4705-861f-0647320c6536","dataSourceKey":"main","timestamp":"2025-05-12 06:21:02"}
{"level":"info","message":"filter-parse: ","meta":{"userFields":["id"]},"module":"charts","submodule":"query","method":"","app":"main","reqId":"5e5622cc-8c2a-4e3a-a1ef-e263bea1d396","dataSourceKey":"main","timestamp":"2025-05-12 06:21:02"}
{"level":"info","message":"filter-parse: ","meta":{"$user":{"id":3}},"module":"charts","submodule":"query","method":"","app":"main","reqId":"5e5622cc-8c2a-4e3a-a1ef-e263bea1d396","dataSourceKey":"main","timestamp":"2025-05-12 06:21:02"}
