{"level":"info","message":"add app main into supervisor","meta":{},"module":"application","submodule":"supervisor","method":"addApp","app":"main","reqId":"5cdd1076-df08-4c5a-8d4e-0dd58f370fe5","dataSourceKey":"main","timestamp":"2025-04-04 01:54:14"}
{"level":"warn","message":"attempt 1/9: Unable to connect to the database: the database system is starting up","meta":{},"module":"database","submodule":"","method":"auth","app":"main","reqId":"5cdd1076-df08-4c5a-8d4e-0dd58f370fe5","dataSourceKey":"main","timestamp":"2025-04-04 01:54:14"}
{"level":"warn","message":"will retry in 50ms...","meta":{},"module":"database","submodule":"","method":"auth","app":"main","reqId":"5cdd1076-df08-4c5a-8d4e-0dd58f370fe5","dataSourceKey":"main","timestamp":"2025-04-04 01:54:14"}
{"level":"warn","message":"attempt 2/9: Unable to connect to the database: the database system is starting up","meta":{},"module":"database","submodule":"","method":"auth","app":"main","reqId":"5cdd1076-df08-4c5a-8d4e-0dd58f370fe5","dataSourceKey":"main","timestamp":"2025-04-04 01:54:14"}
{"level":"warn","message":"will retry in 100ms...","meta":{},"module":"database","submodule":"","method":"auth","app":"main","reqId":"5cdd1076-df08-4c5a-8d4e-0dd58f370fe5","dataSourceKey":"main","timestamp":"2025-04-04 01:54:14"}
{"level":"warn","message":"attempt 3/9: Unable to connect to the database: the database system is starting up","meta":{},"module":"database","submodule":"","method":"auth","app":"main","reqId":"5cdd1076-df08-4c5a-8d4e-0dd58f370fe5","dataSourceKey":"main","timestamp":"2025-04-04 01:54:14"}
{"level":"warn","message":"will retry in 200ms...","meta":{},"module":"database","submodule":"","method":"auth","app":"main","reqId":"5cdd1076-df08-4c5a-8d4e-0dd58f370fe5","dataSourceKey":"main","timestamp":"2025-04-04 01:54:14"}
{"level":"warn","message":"attempt 4/9: Unable to connect to the database: the database system is starting up","meta":{},"module":"database","submodule":"","method":"auth","app":"main","reqId":"5cdd1076-df08-4c5a-8d4e-0dd58f370fe5","dataSourceKey":"main","timestamp":"2025-04-04 01:54:14"}
{"level":"warn","message":"will retry in 400ms...","meta":{},"module":"database","submodule":"","method":"auth","app":"main","reqId":"5cdd1076-df08-4c5a-8d4e-0dd58f370fe5","dataSourceKey":"main","timestamp":"2025-04-04 01:54:14"}
{"level":"warn","message":"attempt 5/9: Unable to connect to the database: the database system is starting up","meta":{},"module":"database","submodule":"","method":"auth","app":"main","reqId":"5cdd1076-df08-4c5a-8d4e-0dd58f370fe5","dataSourceKey":"main","timestamp":"2025-04-04 01:54:15"}
{"level":"warn","message":"will retry in 800ms...","meta":{},"module":"database","submodule":"","method":"auth","app":"main","reqId":"5cdd1076-df08-4c5a-8d4e-0dd58f370fe5","dataSourceKey":"main","timestamp":"2025-04-04 01:54:15"}
{"level":"warn","message":"attempt 6/9: Unable to connect to the database: the database system is starting up","meta":{},"module":"database","submodule":"","method":"auth","app":"main","reqId":"5cdd1076-df08-4c5a-8d4e-0dd58f370fe5","dataSourceKey":"main","timestamp":"2025-04-04 01:54:15"}
{"level":"warn","message":"will retry in 1600ms...","meta":{},"module":"database","submodule":"","method":"auth","app":"main","reqId":"5cdd1076-df08-4c5a-8d4e-0dd58f370fe5","dataSourceKey":"main","timestamp":"2025-04-04 01:54:15"}
{"level":"warn","message":"attempt 7/9: Unable to connect to the database: the database system is starting up","meta":{},"module":"database","submodule":"","method":"auth","app":"main","reqId":"5cdd1076-df08-4c5a-8d4e-0dd58f370fe5","dataSourceKey":"main","timestamp":"2025-04-04 01:54:17"}
{"level":"warn","message":"will retry in 3200ms...","meta":{},"module":"database","submodule":"","method":"auth","app":"main","reqId":"5cdd1076-df08-4c5a-8d4e-0dd58f370fe5","dataSourceKey":"main","timestamp":"2025-04-04 01:54:17"}
{"level":"info","message":"connection has been established successfully.","meta":{},"module":"database","submodule":"","method":"auth","app":"main","reqId":"5cdd1076-df08-4c5a-8d4e-0dd58f370fe5","dataSourceKey":"main","timestamp":"2025-04-04 01:54:20"}
{"level":"info","message":"upgrading...","meta":{},"module":"application","submodule":"","method":"","app":"main","reqId":"5cdd1076-df08-4c5a-8d4e-0dd58f370fe5","dataSourceKey":"main","timestamp":"2025-04-04 01:54:20"}
{"level":"info","message":"run upgrade","meta":{},"module":"application","submodule":"","method":"","app":"main","reqId":"5cdd1076-df08-4c5a-8d4e-0dd58f370fe5","dataSourceKey":"main","timestamp":"2025-04-04 01:54:21"}
{"level":"info","message":"update built-in plugins","meta":{},"module":"nocobase","submodule":"","method":"","app":"main","reqId":"5cdd1076-df08-4c5a-8d4e-0dd58f370fe5","dataSourceKey":"main","timestamp":"2025-04-04 01:54:21"}
{"level":"info","message":"run upgrade","meta":{},"module":"application","submodule":"","method":"","app":"main","reqId":"5cdd1076-df08-4c5a-8d4e-0dd58f370fe5","dataSourceKey":"main","timestamp":"2025-04-04 01:54:23"}
{"level":"info","message":"restarting...","meta":{},"module":"application","submodule":"","method":"","app":"main","reqId":"5cdd1076-df08-4c5a-8d4e-0dd58f370fe5","dataSourceKey":"main","timestamp":"2025-04-04 01:54:23"}
{"level":"info","message":"app.reload()","meta":{},"module":"application","submodule":"","method":"load","app":"main","reqId":"5cdd1076-df08-4c5a-8d4e-0dd58f370fe5","dataSourceKey":"main","timestamp":"2025-04-04 01:54:23"}
{"level":"info","message":"write roles to ACL","meta":{},"module":"acl","submodule":"","method":"writeRolesToACL","app":"main","reqId":"5cdd1076-df08-4c5a-8d4e-0dd58f370fe5","dataSourceKey":"main","timestamp":"2025-04-04 01:54:24"}
{"level":"info","message":"app has been started","meta":{},"module":"application","submodule":"","method":"","app":"main","reqId":"5cdd1076-df08-4c5a-8d4e-0dd58f370fe5","dataSourceKey":"main","timestamp":"2025-04-04 01:54:25"}
{"level":"info","message":"parseJsonTemplate.raw","meta":{"$and":[{"$and":[{"name.$ne":"roles"},{"name.$ne":"rolesUsers"}]},{"name.$ne":"users"}]},"module":"collections","submodule":"destroy","method":"","app":"main","reqId":"c0313910-ba62-4047-828e-1cc2d157c900","dataSourceKey":"main","timestamp":"2025-04-04 02:03:03"}
{"level":"info","message":"parseJsonTemplate.parsed","meta":{"$and":[{"$and":[{"name":{"$ne":"roles"}},{"name":{"$ne":"rolesUsers"}}]},{"name":{"$ne":"users"}}]},"module":"collections","submodule":"destroy","method":"","app":"main","reqId":"c0313910-ba62-4047-828e-1cc2d157c900","dataSourceKey":"main","timestamp":"2025-04-04 02:03:03"}
{"level":"info","message":"parseJsonTemplate.raw","meta":{"createdById":"{{ ctx.state.currentUser.id }}"},"module":"employee","submodule":"destroy","method":"","app":"main","reqId":"bdcd2e17-dd4a-4792-a7e0-a3af659a3f7d","dataSourceKey":"main","timestamp":"2025-04-04 06:00:54"}
{"level":"info","message":"parseJsonTemplate.parsed","meta":{"createdById":4},"module":"employee","submodule":"destroy","method":"","app":"main","reqId":"bdcd2e17-dd4a-4792-a7e0-a3af659a3f7d","dataSourceKey":"main","timestamp":"2025-04-04 06:00:54"}
{"level":"info","message":"parseJsonTemplate.raw","meta":{"id.$ne":1},"module":"users","submodule":"destroy","method":"","app":"main","reqId":"fded7150-c196-4f86-aaa4-5d1d1a0f715b","dataSourceKey":"main","timestamp":"2025-04-04 06:05:01"}
{"level":"info","message":"parseJsonTemplate.parsed","meta":{"id":{"$ne":1}},"module":"users","submodule":"destroy","method":"","app":"main","reqId":"fded7150-c196-4f86-aaa4-5d1d1a0f715b","dataSourceKey":"main","timestamp":"2025-04-04 06:05:01"}
{"level":"info","message":"add app main into supervisor","meta":{},"module":"application","submodule":"supervisor","method":"addApp","app":"main","reqId":"90d6e406-8d99-47ec-b224-924178178830","dataSourceKey":"main","timestamp":"2025-04-04 07:34:18"}
{"level":"warn","message":"attempt 1/9: Unable to connect to the database: the database system is starting up","meta":{},"module":"database","submodule":"","method":"auth","app":"main","reqId":"90d6e406-8d99-47ec-b224-924178178830","dataSourceKey":"main","timestamp":"2025-04-04 07:34:18"}
{"level":"warn","message":"will retry in 50ms...","meta":{},"module":"database","submodule":"","method":"auth","app":"main","reqId":"90d6e406-8d99-47ec-b224-924178178830","dataSourceKey":"main","timestamp":"2025-04-04 07:34:18"}
{"level":"warn","message":"attempt 2/9: Unable to connect to the database: the database system is starting up","meta":{},"module":"database","submodule":"","method":"auth","app":"main","reqId":"90d6e406-8d99-47ec-b224-924178178830","dataSourceKey":"main","timestamp":"2025-04-04 07:34:18"}
{"level":"warn","message":"will retry in 100ms...","meta":{},"module":"database","submodule":"","method":"auth","app":"main","reqId":"90d6e406-8d99-47ec-b224-924178178830","dataSourceKey":"main","timestamp":"2025-04-04 07:34:18"}
{"level":"warn","message":"attempt 3/9: Unable to connect to the database: the database system is starting up","meta":{},"module":"database","submodule":"","method":"auth","app":"main","reqId":"90d6e406-8d99-47ec-b224-924178178830","dataSourceKey":"main","timestamp":"2025-04-04 07:34:18"}
{"level":"warn","message":"will retry in 200ms...","meta":{},"module":"database","submodule":"","method":"auth","app":"main","reqId":"90d6e406-8d99-47ec-b224-924178178830","dataSourceKey":"main","timestamp":"2025-04-04 07:34:18"}
{"level":"warn","message":"attempt 4/9: Unable to connect to the database: the database system is starting up","meta":{},"module":"database","submodule":"","method":"auth","app":"main","reqId":"90d6e406-8d99-47ec-b224-924178178830","dataSourceKey":"main","timestamp":"2025-04-04 07:34:19"}
{"level":"warn","message":"will retry in 400ms...","meta":{},"module":"database","submodule":"","method":"auth","app":"main","reqId":"90d6e406-8d99-47ec-b224-924178178830","dataSourceKey":"main","timestamp":"2025-04-04 07:34:19"}
{"level":"warn","message":"attempt 5/9: Unable to connect to the database: the database system is starting up","meta":{},"module":"database","submodule":"","method":"auth","app":"main","reqId":"90d6e406-8d99-47ec-b224-924178178830","dataSourceKey":"main","timestamp":"2025-04-04 07:34:19"}
{"level":"warn","message":"will retry in 800ms...","meta":{},"module":"database","submodule":"","method":"auth","app":"main","reqId":"90d6e406-8d99-47ec-b224-924178178830","dataSourceKey":"main","timestamp":"2025-04-04 07:34:19"}
{"level":"warn","message":"attempt 6/9: Unable to connect to the database: the database system is starting up","meta":{},"module":"database","submodule":"","method":"auth","app":"main","reqId":"90d6e406-8d99-47ec-b224-924178178830","dataSourceKey":"main","timestamp":"2025-04-04 07:34:20"}
{"level":"warn","message":"will retry in 1600ms...","meta":{},"module":"database","submodule":"","method":"auth","app":"main","reqId":"90d6e406-8d99-47ec-b224-924178178830","dataSourceKey":"main","timestamp":"2025-04-04 07:34:20"}
{"level":"warn","message":"attempt 7/9: Unable to connect to the database: the database system is starting up","meta":{},"module":"database","submodule":"","method":"auth","app":"main","reqId":"90d6e406-8d99-47ec-b224-924178178830","dataSourceKey":"main","timestamp":"2025-04-04 07:34:21"}
{"level":"warn","message":"will retry in 3200ms...","meta":{},"module":"database","submodule":"","method":"auth","app":"main","reqId":"90d6e406-8d99-47ec-b224-924178178830","dataSourceKey":"main","timestamp":"2025-04-04 07:34:21"}
{"level":"warn","message":"attempt 8/9: Unable to connect to the database: the database system is starting up","meta":{},"module":"database","submodule":"","method":"auth","app":"main","reqId":"90d6e406-8d99-47ec-b224-924178178830","dataSourceKey":"main","timestamp":"2025-04-04 07:34:25"}
{"level":"info","message":"connection has been established successfully.","meta":{},"module":"database","submodule":"","method":"auth","app":"main","reqId":"90d6e406-8d99-47ec-b224-924178178830","dataSourceKey":"main","timestamp":"2025-04-04 07:34:31"}
{"level":"info","message":"upgrading...","meta":{},"module":"application","submodule":"","method":"","app":"main","reqId":"90d6e406-8d99-47ec-b224-924178178830","dataSourceKey":"main","timestamp":"2025-04-04 07:34:31"}
{"level":"info","message":"run upgrade","meta":{},"module":"application","submodule":"","method":"","app":"main","reqId":"90d6e406-8d99-47ec-b224-924178178830","dataSourceKey":"main","timestamp":"2025-04-04 07:34:32"}
{"level":"info","message":"update built-in plugins","meta":{},"module":"nocobase","submodule":"","method":"","app":"main","reqId":"90d6e406-8d99-47ec-b224-924178178830","dataSourceKey":"main","timestamp":"2025-04-04 07:34:32"}
{"level":"info","message":"run upgrade","meta":{},"module":"application","submodule":"","method":"","app":"main","reqId":"90d6e406-8d99-47ec-b224-924178178830","dataSourceKey":"main","timestamp":"2025-04-04 07:34:34"}
{"level":"info","message":"restarting...","meta":{},"module":"application","submodule":"","method":"","app":"main","reqId":"90d6e406-8d99-47ec-b224-924178178830","dataSourceKey":"main","timestamp":"2025-04-04 07:34:34"}
{"level":"info","message":"app.reload()","meta":{},"module":"application","submodule":"","method":"load","app":"main","reqId":"90d6e406-8d99-47ec-b224-924178178830","dataSourceKey":"main","timestamp":"2025-04-04 07:34:34"}
{"level":"info","message":"write roles to ACL","meta":{},"module":"acl","submodule":"","method":"writeRolesToACL","app":"main","reqId":"90d6e406-8d99-47ec-b224-924178178830","dataSourceKey":"main","timestamp":"2025-04-04 07:34:36"}
{"level":"info","message":"app has been started","meta":{},"module":"application","submodule":"","method":"","app":"main","reqId":"90d6e406-8d99-47ec-b224-924178178830","dataSourceKey":"main","timestamp":"2025-04-04 07:34:36"}
{"level":"info","message":"parseJsonTemplate.raw","meta":{"$and":[{"$and":[{"name.$ne":"roles"},{"name.$ne":"rolesUsers"}]},{"name.$ne":"users"}]},"module":"collections","submodule":"destroy","method":"","app":"main","reqId":"2bfa015b-3620-4cc7-b1f3-3924d1e0aa75","dataSourceKey":"main","timestamp":"2025-04-04 07:46:42"}
{"level":"info","message":"parseJsonTemplate.parsed","meta":{"$and":[{"$and":[{"name":{"$ne":"roles"}},{"name":{"$ne":"rolesUsers"}}]},{"name":{"$ne":"users"}}]},"module":"collections","submodule":"destroy","method":"","app":"main","reqId":"2bfa015b-3620-4cc7-b1f3-3924d1e0aa75","dataSourceKey":"main","timestamp":"2025-04-04 07:46:42"}
