{"level":"info","message":"add app main into supervisor","meta":{},"module":"application","submodule":"supervisor","method":"addApp","app":"main","reqId":"7baee181-8237-44ed-8196-277597cafa64","dataSourceKey":"main","timestamp":"2025-04-29 13:25:29"}
{"level":"warn","message":"attempt 1/9: Unable to connect to the database: the database system is starting up","meta":{},"module":"database","submodule":"","method":"auth","app":"main","reqId":"7baee181-8237-44ed-8196-277597cafa64","dataSourceKey":"main","timestamp":"2025-04-29 13:25:29"}
{"level":"warn","message":"will retry in 50ms...","meta":{},"module":"database","submodule":"","method":"auth","app":"main","reqId":"7baee181-8237-44ed-8196-277597cafa64","dataSourceKey":"main","timestamp":"2025-04-29 13:25:29"}
{"level":"warn","message":"attempt 2/9: Unable to connect to the database: the database system is starting up","meta":{},"module":"database","submodule":"","method":"auth","app":"main","reqId":"7baee181-8237-44ed-8196-277597cafa64","dataSourceKey":"main","timestamp":"2025-04-29 13:25:29"}
{"level":"warn","message":"will retry in 100ms...","meta":{},"module":"database","submodule":"","method":"auth","app":"main","reqId":"7baee181-8237-44ed-8196-277597cafa64","dataSourceKey":"main","timestamp":"2025-04-29 13:25:29"}
{"level":"warn","message":"attempt 3/9: Unable to connect to the database: the database system is starting up","meta":{},"module":"database","submodule":"","method":"auth","app":"main","reqId":"7baee181-8237-44ed-8196-277597cafa64","dataSourceKey":"main","timestamp":"2025-04-29 13:25:30"}
{"level":"warn","message":"will retry in 200ms...","meta":{},"module":"database","submodule":"","method":"auth","app":"main","reqId":"7baee181-8237-44ed-8196-277597cafa64","dataSourceKey":"main","timestamp":"2025-04-29 13:25:30"}
{"level":"warn","message":"attempt 4/9: Unable to connect to the database: the database system is starting up","meta":{},"module":"database","submodule":"","method":"auth","app":"main","reqId":"7baee181-8237-44ed-8196-277597cafa64","dataSourceKey":"main","timestamp":"2025-04-29 13:25:30"}
{"level":"warn","message":"will retry in 400ms...","meta":{},"module":"database","submodule":"","method":"auth","app":"main","reqId":"7baee181-8237-44ed-8196-277597cafa64","dataSourceKey":"main","timestamp":"2025-04-29 13:25:30"}
{"level":"warn","message":"attempt 5/9: Unable to connect to the database: the database system is starting up","meta":{},"module":"database","submodule":"","method":"auth","app":"main","reqId":"7baee181-8237-44ed-8196-277597cafa64","dataSourceKey":"main","timestamp":"2025-04-29 13:25:30"}
{"level":"warn","message":"will retry in 800ms...","meta":{},"module":"database","submodule":"","method":"auth","app":"main","reqId":"7baee181-8237-44ed-8196-277597cafa64","dataSourceKey":"main","timestamp":"2025-04-29 13:25:30"}
{"level":"warn","message":"attempt 6/9: Unable to connect to the database: the database system is starting up","meta":{},"module":"database","submodule":"","method":"auth","app":"main","reqId":"7baee181-8237-44ed-8196-277597cafa64","dataSourceKey":"main","timestamp":"2025-04-29 13:25:31"}
{"level":"warn","message":"will retry in 1600ms...","meta":{},"module":"database","submodule":"","method":"auth","app":"main","reqId":"7baee181-8237-44ed-8196-277597cafa64","dataSourceKey":"main","timestamp":"2025-04-29 13:25:31"}
{"level":"warn","message":"attempt 7/9: Unable to connect to the database: the database system is starting up","meta":{},"module":"database","submodule":"","method":"auth","app":"main","reqId":"7baee181-8237-44ed-8196-277597cafa64","dataSourceKey":"main","timestamp":"2025-04-29 13:25:33"}
{"level":"warn","message":"will retry in 3200ms...","meta":{},"module":"database","submodule":"","method":"auth","app":"main","reqId":"7baee181-8237-44ed-8196-277597cafa64","dataSourceKey":"main","timestamp":"2025-04-29 13:25:33"}
{"level":"warn","message":"attempt 8/9: Unable to connect to the database: the database system is starting up","meta":{},"module":"database","submodule":"","method":"auth","app":"main","reqId":"7baee181-8237-44ed-8196-277597cafa64","dataSourceKey":"main","timestamp":"2025-04-29 13:25:36"}
{"level":"info","message":"connection has been established successfully.","meta":{},"module":"database","submodule":"","method":"auth","app":"main","reqId":"7baee181-8237-44ed-8196-277597cafa64","dataSourceKey":"main","timestamp":"2025-04-29 13:25:42"}
{"level":"info","message":"upgrading...","meta":{},"module":"application","submodule":"","method":"","app":"main","reqId":"7baee181-8237-44ed-8196-277597cafa64","dataSourceKey":"main","timestamp":"2025-04-29 13:25:42"}
{"level":"info","message":"run upgrade","meta":{},"module":"application","submodule":"","method":"","app":"main","reqId":"7baee181-8237-44ed-8196-277597cafa64","dataSourceKey":"main","timestamp":"2025-04-29 13:25:43"}
{"level":"info","message":"update built-in plugins","meta":{},"module":"nocobase","submodule":"","method":"","app":"main","reqId":"7baee181-8237-44ed-8196-277597cafa64","dataSourceKey":"main","timestamp":"2025-04-29 13:25:43"}
{"level":"info","message":"run upgrade","meta":{},"module":"application","submodule":"","method":"","app":"main","reqId":"7baee181-8237-44ed-8196-277597cafa64","dataSourceKey":"main","timestamp":"2025-04-29 13:25:47"}
{"level":"info","message":"restarting...","meta":{},"module":"application","submodule":"","method":"","app":"main","reqId":"7baee181-8237-44ed-8196-277597cafa64","dataSourceKey":"main","timestamp":"2025-04-29 13:25:47"}
{"level":"info","message":"app.reload()","meta":{},"module":"application","submodule":"","method":"load","app":"main","reqId":"7baee181-8237-44ed-8196-277597cafa64","dataSourceKey":"main","timestamp":"2025-04-29 13:25:47"}
{"level":"info","message":"write roles to ACL","meta":{},"module":"acl","submodule":"","method":"writeRolesToACL","app":"main","reqId":"7baee181-8237-44ed-8196-277597cafa64","dataSourceKey":"main","timestamp":"2025-04-29 13:25:49"}
{"level":"info","message":"app has been started","meta":{},"module":"application","submodule":"","method":"","app":"main","reqId":"7baee181-8237-44ed-8196-277597cafa64","dataSourceKey":"main","timestamp":"2025-04-29 13:25:49"}
{"level":"info","message":"parseJsonTemplate.raw","meta":{"$and":[{"coach_db":{"users_id":{"$eq":"{{$user.id}}"}}}]},"module":"attendance","submodule":"list","method":"","app":"main","reqId":"80fee561-af17-475f-957b-464e54c69354","dataSourceKey":"main","timestamp":"2025-04-29 13:45:39"}
{"level":"info","message":"filter-parse: ","meta":{"userFields":["id"]},"module":"attendance","submodule":"list","method":"","app":"main","reqId":"80fee561-af17-475f-957b-464e54c69354","dataSourceKey":"main","timestamp":"2025-04-29 13:45:39"}
{"level":"info","message":"filter-parse: ","meta":{"$user":{"id":2}},"module":"attendance","submodule":"list","method":"","app":"main","reqId":"80fee561-af17-475f-957b-464e54c69354","dataSourceKey":"main","timestamp":"2025-04-29 13:45:39"}
{"level":"info","message":"parseJsonTemplate.parsed","meta":{"$and":[{"coach_db":{"users_id":{"$eq":2}}}]},"module":"attendance","submodule":"list","method":"","app":"main","reqId":"80fee561-af17-475f-957b-464e54c69354","dataSourceKey":"main","timestamp":"2025-04-29 13:45:39"}
{"level":"info","message":"restarting...","meta":{},"module":"application","submodule":"","method":"","app":"main","reqId":"7baee181-8237-44ed-8196-277597cafa64","dataSourceKey":"main","timestamp":"2025-04-29 13:49:54"}
{"level":"info","message":"app.reload()","meta":{},"module":"application","submodule":"","method":"load","app":"main","reqId":"7baee181-8237-44ed-8196-277597cafa64","dataSourceKey":"main","timestamp":"2025-04-29 13:49:54"}
{"level":"info","message":"write roles to ACL","meta":{},"module":"acl","submodule":"","method":"writeRolesToACL","app":"main","reqId":"49e66250-288e-4821-865c-f109957d6caf","dataSourceKey":"main","timestamp":"2025-04-29 13:49:56"}
{"level":"info","message":"app has been restarted","meta":{},"module":"application","submodule":"","method":"","app":"main","reqId":"49e66250-288e-4821-865c-f109957d6caf","dataSourceKey":"main","timestamp":"2025-04-29 13:49:56"}
