{"level":"info","message":"restarting...","meta":{},"module":"application","submodule":"","method":"","app":"main","reqId":"6b880442-65b6-47c6-a357-e9ddac235d42","dataSourceKey":"main","timestamp":"2025-04-21 03:35:25"}
{"level":"info","message":"app.reload()","meta":{},"module":"application","submodule":"","method":"load","app":"main","reqId":"6b880442-65b6-47c6-a357-e9ddac235d42","dataSourceKey":"main","timestamp":"2025-04-21 03:35:25"}
{"level":"info","message":"write roles to ACL","meta":{},"module":"acl","submodule":"","method":"writeRolesToACL","app":"main","reqId":"c5fb47d8-6dc9-4769-bdf7-eaf99773fd8a","dataSourceKey":"main","timestamp":"2025-04-21 03:35:27"}
{"level":"info","message":"refreshing...","meta":{},"module":"application","submodule":"","method":"","app":"main","reqId":"c5fb47d8-6dc9-4769-bdf7-eaf99773fd8a","dataSourceKey":"main","timestamp":"2025-04-21 03:35:27"}
{"level":"info","message":"restarting...","meta":{},"module":"application","submodule":"","method":"","app":"main","reqId":"c5fb47d8-6dc9-4769-bdf7-eaf99773fd8a","dataSourceKey":"main","timestamp":"2025-04-21 03:39:41"}
{"level":"info","message":"app.reload()","meta":{},"module":"application","submodule":"","method":"load","app":"main","reqId":"c5fb47d8-6dc9-4769-bdf7-eaf99773fd8a","dataSourceKey":"main","timestamp":"2025-04-21 03:39:41"}
{"level":"info","message":"write roles to ACL","meta":{},"module":"acl","submodule":"","method":"writeRolesToACL","app":"main","reqId":"a1847856-7ca3-4389-a967-f3e6c52ff853","dataSourceKey":"main","timestamp":"2025-04-21 03:39:43"}
{"level":"info","message":"Start sync localization resources","meta":{},"module":"localization","submodule":"sync","method":"","app":"main","reqId":"2158217f-397f-41f1-a41a-ff863acfa8ab","dataSourceKey":"main","timestamp":"2025-04-21 03:41:30"}
{"level":"info","message":"Sync localization resources done, 616ms","meta":{},"module":"localization","submodule":"sync","method":"","app":"main","reqId":"2158217f-397f-41f1-a41a-ff863acfa8ab","dataSourceKey":"main","timestamp":"2025-04-21 03:41:31"}
{"level":"info","message":"Start sync localization resources","meta":{},"module":"localization","submodule":"sync","method":"","app":"main","reqId":"b37c8d08-7bdb-41b2-bed7-edce76207b75","dataSourceKey":"main","timestamp":"2025-04-21 03:47:00"}
{"level":"info","message":"Sync localization resources done, 136ms","meta":{},"module":"localization","submodule":"sync","method":"","app":"main","reqId":"b37c8d08-7bdb-41b2-bed7-edce76207b75","dataSourceKey":"main","timestamp":"2025-04-21 03:47:00"}
{"level":"info","message":"restarting...","meta":{},"module":"application","submodule":"","method":"","app":"main","reqId":"a1847856-7ca3-4389-a967-f3e6c52ff853","dataSourceKey":"main","timestamp":"2025-04-21 03:51:08"}
{"level":"info","message":"app.reload()","meta":{},"module":"application","submodule":"","method":"load","app":"main","reqId":"a1847856-7ca3-4389-a967-f3e6c52ff853","dataSourceKey":"main","timestamp":"2025-04-21 03:51:08"}
{"level":"info","message":"write roles to ACL","meta":{},"module":"acl","submodule":"","method":"writeRolesToACL","app":"main","reqId":"f26e04d1-dc0a-4f16-9c00-b76c015d2f85","dataSourceKey":"main","timestamp":"2025-04-21 03:51:09"}
{"level":"info","message":"restarting...","meta":{},"module":"application","submodule":"","method":"","app":"main","reqId":"f26e04d1-dc0a-4f16-9c00-b76c015d2f85","dataSourceKey":"main","timestamp":"2025-04-21 03:59:46"}
{"level":"info","message":"app.reload()","meta":{},"module":"application","submodule":"","method":"load","app":"main","reqId":"f26e04d1-dc0a-4f16-9c00-b76c015d2f85","dataSourceKey":"main","timestamp":"2025-04-21 03:59:46"}
{"level":"info","message":"write roles to ACL","meta":{},"module":"acl","submodule":"","method":"writeRolesToACL","app":"main","reqId":"7dd8f057-ace1-42c0-87a9-e7e23dfd6ab7","dataSourceKey":"main","timestamp":"2025-04-21 03:59:47"}
{"level":"info","message":"restarting...","meta":{},"module":"application","submodule":"","method":"","app":"main","reqId":"7dd8f057-ace1-42c0-87a9-e7e23dfd6ab7","dataSourceKey":"main","timestamp":"2025-04-21 04:52:58"}
{"level":"info","message":"app.reload()","meta":{},"module":"application","submodule":"","method":"load","app":"main","reqId":"7dd8f057-ace1-42c0-87a9-e7e23dfd6ab7","dataSourceKey":"main","timestamp":"2025-04-21 04:52:58"}
{"level":"info","message":"write roles to ACL","meta":{},"module":"acl","submodule":"","method":"writeRolesToACL","app":"main","reqId":"98506dcf-17d4-49b9-8260-cef6335cd225","dataSourceKey":"main","timestamp":"2025-04-21 04:52:59"}
{"level":"info","message":"refreshing...","meta":{},"module":"application","submodule":"","method":"","app":"main","reqId":"98506dcf-17d4-49b9-8260-cef6335cd225","dataSourceKey":"main","timestamp":"2025-04-21 04:53:00"}
{"level":"info","message":"add app main into supervisor","meta":{},"module":"application","submodule":"supervisor","method":"addApp","app":"main","reqId":"a97c5c5d-1fe1-4f69-bea0-f87ce31fd2fd","dataSourceKey":"main","timestamp":"2025-04-21 13:36:49"}
{"level":"warn","message":"attempt 1/9: Unable to connect to the database: the database system is starting up","meta":{},"module":"database","submodule":"","method":"auth","app":"main","reqId":"a97c5c5d-1fe1-4f69-bea0-f87ce31fd2fd","dataSourceKey":"main","timestamp":"2025-04-21 13:36:49"}
{"level":"warn","message":"will retry in 50ms...","meta":{},"module":"database","submodule":"","method":"auth","app":"main","reqId":"a97c5c5d-1fe1-4f69-bea0-f87ce31fd2fd","dataSourceKey":"main","timestamp":"2025-04-21 13:36:49"}
{"level":"warn","message":"attempt 2/9: Unable to connect to the database: the database system is starting up","meta":{},"module":"database","submodule":"","method":"auth","app":"main","reqId":"a97c5c5d-1fe1-4f69-bea0-f87ce31fd2fd","dataSourceKey":"main","timestamp":"2025-04-21 13:36:49"}
{"level":"warn","message":"will retry in 100ms...","meta":{},"module":"database","submodule":"","method":"auth","app":"main","reqId":"a97c5c5d-1fe1-4f69-bea0-f87ce31fd2fd","dataSourceKey":"main","timestamp":"2025-04-21 13:36:49"}
{"level":"warn","message":"attempt 3/9: Unable to connect to the database: the database system is starting up","meta":{},"module":"database","submodule":"","method":"auth","app":"main","reqId":"a97c5c5d-1fe1-4f69-bea0-f87ce31fd2fd","dataSourceKey":"main","timestamp":"2025-04-21 13:36:49"}
{"level":"warn","message":"will retry in 200ms...","meta":{},"module":"database","submodule":"","method":"auth","app":"main","reqId":"a97c5c5d-1fe1-4f69-bea0-f87ce31fd2fd","dataSourceKey":"main","timestamp":"2025-04-21 13:36:49"}
{"level":"warn","message":"attempt 4/9: Unable to connect to the database: the database system is starting up","meta":{},"module":"database","submodule":"","method":"auth","app":"main","reqId":"a97c5c5d-1fe1-4f69-bea0-f87ce31fd2fd","dataSourceKey":"main","timestamp":"2025-04-21 13:36:50"}
{"level":"warn","message":"will retry in 400ms...","meta":{},"module":"database","submodule":"","method":"auth","app":"main","reqId":"a97c5c5d-1fe1-4f69-bea0-f87ce31fd2fd","dataSourceKey":"main","timestamp":"2025-04-21 13:36:50"}
{"level":"warn","message":"attempt 5/9: Unable to connect to the database: the database system is starting up","meta":{},"module":"database","submodule":"","method":"auth","app":"main","reqId":"a97c5c5d-1fe1-4f69-bea0-f87ce31fd2fd","dataSourceKey":"main","timestamp":"2025-04-21 13:36:50"}
{"level":"warn","message":"will retry in 800ms...","meta":{},"module":"database","submodule":"","method":"auth","app":"main","reqId":"a97c5c5d-1fe1-4f69-bea0-f87ce31fd2fd","dataSourceKey":"main","timestamp":"2025-04-21 13:36:50"}
{"level":"warn","message":"attempt 6/9: Unable to connect to the database: the database system is starting up","meta":{},"module":"database","submodule":"","method":"auth","app":"main","reqId":"a97c5c5d-1fe1-4f69-bea0-f87ce31fd2fd","dataSourceKey":"main","timestamp":"2025-04-21 13:36:51"}
{"level":"warn","message":"will retry in 1600ms...","meta":{},"module":"database","submodule":"","method":"auth","app":"main","reqId":"a97c5c5d-1fe1-4f69-bea0-f87ce31fd2fd","dataSourceKey":"main","timestamp":"2025-04-21 13:36:51"}
{"level":"warn","message":"attempt 7/9: Unable to connect to the database: the database system is starting up","meta":{},"module":"database","submodule":"","method":"auth","app":"main","reqId":"a97c5c5d-1fe1-4f69-bea0-f87ce31fd2fd","dataSourceKey":"main","timestamp":"2025-04-21 13:36:52"}
{"level":"warn","message":"will retry in 3200ms...","meta":{},"module":"database","submodule":"","method":"auth","app":"main","reqId":"a97c5c5d-1fe1-4f69-bea0-f87ce31fd2fd","dataSourceKey":"main","timestamp":"2025-04-21 13:36:52"}
{"level":"warn","message":"attempt 8/9: Unable to connect to the database: the database system is starting up","meta":{},"module":"database","submodule":"","method":"auth","app":"main","reqId":"a97c5c5d-1fe1-4f69-bea0-f87ce31fd2fd","dataSourceKey":"main","timestamp":"2025-04-21 13:36:56"}
{"level":"info","message":"connection has been established successfully.","meta":{},"module":"database","submodule":"","method":"auth","app":"main","reqId":"a97c5c5d-1fe1-4f69-bea0-f87ce31fd2fd","dataSourceKey":"main","timestamp":"2025-04-21 13:37:02"}
{"level":"info","message":"upgrading...","meta":{},"module":"application","submodule":"","method":"","app":"main","reqId":"a97c5c5d-1fe1-4f69-bea0-f87ce31fd2fd","dataSourceKey":"main","timestamp":"2025-04-21 13:37:02"}
{"level":"info","message":"run upgrade","meta":{},"module":"application","submodule":"","method":"","app":"main","reqId":"a97c5c5d-1fe1-4f69-bea0-f87ce31fd2fd","dataSourceKey":"main","timestamp":"2025-04-21 13:37:03"}
{"level":"info","message":"update built-in plugins","meta":{},"module":"nocobase","submodule":"","method":"","app":"main","reqId":"a97c5c5d-1fe1-4f69-bea0-f87ce31fd2fd","dataSourceKey":"main","timestamp":"2025-04-21 13:37:03"}
{"level":"info","message":"run upgrade","meta":{},"module":"application","submodule":"","method":"","app":"main","reqId":"a97c5c5d-1fe1-4f69-bea0-f87ce31fd2fd","dataSourceKey":"main","timestamp":"2025-04-21 13:37:06"}
{"level":"info","message":"restarting...","meta":{},"module":"application","submodule":"","method":"","app":"main","reqId":"a97c5c5d-1fe1-4f69-bea0-f87ce31fd2fd","dataSourceKey":"main","timestamp":"2025-04-21 13:37:06"}
{"level":"info","message":"app.reload()","meta":{},"module":"application","submodule":"","method":"load","app":"main","reqId":"a97c5c5d-1fe1-4f69-bea0-f87ce31fd2fd","dataSourceKey":"main","timestamp":"2025-04-21 13:37:06"}
{"level":"info","message":"write roles to ACL","meta":{},"module":"acl","submodule":"","method":"writeRolesToACL","app":"main","reqId":"a97c5c5d-1fe1-4f69-bea0-f87ce31fd2fd","dataSourceKey":"main","timestamp":"2025-04-21 13:37:09"}
{"level":"info","message":"app has been started","meta":{},"module":"application","submodule":"","method":"","app":"main","reqId":"a97c5c5d-1fe1-4f69-bea0-f87ce31fd2fd","dataSourceKey":"main","timestamp":"2025-04-21 13:37:09"}
{"level":"info","message":"token renewing","meta":{"currentJti":"575b0edf-76a0-4154-a078-31e9e90aa703"},"module":"application","submodule":"","method":"auth.check","app":"main","reqId":"a97c5c5d-1fe1-4f69-bea0-f87ce31fd2fd","dataSourceKey":"main","timestamp":"2025-04-21 13:37:09"}
{"level":"info","message":"token renewing","meta":{"currentJti":"575b0edf-76a0-4154-a078-31e9e90aa703"},"module":"application","submodule":"","method":"auth.check","app":"main","reqId":"a97c5c5d-1fe1-4f69-bea0-f87ce31fd2fd","dataSourceKey":"main","timestamp":"2025-04-21 13:37:10"}
{"level":"info","message":"token renewing","meta":{"url":"/api/auth:check","currentJti":"575b0edf-76a0-4154-a078-31e9e90aa703"},"module":"auth","submodule":"check","method":"auth.check","app":"main","reqId":"a2f043fe-c7a4-44a5-a391-0f5f9ffa976a","dataSourceKey":"main","timestamp":"2025-04-21 13:37:10"}
{"level":"info","message":"token renewing","meta":{"jti":"575b0edf-76a0-4154-a078-31e9e90aa703"},"module":"auth","submodule":"check","method":"auth.check","app":"main","reqId":"a2f043fe-c7a4-44a5-a391-0f5f9ffa976a","dataSourceKey":"main","timestamp":"2025-04-21 13:37:10"}
{"level":"info","message":"jti renewed","meta":{"oldJti":"575b0edf-76a0-4154-a078-31e9e90aa703","newJti":"d7814a1e-ceb8-433e-ba16-9b94f5ee17a9","issuedTime":1745242630427},"module":"application","submodule":"","method":"","app":"main","reqId":"a97c5c5d-1fe1-4f69-bea0-f87ce31fd2fd","dataSourceKey":"main","timestamp":"2025-04-21 13:37:10"}
{"level":"info","message":"token renewed","meta":{"oldJti":"575b0edf-76a0-4154-a078-31e9e90aa703","newJti":"d7814a1e-ceb8-433e-ba16-9b94f5ee17a9"},"module":"auth","submodule":"check","method":"auth.check","app":"main","reqId":"a2f043fe-c7a4-44a5-a391-0f5f9ffa976a","dataSourceKey":"main","timestamp":"2025-04-21 13:37:10"}
