{"level":"info","message":"add app main into supervisor","meta":{},"module":"application","submodule":"supervisor","method":"addApp","app":"main","reqId":"87d4e8d0-6b2a-48ca-bbc7-674e4b9e39d1","dataSourceKey":"main","timestamp":"2025-05-09 06:21:31"}
{"level":"info","message":"connection has been established successfully.","meta":{},"module":"database","submodule":"","method":"auth","app":"main","reqId":"87d4e8d0-6b2a-48ca-bbc7-674e4b9e39d1","dataSourceKey":"main","timestamp":"2025-05-09 06:21:32"}
{"level":"info","message":"upgrading...","meta":{},"module":"application","submodule":"","method":"","app":"main","reqId":"87d4e8d0-6b2a-48ca-bbc7-674e4b9e39d1","dataSourceKey":"main","timestamp":"2025-05-09 06:21:32"}
{"level":"info","message":"run upgrade","meta":{},"module":"application","submodule":"","method":"","app":"main","reqId":"87d4e8d0-6b2a-48ca-bbc7-674e4b9e39d1","dataSourceKey":"main","timestamp":"2025-05-09 06:21:34"}
{"level":"info","message":"update built-in plugins","meta":{},"module":"nocobase","submodule":"","method":"","app":"main","reqId":"87d4e8d0-6b2a-48ca-bbc7-674e4b9e39d1","dataSourceKey":"main","timestamp":"2025-05-09 06:21:34"}
{"level":"info","message":"run upgrade","meta":{},"module":"application","submodule":"","method":"","app":"main","reqId":"87d4e8d0-6b2a-48ca-bbc7-674e4b9e39d1","dataSourceKey":"main","timestamp":"2025-05-09 06:21:39"}
{"level":"info","message":"restarting...","meta":{},"module":"application","submodule":"","method":"","app":"main","reqId":"87d4e8d0-6b2a-48ca-bbc7-674e4b9e39d1","dataSourceKey":"main","timestamp":"2025-05-09 06:21:39"}
{"level":"info","message":"app.reload()","meta":{},"module":"application","submodule":"","method":"load","app":"main","reqId":"87d4e8d0-6b2a-48ca-bbc7-674e4b9e39d1","dataSourceKey":"main","timestamp":"2025-05-09 06:21:39"}
{"level":"info","message":"write roles to ACL","meta":{},"module":"acl","submodule":"","method":"writeRolesToACL","app":"main","reqId":"87d4e8d0-6b2a-48ca-bbc7-674e4b9e39d1","dataSourceKey":"main","timestamp":"2025-05-09 06:21:42"}
{"level":"info","message":"app has been started","meta":{},"module":"application","submodule":"","method":"","app":"main","reqId":"87d4e8d0-6b2a-48ca-bbc7-674e4b9e39d1","dataSourceKey":"main","timestamp":"2025-05-09 06:21:43"}
{"level":"info","message":"filter-parse: ","meta":{"userFields":["id"]},"module":"attendance","submodule":"list","method":"","app":"main","reqId":"ced13af8-a06d-4a1e-bbf1-ae0652a4a67c","dataSourceKey":"main","timestamp":"2025-05-09 06:26:17"}
{"level":"info","message":"filter-parse: ","meta":{"userFields":["id"]},"module":"charts","submodule":"query","method":"","app":"main","reqId":"18dc2a64-0da2-488f-8e7e-2c2624fef5da","dataSourceKey":"main","timestamp":"2025-05-09 06:26:17"}
{"level":"info","message":"filter-parse: ","meta":{"$user":{"id":1}},"module":"attendance","submodule":"list","method":"","app":"main","reqId":"ced13af8-a06d-4a1e-bbf1-ae0652a4a67c","dataSourceKey":"main","timestamp":"2025-05-09 06:26:17"}
{"level":"info","message":"filter-parse: ","meta":{"userFields":["id"]},"module":"charts","submodule":"query","method":"","app":"main","reqId":"2e63aab3-511f-4f66-8655-02823c09b10b","dataSourceKey":"main","timestamp":"2025-05-09 06:26:17"}
{"level":"info","message":"filter-parse: ","meta":{"$user":{"id":1}},"module":"charts","submodule":"query","method":"","app":"main","reqId":"18dc2a64-0da2-488f-8e7e-2c2624fef5da","dataSourceKey":"main","timestamp":"2025-05-09 06:26:17"}
{"level":"info","message":"filter-parse: ","meta":{"userFields":["id"]},"module":"charts","submodule":"query","method":"","app":"main","reqId":"3e2ba36a-5d6e-40b8-98f0-7fc7da4c36f8","dataSourceKey":"main","timestamp":"2025-05-09 06:26:17"}
{"level":"info","message":"filter-parse: ","meta":{"$user":{"id":1}},"module":"charts","submodule":"query","method":"","app":"main","reqId":"2e63aab3-511f-4f66-8655-02823c09b10b","dataSourceKey":"main","timestamp":"2025-05-09 06:26:17"}
{"level":"info","message":"filter-parse: ","meta":{"$user":{"id":1}},"module":"charts","submodule":"query","method":"","app":"main","reqId":"3e2ba36a-5d6e-40b8-98f0-7fc7da4c36f8","dataSourceKey":"main","timestamp":"2025-05-09 06:26:17"}
{"level":"info","message":"add app main into supervisor","meta":{},"module":"application","submodule":"supervisor","method":"addApp","app":"main","reqId":"c56c5e59-54ee-4125-a8e9-3e6839639318","dataSourceKey":"main","timestamp":"2025-05-09 07:52:01"}
{"level":"warn","message":"attempt 1/9: Unable to connect to the database: the database system is starting up","meta":{},"module":"database","submodule":"","method":"auth","app":"main","reqId":"c56c5e59-54ee-4125-a8e9-3e6839639318","dataSourceKey":"main","timestamp":"2025-05-09 07:52:01"}
{"level":"warn","message":"will retry in 50ms...","meta":{},"module":"database","submodule":"","method":"auth","app":"main","reqId":"c56c5e59-54ee-4125-a8e9-3e6839639318","dataSourceKey":"main","timestamp":"2025-05-09 07:52:01"}
{"level":"warn","message":"attempt 2/9: Unable to connect to the database: the database system is starting up","meta":{},"module":"database","submodule":"","method":"auth","app":"main","reqId":"c56c5e59-54ee-4125-a8e9-3e6839639318","dataSourceKey":"main","timestamp":"2025-05-09 07:52:01"}
{"level":"warn","message":"will retry in 100ms...","meta":{},"module":"database","submodule":"","method":"auth","app":"main","reqId":"c56c5e59-54ee-4125-a8e9-3e6839639318","dataSourceKey":"main","timestamp":"2025-05-09 07:52:01"}
{"level":"warn","message":"attempt 3/9: Unable to connect to the database: the database system is starting up","meta":{},"module":"database","submodule":"","method":"auth","app":"main","reqId":"c56c5e59-54ee-4125-a8e9-3e6839639318","dataSourceKey":"main","timestamp":"2025-05-09 07:52:01"}
{"level":"warn","message":"will retry in 200ms...","meta":{},"module":"database","submodule":"","method":"auth","app":"main","reqId":"c56c5e59-54ee-4125-a8e9-3e6839639318","dataSourceKey":"main","timestamp":"2025-05-09 07:52:01"}
{"level":"warn","message":"attempt 4/9: Unable to connect to the database: the database system is starting up","meta":{},"module":"database","submodule":"","method":"auth","app":"main","reqId":"c56c5e59-54ee-4125-a8e9-3e6839639318","dataSourceKey":"main","timestamp":"2025-05-09 07:52:01"}
{"level":"warn","message":"will retry in 400ms...","meta":{},"module":"database","submodule":"","method":"auth","app":"main","reqId":"c56c5e59-54ee-4125-a8e9-3e6839639318","dataSourceKey":"main","timestamp":"2025-05-09 07:52:01"}
{"level":"warn","message":"attempt 5/9: Unable to connect to the database: the database system is starting up","meta":{},"module":"database","submodule":"","method":"auth","app":"main","reqId":"c56c5e59-54ee-4125-a8e9-3e6839639318","dataSourceKey":"main","timestamp":"2025-05-09 07:52:02"}
{"level":"warn","message":"will retry in 800ms...","meta":{},"module":"database","submodule":"","method":"auth","app":"main","reqId":"c56c5e59-54ee-4125-a8e9-3e6839639318","dataSourceKey":"main","timestamp":"2025-05-09 07:52:02"}
{"level":"warn","message":"attempt 6/9: Unable to connect to the database: the database system is starting up","meta":{},"module":"database","submodule":"","method":"auth","app":"main","reqId":"c56c5e59-54ee-4125-a8e9-3e6839639318","dataSourceKey":"main","timestamp":"2025-05-09 07:52:03"}
{"level":"warn","message":"will retry in 1600ms...","meta":{},"module":"database","submodule":"","method":"auth","app":"main","reqId":"c56c5e59-54ee-4125-a8e9-3e6839639318","dataSourceKey":"main","timestamp":"2025-05-09 07:52:03"}
{"level":"warn","message":"attempt 7/9: Unable to connect to the database: the database system is starting up","meta":{},"module":"database","submodule":"","method":"auth","app":"main","reqId":"c56c5e59-54ee-4125-a8e9-3e6839639318","dataSourceKey":"main","timestamp":"2025-05-09 07:52:04"}
{"level":"warn","message":"will retry in 3200ms...","meta":{},"module":"database","submodule":"","method":"auth","app":"main","reqId":"c56c5e59-54ee-4125-a8e9-3e6839639318","dataSourceKey":"main","timestamp":"2025-05-09 07:52:04"}
{"level":"warn","message":"attempt 8/9: Unable to connect to the database: the database system is starting up","meta":{},"module":"database","submodule":"","method":"auth","app":"main","reqId":"c56c5e59-54ee-4125-a8e9-3e6839639318","dataSourceKey":"main","timestamp":"2025-05-09 07:52:07"}
{"level":"info","message":"connection has been established successfully.","meta":{},"module":"database","submodule":"","method":"auth","app":"main","reqId":"c56c5e59-54ee-4125-a8e9-3e6839639318","dataSourceKey":"main","timestamp":"2025-05-09 07:52:14"}
{"level":"info","message":"upgrading...","meta":{},"module":"application","submodule":"","method":"","app":"main","reqId":"c56c5e59-54ee-4125-a8e9-3e6839639318","dataSourceKey":"main","timestamp":"2025-05-09 07:52:14"}
{"level":"info","message":"run upgrade","meta":{},"module":"application","submodule":"","method":"","app":"main","reqId":"c56c5e59-54ee-4125-a8e9-3e6839639318","dataSourceKey":"main","timestamp":"2025-05-09 07:52:15"}
{"level":"info","message":"update built-in plugins","meta":{},"module":"nocobase","submodule":"","method":"","app":"main","reqId":"c56c5e59-54ee-4125-a8e9-3e6839639318","dataSourceKey":"main","timestamp":"2025-05-09 07:52:15"}
{"level":"info","message":"run upgrade","meta":{},"module":"application","submodule":"","method":"","app":"main","reqId":"c56c5e59-54ee-4125-a8e9-3e6839639318","dataSourceKey":"main","timestamp":"2025-05-09 07:52:17"}
{"level":"info","message":"restarting...","meta":{},"module":"application","submodule":"","method":"","app":"main","reqId":"c56c5e59-54ee-4125-a8e9-3e6839639318","dataSourceKey":"main","timestamp":"2025-05-09 07:52:17"}
{"level":"info","message":"app.reload()","meta":{},"module":"application","submodule":"","method":"load","app":"main","reqId":"c56c5e59-54ee-4125-a8e9-3e6839639318","dataSourceKey":"main","timestamp":"2025-05-09 07:52:17"}
{"level":"info","message":"write roles to ACL","meta":{},"module":"acl","submodule":"","method":"writeRolesToACL","app":"main","reqId":"c56c5e59-54ee-4125-a8e9-3e6839639318","dataSourceKey":"main","timestamp":"2025-05-09 07:52:19"}
{"level":"info","message":"app has been started","meta":{},"module":"application","submodule":"","method":"","app":"main","reqId":"c56c5e59-54ee-4125-a8e9-3e6839639318","dataSourceKey":"main","timestamp":"2025-05-09 07:52:19"}
{"level":"info","message":"add app main into supervisor","meta":{},"module":"application","submodule":"supervisor","method":"addApp","app":"main","reqId":"fb549e09-4397-437e-b37b-b98be9f60acd","dataSourceKey":"main","timestamp":"2025-05-09 11:57:50"}
{"level":"warn","message":"attempt 1/9: Unable to connect to the database: the database system is starting up","meta":{},"module":"database","submodule":"","method":"auth","app":"main","reqId":"fb549e09-4397-437e-b37b-b98be9f60acd","dataSourceKey":"main","timestamp":"2025-05-09 11:57:50"}
{"level":"warn","message":"will retry in 50ms...","meta":{},"module":"database","submodule":"","method":"auth","app":"main","reqId":"fb549e09-4397-437e-b37b-b98be9f60acd","dataSourceKey":"main","timestamp":"2025-05-09 11:57:50"}
{"level":"warn","message":"attempt 2/9: Unable to connect to the database: the database system is starting up","meta":{},"module":"database","submodule":"","method":"auth","app":"main","reqId":"fb549e09-4397-437e-b37b-b98be9f60acd","dataSourceKey":"main","timestamp":"2025-05-09 11:57:50"}
{"level":"warn","message":"will retry in 100ms...","meta":{},"module":"database","submodule":"","method":"auth","app":"main","reqId":"fb549e09-4397-437e-b37b-b98be9f60acd","dataSourceKey":"main","timestamp":"2025-05-09 11:57:50"}
{"level":"warn","message":"attempt 3/9: Unable to connect to the database: the database system is starting up","meta":{},"module":"database","submodule":"","method":"auth","app":"main","reqId":"fb549e09-4397-437e-b37b-b98be9f60acd","dataSourceKey":"main","timestamp":"2025-05-09 11:57:50"}
{"level":"warn","message":"will retry in 200ms...","meta":{},"module":"database","submodule":"","method":"auth","app":"main","reqId":"fb549e09-4397-437e-b37b-b98be9f60acd","dataSourceKey":"main","timestamp":"2025-05-09 11:57:50"}
{"level":"warn","message":"attempt 4/9: Unable to connect to the database: the database system is starting up","meta":{},"module":"database","submodule":"","method":"auth","app":"main","reqId":"fb549e09-4397-437e-b37b-b98be9f60acd","dataSourceKey":"main","timestamp":"2025-05-09 11:57:50"}
{"level":"warn","message":"will retry in 400ms...","meta":{},"module":"database","submodule":"","method":"auth","app":"main","reqId":"fb549e09-4397-437e-b37b-b98be9f60acd","dataSourceKey":"main","timestamp":"2025-05-09 11:57:50"}
{"level":"warn","message":"attempt 5/9: Unable to connect to the database: the database system is starting up","meta":{},"module":"database","submodule":"","method":"auth","app":"main","reqId":"fb549e09-4397-437e-b37b-b98be9f60acd","dataSourceKey":"main","timestamp":"2025-05-09 11:57:51"}
{"level":"warn","message":"will retry in 800ms...","meta":{},"module":"database","submodule":"","method":"auth","app":"main","reqId":"fb549e09-4397-437e-b37b-b98be9f60acd","dataSourceKey":"main","timestamp":"2025-05-09 11:57:51"}
{"level":"warn","message":"attempt 6/9: Unable to connect to the database: the database system is starting up","meta":{},"module":"database","submodule":"","method":"auth","app":"main","reqId":"fb549e09-4397-437e-b37b-b98be9f60acd","dataSourceKey":"main","timestamp":"2025-05-09 11:57:52"}
{"level":"warn","message":"will retry in 1600ms...","meta":{},"module":"database","submodule":"","method":"auth","app":"main","reqId":"fb549e09-4397-437e-b37b-b98be9f60acd","dataSourceKey":"main","timestamp":"2025-05-09 11:57:52"}
{"level":"warn","message":"attempt 7/9: Unable to connect to the database: the database system is starting up","meta":{},"module":"database","submodule":"","method":"auth","app":"main","reqId":"fb549e09-4397-437e-b37b-b98be9f60acd","dataSourceKey":"main","timestamp":"2025-05-09 11:57:53"}
{"level":"warn","message":"will retry in 3200ms...","meta":{},"module":"database","submodule":"","method":"auth","app":"main","reqId":"fb549e09-4397-437e-b37b-b98be9f60acd","dataSourceKey":"main","timestamp":"2025-05-09 11:57:53"}
{"level":"warn","message":"attempt 8/9: Unable to connect to the database: the database system is starting up","meta":{},"module":"database","submodule":"","method":"auth","app":"main","reqId":"fb549e09-4397-437e-b37b-b98be9f60acd","dataSourceKey":"main","timestamp":"2025-05-09 11:57:56"}
{"level":"info","message":"connection has been established successfully.","meta":{},"module":"database","submodule":"","method":"auth","app":"main","reqId":"fb549e09-4397-437e-b37b-b98be9f60acd","dataSourceKey":"main","timestamp":"2025-05-09 11:58:03"}
{"level":"info","message":"upgrading...","meta":{},"module":"application","submodule":"","method":"","app":"main","reqId":"fb549e09-4397-437e-b37b-b98be9f60acd","dataSourceKey":"main","timestamp":"2025-05-09 11:58:03"}
{"level":"info","message":"run upgrade","meta":{},"module":"application","submodule":"","method":"","app":"main","reqId":"fb549e09-4397-437e-b37b-b98be9f60acd","dataSourceKey":"main","timestamp":"2025-05-09 11:58:03"}
{"level":"info","message":"update built-in plugins","meta":{},"module":"nocobase","submodule":"","method":"","app":"main","reqId":"fb549e09-4397-437e-b37b-b98be9f60acd","dataSourceKey":"main","timestamp":"2025-05-09 11:58:03"}
{"level":"info","message":"run upgrade","meta":{},"module":"application","submodule":"","method":"","app":"main","reqId":"fb549e09-4397-437e-b37b-b98be9f60acd","dataSourceKey":"main","timestamp":"2025-05-09 11:58:06"}
{"level":"info","message":"restarting...","meta":{},"module":"application","submodule":"","method":"","app":"main","reqId":"fb549e09-4397-437e-b37b-b98be9f60acd","dataSourceKey":"main","timestamp":"2025-05-09 11:58:06"}
{"level":"info","message":"app.reload()","meta":{},"module":"application","submodule":"","method":"load","app":"main","reqId":"fb549e09-4397-437e-b37b-b98be9f60acd","dataSourceKey":"main","timestamp":"2025-05-09 11:58:06"}
{"level":"info","message":"write roles to ACL","meta":{},"module":"acl","submodule":"","method":"writeRolesToACL","app":"main","reqId":"fb549e09-4397-437e-b37b-b98be9f60acd","dataSourceKey":"main","timestamp":"2025-05-09 11:58:08"}
{"level":"info","message":"app has been started","meta":{},"module":"application","submodule":"","method":"","app":"main","reqId":"fb549e09-4397-437e-b37b-b98be9f60acd","dataSourceKey":"main","timestamp":"2025-05-09 11:58:09"}
{"level":"info","message":"filter-parse: ","meta":{"userFields":["id"]},"module":"attendance","submodule":"list","method":"","app":"main","reqId":"c691df7a-4580-4d74-9498-a0da7570fadf","dataSourceKey":"main","timestamp":"2025-05-09 12:25:25"}
{"level":"info","message":"filter-parse: ","meta":{"$user":{"id":1}},"module":"attendance","submodule":"list","method":"","app":"main","reqId":"c691df7a-4580-4d74-9498-a0da7570fadf","dataSourceKey":"main","timestamp":"2025-05-09 12:25:25"}
{"level":"info","message":"filter-parse: ","meta":{"userFields":["id"]},"module":"charts","submodule":"query","method":"","app":"main","reqId":"d8be6f36-286a-495a-b4c5-426eb6f57e46","dataSourceKey":"main","timestamp":"2025-05-09 12:25:25"}
{"level":"info","message":"filter-parse: ","meta":{"userFields":["id"]},"module":"charts","submodule":"query","method":"","app":"main","reqId":"048f23c5-6a54-4d95-9101-21b9fc654a25","dataSourceKey":"main","timestamp":"2025-05-09 12:25:25"}
{"level":"info","message":"filter-parse: ","meta":{"$user":{"id":1}},"module":"charts","submodule":"query","method":"","app":"main","reqId":"d8be6f36-286a-495a-b4c5-426eb6f57e46","dataSourceKey":"main","timestamp":"2025-05-09 12:25:25"}
{"level":"info","message":"filter-parse: ","meta":{"userFields":["id"]},"module":"charts","submodule":"query","method":"","app":"main","reqId":"4e8e4505-f2a4-4582-b4d6-3f70f5bb4e75","dataSourceKey":"main","timestamp":"2025-05-09 12:25:25"}
{"level":"info","message":"filter-parse: ","meta":{"$user":{"id":1}},"module":"charts","submodule":"query","method":"","app":"main","reqId":"048f23c5-6a54-4d95-9101-21b9fc654a25","dataSourceKey":"main","timestamp":"2025-05-09 12:25:25"}
{"level":"info","message":"filter-parse: ","meta":{"$user":{"id":1}},"module":"charts","submodule":"query","method":"","app":"main","reqId":"4e8e4505-f2a4-4582-b4d6-3f70f5bb4e75","dataSourceKey":"main","timestamp":"2025-05-09 12:25:26"}
{"level":"info","message":"filter-parse: ","meta":{"userFields":["id"]},"module":"charts","submodule":"query","method":"","app":"main","reqId":"e0510432-cf0a-468b-a052-343dc3cfab27","dataSourceKey":"main","timestamp":"2025-05-09 12:25:30"}
{"level":"info","message":"filter-parse: ","meta":{"$user":{"id":1}},"module":"charts","submodule":"query","method":"","app":"main","reqId":"e0510432-cf0a-468b-a052-343dc3cfab27","dataSourceKey":"main","timestamp":"2025-05-09 12:25:30"}
{"level":"info","message":"filter-parse: ","meta":{"userFields":["id"]},"module":"attendance","submodule":"list","method":"","app":"main","reqId":"c0651607-18c8-4748-96b4-d8df39d8fea5","dataSourceKey":"main","timestamp":"2025-05-09 12:25:30"}
{"level":"info","message":"filter-parse: ","meta":{"$user":{"id":1}},"module":"attendance","submodule":"list","method":"","app":"main","reqId":"c0651607-18c8-4748-96b4-d8df39d8fea5","dataSourceKey":"main","timestamp":"2025-05-09 12:25:30"}
