{"level":"info","message":"add app main into supervisor","meta":{},"module":"application","submodule":"supervisor","method":"addApp","app":"main","reqId":"e294c0fa-4945-4032-af73-3e0515cf6dd8","dataSourceKey":"main","timestamp":"2025-04-09 04:40:07"}
{"level":"warn","message":"attempt 1/9: Unable to connect to the database: the database system is starting up","meta":{},"module":"database","submodule":"","method":"auth","app":"main","reqId":"e294c0fa-4945-4032-af73-3e0515cf6dd8","dataSourceKey":"main","timestamp":"2025-04-09 04:40:07"}
{"level":"warn","message":"will retry in 50ms...","meta":{},"module":"database","submodule":"","method":"auth","app":"main","reqId":"e294c0fa-4945-4032-af73-3e0515cf6dd8","dataSourceKey":"main","timestamp":"2025-04-09 04:40:07"}
{"level":"warn","message":"attempt 2/9: Unable to connect to the database: the database system is starting up","meta":{},"module":"database","submodule":"","method":"auth","app":"main","reqId":"e294c0fa-4945-4032-af73-3e0515cf6dd8","dataSourceKey":"main","timestamp":"2025-04-09 04:40:07"}
{"level":"warn","message":"will retry in 100ms...","meta":{},"module":"database","submodule":"","method":"auth","app":"main","reqId":"e294c0fa-4945-4032-af73-3e0515cf6dd8","dataSourceKey":"main","timestamp":"2025-04-09 04:40:07"}
{"level":"warn","message":"attempt 3/9: Unable to connect to the database: the database system is starting up","meta":{},"module":"database","submodule":"","method":"auth","app":"main","reqId":"e294c0fa-4945-4032-af73-3e0515cf6dd8","dataSourceKey":"main","timestamp":"2025-04-09 04:40:07"}
{"level":"warn","message":"will retry in 200ms...","meta":{},"module":"database","submodule":"","method":"auth","app":"main","reqId":"e294c0fa-4945-4032-af73-3e0515cf6dd8","dataSourceKey":"main","timestamp":"2025-04-09 04:40:07"}
{"level":"warn","message":"attempt 4/9: Unable to connect to the database: the database system is starting up","meta":{},"module":"database","submodule":"","method":"auth","app":"main","reqId":"e294c0fa-4945-4032-af73-3e0515cf6dd8","dataSourceKey":"main","timestamp":"2025-04-09 04:40:08"}
{"level":"warn","message":"will retry in 400ms...","meta":{},"module":"database","submodule":"","method":"auth","app":"main","reqId":"e294c0fa-4945-4032-af73-3e0515cf6dd8","dataSourceKey":"main","timestamp":"2025-04-09 04:40:08"}
{"level":"warn","message":"attempt 5/9: Unable to connect to the database: the database system is starting up","meta":{},"module":"database","submodule":"","method":"auth","app":"main","reqId":"e294c0fa-4945-4032-af73-3e0515cf6dd8","dataSourceKey":"main","timestamp":"2025-04-09 04:40:08"}
{"level":"warn","message":"will retry in 800ms...","meta":{},"module":"database","submodule":"","method":"auth","app":"main","reqId":"e294c0fa-4945-4032-af73-3e0515cf6dd8","dataSourceKey":"main","timestamp":"2025-04-09 04:40:08"}
{"level":"warn","message":"attempt 6/9: Unable to connect to the database: the database system is starting up","meta":{},"module":"database","submodule":"","method":"auth","app":"main","reqId":"e294c0fa-4945-4032-af73-3e0515cf6dd8","dataSourceKey":"main","timestamp":"2025-04-09 04:40:09"}
{"level":"warn","message":"will retry in 1600ms...","meta":{},"module":"database","submodule":"","method":"auth","app":"main","reqId":"e294c0fa-4945-4032-af73-3e0515cf6dd8","dataSourceKey":"main","timestamp":"2025-04-09 04:40:09"}
{"level":"warn","message":"attempt 7/9: Unable to connect to the database: the database system is starting up","meta":{},"module":"database","submodule":"","method":"auth","app":"main","reqId":"e294c0fa-4945-4032-af73-3e0515cf6dd8","dataSourceKey":"main","timestamp":"2025-04-09 04:40:10"}
{"level":"warn","message":"will retry in 3200ms...","meta":{},"module":"database","submodule":"","method":"auth","app":"main","reqId":"e294c0fa-4945-4032-af73-3e0515cf6dd8","dataSourceKey":"main","timestamp":"2025-04-09 04:40:10"}
{"level":"info","message":"connection has been established successfully.","meta":{},"module":"database","submodule":"","method":"auth","app":"main","reqId":"e294c0fa-4945-4032-af73-3e0515cf6dd8","dataSourceKey":"main","timestamp":"2025-04-09 04:40:14"}
{"level":"info","message":"upgrading...","meta":{},"module":"application","submodule":"","method":"","app":"main","reqId":"e294c0fa-4945-4032-af73-3e0515cf6dd8","dataSourceKey":"main","timestamp":"2025-04-09 04:40:14"}
{"level":"info","message":"run upgrade","meta":{},"module":"application","submodule":"","method":"","app":"main","reqId":"e294c0fa-4945-4032-af73-3e0515cf6dd8","dataSourceKey":"main","timestamp":"2025-04-09 04:40:14"}
{"level":"info","message":"update built-in plugins","meta":{},"module":"nocobase","submodule":"","method":"","app":"main","reqId":"e294c0fa-4945-4032-af73-3e0515cf6dd8","dataSourceKey":"main","timestamp":"2025-04-09 04:40:14"}
{"level":"info","message":"run upgrade","meta":{},"module":"application","submodule":"","method":"","app":"main","reqId":"e294c0fa-4945-4032-af73-3e0515cf6dd8","dataSourceKey":"main","timestamp":"2025-04-09 04:40:17"}
{"level":"info","message":"restarting...","meta":{},"module":"application","submodule":"","method":"","app":"main","reqId":"e294c0fa-4945-4032-af73-3e0515cf6dd8","dataSourceKey":"main","timestamp":"2025-04-09 04:40:17"}
{"level":"info","message":"app.reload()","meta":{},"module":"application","submodule":"","method":"load","app":"main","reqId":"e294c0fa-4945-4032-af73-3e0515cf6dd8","dataSourceKey":"main","timestamp":"2025-04-09 04:40:17"}
{"level":"info","message":"write roles to ACL","meta":{},"module":"acl","submodule":"","method":"writeRolesToACL","app":"main","reqId":"e294c0fa-4945-4032-af73-3e0515cf6dd8","dataSourceKey":"main","timestamp":"2025-04-09 04:40:18"}
{"level":"info","message":"app has been started","meta":{},"module":"application","submodule":"","method":"","app":"main","reqId":"e294c0fa-4945-4032-af73-3e0515cf6dd8","dataSourceKey":"main","timestamp":"2025-04-09 04:40:18"}
{"level":"info","message":"add app main into supervisor","meta":{},"module":"application","submodule":"supervisor","method":"addApp","app":"main","reqId":"2762eed6-57e7-4fd5-be7e-b07f1dca4019","dataSourceKey":"main","timestamp":"2025-04-09 13:53:21"}
{"level":"warn","message":"attempt 1/9: Unable to connect to the database: the database system is starting up","meta":{},"module":"database","submodule":"","method":"auth","app":"main","reqId":"2762eed6-57e7-4fd5-be7e-b07f1dca4019","dataSourceKey":"main","timestamp":"2025-04-09 13:53:21"}
{"level":"warn","message":"will retry in 50ms...","meta":{},"module":"database","submodule":"","method":"auth","app":"main","reqId":"2762eed6-57e7-4fd5-be7e-b07f1dca4019","dataSourceKey":"main","timestamp":"2025-04-09 13:53:21"}
{"level":"warn","message":"attempt 2/9: Unable to connect to the database: the database system is starting up","meta":{},"module":"database","submodule":"","method":"auth","app":"main","reqId":"2762eed6-57e7-4fd5-be7e-b07f1dca4019","dataSourceKey":"main","timestamp":"2025-04-09 13:53:21"}
{"level":"warn","message":"will retry in 100ms...","meta":{},"module":"database","submodule":"","method":"auth","app":"main","reqId":"2762eed6-57e7-4fd5-be7e-b07f1dca4019","dataSourceKey":"main","timestamp":"2025-04-09 13:53:21"}
{"level":"warn","message":"attempt 3/9: Unable to connect to the database: the database system is starting up","meta":{},"module":"database","submodule":"","method":"auth","app":"main","reqId":"2762eed6-57e7-4fd5-be7e-b07f1dca4019","dataSourceKey":"main","timestamp":"2025-04-09 13:53:21"}
{"level":"warn","message":"will retry in 200ms...","meta":{},"module":"database","submodule":"","method":"auth","app":"main","reqId":"2762eed6-57e7-4fd5-be7e-b07f1dca4019","dataSourceKey":"main","timestamp":"2025-04-09 13:53:21"}
{"level":"warn","message":"attempt 4/9: Unable to connect to the database: the database system is starting up","meta":{},"module":"database","submodule":"","method":"auth","app":"main","reqId":"2762eed6-57e7-4fd5-be7e-b07f1dca4019","dataSourceKey":"main","timestamp":"2025-04-09 13:53:22"}
{"level":"warn","message":"will retry in 400ms...","meta":{},"module":"database","submodule":"","method":"auth","app":"main","reqId":"2762eed6-57e7-4fd5-be7e-b07f1dca4019","dataSourceKey":"main","timestamp":"2025-04-09 13:53:22"}
{"level":"warn","message":"attempt 5/9: Unable to connect to the database: the database system is starting up","meta":{},"module":"database","submodule":"","method":"auth","app":"main","reqId":"2762eed6-57e7-4fd5-be7e-b07f1dca4019","dataSourceKey":"main","timestamp":"2025-04-09 13:53:22"}
{"level":"warn","message":"will retry in 800ms...","meta":{},"module":"database","submodule":"","method":"auth","app":"main","reqId":"2762eed6-57e7-4fd5-be7e-b07f1dca4019","dataSourceKey":"main","timestamp":"2025-04-09 13:53:22"}
{"level":"warn","message":"attempt 6/9: Unable to connect to the database: the database system is starting up","meta":{},"module":"database","submodule":"","method":"auth","app":"main","reqId":"2762eed6-57e7-4fd5-be7e-b07f1dca4019","dataSourceKey":"main","timestamp":"2025-04-09 13:53:23"}
{"level":"warn","message":"will retry in 1600ms...","meta":{},"module":"database","submodule":"","method":"auth","app":"main","reqId":"2762eed6-57e7-4fd5-be7e-b07f1dca4019","dataSourceKey":"main","timestamp":"2025-04-09 13:53:23"}
{"level":"warn","message":"attempt 7/9: Unable to connect to the database: the database system is starting up","meta":{},"module":"database","submodule":"","method":"auth","app":"main","reqId":"2762eed6-57e7-4fd5-be7e-b07f1dca4019","dataSourceKey":"main","timestamp":"2025-04-09 13:53:24"}
{"level":"warn","message":"will retry in 3200ms...","meta":{},"module":"database","submodule":"","method":"auth","app":"main","reqId":"2762eed6-57e7-4fd5-be7e-b07f1dca4019","dataSourceKey":"main","timestamp":"2025-04-09 13:53:24"}
{"level":"warn","message":"attempt 8/9: Unable to connect to the database: the database system is starting up","meta":{},"module":"database","submodule":"","method":"auth","app":"main","reqId":"2762eed6-57e7-4fd5-be7e-b07f1dca4019","dataSourceKey":"main","timestamp":"2025-04-09 13:53:28"}
{"level":"info","message":"connection has been established successfully.","meta":{},"module":"database","submodule":"","method":"auth","app":"main","reqId":"2762eed6-57e7-4fd5-be7e-b07f1dca4019","dataSourceKey":"main","timestamp":"2025-04-09 13:53:34"}
{"level":"info","message":"upgrading...","meta":{},"module":"application","submodule":"","method":"","app":"main","reqId":"2762eed6-57e7-4fd5-be7e-b07f1dca4019","dataSourceKey":"main","timestamp":"2025-04-09 13:53:34"}
{"level":"info","message":"run upgrade","meta":{},"module":"application","submodule":"","method":"","app":"main","reqId":"2762eed6-57e7-4fd5-be7e-b07f1dca4019","dataSourceKey":"main","timestamp":"2025-04-09 13:53:35"}
{"level":"info","message":"update built-in plugins","meta":{},"module":"nocobase","submodule":"","method":"","app":"main","reqId":"2762eed6-57e7-4fd5-be7e-b07f1dca4019","dataSourceKey":"main","timestamp":"2025-04-09 13:53:35"}
{"level":"info","message":"run upgrade","meta":{},"module":"application","submodule":"","method":"","app":"main","reqId":"2762eed6-57e7-4fd5-be7e-b07f1dca4019","dataSourceKey":"main","timestamp":"2025-04-09 13:53:38"}
{"level":"info","message":"restarting...","meta":{},"module":"application","submodule":"","method":"","app":"main","reqId":"2762eed6-57e7-4fd5-be7e-b07f1dca4019","dataSourceKey":"main","timestamp":"2025-04-09 13:53:39"}
{"level":"info","message":"app.reload()","meta":{},"module":"application","submodule":"","method":"load","app":"main","reqId":"2762eed6-57e7-4fd5-be7e-b07f1dca4019","dataSourceKey":"main","timestamp":"2025-04-09 13:53:39"}
{"level":"info","message":"write roles to ACL","meta":{},"module":"acl","submodule":"","method":"writeRolesToACL","app":"main","reqId":"2762eed6-57e7-4fd5-be7e-b07f1dca4019","dataSourceKey":"main","timestamp":"2025-04-09 13:53:40"}
{"level":"info","message":"app has been started","meta":{},"module":"application","submodule":"","method":"","app":"main","reqId":"2762eed6-57e7-4fd5-be7e-b07f1dca4019","dataSourceKey":"main","timestamp":"2025-04-09 13:53:41"}
