{"level":"info","message":"add app main into supervisor","meta":{},"module":"application","submodule":"supervisor","method":"addApp","app":"main","reqId":"1aba8b62-ace3-44de-89c8-f133649c8f50","dataSourceKey":"main","timestamp":"2025-04-22 01:31:59"}
{"level":"info","message":"connection has been established successfully.","meta":{},"module":"database","submodule":"","method":"auth","app":"main","reqId":"1aba8b62-ace3-44de-89c8-f133649c8f50","dataSourceKey":"main","timestamp":"2025-04-22 01:32:00"}
{"level":"info","message":"upgrading...","meta":{},"module":"application","submodule":"","method":"","app":"main","reqId":"1aba8b62-ace3-44de-89c8-f133649c8f50","dataSourceKey":"main","timestamp":"2025-04-22 01:32:00"}
{"level":"info","message":"run upgrade","meta":{},"module":"application","submodule":"","method":"","app":"main","reqId":"1aba8b62-ace3-44de-89c8-f133649c8f50","dataSourceKey":"main","timestamp":"2025-04-22 01:32:01"}
{"level":"info","message":"update built-in plugins","meta":{},"module":"nocobase","submodule":"","method":"","app":"main","reqId":"1aba8b62-ace3-44de-89c8-f133649c8f50","dataSourceKey":"main","timestamp":"2025-04-22 01:32:01"}
{"level":"info","message":"run upgrade","meta":{},"module":"application","submodule":"","method":"","app":"main","reqId":"1aba8b62-ace3-44de-89c8-f133649c8f50","dataSourceKey":"main","timestamp":"2025-04-22 01:32:04"}
{"level":"info","message":"restarting...","meta":{},"module":"application","submodule":"","method":"","app":"main","reqId":"1aba8b62-ace3-44de-89c8-f133649c8f50","dataSourceKey":"main","timestamp":"2025-04-22 01:32:04"}
{"level":"info","message":"app.reload()","meta":{},"module":"application","submodule":"","method":"load","app":"main","reqId":"1aba8b62-ace3-44de-89c8-f133649c8f50","dataSourceKey":"main","timestamp":"2025-04-22 01:32:04"}
{"level":"info","message":"write roles to ACL","meta":{},"module":"acl","submodule":"","method":"writeRolesToACL","app":"main","reqId":"1aba8b62-ace3-44de-89c8-f133649c8f50","dataSourceKey":"main","timestamp":"2025-04-22 01:32:05"}
{"level":"info","message":"app has been started","meta":{},"module":"application","submodule":"","method":"","app":"main","reqId":"1aba8b62-ace3-44de-89c8-f133649c8f50","dataSourceKey":"main","timestamp":"2025-04-22 01:32:06"}
{"level":"info","message":"add app main into supervisor","meta":{},"module":"application","submodule":"supervisor","method":"addApp","app":"main","reqId":"f7615a53-9e9d-4652-94a6-7d636419261b","dataSourceKey":"main","timestamp":"2025-04-22 14:22:52"}
{"level":"warn","message":"attempt 1/9: Unable to connect to the database: the database system is starting up","meta":{},"module":"database","submodule":"","method":"auth","app":"main","reqId":"f7615a53-9e9d-4652-94a6-7d636419261b","dataSourceKey":"main","timestamp":"2025-04-22 14:22:52"}
{"level":"warn","message":"will retry in 50ms...","meta":{},"module":"database","submodule":"","method":"auth","app":"main","reqId":"f7615a53-9e9d-4652-94a6-7d636419261b","dataSourceKey":"main","timestamp":"2025-04-22 14:22:52"}
{"level":"warn","message":"attempt 2/9: Unable to connect to the database: the database system is starting up","meta":{},"module":"database","submodule":"","method":"auth","app":"main","reqId":"f7615a53-9e9d-4652-94a6-7d636419261b","dataSourceKey":"main","timestamp":"2025-04-22 14:22:52"}
{"level":"warn","message":"will retry in 100ms...","meta":{},"module":"database","submodule":"","method":"auth","app":"main","reqId":"f7615a53-9e9d-4652-94a6-7d636419261b","dataSourceKey":"main","timestamp":"2025-04-22 14:22:52"}
{"level":"warn","message":"attempt 3/9: Unable to connect to the database: the database system is starting up","meta":{},"module":"database","submodule":"","method":"auth","app":"main","reqId":"f7615a53-9e9d-4652-94a6-7d636419261b","dataSourceKey":"main","timestamp":"2025-04-22 14:22:52"}
{"level":"warn","message":"will retry in 200ms...","meta":{},"module":"database","submodule":"","method":"auth","app":"main","reqId":"f7615a53-9e9d-4652-94a6-7d636419261b","dataSourceKey":"main","timestamp":"2025-04-22 14:22:52"}
{"level":"warn","message":"attempt 4/9: Unable to connect to the database: the database system is starting up","meta":{},"module":"database","submodule":"","method":"auth","app":"main","reqId":"f7615a53-9e9d-4652-94a6-7d636419261b","dataSourceKey":"main","timestamp":"2025-04-22 14:22:53"}
{"level":"warn","message":"will retry in 400ms...","meta":{},"module":"database","submodule":"","method":"auth","app":"main","reqId":"f7615a53-9e9d-4652-94a6-7d636419261b","dataSourceKey":"main","timestamp":"2025-04-22 14:22:53"}
{"level":"warn","message":"attempt 5/9: Unable to connect to the database: the database system is starting up","meta":{},"module":"database","submodule":"","method":"auth","app":"main","reqId":"f7615a53-9e9d-4652-94a6-7d636419261b","dataSourceKey":"main","timestamp":"2025-04-22 14:22:53"}
{"level":"warn","message":"will retry in 800ms...","meta":{},"module":"database","submodule":"","method":"auth","app":"main","reqId":"f7615a53-9e9d-4652-94a6-7d636419261b","dataSourceKey":"main","timestamp":"2025-04-22 14:22:53"}
{"level":"warn","message":"attempt 6/9: Unable to connect to the database: the database system is starting up","meta":{},"module":"database","submodule":"","method":"auth","app":"main","reqId":"f7615a53-9e9d-4652-94a6-7d636419261b","dataSourceKey":"main","timestamp":"2025-04-22 14:22:54"}
{"level":"warn","message":"will retry in 1600ms...","meta":{},"module":"database","submodule":"","method":"auth","app":"main","reqId":"f7615a53-9e9d-4652-94a6-7d636419261b","dataSourceKey":"main","timestamp":"2025-04-22 14:22:54"}
{"level":"warn","message":"attempt 7/9: Unable to connect to the database: the database system is starting up","meta":{},"module":"database","submodule":"","method":"auth","app":"main","reqId":"f7615a53-9e9d-4652-94a6-7d636419261b","dataSourceKey":"main","timestamp":"2025-04-22 14:22:55"}
{"level":"warn","message":"will retry in 3200ms...","meta":{},"module":"database","submodule":"","method":"auth","app":"main","reqId":"f7615a53-9e9d-4652-94a6-7d636419261b","dataSourceKey":"main","timestamp":"2025-04-22 14:22:55"}
{"level":"warn","message":"attempt 8/9: Unable to connect to the database: the database system is starting up","meta":{},"module":"database","submodule":"","method":"auth","app":"main","reqId":"f7615a53-9e9d-4652-94a6-7d636419261b","dataSourceKey":"main","timestamp":"2025-04-22 14:22:59"}
{"level":"info","message":"connection has been established successfully.","meta":{},"module":"database","submodule":"","method":"auth","app":"main","reqId":"f7615a53-9e9d-4652-94a6-7d636419261b","dataSourceKey":"main","timestamp":"2025-04-22 14:23:05"}
{"level":"info","message":"upgrading...","meta":{},"module":"application","submodule":"","method":"","app":"main","reqId":"f7615a53-9e9d-4652-94a6-7d636419261b","dataSourceKey":"main","timestamp":"2025-04-22 14:23:05"}
{"level":"info","message":"run upgrade","meta":{},"module":"application","submodule":"","method":"","app":"main","reqId":"f7615a53-9e9d-4652-94a6-7d636419261b","dataSourceKey":"main","timestamp":"2025-04-22 14:23:06"}
{"level":"info","message":"update built-in plugins","meta":{},"module":"nocobase","submodule":"","method":"","app":"main","reqId":"f7615a53-9e9d-4652-94a6-7d636419261b","dataSourceKey":"main","timestamp":"2025-04-22 14:23:06"}
{"level":"info","message":"run upgrade","meta":{},"module":"application","submodule":"","method":"","app":"main","reqId":"f7615a53-9e9d-4652-94a6-7d636419261b","dataSourceKey":"main","timestamp":"2025-04-22 14:23:10"}
{"level":"info","message":"restarting...","meta":{},"module":"application","submodule":"","method":"","app":"main","reqId":"f7615a53-9e9d-4652-94a6-7d636419261b","dataSourceKey":"main","timestamp":"2025-04-22 14:23:10"}
{"level":"info","message":"app.reload()","meta":{},"module":"application","submodule":"","method":"load","app":"main","reqId":"f7615a53-9e9d-4652-94a6-7d636419261b","dataSourceKey":"main","timestamp":"2025-04-22 14:23:10"}
{"level":"info","message":"write roles to ACL","meta":{},"module":"acl","submodule":"","method":"writeRolesToACL","app":"main","reqId":"f7615a53-9e9d-4652-94a6-7d636419261b","dataSourceKey":"main","timestamp":"2025-04-22 14:23:12"}
{"level":"info","message":"app has been started","meta":{},"module":"application","submodule":"","method":"","app":"main","reqId":"f7615a53-9e9d-4652-94a6-7d636419261b","dataSourceKey":"main","timestamp":"2025-04-22 14:23:12"}
{"level":"info","message":"parseJsonTemplate.raw","meta":{"$and":[{"$and":[{"name.$ne":"roles"},{"name.$ne":"rolesUsers"}]},{"name.$ne":"users"}]},"module":"collections","submodule":"destroy","method":"","app":"main","reqId":"5a2d3dca-e689-47ce-8b50-7fe26a8bc647","dataSourceKey":"main","timestamp":"2025-04-22 14:27:56"}
{"level":"info","message":"parseJsonTemplate.parsed","meta":{"$and":[{"$and":[{"name":{"$ne":"roles"}},{"name":{"$ne":"rolesUsers"}}]},{"name":{"$ne":"users"}}]},"module":"collections","submodule":"destroy","method":"","app":"main","reqId":"5a2d3dca-e689-47ce-8b50-7fe26a8bc647","dataSourceKey":"main","timestamp":"2025-04-22 14:27:56"}
{"level":"info","message":"token renewing","meta":{"url":"/api/myInAppMessages:count?filter[status]=unread","currentJti":"a50a301d-5a00-4107-a5e4-d3b98b254159"},"module":"myInAppMessages","submodule":"count","method":"auth.check","app":"main","reqId":"056594ac-55ec-4842-b021-ed483f8d875c","dataSourceKey":"main","timestamp":"2025-04-22 15:00:11"}
{"level":"info","message":"token renewing","meta":{"jti":"a50a301d-5a00-4107-a5e4-d3b98b254159"},"module":"myInAppMessages","submodule":"count","method":"auth.check","app":"main","reqId":"056594ac-55ec-4842-b021-ed483f8d875c","dataSourceKey":"main","timestamp":"2025-04-22 15:00:11"}
{"level":"info","message":"jti renewed","meta":{"oldJti":"a50a301d-5a00-4107-a5e4-d3b98b254159","newJti":"90329ddc-321e-42b1-b8a6-ab9889933cfa","issuedTime":1745334011007},"module":"application","submodule":"","method":"","app":"main","reqId":"f7615a53-9e9d-4652-94a6-7d636419261b","dataSourceKey":"main","timestamp":"2025-04-22 15:00:11"}
{"level":"info","message":"token renewed","meta":{"oldJti":"a50a301d-5a00-4107-a5e4-d3b98b254159","newJti":"90329ddc-321e-42b1-b8a6-ab9889933cfa"},"module":"myInAppMessages","submodule":"count","method":"auth.check","app":"main","reqId":"056594ac-55ec-4842-b021-ed483f8d875c","dataSourceKey":"main","timestamp":"2025-04-22 15:00:11"}
