{"level":"info","message":"add app main into supervisor","meta":{},"module":"application","submodule":"supervisor","method":"addApp","app":"main","reqId":"ae9c717d-114d-4344-a8de-6c7ef81fa0d0","dataSourceKey":"main","timestamp":"2025-05-14 08:03:25"}
{"level":"warn","message":"attempt 1/9: Unable to connect to the database: the database system is starting up","meta":{},"module":"database","submodule":"","method":"auth","app":"main","reqId":"ae9c717d-114d-4344-a8de-6c7ef81fa0d0","dataSourceKey":"main","timestamp":"2025-05-14 08:03:25"}
{"level":"warn","message":"will retry in 50ms...","meta":{},"module":"database","submodule":"","method":"auth","app":"main","reqId":"ae9c717d-114d-4344-a8de-6c7ef81fa0d0","dataSourceKey":"main","timestamp":"2025-05-14 08:03:25"}
{"level":"warn","message":"attempt 2/9: Unable to connect to the database: the database system is starting up","meta":{},"module":"database","submodule":"","method":"auth","app":"main","reqId":"ae9c717d-114d-4344-a8de-6c7ef81fa0d0","dataSourceKey":"main","timestamp":"2025-05-14 08:03:25"}
{"level":"warn","message":"will retry in 100ms...","meta":{},"module":"database","submodule":"","method":"auth","app":"main","reqId":"ae9c717d-114d-4344-a8de-6c7ef81fa0d0","dataSourceKey":"main","timestamp":"2025-05-14 08:03:25"}
{"level":"warn","message":"attempt 3/9: Unable to connect to the database: the database system is starting up","meta":{},"module":"database","submodule":"","method":"auth","app":"main","reqId":"ae9c717d-114d-4344-a8de-6c7ef81fa0d0","dataSourceKey":"main","timestamp":"2025-05-14 08:03:25"}
{"level":"warn","message":"will retry in 200ms...","meta":{},"module":"database","submodule":"","method":"auth","app":"main","reqId":"ae9c717d-114d-4344-a8de-6c7ef81fa0d0","dataSourceKey":"main","timestamp":"2025-05-14 08:03:25"}
{"level":"warn","message":"attempt 4/9: Unable to connect to the database: the database system is starting up","meta":{},"module":"database","submodule":"","method":"auth","app":"main","reqId":"ae9c717d-114d-4344-a8de-6c7ef81fa0d0","dataSourceKey":"main","timestamp":"2025-05-14 08:03:25"}
{"level":"warn","message":"will retry in 400ms...","meta":{},"module":"database","submodule":"","method":"auth","app":"main","reqId":"ae9c717d-114d-4344-a8de-6c7ef81fa0d0","dataSourceKey":"main","timestamp":"2025-05-14 08:03:25"}
{"level":"warn","message":"attempt 5/9: Unable to connect to the database: the database system is starting up","meta":{},"module":"database","submodule":"","method":"auth","app":"main","reqId":"ae9c717d-114d-4344-a8de-6c7ef81fa0d0","dataSourceKey":"main","timestamp":"2025-05-14 08:03:26"}
{"level":"warn","message":"will retry in 800ms...","meta":{},"module":"database","submodule":"","method":"auth","app":"main","reqId":"ae9c717d-114d-4344-a8de-6c7ef81fa0d0","dataSourceKey":"main","timestamp":"2025-05-14 08:03:26"}
{"level":"warn","message":"attempt 6/9: Unable to connect to the database: the database system is starting up","meta":{},"module":"database","submodule":"","method":"auth","app":"main","reqId":"ae9c717d-114d-4344-a8de-6c7ef81fa0d0","dataSourceKey":"main","timestamp":"2025-05-14 08:03:26"}
{"level":"warn","message":"will retry in 1600ms...","meta":{},"module":"database","submodule":"","method":"auth","app":"main","reqId":"ae9c717d-114d-4344-a8de-6c7ef81fa0d0","dataSourceKey":"main","timestamp":"2025-05-14 08:03:26"}
{"level":"warn","message":"attempt 7/9: Unable to connect to the database: the database system is starting up","meta":{},"module":"database","submodule":"","method":"auth","app":"main","reqId":"ae9c717d-114d-4344-a8de-6c7ef81fa0d0","dataSourceKey":"main","timestamp":"2025-05-14 08:03:28"}
{"level":"warn","message":"will retry in 3200ms...","meta":{},"module":"database","submodule":"","method":"auth","app":"main","reqId":"ae9c717d-114d-4344-a8de-6c7ef81fa0d0","dataSourceKey":"main","timestamp":"2025-05-14 08:03:28"}
{"level":"warn","message":"attempt 8/9: Unable to connect to the database: the database system is starting up","meta":{},"module":"database","submodule":"","method":"auth","app":"main","reqId":"ae9c717d-114d-4344-a8de-6c7ef81fa0d0","dataSourceKey":"main","timestamp":"2025-05-14 08:03:31"}
{"level":"info","message":"connection has been established successfully.","meta":{},"module":"database","submodule":"","method":"auth","app":"main","reqId":"ae9c717d-114d-4344-a8de-6c7ef81fa0d0","dataSourceKey":"main","timestamp":"2025-05-14 08:03:38"}
{"level":"info","message":"upgrading...","meta":{},"module":"application","submodule":"","method":"","app":"main","reqId":"ae9c717d-114d-4344-a8de-6c7ef81fa0d0","dataSourceKey":"main","timestamp":"2025-05-14 08:03:38"}
{"level":"info","message":"run upgrade","meta":{},"module":"application","submodule":"","method":"","app":"main","reqId":"ae9c717d-114d-4344-a8de-6c7ef81fa0d0","dataSourceKey":"main","timestamp":"2025-05-14 08:03:38"}
{"level":"info","message":"update built-in plugins","meta":{},"module":"nocobase","submodule":"","method":"","app":"main","reqId":"ae9c717d-114d-4344-a8de-6c7ef81fa0d0","dataSourceKey":"main","timestamp":"2025-05-14 08:03:38"}
{"level":"info","message":"run upgrade","meta":{},"module":"application","submodule":"","method":"","app":"main","reqId":"ae9c717d-114d-4344-a8de-6c7ef81fa0d0","dataSourceKey":"main","timestamp":"2025-05-14 08:03:40"}
{"level":"info","message":"restarting...","meta":{},"module":"application","submodule":"","method":"","app":"main","reqId":"ae9c717d-114d-4344-a8de-6c7ef81fa0d0","dataSourceKey":"main","timestamp":"2025-05-14 08:03:41"}
{"level":"info","message":"app.reload()","meta":{},"module":"application","submodule":"","method":"load","app":"main","reqId":"ae9c717d-114d-4344-a8de-6c7ef81fa0d0","dataSourceKey":"main","timestamp":"2025-05-14 08:03:41"}
{"level":"info","message":"write roles to ACL","meta":{},"module":"acl","submodule":"","method":"writeRolesToACL","app":"main","reqId":"ae9c717d-114d-4344-a8de-6c7ef81fa0d0","dataSourceKey":"main","timestamp":"2025-05-14 08:03:42"}
{"level":"info","message":"app has been started","meta":{},"module":"application","submodule":"","method":"","app":"main","reqId":"ae9c717d-114d-4344-a8de-6c7ef81fa0d0","dataSourceKey":"main","timestamp":"2025-05-14 08:03:42"}
{"level":"info","message":"add app main into supervisor","meta":{},"module":"application","submodule":"supervisor","method":"addApp","app":"main","reqId":"2b451ac7-2481-49de-ab15-7515c414350c","dataSourceKey":"main","timestamp":"2025-05-14 08:20:35"}
{"level":"warn","message":"attempt 1/9: Unable to connect to the database: the database system is starting up","meta":{},"module":"database","submodule":"","method":"auth","app":"main","reqId":"2b451ac7-2481-49de-ab15-7515c414350c","dataSourceKey":"main","timestamp":"2025-05-14 08:20:35"}
{"level":"warn","message":"will retry in 50ms...","meta":{},"module":"database","submodule":"","method":"auth","app":"main","reqId":"2b451ac7-2481-49de-ab15-7515c414350c","dataSourceKey":"main","timestamp":"2025-05-14 08:20:35"}
{"level":"warn","message":"attempt 2/9: Unable to connect to the database: the database system is starting up","meta":{},"module":"database","submodule":"","method":"auth","app":"main","reqId":"2b451ac7-2481-49de-ab15-7515c414350c","dataSourceKey":"main","timestamp":"2025-05-14 08:20:35"}
{"level":"warn","message":"will retry in 100ms...","meta":{},"module":"database","submodule":"","method":"auth","app":"main","reqId":"2b451ac7-2481-49de-ab15-7515c414350c","dataSourceKey":"main","timestamp":"2025-05-14 08:20:35"}
{"level":"warn","message":"attempt 3/9: Unable to connect to the database: the database system is starting up","meta":{},"module":"database","submodule":"","method":"auth","app":"main","reqId":"2b451ac7-2481-49de-ab15-7515c414350c","dataSourceKey":"main","timestamp":"2025-05-14 08:20:35"}
{"level":"warn","message":"will retry in 200ms...","meta":{},"module":"database","submodule":"","method":"auth","app":"main","reqId":"2b451ac7-2481-49de-ab15-7515c414350c","dataSourceKey":"main","timestamp":"2025-05-14 08:20:35"}
{"level":"warn","message":"attempt 4/9: Unable to connect to the database: the database system is starting up","meta":{},"module":"database","submodule":"","method":"auth","app":"main","reqId":"2b451ac7-2481-49de-ab15-7515c414350c","dataSourceKey":"main","timestamp":"2025-05-14 08:20:35"}
{"level":"warn","message":"will retry in 400ms...","meta":{},"module":"database","submodule":"","method":"auth","app":"main","reqId":"2b451ac7-2481-49de-ab15-7515c414350c","dataSourceKey":"main","timestamp":"2025-05-14 08:20:35"}
{"level":"warn","message":"attempt 5/9: Unable to connect to the database: the database system is starting up","meta":{},"module":"database","submodule":"","method":"auth","app":"main","reqId":"2b451ac7-2481-49de-ab15-7515c414350c","dataSourceKey":"main","timestamp":"2025-05-14 08:20:36"}
{"level":"warn","message":"will retry in 800ms...","meta":{},"module":"database","submodule":"","method":"auth","app":"main","reqId":"2b451ac7-2481-49de-ab15-7515c414350c","dataSourceKey":"main","timestamp":"2025-05-14 08:20:36"}
{"level":"warn","message":"attempt 6/9: Unable to connect to the database: the database system is starting up","meta":{},"module":"database","submodule":"","method":"auth","app":"main","reqId":"2b451ac7-2481-49de-ab15-7515c414350c","dataSourceKey":"main","timestamp":"2025-05-14 08:20:37"}
{"level":"warn","message":"will retry in 1600ms...","meta":{},"module":"database","submodule":"","method":"auth","app":"main","reqId":"2b451ac7-2481-49de-ab15-7515c414350c","dataSourceKey":"main","timestamp":"2025-05-14 08:20:37"}
{"level":"warn","message":"attempt 7/9: Unable to connect to the database: the database system is starting up","meta":{},"module":"database","submodule":"","method":"auth","app":"main","reqId":"2b451ac7-2481-49de-ab15-7515c414350c","dataSourceKey":"main","timestamp":"2025-05-14 08:20:38"}
{"level":"warn","message":"will retry in 3200ms...","meta":{},"module":"database","submodule":"","method":"auth","app":"main","reqId":"2b451ac7-2481-49de-ab15-7515c414350c","dataSourceKey":"main","timestamp":"2025-05-14 08:20:38"}
{"level":"warn","message":"attempt 8/9: Unable to connect to the database: the database system is starting up","meta":{},"module":"database","submodule":"","method":"auth","app":"main","reqId":"2b451ac7-2481-49de-ab15-7515c414350c","dataSourceKey":"main","timestamp":"2025-05-14 08:20:41"}
{"level":"info","message":"connection has been established successfully.","meta":{},"module":"database","submodule":"","method":"auth","app":"main","reqId":"2b451ac7-2481-49de-ab15-7515c414350c","dataSourceKey":"main","timestamp":"2025-05-14 08:20:48"}
{"level":"info","message":"upgrading...","meta":{},"module":"application","submodule":"","method":"","app":"main","reqId":"2b451ac7-2481-49de-ab15-7515c414350c","dataSourceKey":"main","timestamp":"2025-05-14 08:20:48"}
{"level":"info","message":"run upgrade","meta":{},"module":"application","submodule":"","method":"","app":"main","reqId":"2b451ac7-2481-49de-ab15-7515c414350c","dataSourceKey":"main","timestamp":"2025-05-14 08:20:49"}
{"level":"info","message":"update built-in plugins","meta":{},"module":"nocobase","submodule":"","method":"","app":"main","reqId":"2b451ac7-2481-49de-ab15-7515c414350c","dataSourceKey":"main","timestamp":"2025-05-14 08:20:49"}
{"level":"info","message":"run upgrade","meta":{},"module":"application","submodule":"","method":"","app":"main","reqId":"2b451ac7-2481-49de-ab15-7515c414350c","dataSourceKey":"main","timestamp":"2025-05-14 08:20:53"}
{"level":"info","message":"restarting...","meta":{},"module":"application","submodule":"","method":"","app":"main","reqId":"2b451ac7-2481-49de-ab15-7515c414350c","dataSourceKey":"main","timestamp":"2025-05-14 08:20:53"}
{"level":"info","message":"app.reload()","meta":{},"module":"application","submodule":"","method":"load","app":"main","reqId":"2b451ac7-2481-49de-ab15-7515c414350c","dataSourceKey":"main","timestamp":"2025-05-14 08:20:53"}
{"level":"info","message":"write roles to ACL","meta":{},"module":"acl","submodule":"","method":"writeRolesToACL","app":"main","reqId":"2b451ac7-2481-49de-ab15-7515c414350c","dataSourceKey":"main","timestamp":"2025-05-14 08:20:54"}
{"level":"info","message":"app has been started","meta":{},"module":"application","submodule":"","method":"","app":"main","reqId":"2b451ac7-2481-49de-ab15-7515c414350c","dataSourceKey":"main","timestamp":"2025-05-14 08:20:55"}
{"level":"info","message":"add app main into supervisor","meta":{},"module":"application","submodule":"supervisor","method":"addApp","app":"main","reqId":"c355f2cc-6932-4e66-9a35-dda26ba693b9","dataSourceKey":"main","timestamp":"2025-05-14 13:39:24"}
{"level":"warn","message":"attempt 1/9: Unable to connect to the database: the database system is starting up","meta":{},"module":"database","submodule":"","method":"auth","app":"main","reqId":"c355f2cc-6932-4e66-9a35-dda26ba693b9","dataSourceKey":"main","timestamp":"2025-05-14 13:39:24"}
{"level":"warn","message":"will retry in 50ms...","meta":{},"module":"database","submodule":"","method":"auth","app":"main","reqId":"c355f2cc-6932-4e66-9a35-dda26ba693b9","dataSourceKey":"main","timestamp":"2025-05-14 13:39:24"}
{"level":"warn","message":"attempt 2/9: Unable to connect to the database: the database system is starting up","meta":{},"module":"database","submodule":"","method":"auth","app":"main","reqId":"c355f2cc-6932-4e66-9a35-dda26ba693b9","dataSourceKey":"main","timestamp":"2025-05-14 13:39:24"}
{"level":"warn","message":"will retry in 100ms...","meta":{},"module":"database","submodule":"","method":"auth","app":"main","reqId":"c355f2cc-6932-4e66-9a35-dda26ba693b9","dataSourceKey":"main","timestamp":"2025-05-14 13:39:24"}
{"level":"warn","message":"attempt 3/9: Unable to connect to the database: the database system is starting up","meta":{},"module":"database","submodule":"","method":"auth","app":"main","reqId":"c355f2cc-6932-4e66-9a35-dda26ba693b9","dataSourceKey":"main","timestamp":"2025-05-14 13:39:24"}
{"level":"warn","message":"will retry in 200ms...","meta":{},"module":"database","submodule":"","method":"auth","app":"main","reqId":"c355f2cc-6932-4e66-9a35-dda26ba693b9","dataSourceKey":"main","timestamp":"2025-05-14 13:39:24"}
{"level":"warn","message":"attempt 4/9: Unable to connect to the database: the database system is starting up","meta":{},"module":"database","submodule":"","method":"auth","app":"main","reqId":"c355f2cc-6932-4e66-9a35-dda26ba693b9","dataSourceKey":"main","timestamp":"2025-05-14 13:39:24"}
{"level":"warn","message":"will retry in 400ms...","meta":{},"module":"database","submodule":"","method":"auth","app":"main","reqId":"c355f2cc-6932-4e66-9a35-dda26ba693b9","dataSourceKey":"main","timestamp":"2025-05-14 13:39:24"}
{"level":"warn","message":"attempt 5/9: Unable to connect to the database: the database system is starting up","meta":{},"module":"database","submodule":"","method":"auth","app":"main","reqId":"c355f2cc-6932-4e66-9a35-dda26ba693b9","dataSourceKey":"main","timestamp":"2025-05-14 13:39:25"}
{"level":"warn","message":"will retry in 800ms...","meta":{},"module":"database","submodule":"","method":"auth","app":"main","reqId":"c355f2cc-6932-4e66-9a35-dda26ba693b9","dataSourceKey":"main","timestamp":"2025-05-14 13:39:25"}
{"level":"warn","message":"attempt 6/9: Unable to connect to the database: the database system is starting up","meta":{},"module":"database","submodule":"","method":"auth","app":"main","reqId":"c355f2cc-6932-4e66-9a35-dda26ba693b9","dataSourceKey":"main","timestamp":"2025-05-14 13:39:25"}
{"level":"warn","message":"will retry in 1600ms...","meta":{},"module":"database","submodule":"","method":"auth","app":"main","reqId":"c355f2cc-6932-4e66-9a35-dda26ba693b9","dataSourceKey":"main","timestamp":"2025-05-14 13:39:25"}
{"level":"warn","message":"attempt 7/9: Unable to connect to the database: the database system is starting up","meta":{},"module":"database","submodule":"","method":"auth","app":"main","reqId":"c355f2cc-6932-4e66-9a35-dda26ba693b9","dataSourceKey":"main","timestamp":"2025-05-14 13:39:27"}
{"level":"warn","message":"will retry in 3200ms...","meta":{},"module":"database","submodule":"","method":"auth","app":"main","reqId":"c355f2cc-6932-4e66-9a35-dda26ba693b9","dataSourceKey":"main","timestamp":"2025-05-14 13:39:27"}
{"level":"warn","message":"attempt 8/9: Unable to connect to the database: the database system is starting up","meta":{},"module":"database","submodule":"","method":"auth","app":"main","reqId":"c355f2cc-6932-4e66-9a35-dda26ba693b9","dataSourceKey":"main","timestamp":"2025-05-14 13:39:30"}
{"level":"info","message":"connection has been established successfully.","meta":{},"module":"database","submodule":"","method":"auth","app":"main","reqId":"c355f2cc-6932-4e66-9a35-dda26ba693b9","dataSourceKey":"main","timestamp":"2025-05-14 13:39:37"}
{"level":"info","message":"upgrading...","meta":{},"module":"application","submodule":"","method":"","app":"main","reqId":"c355f2cc-6932-4e66-9a35-dda26ba693b9","dataSourceKey":"main","timestamp":"2025-05-14 13:39:37"}
{"level":"info","message":"run upgrade","meta":{},"module":"application","submodule":"","method":"","app":"main","reqId":"c355f2cc-6932-4e66-9a35-dda26ba693b9","dataSourceKey":"main","timestamp":"2025-05-14 13:39:37"}
{"level":"info","message":"update built-in plugins","meta":{},"module":"nocobase","submodule":"","method":"","app":"main","reqId":"c355f2cc-6932-4e66-9a35-dda26ba693b9","dataSourceKey":"main","timestamp":"2025-05-14 13:39:37"}
{"level":"info","message":"run upgrade","meta":{},"module":"application","submodule":"","method":"","app":"main","reqId":"c355f2cc-6932-4e66-9a35-dda26ba693b9","dataSourceKey":"main","timestamp":"2025-05-14 13:39:40"}
{"level":"info","message":"restarting...","meta":{},"module":"application","submodule":"","method":"","app":"main","reqId":"c355f2cc-6932-4e66-9a35-dda26ba693b9","dataSourceKey":"main","timestamp":"2025-05-14 13:39:40"}
{"level":"info","message":"app.reload()","meta":{},"module":"application","submodule":"","method":"load","app":"main","reqId":"c355f2cc-6932-4e66-9a35-dda26ba693b9","dataSourceKey":"main","timestamp":"2025-05-14 13:39:40"}
{"level":"info","message":"write roles to ACL","meta":{},"module":"acl","submodule":"","method":"writeRolesToACL","app":"main","reqId":"c355f2cc-6932-4e66-9a35-dda26ba693b9","dataSourceKey":"main","timestamp":"2025-05-14 13:39:42"}
{"level":"info","message":"app has been started","meta":{},"module":"application","submodule":"","method":"","app":"main","reqId":"c355f2cc-6932-4e66-9a35-dda26ba693b9","dataSourceKey":"main","timestamp":"2025-05-14 13:39:43"}
