{"level":"info","message":"token renewing","meta":{"url":"/api/myInAppMessages:count?filter[status]=unread","currentJti":"90b0f6fb-e887-4d98-8804-2f535a98e5ba"},"module":"myInAppMessages","submodule":"count","method":"auth.check","app":"main","reqId":"d4ac13c0-3abb-4596-a542-9f5b20b94ffc","dataSourceKey":"main","timestamp":"2025-04-13 01:31:18"}
{"level":"info","message":"token renewing","meta":{"jti":"90b0f6fb-e887-4d98-8804-2f535a98e5ba"},"module":"myInAppMessages","submodule":"count","method":"auth.check","app":"main","reqId":"d4ac13c0-3abb-4596-a542-9f5b20b94ffc","dataSourceKey":"main","timestamp":"2025-04-13 01:31:18"}
{"level":"info","message":"jti renewed","meta":{"oldJti":"90b0f6fb-e887-4d98-8804-2f535a98e5ba","newJti":"b29e225b-9c73-46ab-9bcf-0fd9157214f4","issuedTime":1744507878408},"module":"application","submodule":"","method":"","app":"main","reqId":"c2b6f2ac-4a30-4bba-9360-ff3f1cff0b2e","dataSourceKey":"main","timestamp":"2025-04-13 01:31:18"}
{"level":"info","message":"token renewed","meta":{"oldJti":"90b0f6fb-e887-4d98-8804-2f535a98e5ba","newJti":"b29e225b-9c73-46ab-9bcf-0fd9157214f4"},"module":"myInAppMessages","submodule":"count","method":"auth.check","app":"main","reqId":"d4ac13c0-3abb-4596-a542-9f5b20b94ffc","dataSourceKey":"main","timestamp":"2025-04-13 01:31:18"}
{"level":"info","message":"add app main into supervisor","meta":{},"module":"application","submodule":"supervisor","method":"addApp","app":"main","reqId":"abf87cf2-fe46-45ad-8e0f-c0bcc042cc24","dataSourceKey":"main","timestamp":"2025-04-13 08:14:28"}
{"level":"warn","message":"attempt 1/9: Unable to connect to the database: the database system is starting up","meta":{},"module":"database","submodule":"","method":"auth","app":"main","reqId":"abf87cf2-fe46-45ad-8e0f-c0bcc042cc24","dataSourceKey":"main","timestamp":"2025-04-13 08:14:28"}
{"level":"warn","message":"will retry in 50ms...","meta":{},"module":"database","submodule":"","method":"auth","app":"main","reqId":"abf87cf2-fe46-45ad-8e0f-c0bcc042cc24","dataSourceKey":"main","timestamp":"2025-04-13 08:14:28"}
{"level":"warn","message":"attempt 2/9: Unable to connect to the database: the database system is starting up","meta":{},"module":"database","submodule":"","method":"auth","app":"main","reqId":"abf87cf2-fe46-45ad-8e0f-c0bcc042cc24","dataSourceKey":"main","timestamp":"2025-04-13 08:14:28"}
{"level":"warn","message":"will retry in 100ms...","meta":{},"module":"database","submodule":"","method":"auth","app":"main","reqId":"abf87cf2-fe46-45ad-8e0f-c0bcc042cc24","dataSourceKey":"main","timestamp":"2025-04-13 08:14:28"}
{"level":"warn","message":"attempt 3/9: Unable to connect to the database: the database system is starting up","meta":{},"module":"database","submodule":"","method":"auth","app":"main","reqId":"abf87cf2-fe46-45ad-8e0f-c0bcc042cc24","dataSourceKey":"main","timestamp":"2025-04-13 08:14:28"}
{"level":"warn","message":"will retry in 200ms...","meta":{},"module":"database","submodule":"","method":"auth","app":"main","reqId":"abf87cf2-fe46-45ad-8e0f-c0bcc042cc24","dataSourceKey":"main","timestamp":"2025-04-13 08:14:28"}
{"level":"warn","message":"attempt 4/9: Unable to connect to the database: the database system is starting up","meta":{},"module":"database","submodule":"","method":"auth","app":"main","reqId":"abf87cf2-fe46-45ad-8e0f-c0bcc042cc24","dataSourceKey":"main","timestamp":"2025-04-13 08:14:28"}
{"level":"warn","message":"will retry in 400ms...","meta":{},"module":"database","submodule":"","method":"auth","app":"main","reqId":"abf87cf2-fe46-45ad-8e0f-c0bcc042cc24","dataSourceKey":"main","timestamp":"2025-04-13 08:14:28"}
{"level":"warn","message":"attempt 5/9: Unable to connect to the database: the database system is starting up","meta":{},"module":"database","submodule":"","method":"auth","app":"main","reqId":"abf87cf2-fe46-45ad-8e0f-c0bcc042cc24","dataSourceKey":"main","timestamp":"2025-04-13 08:14:29"}
{"level":"warn","message":"will retry in 800ms...","meta":{},"module":"database","submodule":"","method":"auth","app":"main","reqId":"abf87cf2-fe46-45ad-8e0f-c0bcc042cc24","dataSourceKey":"main","timestamp":"2025-04-13 08:14:29"}
{"level":"warn","message":"attempt 6/9: Unable to connect to the database: the database system is starting up","meta":{},"module":"database","submodule":"","method":"auth","app":"main","reqId":"abf87cf2-fe46-45ad-8e0f-c0bcc042cc24","dataSourceKey":"main","timestamp":"2025-04-13 08:14:29"}
{"level":"warn","message":"will retry in 1600ms...","meta":{},"module":"database","submodule":"","method":"auth","app":"main","reqId":"abf87cf2-fe46-45ad-8e0f-c0bcc042cc24","dataSourceKey":"main","timestamp":"2025-04-13 08:14:29"}
{"level":"warn","message":"attempt 7/9: Unable to connect to the database: the database system is starting up","meta":{},"module":"database","submodule":"","method":"auth","app":"main","reqId":"abf87cf2-fe46-45ad-8e0f-c0bcc042cc24","dataSourceKey":"main","timestamp":"2025-04-13 08:14:31"}
{"level":"warn","message":"will retry in 3200ms...","meta":{},"module":"database","submodule":"","method":"auth","app":"main","reqId":"abf87cf2-fe46-45ad-8e0f-c0bcc042cc24","dataSourceKey":"main","timestamp":"2025-04-13 08:14:31"}
{"level":"warn","message":"attempt 8/9: Unable to connect to the database: the database system is starting up","meta":{},"module":"database","submodule":"","method":"auth","app":"main","reqId":"abf87cf2-fe46-45ad-8e0f-c0bcc042cc24","dataSourceKey":"main","timestamp":"2025-04-13 08:14:34"}
{"level":"info","message":"connection has been established successfully.","meta":{},"module":"database","submodule":"","method":"auth","app":"main","reqId":"abf87cf2-fe46-45ad-8e0f-c0bcc042cc24","dataSourceKey":"main","timestamp":"2025-04-13 08:14:41"}
{"level":"info","message":"upgrading...","meta":{},"module":"application","submodule":"","method":"","app":"main","reqId":"abf87cf2-fe46-45ad-8e0f-c0bcc042cc24","dataSourceKey":"main","timestamp":"2025-04-13 08:14:41"}
{"level":"info","message":"run upgrade","meta":{},"module":"application","submodule":"","method":"","app":"main","reqId":"abf87cf2-fe46-45ad-8e0f-c0bcc042cc24","dataSourceKey":"main","timestamp":"2025-04-13 08:14:41"}
{"level":"info","message":"update built-in plugins","meta":{},"module":"nocobase","submodule":"","method":"","app":"main","reqId":"abf87cf2-fe46-45ad-8e0f-c0bcc042cc24","dataSourceKey":"main","timestamp":"2025-04-13 08:14:41"}
{"level":"info","message":"run upgrade","meta":{},"module":"application","submodule":"","method":"","app":"main","reqId":"abf87cf2-fe46-45ad-8e0f-c0bcc042cc24","dataSourceKey":"main","timestamp":"2025-04-13 08:14:44"}
{"level":"info","message":"restarting...","meta":{},"module":"application","submodule":"","method":"","app":"main","reqId":"abf87cf2-fe46-45ad-8e0f-c0bcc042cc24","dataSourceKey":"main","timestamp":"2025-04-13 08:14:44"}
{"level":"info","message":"app.reload()","meta":{},"module":"application","submodule":"","method":"load","app":"main","reqId":"abf87cf2-fe46-45ad-8e0f-c0bcc042cc24","dataSourceKey":"main","timestamp":"2025-04-13 08:14:44"}
{"level":"info","message":"write roles to ACL","meta":{},"module":"acl","submodule":"","method":"writeRolesToACL","app":"main","reqId":"abf87cf2-fe46-45ad-8e0f-c0bcc042cc24","dataSourceKey":"main","timestamp":"2025-04-13 08:14:45"}
{"level":"info","message":"app has been started","meta":{},"module":"application","submodule":"","method":"","app":"main","reqId":"abf87cf2-fe46-45ad-8e0f-c0bcc042cc24","dataSourceKey":"main","timestamp":"2025-04-13 08:14:46"}
