{"level":"info","message":"add app main into supervisor","meta":{},"module":"application","submodule":"supervisor","method":"addApp","app":"main","reqId":"f27d517b-69e2-4830-95aa-1801842f3b19","dataSourceKey":"main","timestamp":"2025-04-05 09:04:43"}
{"level":"warn","message":"attempt 1/9: Unable to connect to the database: the database system is starting up","meta":{},"module":"database","submodule":"","method":"auth","app":"main","reqId":"f27d517b-69e2-4830-95aa-1801842f3b19","dataSourceKey":"main","timestamp":"2025-04-05 09:04:43"}
{"level":"warn","message":"will retry in 50ms...","meta":{},"module":"database","submodule":"","method":"auth","app":"main","reqId":"f27d517b-69e2-4830-95aa-1801842f3b19","dataSourceKey":"main","timestamp":"2025-04-05 09:04:43"}
{"level":"warn","message":"attempt 2/9: Unable to connect to the database: the database system is starting up","meta":{},"module":"database","submodule":"","method":"auth","app":"main","reqId":"f27d517b-69e2-4830-95aa-1801842f3b19","dataSourceKey":"main","timestamp":"2025-04-05 09:04:43"}
{"level":"warn","message":"will retry in 100ms...","meta":{},"module":"database","submodule":"","method":"auth","app":"main","reqId":"f27d517b-69e2-4830-95aa-1801842f3b19","dataSourceKey":"main","timestamp":"2025-04-05 09:04:43"}
{"level":"warn","message":"attempt 3/9: Unable to connect to the database: the database system is starting up","meta":{},"module":"database","submodule":"","method":"auth","app":"main","reqId":"f27d517b-69e2-4830-95aa-1801842f3b19","dataSourceKey":"main","timestamp":"2025-04-05 09:04:43"}
{"level":"warn","message":"will retry in 200ms...","meta":{},"module":"database","submodule":"","method":"auth","app":"main","reqId":"f27d517b-69e2-4830-95aa-1801842f3b19","dataSourceKey":"main","timestamp":"2025-04-05 09:04:43"}
{"level":"warn","message":"attempt 4/9: Unable to connect to the database: the database system is starting up","meta":{},"module":"database","submodule":"","method":"auth","app":"main","reqId":"f27d517b-69e2-4830-95aa-1801842f3b19","dataSourceKey":"main","timestamp":"2025-04-05 09:04:43"}
{"level":"warn","message":"will retry in 400ms...","meta":{},"module":"database","submodule":"","method":"auth","app":"main","reqId":"f27d517b-69e2-4830-95aa-1801842f3b19","dataSourceKey":"main","timestamp":"2025-04-05 09:04:43"}
{"level":"warn","message":"attempt 5/9: Unable to connect to the database: the database system is starting up","meta":{},"module":"database","submodule":"","method":"auth","app":"main","reqId":"f27d517b-69e2-4830-95aa-1801842f3b19","dataSourceKey":"main","timestamp":"2025-04-05 09:04:43"}
{"level":"warn","message":"will retry in 800ms...","meta":{},"module":"database","submodule":"","method":"auth","app":"main","reqId":"f27d517b-69e2-4830-95aa-1801842f3b19","dataSourceKey":"main","timestamp":"2025-04-05 09:04:43"}
{"level":"warn","message":"attempt 6/9: Unable to connect to the database: the database system is starting up","meta":{},"module":"database","submodule":"","method":"auth","app":"main","reqId":"f27d517b-69e2-4830-95aa-1801842f3b19","dataSourceKey":"main","timestamp":"2025-04-05 09:04:44"}
{"level":"warn","message":"will retry in 1600ms...","meta":{},"module":"database","submodule":"","method":"auth","app":"main","reqId":"f27d517b-69e2-4830-95aa-1801842f3b19","dataSourceKey":"main","timestamp":"2025-04-05 09:04:44"}
{"level":"warn","message":"attempt 7/9: Unable to connect to the database: the database system is starting up","meta":{},"module":"database","submodule":"","method":"auth","app":"main","reqId":"f27d517b-69e2-4830-95aa-1801842f3b19","dataSourceKey":"main","timestamp":"2025-04-05 09:04:46"}
{"level":"warn","message":"will retry in 3200ms...","meta":{},"module":"database","submodule":"","method":"auth","app":"main","reqId":"f27d517b-69e2-4830-95aa-1801842f3b19","dataSourceKey":"main","timestamp":"2025-04-05 09:04:46"}
{"level":"warn","message":"attempt 8/9: Unable to connect to the database: the database system is starting up","meta":{},"module":"database","submodule":"","method":"auth","app":"main","reqId":"f27d517b-69e2-4830-95aa-1801842f3b19","dataSourceKey":"main","timestamp":"2025-04-05 09:04:49"}
{"level":"info","message":"connection has been established successfully.","meta":{},"module":"database","submodule":"","method":"auth","app":"main","reqId":"f27d517b-69e2-4830-95aa-1801842f3b19","dataSourceKey":"main","timestamp":"2025-04-05 09:04:56"}
{"level":"info","message":"upgrading...","meta":{},"module":"application","submodule":"","method":"","app":"main","reqId":"f27d517b-69e2-4830-95aa-1801842f3b19","dataSourceKey":"main","timestamp":"2025-04-05 09:04:56"}
{"level":"info","message":"run upgrade","meta":{},"module":"application","submodule":"","method":"","app":"main","reqId":"f27d517b-69e2-4830-95aa-1801842f3b19","dataSourceKey":"main","timestamp":"2025-04-05 09:04:56"}
{"level":"info","message":"update built-in plugins","meta":{},"module":"nocobase","submodule":"","method":"","app":"main","reqId":"f27d517b-69e2-4830-95aa-1801842f3b19","dataSourceKey":"main","timestamp":"2025-04-05 09:04:56"}
{"level":"info","message":"run upgrade","meta":{},"module":"application","submodule":"","method":"","app":"main","reqId":"f27d517b-69e2-4830-95aa-1801842f3b19","dataSourceKey":"main","timestamp":"2025-04-05 09:04:58"}
{"level":"info","message":"restarting...","meta":{},"module":"application","submodule":"","method":"","app":"main","reqId":"f27d517b-69e2-4830-95aa-1801842f3b19","dataSourceKey":"main","timestamp":"2025-04-05 09:04:58"}
{"level":"info","message":"app.reload()","meta":{},"module":"application","submodule":"","method":"load","app":"main","reqId":"f27d517b-69e2-4830-95aa-1801842f3b19","dataSourceKey":"main","timestamp":"2025-04-05 09:04:58"}
{"level":"info","message":"write roles to ACL","meta":{},"module":"acl","submodule":"","method":"writeRolesToACL","app":"main","reqId":"f27d517b-69e2-4830-95aa-1801842f3b19","dataSourceKey":"main","timestamp":"2025-04-05 09:04:59"}
{"level":"info","message":"app has been started","meta":{},"module":"application","submodule":"","method":"","app":"main","reqId":"f27d517b-69e2-4830-95aa-1801842f3b19","dataSourceKey":"main","timestamp":"2025-04-05 09:04:59"}
{"level":"info","message":"token renewing","meta":{"currentJti":"6ec7dc02-3445-4dd2-ae04-7e4629fa30ca"},"module":"application","submodule":"","method":"auth.check","app":"main","reqId":"f27d517b-69e2-4830-95aa-1801842f3b19","dataSourceKey":"main","timestamp":"2025-04-05 09:05:18"}
{"level":"info","message":"token renewing","meta":{"url":"/api/auth:check","currentJti":"6ec7dc02-3445-4dd2-ae04-7e4629fa30ca"},"module":"auth","submodule":"check","method":"auth.check","app":"main","reqId":"bd51d06a-18f3-4d1b-a7fe-aa9c36d5fca8","dataSourceKey":"main","timestamp":"2025-04-05 09:05:20"}
{"level":"info","message":"token renewing","meta":{"jti":"6ec7dc02-3445-4dd2-ae04-7e4629fa30ca"},"module":"auth","submodule":"check","method":"auth.check","app":"main","reqId":"bd51d06a-18f3-4d1b-a7fe-aa9c36d5fca8","dataSourceKey":"main","timestamp":"2025-04-05 09:05:20"}
{"level":"info","message":"jti renewed","meta":{"oldJti":"6ec7dc02-3445-4dd2-ae04-7e4629fa30ca","newJti":"65ef2fe5-5af9-4b75-bb6d-d8828fd56041","issuedTime":1743843920184},"module":"application","submodule":"","method":"","app":"main","reqId":"f27d517b-69e2-4830-95aa-1801842f3b19","dataSourceKey":"main","timestamp":"2025-04-05 09:05:20"}
{"level":"info","message":"token renewed","meta":{"oldJti":"6ec7dc02-3445-4dd2-ae04-7e4629fa30ca","newJti":"65ef2fe5-5af9-4b75-bb6d-d8828fd56041"},"module":"auth","submodule":"check","method":"auth.check","app":"main","reqId":"bd51d06a-18f3-4d1b-a7fe-aa9c36d5fca8","dataSourceKey":"main","timestamp":"2025-04-05 09:05:20"}
{"level":"info","message":"parseJsonTemplate.raw","meta":{"$and":[{"$and":[{"name.$ne":"roles"},{"name.$ne":"rolesUsers"}]},{"name.$ne":"users"}]},"module":"collections","submodule":"destroy","method":"","app":"main","reqId":"1dde72aa-a3b2-4362-9c79-73f18cc1cf9d","dataSourceKey":"main","timestamp":"2025-04-05 12:51:26"}
{"level":"info","message":"parseJsonTemplate.parsed","meta":{"$and":[{"$and":[{"name":{"$ne":"roles"}},{"name":{"$ne":"rolesUsers"}}]},{"name":{"$ne":"users"}}]},"module":"collections","submodule":"destroy","method":"","app":"main","reqId":"1dde72aa-a3b2-4362-9c79-73f18cc1cf9d","dataSourceKey":"main","timestamp":"2025-04-05 12:51:26"}
