{"level":"info","message":"add app main into supervisor","meta":{},"module":"application","submodule":"supervisor","method":"addApp","app":"main","reqId":"012b9a80-4c27-4d6f-b8e9-22047ed5ca33","dataSourceKey":"main","timestamp":"2025-04-08 02:14:06"}
{"level":"info","message":"connection has been established successfully.","meta":{},"module":"database","submodule":"","method":"auth","app":"main","reqId":"012b9a80-4c27-4d6f-b8e9-22047ed5ca33","dataSourceKey":"main","timestamp":"2025-04-08 02:14:06"}
{"level":"info","message":"upgrading...","meta":{},"module":"application","submodule":"","method":"","app":"main","reqId":"012b9a80-4c27-4d6f-b8e9-22047ed5ca33","dataSourceKey":"main","timestamp":"2025-04-08 02:14:06"}
{"level":"info","message":"run upgrade","meta":{},"module":"application","submodule":"","method":"","app":"main","reqId":"012b9a80-4c27-4d6f-b8e9-22047ed5ca33","dataSourceKey":"main","timestamp":"2025-04-08 02:14:06"}
{"level":"info","message":"update built-in plugins","meta":{},"module":"nocobase","submodule":"","method":"","app":"main","reqId":"012b9a80-4c27-4d6f-b8e9-22047ed5ca33","dataSourceKey":"main","timestamp":"2025-04-08 02:14:06"}
{"level":"info","message":"run upgrade","meta":{},"module":"application","submodule":"","method":"","app":"main","reqId":"012b9a80-4c27-4d6f-b8e9-22047ed5ca33","dataSourceKey":"main","timestamp":"2025-04-08 02:14:09"}
{"level":"info","message":"restarting...","meta":{},"module":"application","submodule":"","method":"","app":"main","reqId":"012b9a80-4c27-4d6f-b8e9-22047ed5ca33","dataSourceKey":"main","timestamp":"2025-04-08 02:14:09"}
{"level":"info","message":"app.reload()","meta":{},"module":"application","submodule":"","method":"load","app":"main","reqId":"012b9a80-4c27-4d6f-b8e9-22047ed5ca33","dataSourceKey":"main","timestamp":"2025-04-08 02:14:09"}
{"level":"info","message":"write roles to ACL","meta":{},"module":"acl","submodule":"","method":"writeRolesToACL","app":"main","reqId":"012b9a80-4c27-4d6f-b8e9-22047ed5ca33","dataSourceKey":"main","timestamp":"2025-04-08 02:14:10"}
{"level":"info","message":"app has been started","meta":{},"module":"application","submodule":"","method":"","app":"main","reqId":"012b9a80-4c27-4d6f-b8e9-22047ed5ca33","dataSourceKey":"main","timestamp":"2025-04-08 02:14:10"}
{"level":"info","message":"add app main into supervisor","meta":{},"module":"application","submodule":"supervisor","method":"addApp","app":"main","reqId":"787177e0-92bc-4a81-94d2-f22505a5c8b2","dataSourceKey":"main","timestamp":"2025-04-08 02:16:32"}
{"level":"info","message":"connection has been established successfully.","meta":{},"module":"database","submodule":"","method":"auth","app":"main","reqId":"787177e0-92bc-4a81-94d2-f22505a5c8b2","dataSourceKey":"main","timestamp":"2025-04-08 02:16:32"}
{"level":"info","message":"upgrading...","meta":{},"module":"application","submodule":"","method":"","app":"main","reqId":"787177e0-92bc-4a81-94d2-f22505a5c8b2","dataSourceKey":"main","timestamp":"2025-04-08 02:16:32"}
{"level":"info","message":"run upgrade","meta":{},"module":"application","submodule":"","method":"","app":"main","reqId":"787177e0-92bc-4a81-94d2-f22505a5c8b2","dataSourceKey":"main","timestamp":"2025-04-08 02:16:32"}
{"level":"info","message":"update built-in plugins","meta":{},"module":"nocobase","submodule":"","method":"","app":"main","reqId":"787177e0-92bc-4a81-94d2-f22505a5c8b2","dataSourceKey":"main","timestamp":"2025-04-08 02:16:32"}
{"level":"info","message":"run upgrade","meta":{},"module":"application","submodule":"","method":"","app":"main","reqId":"787177e0-92bc-4a81-94d2-f22505a5c8b2","dataSourceKey":"main","timestamp":"2025-04-08 02:16:34"}
{"level":"info","message":"restarting...","meta":{},"module":"application","submodule":"","method":"","app":"main","reqId":"787177e0-92bc-4a81-94d2-f22505a5c8b2","dataSourceKey":"main","timestamp":"2025-04-08 02:16:34"}
{"level":"info","message":"app.reload()","meta":{},"module":"application","submodule":"","method":"load","app":"main","reqId":"787177e0-92bc-4a81-94d2-f22505a5c8b2","dataSourceKey":"main","timestamp":"2025-04-08 02:16:34"}
{"level":"info","message":"write roles to ACL","meta":{},"module":"acl","submodule":"","method":"writeRolesToACL","app":"main","reqId":"787177e0-92bc-4a81-94d2-f22505a5c8b2","dataSourceKey":"main","timestamp":"2025-04-08 02:16:36"}
{"level":"info","message":"app has been started","meta":{},"module":"application","submodule":"","method":"","app":"main","reqId":"787177e0-92bc-4a81-94d2-f22505a5c8b2","dataSourceKey":"main","timestamp":"2025-04-08 02:16:36"}
{"level":"info","message":"add app main into supervisor","meta":{},"module":"application","submodule":"supervisor","method":"addApp","app":"main","reqId":"1ff54b1e-38eb-4d2d-afd8-bd5ade4f0c3f","dataSourceKey":"main","timestamp":"2025-04-08 02:21:57"}
{"level":"info","message":"connection has been established successfully.","meta":{},"module":"database","submodule":"","method":"auth","app":"main","reqId":"1ff54b1e-38eb-4d2d-afd8-bd5ade4f0c3f","dataSourceKey":"main","timestamp":"2025-04-08 02:21:57"}
{"level":"info","message":"upgrading...","meta":{},"module":"application","submodule":"","method":"","app":"main","reqId":"1ff54b1e-38eb-4d2d-afd8-bd5ade4f0c3f","dataSourceKey":"main","timestamp":"2025-04-08 02:21:57"}
{"level":"info","message":"run upgrade","meta":{},"module":"application","submodule":"","method":"","app":"main","reqId":"1ff54b1e-38eb-4d2d-afd8-bd5ade4f0c3f","dataSourceKey":"main","timestamp":"2025-04-08 02:21:57"}
{"level":"info","message":"update built-in plugins","meta":{},"module":"nocobase","submodule":"","method":"","app":"main","reqId":"1ff54b1e-38eb-4d2d-afd8-bd5ade4f0c3f","dataSourceKey":"main","timestamp":"2025-04-08 02:21:57"}
{"level":"info","message":"run upgrade","meta":{},"module":"application","submodule":"","method":"","app":"main","reqId":"1ff54b1e-38eb-4d2d-afd8-bd5ade4f0c3f","dataSourceKey":"main","timestamp":"2025-04-08 02:21:59"}
{"level":"info","message":"restarting...","meta":{},"module":"application","submodule":"","method":"","app":"main","reqId":"1ff54b1e-38eb-4d2d-afd8-bd5ade4f0c3f","dataSourceKey":"main","timestamp":"2025-04-08 02:21:59"}
{"level":"info","message":"app.reload()","meta":{},"module":"application","submodule":"","method":"load","app":"main","reqId":"1ff54b1e-38eb-4d2d-afd8-bd5ade4f0c3f","dataSourceKey":"main","timestamp":"2025-04-08 02:21:59"}
{"level":"info","message":"write roles to ACL","meta":{},"module":"acl","submodule":"","method":"writeRolesToACL","app":"main","reqId":"1ff54b1e-38eb-4d2d-afd8-bd5ade4f0c3f","dataSourceKey":"main","timestamp":"2025-04-08 02:22:01"}
{"level":"info","message":"app has been started","meta":{},"module":"application","submodule":"","method":"","app":"main","reqId":"1ff54b1e-38eb-4d2d-afd8-bd5ade4f0c3f","dataSourceKey":"main","timestamp":"2025-04-08 02:22:01"}
{"level":"info","message":"add app main into supervisor","meta":{},"module":"application","submodule":"supervisor","method":"addApp","app":"main","reqId":"edf21886-4ad9-47b5-aede-3574e6072c6f","dataSourceKey":"main","timestamp":"2025-04-08 02:25:49"}
{"level":"info","message":"connection has been established successfully.","meta":{},"module":"database","submodule":"","method":"auth","app":"main","reqId":"edf21886-4ad9-47b5-aede-3574e6072c6f","dataSourceKey":"main","timestamp":"2025-04-08 02:25:49"}
{"level":"info","message":"upgrading...","meta":{},"module":"application","submodule":"","method":"","app":"main","reqId":"edf21886-4ad9-47b5-aede-3574e6072c6f","dataSourceKey":"main","timestamp":"2025-04-08 02:25:49"}
{"level":"info","message":"run upgrade","meta":{},"module":"application","submodule":"","method":"","app":"main","reqId":"edf21886-4ad9-47b5-aede-3574e6072c6f","dataSourceKey":"main","timestamp":"2025-04-08 02:25:49"}
{"level":"info","message":"update built-in plugins","meta":{},"module":"nocobase","submodule":"","method":"","app":"main","reqId":"edf21886-4ad9-47b5-aede-3574e6072c6f","dataSourceKey":"main","timestamp":"2025-04-08 02:25:49"}
{"level":"info","message":"run upgrade","meta":{},"module":"application","submodule":"","method":"","app":"main","reqId":"edf21886-4ad9-47b5-aede-3574e6072c6f","dataSourceKey":"main","timestamp":"2025-04-08 02:25:51"}
{"level":"info","message":"restarting...","meta":{},"module":"application","submodule":"","method":"","app":"main","reqId":"edf21886-4ad9-47b5-aede-3574e6072c6f","dataSourceKey":"main","timestamp":"2025-04-08 02:25:51"}
{"level":"info","message":"app.reload()","meta":{},"module":"application","submodule":"","method":"load","app":"main","reqId":"edf21886-4ad9-47b5-aede-3574e6072c6f","dataSourceKey":"main","timestamp":"2025-04-08 02:25:51"}
{"level":"info","message":"write roles to ACL","meta":{},"module":"acl","submodule":"","method":"writeRolesToACL","app":"main","reqId":"edf21886-4ad9-47b5-aede-3574e6072c6f","dataSourceKey":"main","timestamp":"2025-04-08 02:25:52"}
{"level":"info","message":"app has been started","meta":{},"module":"application","submodule":"","method":"","app":"main","reqId":"edf21886-4ad9-47b5-aede-3574e6072c6f","dataSourceKey":"main","timestamp":"2025-04-08 02:25:52"}
{"level":"info","message":"add app main into supervisor","meta":{},"module":"application","submodule":"supervisor","method":"addApp","app":"main","reqId":"8bd3f2db-cfb6-47be-9d1a-4e54da82f16d","dataSourceKey":"main","timestamp":"2025-04-08 12:12:43"}
{"level":"warn","message":"attempt 1/9: Unable to connect to the database: the database system is starting up","meta":{},"module":"database","submodule":"","method":"auth","app":"main","reqId":"8bd3f2db-cfb6-47be-9d1a-4e54da82f16d","dataSourceKey":"main","timestamp":"2025-04-08 12:12:43"}
{"level":"warn","message":"will retry in 50ms...","meta":{},"module":"database","submodule":"","method":"auth","app":"main","reqId":"8bd3f2db-cfb6-47be-9d1a-4e54da82f16d","dataSourceKey":"main","timestamp":"2025-04-08 12:12:43"}
{"level":"warn","message":"attempt 2/9: Unable to connect to the database: the database system is starting up","meta":{},"module":"database","submodule":"","method":"auth","app":"main","reqId":"8bd3f2db-cfb6-47be-9d1a-4e54da82f16d","dataSourceKey":"main","timestamp":"2025-04-08 12:12:43"}
{"level":"warn","message":"will retry in 100ms...","meta":{},"module":"database","submodule":"","method":"auth","app":"main","reqId":"8bd3f2db-cfb6-47be-9d1a-4e54da82f16d","dataSourceKey":"main","timestamp":"2025-04-08 12:12:43"}
{"level":"warn","message":"attempt 3/9: Unable to connect to the database: the database system is starting up","meta":{},"module":"database","submodule":"","method":"auth","app":"main","reqId":"8bd3f2db-cfb6-47be-9d1a-4e54da82f16d","dataSourceKey":"main","timestamp":"2025-04-08 12:12:43"}
{"level":"warn","message":"will retry in 200ms...","meta":{},"module":"database","submodule":"","method":"auth","app":"main","reqId":"8bd3f2db-cfb6-47be-9d1a-4e54da82f16d","dataSourceKey":"main","timestamp":"2025-04-08 12:12:43"}
{"level":"warn","message":"attempt 4/9: Unable to connect to the database: the database system is starting up","meta":{},"module":"database","submodule":"","method":"auth","app":"main","reqId":"8bd3f2db-cfb6-47be-9d1a-4e54da82f16d","dataSourceKey":"main","timestamp":"2025-04-08 12:12:43"}
{"level":"warn","message":"will retry in 400ms...","meta":{},"module":"database","submodule":"","method":"auth","app":"main","reqId":"8bd3f2db-cfb6-47be-9d1a-4e54da82f16d","dataSourceKey":"main","timestamp":"2025-04-08 12:12:43"}
{"level":"warn","message":"attempt 5/9: Unable to connect to the database: the database system is starting up","meta":{},"module":"database","submodule":"","method":"auth","app":"main","reqId":"8bd3f2db-cfb6-47be-9d1a-4e54da82f16d","dataSourceKey":"main","timestamp":"2025-04-08 12:12:44"}
{"level":"warn","message":"will retry in 800ms...","meta":{},"module":"database","submodule":"","method":"auth","app":"main","reqId":"8bd3f2db-cfb6-47be-9d1a-4e54da82f16d","dataSourceKey":"main","timestamp":"2025-04-08 12:12:44"}
{"level":"warn","message":"attempt 6/9: Unable to connect to the database: the database system is starting up","meta":{},"module":"database","submodule":"","method":"auth","app":"main","reqId":"8bd3f2db-cfb6-47be-9d1a-4e54da82f16d","dataSourceKey":"main","timestamp":"2025-04-08 12:12:45"}
{"level":"warn","message":"will retry in 1600ms...","meta":{},"module":"database","submodule":"","method":"auth","app":"main","reqId":"8bd3f2db-cfb6-47be-9d1a-4e54da82f16d","dataSourceKey":"main","timestamp":"2025-04-08 12:12:45"}
{"level":"warn","message":"attempt 7/9: Unable to connect to the database: the database system is starting up","meta":{},"module":"database","submodule":"","method":"auth","app":"main","reqId":"8bd3f2db-cfb6-47be-9d1a-4e54da82f16d","dataSourceKey":"main","timestamp":"2025-04-08 12:12:46"}
{"level":"warn","message":"will retry in 3200ms...","meta":{},"module":"database","submodule":"","method":"auth","app":"main","reqId":"8bd3f2db-cfb6-47be-9d1a-4e54da82f16d","dataSourceKey":"main","timestamp":"2025-04-08 12:12:46"}
{"level":"warn","message":"attempt 8/9: Unable to connect to the database: the database system is starting up","meta":{},"module":"database","submodule":"","method":"auth","app":"main","reqId":"8bd3f2db-cfb6-47be-9d1a-4e54da82f16d","dataSourceKey":"main","timestamp":"2025-04-08 12:12:49"}
{"level":"info","message":"connection has been established successfully.","meta":{},"module":"database","submodule":"","method":"auth","app":"main","reqId":"8bd3f2db-cfb6-47be-9d1a-4e54da82f16d","dataSourceKey":"main","timestamp":"2025-04-08 12:12:56"}
{"level":"info","message":"upgrading...","meta":{},"module":"application","submodule":"","method":"","app":"main","reqId":"8bd3f2db-cfb6-47be-9d1a-4e54da82f16d","dataSourceKey":"main","timestamp":"2025-04-08 12:12:56"}
{"level":"info","message":"run upgrade","meta":{},"module":"application","submodule":"","method":"","app":"main","reqId":"8bd3f2db-cfb6-47be-9d1a-4e54da82f16d","dataSourceKey":"main","timestamp":"2025-04-08 12:12:57"}
{"level":"info","message":"update built-in plugins","meta":{},"module":"nocobase","submodule":"","method":"","app":"main","reqId":"8bd3f2db-cfb6-47be-9d1a-4e54da82f16d","dataSourceKey":"main","timestamp":"2025-04-08 12:12:57"}
{"level":"info","message":"run upgrade","meta":{},"module":"application","submodule":"","method":"","app":"main","reqId":"8bd3f2db-cfb6-47be-9d1a-4e54da82f16d","dataSourceKey":"main","timestamp":"2025-04-08 12:13:01"}
{"level":"info","message":"restarting...","meta":{},"module":"application","submodule":"","method":"","app":"main","reqId":"8bd3f2db-cfb6-47be-9d1a-4e54da82f16d","dataSourceKey":"main","timestamp":"2025-04-08 12:13:01"}
{"level":"info","message":"app.reload()","meta":{},"module":"application","submodule":"","method":"load","app":"main","reqId":"8bd3f2db-cfb6-47be-9d1a-4e54da82f16d","dataSourceKey":"main","timestamp":"2025-04-08 12:13:01"}
{"level":"info","message":"write roles to ACL","meta":{},"module":"acl","submodule":"","method":"writeRolesToACL","app":"main","reqId":"8bd3f2db-cfb6-47be-9d1a-4e54da82f16d","dataSourceKey":"main","timestamp":"2025-04-08 12:13:03"}
{"level":"info","message":"app has been started","meta":{},"module":"application","submodule":"","method":"","app":"main","reqId":"8bd3f2db-cfb6-47be-9d1a-4e54da82f16d","dataSourceKey":"main","timestamp":"2025-04-08 12:13:03"}
{"level":"info","message":"token renewing","meta":{"currentJti":"665dfab6-4f55-475a-b462-9b6416d0d975"},"module":"application","submodule":"","method":"auth.check","app":"main","reqId":"8bd3f2db-cfb6-47be-9d1a-4e54da82f16d","dataSourceKey":"main","timestamp":"2025-04-08 12:13:03"}
{"level":"info","message":"token renewing","meta":{"currentJti":"665dfab6-4f55-475a-b462-9b6416d0d975"},"module":"application","submodule":"","method":"auth.check","app":"main","reqId":"8bd3f2db-cfb6-47be-9d1a-4e54da82f16d","dataSourceKey":"main","timestamp":"2025-04-08 12:13:05"}
{"level":"info","message":"token renewing","meta":{"url":"/api/auth:check","currentJti":"665dfab6-4f55-475a-b462-9b6416d0d975"},"module":"auth","submodule":"check","method":"auth.check","app":"main","reqId":"e18996b7-d55b-4dfc-aca3-e186b287d782","dataSourceKey":"main","timestamp":"2025-04-08 12:13:05"}
{"level":"info","message":"token renewing","meta":{"jti":"665dfab6-4f55-475a-b462-9b6416d0d975"},"module":"auth","submodule":"check","method":"auth.check","app":"main","reqId":"e18996b7-d55b-4dfc-aca3-e186b287d782","dataSourceKey":"main","timestamp":"2025-04-08 12:13:05"}
{"level":"info","message":"jti renewed","meta":{"oldJti":"665dfab6-4f55-475a-b462-9b6416d0d975","newJti":"204d9a14-daa2-4625-b198-f2b931502a27","issuedTime":1744114385506},"module":"application","submodule":"","method":"","app":"main","reqId":"8bd3f2db-cfb6-47be-9d1a-4e54da82f16d","dataSourceKey":"main","timestamp":"2025-04-08 12:13:05"}
{"level":"info","message":"token renewed","meta":{"oldJti":"665dfab6-4f55-475a-b462-9b6416d0d975","newJti":"204d9a14-daa2-4625-b198-f2b931502a27"},"module":"auth","submodule":"check","method":"auth.check","app":"main","reqId":"e18996b7-d55b-4dfc-aca3-e186b287d782","dataSourceKey":"main","timestamp":"2025-04-08 12:13:05"}
{"level":"info","message":"parseJsonTemplate.raw","meta":{"$and":[{"$and":[{"name.$ne":"roles"},{"name.$ne":"rolesUsers"}]},{"name.$ne":"users"}]},"module":"collections","submodule":"destroy","method":"","app":"main","reqId":"b25e625c-98f0-4904-b4ae-be2e21276f80","dataSourceKey":"main","timestamp":"2025-04-08 12:46:44"}
{"level":"info","message":"parseJsonTemplate.parsed","meta":{"$and":[{"$and":[{"name":{"$ne":"roles"}},{"name":{"$ne":"rolesUsers"}}]},{"name":{"$ne":"users"}}]},"module":"collections","submodule":"destroy","method":"","app":"main","reqId":"b25e625c-98f0-4904-b4ae-be2e21276f80","dataSourceKey":"main","timestamp":"2025-04-08 12:46:44"}
