{"level":"info","message":"add app main into supervisor","meta":{},"module":"application","submodule":"supervisor","method":"addApp","app":"main","reqId":"bdce2d86-4a23-4e9e-b5e0-01d71f346ffd","dataSourceKey":"main","timestamp":"2025-04-07 10:51:49"}
{"level":"warn","message":"attempt 1/9: Unable to connect to the database: the database system is starting up","meta":{},"module":"database","submodule":"","method":"auth","app":"main","reqId":"bdce2d86-4a23-4e9e-b5e0-01d71f346ffd","dataSourceKey":"main","timestamp":"2025-04-07 10:51:49"}
{"level":"warn","message":"will retry in 50ms...","meta":{},"module":"database","submodule":"","method":"auth","app":"main","reqId":"bdce2d86-4a23-4e9e-b5e0-01d71f346ffd","dataSourceKey":"main","timestamp":"2025-04-07 10:51:49"}
{"level":"warn","message":"attempt 2/9: Unable to connect to the database: the database system is starting up","meta":{},"module":"database","submodule":"","method":"auth","app":"main","reqId":"bdce2d86-4a23-4e9e-b5e0-01d71f346ffd","dataSourceKey":"main","timestamp":"2025-04-07 10:51:49"}
{"level":"warn","message":"will retry in 100ms...","meta":{},"module":"database","submodule":"","method":"auth","app":"main","reqId":"bdce2d86-4a23-4e9e-b5e0-01d71f346ffd","dataSourceKey":"main","timestamp":"2025-04-07 10:51:49"}
{"level":"warn","message":"attempt 3/9: Unable to connect to the database: the database system is starting up","meta":{},"module":"database","submodule":"","method":"auth","app":"main","reqId":"bdce2d86-4a23-4e9e-b5e0-01d71f346ffd","dataSourceKey":"main","timestamp":"2025-04-07 10:51:50"}
{"level":"warn","message":"will retry in 200ms...","meta":{},"module":"database","submodule":"","method":"auth","app":"main","reqId":"bdce2d86-4a23-4e9e-b5e0-01d71f346ffd","dataSourceKey":"main","timestamp":"2025-04-07 10:51:50"}
{"level":"warn","message":"attempt 4/9: Unable to connect to the database: the database system is starting up","meta":{},"module":"database","submodule":"","method":"auth","app":"main","reqId":"bdce2d86-4a23-4e9e-b5e0-01d71f346ffd","dataSourceKey":"main","timestamp":"2025-04-07 10:51:50"}
{"level":"warn","message":"will retry in 400ms...","meta":{},"module":"database","submodule":"","method":"auth","app":"main","reqId":"bdce2d86-4a23-4e9e-b5e0-01d71f346ffd","dataSourceKey":"main","timestamp":"2025-04-07 10:51:50"}
{"level":"warn","message":"attempt 5/9: Unable to connect to the database: the database system is starting up","meta":{},"module":"database","submodule":"","method":"auth","app":"main","reqId":"bdce2d86-4a23-4e9e-b5e0-01d71f346ffd","dataSourceKey":"main","timestamp":"2025-04-07 10:51:50"}
{"level":"warn","message":"will retry in 800ms...","meta":{},"module":"database","submodule":"","method":"auth","app":"main","reqId":"bdce2d86-4a23-4e9e-b5e0-01d71f346ffd","dataSourceKey":"main","timestamp":"2025-04-07 10:51:50"}
{"level":"warn","message":"attempt 6/9: Unable to connect to the database: the database system is starting up","meta":{},"module":"database","submodule":"","method":"auth","app":"main","reqId":"bdce2d86-4a23-4e9e-b5e0-01d71f346ffd","dataSourceKey":"main","timestamp":"2025-04-07 10:51:51"}
{"level":"warn","message":"will retry in 1600ms...","meta":{},"module":"database","submodule":"","method":"auth","app":"main","reqId":"bdce2d86-4a23-4e9e-b5e0-01d71f346ffd","dataSourceKey":"main","timestamp":"2025-04-07 10:51:51"}
{"level":"warn","message":"attempt 7/9: Unable to connect to the database: the database system is starting up","meta":{},"module":"database","submodule":"","method":"auth","app":"main","reqId":"bdce2d86-4a23-4e9e-b5e0-01d71f346ffd","dataSourceKey":"main","timestamp":"2025-04-07 10:51:53"}
{"level":"warn","message":"will retry in 3200ms...","meta":{},"module":"database","submodule":"","method":"auth","app":"main","reqId":"bdce2d86-4a23-4e9e-b5e0-01d71f346ffd","dataSourceKey":"main","timestamp":"2025-04-07 10:51:53"}
{"level":"info","message":"connection has been established successfully.","meta":{},"module":"database","submodule":"","method":"auth","app":"main","reqId":"bdce2d86-4a23-4e9e-b5e0-01d71f346ffd","dataSourceKey":"main","timestamp":"2025-04-07 10:51:56"}
{"level":"info","message":"upgrading...","meta":{},"module":"application","submodule":"","method":"","app":"main","reqId":"bdce2d86-4a23-4e9e-b5e0-01d71f346ffd","dataSourceKey":"main","timestamp":"2025-04-07 10:51:56"}
{"level":"info","message":"run upgrade","meta":{},"module":"application","submodule":"","method":"","app":"main","reqId":"bdce2d86-4a23-4e9e-b5e0-01d71f346ffd","dataSourceKey":"main","timestamp":"2025-04-07 10:51:56"}
{"level":"info","message":"update built-in plugins","meta":{},"module":"nocobase","submodule":"","method":"","app":"main","reqId":"bdce2d86-4a23-4e9e-b5e0-01d71f346ffd","dataSourceKey":"main","timestamp":"2025-04-07 10:51:56"}
{"level":"info","message":"run upgrade","meta":{},"module":"application","submodule":"","method":"","app":"main","reqId":"bdce2d86-4a23-4e9e-b5e0-01d71f346ffd","dataSourceKey":"main","timestamp":"2025-04-07 10:51:58"}
{"level":"info","message":"restarting...","meta":{},"module":"application","submodule":"","method":"","app":"main","reqId":"bdce2d86-4a23-4e9e-b5e0-01d71f346ffd","dataSourceKey":"main","timestamp":"2025-04-07 10:51:58"}
{"level":"info","message":"app.reload()","meta":{},"module":"application","submodule":"","method":"load","app":"main","reqId":"bdce2d86-4a23-4e9e-b5e0-01d71f346ffd","dataSourceKey":"main","timestamp":"2025-04-07 10:51:58"}
{"level":"info","message":"write roles to ACL","meta":{},"module":"acl","submodule":"","method":"writeRolesToACL","app":"main","reqId":"bdce2d86-4a23-4e9e-b5e0-01d71f346ffd","dataSourceKey":"main","timestamp":"2025-04-07 10:52:00"}
{"level":"info","message":"app has been started","meta":{},"module":"application","submodule":"","method":"","app":"main","reqId":"bdce2d86-4a23-4e9e-b5e0-01d71f346ffd","dataSourceKey":"main","timestamp":"2025-04-07 10:52:00"}
{"level":"info","message":"add app main into supervisor","meta":{},"module":"application","submodule":"supervisor","method":"addApp","app":"main","reqId":"5d5cd345-0541-4783-bc8f-b0840b3aa233","dataSourceKey":"main","timestamp":"2025-04-07 10:56:12"}
{"level":"info","message":"connection has been established successfully.","meta":{},"module":"database","submodule":"","method":"auth","app":"main","reqId":"5d5cd345-0541-4783-bc8f-b0840b3aa233","dataSourceKey":"main","timestamp":"2025-04-07 10:56:13"}
{"level":"info","message":"upgrading...","meta":{},"module":"application","submodule":"","method":"","app":"main","reqId":"5d5cd345-0541-4783-bc8f-b0840b3aa233","dataSourceKey":"main","timestamp":"2025-04-07 10:56:13"}
{"level":"info","message":"run upgrade","meta":{},"module":"application","submodule":"","method":"","app":"main","reqId":"5d5cd345-0541-4783-bc8f-b0840b3aa233","dataSourceKey":"main","timestamp":"2025-04-07 10:56:13"}
{"level":"info","message":"update built-in plugins","meta":{},"module":"nocobase","submodule":"","method":"","app":"main","reqId":"5d5cd345-0541-4783-bc8f-b0840b3aa233","dataSourceKey":"main","timestamp":"2025-04-07 10:56:13"}
{"level":"info","message":"run upgrade","meta":{},"module":"application","submodule":"","method":"","app":"main","reqId":"5d5cd345-0541-4783-bc8f-b0840b3aa233","dataSourceKey":"main","timestamp":"2025-04-07 10:56:15"}
{"level":"info","message":"restarting...","meta":{},"module":"application","submodule":"","method":"","app":"main","reqId":"5d5cd345-0541-4783-bc8f-b0840b3aa233","dataSourceKey":"main","timestamp":"2025-04-07 10:56:15"}
{"level":"info","message":"app.reload()","meta":{},"module":"application","submodule":"","method":"load","app":"main","reqId":"5d5cd345-0541-4783-bc8f-b0840b3aa233","dataSourceKey":"main","timestamp":"2025-04-07 10:56:15"}
{"level":"info","message":"write roles to ACL","meta":{},"module":"acl","submodule":"","method":"writeRolesToACL","app":"main","reqId":"5d5cd345-0541-4783-bc8f-b0840b3aa233","dataSourceKey":"main","timestamp":"2025-04-07 10:56:16"}
{"level":"info","message":"app has been started","meta":{},"module":"application","submodule":"","method":"","app":"main","reqId":"5d5cd345-0541-4783-bc8f-b0840b3aa233","dataSourceKey":"main","timestamp":"2025-04-07 10:56:16"}
{"level":"info","message":"add app main into supervisor","meta":{},"module":"application","submodule":"supervisor","method":"addApp","app":"main","reqId":"70f5beef-a29d-486d-b490-705fe2ebf42e","dataSourceKey":"main","timestamp":"2025-04-07 11:05:24"}
{"level":"info","message":"connection has been established successfully.","meta":{},"module":"database","submodule":"","method":"auth","app":"main","reqId":"70f5beef-a29d-486d-b490-705fe2ebf42e","dataSourceKey":"main","timestamp":"2025-04-07 11:05:24"}
{"level":"info","message":"upgrading...","meta":{},"module":"application","submodule":"","method":"","app":"main","reqId":"70f5beef-a29d-486d-b490-705fe2ebf42e","dataSourceKey":"main","timestamp":"2025-04-07 11:05:24"}
{"level":"info","message":"run upgrade","meta":{},"module":"application","submodule":"","method":"","app":"main","reqId":"70f5beef-a29d-486d-b490-705fe2ebf42e","dataSourceKey":"main","timestamp":"2025-04-07 11:05:24"}
{"level":"info","message":"update built-in plugins","meta":{},"module":"nocobase","submodule":"","method":"","app":"main","reqId":"70f5beef-a29d-486d-b490-705fe2ebf42e","dataSourceKey":"main","timestamp":"2025-04-07 11:05:24"}
{"level":"info","message":"run upgrade","meta":{},"module":"application","submodule":"","method":"","app":"main","reqId":"70f5beef-a29d-486d-b490-705fe2ebf42e","dataSourceKey":"main","timestamp":"2025-04-07 11:05:26"}
{"level":"info","message":"restarting...","meta":{},"module":"application","submodule":"","method":"","app":"main","reqId":"70f5beef-a29d-486d-b490-705fe2ebf42e","dataSourceKey":"main","timestamp":"2025-04-07 11:05:26"}
{"level":"info","message":"app.reload()","meta":{},"module":"application","submodule":"","method":"load","app":"main","reqId":"70f5beef-a29d-486d-b490-705fe2ebf42e","dataSourceKey":"main","timestamp":"2025-04-07 11:05:26"}
{"level":"info","message":"write roles to ACL","meta":{},"module":"acl","submodule":"","method":"writeRolesToACL","app":"main","reqId":"70f5beef-a29d-486d-b490-705fe2ebf42e","dataSourceKey":"main","timestamp":"2025-04-07 11:05:27"}
{"level":"info","message":"app has been started","meta":{},"module":"application","submodule":"","method":"","app":"main","reqId":"70f5beef-a29d-486d-b490-705fe2ebf42e","dataSourceKey":"main","timestamp":"2025-04-07 11:05:27"}
{"level":"info","message":"add app main into supervisor","meta":{},"module":"application","submodule":"supervisor","method":"addApp","app":"main","reqId":"b044aef5-6c66-4d4f-ae0b-bd43c4023ba1","dataSourceKey":"main","timestamp":"2025-04-07 11:07:43"}
{"level":"info","message":"connection has been established successfully.","meta":{},"module":"database","submodule":"","method":"auth","app":"main","reqId":"b044aef5-6c66-4d4f-ae0b-bd43c4023ba1","dataSourceKey":"main","timestamp":"2025-04-07 11:07:43"}
{"level":"info","message":"upgrading...","meta":{},"module":"application","submodule":"","method":"","app":"main","reqId":"b044aef5-6c66-4d4f-ae0b-bd43c4023ba1","dataSourceKey":"main","timestamp":"2025-04-07 11:07:43"}
{"level":"info","message":"run upgrade","meta":{},"module":"application","submodule":"","method":"","app":"main","reqId":"b044aef5-6c66-4d4f-ae0b-bd43c4023ba1","dataSourceKey":"main","timestamp":"2025-04-07 11:07:43"}
{"level":"info","message":"update built-in plugins","meta":{},"module":"nocobase","submodule":"","method":"","app":"main","reqId":"b044aef5-6c66-4d4f-ae0b-bd43c4023ba1","dataSourceKey":"main","timestamp":"2025-04-07 11:07:43"}
{"level":"info","message":"run upgrade","meta":{},"module":"application","submodule":"","method":"","app":"main","reqId":"b044aef5-6c66-4d4f-ae0b-bd43c4023ba1","dataSourceKey":"main","timestamp":"2025-04-07 11:07:45"}
{"level":"info","message":"restarting...","meta":{},"module":"application","submodule":"","method":"","app":"main","reqId":"b044aef5-6c66-4d4f-ae0b-bd43c4023ba1","dataSourceKey":"main","timestamp":"2025-04-07 11:07:45"}
{"level":"info","message":"app.reload()","meta":{},"module":"application","submodule":"","method":"load","app":"main","reqId":"b044aef5-6c66-4d4f-ae0b-bd43c4023ba1","dataSourceKey":"main","timestamp":"2025-04-07 11:07:45"}
{"level":"info","message":"write roles to ACL","meta":{},"module":"acl","submodule":"","method":"writeRolesToACL","app":"main","reqId":"b044aef5-6c66-4d4f-ae0b-bd43c4023ba1","dataSourceKey":"main","timestamp":"2025-04-07 11:07:46"}
{"level":"info","message":"app has been started","meta":{},"module":"application","submodule":"","method":"","app":"main","reqId":"b044aef5-6c66-4d4f-ae0b-bd43c4023ba1","dataSourceKey":"main","timestamp":"2025-04-07 11:07:46"}
{"level":"info","message":"add app main into supervisor","meta":{},"module":"application","submodule":"supervisor","method":"addApp","app":"main","reqId":"e370d12e-a689-4e41-a46c-e8e581d4a778","dataSourceKey":"main","timestamp":"2025-04-07 11:10:30"}
{"level":"info","message":"connection has been established successfully.","meta":{},"module":"database","submodule":"","method":"auth","app":"main","reqId":"e370d12e-a689-4e41-a46c-e8e581d4a778","dataSourceKey":"main","timestamp":"2025-04-07 11:10:30"}
{"level":"info","message":"upgrading...","meta":{},"module":"application","submodule":"","method":"","app":"main","reqId":"e370d12e-a689-4e41-a46c-e8e581d4a778","dataSourceKey":"main","timestamp":"2025-04-07 11:10:30"}
{"level":"info","message":"run upgrade","meta":{},"module":"application","submodule":"","method":"","app":"main","reqId":"e370d12e-a689-4e41-a46c-e8e581d4a778","dataSourceKey":"main","timestamp":"2025-04-07 11:10:31"}
{"level":"info","message":"update built-in plugins","meta":{},"module":"nocobase","submodule":"","method":"","app":"main","reqId":"e370d12e-a689-4e41-a46c-e8e581d4a778","dataSourceKey":"main","timestamp":"2025-04-07 11:10:31"}
{"level":"info","message":"run upgrade","meta":{},"module":"application","submodule":"","method":"","app":"main","reqId":"e370d12e-a689-4e41-a46c-e8e581d4a778","dataSourceKey":"main","timestamp":"2025-04-07 11:10:32"}
{"level":"info","message":"restarting...","meta":{},"module":"application","submodule":"","method":"","app":"main","reqId":"e370d12e-a689-4e41-a46c-e8e581d4a778","dataSourceKey":"main","timestamp":"2025-04-07 11:10:33"}
{"level":"info","message":"app.reload()","meta":{},"module":"application","submodule":"","method":"load","app":"main","reqId":"e370d12e-a689-4e41-a46c-e8e581d4a778","dataSourceKey":"main","timestamp":"2025-04-07 11:10:33"}
{"level":"info","message":"write roles to ACL","meta":{},"module":"acl","submodule":"","method":"writeRolesToACL","app":"main","reqId":"e370d12e-a689-4e41-a46c-e8e581d4a778","dataSourceKey":"main","timestamp":"2025-04-07 11:10:34"}
{"level":"info","message":"app has been started","meta":{},"module":"application","submodule":"","method":"","app":"main","reqId":"e370d12e-a689-4e41-a46c-e8e581d4a778","dataSourceKey":"main","timestamp":"2025-04-07 11:10:34"}
{"level":"info","message":"add app main into supervisor","meta":{},"module":"application","submodule":"supervisor","method":"addApp","app":"main","reqId":"2c5761fd-00b7-491d-80bd-89acdaa60e38","dataSourceKey":"main","timestamp":"2025-04-07 12:04:52"}
{"level":"info","message":"connection has been established successfully.","meta":{},"module":"database","submodule":"","method":"auth","app":"main","reqId":"2c5761fd-00b7-491d-80bd-89acdaa60e38","dataSourceKey":"main","timestamp":"2025-04-07 12:04:52"}
{"level":"info","message":"upgrading...","meta":{},"module":"application","submodule":"","method":"","app":"main","reqId":"2c5761fd-00b7-491d-80bd-89acdaa60e38","dataSourceKey":"main","timestamp":"2025-04-07 12:04:52"}
{"level":"info","message":"run upgrade","meta":{},"module":"application","submodule":"","method":"","app":"main","reqId":"2c5761fd-00b7-491d-80bd-89acdaa60e38","dataSourceKey":"main","timestamp":"2025-04-07 12:04:52"}
{"level":"info","message":"update built-in plugins","meta":{},"module":"nocobase","submodule":"","method":"","app":"main","reqId":"2c5761fd-00b7-491d-80bd-89acdaa60e38","dataSourceKey":"main","timestamp":"2025-04-07 12:04:52"}
{"level":"info","message":"run upgrade","meta":{},"module":"application","submodule":"","method":"","app":"main","reqId":"2c5761fd-00b7-491d-80bd-89acdaa60e38","dataSourceKey":"main","timestamp":"2025-04-07 12:04:54"}
{"level":"info","message":"restarting...","meta":{},"module":"application","submodule":"","method":"","app":"main","reqId":"2c5761fd-00b7-491d-80bd-89acdaa60e38","dataSourceKey":"main","timestamp":"2025-04-07 12:04:54"}
{"level":"info","message":"app.reload()","meta":{},"module":"application","submodule":"","method":"load","app":"main","reqId":"2c5761fd-00b7-491d-80bd-89acdaa60e38","dataSourceKey":"main","timestamp":"2025-04-07 12:04:54"}
{"level":"info","message":"write roles to ACL","meta":{},"module":"acl","submodule":"","method":"writeRolesToACL","app":"main","reqId":"2c5761fd-00b7-491d-80bd-89acdaa60e38","dataSourceKey":"main","timestamp":"2025-04-07 12:04:55"}
{"level":"info","message":"app has been started","meta":{},"module":"application","submodule":"","method":"","app":"main","reqId":"2c5761fd-00b7-491d-80bd-89acdaa60e38","dataSourceKey":"main","timestamp":"2025-04-07 12:04:56"}
{"level":"info","message":"add app main into supervisor","meta":{},"module":"application","submodule":"supervisor","method":"addApp","app":"main","reqId":"4afe2a69-bc56-49a1-80a1-fa3d9704e359","dataSourceKey":"main","timestamp":"2025-04-07 13:23:09"}
{"level":"info","message":"connection has been established successfully.","meta":{},"module":"database","submodule":"","method":"auth","app":"main","reqId":"4afe2a69-bc56-49a1-80a1-fa3d9704e359","dataSourceKey":"main","timestamp":"2025-04-07 13:23:09"}
{"level":"info","message":"upgrading...","meta":{},"module":"application","submodule":"","method":"","app":"main","reqId":"4afe2a69-bc56-49a1-80a1-fa3d9704e359","dataSourceKey":"main","timestamp":"2025-04-07 13:23:09"}
{"level":"info","message":"run upgrade","meta":{},"module":"application","submodule":"","method":"","app":"main","reqId":"4afe2a69-bc56-49a1-80a1-fa3d9704e359","dataSourceKey":"main","timestamp":"2025-04-07 13:23:09"}
{"level":"info","message":"update built-in plugins","meta":{},"module":"nocobase","submodule":"","method":"","app":"main","reqId":"4afe2a69-bc56-49a1-80a1-fa3d9704e359","dataSourceKey":"main","timestamp":"2025-04-07 13:23:09"}
{"level":"info","message":"run upgrade","meta":{},"module":"application","submodule":"","method":"","app":"main","reqId":"4afe2a69-bc56-49a1-80a1-fa3d9704e359","dataSourceKey":"main","timestamp":"2025-04-07 13:23:11"}
{"level":"info","message":"restarting...","meta":{},"module":"application","submodule":"","method":"","app":"main","reqId":"4afe2a69-bc56-49a1-80a1-fa3d9704e359","dataSourceKey":"main","timestamp":"2025-04-07 13:23:11"}
{"level":"info","message":"app.reload()","meta":{},"module":"application","submodule":"","method":"load","app":"main","reqId":"4afe2a69-bc56-49a1-80a1-fa3d9704e359","dataSourceKey":"main","timestamp":"2025-04-07 13:23:11"}
{"level":"info","message":"write roles to ACL","meta":{},"module":"acl","submodule":"","method":"writeRolesToACL","app":"main","reqId":"4afe2a69-bc56-49a1-80a1-fa3d9704e359","dataSourceKey":"main","timestamp":"2025-04-07 13:23:12"}
{"level":"info","message":"app has been started","meta":{},"module":"application","submodule":"","method":"","app":"main","reqId":"4afe2a69-bc56-49a1-80a1-fa3d9704e359","dataSourceKey":"main","timestamp":"2025-04-07 13:23:13"}
