{"level":"info","message":"parseJsonTemplate.raw","meta":{"$and":[{"coach_db":{"users_id":{"$eq":"{{$user.id}}"}}}]},"module":"attendance","submodule":"list","method":"","app":"main","reqId":"7592bfba-21b3-4744-a8a8-b1f7108229e7","dataSourceKey":"main","timestamp":"2025-04-30 05:05:10"}
{"level":"info","message":"filter-parse: ","meta":{"userFields":["id"]},"module":"attendance","submodule":"list","method":"","app":"main","reqId":"7592bfba-21b3-4744-a8a8-b1f7108229e7","dataSourceKey":"main","timestamp":"2025-04-30 05:05:10"}
{"level":"info","message":"filter-parse: ","meta":{"$user":{"id":1}},"module":"attendance","submodule":"list","method":"","app":"main","reqId":"7592bfba-21b3-4744-a8a8-b1f7108229e7","dataSourceKey":"main","timestamp":"2025-04-30 05:05:10"}
{"level":"info","message":"parseJsonTemplate.parsed","meta":{"$and":[{"coach_db":{"users_id":{"$eq":1}}}]},"module":"attendance","submodule":"list","method":"","app":"main","reqId":"7592bfba-21b3-4744-a8a8-b1f7108229e7","dataSourceKey":"main","timestamp":"2025-04-30 05:05:10"}
{"level":"info","message":"parseJsonTemplate.raw","meta":{"$and":[{"coach_db":{"users_id":{"$eq":"{{$user.id}}"}}}]},"module":"attendance","submodule":"list","method":"","app":"main","reqId":"900a4e6f-f627-44dd-883f-fe48fd82de53","dataSourceKey":"main","timestamp":"2025-04-30 05:05:37"}
{"level":"info","message":"filter-parse: ","meta":{"userFields":["id"]},"module":"attendance","submodule":"list","method":"","app":"main","reqId":"900a4e6f-f627-44dd-883f-fe48fd82de53","dataSourceKey":"main","timestamp":"2025-04-30 05:05:37"}
{"level":"info","message":"filter-parse: ","meta":{"$user":{"id":1}},"module":"attendance","submodule":"list","method":"","app":"main","reqId":"900a4e6f-f627-44dd-883f-fe48fd82de53","dataSourceKey":"main","timestamp":"2025-04-30 05:05:37"}
{"level":"info","message":"parseJsonTemplate.parsed","meta":{"$and":[{"coach_db":{"users_id":{"$eq":1}}}]},"module":"attendance","submodule":"list","method":"","app":"main","reqId":"900a4e6f-f627-44dd-883f-fe48fd82de53","dataSourceKey":"main","timestamp":"2025-04-30 05:05:37"}
{"level":"info","message":"parseJsonTemplate.raw","meta":{"$and":[{"coach_db":{"users_id":{"$eq":"{{$user.id}}"}}}]},"module":"attendance","submodule":"list","method":"","app":"main","reqId":"56c5872b-bf1d-4577-85f2-fb91dc879118","dataSourceKey":"main","timestamp":"2025-04-30 05:05:56"}
{"level":"info","message":"filter-parse: ","meta":{"userFields":["id"]},"module":"attendance","submodule":"list","method":"","app":"main","reqId":"56c5872b-bf1d-4577-85f2-fb91dc879118","dataSourceKey":"main","timestamp":"2025-04-30 05:05:56"}
{"level":"info","message":"filter-parse: ","meta":{"$user":{"id":2}},"module":"attendance","submodule":"list","method":"","app":"main","reqId":"56c5872b-bf1d-4577-85f2-fb91dc879118","dataSourceKey":"main","timestamp":"2025-04-30 05:05:56"}
{"level":"info","message":"parseJsonTemplate.parsed","meta":{"$and":[{"coach_db":{"users_id":{"$eq":2}}}]},"module":"attendance","submodule":"list","method":"","app":"main","reqId":"56c5872b-bf1d-4577-85f2-fb91dc879118","dataSourceKey":"main","timestamp":"2025-04-30 05:05:56"}
{"level":"info","message":"filter-parse: ","meta":{"userFields":["id"]},"module":"charts","submodule":"query","method":"","app":"main","reqId":"0bcec2d7-b4c1-4cc3-a10b-8b7a01977a99","dataSourceKey":"main","timestamp":"2025-04-30 05:06:41"}
{"level":"info","message":"filter-parse: ","meta":{"$user":{"id":2}},"module":"charts","submodule":"query","method":"","app":"main","reqId":"0bcec2d7-b4c1-4cc3-a10b-8b7a01977a99","dataSourceKey":"main","timestamp":"2025-04-30 05:06:41"}
{"level":"info","message":"filter-parse: ","meta":{"userFields":["id"]},"module":"charts","submodule":"query","method":"","app":"main","reqId":"a92e4ea0-7d53-4719-9dfe-6b02b12fe9e7","dataSourceKey":"main","timestamp":"2025-04-30 05:06:55"}
{"level":"info","message":"filter-parse: ","meta":{"$user":{"id":1}},"module":"charts","submodule":"query","method":"","app":"main","reqId":"a92e4ea0-7d53-4719-9dfe-6b02b12fe9e7","dataSourceKey":"main","timestamp":"2025-04-30 05:06:55"}
{"level":"info","message":"parseJsonTemplate.raw","meta":{"$and":[{"coach_db":{"users_id":{"$eq":"{{$user.id}}"}}}]},"module":"attendance","submodule":"list","method":"","app":"main","reqId":"f5d0d8bc-1aef-407e-a7e2-52c4c1a78e88","dataSourceKey":"main","timestamp":"2025-04-30 05:06:55"}
{"level":"info","message":"filter-parse: ","meta":{"userFields":["id"]},"module":"attendance","submodule":"list","method":"","app":"main","reqId":"f5d0d8bc-1aef-407e-a7e2-52c4c1a78e88","dataSourceKey":"main","timestamp":"2025-04-30 05:06:55"}
{"level":"info","message":"filter-parse: ","meta":{"$user":{"id":1}},"module":"attendance","submodule":"list","method":"","app":"main","reqId":"f5d0d8bc-1aef-407e-a7e2-52c4c1a78e88","dataSourceKey":"main","timestamp":"2025-04-30 05:06:55"}
{"level":"info","message":"parseJsonTemplate.parsed","meta":{"$and":[{"coach_db":{"users_id":{"$eq":1}}}]},"module":"attendance","submodule":"list","method":"","app":"main","reqId":"f5d0d8bc-1aef-407e-a7e2-52c4c1a78e88","dataSourceKey":"main","timestamp":"2025-04-30 05:06:55"}
{"level":"info","message":"filter-parse: ","meta":{"userFields":["id"]},"module":"charts","submodule":"query","method":"","app":"main","reqId":"7400bfcb-8df1-4ec2-b79a-7380339618e4","dataSourceKey":"main","timestamp":"2025-04-30 05:07:08"}
{"level":"info","message":"filter-parse: ","meta":{"$user":{"id":2}},"module":"charts","submodule":"query","method":"","app":"main","reqId":"7400bfcb-8df1-4ec2-b79a-7380339618e4","dataSourceKey":"main","timestamp":"2025-04-30 05:07:08"}
{"level":"info","message":"parseJsonTemplate.raw","meta":{"$and":[{"coach_db":{"users_id":{"$eq":"{{$user.id}}"}}}]},"module":"attendance","submodule":"list","method":"","app":"main","reqId":"0df753c4-13de-4c0d-8185-d8a233c0e323","dataSourceKey":"main","timestamp":"2025-04-30 05:07:08"}
{"level":"info","message":"filter-parse: ","meta":{"userFields":["id"]},"module":"attendance","submodule":"list","method":"","app":"main","reqId":"0df753c4-13de-4c0d-8185-d8a233c0e323","dataSourceKey":"main","timestamp":"2025-04-30 05:07:08"}
{"level":"info","message":"filter-parse: ","meta":{"$user":{"id":2}},"module":"attendance","submodule":"list","method":"","app":"main","reqId":"0df753c4-13de-4c0d-8185-d8a233c0e323","dataSourceKey":"main","timestamp":"2025-04-30 05:07:08"}
{"level":"info","message":"parseJsonTemplate.parsed","meta":{"$and":[{"coach_db":{"users_id":{"$eq":2}}}]},"module":"attendance","submodule":"list","method":"","app":"main","reqId":"0df753c4-13de-4c0d-8185-d8a233c0e323","dataSourceKey":"main","timestamp":"2025-04-30 05:07:08"}
{"level":"info","message":"filter-parse: ","meta":{"userFields":["id"]},"module":"charts","submodule":"query","method":"","app":"main","reqId":"d90e1573-96fd-45dc-ae47-1ef89479c80b","dataSourceKey":"main","timestamp":"2025-04-30 05:07:18"}
{"level":"info","message":"filter-parse: ","meta":{"$user":{"id":1}},"module":"charts","submodule":"query","method":"","app":"main","reqId":"d90e1573-96fd-45dc-ae47-1ef89479c80b","dataSourceKey":"main","timestamp":"2025-04-30 05:07:18"}
{"level":"info","message":"parseJsonTemplate.raw","meta":{"$and":[{"coach_db":{"users_id":{"$eq":"{{$user.id}}"}}}]},"module":"attendance","submodule":"list","method":"","app":"main","reqId":"46536c2a-e062-4cfc-85a7-1e9c455f51fa","dataSourceKey":"main","timestamp":"2025-04-30 05:07:18"}
{"level":"info","message":"filter-parse: ","meta":{"userFields":["id"]},"module":"attendance","submodule":"list","method":"","app":"main","reqId":"46536c2a-e062-4cfc-85a7-1e9c455f51fa","dataSourceKey":"main","timestamp":"2025-04-30 05:07:18"}
{"level":"info","message":"filter-parse: ","meta":{"$user":{"id":1}},"module":"attendance","submodule":"list","method":"","app":"main","reqId":"46536c2a-e062-4cfc-85a7-1e9c455f51fa","dataSourceKey":"main","timestamp":"2025-04-30 05:07:18"}
{"level":"info","message":"parseJsonTemplate.parsed","meta":{"$and":[{"coach_db":{"users_id":{"$eq":1}}}]},"module":"attendance","submodule":"list","method":"","app":"main","reqId":"46536c2a-e062-4cfc-85a7-1e9c455f51fa","dataSourceKey":"main","timestamp":"2025-04-30 05:07:18"}
{"level":"info","message":"filter-parse: ","meta":{"userFields":["id"]},"module":"charts","submodule":"query","method":"","app":"main","reqId":"abe75eab-41c5-4319-88af-d9e21e0d2de6","dataSourceKey":"main","timestamp":"2025-04-30 05:07:25"}
{"level":"info","message":"filter-parse: ","meta":{"$user":{"id":1}},"module":"charts","submodule":"query","method":"","app":"main","reqId":"abe75eab-41c5-4319-88af-d9e21e0d2de6","dataSourceKey":"main","timestamp":"2025-04-30 05:07:25"}
{"level":"info","message":"filter-parse: ","meta":{"userFields":["id"]},"module":"charts","submodule":"query","method":"","app":"main","reqId":"d0f85169-abbe-4e09-aef3-0ad372fc91db","dataSourceKey":"main","timestamp":"2025-04-30 05:07:31"}
{"level":"info","message":"filter-parse: ","meta":{"$user":{"id":1}},"module":"charts","submodule":"query","method":"","app":"main","reqId":"d0f85169-abbe-4e09-aef3-0ad372fc91db","dataSourceKey":"main","timestamp":"2025-04-30 05:07:31"}
{"level":"info","message":"filter-parse: ","meta":{"userFields":["id"]},"module":"charts","submodule":"query","method":"","app":"main","reqId":"65151888-d163-46d8-a114-e6b163c2024d","dataSourceKey":"main","timestamp":"2025-04-30 05:11:24"}
{"level":"info","message":"filter-parse: ","meta":{"$user":{"id":1}},"module":"charts","submodule":"query","method":"","app":"main","reqId":"65151888-d163-46d8-a114-e6b163c2024d","dataSourceKey":"main","timestamp":"2025-04-30 05:11:24"}
{"level":"info","message":"filter-parse: ","meta":{"userFields":["id"]},"module":"charts","submodule":"query","method":"","app":"main","reqId":"8cd51a6c-1f3c-43e5-877d-5a141bd76f29","dataSourceKey":"main","timestamp":"2025-04-30 05:12:05"}
{"level":"info","message":"filter-parse: ","meta":{"$user":{"id":1}},"module":"charts","submodule":"query","method":"","app":"main","reqId":"8cd51a6c-1f3c-43e5-877d-5a141bd76f29","dataSourceKey":"main","timestamp":"2025-04-30 05:12:05"}
{"level":"info","message":"filter-parse: ","meta":{"userFields":["id"]},"module":"charts","submodule":"query","method":"","app":"main","reqId":"3029e1e3-281a-4406-ab40-4f6791b911c6","dataSourceKey":"main","timestamp":"2025-04-30 05:12:21"}
{"level":"info","message":"filter-parse: ","meta":{"$user":{"id":1}},"module":"charts","submodule":"query","method":"","app":"main","reqId":"3029e1e3-281a-4406-ab40-4f6791b911c6","dataSourceKey":"main","timestamp":"2025-04-30 05:12:21"}
{"level":"info","message":"filter-parse: ","meta":{"userFields":["id"]},"module":"charts","submodule":"query","method":"","app":"main","reqId":"1ac0a370-1942-4203-8a90-5bd394a01ce6","dataSourceKey":"main","timestamp":"2025-04-30 05:12:24"}
{"level":"info","message":"filter-parse: ","meta":{"$user":{"id":1}},"module":"charts","submodule":"query","method":"","app":"main","reqId":"1ac0a370-1942-4203-8a90-5bd394a01ce6","dataSourceKey":"main","timestamp":"2025-04-30 05:12:24"}
{"level":"info","message":"filter-parse: ","meta":{"userFields":["id"]},"module":"charts","submodule":"query","method":"","app":"main","reqId":"b8f17a31-3ba6-44de-a539-d9bf6bf59ab4","dataSourceKey":"main","timestamp":"2025-04-30 05:12:27"}
{"level":"info","message":"filter-parse: ","meta":{"$user":{"id":1}},"module":"charts","submodule":"query","method":"","app":"main","reqId":"b8f17a31-3ba6-44de-a539-d9bf6bf59ab4","dataSourceKey":"main","timestamp":"2025-04-30 05:12:27"}
{"level":"info","message":"filter-parse: ","meta":{"userFields":["id"]},"module":"charts","submodule":"query","method":"","app":"main","reqId":"e0f86490-2f57-44ca-8514-266702207679","dataSourceKey":"main","timestamp":"2025-04-30 05:13:03"}
{"level":"info","message":"filter-parse: ","meta":{"$user":{"id":1}},"module":"charts","submodule":"query","method":"","app":"main","reqId":"e0f86490-2f57-44ca-8514-266702207679","dataSourceKey":"main","timestamp":"2025-04-30 05:13:03"}
{"level":"info","message":"filter-parse: ","meta":{"userFields":["id"]},"module":"charts","submodule":"query","method":"","app":"main","reqId":"c68e9f61-f2d2-4d73-b762-29cdd8ec4116","dataSourceKey":"main","timestamp":"2025-04-30 05:13:48"}
{"level":"info","message":"filter-parse: ","meta":{"$user":{"id":1}},"module":"charts","submodule":"query","method":"","app":"main","reqId":"c68e9f61-f2d2-4d73-b762-29cdd8ec4116","dataSourceKey":"main","timestamp":"2025-04-30 05:13:48"}
{"level":"info","message":"filter-parse: ","meta":{"userFields":["id"]},"module":"charts","submodule":"query","method":"","app":"main","reqId":"23bee680-4e2e-4cca-ac6d-d25840ff67a3","dataSourceKey":"main","timestamp":"2025-04-30 05:14:13"}
{"level":"info","message":"filter-parse: ","meta":{"$user":{"id":1}},"module":"charts","submodule":"query","method":"","app":"main","reqId":"23bee680-4e2e-4cca-ac6d-d25840ff67a3","dataSourceKey":"main","timestamp":"2025-04-30 05:14:13"}
{"level":"info","message":"filter-parse: ","meta":{"userFields":["id"]},"module":"charts","submodule":"query","method":"","app":"main","reqId":"2d7cbfc6-be93-4569-a4dd-b1d286d55a3f","dataSourceKey":"main","timestamp":"2025-04-30 05:14:18"}
{"level":"info","message":"filter-parse: ","meta":{"$user":{"id":1}},"module":"charts","submodule":"query","method":"","app":"main","reqId":"2d7cbfc6-be93-4569-a4dd-b1d286d55a3f","dataSourceKey":"main","timestamp":"2025-04-30 05:14:18"}
{"level":"info","message":"filter-parse: ","meta":{"userFields":["id"]},"module":"charts","submodule":"query","method":"","app":"main","reqId":"b838dd33-9640-43af-9630-e332e0a4b5e4","dataSourceKey":"main","timestamp":"2025-04-30 05:15:19"}
{"level":"info","message":"filter-parse: ","meta":{"$user":{"id":1}},"module":"charts","submodule":"query","method":"","app":"main","reqId":"b838dd33-9640-43af-9630-e332e0a4b5e4","dataSourceKey":"main","timestamp":"2025-04-30 05:15:19"}
{"level":"info","message":"filter-parse: ","meta":{"userFields":["id"]},"module":"charts","submodule":"query","method":"","app":"main","reqId":"7b6b4eed-a964-4095-a9e5-e9d18e6e2d88","dataSourceKey":"main","timestamp":"2025-04-30 05:15:23"}
{"level":"info","message":"filter-parse: ","meta":{"$user":{"id":1}},"module":"charts","submodule":"query","method":"","app":"main","reqId":"7b6b4eed-a964-4095-a9e5-e9d18e6e2d88","dataSourceKey":"main","timestamp":"2025-04-30 05:15:23"}
{"level":"info","message":"filter-parse: ","meta":{"userFields":["id"]},"module":"charts","submodule":"query","method":"","app":"main","reqId":"f0f515fd-be55-4057-afa7-80c8088e601f","dataSourceKey":"main","timestamp":"2025-04-30 05:15:37"}
{"level":"info","message":"filter-parse: ","meta":{"$user":{"id":1}},"module":"charts","submodule":"query","method":"","app":"main","reqId":"f0f515fd-be55-4057-afa7-80c8088e601f","dataSourceKey":"main","timestamp":"2025-04-30 05:15:37"}
{"level":"info","message":"filter-parse: ","meta":{"userFields":["id"]},"module":"charts","submodule":"query","method":"","app":"main","reqId":"727f6700-134b-43e9-b725-72eae4af2f09","dataSourceKey":"main","timestamp":"2025-04-30 05:16:04"}
{"level":"info","message":"filter-parse: ","meta":{"$user":{"id":1}},"module":"charts","submodule":"query","method":"","app":"main","reqId":"727f6700-134b-43e9-b725-72eae4af2f09","dataSourceKey":"main","timestamp":"2025-04-30 05:16:04"}
{"level":"info","message":"filter-parse: ","meta":{"userFields":["id"]},"module":"charts","submodule":"query","method":"","app":"main","reqId":"e185873d-be62-43b4-8fb6-d4e65736cbe6","dataSourceKey":"main","timestamp":"2025-04-30 05:16:07"}
{"level":"info","message":"filter-parse: ","meta":{"$user":{"id":1}},"module":"charts","submodule":"query","method":"","app":"main","reqId":"e185873d-be62-43b4-8fb6-d4e65736cbe6","dataSourceKey":"main","timestamp":"2025-04-30 05:16:07"}
{"level":"info","message":"filter-parse: ","meta":{"userFields":["id"]},"module":"charts","submodule":"query","method":"","app":"main","reqId":"509514db-d727-4596-b691-68d0caa2081a","dataSourceKey":"main","timestamp":"2025-04-30 05:17:00"}
{"level":"info","message":"filter-parse: ","meta":{"$user":{"id":1}},"module":"charts","submodule":"query","method":"","app":"main","reqId":"509514db-d727-4596-b691-68d0caa2081a","dataSourceKey":"main","timestamp":"2025-04-30 05:17:00"}
{"level":"info","message":"filter-parse: ","meta":{"userFields":["id"]},"module":"charts","submodule":"query","method":"","app":"main","reqId":"417a689f-f150-4784-8554-ebe1f020f111","dataSourceKey":"main","timestamp":"2025-04-30 05:17:40"}
{"level":"info","message":"filter-parse: ","meta":{"$user":{"id":1}},"module":"charts","submodule":"query","method":"","app":"main","reqId":"417a689f-f150-4784-8554-ebe1f020f111","dataSourceKey":"main","timestamp":"2025-04-30 05:17:40"}
{"level":"info","message":"filter-parse: ","meta":{"userFields":["id"]},"module":"charts","submodule":"query","method":"","app":"main","reqId":"da055457-1f3c-4100-bfb0-c9b5cd0d9b6a","dataSourceKey":"main","timestamp":"2025-04-30 05:17:51"}
{"level":"info","message":"filter-parse: ","meta":{"userFields":["id"]},"module":"charts","submodule":"query","method":"","app":"main","reqId":"a37465d0-ec9b-49b3-855b-c085d2561581","dataSourceKey":"main","timestamp":"2025-04-30 05:17:51"}
{"level":"info","message":"filter-parse: ","meta":{"$user":{"id":1}},"module":"charts","submodule":"query","method":"","app":"main","reqId":"da055457-1f3c-4100-bfb0-c9b5cd0d9b6a","dataSourceKey":"main","timestamp":"2025-04-30 05:17:51"}
{"level":"info","message":"filter-parse: ","meta":{"$user":{"id":1}},"module":"charts","submodule":"query","method":"","app":"main","reqId":"a37465d0-ec9b-49b3-855b-c085d2561581","dataSourceKey":"main","timestamp":"2025-04-30 05:17:51"}
{"level":"info","message":"filter-parse: ","meta":{"userFields":["id"]},"module":"charts","submodule":"query","method":"","app":"main","reqId":"716981b7-bb1b-4bce-a1b0-2dee247f9670","dataSourceKey":"main","timestamp":"2025-04-30 05:19:31"}
{"level":"info","message":"filter-parse: ","meta":{"$user":{"id":1}},"module":"charts","submodule":"query","method":"","app":"main","reqId":"716981b7-bb1b-4bce-a1b0-2dee247f9670","dataSourceKey":"main","timestamp":"2025-04-30 05:19:31"}
{"level":"info","message":"filter-parse: ","meta":{"userFields":["id"]},"module":"charts","submodule":"query","method":"","app":"main","reqId":"e6bf0672-1101-4401-aba6-c7c275ff79ab","dataSourceKey":"main","timestamp":"2025-04-30 05:19:50"}
{"level":"info","message":"filter-parse: ","meta":{"$user":{"id":1}},"module":"charts","submodule":"query","method":"","app":"main","reqId":"e6bf0672-1101-4401-aba6-c7c275ff79ab","dataSourceKey":"main","timestamp":"2025-04-30 05:19:50"}
{"level":"info","message":"filter-parse: ","meta":{"userFields":["id"]},"module":"charts","submodule":"query","method":"","app":"main","reqId":"8bf6d210-1146-4a20-87a6-47716a340915","dataSourceKey":"main","timestamp":"2025-04-30 05:29:50"}
{"level":"info","message":"filter-parse: ","meta":{"$user":{"id":1}},"module":"charts","submodule":"query","method":"","app":"main","reqId":"8bf6d210-1146-4a20-87a6-47716a340915","dataSourceKey":"main","timestamp":"2025-04-30 05:29:50"}
{"level":"info","message":"parseJsonTemplate.raw","meta":{"$and":[{"coach_db":{"users_id":{"$eq":"{{$user.id}}"}}}]},"module":"attendance","submodule":"list","method":"","app":"main","reqId":"63af7572-25af-405e-b887-60e430dd35f6","dataSourceKey":"main","timestamp":"2025-04-30 05:30:01"}
{"level":"info","message":"filter-parse: ","meta":{"userFields":["id"]},"module":"attendance","submodule":"list","method":"","app":"main","reqId":"63af7572-25af-405e-b887-60e430dd35f6","dataSourceKey":"main","timestamp":"2025-04-30 05:30:01"}
{"level":"info","message":"filter-parse: ","meta":{"$user":{"id":2}},"module":"attendance","submodule":"list","method":"","app":"main","reqId":"63af7572-25af-405e-b887-60e430dd35f6","dataSourceKey":"main","timestamp":"2025-04-30 05:30:01"}
{"level":"info","message":"parseJsonTemplate.parsed","meta":{"$and":[{"coach_db":{"users_id":{"$eq":2}}}]},"module":"attendance","submodule":"list","method":"","app":"main","reqId":"63af7572-25af-405e-b887-60e430dd35f6","dataSourceKey":"main","timestamp":"2025-04-30 05:30:01"}
{"level":"info","message":"filter-parse: ","meta":{"userFields":["id"]},"module":"charts","submodule":"query","method":"","app":"main","reqId":"b7c6955a-4ae7-4d60-9b6b-27e063131890","dataSourceKey":"main","timestamp":"2025-04-30 05:30:01"}
{"level":"info","message":"filter-parse: ","meta":{"userFields":["id"]},"module":"charts","submodule":"query","method":"","app":"main","reqId":"a1474c13-fa82-4e19-839c-1fe50d9d585a","dataSourceKey":"main","timestamp":"2025-04-30 05:30:01"}
{"level":"info","message":"filter-parse: ","meta":{"$user":{"id":2}},"module":"charts","submodule":"query","method":"","app":"main","reqId":"b7c6955a-4ae7-4d60-9b6b-27e063131890","dataSourceKey":"main","timestamp":"2025-04-30 05:30:01"}
{"level":"info","message":"filter-parse: ","meta":{"$user":{"id":2}},"module":"charts","submodule":"query","method":"","app":"main","reqId":"a1474c13-fa82-4e19-839c-1fe50d9d585a","dataSourceKey":"main","timestamp":"2025-04-30 05:30:01"}
{"level":"info","message":"filter-parse: ","meta":{"userFields":["id"]},"module":"charts","submodule":"query","method":"","app":"main","reqId":"8f347dd1-32e1-4470-82cb-ca150dea3a1f","dataSourceKey":"main","timestamp":"2025-04-30 05:30:14"}
{"level":"info","message":"filter-parse: ","meta":{"userFields":["id"]},"module":"charts","submodule":"query","method":"","app":"main","reqId":"df27a42d-124c-450f-91f6-0de7e87b74b8","dataSourceKey":"main","timestamp":"2025-04-30 05:30:14"}
{"level":"info","message":"filter-parse: ","meta":{"$user":{"id":1}},"module":"charts","submodule":"query","method":"","app":"main","reqId":"8f347dd1-32e1-4470-82cb-ca150dea3a1f","dataSourceKey":"main","timestamp":"2025-04-30 05:30:14"}
{"level":"info","message":"filter-parse: ","meta":{"$user":{"id":1}},"module":"charts","submodule":"query","method":"","app":"main","reqId":"df27a42d-124c-450f-91f6-0de7e87b74b8","dataSourceKey":"main","timestamp":"2025-04-30 05:30:14"}
{"level":"info","message":"filter-parse: ","meta":{"userFields":["id"]},"module":"charts","submodule":"query","method":"","app":"main","reqId":"c206dd70-235d-469c-8530-1ac0e35626c0","dataSourceKey":"main","timestamp":"2025-04-30 05:30:18"}
{"level":"info","message":"filter-parse: ","meta":{"userFields":["id"]},"module":"charts","submodule":"query","method":"","app":"main","reqId":"7a39d488-abb4-4ecc-b950-ac2a7f47493b","dataSourceKey":"main","timestamp":"2025-04-30 05:30:18"}
{"level":"info","message":"filter-parse: ","meta":{"$user":{"id":1}},"module":"charts","submodule":"query","method":"","app":"main","reqId":"c206dd70-235d-469c-8530-1ac0e35626c0","dataSourceKey":"main","timestamp":"2025-04-30 05:30:18"}
{"level":"info","message":"filter-parse: ","meta":{"$user":{"id":1}},"module":"charts","submodule":"query","method":"","app":"main","reqId":"7a39d488-abb4-4ecc-b950-ac2a7f47493b","dataSourceKey":"main","timestamp":"2025-04-30 05:30:18"}
{"level":"info","message":"filter-parse: ","meta":{"userFields":["id"]},"module":"charts","submodule":"query","method":"","app":"main","reqId":"a00c5c53-9459-4417-96a1-d25f9a61a933","dataSourceKey":"main","timestamp":"2025-04-30 05:32:33"}
{"level":"info","message":"filter-parse: ","meta":{"$user":{"id":1}},"module":"charts","submodule":"query","method":"","app":"main","reqId":"a00c5c53-9459-4417-96a1-d25f9a61a933","dataSourceKey":"main","timestamp":"2025-04-30 05:32:33"}
{"level":"info","message":"filter-parse: ","meta":{"userFields":["id"]},"module":"charts","submodule":"query","method":"","app":"main","reqId":"461f0054-02bf-45d9-8adc-10370b2fd81d","dataSourceKey":"main","timestamp":"2025-04-30 05:33:00"}
{"level":"info","message":"filter-parse: ","meta":{"$user":{"id":1}},"module":"charts","submodule":"query","method":"","app":"main","reqId":"461f0054-02bf-45d9-8adc-10370b2fd81d","dataSourceKey":"main","timestamp":"2025-04-30 05:33:00"}
{"level":"info","message":"filter-parse: ","meta":{"userFields":["id"]},"module":"charts","submodule":"query","method":"","app":"main","reqId":"eeaa5a19-7159-4feb-90da-3ab2b6f7d3d2","dataSourceKey":"main","timestamp":"2025-04-30 05:33:27"}
{"level":"info","message":"filter-parse: ","meta":{"$user":{"id":1}},"module":"charts","submodule":"query","method":"","app":"main","reqId":"eeaa5a19-7159-4feb-90da-3ab2b6f7d3d2","dataSourceKey":"main","timestamp":"2025-04-30 05:33:27"}
{"level":"info","message":"filter-parse: ","meta":{"userFields":["id"]},"module":"charts","submodule":"query","method":"","app":"main","reqId":"e17a6f3e-5a92-4f19-b149-27ca516b34a7","dataSourceKey":"main","timestamp":"2025-04-30 05:33:34"}
{"level":"info","message":"filter-parse: ","meta":{"$user":{"id":1}},"module":"charts","submodule":"query","method":"","app":"main","reqId":"e17a6f3e-5a92-4f19-b149-27ca516b34a7","dataSourceKey":"main","timestamp":"2025-04-30 05:33:34"}
{"level":"info","message":"filter-parse: ","meta":{"userFields":["id"]},"module":"charts","submodule":"query","method":"","app":"main","reqId":"6d7f2ae6-d100-4b50-ad74-0051d46834b9","dataSourceKey":"main","timestamp":"2025-04-30 05:35:13"}
{"level":"info","message":"filter-parse: ","meta":{"$user":{"id":1}},"module":"charts","submodule":"query","method":"","app":"main","reqId":"6d7f2ae6-d100-4b50-ad74-0051d46834b9","dataSourceKey":"main","timestamp":"2025-04-30 05:35:13"}
{"level":"info","message":"filter-parse: ","meta":{"userFields":["id"]},"module":"charts","submodule":"query","method":"","app":"main","reqId":"cc20ae2b-2fce-4fa4-8dde-47024d654345","dataSourceKey":"main","timestamp":"2025-04-30 05:35:15"}
{"level":"info","message":"filter-parse: ","meta":{"$user":{"id":1}},"module":"charts","submodule":"query","method":"","app":"main","reqId":"cc20ae2b-2fce-4fa4-8dde-47024d654345","dataSourceKey":"main","timestamp":"2025-04-30 05:35:15"}
{"level":"info","message":"filter-parse: ","meta":{"userFields":["id"]},"module":"charts","submodule":"query","method":"","app":"main","reqId":"d82b2193-209a-4102-a212-209660416cd9","dataSourceKey":"main","timestamp":"2025-04-30 05:35:19"}
{"level":"info","message":"filter-parse: ","meta":{"userFields":["id"]},"module":"charts","submodule":"query","method":"","app":"main","reqId":"3b59a412-a06f-42b3-b30c-b62a1a5bdd25","dataSourceKey":"main","timestamp":"2025-04-30 05:35:19"}
{"level":"info","message":"filter-parse: ","meta":{"$user":{"id":1}},"module":"charts","submodule":"query","method":"","app":"main","reqId":"3b59a412-a06f-42b3-b30c-b62a1a5bdd25","dataSourceKey":"main","timestamp":"2025-04-30 05:35:19"}
{"level":"info","message":"filter-parse: ","meta":{"$user":{"id":1}},"module":"charts","submodule":"query","method":"","app":"main","reqId":"d82b2193-209a-4102-a212-209660416cd9","dataSourceKey":"main","timestamp":"2025-04-30 05:35:19"}
{"level":"info","message":"filter-parse: ","meta":{"userFields":["id"]},"module":"charts","submodule":"query","method":"","app":"main","reqId":"ba289501-faa9-4f6c-8631-524e235673e4","dataSourceKey":"main","timestamp":"2025-04-30 07:11:27"}
{"level":"info","message":"filter-parse: ","meta":{"userFields":["id"]},"module":"charts","submodule":"query","method":"","app":"main","reqId":"eea1f68d-8630-4125-b2b1-2169bc3451e4","dataSourceKey":"main","timestamp":"2025-04-30 07:11:27"}
{"level":"info","message":"filter-parse: ","meta":{"$user":{"id":1}},"module":"charts","submodule":"query","method":"","app":"main","reqId":"eea1f68d-8630-4125-b2b1-2169bc3451e4","dataSourceKey":"main","timestamp":"2025-04-30 07:11:27"}
{"level":"info","message":"filter-parse: ","meta":{"$user":{"id":1}},"module":"charts","submodule":"query","method":"","app":"main","reqId":"ba289501-faa9-4f6c-8631-524e235673e4","dataSourceKey":"main","timestamp":"2025-04-30 07:11:27"}
{"level":"info","message":"filter-parse: ","meta":{"userFields":["id"]},"module":"charts","submodule":"query","method":"","app":"main","reqId":"6d44a49a-99a7-45b6-9b33-d8a38f1ebeb9","dataSourceKey":"main","timestamp":"2025-04-30 07:16:39"}
{"level":"info","message":"filter-parse: ","meta":{"$user":{"id":1}},"module":"charts","submodule":"query","method":"","app":"main","reqId":"6d44a49a-99a7-45b6-9b33-d8a38f1ebeb9","dataSourceKey":"main","timestamp":"2025-04-30 07:16:39"}
{"level":"info","message":"filter-parse: ","meta":{"userFields":["id"]},"module":"charts","submodule":"query","method":"","app":"main","reqId":"51cf2f88-ddfe-4e5f-ad58-23fc20ff7aec","dataSourceKey":"main","timestamp":"2025-04-30 07:16:39"}
{"level":"info","message":"filter-parse: ","meta":{"$user":{"id":1}},"module":"charts","submodule":"query","method":"","app":"main","reqId":"51cf2f88-ddfe-4e5f-ad58-23fc20ff7aec","dataSourceKey":"main","timestamp":"2025-04-30 07:16:39"}
{"level":"info","message":"filter-parse: ","meta":{"userFields":["id"]},"module":"charts","submodule":"query","method":"","app":"main","reqId":"a74ffa28-2b48-46cb-a777-73d5bb36ee84","dataSourceKey":"main","timestamp":"2025-04-30 07:20:04"}
{"level":"info","message":"filter-parse: ","meta":{"userFields":["id"]},"module":"charts","submodule":"query","method":"","app":"main","reqId":"fe2848bb-d7d2-4b4d-8bff-96ff51585515","dataSourceKey":"main","timestamp":"2025-04-30 07:20:04"}
{"level":"info","message":"filter-parse: ","meta":{"$user":{"id":1}},"module":"charts","submodule":"query","method":"","app":"main","reqId":"a74ffa28-2b48-46cb-a777-73d5bb36ee84","dataSourceKey":"main","timestamp":"2025-04-30 07:20:04"}
{"level":"info","message":"filter-parse: ","meta":{"$user":{"id":1}},"module":"charts","submodule":"query","method":"","app":"main","reqId":"fe2848bb-d7d2-4b4d-8bff-96ff51585515","dataSourceKey":"main","timestamp":"2025-04-30 07:20:04"}
{"level":"info","message":"filter-parse: ","meta":{"userFields":["id"]},"module":"charts","submodule":"query","method":"","app":"main","reqId":"41a6ef5a-88b1-47ad-9256-f74a93841d1f","dataSourceKey":"main","timestamp":"2025-04-30 07:21:43"}
{"level":"info","message":"filter-parse: ","meta":{"userFields":["id"]},"module":"charts","submodule":"query","method":"","app":"main","reqId":"67afd8b6-2289-4ecc-a033-6229bf52839b","dataSourceKey":"main","timestamp":"2025-04-30 07:21:43"}
{"level":"info","message":"filter-parse: ","meta":{"$user":{"id":1}},"module":"charts","submodule":"query","method":"","app":"main","reqId":"41a6ef5a-88b1-47ad-9256-f74a93841d1f","dataSourceKey":"main","timestamp":"2025-04-30 07:21:43"}
{"level":"info","message":"filter-parse: ","meta":{"$user":{"id":1}},"module":"charts","submodule":"query","method":"","app":"main","reqId":"67afd8b6-2289-4ecc-a033-6229bf52839b","dataSourceKey":"main","timestamp":"2025-04-30 07:21:43"}
{"level":"info","message":"filter-parse: ","meta":{"userFields":["id"]},"module":"charts","submodule":"query","method":"","app":"main","reqId":"3141921a-f2c4-41b7-bffb-193f3faf9ddc","dataSourceKey":"main","timestamp":"2025-04-30 07:26:05"}
{"level":"info","message":"filter-parse: ","meta":{"userFields":["id"]},"module":"charts","submodule":"query","method":"","app":"main","reqId":"896420c5-e671-4146-adfb-b4c66b9874c7","dataSourceKey":"main","timestamp":"2025-04-30 07:26:05"}
{"level":"info","message":"filter-parse: ","meta":{"$user":{"id":1}},"module":"charts","submodule":"query","method":"","app":"main","reqId":"3141921a-f2c4-41b7-bffb-193f3faf9ddc","dataSourceKey":"main","timestamp":"2025-04-30 07:26:05"}
{"level":"info","message":"filter-parse: ","meta":{"$user":{"id":1}},"module":"charts","submodule":"query","method":"","app":"main","reqId":"896420c5-e671-4146-adfb-b4c66b9874c7","dataSourceKey":"main","timestamp":"2025-04-30 07:26:05"}
{"level":"info","message":"parseJsonTemplate.raw","meta":{"$and":[{"coach_db":{"users_id":{"$eq":"{{$user.id}}"}}}]},"module":"attendance","submodule":"list","method":"","app":"main","reqId":"d357a900-026e-47cc-acde-7f5c0f00d28b","dataSourceKey":"main","timestamp":"2025-04-30 07:26:16"}
{"level":"info","message":"filter-parse: ","meta":{"userFields":["id"]},"module":"attendance","submodule":"list","method":"","app":"main","reqId":"d357a900-026e-47cc-acde-7f5c0f00d28b","dataSourceKey":"main","timestamp":"2025-04-30 07:26:16"}
{"level":"info","message":"filter-parse: ","meta":{"$user":{"id":2}},"module":"attendance","submodule":"list","method":"","app":"main","reqId":"d357a900-026e-47cc-acde-7f5c0f00d28b","dataSourceKey":"main","timestamp":"2025-04-30 07:26:16"}
{"level":"info","message":"parseJsonTemplate.parsed","meta":{"$and":[{"coach_db":{"users_id":{"$eq":2}}}]},"module":"attendance","submodule":"list","method":"","app":"main","reqId":"d357a900-026e-47cc-acde-7f5c0f00d28b","dataSourceKey":"main","timestamp":"2025-04-30 07:26:16"}
{"level":"info","message":"filter-parse: ","meta":{"userFields":["id"]},"module":"charts","submodule":"query","method":"","app":"main","reqId":"bf5f939b-4066-470d-9bd8-322f7ad143f7","dataSourceKey":"main","timestamp":"2025-04-30 07:26:16"}
{"level":"info","message":"filter-parse: ","meta":{"$user":{"id":2}},"module":"charts","submodule":"query","method":"","app":"main","reqId":"bf5f939b-4066-470d-9bd8-322f7ad143f7","dataSourceKey":"main","timestamp":"2025-04-30 07:26:16"}
{"level":"info","message":"filter-parse: ","meta":{"userFields":["id"]},"module":"charts","submodule":"query","method":"","app":"main","reqId":"9352d445-13ca-4188-ad32-ab864baf2381","dataSourceKey":"main","timestamp":"2025-04-30 07:26:16"}
{"level":"info","message":"filter-parse: ","meta":{"$user":{"id":2}},"module":"charts","submodule":"query","method":"","app":"main","reqId":"9352d445-13ca-4188-ad32-ab864baf2381","dataSourceKey":"main","timestamp":"2025-04-30 07:26:16"}
{"level":"info","message":"filter-parse: ","meta":{"userFields":["id"]},"module":"charts","submodule":"query","method":"","app":"main","reqId":"db9141c1-104d-4b01-8938-ab53641b9ce4","dataSourceKey":"main","timestamp":"2025-04-30 07:28:35"}
{"level":"info","message":"filter-parse: ","meta":{"userFields":["id"]},"module":"charts","submodule":"query","method":"","app":"main","reqId":"6a34fc57-ef23-4046-b5f1-fbb67b6d14b3","dataSourceKey":"main","timestamp":"2025-04-30 07:28:35"}
{"level":"info","message":"filter-parse: ","meta":{"$user":{"id":1}},"module":"charts","submodule":"query","method":"","app":"main","reqId":"db9141c1-104d-4b01-8938-ab53641b9ce4","dataSourceKey":"main","timestamp":"2025-04-30 07:28:35"}
{"level":"info","message":"filter-parse: ","meta":{"$user":{"id":1}},"module":"charts","submodule":"query","method":"","app":"main","reqId":"6a34fc57-ef23-4046-b5f1-fbb67b6d14b3","dataSourceKey":"main","timestamp":"2025-04-30 07:28:35"}
{"level":"info","message":"filter-parse: ","meta":{"userFields":["id"]},"module":"charts","submodule":"query","method":"","app":"main","reqId":"7e48c277-a8d2-4848-8ca4-6966f2ec7e83","dataSourceKey":"main","timestamp":"2025-04-30 07:28:39"}
{"level":"info","message":"filter-parse: ","meta":{"$user":{"id":1}},"module":"charts","submodule":"query","method":"","app":"main","reqId":"7e48c277-a8d2-4848-8ca4-6966f2ec7e83","dataSourceKey":"main","timestamp":"2025-04-30 07:28:39"}
{"level":"info","message":"filter-parse: ","meta":{"userFields":["id"]},"module":"charts","submodule":"query","method":"","app":"main","reqId":"b538b3eb-ed2d-4414-96df-14e27d797ce4","dataSourceKey":"main","timestamp":"2025-04-30 07:28:39"}
{"level":"info","message":"filter-parse: ","meta":{"$user":{"id":1}},"module":"charts","submodule":"query","method":"","app":"main","reqId":"b538b3eb-ed2d-4414-96df-14e27d797ce4","dataSourceKey":"main","timestamp":"2025-04-30 07:28:39"}
{"level":"info","message":"filter-parse: ","meta":{"userFields":["id"]},"module":"charts","submodule":"query","method":"","app":"main","reqId":"9e2c6d93-0300-499f-9ba2-04f6b68fbc50","dataSourceKey":"main","timestamp":"2025-04-30 07:29:17"}
{"level":"info","message":"filter-parse: ","meta":{"userFields":["id"]},"module":"charts","submodule":"query","method":"","app":"main","reqId":"5fe619df-3f13-46c4-a4f3-7ca2ba262cde","dataSourceKey":"main","timestamp":"2025-04-30 07:29:17"}
{"level":"info","message":"filter-parse: ","meta":{"$user":{"id":1}},"module":"charts","submodule":"query","method":"","app":"main","reqId":"9e2c6d93-0300-499f-9ba2-04f6b68fbc50","dataSourceKey":"main","timestamp":"2025-04-30 07:29:17"}
{"level":"info","message":"filter-parse: ","meta":{"$user":{"id":1}},"module":"charts","submodule":"query","method":"","app":"main","reqId":"5fe619df-3f13-46c4-a4f3-7ca2ba262cde","dataSourceKey":"main","timestamp":"2025-04-30 07:29:17"}
{"level":"info","message":"filter-parse: ","meta":{"userFields":["id"]},"module":"charts","submodule":"query","method":"","app":"main","reqId":"031361eb-b4c7-45eb-a71b-1186ff8d163f","dataSourceKey":"main","timestamp":"2025-04-30 07:33:13"}
{"level":"info","message":"filter-parse: ","meta":{"userFields":["id"]},"module":"charts","submodule":"query","method":"","app":"main","reqId":"ca9f49bd-850c-4670-88df-3eba60072b59","dataSourceKey":"main","timestamp":"2025-04-30 07:33:13"}
{"level":"info","message":"filter-parse: ","meta":{"$user":{"id":1}},"module":"charts","submodule":"query","method":"","app":"main","reqId":"031361eb-b4c7-45eb-a71b-1186ff8d163f","dataSourceKey":"main","timestamp":"2025-04-30 07:33:13"}
{"level":"info","message":"filter-parse: ","meta":{"$user":{"id":1}},"module":"charts","submodule":"query","method":"","app":"main","reqId":"ca9f49bd-850c-4670-88df-3eba60072b59","dataSourceKey":"main","timestamp":"2025-04-30 07:33:13"}
{"level":"info","message":"filter-parse: ","meta":{"userFields":["id"]},"module":"charts","submodule":"query","method":"","app":"main","reqId":"466e29cc-42a8-4e75-8b63-b7fddea73107","dataSourceKey":"main","timestamp":"2025-04-30 07:33:19"}
{"level":"info","message":"filter-parse: ","meta":{"userFields":["id"]},"module":"charts","submodule":"query","method":"","app":"main","reqId":"2365acd1-2add-47c9-8cdb-cae7cd3df664","dataSourceKey":"main","timestamp":"2025-04-30 07:33:19"}
{"level":"info","message":"filter-parse: ","meta":{"$user":{"id":1}},"module":"charts","submodule":"query","method":"","app":"main","reqId":"466e29cc-42a8-4e75-8b63-b7fddea73107","dataSourceKey":"main","timestamp":"2025-04-30 07:33:19"}
{"level":"info","message":"filter-parse: ","meta":{"$user":{"id":1}},"module":"charts","submodule":"query","method":"","app":"main","reqId":"2365acd1-2add-47c9-8cdb-cae7cd3df664","dataSourceKey":"main","timestamp":"2025-04-30 07:33:19"}
{"level":"info","message":"filter-parse: ","meta":{"userFields":["id"]},"module":"charts","submodule":"query","method":"","app":"main","reqId":"52476b87-de34-476d-8c80-d5a633fc1820","dataSourceKey":"main","timestamp":"2025-04-30 07:35:06"}
{"level":"info","message":"filter-parse: ","meta":{"userFields":["id"]},"module":"charts","submodule":"query","method":"","app":"main","reqId":"c3f4f212-d3d2-4f69-a80d-36dbaea3451b","dataSourceKey":"main","timestamp":"2025-04-30 07:35:06"}
{"level":"info","message":"filter-parse: ","meta":{"$user":{"id":1}},"module":"charts","submodule":"query","method":"","app":"main","reqId":"52476b87-de34-476d-8c80-d5a633fc1820","dataSourceKey":"main","timestamp":"2025-04-30 07:35:06"}
{"level":"info","message":"filter-parse: ","meta":{"$user":{"id":1}},"module":"charts","submodule":"query","method":"","app":"main","reqId":"c3f4f212-d3d2-4f69-a80d-36dbaea3451b","dataSourceKey":"main","timestamp":"2025-04-30 07:35:06"}
{"level":"info","message":"filter-parse: ","meta":{"userFields":["id"]},"module":"charts","submodule":"query","method":"","app":"main","reqId":"168b9bc1-96df-4cc7-b33c-395e84517693","dataSourceKey":"main","timestamp":"2025-04-30 07:38:17"}
{"level":"info","message":"filter-parse: ","meta":{"userFields":["id"]},"module":"charts","submodule":"query","method":"","app":"main","reqId":"d15b5ead-1aa0-454e-b140-d603e27cf1d9","dataSourceKey":"main","timestamp":"2025-04-30 07:38:17"}
{"level":"info","message":"filter-parse: ","meta":{"$user":{"id":1}},"module":"charts","submodule":"query","method":"","app":"main","reqId":"168b9bc1-96df-4cc7-b33c-395e84517693","dataSourceKey":"main","timestamp":"2025-04-30 07:38:17"}
{"level":"info","message":"filter-parse: ","meta":{"$user":{"id":1}},"module":"charts","submodule":"query","method":"","app":"main","reqId":"d15b5ead-1aa0-454e-b140-d603e27cf1d9","dataSourceKey":"main","timestamp":"2025-04-30 07:38:17"}
{"level":"info","message":"filter-parse: ","meta":{"userFields":["id"]},"module":"charts","submodule":"query","method":"","app":"main","reqId":"53bdedb7-d5c1-44a8-ae7c-f121b763af00","dataSourceKey":"main","timestamp":"2025-04-30 07:38:38"}
{"level":"info","message":"filter-parse: ","meta":{"userFields":["id"]},"module":"charts","submodule":"query","method":"","app":"main","reqId":"ba499061-5322-4973-8928-3ed29d215d61","dataSourceKey":"main","timestamp":"2025-04-30 07:38:38"}
{"level":"info","message":"filter-parse: ","meta":{"$user":{"id":1}},"module":"charts","submodule":"query","method":"","app":"main","reqId":"53bdedb7-d5c1-44a8-ae7c-f121b763af00","dataSourceKey":"main","timestamp":"2025-04-30 07:38:38"}
{"level":"info","message":"filter-parse: ","meta":{"$user":{"id":1}},"module":"charts","submodule":"query","method":"","app":"main","reqId":"ba499061-5322-4973-8928-3ed29d215d61","dataSourceKey":"main","timestamp":"2025-04-30 07:38:38"}
{"level":"info","message":"filter-parse: ","meta":{"userFields":["id"]},"module":"charts","submodule":"query","method":"","app":"main","reqId":"68db1655-adf7-41ed-aa67-cdc1b704e7b7","dataSourceKey":"main","timestamp":"2025-04-30 07:38:47"}
{"level":"info","message":"filter-parse: ","meta":{"userFields":["id"]},"module":"charts","submodule":"query","method":"","app":"main","reqId":"19908c8e-e585-4143-baa6-0c0686be21f6","dataSourceKey":"main","timestamp":"2025-04-30 07:38:47"}
{"level":"info","message":"filter-parse: ","meta":{"$user":{"id":1}},"module":"charts","submodule":"query","method":"","app":"main","reqId":"68db1655-adf7-41ed-aa67-cdc1b704e7b7","dataSourceKey":"main","timestamp":"2025-04-30 07:38:47"}
{"level":"info","message":"filter-parse: ","meta":{"$user":{"id":1}},"module":"charts","submodule":"query","method":"","app":"main","reqId":"19908c8e-e585-4143-baa6-0c0686be21f6","dataSourceKey":"main","timestamp":"2025-04-30 07:38:47"}
{"level":"info","message":"filter-parse: ","meta":{"userFields":["id"]},"module":"charts","submodule":"query","method":"","app":"main","reqId":"ee52b2c2-fe6b-42e2-b3f1-ee70857f9287","dataSourceKey":"main","timestamp":"2025-04-30 07:38:52"}
{"level":"info","message":"filter-parse: ","meta":{"userFields":["id"]},"module":"charts","submodule":"query","method":"","app":"main","reqId":"c0005396-14b0-4250-a3ee-a3014fde439f","dataSourceKey":"main","timestamp":"2025-04-30 07:38:52"}
{"level":"info","message":"filter-parse: ","meta":{"$user":{"id":1}},"module":"charts","submodule":"query","method":"","app":"main","reqId":"ee52b2c2-fe6b-42e2-b3f1-ee70857f9287","dataSourceKey":"main","timestamp":"2025-04-30 07:38:52"}
{"level":"info","message":"filter-parse: ","meta":{"$user":{"id":1}},"module":"charts","submodule":"query","method":"","app":"main","reqId":"c0005396-14b0-4250-a3ee-a3014fde439f","dataSourceKey":"main","timestamp":"2025-04-30 07:38:52"}
{"level":"info","message":"filter-parse: ","meta":{"userFields":["id"]},"module":"charts","submodule":"query","method":"","app":"main","reqId":"b0d57702-ab82-46a4-ba4c-b40b545432ac","dataSourceKey":"main","timestamp":"2025-04-30 07:39:11"}
{"level":"info","message":"filter-parse: ","meta":{"userFields":["id"]},"module":"charts","submodule":"query","method":"","app":"main","reqId":"66de72db-d636-4736-8e17-986d49c8398b","dataSourceKey":"main","timestamp":"2025-04-30 07:39:11"}
{"level":"info","message":"filter-parse: ","meta":{"$user":{"id":1}},"module":"charts","submodule":"query","method":"","app":"main","reqId":"b0d57702-ab82-46a4-ba4c-b40b545432ac","dataSourceKey":"main","timestamp":"2025-04-30 07:39:11"}
{"level":"info","message":"filter-parse: ","meta":{"$user":{"id":1}},"module":"charts","submodule":"query","method":"","app":"main","reqId":"66de72db-d636-4736-8e17-986d49c8398b","dataSourceKey":"main","timestamp":"2025-04-30 07:39:11"}
{"level":"info","message":"filter-parse: ","meta":{"userFields":["id"]},"module":"charts","submodule":"query","method":"","app":"main","reqId":"fc98b0f6-3ac8-4235-842c-4ed366e3dcd7","dataSourceKey":"main","timestamp":"2025-04-30 07:42:31"}
{"level":"info","message":"filter-parse: ","meta":{"userFields":["id"]},"module":"charts","submodule":"query","method":"","app":"main","reqId":"db93e603-f85a-4839-b237-7a18657b6eae","dataSourceKey":"main","timestamp":"2025-04-30 07:42:31"}
{"level":"info","message":"filter-parse: ","meta":{"$user":{"id":1}},"module":"charts","submodule":"query","method":"","app":"main","reqId":"fc98b0f6-3ac8-4235-842c-4ed366e3dcd7","dataSourceKey":"main","timestamp":"2025-04-30 07:42:31"}
{"level":"info","message":"filter-parse: ","meta":{"$user":{"id":1}},"module":"charts","submodule":"query","method":"","app":"main","reqId":"db93e603-f85a-4839-b237-7a18657b6eae","dataSourceKey":"main","timestamp":"2025-04-30 07:42:31"}
{"level":"info","message":"filter-parse: ","meta":{"userFields":["id"]},"module":"charts","submodule":"query","method":"","app":"main","reqId":"13db15de-91db-4a4b-9644-7694710d2ac1","dataSourceKey":"main","timestamp":"2025-04-30 07:46:02"}
{"level":"info","message":"filter-parse: ","meta":{"$user":{"id":1}},"module":"charts","submodule":"query","method":"","app":"main","reqId":"13db15de-91db-4a4b-9644-7694710d2ac1","dataSourceKey":"main","timestamp":"2025-04-30 07:46:02"}
{"level":"info","message":"filter-parse: ","meta":{"userFields":["id"]},"module":"charts","submodule":"query","method":"","app":"main","reqId":"76a44b34-71bb-4d84-b4ed-0293521b560e","dataSourceKey":"main","timestamp":"2025-04-30 07:46:02"}
{"level":"info","message":"filter-parse: ","meta":{"$user":{"id":1}},"module":"charts","submodule":"query","method":"","app":"main","reqId":"76a44b34-71bb-4d84-b4ed-0293521b560e","dataSourceKey":"main","timestamp":"2025-04-30 07:46:02"}
{"level":"info","message":"filter-parse: ","meta":{"userFields":["id"]},"module":"charts","submodule":"query","method":"","app":"main","reqId":"cabc6d3b-a67c-4614-8301-66c9063f8169","dataSourceKey":"main","timestamp":"2025-04-30 07:46:23"}
{"level":"info","message":"filter-parse: ","meta":{"$user":{"id":1}},"module":"charts","submodule":"query","method":"","app":"main","reqId":"cabc6d3b-a67c-4614-8301-66c9063f8169","dataSourceKey":"main","timestamp":"2025-04-30 07:46:23"}
{"level":"info","message":"filter-parse: ","meta":{"userFields":["id"]},"module":"charts","submodule":"query","method":"","app":"main","reqId":"d2c2488b-8b74-41ff-af73-869ca2f45969","dataSourceKey":"main","timestamp":"2025-04-30 07:46:23"}
{"level":"info","message":"filter-parse: ","meta":{"$user":{"id":1}},"module":"charts","submodule":"query","method":"","app":"main","reqId":"d2c2488b-8b74-41ff-af73-869ca2f45969","dataSourceKey":"main","timestamp":"2025-04-30 07:46:23"}
{"level":"info","message":"Start sync localization resources","meta":{},"module":"localization","submodule":"sync","method":"","app":"main","reqId":"7445cc9f-d28f-4327-bd0a-06b0210cac98","dataSourceKey":"main","timestamp":"2025-04-30 07:47:11"}
{"level":"info","message":"Sync localization resources done, 380ms","meta":{},"module":"localization","submodule":"sync","method":"","app":"main","reqId":"7445cc9f-d28f-4327-bd0a-06b0210cac98","dataSourceKey":"main","timestamp":"2025-04-30 07:47:12"}
{"level":"info","message":"Start sync localization resources","meta":{},"module":"localization","submodule":"sync","method":"","app":"main","reqId":"963105fd-061e-42d1-a221-3e7279ec8d5c","dataSourceKey":"main","timestamp":"2025-04-30 07:47:13"}
{"level":"info","message":"Sync localization resources done, 55ms","meta":{},"module":"localization","submodule":"sync","method":"","app":"main","reqId":"963105fd-061e-42d1-a221-3e7279ec8d5c","dataSourceKey":"main","timestamp":"2025-04-30 07:47:13"}
{"level":"info","message":"filter-parse: ","meta":{"userFields":["id"]},"module":"charts","submodule":"query","method":"","app":"main","reqId":"384cc59c-467b-4b13-b78e-c2bea8b39690","dataSourceKey":"main","timestamp":"2025-04-30 07:49:03"}
{"level":"info","message":"filter-parse: ","meta":{"userFields":["id"]},"module":"charts","submodule":"query","method":"","app":"main","reqId":"ccfa9eee-c369-4390-b439-e7a0a45a2a8a","dataSourceKey":"main","timestamp":"2025-04-30 07:49:03"}
{"level":"info","message":"filter-parse: ","meta":{"$user":{"id":1}},"module":"charts","submodule":"query","method":"","app":"main","reqId":"384cc59c-467b-4b13-b78e-c2bea8b39690","dataSourceKey":"main","timestamp":"2025-04-30 07:49:03"}
{"level":"info","message":"filter-parse: ","meta":{"$user":{"id":1}},"module":"charts","submodule":"query","method":"","app":"main","reqId":"ccfa9eee-c369-4390-b439-e7a0a45a2a8a","dataSourceKey":"main","timestamp":"2025-04-30 07:49:03"}
{"level":"info","message":"filter-parse: ","meta":{"userFields":["id"]},"module":"charts","submodule":"query","method":"","app":"main","reqId":"75c5fcbf-ccaa-45ed-87c9-973187fa2711","dataSourceKey":"main","timestamp":"2025-04-30 07:49:07"}
{"level":"info","message":"filter-parse: ","meta":{"userFields":["id"]},"module":"charts","submodule":"query","method":"","app":"main","reqId":"5222d0b5-3686-4ba4-b3b8-1da2a2cb9fbb","dataSourceKey":"main","timestamp":"2025-04-30 07:49:07"}
{"level":"info","message":"filter-parse: ","meta":{"$user":{"id":1}},"module":"charts","submodule":"query","method":"","app":"main","reqId":"75c5fcbf-ccaa-45ed-87c9-973187fa2711","dataSourceKey":"main","timestamp":"2025-04-30 07:49:07"}
{"level":"info","message":"filter-parse: ","meta":{"$user":{"id":1}},"module":"charts","submodule":"query","method":"","app":"main","reqId":"5222d0b5-3686-4ba4-b3b8-1da2a2cb9fbb","dataSourceKey":"main","timestamp":"2025-04-30 07:49:07"}
{"level":"info","message":"filter-parse: ","meta":{"userFields":["id"]},"module":"charts","submodule":"query","method":"","app":"main","reqId":"287311d3-eb15-4e30-ab8c-785287e048e6","dataSourceKey":"main","timestamp":"2025-04-30 07:49:52"}
{"level":"info","message":"filter-parse: ","meta":{"$user":{"id":1}},"module":"charts","submodule":"query","method":"","app":"main","reqId":"287311d3-eb15-4e30-ab8c-785287e048e6","dataSourceKey":"main","timestamp":"2025-04-30 07:49:53"}
{"level":"info","message":"filter-parse: ","meta":{"userFields":["id"]},"module":"charts","submodule":"query","method":"","app":"main","reqId":"635a1904-acd7-464b-a641-982900d491f4","dataSourceKey":"main","timestamp":"2025-04-30 07:50:30"}
{"level":"info","message":"filter-parse: ","meta":{"$user":{"id":1}},"module":"charts","submodule":"query","method":"","app":"main","reqId":"635a1904-acd7-464b-a641-982900d491f4","dataSourceKey":"main","timestamp":"2025-04-30 07:50:30"}
{"level":"info","message":"filter-parse: ","meta":{"userFields":["id"]},"module":"charts","submodule":"query","method":"","app":"main","reqId":"a4068846-3c2c-4d46-9bfc-48de33894d48","dataSourceKey":"main","timestamp":"2025-04-30 07:51:06"}
{"level":"info","message":"filter-parse: ","meta":{"$user":{"id":1}},"module":"charts","submodule":"query","method":"","app":"main","reqId":"a4068846-3c2c-4d46-9bfc-48de33894d48","dataSourceKey":"main","timestamp":"2025-04-30 07:51:06"}
{"level":"info","message":"filter-parse: ","meta":{"userFields":["id"]},"module":"charts","submodule":"query","method":"","app":"main","reqId":"76d7c9bf-3e84-486e-b787-3459a76743c1","dataSourceKey":"main","timestamp":"2025-04-30 07:52:27"}
{"level":"info","message":"filter-parse: ","meta":{"$user":{"id":1}},"module":"charts","submodule":"query","method":"","app":"main","reqId":"76d7c9bf-3e84-486e-b787-3459a76743c1","dataSourceKey":"main","timestamp":"2025-04-30 07:52:27"}
{"level":"info","message":"filter-parse: ","meta":{"userFields":["id"]},"module":"charts","submodule":"query","method":"","app":"main","reqId":"c680c1e7-99b7-4417-9fde-e86258b96974","dataSourceKey":"main","timestamp":"2025-04-30 07:52:27"}
{"level":"info","message":"filter-parse: ","meta":{"$user":{"id":1}},"module":"charts","submodule":"query","method":"","app":"main","reqId":"c680c1e7-99b7-4417-9fde-e86258b96974","dataSourceKey":"main","timestamp":"2025-04-30 07:52:27"}
{"level":"info","message":"parseJsonTemplate.raw","meta":{"$and":[{"coach_db":{"users_id":{"$eq":"{{$user.id}}"}}}]},"module":"attendance","submodule":"list","method":"","app":"main","reqId":"cae33f67-3873-4ef4-b359-b5540256a6c7","dataSourceKey":"main","timestamp":"2025-04-30 07:56:51"}
{"level":"info","message":"filter-parse: ","meta":{"userFields":["id"]},"module":"attendance","submodule":"list","method":"","app":"main","reqId":"cae33f67-3873-4ef4-b359-b5540256a6c7","dataSourceKey":"main","timestamp":"2025-04-30 07:56:51"}
{"level":"info","message":"filter-parse: ","meta":{"$user":{"id":2}},"module":"attendance","submodule":"list","method":"","app":"main","reqId":"cae33f67-3873-4ef4-b359-b5540256a6c7","dataSourceKey":"main","timestamp":"2025-04-30 07:56:51"}
{"level":"info","message":"parseJsonTemplate.parsed","meta":{"$and":[{"coach_db":{"users_id":{"$eq":2}}}]},"module":"attendance","submodule":"list","method":"","app":"main","reqId":"cae33f67-3873-4ef4-b359-b5540256a6c7","dataSourceKey":"main","timestamp":"2025-04-30 07:56:51"}
{"level":"info","message":"filter-parse: ","meta":{"userFields":["id"]},"module":"charts","submodule":"query","method":"","app":"main","reqId":"94f7016c-0345-45c5-b7f2-752428563152","dataSourceKey":"main","timestamp":"2025-04-30 07:56:51"}
{"level":"info","message":"filter-parse: ","meta":{"userFields":["id"]},"module":"charts","submodule":"query","method":"","app":"main","reqId":"b88f88bd-8a4f-431c-804f-b067706f5491","dataSourceKey":"main","timestamp":"2025-04-30 07:56:51"}
{"level":"info","message":"filter-parse: ","meta":{"$user":{"id":2}},"module":"charts","submodule":"query","method":"","app":"main","reqId":"94f7016c-0345-45c5-b7f2-752428563152","dataSourceKey":"main","timestamp":"2025-04-30 07:56:51"}
{"level":"info","message":"filter-parse: ","meta":{"$user":{"id":2}},"module":"charts","submodule":"query","method":"","app":"main","reqId":"b88f88bd-8a4f-431c-804f-b067706f5491","dataSourceKey":"main","timestamp":"2025-04-30 07:56:51"}
{"level":"info","message":"filter-parse: ","meta":{"userFields":["id"]},"module":"charts","submodule":"query","method":"","app":"main","reqId":"ce42a796-0f38-4624-a8f8-f3f30e23adf2","dataSourceKey":"main","timestamp":"2025-04-30 07:57:09"}
{"level":"info","message":"filter-parse: ","meta":{"userFields":["id"]},"module":"charts","submodule":"query","method":"","app":"main","reqId":"35e1c9cf-ad10-4169-8e5b-4c99c66f2845","dataSourceKey":"main","timestamp":"2025-04-30 07:57:09"}
{"level":"info","message":"filter-parse: ","meta":{"$user":{"id":1}},"module":"charts","submodule":"query","method":"","app":"main","reqId":"ce42a796-0f38-4624-a8f8-f3f30e23adf2","dataSourceKey":"main","timestamp":"2025-04-30 07:57:09"}
{"level":"info","message":"filter-parse: ","meta":{"$user":{"id":1}},"module":"charts","submodule":"query","method":"","app":"main","reqId":"35e1c9cf-ad10-4169-8e5b-4c99c66f2845","dataSourceKey":"main","timestamp":"2025-04-30 07:57:10"}
{"level":"info","message":"filter-parse: ","meta":{"userFields":["id"]},"module":"charts","submodule":"query","method":"","app":"main","reqId":"5abf3797-f20c-41d8-b61a-e43dc3d469b9","dataSourceKey":"main","timestamp":"2025-04-30 07:59:19"}
{"level":"info","message":"filter-parse: ","meta":{"userFields":["id"]},"module":"charts","submodule":"query","method":"","app":"main","reqId":"96a42636-2697-496f-848f-3357eb955acf","dataSourceKey":"main","timestamp":"2025-04-30 07:59:19"}
{"level":"info","message":"filter-parse: ","meta":{"$user":{"id":1}},"module":"charts","submodule":"query","method":"","app":"main","reqId":"5abf3797-f20c-41d8-b61a-e43dc3d469b9","dataSourceKey":"main","timestamp":"2025-04-30 07:59:19"}
{"level":"info","message":"filter-parse: ","meta":{"$user":{"id":1}},"module":"charts","submodule":"query","method":"","app":"main","reqId":"96a42636-2697-496f-848f-3357eb955acf","dataSourceKey":"main","timestamp":"2025-04-30 07:59:19"}
{"level":"info","message":"filter-parse: ","meta":{"userFields":["id"]},"module":"charts","submodule":"query","method":"","app":"main","reqId":"ee958892-0f3d-4639-b5ce-a96576fc16bb","dataSourceKey":"main","timestamp":"2025-04-30 07:59:27"}
{"level":"info","message":"filter-parse: ","meta":{"$user":{"id":1}},"module":"charts","submodule":"query","method":"","app":"main","reqId":"ee958892-0f3d-4639-b5ce-a96576fc16bb","dataSourceKey":"main","timestamp":"2025-04-30 07:59:27"}
{"level":"info","message":"filter-parse: ","meta":{"userFields":["id"]},"module":"charts","submodule":"query","method":"","app":"main","reqId":"36cc223c-c446-416d-beca-8954e3362bbf","dataSourceKey":"main","timestamp":"2025-04-30 07:59:27"}
{"level":"info","message":"filter-parse: ","meta":{"$user":{"id":1}},"module":"charts","submodule":"query","method":"","app":"main","reqId":"36cc223c-c446-416d-beca-8954e3362bbf","dataSourceKey":"main","timestamp":"2025-04-30 07:59:27"}
{"level":"info","message":"filter-parse: ","meta":{"userFields":["id"]},"module":"charts","submodule":"query","method":"","app":"main","reqId":"f4f8533b-acb7-492b-b08a-86cbbcb99965","dataSourceKey":"main","timestamp":"2025-04-30 07:59:31"}
{"level":"info","message":"filter-parse: ","meta":{"userFields":["id"]},"module":"charts","submodule":"query","method":"","app":"main","reqId":"2c0c3ec8-e58e-47fc-85ab-186cd7616b5f","dataSourceKey":"main","timestamp":"2025-04-30 07:59:31"}
{"level":"info","message":"filter-parse: ","meta":{"$user":{"id":1}},"module":"charts","submodule":"query","method":"","app":"main","reqId":"f4f8533b-acb7-492b-b08a-86cbbcb99965","dataSourceKey":"main","timestamp":"2025-04-30 07:59:31"}
{"level":"info","message":"filter-parse: ","meta":{"$user":{"id":1}},"module":"charts","submodule":"query","method":"","app":"main","reqId":"2c0c3ec8-e58e-47fc-85ab-186cd7616b5f","dataSourceKey":"main","timestamp":"2025-04-30 07:59:31"}
{"level":"info","message":"filter-parse: ","meta":{"userFields":["id"]},"module":"charts","submodule":"query","method":"","app":"main","reqId":"092d8c8a-666b-4863-9d15-9e1365dd2123","dataSourceKey":"main","timestamp":"2025-04-30 07:59:34"}
{"level":"info","message":"filter-parse: ","meta":{"userFields":["id"]},"module":"charts","submodule":"query","method":"","app":"main","reqId":"c143074b-4186-417f-a141-4c0c26b7ed4d","dataSourceKey":"main","timestamp":"2025-04-30 07:59:34"}
{"level":"info","message":"filter-parse: ","meta":{"$user":{"id":1}},"module":"charts","submodule":"query","method":"","app":"main","reqId":"092d8c8a-666b-4863-9d15-9e1365dd2123","dataSourceKey":"main","timestamp":"2025-04-30 07:59:34"}
{"level":"info","message":"filter-parse: ","meta":{"$user":{"id":1}},"module":"charts","submodule":"query","method":"","app":"main","reqId":"c143074b-4186-417f-a141-4c0c26b7ed4d","dataSourceKey":"main","timestamp":"2025-04-30 07:59:34"}
{"level":"info","message":"filter-parse: ","meta":{"userFields":["id"]},"module":"charts","submodule":"query","method":"","app":"main","reqId":"2665f302-b212-477b-a6e5-39bb784b0025","dataSourceKey":"main","timestamp":"2025-04-30 08:01:58"}
{"level":"info","message":"filter-parse: ","meta":{"userFields":["id"]},"module":"charts","submodule":"query","method":"","app":"main","reqId":"8771fb36-5ed7-4ebd-88ec-895969b18673","dataSourceKey":"main","timestamp":"2025-04-30 08:01:58"}
{"level":"info","message":"filter-parse: ","meta":{"$user":{"id":1}},"module":"charts","submodule":"query","method":"","app":"main","reqId":"2665f302-b212-477b-a6e5-39bb784b0025","dataSourceKey":"main","timestamp":"2025-04-30 08:01:58"}
{"level":"info","message":"filter-parse: ","meta":{"$user":{"id":1}},"module":"charts","submodule":"query","method":"","app":"main","reqId":"8771fb36-5ed7-4ebd-88ec-895969b18673","dataSourceKey":"main","timestamp":"2025-04-30 08:01:58"}
{"level":"info","message":"filter-parse: ","meta":{"userFields":["id"]},"module":"charts","submodule":"query","method":"","app":"main","reqId":"63d9f186-9cf4-47b9-b430-161aaa33dee3","dataSourceKey":"main","timestamp":"2025-04-30 08:03:06"}
{"level":"info","message":"filter-parse: ","meta":{"$user":{"id":1}},"module":"charts","submodule":"query","method":"","app":"main","reqId":"63d9f186-9cf4-47b9-b430-161aaa33dee3","dataSourceKey":"main","timestamp":"2025-04-30 08:03:06"}
{"level":"info","message":"filter-parse: ","meta":{"userFields":["id"]},"module":"charts","submodule":"query","method":"","app":"main","reqId":"a72e37c2-aecd-47c7-8dda-cac0a9e2f4c6","dataSourceKey":"main","timestamp":"2025-04-30 08:03:06"}
{"level":"info","message":"filter-parse: ","meta":{"$user":{"id":1}},"module":"charts","submodule":"query","method":"","app":"main","reqId":"a72e37c2-aecd-47c7-8dda-cac0a9e2f4c6","dataSourceKey":"main","timestamp":"2025-04-30 08:03:06"}
{"level":"info","message":"filter-parse: ","meta":{"userFields":["id"]},"module":"charts","submodule":"query","method":"","app":"main","reqId":"6a10f9fc-a470-4970-9c85-4c864e1026ae","dataSourceKey":"main","timestamp":"2025-04-30 08:03:42"}
{"level":"info","message":"filter-parse: ","meta":{"userFields":["id"]},"module":"charts","submodule":"query","method":"","app":"main","reqId":"2b92630a-1223-4f06-89d1-66b55838c159","dataSourceKey":"main","timestamp":"2025-04-30 08:03:42"}
{"level":"info","message":"filter-parse: ","meta":{"$user":{"id":1}},"module":"charts","submodule":"query","method":"","app":"main","reqId":"6a10f9fc-a470-4970-9c85-4c864e1026ae","dataSourceKey":"main","timestamp":"2025-04-30 08:03:42"}
{"level":"info","message":"filter-parse: ","meta":{"$user":{"id":1}},"module":"charts","submodule":"query","method":"","app":"main","reqId":"2b92630a-1223-4f06-89d1-66b55838c159","dataSourceKey":"main","timestamp":"2025-04-30 08:03:42"}
{"level":"info","message":"filter-parse: ","meta":{"userFields":["id"]},"module":"charts","submodule":"query","method":"","app":"main","reqId":"6faeed5a-5874-4790-83f4-fa835756e098","dataSourceKey":"main","timestamp":"2025-04-30 08:09:23"}
{"level":"info","message":"filter-parse: ","meta":{"userFields":["id"]},"module":"charts","submodule":"query","method":"","app":"main","reqId":"3fb9038c-b246-4f5f-bf37-b2ac96a32345","dataSourceKey":"main","timestamp":"2025-04-30 08:09:23"}
{"level":"info","message":"filter-parse: ","meta":{"$user":{"id":1}},"module":"charts","submodule":"query","method":"","app":"main","reqId":"6faeed5a-5874-4790-83f4-fa835756e098","dataSourceKey":"main","timestamp":"2025-04-30 08:09:23"}
{"level":"info","message":"filter-parse: ","meta":{"$user":{"id":1}},"module":"charts","submodule":"query","method":"","app":"main","reqId":"3fb9038c-b246-4f5f-bf37-b2ac96a32345","dataSourceKey":"main","timestamp":"2025-04-30 08:09:23"}
{"level":"info","message":"filter-parse: ","meta":{"userFields":["id"]},"module":"charts","submodule":"query","method":"","app":"main","reqId":"3ca86a69-8e59-49cd-9ac4-697e13877732","dataSourceKey":"main","timestamp":"2025-04-30 08:09:29"}
{"level":"info","message":"filter-parse: ","meta":{"userFields":["id"]},"module":"charts","submodule":"query","method":"","app":"main","reqId":"6d6f5f9a-57eb-433e-afca-44d8900d591c","dataSourceKey":"main","timestamp":"2025-04-30 08:09:29"}
{"level":"info","message":"filter-parse: ","meta":{"$user":{"id":1}},"module":"charts","submodule":"query","method":"","app":"main","reqId":"3ca86a69-8e59-49cd-9ac4-697e13877732","dataSourceKey":"main","timestamp":"2025-04-30 08:09:29"}
{"level":"info","message":"filter-parse: ","meta":{"$user":{"id":1}},"module":"charts","submodule":"query","method":"","app":"main","reqId":"6d6f5f9a-57eb-433e-afca-44d8900d591c","dataSourceKey":"main","timestamp":"2025-04-30 08:09:29"}
{"level":"info","message":"filter-parse: ","meta":{"userFields":["id"]},"module":"charts","submodule":"query","method":"","app":"main","reqId":"e2e28b8f-4792-4403-96ff-ea9a917d464d","dataSourceKey":"main","timestamp":"2025-04-30 08:13:00"}
{"level":"info","message":"filter-parse: ","meta":{"userFields":["id"]},"module":"charts","submodule":"query","method":"","app":"main","reqId":"89e98861-1dfb-4f5d-adac-a8cffdb20c45","dataSourceKey":"main","timestamp":"2025-04-30 08:13:00"}
{"level":"info","message":"filter-parse: ","meta":{"$user":{"id":1}},"module":"charts","submodule":"query","method":"","app":"main","reqId":"e2e28b8f-4792-4403-96ff-ea9a917d464d","dataSourceKey":"main","timestamp":"2025-04-30 08:13:00"}
{"level":"info","message":"filter-parse: ","meta":{"$user":{"id":1}},"module":"charts","submodule":"query","method":"","app":"main","reqId":"89e98861-1dfb-4f5d-adac-a8cffdb20c45","dataSourceKey":"main","timestamp":"2025-04-30 08:13:00"}
{"level":"info","message":"filter-parse: ","meta":{"userFields":["id"]},"module":"charts","submodule":"query","method":"","app":"main","reqId":"40abee4f-bf76-454d-b53a-6ce01bb81639","dataSourceKey":"main","timestamp":"2025-04-30 08:13:14"}
{"level":"info","message":"filter-parse: ","meta":{"userFields":["id"]},"module":"charts","submodule":"query","method":"","app":"main","reqId":"5f63a506-de1f-498c-ab97-09a5fc030872","dataSourceKey":"main","timestamp":"2025-04-30 08:13:14"}
{"level":"info","message":"filter-parse: ","meta":{"$user":{"id":1}},"module":"charts","submodule":"query","method":"","app":"main","reqId":"40abee4f-bf76-454d-b53a-6ce01bb81639","dataSourceKey":"main","timestamp":"2025-04-30 08:13:14"}
{"level":"info","message":"filter-parse: ","meta":{"$user":{"id":1}},"module":"charts","submodule":"query","method":"","app":"main","reqId":"5f63a506-de1f-498c-ab97-09a5fc030872","dataSourceKey":"main","timestamp":"2025-04-30 08:13:14"}
{"level":"info","message":"filter-parse: ","meta":{"userFields":["id"]},"module":"charts","submodule":"query","method":"","app":"main","reqId":"a0ab8192-fd37-4e8d-8bce-775aaba696de","dataSourceKey":"main","timestamp":"2025-04-30 08:22:35"}
{"level":"info","message":"filter-parse: ","meta":{"userFields":["id"]},"module":"charts","submodule":"query","method":"","app":"main","reqId":"434908b3-3263-4e06-b39d-e6a56c204989","dataSourceKey":"main","timestamp":"2025-04-30 08:22:35"}
{"level":"info","message":"filter-parse: ","meta":{"$user":{"id":1}},"module":"charts","submodule":"query","method":"","app":"main","reqId":"a0ab8192-fd37-4e8d-8bce-775aaba696de","dataSourceKey":"main","timestamp":"2025-04-30 08:22:35"}
{"level":"info","message":"filter-parse: ","meta":{"$user":{"id":1}},"module":"charts","submodule":"query","method":"","app":"main","reqId":"434908b3-3263-4e06-b39d-e6a56c204989","dataSourceKey":"main","timestamp":"2025-04-30 08:22:35"}
{"level":"info","message":"filter-parse: ","meta":{"userFields":["id"]},"module":"charts","submodule":"query","method":"","app":"main","reqId":"e97e169b-12a0-48d1-97d1-17ba80801659","dataSourceKey":"main","timestamp":"2025-04-30 08:23:01"}
{"level":"info","message":"filter-parse: ","meta":{"userFields":["id"]},"module":"charts","submodule":"query","method":"","app":"main","reqId":"56390481-7231-4c5f-9ca2-859d5cbca7d7","dataSourceKey":"main","timestamp":"2025-04-30 08:23:01"}
{"level":"info","message":"filter-parse: ","meta":{"$user":{"id":1}},"module":"charts","submodule":"query","method":"","app":"main","reqId":"e97e169b-12a0-48d1-97d1-17ba80801659","dataSourceKey":"main","timestamp":"2025-04-30 08:23:01"}
{"level":"info","message":"filter-parse: ","meta":{"$user":{"id":1}},"module":"charts","submodule":"query","method":"","app":"main","reqId":"56390481-7231-4c5f-9ca2-859d5cbca7d7","dataSourceKey":"main","timestamp":"2025-04-30 08:23:01"}
{"level":"info","message":"filter-parse: ","meta":{"userFields":["id"]},"module":"charts","submodule":"query","method":"","app":"main","reqId":"8734629e-e900-426c-b167-b2c6039935f0","dataSourceKey":"main","timestamp":"2025-04-30 08:23:07"}
{"level":"info","message":"filter-parse: ","meta":{"userFields":["id"]},"module":"charts","submodule":"query","method":"","app":"main","reqId":"5d9d12f2-668f-4300-843e-5d76fd71a6e7","dataSourceKey":"main","timestamp":"2025-04-30 08:23:07"}
{"level":"info","message":"filter-parse: ","meta":{"$user":{"id":1}},"module":"charts","submodule":"query","method":"","app":"main","reqId":"8734629e-e900-426c-b167-b2c6039935f0","dataSourceKey":"main","timestamp":"2025-04-30 08:23:07"}
{"level":"info","message":"filter-parse: ","meta":{"$user":{"id":1}},"module":"charts","submodule":"query","method":"","app":"main","reqId":"5d9d12f2-668f-4300-843e-5d76fd71a6e7","dataSourceKey":"main","timestamp":"2025-04-30 08:23:07"}
