{"level":"info","message":"add app main into supervisor","meta":{},"module":"application","submodule":"supervisor","method":"addApp","app":"main","reqId":"5326c9d3-b53a-479c-8852-811af36b07ad","dataSourceKey":"main","timestamp":"2025-04-23 03:27:16"}
{"level":"warn","message":"attempt 1/9: Unable to connect to the database: the database system is starting up","meta":{},"module":"database","submodule":"","method":"auth","app":"main","reqId":"5326c9d3-b53a-479c-8852-811af36b07ad","dataSourceKey":"main","timestamp":"2025-04-23 03:27:16"}
{"level":"warn","message":"will retry in 50ms...","meta":{},"module":"database","submodule":"","method":"auth","app":"main","reqId":"5326c9d3-b53a-479c-8852-811af36b07ad","dataSourceKey":"main","timestamp":"2025-04-23 03:27:16"}
{"level":"warn","message":"attempt 2/9: Unable to connect to the database: the database system is starting up","meta":{},"module":"database","submodule":"","method":"auth","app":"main","reqId":"5326c9d3-b53a-479c-8852-811af36b07ad","dataSourceKey":"main","timestamp":"2025-04-23 03:27:16"}
{"level":"warn","message":"will retry in 100ms...","meta":{},"module":"database","submodule":"","method":"auth","app":"main","reqId":"5326c9d3-b53a-479c-8852-811af36b07ad","dataSourceKey":"main","timestamp":"2025-04-23 03:27:16"}
{"level":"warn","message":"attempt 3/9: Unable to connect to the database: the database system is starting up","meta":{},"module":"database","submodule":"","method":"auth","app":"main","reqId":"5326c9d3-b53a-479c-8852-811af36b07ad","dataSourceKey":"main","timestamp":"2025-04-23 03:27:17"}
{"level":"warn","message":"will retry in 200ms...","meta":{},"module":"database","submodule":"","method":"auth","app":"main","reqId":"5326c9d3-b53a-479c-8852-811af36b07ad","dataSourceKey":"main","timestamp":"2025-04-23 03:27:17"}
{"level":"warn","message":"attempt 4/9: Unable to connect to the database: the database system is starting up","meta":{},"module":"database","submodule":"","method":"auth","app":"main","reqId":"5326c9d3-b53a-479c-8852-811af36b07ad","dataSourceKey":"main","timestamp":"2025-04-23 03:27:17"}
{"level":"warn","message":"will retry in 400ms...","meta":{},"module":"database","submodule":"","method":"auth","app":"main","reqId":"5326c9d3-b53a-479c-8852-811af36b07ad","dataSourceKey":"main","timestamp":"2025-04-23 03:27:17"}
{"level":"warn","message":"attempt 5/9: Unable to connect to the database: the database system is starting up","meta":{},"module":"database","submodule":"","method":"auth","app":"main","reqId":"5326c9d3-b53a-479c-8852-811af36b07ad","dataSourceKey":"main","timestamp":"2025-04-23 03:27:17"}
{"level":"warn","message":"will retry in 800ms...","meta":{},"module":"database","submodule":"","method":"auth","app":"main","reqId":"5326c9d3-b53a-479c-8852-811af36b07ad","dataSourceKey":"main","timestamp":"2025-04-23 03:27:17"}
{"level":"warn","message":"attempt 6/9: Unable to connect to the database: the database system is starting up","meta":{},"module":"database","submodule":"","method":"auth","app":"main","reqId":"5326c9d3-b53a-479c-8852-811af36b07ad","dataSourceKey":"main","timestamp":"2025-04-23 03:27:18"}
{"level":"warn","message":"will retry in 1600ms...","meta":{},"module":"database","submodule":"","method":"auth","app":"main","reqId":"5326c9d3-b53a-479c-8852-811af36b07ad","dataSourceKey":"main","timestamp":"2025-04-23 03:27:18"}
{"level":"warn","message":"attempt 7/9: Unable to connect to the database: the database system is starting up","meta":{},"module":"database","submodule":"","method":"auth","app":"main","reqId":"5326c9d3-b53a-479c-8852-811af36b07ad","dataSourceKey":"main","timestamp":"2025-04-23 03:27:20"}
{"level":"warn","message":"will retry in 3200ms...","meta":{},"module":"database","submodule":"","method":"auth","app":"main","reqId":"5326c9d3-b53a-479c-8852-811af36b07ad","dataSourceKey":"main","timestamp":"2025-04-23 03:27:20"}
{"level":"warn","message":"attempt 8/9: Unable to connect to the database: the database system is starting up","meta":{},"module":"database","submodule":"","method":"auth","app":"main","reqId":"5326c9d3-b53a-479c-8852-811af36b07ad","dataSourceKey":"main","timestamp":"2025-04-23 03:27:23"}
{"level":"warn","message":"attempt 9/9: Unable to connect to the database: the database system is starting up","meta":{},"module":"database","submodule":"","method":"auth","app":"main","reqId":"5326c9d3-b53a-479c-8852-811af36b07ad","dataSourceKey":"main","timestamp":"2025-04-23 03:27:29"}
{"level":"info","message":"add app main into supervisor","meta":{},"module":"application","submodule":"supervisor","method":"addApp","app":"main","reqId":"40d7fc00-0b3d-4616-80f0-0307dbb515a8","dataSourceKey":"main","timestamp":"2025-04-23 03:32:18"}
{"level":"info","message":"connection has been established successfully.","meta":{},"module":"database","submodule":"","method":"auth","app":"main","reqId":"40d7fc00-0b3d-4616-80f0-0307dbb515a8","dataSourceKey":"main","timestamp":"2025-04-23 03:32:19"}
{"level":"info","message":"upgrading...","meta":{},"module":"application","submodule":"","method":"","app":"main","reqId":"40d7fc00-0b3d-4616-80f0-0307dbb515a8","dataSourceKey":"main","timestamp":"2025-04-23 03:32:19"}
{"level":"info","message":"run upgrade","meta":{},"module":"application","submodule":"","method":"","app":"main","reqId":"40d7fc00-0b3d-4616-80f0-0307dbb515a8","dataSourceKey":"main","timestamp":"2025-04-23 03:32:19"}
{"level":"info","message":"update built-in plugins","meta":{},"module":"nocobase","submodule":"","method":"","app":"main","reqId":"40d7fc00-0b3d-4616-80f0-0307dbb515a8","dataSourceKey":"main","timestamp":"2025-04-23 03:32:19"}
{"level":"info","message":"run upgrade","meta":{},"module":"application","submodule":"","method":"","app":"main","reqId":"40d7fc00-0b3d-4616-80f0-0307dbb515a8","dataSourceKey":"main","timestamp":"2025-04-23 03:32:22"}
{"level":"info","message":"restarting...","meta":{},"module":"application","submodule":"","method":"","app":"main","reqId":"40d7fc00-0b3d-4616-80f0-0307dbb515a8","dataSourceKey":"main","timestamp":"2025-04-23 03:32:22"}
{"level":"info","message":"app.reload()","meta":{},"module":"application","submodule":"","method":"load","app":"main","reqId":"40d7fc00-0b3d-4616-80f0-0307dbb515a8","dataSourceKey":"main","timestamp":"2025-04-23 03:32:22"}
{"level":"info","message":"write roles to ACL","meta":{},"module":"acl","submodule":"","method":"writeRolesToACL","app":"main","reqId":"40d7fc00-0b3d-4616-80f0-0307dbb515a8","dataSourceKey":"main","timestamp":"2025-04-23 03:32:23"}
{"level":"info","message":"app has been started","meta":{},"module":"application","submodule":"","method":"","app":"main","reqId":"40d7fc00-0b3d-4616-80f0-0307dbb515a8","dataSourceKey":"main","timestamp":"2025-04-23 03:32:24"}
{"level":"info","message":"add app main into supervisor","meta":{},"module":"application","submodule":"supervisor","method":"addApp","app":"main","reqId":"04effa1a-d17a-4ff9-ae50-b0a05b9a2b6d","dataSourceKey":"main","timestamp":"2025-04-23 06:50:03"}
{"level":"warn","message":"attempt 1/9: Unable to connect to the database: the database system is starting up","meta":{},"module":"database","submodule":"","method":"auth","app":"main","reqId":"04effa1a-d17a-4ff9-ae50-b0a05b9a2b6d","dataSourceKey":"main","timestamp":"2025-04-23 06:50:03"}
{"level":"warn","message":"will retry in 50ms...","meta":{},"module":"database","submodule":"","method":"auth","app":"main","reqId":"04effa1a-d17a-4ff9-ae50-b0a05b9a2b6d","dataSourceKey":"main","timestamp":"2025-04-23 06:50:03"}
{"level":"warn","message":"attempt 2/9: Unable to connect to the database: the database system is starting up","meta":{},"module":"database","submodule":"","method":"auth","app":"main","reqId":"04effa1a-d17a-4ff9-ae50-b0a05b9a2b6d","dataSourceKey":"main","timestamp":"2025-04-23 06:50:03"}
{"level":"warn","message":"will retry in 100ms...","meta":{},"module":"database","submodule":"","method":"auth","app":"main","reqId":"04effa1a-d17a-4ff9-ae50-b0a05b9a2b6d","dataSourceKey":"main","timestamp":"2025-04-23 06:50:03"}
{"level":"warn","message":"attempt 3/9: Unable to connect to the database: the database system is starting up","meta":{},"module":"database","submodule":"","method":"auth","app":"main","reqId":"04effa1a-d17a-4ff9-ae50-b0a05b9a2b6d","dataSourceKey":"main","timestamp":"2025-04-23 06:50:04"}
{"level":"warn","message":"will retry in 200ms...","meta":{},"module":"database","submodule":"","method":"auth","app":"main","reqId":"04effa1a-d17a-4ff9-ae50-b0a05b9a2b6d","dataSourceKey":"main","timestamp":"2025-04-23 06:50:04"}
{"level":"warn","message":"attempt 4/9: Unable to connect to the database: the database system is starting up","meta":{},"module":"database","submodule":"","method":"auth","app":"main","reqId":"04effa1a-d17a-4ff9-ae50-b0a05b9a2b6d","dataSourceKey":"main","timestamp":"2025-04-23 06:50:04"}
{"level":"warn","message":"will retry in 400ms...","meta":{},"module":"database","submodule":"","method":"auth","app":"main","reqId":"04effa1a-d17a-4ff9-ae50-b0a05b9a2b6d","dataSourceKey":"main","timestamp":"2025-04-23 06:50:04"}
{"level":"warn","message":"attempt 5/9: Unable to connect to the database: the database system is starting up","meta":{},"module":"database","submodule":"","method":"auth","app":"main","reqId":"04effa1a-d17a-4ff9-ae50-b0a05b9a2b6d","dataSourceKey":"main","timestamp":"2025-04-23 06:50:04"}
{"level":"warn","message":"will retry in 800ms...","meta":{},"module":"database","submodule":"","method":"auth","app":"main","reqId":"04effa1a-d17a-4ff9-ae50-b0a05b9a2b6d","dataSourceKey":"main","timestamp":"2025-04-23 06:50:04"}
{"level":"warn","message":"attempt 6/9: Unable to connect to the database: the database system is starting up","meta":{},"module":"database","submodule":"","method":"auth","app":"main","reqId":"04effa1a-d17a-4ff9-ae50-b0a05b9a2b6d","dataSourceKey":"main","timestamp":"2025-04-23 06:50:05"}
{"level":"warn","message":"will retry in 1600ms...","meta":{},"module":"database","submodule":"","method":"auth","app":"main","reqId":"04effa1a-d17a-4ff9-ae50-b0a05b9a2b6d","dataSourceKey":"main","timestamp":"2025-04-23 06:50:05"}
{"level":"warn","message":"attempt 7/9: Unable to connect to the database: the database system is starting up","meta":{},"module":"database","submodule":"","method":"auth","app":"main","reqId":"04effa1a-d17a-4ff9-ae50-b0a05b9a2b6d","dataSourceKey":"main","timestamp":"2025-04-23 06:50:07"}
{"level":"warn","message":"will retry in 3200ms...","meta":{},"module":"database","submodule":"","method":"auth","app":"main","reqId":"04effa1a-d17a-4ff9-ae50-b0a05b9a2b6d","dataSourceKey":"main","timestamp":"2025-04-23 06:50:07"}
{"level":"warn","message":"attempt 8/9: Unable to connect to the database: the database system is starting up","meta":{},"module":"database","submodule":"","method":"auth","app":"main","reqId":"04effa1a-d17a-4ff9-ae50-b0a05b9a2b6d","dataSourceKey":"main","timestamp":"2025-04-23 06:50:10"}
{"level":"info","message":"connection has been established successfully.","meta":{},"module":"database","submodule":"","method":"auth","app":"main","reqId":"04effa1a-d17a-4ff9-ae50-b0a05b9a2b6d","dataSourceKey":"main","timestamp":"2025-04-23 06:50:16"}
{"level":"info","message":"upgrading...","meta":{},"module":"application","submodule":"","method":"","app":"main","reqId":"04effa1a-d17a-4ff9-ae50-b0a05b9a2b6d","dataSourceKey":"main","timestamp":"2025-04-23 06:50:16"}
{"level":"info","message":"run upgrade","meta":{},"module":"application","submodule":"","method":"","app":"main","reqId":"04effa1a-d17a-4ff9-ae50-b0a05b9a2b6d","dataSourceKey":"main","timestamp":"2025-04-23 06:50:17"}
{"level":"info","message":"update built-in plugins","meta":{},"module":"nocobase","submodule":"","method":"","app":"main","reqId":"04effa1a-d17a-4ff9-ae50-b0a05b9a2b6d","dataSourceKey":"main","timestamp":"2025-04-23 06:50:17"}
{"level":"info","message":"run upgrade","meta":{},"module":"application","submodule":"","method":"","app":"main","reqId":"04effa1a-d17a-4ff9-ae50-b0a05b9a2b6d","dataSourceKey":"main","timestamp":"2025-04-23 06:50:20"}
{"level":"info","message":"restarting...","meta":{},"module":"application","submodule":"","method":"","app":"main","reqId":"04effa1a-d17a-4ff9-ae50-b0a05b9a2b6d","dataSourceKey":"main","timestamp":"2025-04-23 06:50:20"}
{"level":"info","message":"app.reload()","meta":{},"module":"application","submodule":"","method":"load","app":"main","reqId":"04effa1a-d17a-4ff9-ae50-b0a05b9a2b6d","dataSourceKey":"main","timestamp":"2025-04-23 06:50:20"}
{"level":"info","message":"write roles to ACL","meta":{},"module":"acl","submodule":"","method":"writeRolesToACL","app":"main","reqId":"04effa1a-d17a-4ff9-ae50-b0a05b9a2b6d","dataSourceKey":"main","timestamp":"2025-04-23 06:50:22"}
{"level":"info","message":"app has been started","meta":{},"module":"application","submodule":"","method":"","app":"main","reqId":"04effa1a-d17a-4ff9-ae50-b0a05b9a2b6d","dataSourceKey":"main","timestamp":"2025-04-23 06:50:22"}
{"level":"info","message":"add app main into supervisor","meta":{},"module":"application","submodule":"supervisor","method":"addApp","app":"main","reqId":"e1426954-588e-4eae-8174-6ee7550f0f3d","dataSourceKey":"main","timestamp":"2025-04-23 10:46:51"}
{"level":"warn","message":"attempt 1/9: Unable to connect to the database: the database system is starting up","meta":{},"module":"database","submodule":"","method":"auth","app":"main","reqId":"e1426954-588e-4eae-8174-6ee7550f0f3d","dataSourceKey":"main","timestamp":"2025-04-23 10:46:51"}
{"level":"warn","message":"will retry in 50ms...","meta":{},"module":"database","submodule":"","method":"auth","app":"main","reqId":"e1426954-588e-4eae-8174-6ee7550f0f3d","dataSourceKey":"main","timestamp":"2025-04-23 10:46:51"}
{"level":"warn","message":"attempt 2/9: Unable to connect to the database: the database system is starting up","meta":{},"module":"database","submodule":"","method":"auth","app":"main","reqId":"e1426954-588e-4eae-8174-6ee7550f0f3d","dataSourceKey":"main","timestamp":"2025-04-23 10:46:51"}
{"level":"warn","message":"will retry in 100ms...","meta":{},"module":"database","submodule":"","method":"auth","app":"main","reqId":"e1426954-588e-4eae-8174-6ee7550f0f3d","dataSourceKey":"main","timestamp":"2025-04-23 10:46:51"}
{"level":"warn","message":"attempt 3/9: Unable to connect to the database: the database system is starting up","meta":{},"module":"database","submodule":"","method":"auth","app":"main","reqId":"e1426954-588e-4eae-8174-6ee7550f0f3d","dataSourceKey":"main","timestamp":"2025-04-23 10:46:51"}
{"level":"warn","message":"will retry in 200ms...","meta":{},"module":"database","submodule":"","method":"auth","app":"main","reqId":"e1426954-588e-4eae-8174-6ee7550f0f3d","dataSourceKey":"main","timestamp":"2025-04-23 10:46:51"}
{"level":"warn","message":"attempt 4/9: Unable to connect to the database: the database system is starting up","meta":{},"module":"database","submodule":"","method":"auth","app":"main","reqId":"e1426954-588e-4eae-8174-6ee7550f0f3d","dataSourceKey":"main","timestamp":"2025-04-23 10:46:51"}
{"level":"warn","message":"will retry in 400ms...","meta":{},"module":"database","submodule":"","method":"auth","app":"main","reqId":"e1426954-588e-4eae-8174-6ee7550f0f3d","dataSourceKey":"main","timestamp":"2025-04-23 10:46:51"}
{"level":"warn","message":"attempt 5/9: Unable to connect to the database: the database system is starting up","meta":{},"module":"database","submodule":"","method":"auth","app":"main","reqId":"e1426954-588e-4eae-8174-6ee7550f0f3d","dataSourceKey":"main","timestamp":"2025-04-23 10:46:52"}
{"level":"warn","message":"will retry in 800ms...","meta":{},"module":"database","submodule":"","method":"auth","app":"main","reqId":"e1426954-588e-4eae-8174-6ee7550f0f3d","dataSourceKey":"main","timestamp":"2025-04-23 10:46:52"}
{"level":"warn","message":"attempt 6/9: Unable to connect to the database: the database system is starting up","meta":{},"module":"database","submodule":"","method":"auth","app":"main","reqId":"e1426954-588e-4eae-8174-6ee7550f0f3d","dataSourceKey":"main","timestamp":"2025-04-23 10:46:53"}
{"level":"warn","message":"will retry in 1600ms...","meta":{},"module":"database","submodule":"","method":"auth","app":"main","reqId":"e1426954-588e-4eae-8174-6ee7550f0f3d","dataSourceKey":"main","timestamp":"2025-04-23 10:46:53"}
{"level":"warn","message":"attempt 7/9: Unable to connect to the database: the database system is starting up","meta":{},"module":"database","submodule":"","method":"auth","app":"main","reqId":"e1426954-588e-4eae-8174-6ee7550f0f3d","dataSourceKey":"main","timestamp":"2025-04-23 10:46:54"}
{"level":"warn","message":"will retry in 3200ms...","meta":{},"module":"database","submodule":"","method":"auth","app":"main","reqId":"e1426954-588e-4eae-8174-6ee7550f0f3d","dataSourceKey":"main","timestamp":"2025-04-23 10:46:54"}
{"level":"warn","message":"attempt 8/9: Unable to connect to the database: the database system is starting up","meta":{},"module":"database","submodule":"","method":"auth","app":"main","reqId":"e1426954-588e-4eae-8174-6ee7550f0f3d","dataSourceKey":"main","timestamp":"2025-04-23 10:46:57"}
{"level":"info","message":"connection has been established successfully.","meta":{},"module":"database","submodule":"","method":"auth","app":"main","reqId":"e1426954-588e-4eae-8174-6ee7550f0f3d","dataSourceKey":"main","timestamp":"2025-04-23 10:47:04"}
{"level":"info","message":"upgrading...","meta":{},"module":"application","submodule":"","method":"","app":"main","reqId":"e1426954-588e-4eae-8174-6ee7550f0f3d","dataSourceKey":"main","timestamp":"2025-04-23 10:47:04"}
{"level":"info","message":"run upgrade","meta":{},"module":"application","submodule":"","method":"","app":"main","reqId":"e1426954-588e-4eae-8174-6ee7550f0f3d","dataSourceKey":"main","timestamp":"2025-04-23 10:47:05"}
{"level":"info","message":"update built-in plugins","meta":{},"module":"nocobase","submodule":"","method":"","app":"main","reqId":"e1426954-588e-4eae-8174-6ee7550f0f3d","dataSourceKey":"main","timestamp":"2025-04-23 10:47:05"}
{"level":"info","message":"run upgrade","meta":{},"module":"application","submodule":"","method":"","app":"main","reqId":"e1426954-588e-4eae-8174-6ee7550f0f3d","dataSourceKey":"main","timestamp":"2025-04-23 10:47:08"}
{"level":"info","message":"restarting...","meta":{},"module":"application","submodule":"","method":"","app":"main","reqId":"e1426954-588e-4eae-8174-6ee7550f0f3d","dataSourceKey":"main","timestamp":"2025-04-23 10:47:08"}
{"level":"info","message":"app.reload()","meta":{},"module":"application","submodule":"","method":"load","app":"main","reqId":"e1426954-588e-4eae-8174-6ee7550f0f3d","dataSourceKey":"main","timestamp":"2025-04-23 10:47:08"}
{"level":"info","message":"write roles to ACL","meta":{},"module":"acl","submodule":"","method":"writeRolesToACL","app":"main","reqId":"e1426954-588e-4eae-8174-6ee7550f0f3d","dataSourceKey":"main","timestamp":"2025-04-23 10:47:10"}
{"level":"info","message":"app has been started","meta":{},"module":"application","submodule":"","method":"","app":"main","reqId":"e1426954-588e-4eae-8174-6ee7550f0f3d","dataSourceKey":"main","timestamp":"2025-04-23 10:47:10"}
{"level":"info","message":"token renewing","meta":{"url":"/api/myInAppMessages:count?filter[status]=unread","currentJti":"90329ddc-321e-42b1-b8a6-ab9889933cfa"},"module":"myInAppMessages","submodule":"count","method":"auth.check","app":"main","reqId":"b2a1185b-9a16-402d-81c4-f52e0f144beb","dataSourceKey":"main","timestamp":"2025-04-23 15:00:17"}
{"level":"info","message":"token renewing","meta":{"jti":"90329ddc-321e-42b1-b8a6-ab9889933cfa"},"module":"myInAppMessages","submodule":"count","method":"auth.check","app":"main","reqId":"b2a1185b-9a16-402d-81c4-f52e0f144beb","dataSourceKey":"main","timestamp":"2025-04-23 15:00:17"}
{"level":"info","message":"jti renewed","meta":{"oldJti":"90329ddc-321e-42b1-b8a6-ab9889933cfa","newJti":"fb5f18c2-c417-41c9-bd2d-73ae56ac1c58","issuedTime":1745420417757},"module":"application","submodule":"","method":"","app":"main","reqId":"e1426954-588e-4eae-8174-6ee7550f0f3d","dataSourceKey":"main","timestamp":"2025-04-23 15:00:17"}
{"level":"info","message":"token renewed","meta":{"oldJti":"90329ddc-321e-42b1-b8a6-ab9889933cfa","newJti":"fb5f18c2-c417-41c9-bd2d-73ae56ac1c58"},"module":"myInAppMessages","submodule":"count","method":"auth.check","app":"main","reqId":"b2a1185b-9a16-402d-81c4-f52e0f144beb","dataSourceKey":"main","timestamp":"2025-04-23 15:00:17"}
