{"level":"info","message":"add app main into supervisor","meta":{},"module":"application","submodule":"supervisor","method":"addApp","app":"main","reqId":"37d87a4c-b6b1-439a-9073-ed304082065a","dataSourceKey":"main","timestamp":"2025-05-01 01:01:50"}
{"level":"warn","message":"attempt 1/9: Unable to connect to the database: the database system is starting up","meta":{},"module":"database","submodule":"","method":"auth","app":"main","reqId":"37d87a4c-b6b1-439a-9073-ed304082065a","dataSourceKey":"main","timestamp":"2025-05-01 01:01:50"}
{"level":"warn","message":"will retry in 50ms...","meta":{},"module":"database","submodule":"","method":"auth","app":"main","reqId":"37d87a4c-b6b1-439a-9073-ed304082065a","dataSourceKey":"main","timestamp":"2025-05-01 01:01:50"}
{"level":"warn","message":"attempt 2/9: Unable to connect to the database: the database system is starting up","meta":{},"module":"database","submodule":"","method":"auth","app":"main","reqId":"37d87a4c-b6b1-439a-9073-ed304082065a","dataSourceKey":"main","timestamp":"2025-05-01 01:01:50"}
{"level":"warn","message":"will retry in 100ms...","meta":{},"module":"database","submodule":"","method":"auth","app":"main","reqId":"37d87a4c-b6b1-439a-9073-ed304082065a","dataSourceKey":"main","timestamp":"2025-05-01 01:01:50"}
{"level":"warn","message":"attempt 3/9: Unable to connect to the database: the database system is starting up","meta":{},"module":"database","submodule":"","method":"auth","app":"main","reqId":"37d87a4c-b6b1-439a-9073-ed304082065a","dataSourceKey":"main","timestamp":"2025-05-01 01:01:50"}
{"level":"warn","message":"will retry in 200ms...","meta":{},"module":"database","submodule":"","method":"auth","app":"main","reqId":"37d87a4c-b6b1-439a-9073-ed304082065a","dataSourceKey":"main","timestamp":"2025-05-01 01:01:50"}
{"level":"warn","message":"attempt 4/9: Unable to connect to the database: the database system is starting up","meta":{},"module":"database","submodule":"","method":"auth","app":"main","reqId":"37d87a4c-b6b1-439a-9073-ed304082065a","dataSourceKey":"main","timestamp":"2025-05-01 01:01:50"}
{"level":"warn","message":"will retry in 400ms...","meta":{},"module":"database","submodule":"","method":"auth","app":"main","reqId":"37d87a4c-b6b1-439a-9073-ed304082065a","dataSourceKey":"main","timestamp":"2025-05-01 01:01:50"}
{"level":"warn","message":"attempt 5/9: Unable to connect to the database: the database system is starting up","meta":{},"module":"database","submodule":"","method":"auth","app":"main","reqId":"37d87a4c-b6b1-439a-9073-ed304082065a","dataSourceKey":"main","timestamp":"2025-05-01 01:01:51"}
{"level":"warn","message":"will retry in 800ms...","meta":{},"module":"database","submodule":"","method":"auth","app":"main","reqId":"37d87a4c-b6b1-439a-9073-ed304082065a","dataSourceKey":"main","timestamp":"2025-05-01 01:01:51"}
{"level":"warn","message":"attempt 6/9: Unable to connect to the database: the database system is starting up","meta":{},"module":"database","submodule":"","method":"auth","app":"main","reqId":"37d87a4c-b6b1-439a-9073-ed304082065a","dataSourceKey":"main","timestamp":"2025-05-01 01:01:51"}
{"level":"warn","message":"will retry in 1600ms...","meta":{},"module":"database","submodule":"","method":"auth","app":"main","reqId":"37d87a4c-b6b1-439a-9073-ed304082065a","dataSourceKey":"main","timestamp":"2025-05-01 01:01:51"}
{"level":"warn","message":"attempt 7/9: Unable to connect to the database: the database system is starting up","meta":{},"module":"database","submodule":"","method":"auth","app":"main","reqId":"37d87a4c-b6b1-439a-9073-ed304082065a","dataSourceKey":"main","timestamp":"2025-05-01 01:01:53"}
{"level":"warn","message":"will retry in 3200ms...","meta":{},"module":"database","submodule":"","method":"auth","app":"main","reqId":"37d87a4c-b6b1-439a-9073-ed304082065a","dataSourceKey":"main","timestamp":"2025-05-01 01:01:53"}
{"level":"warn","message":"attempt 8/9: Unable to connect to the database: the database system is starting up","meta":{},"module":"database","submodule":"","method":"auth","app":"main","reqId":"37d87a4c-b6b1-439a-9073-ed304082065a","dataSourceKey":"main","timestamp":"2025-05-01 01:01:56"}
{"level":"info","message":"connection has been established successfully.","meta":{},"module":"database","submodule":"","method":"auth","app":"main","reqId":"37d87a4c-b6b1-439a-9073-ed304082065a","dataSourceKey":"main","timestamp":"2025-05-01 01:02:03"}
{"level":"info","message":"upgrading...","meta":{},"module":"application","submodule":"","method":"","app":"main","reqId":"37d87a4c-b6b1-439a-9073-ed304082065a","dataSourceKey":"main","timestamp":"2025-05-01 01:02:03"}
{"level":"info","message":"run upgrade","meta":{},"module":"application","submodule":"","method":"","app":"main","reqId":"37d87a4c-b6b1-439a-9073-ed304082065a","dataSourceKey":"main","timestamp":"2025-05-01 01:02:03"}
{"level":"info","message":"update built-in plugins","meta":{},"module":"nocobase","submodule":"","method":"","app":"main","reqId":"37d87a4c-b6b1-439a-9073-ed304082065a","dataSourceKey":"main","timestamp":"2025-05-01 01:02:03"}
{"level":"info","message":"run upgrade","meta":{},"module":"application","submodule":"","method":"","app":"main","reqId":"37d87a4c-b6b1-439a-9073-ed304082065a","dataSourceKey":"main","timestamp":"2025-05-01 01:02:05"}
{"level":"info","message":"restarting...","meta":{},"module":"application","submodule":"","method":"","app":"main","reqId":"37d87a4c-b6b1-439a-9073-ed304082065a","dataSourceKey":"main","timestamp":"2025-05-01 01:02:06"}
{"level":"info","message":"app.reload()","meta":{},"module":"application","submodule":"","method":"load","app":"main","reqId":"37d87a4c-b6b1-439a-9073-ed304082065a","dataSourceKey":"main","timestamp":"2025-05-01 01:02:06"}
{"level":"info","message":"write roles to ACL","meta":{},"module":"acl","submodule":"","method":"writeRolesToACL","app":"main","reqId":"37d87a4c-b6b1-439a-9073-ed304082065a","dataSourceKey":"main","timestamp":"2025-05-01 01:02:07"}
{"level":"info","message":"app has been started","meta":{},"module":"application","submodule":"","method":"","app":"main","reqId":"37d87a4c-b6b1-439a-9073-ed304082065a","dataSourceKey":"main","timestamp":"2025-05-01 01:02:07"}
{"level":"info","message":"filter-parse: ","meta":{"userFields":["id"]},"module":"charts","submodule":"query","method":"","app":"main","reqId":"f4e7d567-4c4f-4c31-a1e1-d96066404347","dataSourceKey":"main","timestamp":"2025-05-01 01:02:09"}
{"level":"info","message":"filter-parse: ","meta":{"$user":{"id":1}},"module":"charts","submodule":"query","method":"","app":"main","reqId":"f4e7d567-4c4f-4c31-a1e1-d96066404347","dataSourceKey":"main","timestamp":"2025-05-01 01:02:09"}
{"level":"info","message":"filter-parse: ","meta":{"userFields":["id"]},"module":"charts","submodule":"query","method":"","app":"main","reqId":"a642e61e-9dd7-45e1-a69d-fb276ca65f5a","dataSourceKey":"main","timestamp":"2025-05-01 01:02:09"}
{"level":"info","message":"filter-parse: ","meta":{"$user":{"id":1}},"module":"charts","submodule":"query","method":"","app":"main","reqId":"a642e61e-9dd7-45e1-a69d-fb276ca65f5a","dataSourceKey":"main","timestamp":"2025-05-01 01:02:09"}
{"level":"info","message":"filter-parse: ","meta":{"userFields":["id"]},"module":"attendance","submodule":"list","method":"","app":"main","reqId":"83d95907-d635-4724-a2f4-dc2091da51ec","dataSourceKey":"main","timestamp":"2025-05-01 01:06:15"}
{"level":"info","message":"filter-parse: ","meta":{"$user":{"id":1}},"module":"attendance","submodule":"list","method":"","app":"main","reqId":"83d95907-d635-4724-a2f4-dc2091da51ec","dataSourceKey":"main","timestamp":"2025-05-01 01:06:15"}
{"level":"info","message":"filter-parse: ","meta":{"userFields":["id"]},"module":"attendance","submodule":"list","method":"","app":"main","reqId":"be75952e-822f-42a2-bac9-865a8c88648b","dataSourceKey":"main","timestamp":"2025-05-01 01:07:25"}
{"level":"info","message":"filter-parse: ","meta":{"$user":{"id":1}},"module":"attendance","submodule":"list","method":"","app":"main","reqId":"be75952e-822f-42a2-bac9-865a8c88648b","dataSourceKey":"main","timestamp":"2025-05-01 01:07:25"}
{"level":"info","message":"filter-parse: ","meta":{"userFields":["id"]},"module":"attendance","submodule":"list","method":"","app":"main","reqId":"8b831846-f559-408e-bb50-3cec102b1003","dataSourceKey":"main","timestamp":"2025-05-01 01:08:10"}
{"level":"info","message":"filter-parse: ","meta":{"$user":{"id":1}},"module":"attendance","submodule":"list","method":"","app":"main","reqId":"8b831846-f559-408e-bb50-3cec102b1003","dataSourceKey":"main","timestamp":"2025-05-01 01:08:10"}
{"level":"info","message":"filter-parse: ","meta":{"userFields":["id"]},"module":"attendance","submodule":"list","method":"","app":"main","reqId":"6d221b03-79de-4511-bc0e-40b12d8fd35a","dataSourceKey":"main","timestamp":"2025-05-01 01:08:58"}
{"level":"info","message":"filter-parse: ","meta":{"$user":{"id":1}},"module":"attendance","submodule":"list","method":"","app":"main","reqId":"6d221b03-79de-4511-bc0e-40b12d8fd35a","dataSourceKey":"main","timestamp":"2025-05-01 01:08:58"}
{"level":"info","message":"filter-parse: ","meta":{"userFields":["id"]},"module":"attendance","submodule":"list","method":"","app":"main","reqId":"78ca425f-2276-4d52-b927-97fa1308fcb9","dataSourceKey":"main","timestamp":"2025-05-01 01:09:05"}
{"level":"info","message":"filter-parse: ","meta":{"$user":{"id":1}},"module":"attendance","submodule":"list","method":"","app":"main","reqId":"78ca425f-2276-4d52-b927-97fa1308fcb9","dataSourceKey":"main","timestamp":"2025-05-01 01:09:05"}
{"level":"info","message":"filter-parse: ","meta":{"userFields":["id"]},"module":"attendance","submodule":"list","method":"","app":"main","reqId":"d113f2d4-1b0d-43ef-b16f-b432dbed64be","dataSourceKey":"main","timestamp":"2025-05-01 01:09:37"}
{"level":"info","message":"filter-parse: ","meta":{"$user":{"id":1}},"module":"attendance","submodule":"list","method":"","app":"main","reqId":"d113f2d4-1b0d-43ef-b16f-b432dbed64be","dataSourceKey":"main","timestamp":"2025-05-01 01:09:38"}
{"level":"info","message":"filter-parse: ","meta":{"userFields":["id"]},"module":"attendance","submodule":"list","method":"","app":"main","reqId":"99e247c9-4549-4399-861f-5d78e430b2ff","dataSourceKey":"main","timestamp":"2025-05-01 01:10:13"}
{"level":"info","message":"filter-parse: ","meta":{"$user":{"id":1}},"module":"attendance","submodule":"list","method":"","app":"main","reqId":"99e247c9-4549-4399-861f-5d78e430b2ff","dataSourceKey":"main","timestamp":"2025-05-01 01:10:14"}
{"level":"info","message":"filter-parse: ","meta":{"userFields":["id"]},"module":"attendance","submodule":"list","method":"","app":"main","reqId":"da706324-c165-4ebe-b063-6b93f5b12f8c","dataSourceKey":"main","timestamp":"2025-05-01 01:10:18"}
{"level":"info","message":"filter-parse: ","meta":{"$user":{"id":1}},"module":"attendance","submodule":"list","method":"","app":"main","reqId":"da706324-c165-4ebe-b063-6b93f5b12f8c","dataSourceKey":"main","timestamp":"2025-05-01 01:10:18"}
{"level":"info","message":"filter-parse: ","meta":{"userFields":["id"]},"module":"attendance","submodule":"list","method":"","app":"main","reqId":"8cede108-a41c-4916-8de3-5d2f18501e49","dataSourceKey":"main","timestamp":"2025-05-01 01:10:31"}
{"level":"info","message":"filter-parse: ","meta":{"$user":{"id":1}},"module":"attendance","submodule":"list","method":"","app":"main","reqId":"8cede108-a41c-4916-8de3-5d2f18501e49","dataSourceKey":"main","timestamp":"2025-05-01 01:10:31"}
{"level":"info","message":"filter-parse: ","meta":{"userFields":["id"]},"module":"attendance","submodule":"list","method":"","app":"main","reqId":"4b456d73-ed43-4902-9043-98767bcc5f0b","dataSourceKey":"main","timestamp":"2025-05-01 01:10:34"}
{"level":"info","message":"filter-parse: ","meta":{"$user":{"id":1}},"module":"attendance","submodule":"list","method":"","app":"main","reqId":"4b456d73-ed43-4902-9043-98767bcc5f0b","dataSourceKey":"main","timestamp":"2025-05-01 01:10:34"}
{"level":"info","message":"filter-parse: ","meta":{"userFields":["id"]},"module":"attendance","submodule":"list","method":"","app":"main","reqId":"f29e8f10-a9b9-4f59-b07c-566c58db8981","dataSourceKey":"main","timestamp":"2025-05-01 01:10:35"}
{"level":"info","message":"filter-parse: ","meta":{"$user":{"id":1}},"module":"attendance","submodule":"list","method":"","app":"main","reqId":"f29e8f10-a9b9-4f59-b07c-566c58db8981","dataSourceKey":"main","timestamp":"2025-05-01 01:10:35"}
{"level":"info","message":"filter-parse: ","meta":{"userFields":["id"]},"module":"attendance","submodule":"list","method":"","app":"main","reqId":"9fc4b0ea-f7dc-4469-a8d5-e8c08a6050d1","dataSourceKey":"main","timestamp":"2025-05-01 01:10:52"}
{"level":"info","message":"filter-parse: ","meta":{"userFields":["id"]},"module":"charts","submodule":"query","method":"","app":"main","reqId":"a7fd7a36-33b0-464d-8d3a-de711d9797df","dataSourceKey":"main","timestamp":"2025-05-01 01:10:52"}
{"level":"info","message":"filter-parse: ","meta":{"$user":{"id":1}},"module":"attendance","submodule":"list","method":"","app":"main","reqId":"9fc4b0ea-f7dc-4469-a8d5-e8c08a6050d1","dataSourceKey":"main","timestamp":"2025-05-01 01:10:52"}
{"level":"info","message":"filter-parse: ","meta":{"$user":{"id":1}},"module":"charts","submodule":"query","method":"","app":"main","reqId":"a7fd7a36-33b0-464d-8d3a-de711d9797df","dataSourceKey":"main","timestamp":"2025-05-01 01:10:52"}
{"level":"info","message":"filter-parse: ","meta":{"userFields":["id"]},"module":"charts","submodule":"query","method":"","app":"main","reqId":"2e0b8c2a-b70f-4447-bf87-5421211a9b3f","dataSourceKey":"main","timestamp":"2025-05-01 01:10:52"}
{"level":"info","message":"filter-parse: ","meta":{"$user":{"id":1}},"module":"charts","submodule":"query","method":"","app":"main","reqId":"2e0b8c2a-b70f-4447-bf87-5421211a9b3f","dataSourceKey":"main","timestamp":"2025-05-01 01:10:52"}
{"level":"info","message":"filter-parse: ","meta":{"userFields":["id"]},"module":"attendance","submodule":"list","method":"","app":"main","reqId":"a7cb03c1-d9c6-436b-a4f0-d9ce577412be","dataSourceKey":"main","timestamp":"2025-05-01 01:10:59"}
{"level":"info","message":"filter-parse: ","meta":{"$user":{"id":1}},"module":"attendance","submodule":"list","method":"","app":"main","reqId":"a7cb03c1-d9c6-436b-a4f0-d9ce577412be","dataSourceKey":"main","timestamp":"2025-05-01 01:10:59"}
{"level":"info","message":"filter-parse: ","meta":{"userFields":["id"]},"module":"attendance","submodule":"list","method":"","app":"main","reqId":"40346e8c-eb30-4ece-90d1-108eb25e623c","dataSourceKey":"main","timestamp":"2025-05-01 01:11:02"}
{"level":"info","message":"filter-parse: ","meta":{"$user":{"id":1}},"module":"attendance","submodule":"list","method":"","app":"main","reqId":"40346e8c-eb30-4ece-90d1-108eb25e623c","dataSourceKey":"main","timestamp":"2025-05-01 01:11:02"}
{"level":"info","message":"filter-parse: ","meta":{"userFields":["id"]},"module":"charts","submodule":"query","method":"","app":"main","reqId":"80269dee-812e-4848-bf80-709fd3497f7f","dataSourceKey":"main","timestamp":"2025-05-01 01:16:14"}
{"level":"info","message":"filter-parse: ","meta":{"$user":{"id":1}},"module":"charts","submodule":"query","method":"","app":"main","reqId":"80269dee-812e-4848-bf80-709fd3497f7f","dataSourceKey":"main","timestamp":"2025-05-01 01:16:14"}
{"level":"info","message":"filter-parse: ","meta":{"userFields":["id"]},"module":"charts","submodule":"query","method":"","app":"main","reqId":"2403bb4c-1c2b-46e0-bc6e-bf7b11b9e657","dataSourceKey":"main","timestamp":"2025-05-01 01:16:35"}
{"level":"info","message":"filter-parse: ","meta":{"$user":{"id":1}},"module":"charts","submodule":"query","method":"","app":"main","reqId":"2403bb4c-1c2b-46e0-bc6e-bf7b11b9e657","dataSourceKey":"main","timestamp":"2025-05-01 01:16:35"}
{"level":"info","message":"filter-parse: ","meta":{"userFields":["id"]},"module":"charts","submodule":"query","method":"","app":"main","reqId":"83da84ec-0619-4d2b-ab5a-be0ca335cef3","dataSourceKey":"main","timestamp":"2025-05-01 01:16:48"}
{"level":"info","message":"filter-parse: ","meta":{"$user":{"id":1}},"module":"charts","submodule":"query","method":"","app":"main","reqId":"83da84ec-0619-4d2b-ab5a-be0ca335cef3","dataSourceKey":"main","timestamp":"2025-05-01 01:16:48"}
{"level":"info","message":"filter-parse: ","meta":{"userFields":["id"]},"module":"charts","submodule":"query","method":"","app":"main","reqId":"c0425c51-e1d0-4939-b89c-2f4262bae628","dataSourceKey":"main","timestamp":"2025-05-01 01:17:18"}
{"level":"info","message":"filter-parse: ","meta":{"$user":{"id":1}},"module":"charts","submodule":"query","method":"","app":"main","reqId":"c0425c51-e1d0-4939-b89c-2f4262bae628","dataSourceKey":"main","timestamp":"2025-05-01 01:17:18"}
{"level":"info","message":"filter-parse: ","meta":{"userFields":["id"]},"module":"charts","submodule":"query","method":"","app":"main","reqId":"ad4a901d-3eff-45f1-8d91-486e301f21b3","dataSourceKey":"main","timestamp":"2025-05-01 01:17:44"}
{"level":"info","message":"filter-parse: ","meta":{"$user":{"id":1}},"module":"charts","submodule":"query","method":"","app":"main","reqId":"ad4a901d-3eff-45f1-8d91-486e301f21b3","dataSourceKey":"main","timestamp":"2025-05-01 01:17:44"}
{"level":"info","message":"filter-parse: ","meta":{"userFields":["id"]},"module":"charts","submodule":"query","method":"","app":"main","reqId":"b5086366-75c1-445b-841a-3d096b957175","dataSourceKey":"main","timestamp":"2025-05-01 01:17:50"}
{"level":"info","message":"filter-parse: ","meta":{"$user":{"id":1}},"module":"charts","submodule":"query","method":"","app":"main","reqId":"b5086366-75c1-445b-841a-3d096b957175","dataSourceKey":"main","timestamp":"2025-05-01 01:17:50"}
{"level":"info","message":"filter-parse: ","meta":{"userFields":["id"]},"module":"charts","submodule":"query","method":"","app":"main","reqId":"1b72b4a5-ac3f-4ea1-a57d-23fe0e37c75c","dataSourceKey":"main","timestamp":"2025-05-01 01:17:50"}
{"level":"info","message":"filter-parse: ","meta":{"$user":{"id":1}},"module":"charts","submodule":"query","method":"","app":"main","reqId":"1b72b4a5-ac3f-4ea1-a57d-23fe0e37c75c","dataSourceKey":"main","timestamp":"2025-05-01 01:17:50"}
{"level":"info","message":"filter-parse: ","meta":{"userFields":["id"]},"module":"salary","submodule":"list","method":"","app":"main","reqId":"1bee2074-741c-44ac-9da1-f87308e06d33","dataSourceKey":"main","timestamp":"2025-05-01 01:18:34"}
{"level":"info","message":"filter-parse: ","meta":{"$user":{"id":1}},"module":"salary","submodule":"list","method":"","app":"main","reqId":"1bee2074-741c-44ac-9da1-f87308e06d33","dataSourceKey":"main","timestamp":"2025-05-01 01:18:35"}
{"level":"info","message":"filter-parse: ","meta":{"userFields":["id"]},"module":"salary","submodule":"list","method":"","app":"main","reqId":"890aa77e-9d85-4df3-ac3d-f7c2540491c3","dataSourceKey":"main","timestamp":"2025-05-01 01:18:52"}
{"level":"info","message":"filter-parse: ","meta":{"$user":{"id":1}},"module":"salary","submodule":"list","method":"","app":"main","reqId":"890aa77e-9d85-4df3-ac3d-f7c2540491c3","dataSourceKey":"main","timestamp":"2025-05-01 01:18:53"}
{"level":"info","message":"filter-parse: ","meta":{"userFields":["id"]},"module":"salary","submodule":"list","method":"","app":"main","reqId":"004c21fd-716a-4203-80e8-5f0f2db78e91","dataSourceKey":"main","timestamp":"2025-05-01 01:19:08"}
{"level":"info","message":"filter-parse: ","meta":{"$user":{"id":1}},"module":"salary","submodule":"list","method":"","app":"main","reqId":"004c21fd-716a-4203-80e8-5f0f2db78e91","dataSourceKey":"main","timestamp":"2025-05-01 01:19:08"}
