{"level":"info","message":"add app main into supervisor","meta":{},"module":"application","submodule":"supervisor","method":"addApp","app":"main","reqId":"a68e9e73-7843-4560-be20-78aa015ff26f","dataSourceKey":"main","timestamp":"2025-04-27 09:38:34"}
{"level":"warn","message":"attempt 1/9: Unable to connect to the database: the database system is starting up","meta":{},"module":"database","submodule":"","method":"auth","app":"main","reqId":"a68e9e73-7843-4560-be20-78aa015ff26f","dataSourceKey":"main","timestamp":"2025-04-27 09:38:34"}
{"level":"warn","message":"will retry in 50ms...","meta":{},"module":"database","submodule":"","method":"auth","app":"main","reqId":"a68e9e73-7843-4560-be20-78aa015ff26f","dataSourceKey":"main","timestamp":"2025-04-27 09:38:34"}
{"level":"warn","message":"attempt 2/9: Unable to connect to the database: the database system is starting up","meta":{},"module":"database","submodule":"","method":"auth","app":"main","reqId":"a68e9e73-7843-4560-be20-78aa015ff26f","dataSourceKey":"main","timestamp":"2025-04-27 09:38:34"}
{"level":"warn","message":"will retry in 100ms...","meta":{},"module":"database","submodule":"","method":"auth","app":"main","reqId":"a68e9e73-7843-4560-be20-78aa015ff26f","dataSourceKey":"main","timestamp":"2025-04-27 09:38:34"}
{"level":"warn","message":"attempt 3/9: Unable to connect to the database: the database system is starting up","meta":{},"module":"database","submodule":"","method":"auth","app":"main","reqId":"a68e9e73-7843-4560-be20-78aa015ff26f","dataSourceKey":"main","timestamp":"2025-04-27 09:38:34"}
{"level":"warn","message":"will retry in 200ms...","meta":{},"module":"database","submodule":"","method":"auth","app":"main","reqId":"a68e9e73-7843-4560-be20-78aa015ff26f","dataSourceKey":"main","timestamp":"2025-04-27 09:38:34"}
{"level":"warn","message":"attempt 4/9: Unable to connect to the database: the database system is starting up","meta":{},"module":"database","submodule":"","method":"auth","app":"main","reqId":"a68e9e73-7843-4560-be20-78aa015ff26f","dataSourceKey":"main","timestamp":"2025-04-27 09:38:34"}
{"level":"warn","message":"will retry in 400ms...","meta":{},"module":"database","submodule":"","method":"auth","app":"main","reqId":"a68e9e73-7843-4560-be20-78aa015ff26f","dataSourceKey":"main","timestamp":"2025-04-27 09:38:34"}
{"level":"warn","message":"attempt 5/9: Unable to connect to the database: the database system is starting up","meta":{},"module":"database","submodule":"","method":"auth","app":"main","reqId":"a68e9e73-7843-4560-be20-78aa015ff26f","dataSourceKey":"main","timestamp":"2025-04-27 09:38:34"}
{"level":"warn","message":"will retry in 800ms...","meta":{},"module":"database","submodule":"","method":"auth","app":"main","reqId":"a68e9e73-7843-4560-be20-78aa015ff26f","dataSourceKey":"main","timestamp":"2025-04-27 09:38:34"}
{"level":"warn","message":"attempt 6/9: Unable to connect to the database: the database system is starting up","meta":{},"module":"database","submodule":"","method":"auth","app":"main","reqId":"a68e9e73-7843-4560-be20-78aa015ff26f","dataSourceKey":"main","timestamp":"2025-04-27 09:38:35"}
{"level":"warn","message":"will retry in 1600ms...","meta":{},"module":"database","submodule":"","method":"auth","app":"main","reqId":"a68e9e73-7843-4560-be20-78aa015ff26f","dataSourceKey":"main","timestamp":"2025-04-27 09:38:35"}
{"level":"warn","message":"attempt 7/9: Unable to connect to the database: the database system is starting up","meta":{},"module":"database","submodule":"","method":"auth","app":"main","reqId":"a68e9e73-7843-4560-be20-78aa015ff26f","dataSourceKey":"main","timestamp":"2025-04-27 09:38:37"}
{"level":"warn","message":"will retry in 3200ms...","meta":{},"module":"database","submodule":"","method":"auth","app":"main","reqId":"a68e9e73-7843-4560-be20-78aa015ff26f","dataSourceKey":"main","timestamp":"2025-04-27 09:38:37"}
{"level":"warn","message":"attempt 8/9: Unable to connect to the database: the database system is starting up","meta":{},"module":"database","submodule":"","method":"auth","app":"main","reqId":"a68e9e73-7843-4560-be20-78aa015ff26f","dataSourceKey":"main","timestamp":"2025-04-27 09:38:40"}
{"level":"info","message":"connection has been established successfully.","meta":{},"module":"database","submodule":"","method":"auth","app":"main","reqId":"a68e9e73-7843-4560-be20-78aa015ff26f","dataSourceKey":"main","timestamp":"2025-04-27 09:38:47"}
{"level":"info","message":"upgrading...","meta":{},"module":"application","submodule":"","method":"","app":"main","reqId":"a68e9e73-7843-4560-be20-78aa015ff26f","dataSourceKey":"main","timestamp":"2025-04-27 09:38:47"}
{"level":"info","message":"run upgrade","meta":{},"module":"application","submodule":"","method":"","app":"main","reqId":"a68e9e73-7843-4560-be20-78aa015ff26f","dataSourceKey":"main","timestamp":"2025-04-27 09:38:47"}
{"level":"info","message":"update built-in plugins","meta":{},"module":"nocobase","submodule":"","method":"","app":"main","reqId":"a68e9e73-7843-4560-be20-78aa015ff26f","dataSourceKey":"main","timestamp":"2025-04-27 09:38:47"}
{"level":"info","message":"run upgrade","meta":{},"module":"application","submodule":"","method":"","app":"main","reqId":"a68e9e73-7843-4560-be20-78aa015ff26f","dataSourceKey":"main","timestamp":"2025-04-27 09:38:50"}
{"level":"info","message":"restarting...","meta":{},"module":"application","submodule":"","method":"","app":"main","reqId":"a68e9e73-7843-4560-be20-78aa015ff26f","dataSourceKey":"main","timestamp":"2025-04-27 09:38:50"}
{"level":"info","message":"app.reload()","meta":{},"module":"application","submodule":"","method":"load","app":"main","reqId":"a68e9e73-7843-4560-be20-78aa015ff26f","dataSourceKey":"main","timestamp":"2025-04-27 09:38:50"}
{"level":"info","message":"write roles to ACL","meta":{},"module":"acl","submodule":"","method":"writeRolesToACL","app":"main","reqId":"a68e9e73-7843-4560-be20-78aa015ff26f","dataSourceKey":"main","timestamp":"2025-04-27 09:38:51"}
{"level":"info","message":"app has been started","meta":{},"module":"application","submodule":"","method":"","app":"main","reqId":"a68e9e73-7843-4560-be20-78aa015ff26f","dataSourceKey":"main","timestamp":"2025-04-27 09:38:52"}
{"level":"info","message":"token renewing","meta":{"url":"/api/myInAppMessages:count?filter[status]=unread","currentJti":"8ad441db-d955-4c81-821b-cd076c42694a"},"module":"myInAppMessages","submodule":"count","method":"auth.check","app":"main","reqId":"644f0c0a-35c3-40ed-97a3-92c573e62dab","dataSourceKey":"main","timestamp":"2025-04-27 23:17:30"}
{"level":"info","message":"token renewing","meta":{"jti":"8ad441db-d955-4c81-821b-cd076c42694a"},"module":"myInAppMessages","submodule":"count","method":"auth.check","app":"main","reqId":"644f0c0a-35c3-40ed-97a3-92c573e62dab","dataSourceKey":"main","timestamp":"2025-04-27 23:17:30"}
{"level":"info","message":"jti renewed","meta":{"oldJti":"8ad441db-d955-4c81-821b-cd076c42694a","newJti":"f542178c-0560-493b-b1c9-ee0835d82756","issuedTime":1745795850081},"module":"application","submodule":"","method":"","app":"main","reqId":"a68e9e73-7843-4560-be20-78aa015ff26f","dataSourceKey":"main","timestamp":"2025-04-27 23:17:30"}
{"level":"info","message":"token renewed","meta":{"oldJti":"8ad441db-d955-4c81-821b-cd076c42694a","newJti":"f542178c-0560-493b-b1c9-ee0835d82756"},"module":"myInAppMessages","submodule":"count","method":"auth.check","app":"main","reqId":"644f0c0a-35c3-40ed-97a3-92c573e62dab","dataSourceKey":"main","timestamp":"2025-04-27 23:17:30"}
{"level":"info","message":"parseJsonTemplate.raw","meta":{"$and":[{"coach_db":{"users_id":{"$eq":"{{$user.id}}"}}}]},"module":"attendance","submodule":"list","method":"","app":"main","reqId":"6b91205b-0f10-4b12-9ebb-c7b5d92ab871","dataSourceKey":"main","timestamp":"2025-04-27 23:44:10"}
{"level":"info","message":"filter-parse: ","meta":{"userFields":["id"]},"module":"attendance","submodule":"list","method":"","app":"main","reqId":"6b91205b-0f10-4b12-9ebb-c7b5d92ab871","dataSourceKey":"main","timestamp":"2025-04-27 23:44:10"}
{"level":"info","message":"filter-parse: ","meta":{"$user":{"id":1}},"module":"attendance","submodule":"list","method":"","app":"main","reqId":"6b91205b-0f10-4b12-9ebb-c7b5d92ab871","dataSourceKey":"main","timestamp":"2025-04-27 23:44:10"}
{"level":"info","message":"parseJsonTemplate.parsed","meta":{"$and":[{"coach_db":{"users_id":{"$eq":1}}}]},"module":"attendance","submodule":"list","method":"","app":"main","reqId":"6b91205b-0f10-4b12-9ebb-c7b5d92ab871","dataSourceKey":"main","timestamp":"2025-04-27 23:44:10"}
{"level":"info","message":"parseJsonTemplate.raw","meta":{"$and":[{"coach_db":{"users_id":{"$eq":"{{$user.id}}"}}}]},"module":"attendance","submodule":"list","method":"","app":"main","reqId":"77727045-1f5e-4cc1-b3b7-5963f827e544","dataSourceKey":"main","timestamp":"2025-04-27 23:44:28"}
{"level":"info","message":"filter-parse: ","meta":{"userFields":["id"]},"module":"attendance","submodule":"list","method":"","app":"main","reqId":"77727045-1f5e-4cc1-b3b7-5963f827e544","dataSourceKey":"main","timestamp":"2025-04-27 23:44:28"}
{"level":"info","message":"filter-parse: ","meta":{"$user":{"id":2}},"module":"attendance","submodule":"list","method":"","app":"main","reqId":"77727045-1f5e-4cc1-b3b7-5963f827e544","dataSourceKey":"main","timestamp":"2025-04-27 23:44:28"}
{"level":"info","message":"parseJsonTemplate.parsed","meta":{"$and":[{"coach_db":{"users_id":{"$eq":2}}}]},"module":"attendance","submodule":"list","method":"","app":"main","reqId":"77727045-1f5e-4cc1-b3b7-5963f827e544","dataSourceKey":"main","timestamp":"2025-04-27 23:44:28"}
{"level":"info","message":"parseJsonTemplate.raw","meta":{"$and":[{"coach_db":{"users_id":{"$eq":"{{$user.id}}"}}}]},"module":"attendance","submodule":"list","method":"","app":"main","reqId":"9a9dd2d5-cc22-4a76-9a66-3e8360fbdcc5","dataSourceKey":"main","timestamp":"2025-04-27 23:44:39"}
{"level":"info","message":"filter-parse: ","meta":{"userFields":["id"]},"module":"attendance","submodule":"list","method":"","app":"main","reqId":"9a9dd2d5-cc22-4a76-9a66-3e8360fbdcc5","dataSourceKey":"main","timestamp":"2025-04-27 23:44:39"}
{"level":"info","message":"filter-parse: ","meta":{"$user":{"id":1}},"module":"attendance","submodule":"list","method":"","app":"main","reqId":"9a9dd2d5-cc22-4a76-9a66-3e8360fbdcc5","dataSourceKey":"main","timestamp":"2025-04-27 23:44:39"}
{"level":"info","message":"parseJsonTemplate.parsed","meta":{"$and":[{"coach_db":{"users_id":{"$eq":1}}}]},"module":"attendance","submodule":"list","method":"","app":"main","reqId":"9a9dd2d5-cc22-4a76-9a66-3e8360fbdcc5","dataSourceKey":"main","timestamp":"2025-04-27 23:44:39"}
