{"level":"info","message":"add app main into supervisor","meta":{},"module":"application","submodule":"supervisor","method":"addApp","app":"main","reqId":"6b880442-65b6-47c6-a357-e9ddac235d42","dataSourceKey":"main","timestamp":"2025-04-20 09:14:54"}
{"level":"warn","message":"attempt 1/9: Unable to connect to the database: the database system is starting up","meta":{},"module":"database","submodule":"","method":"auth","app":"main","reqId":"6b880442-65b6-47c6-a357-e9ddac235d42","dataSourceKey":"main","timestamp":"2025-04-20 09:14:54"}
{"level":"warn","message":"will retry in 50ms...","meta":{},"module":"database","submodule":"","method":"auth","app":"main","reqId":"6b880442-65b6-47c6-a357-e9ddac235d42","dataSourceKey":"main","timestamp":"2025-04-20 09:14:54"}
{"level":"warn","message":"attempt 2/9: Unable to connect to the database: the database system is starting up","meta":{},"module":"database","submodule":"","method":"auth","app":"main","reqId":"6b880442-65b6-47c6-a357-e9ddac235d42","dataSourceKey":"main","timestamp":"2025-04-20 09:14:54"}
{"level":"warn","message":"will retry in 100ms...","meta":{},"module":"database","submodule":"","method":"auth","app":"main","reqId":"6b880442-65b6-47c6-a357-e9ddac235d42","dataSourceKey":"main","timestamp":"2025-04-20 09:14:54"}
{"level":"warn","message":"attempt 3/9: Unable to connect to the database: the database system is starting up","meta":{},"module":"database","submodule":"","method":"auth","app":"main","reqId":"6b880442-65b6-47c6-a357-e9ddac235d42","dataSourceKey":"main","timestamp":"2025-04-20 09:14:54"}
{"level":"warn","message":"will retry in 200ms...","meta":{},"module":"database","submodule":"","method":"auth","app":"main","reqId":"6b880442-65b6-47c6-a357-e9ddac235d42","dataSourceKey":"main","timestamp":"2025-04-20 09:14:54"}
{"level":"warn","message":"attempt 4/9: Unable to connect to the database: the database system is starting up","meta":{},"module":"database","submodule":"","method":"auth","app":"main","reqId":"6b880442-65b6-47c6-a357-e9ddac235d42","dataSourceKey":"main","timestamp":"2025-04-20 09:14:55"}
{"level":"warn","message":"will retry in 400ms...","meta":{},"module":"database","submodule":"","method":"auth","app":"main","reqId":"6b880442-65b6-47c6-a357-e9ddac235d42","dataSourceKey":"main","timestamp":"2025-04-20 09:14:55"}
{"level":"warn","message":"attempt 5/9: Unable to connect to the database: the database system is starting up","meta":{},"module":"database","submodule":"","method":"auth","app":"main","reqId":"6b880442-65b6-47c6-a357-e9ddac235d42","dataSourceKey":"main","timestamp":"2025-04-20 09:14:55"}
{"level":"warn","message":"will retry in 800ms...","meta":{},"module":"database","submodule":"","method":"auth","app":"main","reqId":"6b880442-65b6-47c6-a357-e9ddac235d42","dataSourceKey":"main","timestamp":"2025-04-20 09:14:55"}
{"level":"warn","message":"attempt 6/9: Unable to connect to the database: the database system is starting up","meta":{},"module":"database","submodule":"","method":"auth","app":"main","reqId":"6b880442-65b6-47c6-a357-e9ddac235d42","dataSourceKey":"main","timestamp":"2025-04-20 09:14:56"}
{"level":"warn","message":"will retry in 1600ms...","meta":{},"module":"database","submodule":"","method":"auth","app":"main","reqId":"6b880442-65b6-47c6-a357-e9ddac235d42","dataSourceKey":"main","timestamp":"2025-04-20 09:14:56"}
{"level":"warn","message":"attempt 7/9: Unable to connect to the database: the database system is starting up","meta":{},"module":"database","submodule":"","method":"auth","app":"main","reqId":"6b880442-65b6-47c6-a357-e9ddac235d42","dataSourceKey":"main","timestamp":"2025-04-20 09:14:57"}
{"level":"warn","message":"will retry in 3200ms...","meta":{},"module":"database","submodule":"","method":"auth","app":"main","reqId":"6b880442-65b6-47c6-a357-e9ddac235d42","dataSourceKey":"main","timestamp":"2025-04-20 09:14:57"}
{"level":"warn","message":"attempt 8/9: Unable to connect to the database: the database system is starting up","meta":{},"module":"database","submodule":"","method":"auth","app":"main","reqId":"6b880442-65b6-47c6-a357-e9ddac235d42","dataSourceKey":"main","timestamp":"2025-04-20 09:15:01"}
{"level":"info","message":"connection has been established successfully.","meta":{},"module":"database","submodule":"","method":"auth","app":"main","reqId":"6b880442-65b6-47c6-a357-e9ddac235d42","dataSourceKey":"main","timestamp":"2025-04-20 09:15:07"}
{"level":"info","message":"upgrading...","meta":{},"module":"application","submodule":"","method":"","app":"main","reqId":"6b880442-65b6-47c6-a357-e9ddac235d42","dataSourceKey":"main","timestamp":"2025-04-20 09:15:07"}
{"level":"info","message":"run upgrade","meta":{},"module":"application","submodule":"","method":"","app":"main","reqId":"6b880442-65b6-47c6-a357-e9ddac235d42","dataSourceKey":"main","timestamp":"2025-04-20 09:15:08"}
{"level":"info","message":"update built-in plugins","meta":{},"module":"nocobase","submodule":"","method":"","app":"main","reqId":"6b880442-65b6-47c6-a357-e9ddac235d42","dataSourceKey":"main","timestamp":"2025-04-20 09:15:08"}
{"level":"info","message":"run upgrade","meta":{},"module":"application","submodule":"","method":"","app":"main","reqId":"6b880442-65b6-47c6-a357-e9ddac235d42","dataSourceKey":"main","timestamp":"2025-04-20 09:15:10"}
{"level":"info","message":"restarting...","meta":{},"module":"application","submodule":"","method":"","app":"main","reqId":"6b880442-65b6-47c6-a357-e9ddac235d42","dataSourceKey":"main","timestamp":"2025-04-20 09:15:10"}
{"level":"info","message":"app.reload()","meta":{},"module":"application","submodule":"","method":"load","app":"main","reqId":"6b880442-65b6-47c6-a357-e9ddac235d42","dataSourceKey":"main","timestamp":"2025-04-20 09:15:10"}
{"level":"info","message":"write roles to ACL","meta":{},"module":"acl","submodule":"","method":"writeRolesToACL","app":"main","reqId":"6b880442-65b6-47c6-a357-e9ddac235d42","dataSourceKey":"main","timestamp":"2025-04-20 09:15:11"}
{"level":"info","message":"app has been started","meta":{},"module":"application","submodule":"","method":"","app":"main","reqId":"6b880442-65b6-47c6-a357-e9ddac235d42","dataSourceKey":"main","timestamp":"2025-04-20 09:15:11"}
{"level":"info","message":"token renewing","meta":{"currentJti":"0e7f3ca3-4668-4982-bd51-e8dabe040109"},"module":"application","submodule":"","method":"auth.check","app":"main","reqId":"6b880442-65b6-47c6-a357-e9ddac235d42","dataSourceKey":"main","timestamp":"2025-04-20 09:16:03"}
{"level":"info","message":"token renewing","meta":{"url":"/api/auth:check","currentJti":"0e7f3ca3-4668-4982-bd51-e8dabe040109"},"module":"auth","submodule":"check","method":"auth.check","app":"main","reqId":"b1911a1b-50b2-4ed1-9260-d1591008f0e9","dataSourceKey":"main","timestamp":"2025-04-20 09:16:03"}
{"level":"info","message":"token renewing","meta":{"jti":"0e7f3ca3-4668-4982-bd51-e8dabe040109"},"module":"auth","submodule":"check","method":"auth.check","app":"main","reqId":"b1911a1b-50b2-4ed1-9260-d1591008f0e9","dataSourceKey":"main","timestamp":"2025-04-20 09:16:03"}
{"level":"info","message":"jti renewed","meta":{"oldJti":"0e7f3ca3-4668-4982-bd51-e8dabe040109","newJti":"575b0edf-76a0-4154-a078-31e9e90aa703","issuedTime":1745140563365},"module":"application","submodule":"","method":"","app":"main","reqId":"6b880442-65b6-47c6-a357-e9ddac235d42","dataSourceKey":"main","timestamp":"2025-04-20 09:16:03"}
{"level":"info","message":"token renewed","meta":{"oldJti":"0e7f3ca3-4668-4982-bd51-e8dabe040109","newJti":"575b0edf-76a0-4154-a078-31e9e90aa703"},"module":"auth","submodule":"check","method":"auth.check","app":"main","reqId":"b1911a1b-50b2-4ed1-9260-d1591008f0e9","dataSourceKey":"main","timestamp":"2025-04-20 09:16:03"}
