{"level":"info","message":"parseJsonTemplate.raw","meta":{"$and":[{"$and":[{"name.$ne":"roles"},{"name.$ne":"rolesUsers"}]},{"name.$ne":"users"}]},"module":"collections","submodule":"destroy","method":"","app":"main","reqId":"34dcc8bd-a584-4db7-8c4b-2f6ee1e533f9","dataSourceKey":"main","timestamp":"2025-04-01 03:56:42"}
{"level":"info","message":"parseJsonTemplate.parsed","meta":{"$and":[{"$and":[{"name":{"$ne":"roles"}},{"name":{"$ne":"rolesUsers"}}]},{"name":{"$ne":"users"}}]},"module":"collections","submodule":"destroy","method":"","app":"main","reqId":"34dcc8bd-a584-4db7-8c4b-2f6ee1e533f9","dataSourceKey":"main","timestamp":"2025-04-01 03:56:42"}
{"level":"info","message":"add app main into supervisor","meta":{},"module":"application","submodule":"supervisor","method":"addApp","app":"main","reqId":"f654ece6-b9ab-469d-a1b6-fd0b3d2c3545","dataSourceKey":"main","timestamp":"2025-04-01 04:02:45"}
{"level":"warn","message":"attempt 1/9: Unable to connect to the database: getaddrinfo EAI_AGAIN postgres","meta":{},"module":"database","submodule":"","method":"auth","app":"main","reqId":"f654ece6-b9ab-469d-a1b6-fd0b3d2c3545","dataSourceKey":"main","timestamp":"2025-04-01 04:02:53"}
{"level":"warn","message":"will retry in 50ms...","meta":{},"module":"database","submodule":"","method":"auth","app":"main","reqId":"f654ece6-b9ab-469d-a1b6-fd0b3d2c3545","dataSourceKey":"main","timestamp":"2025-04-01 04:02:53"}
{"level":"warn","message":"attempt 2/9: Unable to connect to the database: getaddrinfo EAI_AGAIN postgres","meta":{},"module":"database","submodule":"","method":"auth","app":"main","reqId":"f654ece6-b9ab-469d-a1b6-fd0b3d2c3545","dataSourceKey":"main","timestamp":"2025-04-01 04:03:01"}
{"level":"warn","message":"will retry in 100ms...","meta":{},"module":"database","submodule":"","method":"auth","app":"main","reqId":"f654ece6-b9ab-469d-a1b6-fd0b3d2c3545","dataSourceKey":"main","timestamp":"2025-04-01 04:03:01"}
{"level":"warn","message":"attempt 3/9: Unable to connect to the database: getaddrinfo EAI_AGAIN postgres","meta":{},"module":"database","submodule":"","method":"auth","app":"main","reqId":"f654ece6-b9ab-469d-a1b6-fd0b3d2c3545","dataSourceKey":"main","timestamp":"2025-04-01 04:03:09"}
{"level":"warn","message":"will retry in 200ms...","meta":{},"module":"database","submodule":"","method":"auth","app":"main","reqId":"f654ece6-b9ab-469d-a1b6-fd0b3d2c3545","dataSourceKey":"main","timestamp":"2025-04-01 04:03:09"}
{"level":"warn","message":"attempt 4/9: Unable to connect to the database: getaddrinfo EAI_AGAIN postgres","meta":{},"module":"database","submodule":"","method":"auth","app":"main","reqId":"f654ece6-b9ab-469d-a1b6-fd0b3d2c3545","dataSourceKey":"main","timestamp":"2025-04-01 04:03:18"}
{"level":"warn","message":"will retry in 400ms...","meta":{},"module":"database","submodule":"","method":"auth","app":"main","reqId":"f654ece6-b9ab-469d-a1b6-fd0b3d2c3545","dataSourceKey":"main","timestamp":"2025-04-01 04:03:18"}
{"level":"warn","message":"attempt 5/9: Unable to connect to the database: getaddrinfo EAI_AGAIN postgres","meta":{},"module":"database","submodule":"","method":"auth","app":"main","reqId":"f654ece6-b9ab-469d-a1b6-fd0b3d2c3545","dataSourceKey":"main","timestamp":"2025-04-01 04:03:26"}
{"level":"warn","message":"will retry in 800ms...","meta":{},"module":"database","submodule":"","method":"auth","app":"main","reqId":"f654ece6-b9ab-469d-a1b6-fd0b3d2c3545","dataSourceKey":"main","timestamp":"2025-04-01 04:03:26"}
{"level":"warn","message":"attempt 6/9: Unable to connect to the database: getaddrinfo EAI_AGAIN postgres","meta":{},"module":"database","submodule":"","method":"auth","app":"main","reqId":"f654ece6-b9ab-469d-a1b6-fd0b3d2c3545","dataSourceKey":"main","timestamp":"2025-04-01 04:03:35"}
{"level":"warn","message":"will retry in 1600ms...","meta":{},"module":"database","submodule":"","method":"auth","app":"main","reqId":"f654ece6-b9ab-469d-a1b6-fd0b3d2c3545","dataSourceKey":"main","timestamp":"2025-04-01 04:03:35"}
{"level":"info","message":"connection has been established successfully.","meta":{},"module":"database","submodule":"","method":"auth","app":"main","reqId":"f654ece6-b9ab-469d-a1b6-fd0b3d2c3545","dataSourceKey":"main","timestamp":"2025-04-01 04:03:37"}
{"level":"info","message":"upgrading...","meta":{},"module":"application","submodule":"","method":"","app":"main","reqId":"f654ece6-b9ab-469d-a1b6-fd0b3d2c3545","dataSourceKey":"main","timestamp":"2025-04-01 04:03:37"}
{"level":"info","message":"run upgrade","meta":{},"module":"application","submodule":"","method":"","app":"main","reqId":"f654ece6-b9ab-469d-a1b6-fd0b3d2c3545","dataSourceKey":"main","timestamp":"2025-04-01 04:03:37"}
{"level":"info","message":"update built-in plugins","meta":{},"module":"nocobase","submodule":"","method":"","app":"main","reqId":"f654ece6-b9ab-469d-a1b6-fd0b3d2c3545","dataSourceKey":"main","timestamp":"2025-04-01 04:03:37"}
{"level":"info","message":"run upgrade","meta":{},"module":"application","submodule":"","method":"","app":"main","reqId":"f654ece6-b9ab-469d-a1b6-fd0b3d2c3545","dataSourceKey":"main","timestamp":"2025-04-01 04:03:40"}
{"level":"info","message":"restarting...","meta":{},"module":"application","submodule":"","method":"","app":"main","reqId":"f654ece6-b9ab-469d-a1b6-fd0b3d2c3545","dataSourceKey":"main","timestamp":"2025-04-01 04:03:41"}
{"level":"info","message":"app.reload()","meta":{},"module":"application","submodule":"","method":"load","app":"main","reqId":"f654ece6-b9ab-469d-a1b6-fd0b3d2c3545","dataSourceKey":"main","timestamp":"2025-04-01 04:03:41"}
{"level":"info","message":"write roles to ACL","meta":{},"module":"acl","submodule":"","method":"writeRolesToACL","app":"main","reqId":"f654ece6-b9ab-469d-a1b6-fd0b3d2c3545","dataSourceKey":"main","timestamp":"2025-04-01 04:03:42"}
{"level":"info","message":"app has been started","meta":{},"module":"application","submodule":"","method":"","app":"main","reqId":"f654ece6-b9ab-469d-a1b6-fd0b3d2c3545","dataSourceKey":"main","timestamp":"2025-04-01 04:03:42"}
{"level":"info","message":"add app main into supervisor","meta":{},"module":"application","submodule":"supervisor","method":"addApp","app":"main","reqId":"b7927388-bde8-4e08-aef1-639286fd058f","dataSourceKey":"main","timestamp":"2025-04-01 14:11:53"}
{"level":"warn","message":"attempt 1/9: Unable to connect to the database: the database system is starting up","meta":{},"module":"database","submodule":"","method":"auth","app":"main","reqId":"b7927388-bde8-4e08-aef1-639286fd058f","dataSourceKey":"main","timestamp":"2025-04-01 14:11:53"}
{"level":"warn","message":"will retry in 50ms...","meta":{},"module":"database","submodule":"","method":"auth","app":"main","reqId":"b7927388-bde8-4e08-aef1-639286fd058f","dataSourceKey":"main","timestamp":"2025-04-01 14:11:53"}
{"level":"warn","message":"attempt 2/9: Unable to connect to the database: the database system is starting up","meta":{},"module":"database","submodule":"","method":"auth","app":"main","reqId":"b7927388-bde8-4e08-aef1-639286fd058f","dataSourceKey":"main","timestamp":"2025-04-01 14:11:53"}
{"level":"warn","message":"will retry in 100ms...","meta":{},"module":"database","submodule":"","method":"auth","app":"main","reqId":"b7927388-bde8-4e08-aef1-639286fd058f","dataSourceKey":"main","timestamp":"2025-04-01 14:11:53"}
{"level":"warn","message":"attempt 3/9: Unable to connect to the database: the database system is starting up","meta":{},"module":"database","submodule":"","method":"auth","app":"main","reqId":"b7927388-bde8-4e08-aef1-639286fd058f","dataSourceKey":"main","timestamp":"2025-04-01 14:11:53"}
{"level":"warn","message":"will retry in 200ms...","meta":{},"module":"database","submodule":"","method":"auth","app":"main","reqId":"b7927388-bde8-4e08-aef1-639286fd058f","dataSourceKey":"main","timestamp":"2025-04-01 14:11:53"}
{"level":"warn","message":"attempt 4/9: Unable to connect to the database: the database system is starting up","meta":{},"module":"database","submodule":"","method":"auth","app":"main","reqId":"b7927388-bde8-4e08-aef1-639286fd058f","dataSourceKey":"main","timestamp":"2025-04-01 14:11:54"}
{"level":"warn","message":"will retry in 400ms...","meta":{},"module":"database","submodule":"","method":"auth","app":"main","reqId":"b7927388-bde8-4e08-aef1-639286fd058f","dataSourceKey":"main","timestamp":"2025-04-01 14:11:54"}
{"level":"warn","message":"attempt 5/9: Unable to connect to the database: the database system is starting up","meta":{},"module":"database","submodule":"","method":"auth","app":"main","reqId":"b7927388-bde8-4e08-aef1-639286fd058f","dataSourceKey":"main","timestamp":"2025-04-01 14:11:54"}
{"level":"warn","message":"will retry in 800ms...","meta":{},"module":"database","submodule":"","method":"auth","app":"main","reqId":"b7927388-bde8-4e08-aef1-639286fd058f","dataSourceKey":"main","timestamp":"2025-04-01 14:11:54"}
{"level":"warn","message":"attempt 6/9: Unable to connect to the database: the database system is starting up","meta":{},"module":"database","submodule":"","method":"auth","app":"main","reqId":"b7927388-bde8-4e08-aef1-639286fd058f","dataSourceKey":"main","timestamp":"2025-04-01 14:11:55"}
{"level":"warn","message":"will retry in 1600ms...","meta":{},"module":"database","submodule":"","method":"auth","app":"main","reqId":"b7927388-bde8-4e08-aef1-639286fd058f","dataSourceKey":"main","timestamp":"2025-04-01 14:11:55"}
{"level":"warn","message":"attempt 7/9: Unable to connect to the database: the database system is starting up","meta":{},"module":"database","submodule":"","method":"auth","app":"main","reqId":"b7927388-bde8-4e08-aef1-639286fd058f","dataSourceKey":"main","timestamp":"2025-04-01 14:11:56"}
{"level":"warn","message":"will retry in 3200ms...","meta":{},"module":"database","submodule":"","method":"auth","app":"main","reqId":"b7927388-bde8-4e08-aef1-639286fd058f","dataSourceKey":"main","timestamp":"2025-04-01 14:11:56"}
{"level":"info","message":"connection has been established successfully.","meta":{},"module":"database","submodule":"","method":"auth","app":"main","reqId":"b7927388-bde8-4e08-aef1-639286fd058f","dataSourceKey":"main","timestamp":"2025-04-01 14:12:00"}
{"level":"info","message":"upgrading...","meta":{},"module":"application","submodule":"","method":"","app":"main","reqId":"b7927388-bde8-4e08-aef1-639286fd058f","dataSourceKey":"main","timestamp":"2025-04-01 14:12:00"}
{"level":"info","message":"run upgrade","meta":{},"module":"application","submodule":"","method":"","app":"main","reqId":"b7927388-bde8-4e08-aef1-639286fd058f","dataSourceKey":"main","timestamp":"2025-04-01 14:12:00"}
{"level":"info","message":"update built-in plugins","meta":{},"module":"nocobase","submodule":"","method":"","app":"main","reqId":"b7927388-bde8-4e08-aef1-639286fd058f","dataSourceKey":"main","timestamp":"2025-04-01 14:12:00"}
{"level":"info","message":"run upgrade","meta":{},"module":"application","submodule":"","method":"","app":"main","reqId":"b7927388-bde8-4e08-aef1-639286fd058f","dataSourceKey":"main","timestamp":"2025-04-01 14:12:02"}
{"level":"info","message":"restarting...","meta":{},"module":"application","submodule":"","method":"","app":"main","reqId":"b7927388-bde8-4e08-aef1-639286fd058f","dataSourceKey":"main","timestamp":"2025-04-01 14:12:02"}
{"level":"info","message":"app.reload()","meta":{},"module":"application","submodule":"","method":"load","app":"main","reqId":"b7927388-bde8-4e08-aef1-639286fd058f","dataSourceKey":"main","timestamp":"2025-04-01 14:12:02"}
{"level":"info","message":"write roles to ACL","meta":{},"module":"acl","submodule":"","method":"writeRolesToACL","app":"main","reqId":"b7927388-bde8-4e08-aef1-639286fd058f","dataSourceKey":"main","timestamp":"2025-04-01 14:12:03"}
{"level":"info","message":"app has been started","meta":{},"module":"application","submodule":"","method":"","app":"main","reqId":"b7927388-bde8-4e08-aef1-639286fd058f","dataSourceKey":"main","timestamp":"2025-04-01 14:12:03"}
{"level":"info","message":"add app main into supervisor","meta":{},"module":"application","submodule":"supervisor","method":"addApp","app":"main","reqId":"2c405171-cab8-4880-a85e-9d37677ce2c6","dataSourceKey":"main","timestamp":"2025-04-01 14:28:07"}
{"level":"info","message":"connection has been established successfully.","meta":{},"module":"database","submodule":"","method":"auth","app":"main","reqId":"2c405171-cab8-4880-a85e-9d37677ce2c6","dataSourceKey":"main","timestamp":"2025-04-01 14:28:08"}
{"level":"info","message":"upgrading...","meta":{},"module":"application","submodule":"","method":"","app":"main","reqId":"2c405171-cab8-4880-a85e-9d37677ce2c6","dataSourceKey":"main","timestamp":"2025-04-01 14:28:08"}
{"level":"info","message":"run upgrade","meta":{},"module":"application","submodule":"","method":"","app":"main","reqId":"2c405171-cab8-4880-a85e-9d37677ce2c6","dataSourceKey":"main","timestamp":"2025-04-01 14:28:08"}
{"level":"info","message":"update built-in plugins","meta":{},"module":"nocobase","submodule":"","method":"","app":"main","reqId":"2c405171-cab8-4880-a85e-9d37677ce2c6","dataSourceKey":"main","timestamp":"2025-04-01 14:28:08"}
{"level":"info","message":"run upgrade","meta":{},"module":"application","submodule":"","method":"","app":"main","reqId":"2c405171-cab8-4880-a85e-9d37677ce2c6","dataSourceKey":"main","timestamp":"2025-04-01 14:28:10"}
{"level":"info","message":"restarting...","meta":{},"module":"application","submodule":"","method":"","app":"main","reqId":"2c405171-cab8-4880-a85e-9d37677ce2c6","dataSourceKey":"main","timestamp":"2025-04-01 14:28:10"}
{"level":"info","message":"app.reload()","meta":{},"module":"application","submodule":"","method":"load","app":"main","reqId":"2c405171-cab8-4880-a85e-9d37677ce2c6","dataSourceKey":"main","timestamp":"2025-04-01 14:28:10"}
{"level":"info","message":"write roles to ACL","meta":{},"module":"acl","submodule":"","method":"writeRolesToACL","app":"main","reqId":"2c405171-cab8-4880-a85e-9d37677ce2c6","dataSourceKey":"main","timestamp":"2025-04-01 14:28:11"}
{"level":"info","message":"app has been started","meta":{},"module":"application","submodule":"","method":"","app":"main","reqId":"2c405171-cab8-4880-a85e-9d37677ce2c6","dataSourceKey":"main","timestamp":"2025-04-01 14:28:11"}
{"level":"info","message":"token renewing","meta":{"currentJti":"4730345f-8afe-4246-910b-85e4705079d7"},"module":"application","submodule":"","method":"auth.check","app":"main","reqId":"2c405171-cab8-4880-a85e-9d37677ce2c6","dataSourceKey":"main","timestamp":"2025-04-01 14:28:11"}
{"level":"info","message":"token renewing","meta":{"currentJti":"4730345f-8afe-4246-910b-85e4705079d7"},"module":"application","submodule":"","method":"auth.check","app":"main","reqId":"2c405171-cab8-4880-a85e-9d37677ce2c6","dataSourceKey":"main","timestamp":"2025-04-01 14:29:17"}
{"level":"info","message":"token renewing","meta":{"url":"/api/auth:check","currentJti":"4730345f-8afe-4246-910b-85e4705079d7"},"module":"auth","submodule":"check","method":"auth.check","app":"main","reqId":"b98d6e93-34b0-4e4a-bf4a-35d1739b37b3","dataSourceKey":"main","timestamp":"2025-04-01 14:29:17"}
{"level":"info","message":"token renewing","meta":{"jti":"4730345f-8afe-4246-910b-85e4705079d7"},"module":"auth","submodule":"check","method":"auth.check","app":"main","reqId":"b98d6e93-34b0-4e4a-bf4a-35d1739b37b3","dataSourceKey":"main","timestamp":"2025-04-01 14:29:17"}
{"level":"info","message":"add app main into supervisor","meta":{},"module":"application","submodule":"supervisor","method":"addApp","app":"main","reqId":"83611ec7-2d20-4efa-add7-63d1b48ae283","dataSourceKey":"main","timestamp":"2025-04-01 14:54:21"}
{"level":"info","message":"connection has been established successfully.","meta":{},"module":"database","submodule":"","method":"auth","app":"main","reqId":"83611ec7-2d20-4efa-add7-63d1b48ae283","dataSourceKey":"main","timestamp":"2025-04-01 14:54:21"}
{"level":"info","message":"upgrading...","meta":{},"module":"application","submodule":"","method":"","app":"main","reqId":"83611ec7-2d20-4efa-add7-63d1b48ae283","dataSourceKey":"main","timestamp":"2025-04-01 14:54:21"}
{"level":"info","message":"run upgrade","meta":{},"module":"application","submodule":"","method":"","app":"main","reqId":"83611ec7-2d20-4efa-add7-63d1b48ae283","dataSourceKey":"main","timestamp":"2025-04-01 14:54:22"}
{"level":"info","message":"update built-in plugins","meta":{},"module":"nocobase","submodule":"","method":"","app":"main","reqId":"83611ec7-2d20-4efa-add7-63d1b48ae283","dataSourceKey":"main","timestamp":"2025-04-01 14:54:22"}
{"level":"info","message":"run upgrade","meta":{},"module":"application","submodule":"","method":"","app":"main","reqId":"83611ec7-2d20-4efa-add7-63d1b48ae283","dataSourceKey":"main","timestamp":"2025-04-01 14:54:25"}
{"level":"info","message":"restarting...","meta":{},"module":"application","submodule":"","method":"","app":"main","reqId":"83611ec7-2d20-4efa-add7-63d1b48ae283","dataSourceKey":"main","timestamp":"2025-04-01 14:54:25"}
{"level":"info","message":"app.reload()","meta":{},"module":"application","submodule":"","method":"load","app":"main","reqId":"83611ec7-2d20-4efa-add7-63d1b48ae283","dataSourceKey":"main","timestamp":"2025-04-01 14:54:25"}
{"level":"info","message":"write roles to ACL","meta":{},"module":"acl","submodule":"","method":"writeRolesToACL","app":"main","reqId":"83611ec7-2d20-4efa-add7-63d1b48ae283","dataSourceKey":"main","timestamp":"2025-04-01 14:54:26"}
{"level":"info","message":"app has been started","meta":{},"module":"application","submodule":"","method":"","app":"main","reqId":"83611ec7-2d20-4efa-add7-63d1b48ae283","dataSourceKey":"main","timestamp":"2025-04-01 14:54:26"}
{"level":"info","message":"add app main into supervisor","meta":{},"module":"application","submodule":"supervisor","method":"addApp","app":"main","reqId":"84931e73-2672-4d7f-9aca-f62284a280aa","dataSourceKey":"main","timestamp":"2025-04-01 14:54:56"}
{"level":"info","message":"connection has been established successfully.","meta":{},"module":"database","submodule":"","method":"auth","app":"main","reqId":"84931e73-2672-4d7f-9aca-f62284a280aa","dataSourceKey":"main","timestamp":"2025-04-01 14:54:56"}
{"level":"info","message":"upgrading...","meta":{},"module":"application","submodule":"","method":"","app":"main","reqId":"84931e73-2672-4d7f-9aca-f62284a280aa","dataSourceKey":"main","timestamp":"2025-04-01 14:54:56"}
{"level":"info","message":"run upgrade","meta":{},"module":"application","submodule":"","method":"","app":"main","reqId":"84931e73-2672-4d7f-9aca-f62284a280aa","dataSourceKey":"main","timestamp":"2025-04-01 14:54:56"}
{"level":"info","message":"update built-in plugins","meta":{},"module":"nocobase","submodule":"","method":"","app":"main","reqId":"84931e73-2672-4d7f-9aca-f62284a280aa","dataSourceKey":"main","timestamp":"2025-04-01 14:54:56"}
{"level":"info","message":"run upgrade","meta":{},"module":"application","submodule":"","method":"","app":"main","reqId":"84931e73-2672-4d7f-9aca-f62284a280aa","dataSourceKey":"main","timestamp":"2025-04-01 14:54:58"}
{"level":"info","message":"restarting...","meta":{},"module":"application","submodule":"","method":"","app":"main","reqId":"84931e73-2672-4d7f-9aca-f62284a280aa","dataSourceKey":"main","timestamp":"2025-04-01 14:54:58"}
{"level":"info","message":"app.reload()","meta":{},"module":"application","submodule":"","method":"load","app":"main","reqId":"84931e73-2672-4d7f-9aca-f62284a280aa","dataSourceKey":"main","timestamp":"2025-04-01 14:54:58"}
{"level":"info","message":"write roles to ACL","meta":{},"module":"acl","submodule":"","method":"writeRolesToACL","app":"main","reqId":"84931e73-2672-4d7f-9aca-f62284a280aa","dataSourceKey":"main","timestamp":"2025-04-01 14:54:59"}
{"level":"info","message":"app has been started","meta":{},"module":"application","submodule":"","method":"","app":"main","reqId":"84931e73-2672-4d7f-9aca-f62284a280aa","dataSourceKey":"main","timestamp":"2025-04-01 14:54:59"}
{"level":"info","message":"add app main into supervisor","meta":{},"module":"application","submodule":"supervisor","method":"addApp","app":"main","reqId":"21744c41-88f1-4e07-9810-6a17e5b0f409","dataSourceKey":"main","timestamp":"2025-04-01 14:57:28"}
{"level":"info","message":"connection has been established successfully.","meta":{},"module":"database","submodule":"","method":"auth","app":"main","reqId":"21744c41-88f1-4e07-9810-6a17e5b0f409","dataSourceKey":"main","timestamp":"2025-04-01 14:57:28"}
{"level":"info","message":"upgrading...","meta":{},"module":"application","submodule":"","method":"","app":"main","reqId":"21744c41-88f1-4e07-9810-6a17e5b0f409","dataSourceKey":"main","timestamp":"2025-04-01 14:57:28"}
{"level":"info","message":"run upgrade","meta":{},"module":"application","submodule":"","method":"","app":"main","reqId":"21744c41-88f1-4e07-9810-6a17e5b0f409","dataSourceKey":"main","timestamp":"2025-04-01 14:57:28"}
{"level":"info","message":"update built-in plugins","meta":{},"module":"nocobase","submodule":"","method":"","app":"main","reqId":"21744c41-88f1-4e07-9810-6a17e5b0f409","dataSourceKey":"main","timestamp":"2025-04-01 14:57:28"}
{"level":"info","message":"run upgrade","meta":{},"module":"application","submodule":"","method":"","app":"main","reqId":"21744c41-88f1-4e07-9810-6a17e5b0f409","dataSourceKey":"main","timestamp":"2025-04-01 14:57:30"}
{"level":"info","message":"restarting...","meta":{},"module":"application","submodule":"","method":"","app":"main","reqId":"21744c41-88f1-4e07-9810-6a17e5b0f409","dataSourceKey":"main","timestamp":"2025-04-01 14:57:30"}
{"level":"info","message":"app.reload()","meta":{},"module":"application","submodule":"","method":"load","app":"main","reqId":"21744c41-88f1-4e07-9810-6a17e5b0f409","dataSourceKey":"main","timestamp":"2025-04-01 14:57:30"}
{"level":"info","message":"write roles to ACL","meta":{},"module":"acl","submodule":"","method":"writeRolesToACL","app":"main","reqId":"21744c41-88f1-4e07-9810-6a17e5b0f409","dataSourceKey":"main","timestamp":"2025-04-01 14:57:31"}
{"level":"info","message":"app has been started","meta":{},"module":"application","submodule":"","method":"","app":"main","reqId":"21744c41-88f1-4e07-9810-6a17e5b0f409","dataSourceKey":"main","timestamp":"2025-04-01 14:57:31"}
