{"level":"info","message":"add app main into supervisor","meta":{},"module":"application","submodule":"supervisor","method":"addApp","app":"main","reqId":"32817966-9726-40e0-b9d9-7b94c1a62835","dataSourceKey":"main","timestamp":"2025-05-10 11:33:58"}
{"level":"warn","message":"attempt 1/9: Unable to connect to the database: the database system is starting up","meta":{},"module":"database","submodule":"","method":"auth","app":"main","reqId":"32817966-9726-40e0-b9d9-7b94c1a62835","dataSourceKey":"main","timestamp":"2025-05-10 11:33:58"}
{"level":"warn","message":"will retry in 50ms...","meta":{},"module":"database","submodule":"","method":"auth","app":"main","reqId":"32817966-9726-40e0-b9d9-7b94c1a62835","dataSourceKey":"main","timestamp":"2025-05-10 11:33:58"}
{"level":"warn","message":"attempt 2/9: Unable to connect to the database: the database system is starting up","meta":{},"module":"database","submodule":"","method":"auth","app":"main","reqId":"32817966-9726-40e0-b9d9-7b94c1a62835","dataSourceKey":"main","timestamp":"2025-05-10 11:33:58"}
{"level":"warn","message":"will retry in 100ms...","meta":{},"module":"database","submodule":"","method":"auth","app":"main","reqId":"32817966-9726-40e0-b9d9-7b94c1a62835","dataSourceKey":"main","timestamp":"2025-05-10 11:33:58"}
{"level":"warn","message":"attempt 3/9: Unable to connect to the database: the database system is starting up","meta":{},"module":"database","submodule":"","method":"auth","app":"main","reqId":"32817966-9726-40e0-b9d9-7b94c1a62835","dataSourceKey":"main","timestamp":"2025-05-10 11:33:58"}
{"level":"warn","message":"will retry in 200ms...","meta":{},"module":"database","submodule":"","method":"auth","app":"main","reqId":"32817966-9726-40e0-b9d9-7b94c1a62835","dataSourceKey":"main","timestamp":"2025-05-10 11:33:58"}
{"level":"warn","message":"attempt 4/9: Unable to connect to the database: the database system is starting up","meta":{},"module":"database","submodule":"","method":"auth","app":"main","reqId":"32817966-9726-40e0-b9d9-7b94c1a62835","dataSourceKey":"main","timestamp":"2025-05-10 11:33:58"}
{"level":"warn","message":"will retry in 400ms...","meta":{},"module":"database","submodule":"","method":"auth","app":"main","reqId":"32817966-9726-40e0-b9d9-7b94c1a62835","dataSourceKey":"main","timestamp":"2025-05-10 11:33:58"}
{"level":"warn","message":"attempt 5/9: Unable to connect to the database: the database system is starting up","meta":{},"module":"database","submodule":"","method":"auth","app":"main","reqId":"32817966-9726-40e0-b9d9-7b94c1a62835","dataSourceKey":"main","timestamp":"2025-05-10 11:33:59"}
{"level":"warn","message":"will retry in 800ms...","meta":{},"module":"database","submodule":"","method":"auth","app":"main","reqId":"32817966-9726-40e0-b9d9-7b94c1a62835","dataSourceKey":"main","timestamp":"2025-05-10 11:33:59"}
{"level":"warn","message":"attempt 6/9: Unable to connect to the database: the database system is starting up","meta":{},"module":"database","submodule":"","method":"auth","app":"main","reqId":"32817966-9726-40e0-b9d9-7b94c1a62835","dataSourceKey":"main","timestamp":"2025-05-10 11:34:00"}
{"level":"warn","message":"will retry in 1600ms...","meta":{},"module":"database","submodule":"","method":"auth","app":"main","reqId":"32817966-9726-40e0-b9d9-7b94c1a62835","dataSourceKey":"main","timestamp":"2025-05-10 11:34:00"}
{"level":"warn","message":"attempt 7/9: Unable to connect to the database: the database system is starting up","meta":{},"module":"database","submodule":"","method":"auth","app":"main","reqId":"32817966-9726-40e0-b9d9-7b94c1a62835","dataSourceKey":"main","timestamp":"2025-05-10 11:34:01"}
{"level":"warn","message":"will retry in 3200ms...","meta":{},"module":"database","submodule":"","method":"auth","app":"main","reqId":"32817966-9726-40e0-b9d9-7b94c1a62835","dataSourceKey":"main","timestamp":"2025-05-10 11:34:01"}
{"level":"warn","message":"attempt 8/9: Unable to connect to the database: the database system is starting up","meta":{},"module":"database","submodule":"","method":"auth","app":"main","reqId":"32817966-9726-40e0-b9d9-7b94c1a62835","dataSourceKey":"main","timestamp":"2025-05-10 11:34:05"}
{"level":"warn","message":"attempt 9/9: Unable to connect to the database: the database system is starting up","meta":{},"module":"database","submodule":"","method":"auth","app":"main","reqId":"32817966-9726-40e0-b9d9-7b94c1a62835","dataSourceKey":"main","timestamp":"2025-05-10 11:34:11"}
{"level":"info","message":"add app main into supervisor","meta":{},"module":"application","submodule":"supervisor","method":"addApp","app":"main","reqId":"773a196d-ba00-4c07-997f-f8829711c68b","dataSourceKey":"main","timestamp":"2025-05-10 11:38:08"}
{"level":"info","message":"connection has been established successfully.","meta":{},"module":"database","submodule":"","method":"auth","app":"main","reqId":"773a196d-ba00-4c07-997f-f8829711c68b","dataSourceKey":"main","timestamp":"2025-05-10 11:38:08"}
{"level":"info","message":"upgrading...","meta":{},"module":"application","submodule":"","method":"","app":"main","reqId":"773a196d-ba00-4c07-997f-f8829711c68b","dataSourceKey":"main","timestamp":"2025-05-10 11:38:08"}
{"level":"info","message":"run upgrade","meta":{},"module":"application","submodule":"","method":"","app":"main","reqId":"773a196d-ba00-4c07-997f-f8829711c68b","dataSourceKey":"main","timestamp":"2025-05-10 11:38:09"}
{"level":"info","message":"update built-in plugins","meta":{},"module":"nocobase","submodule":"","method":"","app":"main","reqId":"773a196d-ba00-4c07-997f-f8829711c68b","dataSourceKey":"main","timestamp":"2025-05-10 11:38:09"}
{"level":"info","message":"run upgrade","meta":{},"module":"application","submodule":"","method":"","app":"main","reqId":"773a196d-ba00-4c07-997f-f8829711c68b","dataSourceKey":"main","timestamp":"2025-05-10 11:38:11"}
{"level":"info","message":"restarting...","meta":{},"module":"application","submodule":"","method":"","app":"main","reqId":"773a196d-ba00-4c07-997f-f8829711c68b","dataSourceKey":"main","timestamp":"2025-05-10 11:38:12"}
{"level":"info","message":"app.reload()","meta":{},"module":"application","submodule":"","method":"load","app":"main","reqId":"773a196d-ba00-4c07-997f-f8829711c68b","dataSourceKey":"main","timestamp":"2025-05-10 11:38:12"}
{"level":"info","message":"write roles to ACL","meta":{},"module":"acl","submodule":"","method":"writeRolesToACL","app":"main","reqId":"773a196d-ba00-4c07-997f-f8829711c68b","dataSourceKey":"main","timestamp":"2025-05-10 11:38:13"}
{"level":"info","message":"app has been started","meta":{},"module":"application","submodule":"","method":"","app":"main","reqId":"773a196d-ba00-4c07-997f-f8829711c68b","dataSourceKey":"main","timestamp":"2025-05-10 11:38:13"}
{"level":"info","message":"filter-parse: ","meta":{"userFields":["id"]},"module":"attendance","submodule":"list","method":"","app":"main","reqId":"74d69d52-85ee-494e-b0f4-eabf6f81a9a7","dataSourceKey":"main","timestamp":"2025-05-10 11:38:16"}
{"level":"info","message":"filter-parse: ","meta":{"userFields":["id"]},"module":"charts","submodule":"query","method":"","app":"main","reqId":"5a5b79c8-93df-4d7d-95d7-5c763da2ba35","dataSourceKey":"main","timestamp":"2025-05-10 11:38:16"}
{"level":"info","message":"filter-parse: ","meta":{"$user":{"id":1}},"module":"attendance","submodule":"list","method":"","app":"main","reqId":"74d69d52-85ee-494e-b0f4-eabf6f81a9a7","dataSourceKey":"main","timestamp":"2025-05-10 11:38:16"}
{"level":"info","message":"filter-parse: ","meta":{"$user":{"id":1}},"module":"charts","submodule":"query","method":"","app":"main","reqId":"5a5b79c8-93df-4d7d-95d7-5c763da2ba35","dataSourceKey":"main","timestamp":"2025-05-10 11:38:16"}
{"level":"info","message":"filter-parse: ","meta":{"userFields":["id"]},"module":"attendance","submodule":"list","method":"","app":"main","reqId":"ec7e36cb-526f-4796-be58-d42757a50075","dataSourceKey":"main","timestamp":"2025-05-10 11:38:37"}
{"level":"info","message":"filter-parse: ","meta":{"userFields":["id"]},"module":"charts","submodule":"query","method":"","app":"main","reqId":"416b3cc1-5cca-4c4c-98ce-6d3361f73afe","dataSourceKey":"main","timestamp":"2025-05-10 11:38:37"}
{"level":"info","message":"filter-parse: ","meta":{"$user":{"id":1}},"module":"attendance","submodule":"list","method":"","app":"main","reqId":"ec7e36cb-526f-4796-be58-d42757a50075","dataSourceKey":"main","timestamp":"2025-05-10 11:38:37"}
{"level":"info","message":"filter-parse: ","meta":{"$user":{"id":1}},"module":"charts","submodule":"query","method":"","app":"main","reqId":"416b3cc1-5cca-4c4c-98ce-6d3361f73afe","dataSourceKey":"main","timestamp":"2025-05-10 11:38:37"}
{"level":"info","message":"filter-parse: ","meta":{"userFields":["id"]},"module":"charts","submodule":"query","method":"","app":"main","reqId":"04ad16a5-b4ef-4263-8eba-91534e4d1997","dataSourceKey":"main","timestamp":"2025-05-10 11:38:37"}
{"level":"info","message":"filter-parse: ","meta":{"userFields":["id"]},"module":"charts","submodule":"query","method":"","app":"main","reqId":"09720489-453d-48e8-b433-22dbae205f0c","dataSourceKey":"main","timestamp":"2025-05-10 11:38:37"}
{"level":"info","message":"filter-parse: ","meta":{"$user":{"id":1}},"module":"charts","submodule":"query","method":"","app":"main","reqId":"04ad16a5-b4ef-4263-8eba-91534e4d1997","dataSourceKey":"main","timestamp":"2025-05-10 11:38:37"}
{"level":"info","message":"filter-parse: ","meta":{"$user":{"id":1}},"module":"charts","submodule":"query","method":"","app":"main","reqId":"09720489-453d-48e8-b433-22dbae205f0c","dataSourceKey":"main","timestamp":"2025-05-10 11:38:37"}
{"level":"info","message":"filter-parse: ","meta":{"userFields":["id"]},"module":"charts","submodule":"query","method":"","app":"main","reqId":"2217a861-8726-4f81-b354-fcf0db78cf80","dataSourceKey":"main","timestamp":"2025-05-10 11:38:51"}
{"level":"info","message":"filter-parse: ","meta":{"userFields":["id"]},"module":"charts","submodule":"query","method":"","app":"main","reqId":"da883da0-0916-4128-9afe-cad62311d015","dataSourceKey":"main","timestamp":"2025-05-10 11:38:51"}
{"level":"info","message":"filter-parse: ","meta":{"$user":{"id":1}},"module":"charts","submodule":"query","method":"","app":"main","reqId":"2217a861-8726-4f81-b354-fcf0db78cf80","dataSourceKey":"main","timestamp":"2025-05-10 11:38:51"}
{"level":"info","message":"filter-parse: ","meta":{"$user":{"id":1}},"module":"charts","submodule":"query","method":"","app":"main","reqId":"da883da0-0916-4128-9afe-cad62311d015","dataSourceKey":"main","timestamp":"2025-05-10 11:38:51"}
{"level":"info","message":"parseJsonTemplate.raw","meta":{},"module":"attendance","submodule":"list","method":"","app":"main","reqId":"9cd59185-9f0c-4354-b108-7d4147a7ab31","dataSourceKey":"main","timestamp":"2025-05-10 11:38:51"}
{"level":"info","message":"parseJsonTemplate.parsed","meta":{},"module":"attendance","submodule":"list","method":"","app":"main","reqId":"9cd59185-9f0c-4354-b108-7d4147a7ab31","dataSourceKey":"main","timestamp":"2025-05-10 11:38:51"}
{"level":"info","message":"filter-parse: ","meta":{"userFields":["id"]},"module":"attendance","submodule":"list","method":"","app":"main","reqId":"9cd59185-9f0c-4354-b108-7d4147a7ab31","dataSourceKey":"main","timestamp":"2025-05-10 11:38:51"}
{"level":"info","message":"filter-parse: ","meta":{"userFields":["id"]},"module":"charts","submodule":"query","method":"","app":"main","reqId":"e4f37272-d6cb-4421-a1e0-05f2ff0540e9","dataSourceKey":"main","timestamp":"2025-05-10 11:38:51"}
{"level":"info","message":"filter-parse: ","meta":{"$user":{"id":1}},"module":"attendance","submodule":"list","method":"","app":"main","reqId":"9cd59185-9f0c-4354-b108-7d4147a7ab31","dataSourceKey":"main","timestamp":"2025-05-10 11:38:51"}
{"level":"info","message":"filter-parse: ","meta":{"$user":{"id":1}},"module":"charts","submodule":"query","method":"","app":"main","reqId":"e4f37272-d6cb-4421-a1e0-05f2ff0540e9","dataSourceKey":"main","timestamp":"2025-05-10 11:38:51"}
{"level":"info","message":"parseJsonTemplate.raw","meta":{},"module":"student/17/student_level_db","submodule":"list","method":"","app":"main","reqId":"ef6138df-146b-4971-95d4-01a5a9a67953","dataSourceKey":"main","timestamp":"2025-05-10 11:39:21"}
{"level":"info","message":"parseJsonTemplate.parsed","meta":{},"module":"student/17/student_level_db","submodule":"list","method":"","app":"main","reqId":"ef6138df-146b-4971-95d4-01a5a9a67953","dataSourceKey":"main","timestamp":"2025-05-10 11:39:21"}
{"level":"info","message":"parseJsonTemplate.raw","meta":{},"module":"student/17/student_level_db","submodule":"list","method":"","app":"main","reqId":"689d2b40-f0cd-470e-99aa-68fa522035c2","dataSourceKey":"main","timestamp":"2025-05-10 11:39:25"}
{"level":"info","message":"parseJsonTemplate.parsed","meta":{},"module":"student/17/student_level_db","submodule":"list","method":"","app":"main","reqId":"689d2b40-f0cd-470e-99aa-68fa522035c2","dataSourceKey":"main","timestamp":"2025-05-10 11:39:25"}
{"level":"info","message":"parseJsonTemplate.raw","meta":{},"module":"student/17/student_level_db","submodule":"get","method":"","app":"main","reqId":"016521e3-3142-4182-a00e-bc941ad01e19","dataSourceKey":"main","timestamp":"2025-05-10 11:39:27"}
{"level":"info","message":"parseJsonTemplate.parsed","meta":{},"module":"student/17/student_level_db","submodule":"get","method":"","app":"main","reqId":"016521e3-3142-4182-a00e-bc941ad01e19","dataSourceKey":"main","timestamp":"2025-05-10 11:39:27"}
{"level":"info","message":"parseJsonTemplate.raw","meta":{},"module":"student/17/student_level_db","submodule":"update","method":"","app":"main","reqId":"168f70d7-6a71-4a0e-85b7-f3e065290464","dataSourceKey":"main","timestamp":"2025-05-10 11:40:26"}
{"level":"info","message":"parseJsonTemplate.parsed","meta":{},"module":"student/17/student_level_db","submodule":"update","method":"","app":"main","reqId":"168f70d7-6a71-4a0e-85b7-f3e065290464","dataSourceKey":"main","timestamp":"2025-05-10 11:40:26"}
{"level":"info","message":"parseJsonTemplate.raw","meta":{},"module":"student/17/student_level_db","submodule":"get","method":"","app":"main","reqId":"6483ff65-69da-45c5-890b-ad0b776fe0fe","dataSourceKey":"main","timestamp":"2025-05-10 11:40:26"}
{"level":"info","message":"parseJsonTemplate.parsed","meta":{},"module":"student/17/student_level_db","submodule":"get","method":"","app":"main","reqId":"6483ff65-69da-45c5-890b-ad0b776fe0fe","dataSourceKey":"main","timestamp":"2025-05-10 11:40:26"}
{"level":"info","message":"parseJsonTemplate.raw","meta":{},"module":"student/17/student_level_db","submodule":"list","method":"","app":"main","reqId":"a39fef06-340a-4e04-8f3a-3b8a40cee2b4","dataSourceKey":"main","timestamp":"2025-05-10 11:40:27"}
{"level":"info","message":"parseJsonTemplate.parsed","meta":{},"module":"student/17/student_level_db","submodule":"list","method":"","app":"main","reqId":"a39fef06-340a-4e04-8f3a-3b8a40cee2b4","dataSourceKey":"main","timestamp":"2025-05-10 11:40:27"}
{"level":"info","message":"parseJsonTemplate.raw","meta":{},"module":"student/17/student_level_db","submodule":"list","method":"","app":"main","reqId":"7beb5cb1-1f83-41da-93fa-d94b200aba20","dataSourceKey":"main","timestamp":"2025-05-10 11:40:29"}
{"level":"info","message":"parseJsonTemplate.parsed","meta":{},"module":"student/17/student_level_db","submodule":"list","method":"","app":"main","reqId":"7beb5cb1-1f83-41da-93fa-d94b200aba20","dataSourceKey":"main","timestamp":"2025-05-10 11:40:29"}
{"level":"info","message":"parseJsonTemplate.raw","meta":{},"module":"student/17/student_level_db","submodule":"get","method":"","app":"main","reqId":"515310ad-a466-437d-a9c0-6377d675fb43","dataSourceKey":"main","timestamp":"2025-05-10 11:40:36"}
{"level":"info","message":"parseJsonTemplate.parsed","meta":{},"module":"student/17/student_level_db","submodule":"get","method":"","app":"main","reqId":"515310ad-a466-437d-a9c0-6377d675fb43","dataSourceKey":"main","timestamp":"2025-05-10 11:40:36"}
{"level":"info","message":"parseJsonTemplate.raw","meta":{},"module":"student/17/student_level_db","submodule":"update","method":"","app":"main","reqId":"1eb01979-8b27-45ca-8012-dcbef640eceb","dataSourceKey":"main","timestamp":"2025-05-10 11:41:08"}
{"level":"info","message":"parseJsonTemplate.parsed","meta":{},"module":"student/17/student_level_db","submodule":"update","method":"","app":"main","reqId":"1eb01979-8b27-45ca-8012-dcbef640eceb","dataSourceKey":"main","timestamp":"2025-05-10 11:41:08"}
{"level":"info","message":"parseJsonTemplate.raw","meta":{},"module":"student/17/student_level_db","submodule":"get","method":"","app":"main","reqId":"b7799481-db10-46fe-97a6-c2752e3f6585","dataSourceKey":"main","timestamp":"2025-05-10 11:41:08"}
{"level":"info","message":"parseJsonTemplate.parsed","meta":{},"module":"student/17/student_level_db","submodule":"get","method":"","app":"main","reqId":"b7799481-db10-46fe-97a6-c2752e3f6585","dataSourceKey":"main","timestamp":"2025-05-10 11:41:08"}
{"level":"info","message":"parseJsonTemplate.raw","meta":{},"module":"student/17/student_level_db","submodule":"list","method":"","app":"main","reqId":"8d9db838-46b2-404c-b43f-9f9de16ce874","dataSourceKey":"main","timestamp":"2025-05-10 11:41:08"}
{"level":"info","message":"parseJsonTemplate.parsed","meta":{},"module":"student/17/student_level_db","submodule":"list","method":"","app":"main","reqId":"8d9db838-46b2-404c-b43f-9f9de16ce874","dataSourceKey":"main","timestamp":"2025-05-10 11:41:08"}
{"level":"info","message":"parseJsonTemplate.raw","meta":{},"module":"attendance","submodule":"list","method":"","app":"main","reqId":"7358a2b2-0253-422e-a7ca-cd2d87f581f7","dataSourceKey":"main","timestamp":"2025-05-10 11:41:11"}
{"level":"info","message":"parseJsonTemplate.parsed","meta":{},"module":"attendance","submodule":"list","method":"","app":"main","reqId":"7358a2b2-0253-422e-a7ca-cd2d87f581f7","dataSourceKey":"main","timestamp":"2025-05-10 11:41:11"}
{"level":"info","message":"filter-parse: ","meta":{"userFields":["id"]},"module":"attendance","submodule":"list","method":"","app":"main","reqId":"7358a2b2-0253-422e-a7ca-cd2d87f581f7","dataSourceKey":"main","timestamp":"2025-05-10 11:41:11"}
{"level":"info","message":"filter-parse: ","meta":{"$user":{"id":1}},"module":"attendance","submodule":"list","method":"","app":"main","reqId":"7358a2b2-0253-422e-a7ca-cd2d87f581f7","dataSourceKey":"main","timestamp":"2025-05-10 11:41:11"}
{"level":"info","message":"parseJsonTemplate.raw","meta":{},"module":"attendance","submodule":"list","method":"","app":"main","reqId":"3b78a1e5-6f7b-439d-a4ef-352d3816a778","dataSourceKey":"main","timestamp":"2025-05-10 11:41:11"}
{"level":"info","message":"parseJsonTemplate.parsed","meta":{},"module":"attendance","submodule":"list","method":"","app":"main","reqId":"3b78a1e5-6f7b-439d-a4ef-352d3816a778","dataSourceKey":"main","timestamp":"2025-05-10 11:41:11"}
{"level":"info","message":"filter-parse: ","meta":{"userFields":["id"]},"module":"attendance","submodule":"list","method":"","app":"main","reqId":"3b78a1e5-6f7b-439d-a4ef-352d3816a778","dataSourceKey":"main","timestamp":"2025-05-10 11:41:11"}
{"level":"info","message":"filter-parse: ","meta":{"$user":{"id":1}},"module":"attendance","submodule":"list","method":"","app":"main","reqId":"3b78a1e5-6f7b-439d-a4ef-352d3816a778","dataSourceKey":"main","timestamp":"2025-05-10 11:41:11"}
{"level":"info","message":"parseJsonTemplate.raw","meta":{},"module":"student/89/student_level_db","submodule":"list","method":"","app":"main","reqId":"ad633d87-66eb-4c85-a874-908d51e86e3f","dataSourceKey":"main","timestamp":"2025-05-10 11:41:12"}
{"level":"info","message":"parseJsonTemplate.parsed","meta":{},"module":"student/89/student_level_db","submodule":"list","method":"","app":"main","reqId":"ad633d87-66eb-4c85-a874-908d51e86e3f","dataSourceKey":"main","timestamp":"2025-05-10 11:41:12"}
{"level":"info","message":"parseJsonTemplate.raw","meta":{},"module":"student/89/student_level_db","submodule":"list","method":"","app":"main","reqId":"9eb4ba9a-e14c-4edb-a41f-5e54be26fd7d","dataSourceKey":"main","timestamp":"2025-05-10 11:41:14"}
{"level":"info","message":"parseJsonTemplate.parsed","meta":{},"module":"student/89/student_level_db","submodule":"list","method":"","app":"main","reqId":"9eb4ba9a-e14c-4edb-a41f-5e54be26fd7d","dataSourceKey":"main","timestamp":"2025-05-10 11:41:14"}
{"level":"info","message":"parseJsonTemplate.raw","meta":{},"module":"student/89/student_level_db","submodule":"get","method":"","app":"main","reqId":"41fbc427-300a-4f45-979f-eb14e78756cd","dataSourceKey":"main","timestamp":"2025-05-10 11:41:18"}
{"level":"info","message":"parseJsonTemplate.parsed","meta":{},"module":"student/89/student_level_db","submodule":"get","method":"","app":"main","reqId":"41fbc427-300a-4f45-979f-eb14e78756cd","dataSourceKey":"main","timestamp":"2025-05-10 11:41:18"}
{"level":"info","message":"parseJsonTemplate.raw","meta":{},"module":"student/89/student_level_db","submodule":"update","method":"","app":"main","reqId":"94118ced-2d1c-465f-9dde-a00e511beea8","dataSourceKey":"main","timestamp":"2025-05-10 11:41:51"}
{"level":"info","message":"parseJsonTemplate.parsed","meta":{},"module":"student/89/student_level_db","submodule":"update","method":"","app":"main","reqId":"94118ced-2d1c-465f-9dde-a00e511beea8","dataSourceKey":"main","timestamp":"2025-05-10 11:41:51"}
{"level":"info","message":"parseJsonTemplate.raw","meta":{},"module":"student/89/student_level_db","submodule":"get","method":"","app":"main","reqId":"68b4c23b-6169-4948-aca2-82d2aba518c8","dataSourceKey":"main","timestamp":"2025-05-10 11:41:51"}
{"level":"info","message":"parseJsonTemplate.parsed","meta":{},"module":"student/89/student_level_db","submodule":"get","method":"","app":"main","reqId":"68b4c23b-6169-4948-aca2-82d2aba518c8","dataSourceKey":"main","timestamp":"2025-05-10 11:41:51"}
{"level":"info","message":"parseJsonTemplate.raw","meta":{},"module":"student/89/student_level_db","submodule":"list","method":"","app":"main","reqId":"3f07d10f-cce1-48bc-bc74-74449365d8da","dataSourceKey":"main","timestamp":"2025-05-10 11:41:51"}
{"level":"info","message":"parseJsonTemplate.parsed","meta":{},"module":"student/89/student_level_db","submodule":"list","method":"","app":"main","reqId":"3f07d10f-cce1-48bc-bc74-74449365d8da","dataSourceKey":"main","timestamp":"2025-05-10 11:41:51"}
{"level":"info","message":"parseJsonTemplate.raw","meta":{},"module":"student/89/student_level_db","submodule":"list","method":"","app":"main","reqId":"413b4655-1454-4e6d-930d-c2520d4b505c","dataSourceKey":"main","timestamp":"2025-05-10 11:41:53"}
{"level":"info","message":"parseJsonTemplate.parsed","meta":{},"module":"student/89/student_level_db","submodule":"list","method":"","app":"main","reqId":"413b4655-1454-4e6d-930d-c2520d4b505c","dataSourceKey":"main","timestamp":"2025-05-10 11:41:53"}
{"level":"info","message":"parseJsonTemplate.raw","meta":{},"module":"student/89/student_level_db","submodule":"list","method":"","app":"main","reqId":"23fcc700-ebb6-4241-b9e6-4ff0d86ba838","dataSourceKey":"main","timestamp":"2025-05-10 11:41:57"}
{"level":"info","message":"parseJsonTemplate.parsed","meta":{},"module":"student/89/student_level_db","submodule":"list","method":"","app":"main","reqId":"23fcc700-ebb6-4241-b9e6-4ff0d86ba838","dataSourceKey":"main","timestamp":"2025-05-10 11:41:57"}
{"level":"info","message":"parseJsonTemplate.raw","meta":{},"module":"student/89/student_level_db","submodule":"get","method":"","app":"main","reqId":"2a4591da-60c9-4c88-a879-28496cf077bf","dataSourceKey":"main","timestamp":"2025-05-10 11:41:58"}
{"level":"info","message":"parseJsonTemplate.parsed","meta":{},"module":"student/89/student_level_db","submodule":"get","method":"","app":"main","reqId":"2a4591da-60c9-4c88-a879-28496cf077bf","dataSourceKey":"main","timestamp":"2025-05-10 11:41:58"}
{"level":"info","message":"parseJsonTemplate.raw","meta":{},"module":"student/89/student_level_db","submodule":"update","method":"","app":"main","reqId":"1563aca9-9e66-401c-8951-486696f4a975","dataSourceKey":"main","timestamp":"2025-05-10 11:42:12"}
{"level":"info","message":"parseJsonTemplate.parsed","meta":{},"module":"student/89/student_level_db","submodule":"update","method":"","app":"main","reqId":"1563aca9-9e66-401c-8951-486696f4a975","dataSourceKey":"main","timestamp":"2025-05-10 11:42:12"}
{"level":"info","message":"parseJsonTemplate.raw","meta":{},"module":"student/89/student_level_db","submodule":"get","method":"","app":"main","reqId":"10a5a651-73b0-4edb-9653-a95c1e44b670","dataSourceKey":"main","timestamp":"2025-05-10 11:42:12"}
{"level":"info","message":"parseJsonTemplate.parsed","meta":{},"module":"student/89/student_level_db","submodule":"get","method":"","app":"main","reqId":"10a5a651-73b0-4edb-9653-a95c1e44b670","dataSourceKey":"main","timestamp":"2025-05-10 11:42:12"}
{"level":"info","message":"parseJsonTemplate.raw","meta":{},"module":"student/89/student_level_db","submodule":"list","method":"","app":"main","reqId":"57794ba7-1356-4678-a4d5-72e3f1157e43","dataSourceKey":"main","timestamp":"2025-05-10 11:42:12"}
{"level":"info","message":"parseJsonTemplate.parsed","meta":{},"module":"student/89/student_level_db","submodule":"list","method":"","app":"main","reqId":"57794ba7-1356-4678-a4d5-72e3f1157e43","dataSourceKey":"main","timestamp":"2025-05-10 11:42:12"}
{"level":"info","message":"parseJsonTemplate.raw","meta":{},"module":"attendance","submodule":"list","method":"","app":"main","reqId":"2d4f6996-ae19-416c-a0c8-dc7f97d15c7b","dataSourceKey":"main","timestamp":"2025-05-10 11:42:16"}
{"level":"info","message":"parseJsonTemplate.parsed","meta":{},"module":"attendance","submodule":"list","method":"","app":"main","reqId":"2d4f6996-ae19-416c-a0c8-dc7f97d15c7b","dataSourceKey":"main","timestamp":"2025-05-10 11:42:16"}
{"level":"info","message":"filter-parse: ","meta":{"userFields":["id"]},"module":"attendance","submodule":"list","method":"","app":"main","reqId":"2d4f6996-ae19-416c-a0c8-dc7f97d15c7b","dataSourceKey":"main","timestamp":"2025-05-10 11:42:16"}
{"level":"info","message":"filter-parse: ","meta":{"$user":{"id":1}},"module":"attendance","submodule":"list","method":"","app":"main","reqId":"2d4f6996-ae19-416c-a0c8-dc7f97d15c7b","dataSourceKey":"main","timestamp":"2025-05-10 11:42:16"}
{"level":"info","message":"parseJsonTemplate.raw","meta":{},"module":"student/20/student_level_db","submodule":"list","method":"","app":"main","reqId":"3bbf90d9-1f9e-4184-b4c3-dcadf5fd1a20","dataSourceKey":"main","timestamp":"2025-05-10 11:42:17"}
{"level":"info","message":"parseJsonTemplate.parsed","meta":{},"module":"student/20/student_level_db","submodule":"list","method":"","app":"main","reqId":"3bbf90d9-1f9e-4184-b4c3-dcadf5fd1a20","dataSourceKey":"main","timestamp":"2025-05-10 11:42:17"}
{"level":"info","message":"parseJsonTemplate.raw","meta":{},"module":"student/20/student_level_db","submodule":"list","method":"","app":"main","reqId":"74a991f1-752a-4f24-b404-40fb93f70161","dataSourceKey":"main","timestamp":"2025-05-10 11:42:18"}
{"level":"info","message":"parseJsonTemplate.parsed","meta":{},"module":"student/20/student_level_db","submodule":"list","method":"","app":"main","reqId":"74a991f1-752a-4f24-b404-40fb93f70161","dataSourceKey":"main","timestamp":"2025-05-10 11:42:18"}
{"level":"info","message":"parseJsonTemplate.raw","meta":{},"module":"student/20/student_level_db","submodule":"list","method":"","app":"main","reqId":"71456b11-1d6f-4ac2-80d6-d05b0ed26965","dataSourceKey":"main","timestamp":"2025-05-10 11:42:19"}
{"level":"info","message":"parseJsonTemplate.parsed","meta":{},"module":"student/20/student_level_db","submodule":"list","method":"","app":"main","reqId":"71456b11-1d6f-4ac2-80d6-d05b0ed26965","dataSourceKey":"main","timestamp":"2025-05-10 11:42:19"}
{"level":"info","message":"parseJsonTemplate.raw","meta":{},"module":"student/20/student_level_db","submodule":"list","method":"","app":"main","reqId":"d663f8ce-bacd-40ae-8aa4-d1ae07dca3af","dataSourceKey":"main","timestamp":"2025-05-10 11:42:21"}
{"level":"info","message":"parseJsonTemplate.parsed","meta":{},"module":"student/20/student_level_db","submodule":"list","method":"","app":"main","reqId":"d663f8ce-bacd-40ae-8aa4-d1ae07dca3af","dataSourceKey":"main","timestamp":"2025-05-10 11:42:21"}
{"level":"info","message":"parseJsonTemplate.raw","meta":{},"module":"student/20/student_level_db","submodule":"list","method":"","app":"main","reqId":"e89580d3-8f50-4496-a0c8-230880b21540","dataSourceKey":"main","timestamp":"2025-05-10 11:42:25"}
{"level":"info","message":"parseJsonTemplate.parsed","meta":{},"module":"student/20/student_level_db","submodule":"list","method":"","app":"main","reqId":"e89580d3-8f50-4496-a0c8-230880b21540","dataSourceKey":"main","timestamp":"2025-05-10 11:42:25"}
{"level":"info","message":"parseJsonTemplate.raw","meta":{},"module":"student/20/student_level_db","submodule":"get","method":"","app":"main","reqId":"fd9c2973-7641-40ff-ad6d-ebd2cd666e8d","dataSourceKey":"main","timestamp":"2025-05-10 11:42:27"}
{"level":"info","message":"parseJsonTemplate.parsed","meta":{},"module":"student/20/student_level_db","submodule":"get","method":"","app":"main","reqId":"fd9c2973-7641-40ff-ad6d-ebd2cd666e8d","dataSourceKey":"main","timestamp":"2025-05-10 11:42:27"}
{"level":"info","message":"parseJsonTemplate.raw","meta":{},"module":"student/20/student_level_db","submodule":"update","method":"","app":"main","reqId":"72a3b707-e516-4263-bf0f-75151446a652","dataSourceKey":"main","timestamp":"2025-05-10 11:43:13"}
{"level":"info","message":"parseJsonTemplate.parsed","meta":{},"module":"student/20/student_level_db","submodule":"update","method":"","app":"main","reqId":"72a3b707-e516-4263-bf0f-75151446a652","dataSourceKey":"main","timestamp":"2025-05-10 11:43:13"}
{"level":"info","message":"parseJsonTemplate.raw","meta":{},"module":"student/20/student_level_db","submodule":"get","method":"","app":"main","reqId":"adc61174-88c9-4b32-86bc-a87ccd63285c","dataSourceKey":"main","timestamp":"2025-05-10 11:43:13"}
{"level":"info","message":"parseJsonTemplate.parsed","meta":{},"module":"student/20/student_level_db","submodule":"get","method":"","app":"main","reqId":"adc61174-88c9-4b32-86bc-a87ccd63285c","dataSourceKey":"main","timestamp":"2025-05-10 11:43:13"}
{"level":"info","message":"parseJsonTemplate.raw","meta":{},"module":"student/20/student_level_db","submodule":"list","method":"","app":"main","reqId":"b51c776f-436d-4e11-8b16-ed6e565b6df9","dataSourceKey":"main","timestamp":"2025-05-10 11:43:13"}
{"level":"info","message":"parseJsonTemplate.parsed","meta":{},"module":"student/20/student_level_db","submodule":"list","method":"","app":"main","reqId":"b51c776f-436d-4e11-8b16-ed6e565b6df9","dataSourceKey":"main","timestamp":"2025-05-10 11:43:13"}
{"level":"info","message":"parseJsonTemplate.raw","meta":{},"module":"attendance","submodule":"list","method":"","app":"main","reqId":"146ae954-4416-4750-bc4f-cf6bc7a277ed","dataSourceKey":"main","timestamp":"2025-05-10 11:51:31"}
{"level":"info","message":"parseJsonTemplate.parsed","meta":{},"module":"attendance","submodule":"list","method":"","app":"main","reqId":"146ae954-4416-4750-bc4f-cf6bc7a277ed","dataSourceKey":"main","timestamp":"2025-05-10 11:51:31"}
{"level":"info","message":"filter-parse: ","meta":{"userFields":["id"]},"module":"attendance","submodule":"list","method":"","app":"main","reqId":"146ae954-4416-4750-bc4f-cf6bc7a277ed","dataSourceKey":"main","timestamp":"2025-05-10 11:51:31"}
{"level":"info","message":"filter-parse: ","meta":{"userFields":["id"]},"module":"charts","submodule":"query","method":"","app":"main","reqId":"a76a0d07-01c6-47ab-a92d-9e5735c68b9b","dataSourceKey":"main","timestamp":"2025-05-10 11:51:31"}
{"level":"info","message":"filter-parse: ","meta":{"$user":{"id":2}},"module":"attendance","submodule":"list","method":"","app":"main","reqId":"146ae954-4416-4750-bc4f-cf6bc7a277ed","dataSourceKey":"main","timestamp":"2025-05-10 11:51:31"}
{"level":"info","message":"filter-parse: ","meta":{"$user":{"id":2}},"module":"charts","submodule":"query","method":"","app":"main","reqId":"a76a0d07-01c6-47ab-a92d-9e5735c68b9b","dataSourceKey":"main","timestamp":"2025-05-10 11:51:31"}
{"level":"info","message":"filter-parse: ","meta":{"userFields":["id"]},"module":"charts","submodule":"query","method":"","app":"main","reqId":"13c589e9-ba22-4201-8c5b-230745f2edb6","dataSourceKey":"main","timestamp":"2025-05-10 11:51:31"}
{"level":"info","message":"filter-parse: ","meta":{"userFields":["id"]},"module":"charts","submodule":"query","method":"","app":"main","reqId":"0ababbae-3f69-4826-95f3-fd488a0c8deb","dataSourceKey":"main","timestamp":"2025-05-10 11:51:31"}
{"level":"info","message":"filter-parse: ","meta":{"$user":{"id":2}},"module":"charts","submodule":"query","method":"","app":"main","reqId":"13c589e9-ba22-4201-8c5b-230745f2edb6","dataSourceKey":"main","timestamp":"2025-05-10 11:51:31"}
{"level":"info","message":"filter-parse: ","meta":{"$user":{"id":2}},"module":"charts","submodule":"query","method":"","app":"main","reqId":"0ababbae-3f69-4826-95f3-fd488a0c8deb","dataSourceKey":"main","timestamp":"2025-05-10 11:51:31"}
{"level":"info","message":"parseJsonTemplate.raw","meta":{},"module":"attendance","submodule":"list","method":"","app":"main","reqId":"d14e1406-d923-489d-a740-27c56dffaa96","dataSourceKey":"main","timestamp":"2025-05-10 11:51:53"}
{"level":"info","message":"parseJsonTemplate.parsed","meta":{},"module":"attendance","submodule":"list","method":"","app":"main","reqId":"d14e1406-d923-489d-a740-27c56dffaa96","dataSourceKey":"main","timestamp":"2025-05-10 11:51:53"}
{"level":"info","message":"filter-parse: ","meta":{"userFields":["id"]},"module":"attendance","submodule":"list","method":"","app":"main","reqId":"d14e1406-d923-489d-a740-27c56dffaa96","dataSourceKey":"main","timestamp":"2025-05-10 11:51:53"}
{"level":"info","message":"filter-parse: ","meta":{"$user":{"id":1}},"module":"attendance","submodule":"list","method":"","app":"main","reqId":"d14e1406-d923-489d-a740-27c56dffaa96","dataSourceKey":"main","timestamp":"2025-05-10 11:51:53"}
{"level":"info","message":"filter-parse: ","meta":{"userFields":["id"]},"module":"charts","submodule":"query","method":"","app":"main","reqId":"1cff5106-dba9-4814-8582-201b5b5f753b","dataSourceKey":"main","timestamp":"2025-05-10 11:51:53"}
{"level":"info","message":"filter-parse: ","meta":{"userFields":["id"]},"module":"charts","submodule":"query","method":"","app":"main","reqId":"b048b4b2-d3da-4886-aa28-ad5fdadb9993","dataSourceKey":"main","timestamp":"2025-05-10 11:51:53"}
{"level":"info","message":"filter-parse: ","meta":{"$user":{"id":1}},"module":"charts","submodule":"query","method":"","app":"main","reqId":"1cff5106-dba9-4814-8582-201b5b5f753b","dataSourceKey":"main","timestamp":"2025-05-10 11:51:53"}
{"level":"info","message":"filter-parse: ","meta":{"userFields":["id"]},"module":"charts","submodule":"query","method":"","app":"main","reqId":"4dae0327-2240-4a4e-bf51-2c3d972f8fd6","dataSourceKey":"main","timestamp":"2025-05-10 11:51:53"}
{"level":"info","message":"filter-parse: ","meta":{"$user":{"id":1}},"module":"charts","submodule":"query","method":"","app":"main","reqId":"b048b4b2-d3da-4886-aa28-ad5fdadb9993","dataSourceKey":"main","timestamp":"2025-05-10 11:51:53"}
{"level":"info","message":"filter-parse: ","meta":{"$user":{"id":1}},"module":"charts","submodule":"query","method":"","app":"main","reqId":"4dae0327-2240-4a4e-bf51-2c3d972f8fd6","dataSourceKey":"main","timestamp":"2025-05-10 11:51:53"}
{"level":"info","message":"parseJsonTemplate.raw","meta":{},"module":"attendance","submodule":"list","method":"","app":"main","reqId":"1cbef38a-eee7-4956-8ce0-b474fc53f02d","dataSourceKey":"main","timestamp":"2025-05-10 11:52:15"}
{"level":"info","message":"parseJsonTemplate.parsed","meta":{},"module":"attendance","submodule":"list","method":"","app":"main","reqId":"1cbef38a-eee7-4956-8ce0-b474fc53f02d","dataSourceKey":"main","timestamp":"2025-05-10 11:52:15"}
{"level":"info","message":"filter-parse: ","meta":{"userFields":["id"]},"module":"attendance","submodule":"list","method":"","app":"main","reqId":"1cbef38a-eee7-4956-8ce0-b474fc53f02d","dataSourceKey":"main","timestamp":"2025-05-10 11:52:15"}
{"level":"info","message":"filter-parse: ","meta":{"$user":{"id":1}},"module":"attendance","submodule":"list","method":"","app":"main","reqId":"1cbef38a-eee7-4956-8ce0-b474fc53f02d","dataSourceKey":"main","timestamp":"2025-05-10 11:52:15"}
{"level":"info","message":"parseJsonTemplate.raw","meta":{},"module":"attendance","submodule":"list","method":"","app":"main","reqId":"32dbbc57-2d4d-4c8a-a24c-a896032c6408","dataSourceKey":"main","timestamp":"2025-05-10 11:52:15"}
{"level":"info","message":"parseJsonTemplate.parsed","meta":{},"module":"attendance","submodule":"list","method":"","app":"main","reqId":"32dbbc57-2d4d-4c8a-a24c-a896032c6408","dataSourceKey":"main","timestamp":"2025-05-10 11:52:15"}
{"level":"info","message":"filter-parse: ","meta":{"userFields":["id"]},"module":"attendance","submodule":"list","method":"","app":"main","reqId":"32dbbc57-2d4d-4c8a-a24c-a896032c6408","dataSourceKey":"main","timestamp":"2025-05-10 11:52:15"}
{"level":"info","message":"filter-parse: ","meta":{"$user":{"id":1}},"module":"attendance","submodule":"list","method":"","app":"main","reqId":"32dbbc57-2d4d-4c8a-a24c-a896032c6408","dataSourceKey":"main","timestamp":"2025-05-10 11:52:15"}
{"level":"info","message":"parseJsonTemplate.raw","meta":{},"module":"attendance","submodule":"list","method":"","app":"main","reqId":"21f1dafd-bb78-4426-a5a0-fb27eb325bee","dataSourceKey":"main","timestamp":"2025-05-10 11:52:18"}
{"level":"info","message":"parseJsonTemplate.parsed","meta":{},"module":"attendance","submodule":"list","method":"","app":"main","reqId":"21f1dafd-bb78-4426-a5a0-fb27eb325bee","dataSourceKey":"main","timestamp":"2025-05-10 11:52:18"}
{"level":"info","message":"filter-parse: ","meta":{"userFields":["id"]},"module":"attendance","submodule":"list","method":"","app":"main","reqId":"21f1dafd-bb78-4426-a5a0-fb27eb325bee","dataSourceKey":"main","timestamp":"2025-05-10 11:52:18"}
{"level":"info","message":"filter-parse: ","meta":{"userFields":["id"]},"module":"charts","submodule":"query","method":"","app":"main","reqId":"64daa5ad-c741-4fda-8e92-bd0aae4a37d0","dataSourceKey":"main","timestamp":"2025-05-10 11:52:18"}
{"level":"info","message":"filter-parse: ","meta":{"$user":{"id":1}},"module":"attendance","submodule":"list","method":"","app":"main","reqId":"21f1dafd-bb78-4426-a5a0-fb27eb325bee","dataSourceKey":"main","timestamp":"2025-05-10 11:52:18"}
{"level":"info","message":"filter-parse: ","meta":{"$user":{"id":1}},"module":"charts","submodule":"query","method":"","app":"main","reqId":"64daa5ad-c741-4fda-8e92-bd0aae4a37d0","dataSourceKey":"main","timestamp":"2025-05-10 11:52:18"}
{"level":"info","message":"filter-parse: ","meta":{"userFields":["id"]},"module":"charts","submodule":"query","method":"","app":"main","reqId":"633cdfbb-f70f-4f68-9876-2546e0682996","dataSourceKey":"main","timestamp":"2025-05-10 11:52:18"}
{"level":"info","message":"filter-parse: ","meta":{"$user":{"id":1}},"module":"charts","submodule":"query","method":"","app":"main","reqId":"633cdfbb-f70f-4f68-9876-2546e0682996","dataSourceKey":"main","timestamp":"2025-05-10 11:52:18"}
{"level":"info","message":"filter-parse: ","meta":{"userFields":["id"]},"module":"charts","submodule":"query","method":"","app":"main","reqId":"2ea2a6e8-1846-4c70-9ba9-b1ad09535dc7","dataSourceKey":"main","timestamp":"2025-05-10 11:52:33"}
{"level":"info","message":"filter-parse: ","meta":{"userFields":["id"]},"module":"charts","submodule":"query","method":"","app":"main","reqId":"88ab00bc-f430-4a1a-8658-f2d6a3789fea","dataSourceKey":"main","timestamp":"2025-05-10 11:52:33"}
{"level":"info","message":"filter-parse: ","meta":{"$user":{"id":1}},"module":"charts","submodule":"query","method":"","app":"main","reqId":"2ea2a6e8-1846-4c70-9ba9-b1ad09535dc7","dataSourceKey":"main","timestamp":"2025-05-10 11:52:33"}
{"level":"info","message":"parseJsonTemplate.raw","meta":{},"module":"attendance","submodule":"list","method":"","app":"main","reqId":"55d17dfb-9157-4dc7-8a75-8f71bfba3f50","dataSourceKey":"main","timestamp":"2025-05-10 11:52:33"}
{"level":"info","message":"parseJsonTemplate.parsed","meta":{},"module":"attendance","submodule":"list","method":"","app":"main","reqId":"55d17dfb-9157-4dc7-8a75-8f71bfba3f50","dataSourceKey":"main","timestamp":"2025-05-10 11:52:33"}
{"level":"info","message":"filter-parse: ","meta":{"userFields":["id"]},"module":"attendance","submodule":"list","method":"","app":"main","reqId":"55d17dfb-9157-4dc7-8a75-8f71bfba3f50","dataSourceKey":"main","timestamp":"2025-05-10 11:52:33"}
{"level":"info","message":"filter-parse: ","meta":{"$user":{"id":1}},"module":"charts","submodule":"query","method":"","app":"main","reqId":"88ab00bc-f430-4a1a-8658-f2d6a3789fea","dataSourceKey":"main","timestamp":"2025-05-10 11:52:33"}
{"level":"info","message":"filter-parse: ","meta":{"userFields":["id"]},"module":"charts","submodule":"query","method":"","app":"main","reqId":"4d1c31d9-4b28-4abf-ab24-b1fdc79dea57","dataSourceKey":"main","timestamp":"2025-05-10 11:52:33"}
{"level":"info","message":"filter-parse: ","meta":{"$user":{"id":1}},"module":"attendance","submodule":"list","method":"","app":"main","reqId":"55d17dfb-9157-4dc7-8a75-8f71bfba3f50","dataSourceKey":"main","timestamp":"2025-05-10 11:52:33"}
{"level":"info","message":"filter-parse: ","meta":{"$user":{"id":1}},"module":"charts","submodule":"query","method":"","app":"main","reqId":"4d1c31d9-4b28-4abf-ab24-b1fdc79dea57","dataSourceKey":"main","timestamp":"2025-05-10 11:52:33"}
{"level":"info","message":"parseJsonTemplate.raw","meta":{},"module":"attendance","submodule":"list","method":"","app":"main","reqId":"3026fe8a-b2fc-4ea0-860d-401f2cb56852","dataSourceKey":"main","timestamp":"2025-05-10 11:52:42"}
{"level":"info","message":"parseJsonTemplate.parsed","meta":{},"module":"attendance","submodule":"list","method":"","app":"main","reqId":"3026fe8a-b2fc-4ea0-860d-401f2cb56852","dataSourceKey":"main","timestamp":"2025-05-10 11:52:42"}
{"level":"info","message":"filter-parse: ","meta":{"userFields":["id"]},"module":"attendance","submodule":"list","method":"","app":"main","reqId":"3026fe8a-b2fc-4ea0-860d-401f2cb56852","dataSourceKey":"main","timestamp":"2025-05-10 11:52:42"}
{"level":"info","message":"filter-parse: ","meta":{"userFields":["id"]},"module":"charts","submodule":"query","method":"","app":"main","reqId":"f501f6ad-c9bb-4d96-af31-0046c2f81408","dataSourceKey":"main","timestamp":"2025-05-10 11:52:42"}
{"level":"info","message":"filter-parse: ","meta":{"$user":{"id":1}},"module":"attendance","submodule":"list","method":"","app":"main","reqId":"3026fe8a-b2fc-4ea0-860d-401f2cb56852","dataSourceKey":"main","timestamp":"2025-05-10 11:52:42"}
{"level":"info","message":"filter-parse: ","meta":{"$user":{"id":1}},"module":"charts","submodule":"query","method":"","app":"main","reqId":"f501f6ad-c9bb-4d96-af31-0046c2f81408","dataSourceKey":"main","timestamp":"2025-05-10 11:52:42"}
{"level":"info","message":"filter-parse: ","meta":{"userFields":["id"]},"module":"charts","submodule":"query","method":"","app":"main","reqId":"4155b302-0bfd-431b-acbe-99cf9b057c3d","dataSourceKey":"main","timestamp":"2025-05-10 11:52:42"}
{"level":"info","message":"filter-parse: ","meta":{"$user":{"id":1}},"module":"charts","submodule":"query","method":"","app":"main","reqId":"4155b302-0bfd-431b-acbe-99cf9b057c3d","dataSourceKey":"main","timestamp":"2025-05-10 11:52:42"}
{"level":"info","message":"filter-parse: ","meta":{"userFields":["id"]},"module":"charts","submodule":"query","method":"","app":"main","reqId":"c7b10875-9538-4162-bf5b-5d6a21bf9d4c","dataSourceKey":"main","timestamp":"2025-05-10 11:53:04"}
{"level":"info","message":"filter-parse: ","meta":{"userFields":["id"]},"module":"charts","submodule":"query","method":"","app":"main","reqId":"9c5f25e5-6e59-4ad4-bd41-52b6e69cded6","dataSourceKey":"main","timestamp":"2025-05-10 11:53:04"}
{"level":"info","message":"filter-parse: ","meta":{"$user":{"id":1}},"module":"charts","submodule":"query","method":"","app":"main","reqId":"c7b10875-9538-4162-bf5b-5d6a21bf9d4c","dataSourceKey":"main","timestamp":"2025-05-10 11:53:04"}
{"level":"info","message":"filter-parse: ","meta":{"$user":{"id":1}},"module":"charts","submodule":"query","method":"","app":"main","reqId":"9c5f25e5-6e59-4ad4-bd41-52b6e69cded6","dataSourceKey":"main","timestamp":"2025-05-10 11:53:04"}
{"level":"info","message":"parseJsonTemplate.raw","meta":{},"module":"attendance","submodule":"list","method":"","app":"main","reqId":"fe73ccc7-af28-4bee-b5de-7cfe3e0b1e51","dataSourceKey":"main","timestamp":"2025-05-10 11:53:04"}
{"level":"info","message":"parseJsonTemplate.parsed","meta":{},"module":"attendance","submodule":"list","method":"","app":"main","reqId":"fe73ccc7-af28-4bee-b5de-7cfe3e0b1e51","dataSourceKey":"main","timestamp":"2025-05-10 11:53:04"}
{"level":"info","message":"filter-parse: ","meta":{"userFields":["id"]},"module":"attendance","submodule":"list","method":"","app":"main","reqId":"fe73ccc7-af28-4bee-b5de-7cfe3e0b1e51","dataSourceKey":"main","timestamp":"2025-05-10 11:53:04"}
{"level":"info","message":"filter-parse: ","meta":{"$user":{"id":1}},"module":"attendance","submodule":"list","method":"","app":"main","reqId":"fe73ccc7-af28-4bee-b5de-7cfe3e0b1e51","dataSourceKey":"main","timestamp":"2025-05-10 11:53:04"}
{"level":"info","message":"parseJsonTemplate.raw","meta":{},"module":"attendance","submodule":"list","method":"","app":"main","reqId":"d4a9c465-da40-4de2-a263-c54e1ffdbc35","dataSourceKey":"main","timestamp":"2025-05-10 11:53:08"}
{"level":"info","message":"parseJsonTemplate.parsed","meta":{},"module":"attendance","submodule":"list","method":"","app":"main","reqId":"d4a9c465-da40-4de2-a263-c54e1ffdbc35","dataSourceKey":"main","timestamp":"2025-05-10 11:53:08"}
{"level":"info","message":"filter-parse: ","meta":{"userFields":["id"]},"module":"attendance","submodule":"list","method":"","app":"main","reqId":"d4a9c465-da40-4de2-a263-c54e1ffdbc35","dataSourceKey":"main","timestamp":"2025-05-10 11:53:08"}
{"level":"info","message":"filter-parse: ","meta":{"$user":{"id":1}},"module":"attendance","submodule":"list","method":"","app":"main","reqId":"d4a9c465-da40-4de2-a263-c54e1ffdbc35","dataSourceKey":"main","timestamp":"2025-05-10 11:53:08"}
{"level":"info","message":"parseJsonTemplate.raw","meta":{},"module":"attendance","submodule":"update","method":"","app":"main","reqId":"0d6d78a4-6474-438e-b63b-a892831bd0f3","dataSourceKey":"main","timestamp":"2025-05-10 11:53:45"}
{"level":"info","message":"parseJsonTemplate.parsed","meta":{},"module":"attendance","submodule":"update","method":"","app":"main","reqId":"0d6d78a4-6474-438e-b63b-a892831bd0f3","dataSourceKey":"main","timestamp":"2025-05-10 11:53:45"}
{"level":"info","message":"parseJsonTemplate.raw","meta":{},"module":"attendance","submodule":"list","method":"","app":"main","reqId":"ced658d2-e21c-4244-a8ed-f776623fc16d","dataSourceKey":"main","timestamp":"2025-05-10 11:53:45"}
{"level":"info","message":"parseJsonTemplate.parsed","meta":{},"module":"attendance","submodule":"list","method":"","app":"main","reqId":"ced658d2-e21c-4244-a8ed-f776623fc16d","dataSourceKey":"main","timestamp":"2025-05-10 11:53:45"}
{"level":"info","message":"parseJsonTemplate.raw","meta":{},"module":"attendance","submodule":"update","method":"","app":"main","reqId":"0feef532-0cc4-4ab4-93b4-f27edc7c578c","dataSourceKey":"main","timestamp":"2025-05-10 11:53:47"}
{"level":"info","message":"parseJsonTemplate.parsed","meta":{},"module":"attendance","submodule":"update","method":"","app":"main","reqId":"0feef532-0cc4-4ab4-93b4-f27edc7c578c","dataSourceKey":"main","timestamp":"2025-05-10 11:53:47"}
{"level":"info","message":"parseJsonTemplate.raw","meta":{},"module":"attendance","submodule":"list","method":"","app":"main","reqId":"f87e8b48-d0db-4cd3-922d-8f3cec82a94a","dataSourceKey":"main","timestamp":"2025-05-10 11:53:47"}
{"level":"info","message":"parseJsonTemplate.parsed","meta":{},"module":"attendance","submodule":"list","method":"","app":"main","reqId":"f87e8b48-d0db-4cd3-922d-8f3cec82a94a","dataSourceKey":"main","timestamp":"2025-05-10 11:53:47"}
{"level":"info","message":"parseJsonTemplate.raw","meta":{},"module":"attendance","submodule":"list","method":"","app":"main","reqId":"599219cb-6242-479a-9999-24b65b87ba57","dataSourceKey":"main","timestamp":"2025-05-10 11:53:52"}
{"level":"info","message":"parseJsonTemplate.parsed","meta":{},"module":"attendance","submodule":"list","method":"","app":"main","reqId":"599219cb-6242-479a-9999-24b65b87ba57","dataSourceKey":"main","timestamp":"2025-05-10 11:53:52"}
{"level":"info","message":"filter-parse: ","meta":{"userFields":["id"]},"module":"attendance","submodule":"list","method":"","app":"main","reqId":"599219cb-6242-479a-9999-24b65b87ba57","dataSourceKey":"main","timestamp":"2025-05-10 11:53:52"}
{"level":"info","message":"filter-parse: ","meta":{"userFields":["id"]},"module":"charts","submodule":"query","method":"","app":"main","reqId":"09bacb00-e534-4898-b906-b13f7ada6397","dataSourceKey":"main","timestamp":"2025-05-10 11:53:52"}
{"level":"info","message":"filter-parse: ","meta":{"userFields":["id"]},"module":"charts","submodule":"query","method":"","app":"main","reqId":"771f8386-8ff6-48e3-aa1a-9f0589289c67","dataSourceKey":"main","timestamp":"2025-05-10 11:53:52"}
{"level":"info","message":"filter-parse: ","meta":{"$user":{"id":1}},"module":"attendance","submodule":"list","method":"","app":"main","reqId":"599219cb-6242-479a-9999-24b65b87ba57","dataSourceKey":"main","timestamp":"2025-05-10 11:53:52"}
{"level":"info","message":"filter-parse: ","meta":{"$user":{"id":1}},"module":"charts","submodule":"query","method":"","app":"main","reqId":"09bacb00-e534-4898-b906-b13f7ada6397","dataSourceKey":"main","timestamp":"2025-05-10 11:53:52"}
{"level":"info","message":"filter-parse: ","meta":{"$user":{"id":1}},"module":"charts","submodule":"query","method":"","app":"main","reqId":"771f8386-8ff6-48e3-aa1a-9f0589289c67","dataSourceKey":"main","timestamp":"2025-05-10 11:53:52"}
{"level":"info","message":"parseJsonTemplate.raw","meta":{},"module":"attendance","submodule":"list","method":"","app":"main","reqId":"fe1487ef-84dc-4311-809e-b515d4e45c0e","dataSourceKey":"main","timestamp":"2025-05-10 11:53:54"}
{"level":"info","message":"parseJsonTemplate.parsed","meta":{},"module":"attendance","submodule":"list","method":"","app":"main","reqId":"fe1487ef-84dc-4311-809e-b515d4e45c0e","dataSourceKey":"main","timestamp":"2025-05-10 11:53:54"}
{"level":"info","message":"filter-parse: ","meta":{"userFields":["id"]},"module":"attendance","submodule":"list","method":"","app":"main","reqId":"fe1487ef-84dc-4311-809e-b515d4e45c0e","dataSourceKey":"main","timestamp":"2025-05-10 11:53:54"}
{"level":"info","message":"filter-parse: ","meta":{"$user":{"id":1}},"module":"attendance","submodule":"list","method":"","app":"main","reqId":"fe1487ef-84dc-4311-809e-b515d4e45c0e","dataSourceKey":"main","timestamp":"2025-05-10 11:53:54"}
{"level":"info","message":"filter-parse: ","meta":{"userFields":["id"]},"module":"attendance","submodule":"list","method":"","app":"main","reqId":"05cb5923-1958-47b2-a494-a28a96c5593c","dataSourceKey":"main","timestamp":"2025-05-10 11:54:24"}
{"level":"info","message":"filter-parse: ","meta":{"userFields":["id"]},"module":"charts","submodule":"query","method":"","app":"main","reqId":"357cb58f-46d2-492d-b449-12feb4dc5ab0","dataSourceKey":"main","timestamp":"2025-05-10 11:54:24"}
{"level":"info","message":"filter-parse: ","meta":{"userFields":["id"]},"module":"charts","submodule":"query","method":"","app":"main","reqId":"fda59aed-8901-45f2-a4dc-91f69975e62b","dataSourceKey":"main","timestamp":"2025-05-10 11:54:24"}
{"level":"info","message":"filter-parse: ","meta":{"$user":{"id":1}},"module":"attendance","submodule":"list","method":"","app":"main","reqId":"05cb5923-1958-47b2-a494-a28a96c5593c","dataSourceKey":"main","timestamp":"2025-05-10 11:54:24"}
{"level":"info","message":"filter-parse: ","meta":{"$user":{"id":1}},"module":"charts","submodule":"query","method":"","app":"main","reqId":"357cb58f-46d2-492d-b449-12feb4dc5ab0","dataSourceKey":"main","timestamp":"2025-05-10 11:54:24"}
{"level":"info","message":"filter-parse: ","meta":{"$user":{"id":1}},"module":"charts","submodule":"query","method":"","app":"main","reqId":"fda59aed-8901-45f2-a4dc-91f69975e62b","dataSourceKey":"main","timestamp":"2025-05-10 11:54:24"}
{"level":"info","message":"parseJsonTemplate.raw","meta":{},"module":"student","submodule":"list","method":"","app":"main","reqId":"0d2cdb14-c3e2-419c-b26d-203b3369f7f3","dataSourceKey":"main","timestamp":"2025-05-10 11:55:53"}
{"level":"info","message":"parseJsonTemplate.parsed","meta":{},"module":"student","submodule":"list","method":"","app":"main","reqId":"0d2cdb14-c3e2-419c-b26d-203b3369f7f3","dataSourceKey":"main","timestamp":"2025-05-10 11:55:53"}
{"level":"info","message":"parseJsonTemplate.raw","meta":{},"module":"student","submodule":"list","method":"","app":"main","reqId":"e58ba7e3-3f73-4036-8d37-e8ca5517a344","dataSourceKey":"main","timestamp":"2025-05-10 11:56:17"}
{"level":"info","message":"parseJsonTemplate.parsed","meta":{},"module":"student","submodule":"list","method":"","app":"main","reqId":"e58ba7e3-3f73-4036-8d37-e8ca5517a344","dataSourceKey":"main","timestamp":"2025-05-10 11:56:17"}
{"level":"info","message":"parseJsonTemplate.raw","meta":{},"module":"student","submodule":"list","method":"","app":"main","reqId":"063d59f5-8133-4419-8458-a2f03a76b0d3","dataSourceKey":"main","timestamp":"2025-05-10 11:56:21"}
{"level":"info","message":"parseJsonTemplate.parsed","meta":{},"module":"student","submodule":"list","method":"","app":"main","reqId":"063d59f5-8133-4419-8458-a2f03a76b0d3","dataSourceKey":"main","timestamp":"2025-05-10 11:56:21"}
{"level":"info","message":"parseJsonTemplate.raw","meta":{},"module":"student","submodule":"get","method":"","app":"main","reqId":"7766c513-22fc-4410-a2ce-900b67676cd7","dataSourceKey":"main","timestamp":"2025-05-10 11:56:22"}
{"level":"info","message":"parseJsonTemplate.parsed","meta":{},"module":"student","submodule":"get","method":"","app":"main","reqId":"7766c513-22fc-4410-a2ce-900b67676cd7","dataSourceKey":"main","timestamp":"2025-05-10 11:56:22"}
{"level":"info","message":"parseJsonTemplate.raw","meta":{},"module":"student","submodule":"get","method":"","app":"main","reqId":"9468438a-b9b1-4935-b88a-2ac7aec78d27","dataSourceKey":"main","timestamp":"2025-05-10 11:56:23"}
{"level":"info","message":"parseJsonTemplate.parsed","meta":{},"module":"student","submodule":"get","method":"","app":"main","reqId":"9468438a-b9b1-4935-b88a-2ac7aec78d27","dataSourceKey":"main","timestamp":"2025-05-10 11:56:23"}
{"level":"info","message":"parseJsonTemplate.raw","meta":{},"module":"student/70/create_course_db","submodule":"list","method":"","app":"main","reqId":"b1784f6d-5600-416c-8d62-aa89d7482ff8","dataSourceKey":"main","timestamp":"2025-05-10 11:56:23"}
{"level":"info","message":"parseJsonTemplate.parsed","meta":{},"module":"student/70/create_course_db","submodule":"list","method":"","app":"main","reqId":"b1784f6d-5600-416c-8d62-aa89d7482ff8","dataSourceKey":"main","timestamp":"2025-05-10 11:56:23"}
{"level":"info","message":"parseJsonTemplate.raw","meta":{},"module":"attendance","submodule":"list","method":"","app":"main","reqId":"b96ccf3c-2925-4241-909c-7b6b1806fbe7","dataSourceKey":"main","timestamp":"2025-05-10 11:56:25"}
{"level":"info","message":"parseJsonTemplate.parsed","meta":{},"module":"attendance","submodule":"list","method":"","app":"main","reqId":"b96ccf3c-2925-4241-909c-7b6b1806fbe7","dataSourceKey":"main","timestamp":"2025-05-10 11:56:25"}
{"level":"info","message":"parseJsonTemplate.raw","meta":{},"module":"attendance","submodule":"list","method":"","app":"main","reqId":"cb1ba60d-1458-499a-986e-0a0cb46fad0e","dataSourceKey":"main","timestamp":"2025-05-10 11:56:26"}
{"level":"info","message":"parseJsonTemplate.parsed","meta":{},"module":"attendance","submodule":"list","method":"","app":"main","reqId":"cb1ba60d-1458-499a-986e-0a0cb46fad0e","dataSourceKey":"main","timestamp":"2025-05-10 11:56:26"}
{"level":"info","message":"parseJsonTemplate.raw","meta":{},"module":"attendance","submodule":"get","method":"","app":"main","reqId":"8b5b99fc-1ec8-4dcc-8f5a-1594daa8d1ae","dataSourceKey":"main","timestamp":"2025-05-10 11:56:29"}
{"level":"info","message":"parseJsonTemplate.parsed","meta":{},"module":"attendance","submodule":"get","method":"","app":"main","reqId":"8b5b99fc-1ec8-4dcc-8f5a-1594daa8d1ae","dataSourceKey":"main","timestamp":"2025-05-10 11:56:29"}
{"level":"info","message":"filter-parse: ","meta":{"userFields":["id"]},"module":"charts","submodule":"query","method":"","app":"main","reqId":"17c863f3-48f6-40a5-8273-af2bd7f5f6cb","dataSourceKey":"main","timestamp":"2025-05-10 11:57:59"}
{"level":"info","message":"parseJsonTemplate.raw","meta":{},"module":"attendance","submodule":"list","method":"","app":"main","reqId":"6932b4fb-14b4-43bc-8de4-a72c3f4c92ae","dataSourceKey":"main","timestamp":"2025-05-10 11:57:59"}
{"level":"info","message":"parseJsonTemplate.parsed","meta":{},"module":"attendance","submodule":"list","method":"","app":"main","reqId":"6932b4fb-14b4-43bc-8de4-a72c3f4c92ae","dataSourceKey":"main","timestamp":"2025-05-10 11:57:59"}
{"level":"info","message":"filter-parse: ","meta":{"userFields":["id"]},"module":"attendance","submodule":"list","method":"","app":"main","reqId":"6932b4fb-14b4-43bc-8de4-a72c3f4c92ae","dataSourceKey":"main","timestamp":"2025-05-10 11:57:59"}
{"level":"info","message":"filter-parse: ","meta":{"userFields":["id"]},"module":"charts","submodule":"query","method":"","app":"main","reqId":"b6409ee8-820e-4d40-bbc4-12ee32ef720c","dataSourceKey":"main","timestamp":"2025-05-10 11:57:59"}
{"level":"info","message":"filter-parse: ","meta":{"$user":{"id":1}},"module":"charts","submodule":"query","method":"","app":"main","reqId":"17c863f3-48f6-40a5-8273-af2bd7f5f6cb","dataSourceKey":"main","timestamp":"2025-05-10 11:57:59"}
{"level":"info","message":"filter-parse: ","meta":{"$user":{"id":1}},"module":"attendance","submodule":"list","method":"","app":"main","reqId":"6932b4fb-14b4-43bc-8de4-a72c3f4c92ae","dataSourceKey":"main","timestamp":"2025-05-10 11:57:59"}
{"level":"info","message":"filter-parse: ","meta":{"userFields":["id"]},"module":"charts","submodule":"query","method":"","app":"main","reqId":"6262fa66-bbe9-4745-9ea9-69f263024a99","dataSourceKey":"main","timestamp":"2025-05-10 11:57:59"}
{"level":"info","message":"filter-parse: ","meta":{"$user":{"id":1}},"module":"charts","submodule":"query","method":"","app":"main","reqId":"b6409ee8-820e-4d40-bbc4-12ee32ef720c","dataSourceKey":"main","timestamp":"2025-05-10 11:57:59"}
{"level":"info","message":"filter-parse: ","meta":{"$user":{"id":1}},"module":"charts","submodule":"query","method":"","app":"main","reqId":"6262fa66-bbe9-4745-9ea9-69f263024a99","dataSourceKey":"main","timestamp":"2025-05-10 11:57:59"}
{"level":"info","message":"filter-parse: ","meta":{"userFields":["id"]},"module":"charts","submodule":"query","method":"","app":"main","reqId":"2e3fe5f6-f605-4c36-bb4f-125860793928","dataSourceKey":"main","timestamp":"2025-05-10 11:58:05"}
{"level":"info","message":"parseJsonTemplate.raw","meta":{},"module":"attendance","submodule":"list","method":"","app":"main","reqId":"92d7a047-1b91-4e84-88d8-8fdac0da4d02","dataSourceKey":"main","timestamp":"2025-05-10 11:58:05"}
{"level":"info","message":"parseJsonTemplate.parsed","meta":{},"module":"attendance","submodule":"list","method":"","app":"main","reqId":"92d7a047-1b91-4e84-88d8-8fdac0da4d02","dataSourceKey":"main","timestamp":"2025-05-10 11:58:05"}
{"level":"info","message":"filter-parse: ","meta":{"userFields":["id"]},"module":"attendance","submodule":"list","method":"","app":"main","reqId":"92d7a047-1b91-4e84-88d8-8fdac0da4d02","dataSourceKey":"main","timestamp":"2025-05-10 11:58:05"}
{"level":"info","message":"filter-parse: ","meta":{"$user":{"id":1}},"module":"charts","submodule":"query","method":"","app":"main","reqId":"2e3fe5f6-f605-4c36-bb4f-125860793928","dataSourceKey":"main","timestamp":"2025-05-10 11:58:05"}
{"level":"info","message":"filter-parse: ","meta":{"userFields":["id"]},"module":"charts","submodule":"query","method":"","app":"main","reqId":"76576213-c13e-41f7-bbce-1f3a6a6f4f50","dataSourceKey":"main","timestamp":"2025-05-10 11:58:05"}
{"level":"info","message":"filter-parse: ","meta":{"$user":{"id":1}},"module":"attendance","submodule":"list","method":"","app":"main","reqId":"92d7a047-1b91-4e84-88d8-8fdac0da4d02","dataSourceKey":"main","timestamp":"2025-05-10 11:58:05"}
{"level":"info","message":"filter-parse: ","meta":{"$user":{"id":1}},"module":"charts","submodule":"query","method":"","app":"main","reqId":"76576213-c13e-41f7-bbce-1f3a6a6f4f50","dataSourceKey":"main","timestamp":"2025-05-10 11:58:05"}
{"level":"info","message":"parseJsonTemplate.raw","meta":{},"module":"attendance","submodule":"list","method":"","app":"main","reqId":"2b9cdc3f-cb5b-44e4-b68e-04f7c8be74b2","dataSourceKey":"main","timestamp":"2025-05-10 11:58:07"}
{"level":"info","message":"parseJsonTemplate.parsed","meta":{},"module":"attendance","submodule":"list","method":"","app":"main","reqId":"2b9cdc3f-cb5b-44e4-b68e-04f7c8be74b2","dataSourceKey":"main","timestamp":"2025-05-10 11:58:07"}
{"level":"info","message":"filter-parse: ","meta":{"userFields":["id"]},"module":"attendance","submodule":"list","method":"","app":"main","reqId":"2b9cdc3f-cb5b-44e4-b68e-04f7c8be74b2","dataSourceKey":"main","timestamp":"2025-05-10 11:58:07"}
{"level":"info","message":"filter-parse: ","meta":{"$user":{"id":1}},"module":"attendance","submodule":"list","method":"","app":"main","reqId":"2b9cdc3f-cb5b-44e4-b68e-04f7c8be74b2","dataSourceKey":"main","timestamp":"2025-05-10 11:58:07"}
{"level":"info","message":"parseJsonTemplate.raw","meta":{"createdById":"{{ ctx.state.currentUser.id }}"},"module":"salary","submodule":"list","method":"","app":"main","reqId":"a459d88b-b556-49f2-b2fd-fe8c6201b268","dataSourceKey":"main","timestamp":"2025-05-10 11:58:32"}
{"level":"info","message":"parseJsonTemplate.parsed","meta":{"createdById":1},"module":"salary","submodule":"list","method":"","app":"main","reqId":"a459d88b-b556-49f2-b2fd-fe8c6201b268","dataSourceKey":"main","timestamp":"2025-05-10 11:58:32"}
{"level":"info","message":"filter-parse: ","meta":{"userFields":["id"]},"module":"salary","submodule":"list","method":"","app":"main","reqId":"a459d88b-b556-49f2-b2fd-fe8c6201b268","dataSourceKey":"main","timestamp":"2025-05-10 11:58:32"}
{"level":"info","message":"filter-parse: ","meta":{"$user":{"id":1}},"module":"salary","submodule":"list","method":"","app":"main","reqId":"a459d88b-b556-49f2-b2fd-fe8c6201b268","dataSourceKey":"main","timestamp":"2025-05-10 11:58:32"}
{"level":"info","message":"filter-parse: ","meta":{"userFields":["id"]},"module":"charts","submodule":"query","method":"","app":"main","reqId":"29a061c3-11a9-4ea2-8a72-0c201bf7eb69","dataSourceKey":"main","timestamp":"2025-05-10 11:58:34"}
{"level":"info","message":"filter-parse: ","meta":{"$user":{"id":1}},"module":"charts","submodule":"query","method":"","app":"main","reqId":"29a061c3-11a9-4ea2-8a72-0c201bf7eb69","dataSourceKey":"main","timestamp":"2025-05-10 11:58:34"}
{"level":"info","message":"filter-parse: ","meta":{"userFields":["id"]},"module":"charts","submodule":"query","method":"","app":"main","reqId":"004b3ba7-cae5-42cd-bc16-bd4fbf297386","dataSourceKey":"main","timestamp":"2025-05-10 11:58:34"}
{"level":"info","message":"parseJsonTemplate.raw","meta":{},"module":"attendance","submodule":"list","method":"","app":"main","reqId":"04d03ffc-8a7c-41c1-81a8-d94bcf9a9801","dataSourceKey":"main","timestamp":"2025-05-10 11:58:34"}
{"level":"info","message":"parseJsonTemplate.parsed","meta":{},"module":"attendance","submodule":"list","method":"","app":"main","reqId":"04d03ffc-8a7c-41c1-81a8-d94bcf9a9801","dataSourceKey":"main","timestamp":"2025-05-10 11:58:34"}
{"level":"info","message":"filter-parse: ","meta":{"userFields":["id"]},"module":"attendance","submodule":"list","method":"","app":"main","reqId":"04d03ffc-8a7c-41c1-81a8-d94bcf9a9801","dataSourceKey":"main","timestamp":"2025-05-10 11:58:34"}
{"level":"info","message":"filter-parse: ","meta":{"$user":{"id":1}},"module":"charts","submodule":"query","method":"","app":"main","reqId":"004b3ba7-cae5-42cd-bc16-bd4fbf297386","dataSourceKey":"main","timestamp":"2025-05-10 11:58:34"}
{"level":"info","message":"filter-parse: ","meta":{"$user":{"id":1}},"module":"attendance","submodule":"list","method":"","app":"main","reqId":"04d03ffc-8a7c-41c1-81a8-d94bcf9a9801","dataSourceKey":"main","timestamp":"2025-05-10 11:58:34"}
{"level":"info","message":"filter-parse: ","meta":{"userFields":["id"]},"module":"charts","submodule":"query","method":"","app":"main","reqId":"7157fcc3-9e0d-44f0-a1c6-47f74825564e","dataSourceKey":"main","timestamp":"2025-05-10 11:58:36"}
{"level":"info","message":"parseJsonTemplate.raw","meta":{},"module":"attendance","submodule":"list","method":"","app":"main","reqId":"09e5f2a7-d309-4fd7-af3c-9cd08752a4fb","dataSourceKey":"main","timestamp":"2025-05-10 11:58:36"}
{"level":"info","message":"parseJsonTemplate.parsed","meta":{},"module":"attendance","submodule":"list","method":"","app":"main","reqId":"09e5f2a7-d309-4fd7-af3c-9cd08752a4fb","dataSourceKey":"main","timestamp":"2025-05-10 11:58:36"}
{"level":"info","message":"filter-parse: ","meta":{"userFields":["id"]},"module":"attendance","submodule":"list","method":"","app":"main","reqId":"09e5f2a7-d309-4fd7-af3c-9cd08752a4fb","dataSourceKey":"main","timestamp":"2025-05-10 11:58:36"}
{"level":"info","message":"filter-parse: ","meta":{"$user":{"id":1}},"module":"charts","submodule":"query","method":"","app":"main","reqId":"7157fcc3-9e0d-44f0-a1c6-47f74825564e","dataSourceKey":"main","timestamp":"2025-05-10 11:58:36"}
{"level":"info","message":"filter-parse: ","meta":{"userFields":["id"]},"module":"charts","submodule":"query","method":"","app":"main","reqId":"0719be3e-ef70-4849-92cf-d881bfa113c0","dataSourceKey":"main","timestamp":"2025-05-10 11:58:36"}
{"level":"info","message":"filter-parse: ","meta":{"$user":{"id":1}},"module":"attendance","submodule":"list","method":"","app":"main","reqId":"09e5f2a7-d309-4fd7-af3c-9cd08752a4fb","dataSourceKey":"main","timestamp":"2025-05-10 11:58:36"}
{"level":"info","message":"filter-parse: ","meta":{"userFields":["id"]},"module":"charts","submodule":"query","method":"","app":"main","reqId":"9724573d-24c3-4ed9-9f20-e7997c6b014f","dataSourceKey":"main","timestamp":"2025-05-10 11:58:36"}
{"level":"info","message":"filter-parse: ","meta":{"$user":{"id":1}},"module":"charts","submodule":"query","method":"","app":"main","reqId":"0719be3e-ef70-4849-92cf-d881bfa113c0","dataSourceKey":"main","timestamp":"2025-05-10 11:58:36"}
{"level":"info","message":"filter-parse: ","meta":{"$user":{"id":1}},"module":"charts","submodule":"query","method":"","app":"main","reqId":"9724573d-24c3-4ed9-9f20-e7997c6b014f","dataSourceKey":"main","timestamp":"2025-05-10 11:58:36"}
{"level":"info","message":"filter-parse: ","meta":{"userFields":["id"]},"module":"charts","submodule":"query","method":"","app":"main","reqId":"43643c4b-6c50-4bdc-90dc-6ca8d25cc371","dataSourceKey":"main","timestamp":"2025-05-10 12:00:09"}
{"level":"info","message":"filter-parse: ","meta":{"$user":{"id":2}},"module":"charts","submodule":"query","method":"","app":"main","reqId":"43643c4b-6c50-4bdc-90dc-6ca8d25cc371","dataSourceKey":"main","timestamp":"2025-05-10 12:00:09"}
{"level":"info","message":"filter-parse: ","meta":{"userFields":["id"]},"module":"charts","submodule":"query","method":"","app":"main","reqId":"d4845c82-4be6-4af3-97de-1b9ae252007c","dataSourceKey":"main","timestamp":"2025-05-10 12:00:09"}
{"level":"info","message":"filter-parse: ","meta":{"userFields":["id"]},"module":"charts","submodule":"query","method":"","app":"main","reqId":"2d3841d5-2359-4491-9ff3-b740f10a214c","dataSourceKey":"main","timestamp":"2025-05-10 12:00:09"}
{"level":"info","message":"filter-parse: ","meta":{"$user":{"id":2}},"module":"charts","submodule":"query","method":"","app":"main","reqId":"d4845c82-4be6-4af3-97de-1b9ae252007c","dataSourceKey":"main","timestamp":"2025-05-10 12:00:09"}
{"level":"info","message":"parseJsonTemplate.raw","meta":{},"module":"attendance","submodule":"list","method":"","app":"main","reqId":"523f35c7-0c55-4004-8e86-f4f61fa81400","dataSourceKey":"main","timestamp":"2025-05-10 12:00:09"}
{"level":"info","message":"parseJsonTemplate.parsed","meta":{},"module":"attendance","submodule":"list","method":"","app":"main","reqId":"523f35c7-0c55-4004-8e86-f4f61fa81400","dataSourceKey":"main","timestamp":"2025-05-10 12:00:09"}
{"level":"info","message":"filter-parse: ","meta":{"userFields":["id"]},"module":"attendance","submodule":"list","method":"","app":"main","reqId":"523f35c7-0c55-4004-8e86-f4f61fa81400","dataSourceKey":"main","timestamp":"2025-05-10 12:00:09"}
{"level":"info","message":"filter-parse: ","meta":{"$user":{"id":2}},"module":"charts","submodule":"query","method":"","app":"main","reqId":"2d3841d5-2359-4491-9ff3-b740f10a214c","dataSourceKey":"main","timestamp":"2025-05-10 12:00:09"}
{"level":"info","message":"filter-parse: ","meta":{"$user":{"id":2}},"module":"attendance","submodule":"list","method":"","app":"main","reqId":"523f35c7-0c55-4004-8e86-f4f61fa81400","dataSourceKey":"main","timestamp":"2025-05-10 12:00:10"}
{"level":"info","message":"parseJsonTemplate.raw","meta":{},"module":"attendance","submodule":"list","method":"","app":"main","reqId":"2849e19a-8e77-4388-b07f-0e4aa799a6f4","dataSourceKey":"main","timestamp":"2025-05-10 12:00:17"}
{"level":"info","message":"parseJsonTemplate.parsed","meta":{},"module":"attendance","submodule":"list","method":"","app":"main","reqId":"2849e19a-8e77-4388-b07f-0e4aa799a6f4","dataSourceKey":"main","timestamp":"2025-05-10 12:00:17"}
{"level":"info","message":"filter-parse: ","meta":{"userFields":["id"]},"module":"attendance","submodule":"list","method":"","app":"main","reqId":"2849e19a-8e77-4388-b07f-0e4aa799a6f4","dataSourceKey":"main","timestamp":"2025-05-10 12:00:17"}
{"level":"info","message":"filter-parse: ","meta":{"userFields":["id"]},"module":"charts","submodule":"query","method":"","app":"main","reqId":"1a0d8a23-5d40-484c-aa91-db2de04f7ac2","dataSourceKey":"main","timestamp":"2025-05-10 12:00:17"}
{"level":"info","message":"filter-parse: ","meta":{"$user":{"id":2}},"module":"attendance","submodule":"list","method":"","app":"main","reqId":"2849e19a-8e77-4388-b07f-0e4aa799a6f4","dataSourceKey":"main","timestamp":"2025-05-10 12:00:17"}
{"level":"info","message":"filter-parse: ","meta":{"$user":{"id":2}},"module":"charts","submodule":"query","method":"","app":"main","reqId":"1a0d8a23-5d40-484c-aa91-db2de04f7ac2","dataSourceKey":"main","timestamp":"2025-05-10 12:00:17"}
{"level":"info","message":"filter-parse: ","meta":{"userFields":["id"]},"module":"charts","submodule":"query","method":"","app":"main","reqId":"5ebcaf91-63c2-4c8a-94ea-9da420e0234c","dataSourceKey":"main","timestamp":"2025-05-10 12:00:17"}
{"level":"info","message":"filter-parse: ","meta":{"$user":{"id":2}},"module":"charts","submodule":"query","method":"","app":"main","reqId":"5ebcaf91-63c2-4c8a-94ea-9da420e0234c","dataSourceKey":"main","timestamp":"2025-05-10 12:00:17"}
{"level":"info","message":"parseJsonTemplate.raw","meta":{},"module":"attendance","submodule":"list","method":"","app":"main","reqId":"48da5c43-c77b-4043-8e8a-ecbf8accb527","dataSourceKey":"main","timestamp":"2025-05-10 12:01:02"}
{"level":"info","message":"parseJsonTemplate.parsed","meta":{},"module":"attendance","submodule":"list","method":"","app":"main","reqId":"48da5c43-c77b-4043-8e8a-ecbf8accb527","dataSourceKey":"main","timestamp":"2025-05-10 12:01:02"}
{"level":"info","message":"filter-parse: ","meta":{"userFields":["id"]},"module":"attendance","submodule":"list","method":"","app":"main","reqId":"48da5c43-c77b-4043-8e8a-ecbf8accb527","dataSourceKey":"main","timestamp":"2025-05-10 12:01:02"}
{"level":"info","message":"filter-parse: ","meta":{"$user":{"id":2}},"module":"attendance","submodule":"list","method":"","app":"main","reqId":"48da5c43-c77b-4043-8e8a-ecbf8accb527","dataSourceKey":"main","timestamp":"2025-05-10 12:01:02"}
