{"level":"info","message":"add app main into supervisor","meta":{},"module":"application","submodule":"supervisor","method":"addApp","app":"main","reqId":"6b79bb44-5d90-4f76-a02a-d1b0881c577c","dataSourceKey":"main","timestamp":"2025-04-24 02:28:23"}
{"level":"warn","message":"attempt 1/9: Unable to connect to the database: the database system is starting up","meta":{},"module":"database","submodule":"","method":"auth","app":"main","reqId":"6b79bb44-5d90-4f76-a02a-d1b0881c577c","dataSourceKey":"main","timestamp":"2025-04-24 02:28:23"}
{"level":"warn","message":"will retry in 50ms...","meta":{},"module":"database","submodule":"","method":"auth","app":"main","reqId":"6b79bb44-5d90-4f76-a02a-d1b0881c577c","dataSourceKey":"main","timestamp":"2025-04-24 02:28:23"}
{"level":"warn","message":"attempt 2/9: Unable to connect to the database: the database system is starting up","meta":{},"module":"database","submodule":"","method":"auth","app":"main","reqId":"6b79bb44-5d90-4f76-a02a-d1b0881c577c","dataSourceKey":"main","timestamp":"2025-04-24 02:28:23"}
{"level":"warn","message":"will retry in 100ms...","meta":{},"module":"database","submodule":"","method":"auth","app":"main","reqId":"6b79bb44-5d90-4f76-a02a-d1b0881c577c","dataSourceKey":"main","timestamp":"2025-04-24 02:28:23"}
{"level":"warn","message":"attempt 3/9: Unable to connect to the database: the database system is starting up","meta":{},"module":"database","submodule":"","method":"auth","app":"main","reqId":"6b79bb44-5d90-4f76-a02a-d1b0881c577c","dataSourceKey":"main","timestamp":"2025-04-24 02:28:23"}
{"level":"warn","message":"will retry in 200ms...","meta":{},"module":"database","submodule":"","method":"auth","app":"main","reqId":"6b79bb44-5d90-4f76-a02a-d1b0881c577c","dataSourceKey":"main","timestamp":"2025-04-24 02:28:23"}
{"level":"warn","message":"attempt 4/9: Unable to connect to the database: the database system is starting up","meta":{},"module":"database","submodule":"","method":"auth","app":"main","reqId":"6b79bb44-5d90-4f76-a02a-d1b0881c577c","dataSourceKey":"main","timestamp":"2025-04-24 02:28:24"}
{"level":"warn","message":"will retry in 400ms...","meta":{},"module":"database","submodule":"","method":"auth","app":"main","reqId":"6b79bb44-5d90-4f76-a02a-d1b0881c577c","dataSourceKey":"main","timestamp":"2025-04-24 02:28:24"}
{"level":"warn","message":"attempt 5/9: Unable to connect to the database: the database system is starting up","meta":{},"module":"database","submodule":"","method":"auth","app":"main","reqId":"6b79bb44-5d90-4f76-a02a-d1b0881c577c","dataSourceKey":"main","timestamp":"2025-04-24 02:28:24"}
{"level":"warn","message":"will retry in 800ms...","meta":{},"module":"database","submodule":"","method":"auth","app":"main","reqId":"6b79bb44-5d90-4f76-a02a-d1b0881c577c","dataSourceKey":"main","timestamp":"2025-04-24 02:28:24"}
{"level":"warn","message":"attempt 6/9: Unable to connect to the database: the database system is starting up","meta":{},"module":"database","submodule":"","method":"auth","app":"main","reqId":"6b79bb44-5d90-4f76-a02a-d1b0881c577c","dataSourceKey":"main","timestamp":"2025-04-24 02:28:25"}
{"level":"warn","message":"will retry in 1600ms...","meta":{},"module":"database","submodule":"","method":"auth","app":"main","reqId":"6b79bb44-5d90-4f76-a02a-d1b0881c577c","dataSourceKey":"main","timestamp":"2025-04-24 02:28:25"}
{"level":"warn","message":"attempt 7/9: Unable to connect to the database: the database system is starting up","meta":{},"module":"database","submodule":"","method":"auth","app":"main","reqId":"6b79bb44-5d90-4f76-a02a-d1b0881c577c","dataSourceKey":"main","timestamp":"2025-04-24 02:28:26"}
{"level":"warn","message":"will retry in 3200ms...","meta":{},"module":"database","submodule":"","method":"auth","app":"main","reqId":"6b79bb44-5d90-4f76-a02a-d1b0881c577c","dataSourceKey":"main","timestamp":"2025-04-24 02:28:26"}
{"level":"warn","message":"attempt 8/9: Unable to connect to the database: the database system is not yet accepting connections","meta":{},"module":"database","submodule":"","method":"auth","app":"main","reqId":"6b79bb44-5d90-4f76-a02a-d1b0881c577c","dataSourceKey":"main","timestamp":"2025-04-24 02:28:30"}
{"level":"info","message":"connection has been established successfully.","meta":{},"module":"database","submodule":"","method":"auth","app":"main","reqId":"6b79bb44-5d90-4f76-a02a-d1b0881c577c","dataSourceKey":"main","timestamp":"2025-04-24 02:28:36"}
{"level":"info","message":"upgrading...","meta":{},"module":"application","submodule":"","method":"","app":"main","reqId":"6b79bb44-5d90-4f76-a02a-d1b0881c577c","dataSourceKey":"main","timestamp":"2025-04-24 02:28:36"}
{"level":"info","message":"run upgrade","meta":{},"module":"application","submodule":"","method":"","app":"main","reqId":"6b79bb44-5d90-4f76-a02a-d1b0881c577c","dataSourceKey":"main","timestamp":"2025-04-24 02:28:37"}
{"level":"info","message":"update built-in plugins","meta":{},"module":"nocobase","submodule":"","method":"","app":"main","reqId":"6b79bb44-5d90-4f76-a02a-d1b0881c577c","dataSourceKey":"main","timestamp":"2025-04-24 02:28:37"}
{"level":"info","message":"run upgrade","meta":{},"module":"application","submodule":"","method":"","app":"main","reqId":"6b79bb44-5d90-4f76-a02a-d1b0881c577c","dataSourceKey":"main","timestamp":"2025-04-24 02:28:39"}
{"level":"info","message":"restarting...","meta":{},"module":"application","submodule":"","method":"","app":"main","reqId":"6b79bb44-5d90-4f76-a02a-d1b0881c577c","dataSourceKey":"main","timestamp":"2025-04-24 02:28:39"}
{"level":"info","message":"app.reload()","meta":{},"module":"application","submodule":"","method":"load","app":"main","reqId":"6b79bb44-5d90-4f76-a02a-d1b0881c577c","dataSourceKey":"main","timestamp":"2025-04-24 02:28:39"}
{"level":"info","message":"write roles to ACL","meta":{},"module":"acl","submodule":"","method":"writeRolesToACL","app":"main","reqId":"6b79bb44-5d90-4f76-a02a-d1b0881c577c","dataSourceKey":"main","timestamp":"2025-04-24 02:28:41"}
{"level":"info","message":"app has been started","meta":{},"module":"application","submodule":"","method":"","app":"main","reqId":"6b79bb44-5d90-4f76-a02a-d1b0881c577c","dataSourceKey":"main","timestamp":"2025-04-24 02:28:41"}
{"level":"info","message":"add app main into supervisor","meta":{},"module":"application","submodule":"supervisor","method":"addApp","app":"main","reqId":"6509fe87-987b-48fb-ba3b-93352ca48362","dataSourceKey":"main","timestamp":"2025-04-24 14:39:22"}
{"level":"warn","message":"attempt 1/9: Unable to connect to the database: the database system is starting up","meta":{},"module":"database","submodule":"","method":"auth","app":"main","reqId":"6509fe87-987b-48fb-ba3b-93352ca48362","dataSourceKey":"main","timestamp":"2025-04-24 14:39:22"}
{"level":"warn","message":"will retry in 50ms...","meta":{},"module":"database","submodule":"","method":"auth","app":"main","reqId":"6509fe87-987b-48fb-ba3b-93352ca48362","dataSourceKey":"main","timestamp":"2025-04-24 14:39:22"}
{"level":"warn","message":"attempt 2/9: Unable to connect to the database: the database system is starting up","meta":{},"module":"database","submodule":"","method":"auth","app":"main","reqId":"6509fe87-987b-48fb-ba3b-93352ca48362","dataSourceKey":"main","timestamp":"2025-04-24 14:39:22"}
{"level":"warn","message":"will retry in 100ms...","meta":{},"module":"database","submodule":"","method":"auth","app":"main","reqId":"6509fe87-987b-48fb-ba3b-93352ca48362","dataSourceKey":"main","timestamp":"2025-04-24 14:39:22"}
{"level":"warn","message":"attempt 3/9: Unable to connect to the database: the database system is starting up","meta":{},"module":"database","submodule":"","method":"auth","app":"main","reqId":"6509fe87-987b-48fb-ba3b-93352ca48362","dataSourceKey":"main","timestamp":"2025-04-24 14:39:22"}
{"level":"warn","message":"will retry in 200ms...","meta":{},"module":"database","submodule":"","method":"auth","app":"main","reqId":"6509fe87-987b-48fb-ba3b-93352ca48362","dataSourceKey":"main","timestamp":"2025-04-24 14:39:22"}
{"level":"warn","message":"attempt 4/9: Unable to connect to the database: the database system is starting up","meta":{},"module":"database","submodule":"","method":"auth","app":"main","reqId":"6509fe87-987b-48fb-ba3b-93352ca48362","dataSourceKey":"main","timestamp":"2025-04-24 14:39:23"}
{"level":"warn","message":"will retry in 400ms...","meta":{},"module":"database","submodule":"","method":"auth","app":"main","reqId":"6509fe87-987b-48fb-ba3b-93352ca48362","dataSourceKey":"main","timestamp":"2025-04-24 14:39:23"}
{"level":"warn","message":"attempt 5/9: Unable to connect to the database: the database system is starting up","meta":{},"module":"database","submodule":"","method":"auth","app":"main","reqId":"6509fe87-987b-48fb-ba3b-93352ca48362","dataSourceKey":"main","timestamp":"2025-04-24 14:39:23"}
{"level":"warn","message":"will retry in 800ms...","meta":{},"module":"database","submodule":"","method":"auth","app":"main","reqId":"6509fe87-987b-48fb-ba3b-93352ca48362","dataSourceKey":"main","timestamp":"2025-04-24 14:39:23"}
{"level":"warn","message":"attempt 6/9: Unable to connect to the database: the database system is starting up","meta":{},"module":"database","submodule":"","method":"auth","app":"main","reqId":"6509fe87-987b-48fb-ba3b-93352ca48362","dataSourceKey":"main","timestamp":"2025-04-24 14:39:24"}
{"level":"warn","message":"will retry in 1600ms...","meta":{},"module":"database","submodule":"","method":"auth","app":"main","reqId":"6509fe87-987b-48fb-ba3b-93352ca48362","dataSourceKey":"main","timestamp":"2025-04-24 14:39:24"}
{"level":"warn","message":"attempt 7/9: Unable to connect to the database: the database system is starting up","meta":{},"module":"database","submodule":"","method":"auth","app":"main","reqId":"6509fe87-987b-48fb-ba3b-93352ca48362","dataSourceKey":"main","timestamp":"2025-04-24 14:39:25"}
{"level":"warn","message":"will retry in 3200ms...","meta":{},"module":"database","submodule":"","method":"auth","app":"main","reqId":"6509fe87-987b-48fb-ba3b-93352ca48362","dataSourceKey":"main","timestamp":"2025-04-24 14:39:25"}
{"level":"info","message":"connection has been established successfully.","meta":{},"module":"database","submodule":"","method":"auth","app":"main","reqId":"6509fe87-987b-48fb-ba3b-93352ca48362","dataSourceKey":"main","timestamp":"2025-04-24 14:39:29"}
{"level":"info","message":"upgrading...","meta":{},"module":"application","submodule":"","method":"","app":"main","reqId":"6509fe87-987b-48fb-ba3b-93352ca48362","dataSourceKey":"main","timestamp":"2025-04-24 14:39:29"}
{"level":"info","message":"run upgrade","meta":{},"module":"application","submodule":"","method":"","app":"main","reqId":"6509fe87-987b-48fb-ba3b-93352ca48362","dataSourceKey":"main","timestamp":"2025-04-24 14:39:29"}
{"level":"info","message":"update built-in plugins","meta":{},"module":"nocobase","submodule":"","method":"","app":"main","reqId":"6509fe87-987b-48fb-ba3b-93352ca48362","dataSourceKey":"main","timestamp":"2025-04-24 14:39:29"}
{"level":"info","message":"run upgrade","meta":{},"module":"application","submodule":"","method":"","app":"main","reqId":"6509fe87-987b-48fb-ba3b-93352ca48362","dataSourceKey":"main","timestamp":"2025-04-24 14:39:32"}
{"level":"info","message":"restarting...","meta":{},"module":"application","submodule":"","method":"","app":"main","reqId":"6509fe87-987b-48fb-ba3b-93352ca48362","dataSourceKey":"main","timestamp":"2025-04-24 14:39:32"}
{"level":"info","message":"app.reload()","meta":{},"module":"application","submodule":"","method":"load","app":"main","reqId":"6509fe87-987b-48fb-ba3b-93352ca48362","dataSourceKey":"main","timestamp":"2025-04-24 14:39:32"}
{"level":"info","message":"write roles to ACL","meta":{},"module":"acl","submodule":"","method":"writeRolesToACL","app":"main","reqId":"6509fe87-987b-48fb-ba3b-93352ca48362","dataSourceKey":"main","timestamp":"2025-04-24 14:39:33"}
{"level":"info","message":"app has been started","meta":{},"module":"application","submodule":"","method":"","app":"main","reqId":"6509fe87-987b-48fb-ba3b-93352ca48362","dataSourceKey":"main","timestamp":"2025-04-24 14:39:33"}
{"level":"info","message":"token renewing","meta":{"url":"/api/create_course:update?filterByTk=63&triggerWorkflows=o3iucqm26et","currentJti":"fb5f18c2-c417-41c9-bd2d-73ae56ac1c58"},"module":"create_course","submodule":"update","method":"auth.check","app":"main","reqId":"eaab8540-5881-4bb3-937e-fdc1da009af4","dataSourceKey":"main","timestamp":"2025-04-24 15:00:17"}
{"level":"info","message":"token renewing","meta":{"jti":"fb5f18c2-c417-41c9-bd2d-73ae56ac1c58"},"module":"create_course","submodule":"update","method":"auth.check","app":"main","reqId":"eaab8540-5881-4bb3-937e-fdc1da009af4","dataSourceKey":"main","timestamp":"2025-04-24 15:00:17"}
{"level":"info","message":"jti renewed","meta":{"oldJti":"fb5f18c2-c417-41c9-bd2d-73ae56ac1c58","newJti":"3a04a1a3-7e3d-4656-94cf-97751d274903","issuedTime":1745506817812},"module":"application","submodule":"","method":"","app":"main","reqId":"6509fe87-987b-48fb-ba3b-93352ca48362","dataSourceKey":"main","timestamp":"2025-04-24 15:00:17"}
{"level":"info","message":"token renewed","meta":{"oldJti":"fb5f18c2-c417-41c9-bd2d-73ae56ac1c58","newJti":"3a04a1a3-7e3d-4656-94cf-97751d274903"},"module":"create_course","submodule":"update","method":"auth.check","app":"main","reqId":"eaab8540-5881-4bb3-937e-fdc1da009af4","dataSourceKey":"main","timestamp":"2025-04-24 15:00:17"}
