{"level":"info","message":"add app main into supervisor","meta":{},"module":"application","submodule":"supervisor","method":"addApp","app":"main","reqId":"80bc401d-acd7-4276-9ed9-83f83c45eb89","dataSourceKey":"main","timestamp":"2025-04-25 13:53:43"}
{"level":"warn","message":"attempt 1/9: Unable to connect to the database: the database system is starting up","meta":{},"module":"database","submodule":"","method":"auth","app":"main","reqId":"80bc401d-acd7-4276-9ed9-83f83c45eb89","dataSourceKey":"main","timestamp":"2025-04-25 13:53:43"}
{"level":"warn","message":"will retry in 50ms...","meta":{},"module":"database","submodule":"","method":"auth","app":"main","reqId":"80bc401d-acd7-4276-9ed9-83f83c45eb89","dataSourceKey":"main","timestamp":"2025-04-25 13:53:43"}
{"level":"warn","message":"attempt 2/9: Unable to connect to the database: the database system is starting up","meta":{},"module":"database","submodule":"","method":"auth","app":"main","reqId":"80bc401d-acd7-4276-9ed9-83f83c45eb89","dataSourceKey":"main","timestamp":"2025-04-25 13:53:43"}
{"level":"warn","message":"will retry in 100ms...","meta":{},"module":"database","submodule":"","method":"auth","app":"main","reqId":"80bc401d-acd7-4276-9ed9-83f83c45eb89","dataSourceKey":"main","timestamp":"2025-04-25 13:53:43"}
{"level":"warn","message":"attempt 3/9: Unable to connect to the database: the database system is starting up","meta":{},"module":"database","submodule":"","method":"auth","app":"main","reqId":"80bc401d-acd7-4276-9ed9-83f83c45eb89","dataSourceKey":"main","timestamp":"2025-04-25 13:53:43"}
{"level":"warn","message":"will retry in 200ms...","meta":{},"module":"database","submodule":"","method":"auth","app":"main","reqId":"80bc401d-acd7-4276-9ed9-83f83c45eb89","dataSourceKey":"main","timestamp":"2025-04-25 13:53:43"}
{"level":"warn","message":"attempt 4/9: Unable to connect to the database: the database system is starting up","meta":{},"module":"database","submodule":"","method":"auth","app":"main","reqId":"80bc401d-acd7-4276-9ed9-83f83c45eb89","dataSourceKey":"main","timestamp":"2025-04-25 13:53:43"}
{"level":"warn","message":"will retry in 400ms...","meta":{},"module":"database","submodule":"","method":"auth","app":"main","reqId":"80bc401d-acd7-4276-9ed9-83f83c45eb89","dataSourceKey":"main","timestamp":"2025-04-25 13:53:43"}
{"level":"warn","message":"attempt 5/9: Unable to connect to the database: the database system is starting up","meta":{},"module":"database","submodule":"","method":"auth","app":"main","reqId":"80bc401d-acd7-4276-9ed9-83f83c45eb89","dataSourceKey":"main","timestamp":"2025-04-25 13:53:44"}
{"level":"warn","message":"will retry in 800ms...","meta":{},"module":"database","submodule":"","method":"auth","app":"main","reqId":"80bc401d-acd7-4276-9ed9-83f83c45eb89","dataSourceKey":"main","timestamp":"2025-04-25 13:53:44"}
{"level":"warn","message":"attempt 6/9: Unable to connect to the database: the database system is starting up","meta":{},"module":"database","submodule":"","method":"auth","app":"main","reqId":"80bc401d-acd7-4276-9ed9-83f83c45eb89","dataSourceKey":"main","timestamp":"2025-04-25 13:53:45"}
{"level":"warn","message":"will retry in 1600ms...","meta":{},"module":"database","submodule":"","method":"auth","app":"main","reqId":"80bc401d-acd7-4276-9ed9-83f83c45eb89","dataSourceKey":"main","timestamp":"2025-04-25 13:53:45"}
{"level":"warn","message":"attempt 7/9: Unable to connect to the database: the database system is starting up","meta":{},"module":"database","submodule":"","method":"auth","app":"main","reqId":"80bc401d-acd7-4276-9ed9-83f83c45eb89","dataSourceKey":"main","timestamp":"2025-04-25 13:53:46"}
{"level":"warn","message":"will retry in 3200ms...","meta":{},"module":"database","submodule":"","method":"auth","app":"main","reqId":"80bc401d-acd7-4276-9ed9-83f83c45eb89","dataSourceKey":"main","timestamp":"2025-04-25 13:53:46"}
{"level":"warn","message":"attempt 8/9: Unable to connect to the database: the database system is starting up","meta":{},"module":"database","submodule":"","method":"auth","app":"main","reqId":"80bc401d-acd7-4276-9ed9-83f83c45eb89","dataSourceKey":"main","timestamp":"2025-04-25 13:53:49"}
{"level":"info","message":"connection has been established successfully.","meta":{},"module":"database","submodule":"","method":"auth","app":"main","reqId":"80bc401d-acd7-4276-9ed9-83f83c45eb89","dataSourceKey":"main","timestamp":"2025-04-25 13:53:56"}
{"level":"info","message":"upgrading...","meta":{},"module":"application","submodule":"","method":"","app":"main","reqId":"80bc401d-acd7-4276-9ed9-83f83c45eb89","dataSourceKey":"main","timestamp":"2025-04-25 13:53:56"}
{"level":"info","message":"run upgrade","meta":{},"module":"application","submodule":"","method":"","app":"main","reqId":"80bc401d-acd7-4276-9ed9-83f83c45eb89","dataSourceKey":"main","timestamp":"2025-04-25 13:53:56"}
{"level":"info","message":"update built-in plugins","meta":{},"module":"nocobase","submodule":"","method":"","app":"main","reqId":"80bc401d-acd7-4276-9ed9-83f83c45eb89","dataSourceKey":"main","timestamp":"2025-04-25 13:53:56"}
{"level":"info","message":"run upgrade","meta":{},"module":"application","submodule":"","method":"","app":"main","reqId":"80bc401d-acd7-4276-9ed9-83f83c45eb89","dataSourceKey":"main","timestamp":"2025-04-25 13:53:59"}
{"level":"info","message":"restarting...","meta":{},"module":"application","submodule":"","method":"","app":"main","reqId":"80bc401d-acd7-4276-9ed9-83f83c45eb89","dataSourceKey":"main","timestamp":"2025-04-25 13:53:59"}
{"level":"info","message":"app.reload()","meta":{},"module":"application","submodule":"","method":"load","app":"main","reqId":"80bc401d-acd7-4276-9ed9-83f83c45eb89","dataSourceKey":"main","timestamp":"2025-04-25 13:53:59"}
{"level":"info","message":"write roles to ACL","meta":{},"module":"acl","submodule":"","method":"writeRolesToACL","app":"main","reqId":"80bc401d-acd7-4276-9ed9-83f83c45eb89","dataSourceKey":"main","timestamp":"2025-04-25 13:54:00"}
{"level":"info","message":"app has been started","meta":{},"module":"application","submodule":"","method":"","app":"main","reqId":"80bc401d-acd7-4276-9ed9-83f83c45eb89","dataSourceKey":"main","timestamp":"2025-04-25 13:54:00"}
{"level":"info","message":"token renewing","meta":{"url":"/api/myInAppMessages:count?filter[status]=unread","currentJti":"3a04a1a3-7e3d-4656-94cf-97751d274903"},"module":"myInAppMessages","submodule":"count","method":"auth.check","app":"main","reqId":"64ed4a26-4fca-4e8e-b433-c02d51f07cce","dataSourceKey":"main","timestamp":"2025-04-25 15:00:20"}
{"level":"info","message":"token renewing","meta":{"jti":"3a04a1a3-7e3d-4656-94cf-97751d274903"},"module":"myInAppMessages","submodule":"count","method":"auth.check","app":"main","reqId":"64ed4a26-4fca-4e8e-b433-c02d51f07cce","dataSourceKey":"main","timestamp":"2025-04-25 15:00:20"}
{"level":"info","message":"jti renewed","meta":{"oldJti":"3a04a1a3-7e3d-4656-94cf-97751d274903","newJti":"8a6c4703-d16c-4144-ab2e-680565cb5be5","issuedTime":1745593220733},"module":"application","submodule":"","method":"","app":"main","reqId":"80bc401d-acd7-4276-9ed9-83f83c45eb89","dataSourceKey":"main","timestamp":"2025-04-25 15:00:20"}
{"level":"info","message":"token renewed","meta":{"oldJti":"3a04a1a3-7e3d-4656-94cf-97751d274903","newJti":"8a6c4703-d16c-4144-ab2e-680565cb5be5"},"module":"myInAppMessages","submodule":"count","method":"auth.check","app":"main","reqId":"64ed4a26-4fca-4e8e-b433-c02d51f07cce","dataSourceKey":"main","timestamp":"2025-04-25 15:00:20"}
{"level":"info","message":"add app main into supervisor","meta":{},"module":"application","submodule":"supervisor","method":"addApp","app":"main","reqId":"61f45e10-8ea8-4669-a665-ff98851b7ab7","dataSourceKey":"main","timestamp":"2025-04-25 23:38:53"}
{"level":"info","message":"connection has been established successfully.","meta":{},"module":"database","submodule":"","method":"auth","app":"main","reqId":"61f45e10-8ea8-4669-a665-ff98851b7ab7","dataSourceKey":"main","timestamp":"2025-04-25 23:38:54"}
{"level":"info","message":"upgrading...","meta":{},"module":"application","submodule":"","method":"","app":"main","reqId":"61f45e10-8ea8-4669-a665-ff98851b7ab7","dataSourceKey":"main","timestamp":"2025-04-25 23:38:54"}
{"level":"info","message":"run upgrade","meta":{},"module":"application","submodule":"","method":"","app":"main","reqId":"61f45e10-8ea8-4669-a665-ff98851b7ab7","dataSourceKey":"main","timestamp":"2025-04-25 23:38:54"}
{"level":"info","message":"update built-in plugins","meta":{},"module":"nocobase","submodule":"","method":"","app":"main","reqId":"61f45e10-8ea8-4669-a665-ff98851b7ab7","dataSourceKey":"main","timestamp":"2025-04-25 23:38:54"}
{"level":"info","message":"run upgrade","meta":{},"module":"application","submodule":"","method":"","app":"main","reqId":"61f45e10-8ea8-4669-a665-ff98851b7ab7","dataSourceKey":"main","timestamp":"2025-04-25 23:38:57"}
{"level":"info","message":"restarting...","meta":{},"module":"application","submodule":"","method":"","app":"main","reqId":"61f45e10-8ea8-4669-a665-ff98851b7ab7","dataSourceKey":"main","timestamp":"2025-04-25 23:38:57"}
{"level":"info","message":"app.reload()","meta":{},"module":"application","submodule":"","method":"load","app":"main","reqId":"61f45e10-8ea8-4669-a665-ff98851b7ab7","dataSourceKey":"main","timestamp":"2025-04-25 23:38:57"}
{"level":"info","message":"write roles to ACL","meta":{},"module":"acl","submodule":"","method":"writeRolesToACL","app":"main","reqId":"61f45e10-8ea8-4669-a665-ff98851b7ab7","dataSourceKey":"main","timestamp":"2025-04-25 23:38:59"}
{"level":"info","message":"app has been started","meta":{},"module":"application","submodule":"","method":"","app":"main","reqId":"61f45e10-8ea8-4669-a665-ff98851b7ab7","dataSourceKey":"main","timestamp":"2025-04-25 23:38:59"}
