{"level":"info","message":"add app main into supervisor","meta":{},"module":"application","submodule":"supervisor","method":"addApp","app":"main","reqId":"0154ce77-afef-47c3-94b4-6cbed4847def","dataSourceKey":"main","timestamp":"2025-04-02 01:15:46"}
{"level":"warn","message":"attempt 1/9: Unable to connect to the database: the database system is starting up","meta":{},"module":"database","submodule":"","method":"auth","app":"main","reqId":"0154ce77-afef-47c3-94b4-6cbed4847def","dataSourceKey":"main","timestamp":"2025-04-02 01:15:46"}
{"level":"warn","message":"will retry in 50ms...","meta":{},"module":"database","submodule":"","method":"auth","app":"main","reqId":"0154ce77-afef-47c3-94b4-6cbed4847def","dataSourceKey":"main","timestamp":"2025-04-02 01:15:46"}
{"level":"warn","message":"attempt 2/9: Unable to connect to the database: the database system is starting up","meta":{},"module":"database","submodule":"","method":"auth","app":"main","reqId":"0154ce77-afef-47c3-94b4-6cbed4847def","dataSourceKey":"main","timestamp":"2025-04-02 01:15:46"}
{"level":"warn","message":"will retry in 100ms...","meta":{},"module":"database","submodule":"","method":"auth","app":"main","reqId":"0154ce77-afef-47c3-94b4-6cbed4847def","dataSourceKey":"main","timestamp":"2025-04-02 01:15:46"}
{"level":"warn","message":"attempt 3/9: Unable to connect to the database: the database system is starting up","meta":{},"module":"database","submodule":"","method":"auth","app":"main","reqId":"0154ce77-afef-47c3-94b4-6cbed4847def","dataSourceKey":"main","timestamp":"2025-04-02 01:15:46"}
{"level":"warn","message":"will retry in 200ms...","meta":{},"module":"database","submodule":"","method":"auth","app":"main","reqId":"0154ce77-afef-47c3-94b4-6cbed4847def","dataSourceKey":"main","timestamp":"2025-04-02 01:15:46"}
{"level":"warn","message":"attempt 4/9: Unable to connect to the database: the database system is starting up","meta":{},"module":"database","submodule":"","method":"auth","app":"main","reqId":"0154ce77-afef-47c3-94b4-6cbed4847def","dataSourceKey":"main","timestamp":"2025-04-02 01:15:46"}
{"level":"warn","message":"will retry in 400ms...","meta":{},"module":"database","submodule":"","method":"auth","app":"main","reqId":"0154ce77-afef-47c3-94b4-6cbed4847def","dataSourceKey":"main","timestamp":"2025-04-02 01:15:46"}
{"level":"warn","message":"attempt 5/9: Unable to connect to the database: the database system is starting up","meta":{},"module":"database","submodule":"","method":"auth","app":"main","reqId":"0154ce77-afef-47c3-94b4-6cbed4847def","dataSourceKey":"main","timestamp":"2025-04-02 01:15:46"}
{"level":"warn","message":"will retry in 800ms...","meta":{},"module":"database","submodule":"","method":"auth","app":"main","reqId":"0154ce77-afef-47c3-94b4-6cbed4847def","dataSourceKey":"main","timestamp":"2025-04-02 01:15:46"}
{"level":"warn","message":"attempt 6/9: Unable to connect to the database: the database system is starting up","meta":{},"module":"database","submodule":"","method":"auth","app":"main","reqId":"0154ce77-afef-47c3-94b4-6cbed4847def","dataSourceKey":"main","timestamp":"2025-04-02 01:15:47"}
{"level":"warn","message":"will retry in 1600ms...","meta":{},"module":"database","submodule":"","method":"auth","app":"main","reqId":"0154ce77-afef-47c3-94b4-6cbed4847def","dataSourceKey":"main","timestamp":"2025-04-02 01:15:47"}
{"level":"warn","message":"attempt 7/9: Unable to connect to the database: the database system is starting up","meta":{},"module":"database","submodule":"","method":"auth","app":"main","reqId":"0154ce77-afef-47c3-94b4-6cbed4847def","dataSourceKey":"main","timestamp":"2025-04-02 01:15:49"}
{"level":"warn","message":"will retry in 3200ms...","meta":{},"module":"database","submodule":"","method":"auth","app":"main","reqId":"0154ce77-afef-47c3-94b4-6cbed4847def","dataSourceKey":"main","timestamp":"2025-04-02 01:15:49"}
{"level":"info","message":"connection has been established successfully.","meta":{},"module":"database","submodule":"","method":"auth","app":"main","reqId":"0154ce77-afef-47c3-94b4-6cbed4847def","dataSourceKey":"main","timestamp":"2025-04-02 01:15:52"}
{"level":"info","message":"upgrading...","meta":{},"module":"application","submodule":"","method":"","app":"main","reqId":"0154ce77-afef-47c3-94b4-6cbed4847def","dataSourceKey":"main","timestamp":"2025-04-02 01:15:52"}
{"level":"info","message":"run upgrade","meta":{},"module":"application","submodule":"","method":"","app":"main","reqId":"0154ce77-afef-47c3-94b4-6cbed4847def","dataSourceKey":"main","timestamp":"2025-04-02 01:15:52"}
{"level":"info","message":"update built-in plugins","meta":{},"module":"nocobase","submodule":"","method":"","app":"main","reqId":"0154ce77-afef-47c3-94b4-6cbed4847def","dataSourceKey":"main","timestamp":"2025-04-02 01:15:52"}
{"level":"info","message":"run upgrade","meta":{},"module":"application","submodule":"","method":"","app":"main","reqId":"0154ce77-afef-47c3-94b4-6cbed4847def","dataSourceKey":"main","timestamp":"2025-04-02 01:15:54"}
{"level":"info","message":"restarting...","meta":{},"module":"application","submodule":"","method":"","app":"main","reqId":"0154ce77-afef-47c3-94b4-6cbed4847def","dataSourceKey":"main","timestamp":"2025-04-02 01:15:54"}
{"level":"info","message":"app.reload()","meta":{},"module":"application","submodule":"","method":"load","app":"main","reqId":"0154ce77-afef-47c3-94b4-6cbed4847def","dataSourceKey":"main","timestamp":"2025-04-02 01:15:54"}
{"level":"info","message":"write roles to ACL","meta":{},"module":"acl","submodule":"","method":"writeRolesToACL","app":"main","reqId":"0154ce77-afef-47c3-94b4-6cbed4847def","dataSourceKey":"main","timestamp":"2025-04-02 01:15:55"}
{"level":"info","message":"app has been started","meta":{},"module":"application","submodule":"","method":"","app":"main","reqId":"0154ce77-afef-47c3-94b4-6cbed4847def","dataSourceKey":"main","timestamp":"2025-04-02 01:15:55"}
{"level":"info","message":"add app main into supervisor","meta":{},"module":"application","submodule":"supervisor","method":"addApp","app":"main","reqId":"626f6e71-5e80-4cd9-ae2e-17ad15c8c4c6","dataSourceKey":"main","timestamp":"2025-04-02 02:39:15"}
{"level":"warn","message":"attempt 1/9: Unable to connect to the database: the database system is starting up","meta":{},"module":"database","submodule":"","method":"auth","app":"main","reqId":"626f6e71-5e80-4cd9-ae2e-17ad15c8c4c6","dataSourceKey":"main","timestamp":"2025-04-02 02:39:15"}
{"level":"warn","message":"will retry in 50ms...","meta":{},"module":"database","submodule":"","method":"auth","app":"main","reqId":"626f6e71-5e80-4cd9-ae2e-17ad15c8c4c6","dataSourceKey":"main","timestamp":"2025-04-02 02:39:15"}
{"level":"warn","message":"attempt 2/9: Unable to connect to the database: the database system is starting up","meta":{},"module":"database","submodule":"","method":"auth","app":"main","reqId":"626f6e71-5e80-4cd9-ae2e-17ad15c8c4c6","dataSourceKey":"main","timestamp":"2025-04-02 02:39:15"}
{"level":"warn","message":"will retry in 100ms...","meta":{},"module":"database","submodule":"","method":"auth","app":"main","reqId":"626f6e71-5e80-4cd9-ae2e-17ad15c8c4c6","dataSourceKey":"main","timestamp":"2025-04-02 02:39:15"}
{"level":"warn","message":"attempt 3/9: Unable to connect to the database: the database system is starting up","meta":{},"module":"database","submodule":"","method":"auth","app":"main","reqId":"626f6e71-5e80-4cd9-ae2e-17ad15c8c4c6","dataSourceKey":"main","timestamp":"2025-04-02 02:39:15"}
{"level":"warn","message":"will retry in 200ms...","meta":{},"module":"database","submodule":"","method":"auth","app":"main","reqId":"626f6e71-5e80-4cd9-ae2e-17ad15c8c4c6","dataSourceKey":"main","timestamp":"2025-04-02 02:39:15"}
{"level":"warn","message":"attempt 4/9: Unable to connect to the database: the database system is starting up","meta":{},"module":"database","submodule":"","method":"auth","app":"main","reqId":"626f6e71-5e80-4cd9-ae2e-17ad15c8c4c6","dataSourceKey":"main","timestamp":"2025-04-02 02:39:15"}
{"level":"warn","message":"will retry in 400ms...","meta":{},"module":"database","submodule":"","method":"auth","app":"main","reqId":"626f6e71-5e80-4cd9-ae2e-17ad15c8c4c6","dataSourceKey":"main","timestamp":"2025-04-02 02:39:15"}
{"level":"warn","message":"attempt 5/9: Unable to connect to the database: the database system is starting up","meta":{},"module":"database","submodule":"","method":"auth","app":"main","reqId":"626f6e71-5e80-4cd9-ae2e-17ad15c8c4c6","dataSourceKey":"main","timestamp":"2025-04-02 02:39:16"}
{"level":"warn","message":"will retry in 800ms...","meta":{},"module":"database","submodule":"","method":"auth","app":"main","reqId":"626f6e71-5e80-4cd9-ae2e-17ad15c8c4c6","dataSourceKey":"main","timestamp":"2025-04-02 02:39:16"}
{"level":"warn","message":"attempt 6/9: Unable to connect to the database: the database system is starting up","meta":{},"module":"database","submodule":"","method":"auth","app":"main","reqId":"626f6e71-5e80-4cd9-ae2e-17ad15c8c4c6","dataSourceKey":"main","timestamp":"2025-04-02 02:39:17"}
{"level":"warn","message":"will retry in 1600ms...","meta":{},"module":"database","submodule":"","method":"auth","app":"main","reqId":"626f6e71-5e80-4cd9-ae2e-17ad15c8c4c6","dataSourceKey":"main","timestamp":"2025-04-02 02:39:17"}
{"level":"warn","message":"attempt 7/9: Unable to connect to the database: the database system is starting up","meta":{},"module":"database","submodule":"","method":"auth","app":"main","reqId":"626f6e71-5e80-4cd9-ae2e-17ad15c8c4c6","dataSourceKey":"main","timestamp":"2025-04-02 02:39:18"}
{"level":"warn","message":"will retry in 3200ms...","meta":{},"module":"database","submodule":"","method":"auth","app":"main","reqId":"626f6e71-5e80-4cd9-ae2e-17ad15c8c4c6","dataSourceKey":"main","timestamp":"2025-04-02 02:39:18"}
{"level":"warn","message":"attempt 8/9: Unable to connect to the database: the database system is starting up","meta":{},"module":"database","submodule":"","method":"auth","app":"main","reqId":"626f6e71-5e80-4cd9-ae2e-17ad15c8c4c6","dataSourceKey":"main","timestamp":"2025-04-02 02:39:21"}
{"level":"info","message":"connection has been established successfully.","meta":{},"module":"database","submodule":"","method":"auth","app":"main","reqId":"626f6e71-5e80-4cd9-ae2e-17ad15c8c4c6","dataSourceKey":"main","timestamp":"2025-04-02 02:39:28"}
{"level":"info","message":"upgrading...","meta":{},"module":"application","submodule":"","method":"","app":"main","reqId":"626f6e71-5e80-4cd9-ae2e-17ad15c8c4c6","dataSourceKey":"main","timestamp":"2025-04-02 02:39:28"}
{"level":"info","message":"run upgrade","meta":{},"module":"application","submodule":"","method":"","app":"main","reqId":"626f6e71-5e80-4cd9-ae2e-17ad15c8c4c6","dataSourceKey":"main","timestamp":"2025-04-02 02:39:29"}
{"level":"info","message":"update built-in plugins","meta":{},"module":"nocobase","submodule":"","method":"","app":"main","reqId":"626f6e71-5e80-4cd9-ae2e-17ad15c8c4c6","dataSourceKey":"main","timestamp":"2025-04-02 02:39:29"}
{"level":"info","message":"run upgrade","meta":{},"module":"application","submodule":"","method":"","app":"main","reqId":"626f6e71-5e80-4cd9-ae2e-17ad15c8c4c6","dataSourceKey":"main","timestamp":"2025-04-02 02:39:34"}
{"level":"info","message":"restarting...","meta":{},"module":"application","submodule":"","method":"","app":"main","reqId":"626f6e71-5e80-4cd9-ae2e-17ad15c8c4c6","dataSourceKey":"main","timestamp":"2025-04-02 02:39:34"}
{"level":"info","message":"app.reload()","meta":{},"module":"application","submodule":"","method":"load","app":"main","reqId":"626f6e71-5e80-4cd9-ae2e-17ad15c8c4c6","dataSourceKey":"main","timestamp":"2025-04-02 02:39:34"}
{"level":"info","message":"write roles to ACL","meta":{},"module":"acl","submodule":"","method":"writeRolesToACL","app":"main","reqId":"626f6e71-5e80-4cd9-ae2e-17ad15c8c4c6","dataSourceKey":"main","timestamp":"2025-04-02 02:39:36"}
{"level":"info","message":"app has been started","meta":{},"module":"application","submodule":"","method":"","app":"main","reqId":"626f6e71-5e80-4cd9-ae2e-17ad15c8c4c6","dataSourceKey":"main","timestamp":"2025-04-02 02:39:36"}
{"level":"info","message":"parseJsonTemplate.raw","meta":{"$and":[{"$and":[{"name.$ne":"roles"},{"name.$ne":"rolesUsers"}]},{"name.$ne":"users"}]},"module":"collections","submodule":"destroy","method":"","app":"main","reqId":"46882a80-c945-41b4-aaa8-bdec6cd21602","dataSourceKey":"main","timestamp":"2025-04-02 03:35:57"}
{"level":"info","message":"parseJsonTemplate.parsed","meta":{"$and":[{"$and":[{"name":{"$ne":"roles"}},{"name":{"$ne":"rolesUsers"}}]},{"name":{"$ne":"users"}}]},"module":"collections","submodule":"destroy","method":"","app":"main","reqId":"46882a80-c945-41b4-aaa8-bdec6cd21602","dataSourceKey":"main","timestamp":"2025-04-02 03:35:57"}
{"level":"info","message":"add app main into supervisor","meta":{},"module":"application","submodule":"supervisor","method":"addApp","app":"main","reqId":"8cbcd782-1a4d-428f-8762-b5233b165a22","dataSourceKey":"main","timestamp":"2025-04-02 04:13:32"}
{"level":"info","message":"connection has been established successfully.","meta":{},"module":"database","submodule":"","method":"auth","app":"main","reqId":"8cbcd782-1a4d-428f-8762-b5233b165a22","dataSourceKey":"main","timestamp":"2025-04-02 04:13:33"}
{"level":"info","message":"upgrading...","meta":{},"module":"application","submodule":"","method":"","app":"main","reqId":"8cbcd782-1a4d-428f-8762-b5233b165a22","dataSourceKey":"main","timestamp":"2025-04-02 04:13:33"}
{"level":"info","message":"run upgrade","meta":{},"module":"application","submodule":"","method":"","app":"main","reqId":"8cbcd782-1a4d-428f-8762-b5233b165a22","dataSourceKey":"main","timestamp":"2025-04-02 04:13:33"}
{"level":"info","message":"update built-in plugins","meta":{},"module":"nocobase","submodule":"","method":"","app":"main","reqId":"8cbcd782-1a4d-428f-8762-b5233b165a22","dataSourceKey":"main","timestamp":"2025-04-02 04:13:33"}
{"level":"info","message":"run upgrade","meta":{},"module":"application","submodule":"","method":"","app":"main","reqId":"8cbcd782-1a4d-428f-8762-b5233b165a22","dataSourceKey":"main","timestamp":"2025-04-02 04:13:35"}
{"level":"info","message":"restarting...","meta":{},"module":"application","submodule":"","method":"","app":"main","reqId":"8cbcd782-1a4d-428f-8762-b5233b165a22","dataSourceKey":"main","timestamp":"2025-04-02 04:13:35"}
{"level":"info","message":"app.reload()","meta":{},"module":"application","submodule":"","method":"load","app":"main","reqId":"8cbcd782-1a4d-428f-8762-b5233b165a22","dataSourceKey":"main","timestamp":"2025-04-02 04:13:35"}
{"level":"info","message":"write roles to ACL","meta":{},"module":"acl","submodule":"","method":"writeRolesToACL","app":"main","reqId":"8cbcd782-1a4d-428f-8762-b5233b165a22","dataSourceKey":"main","timestamp":"2025-04-02 04:13:36"}
{"level":"info","message":"app has been started","meta":{},"module":"application","submodule":"","method":"","app":"main","reqId":"8cbcd782-1a4d-428f-8762-b5233b165a22","dataSourceKey":"main","timestamp":"2025-04-02 04:13:37"}
{"level":"info","message":"add app main into supervisor","meta":{},"module":"application","submodule":"supervisor","method":"addApp","app":"main","reqId":"8198bfc8-16db-4b8c-97d0-a798aee8381f","dataSourceKey":"main","timestamp":"2025-04-02 08:22:28"}
{"level":"warn","message":"attempt 1/9: Unable to connect to the database: the database system is starting up","meta":{},"module":"database","submodule":"","method":"auth","app":"main","reqId":"8198bfc8-16db-4b8c-97d0-a798aee8381f","dataSourceKey":"main","timestamp":"2025-04-02 08:22:28"}
{"level":"warn","message":"will retry in 50ms...","meta":{},"module":"database","submodule":"","method":"auth","app":"main","reqId":"8198bfc8-16db-4b8c-97d0-a798aee8381f","dataSourceKey":"main","timestamp":"2025-04-02 08:22:28"}
{"level":"warn","message":"attempt 2/9: Unable to connect to the database: the database system is starting up","meta":{},"module":"database","submodule":"","method":"auth","app":"main","reqId":"8198bfc8-16db-4b8c-97d0-a798aee8381f","dataSourceKey":"main","timestamp":"2025-04-02 08:22:28"}
{"level":"warn","message":"will retry in 100ms...","meta":{},"module":"database","submodule":"","method":"auth","app":"main","reqId":"8198bfc8-16db-4b8c-97d0-a798aee8381f","dataSourceKey":"main","timestamp":"2025-04-02 08:22:28"}
{"level":"warn","message":"attempt 3/9: Unable to connect to the database: the database system is starting up","meta":{},"module":"database","submodule":"","method":"auth","app":"main","reqId":"8198bfc8-16db-4b8c-97d0-a798aee8381f","dataSourceKey":"main","timestamp":"2025-04-02 08:22:28"}
{"level":"warn","message":"will retry in 200ms...","meta":{},"module":"database","submodule":"","method":"auth","app":"main","reqId":"8198bfc8-16db-4b8c-97d0-a798aee8381f","dataSourceKey":"main","timestamp":"2025-04-02 08:22:28"}
{"level":"warn","message":"attempt 4/9: Unable to connect to the database: the database system is starting up","meta":{},"module":"database","submodule":"","method":"auth","app":"main","reqId":"8198bfc8-16db-4b8c-97d0-a798aee8381f","dataSourceKey":"main","timestamp":"2025-04-02 08:22:29"}
{"level":"warn","message":"will retry in 400ms...","meta":{},"module":"database","submodule":"","method":"auth","app":"main","reqId":"8198bfc8-16db-4b8c-97d0-a798aee8381f","dataSourceKey":"main","timestamp":"2025-04-02 08:22:29"}
{"level":"warn","message":"attempt 5/9: Unable to connect to the database: the database system is starting up","meta":{},"module":"database","submodule":"","method":"auth","app":"main","reqId":"8198bfc8-16db-4b8c-97d0-a798aee8381f","dataSourceKey":"main","timestamp":"2025-04-02 08:22:29"}
{"level":"warn","message":"will retry in 800ms...","meta":{},"module":"database","submodule":"","method":"auth","app":"main","reqId":"8198bfc8-16db-4b8c-97d0-a798aee8381f","dataSourceKey":"main","timestamp":"2025-04-02 08:22:29"}
{"level":"warn","message":"attempt 6/9: Unable to connect to the database: the database system is starting up","meta":{},"module":"database","submodule":"","method":"auth","app":"main","reqId":"8198bfc8-16db-4b8c-97d0-a798aee8381f","dataSourceKey":"main","timestamp":"2025-04-02 08:22:30"}
{"level":"warn","message":"will retry in 1600ms...","meta":{},"module":"database","submodule":"","method":"auth","app":"main","reqId":"8198bfc8-16db-4b8c-97d0-a798aee8381f","dataSourceKey":"main","timestamp":"2025-04-02 08:22:30"}
{"level":"warn","message":"attempt 7/9: Unable to connect to the database: the database system is starting up","meta":{},"module":"database","submodule":"","method":"auth","app":"main","reqId":"8198bfc8-16db-4b8c-97d0-a798aee8381f","dataSourceKey":"main","timestamp":"2025-04-02 08:22:31"}
{"level":"warn","message":"will retry in 3200ms...","meta":{},"module":"database","submodule":"","method":"auth","app":"main","reqId":"8198bfc8-16db-4b8c-97d0-a798aee8381f","dataSourceKey":"main","timestamp":"2025-04-02 08:22:31"}
{"level":"info","message":"connection has been established successfully.","meta":{},"module":"database","submodule":"","method":"auth","app":"main","reqId":"8198bfc8-16db-4b8c-97d0-a798aee8381f","dataSourceKey":"main","timestamp":"2025-04-02 08:22:35"}
{"level":"info","message":"upgrading...","meta":{},"module":"application","submodule":"","method":"","app":"main","reqId":"8198bfc8-16db-4b8c-97d0-a798aee8381f","dataSourceKey":"main","timestamp":"2025-04-02 08:22:35"}
{"level":"info","message":"run upgrade","meta":{},"module":"application","submodule":"","method":"","app":"main","reqId":"8198bfc8-16db-4b8c-97d0-a798aee8381f","dataSourceKey":"main","timestamp":"2025-04-02 08:22:35"}
{"level":"info","message":"update built-in plugins","meta":{},"module":"nocobase","submodule":"","method":"","app":"main","reqId":"8198bfc8-16db-4b8c-97d0-a798aee8381f","dataSourceKey":"main","timestamp":"2025-04-02 08:22:35"}
{"level":"info","message":"run upgrade","meta":{},"module":"application","submodule":"","method":"","app":"main","reqId":"8198bfc8-16db-4b8c-97d0-a798aee8381f","dataSourceKey":"main","timestamp":"2025-04-02 08:22:37"}
{"level":"info","message":"restarting...","meta":{},"module":"application","submodule":"","method":"","app":"main","reqId":"8198bfc8-16db-4b8c-97d0-a798aee8381f","dataSourceKey":"main","timestamp":"2025-04-02 08:22:37"}
{"level":"info","message":"app.reload()","meta":{},"module":"application","submodule":"","method":"load","app":"main","reqId":"8198bfc8-16db-4b8c-97d0-a798aee8381f","dataSourceKey":"main","timestamp":"2025-04-02 08:22:37"}
{"level":"info","message":"write roles to ACL","meta":{},"module":"acl","submodule":"","method":"writeRolesToACL","app":"main","reqId":"8198bfc8-16db-4b8c-97d0-a798aee8381f","dataSourceKey":"main","timestamp":"2025-04-02 08:22:39"}
{"level":"info","message":"app has been started","meta":{},"module":"application","submodule":"","method":"","app":"main","reqId":"8198bfc8-16db-4b8c-97d0-a798aee8381f","dataSourceKey":"main","timestamp":"2025-04-02 08:22:39"}
{"level":"info","message":"parseJsonTemplate.raw","meta":{"$and":[{"$and":[{"name.$ne":"roles"},{"name.$ne":"rolesUsers"}]},{"name.$ne":"users"}]},"module":"collections","submodule":"destroy","method":"","app":"main","reqId":"fe17a438-657b-4608-9963-74f2a4f8f0a4","dataSourceKey":"main","timestamp":"2025-04-02 12:17:21"}
{"level":"info","message":"parseJsonTemplate.parsed","meta":{"$and":[{"$and":[{"name":{"$ne":"roles"}},{"name":{"$ne":"rolesUsers"}}]},{"name":{"$ne":"users"}}]},"module":"collections","submodule":"destroy","method":"","app":"main","reqId":"fe17a438-657b-4608-9963-74f2a4f8f0a4","dataSourceKey":"main","timestamp":"2025-04-02 12:17:21"}
{"level":"info","message":"parseJsonTemplate.raw","meta":{"$and":[{"$and":[{"name.$ne":"roles"},{"name.$ne":"rolesUsers"}]},{"name.$ne":"users"}]},"module":"collections","submodule":"destroy","method":"","app":"main","reqId":"f7032d0c-c3f0-4422-ad76-0c774f17389a","dataSourceKey":"main","timestamp":"2025-04-02 12:17:30"}
{"level":"info","message":"parseJsonTemplate.parsed","meta":{"$and":[{"$and":[{"name":{"$ne":"roles"}},{"name":{"$ne":"rolesUsers"}}]},{"name":{"$ne":"users"}}]},"module":"collections","submodule":"destroy","method":"","app":"main","reqId":"f7032d0c-c3f0-4422-ad76-0c774f17389a","dataSourceKey":"main","timestamp":"2025-04-02 12:17:30"}
{"level":"info","message":"parseJsonTemplate.raw","meta":{"$and":[{"$and":[{"name.$ne":"roles"},{"name.$ne":"rolesUsers"}]},{"name.$ne":"users"}]},"module":"collections","submodule":"destroy","method":"","app":"main","reqId":"d5f86bdc-38b4-4f67-a7ec-e0372959e472","dataSourceKey":"main","timestamp":"2025-04-02 13:26:36"}
{"level":"info","message":"parseJsonTemplate.parsed","meta":{"$and":[{"$and":[{"name":{"$ne":"roles"}},{"name":{"$ne":"rolesUsers"}}]},{"name":{"$ne":"users"}}]},"module":"collections","submodule":"destroy","method":"","app":"main","reqId":"d5f86bdc-38b4-4f67-a7ec-e0372959e472","dataSourceKey":"main","timestamp":"2025-04-02 13:26:36"}
{"level":"info","message":"parseJsonTemplate.raw","meta":{"$and":[{"$and":[{"name.$ne":"roles"},{"name.$ne":"rolesUsers"}]},{"name.$ne":"users"}]},"module":"collections","submodule":"destroy","method":"","app":"main","reqId":"fa8128fb-8fd9-427c-9cca-f0fa92532d95","dataSourceKey":"main","timestamp":"2025-04-02 14:31:54"}
{"level":"info","message":"parseJsonTemplate.parsed","meta":{"$and":[{"$and":[{"name":{"$ne":"roles"}},{"name":{"$ne":"rolesUsers"}}]},{"name":{"$ne":"users"}}]},"module":"collections","submodule":"destroy","method":"","app":"main","reqId":"fa8128fb-8fd9-427c-9cca-f0fa92532d95","dataSourceKey":"main","timestamp":"2025-04-02 14:31:54"}
{"level":"info","message":"parseJsonTemplate.raw","meta":{"$and":[{"$and":[{"name.$ne":"roles"},{"name.$ne":"rolesUsers"}]},{"name.$ne":"users"}]},"module":"collections","submodule":"destroy","method":"","app":"main","reqId":"47bc761d-cd5a-42cc-afe9-d25b303cd816","dataSourceKey":"main","timestamp":"2025-04-02 14:38:10"}
{"level":"info","message":"parseJsonTemplate.parsed","meta":{"$and":[{"$and":[{"name":{"$ne":"roles"}},{"name":{"$ne":"rolesUsers"}}]},{"name":{"$ne":"users"}}]},"module":"collections","submodule":"destroy","method":"","app":"main","reqId":"47bc761d-cd5a-42cc-afe9-d25b303cd816","dataSourceKey":"main","timestamp":"2025-04-02 14:38:10"}
{"level":"info","message":"parseJsonTemplate.raw","meta":{"$and":[{"$and":[{"name.$ne":"roles"},{"name.$ne":"rolesUsers"}]},{"name.$ne":"users"}]},"module":"collections","submodule":"destroy","method":"","app":"main","reqId":"871e145c-bee8-44cf-abdd-fb74a4a06ca3","dataSourceKey":"main","timestamp":"2025-04-02 14:51:38"}
{"level":"info","message":"parseJsonTemplate.parsed","meta":{"$and":[{"$and":[{"name":{"$ne":"roles"}},{"name":{"$ne":"rolesUsers"}}]},{"name":{"$ne":"users"}}]},"module":"collections","submodule":"destroy","method":"","app":"main","reqId":"871e145c-bee8-44cf-abdd-fb74a4a06ca3","dataSourceKey":"main","timestamp":"2025-04-02 14:51:38"}
