{"level":"info","message":"add app main into supervisor","meta":{},"module":"application","submodule":"supervisor","method":"addApp","app":"main","reqId":"a5f4917e-3953-4615-8d1e-a26fd3164053","dataSourceKey":"main","timestamp":"2025-04-11 04:29:46"}
{"level":"warn","message":"attempt 1/9: Unable to connect to the database: the database system is starting up","meta":{},"module":"database","submodule":"","method":"auth","app":"main","reqId":"a5f4917e-3953-4615-8d1e-a26fd3164053","dataSourceKey":"main","timestamp":"2025-04-11 04:29:46"}
{"level":"warn","message":"will retry in 50ms...","meta":{},"module":"database","submodule":"","method":"auth","app":"main","reqId":"a5f4917e-3953-4615-8d1e-a26fd3164053","dataSourceKey":"main","timestamp":"2025-04-11 04:29:46"}
{"level":"warn","message":"attempt 2/9: Unable to connect to the database: the database system is starting up","meta":{},"module":"database","submodule":"","method":"auth","app":"main","reqId":"a5f4917e-3953-4615-8d1e-a26fd3164053","dataSourceKey":"main","timestamp":"2025-04-11 04:29:46"}
{"level":"warn","message":"will retry in 100ms...","meta":{},"module":"database","submodule":"","method":"auth","app":"main","reqId":"a5f4917e-3953-4615-8d1e-a26fd3164053","dataSourceKey":"main","timestamp":"2025-04-11 04:29:46"}
{"level":"warn","message":"attempt 3/9: Unable to connect to the database: the database system is starting up","meta":{},"module":"database","submodule":"","method":"auth","app":"main","reqId":"a5f4917e-3953-4615-8d1e-a26fd3164053","dataSourceKey":"main","timestamp":"2025-04-11 04:29:46"}
{"level":"warn","message":"will retry in 200ms...","meta":{},"module":"database","submodule":"","method":"auth","app":"main","reqId":"a5f4917e-3953-4615-8d1e-a26fd3164053","dataSourceKey":"main","timestamp":"2025-04-11 04:29:46"}
{"level":"warn","message":"attempt 4/9: Unable to connect to the database: the database system is starting up","meta":{},"module":"database","submodule":"","method":"auth","app":"main","reqId":"a5f4917e-3953-4615-8d1e-a26fd3164053","dataSourceKey":"main","timestamp":"2025-04-11 04:29:46"}
{"level":"warn","message":"will retry in 400ms...","meta":{},"module":"database","submodule":"","method":"auth","app":"main","reqId":"a5f4917e-3953-4615-8d1e-a26fd3164053","dataSourceKey":"main","timestamp":"2025-04-11 04:29:46"}
{"level":"warn","message":"attempt 5/9: Unable to connect to the database: the database system is starting up","meta":{},"module":"database","submodule":"","method":"auth","app":"main","reqId":"a5f4917e-3953-4615-8d1e-a26fd3164053","dataSourceKey":"main","timestamp":"2025-04-11 04:29:47"}
{"level":"warn","message":"will retry in 800ms...","meta":{},"module":"database","submodule":"","method":"auth","app":"main","reqId":"a5f4917e-3953-4615-8d1e-a26fd3164053","dataSourceKey":"main","timestamp":"2025-04-11 04:29:47"}
{"level":"warn","message":"attempt 6/9: Unable to connect to the database: the database system is starting up","meta":{},"module":"database","submodule":"","method":"auth","app":"main","reqId":"a5f4917e-3953-4615-8d1e-a26fd3164053","dataSourceKey":"main","timestamp":"2025-04-11 04:29:47"}
{"level":"warn","message":"will retry in 1600ms...","meta":{},"module":"database","submodule":"","method":"auth","app":"main","reqId":"a5f4917e-3953-4615-8d1e-a26fd3164053","dataSourceKey":"main","timestamp":"2025-04-11 04:29:47"}
{"level":"warn","message":"attempt 7/9: Unable to connect to the database: the database system is starting up","meta":{},"module":"database","submodule":"","method":"auth","app":"main","reqId":"a5f4917e-3953-4615-8d1e-a26fd3164053","dataSourceKey":"main","timestamp":"2025-04-11 04:29:49"}
{"level":"warn","message":"will retry in 3200ms...","meta":{},"module":"database","submodule":"","method":"auth","app":"main","reqId":"a5f4917e-3953-4615-8d1e-a26fd3164053","dataSourceKey":"main","timestamp":"2025-04-11 04:29:49"}
{"level":"warn","message":"attempt 8/9: Unable to connect to the database: the database system is not yet accepting connections","meta":{},"module":"database","submodule":"","method":"auth","app":"main","reqId":"a5f4917e-3953-4615-8d1e-a26fd3164053","dataSourceKey":"main","timestamp":"2025-04-11 04:29:52"}
{"level":"info","message":"connection has been established successfully.","meta":{},"module":"database","submodule":"","method":"auth","app":"main","reqId":"a5f4917e-3953-4615-8d1e-a26fd3164053","dataSourceKey":"main","timestamp":"2025-04-11 04:29:59"}
{"level":"info","message":"upgrading...","meta":{},"module":"application","submodule":"","method":"","app":"main","reqId":"a5f4917e-3953-4615-8d1e-a26fd3164053","dataSourceKey":"main","timestamp":"2025-04-11 04:29:59"}
{"level":"info","message":"run upgrade","meta":{},"module":"application","submodule":"","method":"","app":"main","reqId":"a5f4917e-3953-4615-8d1e-a26fd3164053","dataSourceKey":"main","timestamp":"2025-04-11 04:29:59"}
{"level":"info","message":"update built-in plugins","meta":{},"module":"nocobase","submodule":"","method":"","app":"main","reqId":"a5f4917e-3953-4615-8d1e-a26fd3164053","dataSourceKey":"main","timestamp":"2025-04-11 04:29:59"}
{"level":"info","message":"run upgrade","meta":{},"module":"application","submodule":"","method":"","app":"main","reqId":"a5f4917e-3953-4615-8d1e-a26fd3164053","dataSourceKey":"main","timestamp":"2025-04-11 04:30:01"}
{"level":"info","message":"restarting...","meta":{},"module":"application","submodule":"","method":"","app":"main","reqId":"a5f4917e-3953-4615-8d1e-a26fd3164053","dataSourceKey":"main","timestamp":"2025-04-11 04:30:01"}
{"level":"info","message":"app.reload()","meta":{},"module":"application","submodule":"","method":"load","app":"main","reqId":"a5f4917e-3953-4615-8d1e-a26fd3164053","dataSourceKey":"main","timestamp":"2025-04-11 04:30:01"}
{"level":"info","message":"write roles to ACL","meta":{},"module":"acl","submodule":"","method":"writeRolesToACL","app":"main","reqId":"a5f4917e-3953-4615-8d1e-a26fd3164053","dataSourceKey":"main","timestamp":"2025-04-11 04:30:03"}
{"level":"info","message":"app has been started","meta":{},"module":"application","submodule":"","method":"","app":"main","reqId":"a5f4917e-3953-4615-8d1e-a26fd3164053","dataSourceKey":"main","timestamp":"2025-04-11 04:30:03"}
{"level":"info","message":"add app main into supervisor","meta":{},"module":"application","submodule":"supervisor","method":"addApp","app":"main","reqId":"191d4bac-a3de-4d3d-8da7-6cdcb295abde","dataSourceKey":"main","timestamp":"2025-04-11 12:22:28"}
{"level":"warn","message":"attempt 1/9: Unable to connect to the database: the database system is starting up","meta":{},"module":"database","submodule":"","method":"auth","app":"main","reqId":"191d4bac-a3de-4d3d-8da7-6cdcb295abde","dataSourceKey":"main","timestamp":"2025-04-11 12:22:28"}
{"level":"warn","message":"will retry in 50ms...","meta":{},"module":"database","submodule":"","method":"auth","app":"main","reqId":"191d4bac-a3de-4d3d-8da7-6cdcb295abde","dataSourceKey":"main","timestamp":"2025-04-11 12:22:28"}
{"level":"warn","message":"attempt 2/9: Unable to connect to the database: the database system is starting up","meta":{},"module":"database","submodule":"","method":"auth","app":"main","reqId":"191d4bac-a3de-4d3d-8da7-6cdcb295abde","dataSourceKey":"main","timestamp":"2025-04-11 12:22:28"}
{"level":"warn","message":"will retry in 100ms...","meta":{},"module":"database","submodule":"","method":"auth","app":"main","reqId":"191d4bac-a3de-4d3d-8da7-6cdcb295abde","dataSourceKey":"main","timestamp":"2025-04-11 12:22:28"}
{"level":"warn","message":"attempt 3/9: Unable to connect to the database: the database system is starting up","meta":{},"module":"database","submodule":"","method":"auth","app":"main","reqId":"191d4bac-a3de-4d3d-8da7-6cdcb295abde","dataSourceKey":"main","timestamp":"2025-04-11 12:22:28"}
{"level":"warn","message":"will retry in 200ms...","meta":{},"module":"database","submodule":"","method":"auth","app":"main","reqId":"191d4bac-a3de-4d3d-8da7-6cdcb295abde","dataSourceKey":"main","timestamp":"2025-04-11 12:22:28"}
{"level":"warn","message":"attempt 4/9: Unable to connect to the database: the database system is starting up","meta":{},"module":"database","submodule":"","method":"auth","app":"main","reqId":"191d4bac-a3de-4d3d-8da7-6cdcb295abde","dataSourceKey":"main","timestamp":"2025-04-11 12:22:29"}
{"level":"warn","message":"will retry in 400ms...","meta":{},"module":"database","submodule":"","method":"auth","app":"main","reqId":"191d4bac-a3de-4d3d-8da7-6cdcb295abde","dataSourceKey":"main","timestamp":"2025-04-11 12:22:29"}
{"level":"warn","message":"attempt 5/9: Unable to connect to the database: the database system is starting up","meta":{},"module":"database","submodule":"","method":"auth","app":"main","reqId":"191d4bac-a3de-4d3d-8da7-6cdcb295abde","dataSourceKey":"main","timestamp":"2025-04-11 12:22:29"}
{"level":"warn","message":"will retry in 800ms...","meta":{},"module":"database","submodule":"","method":"auth","app":"main","reqId":"191d4bac-a3de-4d3d-8da7-6cdcb295abde","dataSourceKey":"main","timestamp":"2025-04-11 12:22:29"}
{"level":"warn","message":"attempt 6/9: Unable to connect to the database: the database system is starting up","meta":{},"module":"database","submodule":"","method":"auth","app":"main","reqId":"191d4bac-a3de-4d3d-8da7-6cdcb295abde","dataSourceKey":"main","timestamp":"2025-04-11 12:22:30"}
{"level":"warn","message":"will retry in 1600ms...","meta":{},"module":"database","submodule":"","method":"auth","app":"main","reqId":"191d4bac-a3de-4d3d-8da7-6cdcb295abde","dataSourceKey":"main","timestamp":"2025-04-11 12:22:30"}
{"level":"warn","message":"attempt 7/9: Unable to connect to the database: the database system is starting up","meta":{},"module":"database","submodule":"","method":"auth","app":"main","reqId":"191d4bac-a3de-4d3d-8da7-6cdcb295abde","dataSourceKey":"main","timestamp":"2025-04-11 12:22:31"}
{"level":"warn","message":"will retry in 3200ms...","meta":{},"module":"database","submodule":"","method":"auth","app":"main","reqId":"191d4bac-a3de-4d3d-8da7-6cdcb295abde","dataSourceKey":"main","timestamp":"2025-04-11 12:22:31"}
{"level":"warn","message":"attempt 8/9: Unable to connect to the database: the database system is starting up","meta":{},"module":"database","submodule":"","method":"auth","app":"main","reqId":"191d4bac-a3de-4d3d-8da7-6cdcb295abde","dataSourceKey":"main","timestamp":"2025-04-11 12:22:35"}
{"level":"info","message":"connection has been established successfully.","meta":{},"module":"database","submodule":"","method":"auth","app":"main","reqId":"191d4bac-a3de-4d3d-8da7-6cdcb295abde","dataSourceKey":"main","timestamp":"2025-04-11 12:22:41"}
{"level":"info","message":"upgrading...","meta":{},"module":"application","submodule":"","method":"","app":"main","reqId":"191d4bac-a3de-4d3d-8da7-6cdcb295abde","dataSourceKey":"main","timestamp":"2025-04-11 12:22:41"}
{"level":"info","message":"run upgrade","meta":{},"module":"application","submodule":"","method":"","app":"main","reqId":"191d4bac-a3de-4d3d-8da7-6cdcb295abde","dataSourceKey":"main","timestamp":"2025-04-11 12:22:42"}
{"level":"info","message":"update built-in plugins","meta":{},"module":"nocobase","submodule":"","method":"","app":"main","reqId":"191d4bac-a3de-4d3d-8da7-6cdcb295abde","dataSourceKey":"main","timestamp":"2025-04-11 12:22:42"}
{"level":"info","message":"run upgrade","meta":{},"module":"application","submodule":"","method":"","app":"main","reqId":"191d4bac-a3de-4d3d-8da7-6cdcb295abde","dataSourceKey":"main","timestamp":"2025-04-11 12:22:44"}
{"level":"info","message":"restarting...","meta":{},"module":"application","submodule":"","method":"","app":"main","reqId":"191d4bac-a3de-4d3d-8da7-6cdcb295abde","dataSourceKey":"main","timestamp":"2025-04-11 12:22:45"}
{"level":"info","message":"app.reload()","meta":{},"module":"application","submodule":"","method":"load","app":"main","reqId":"191d4bac-a3de-4d3d-8da7-6cdcb295abde","dataSourceKey":"main","timestamp":"2025-04-11 12:22:45"}
{"level":"info","message":"write roles to ACL","meta":{},"module":"acl","submodule":"","method":"writeRolesToACL","app":"main","reqId":"191d4bac-a3de-4d3d-8da7-6cdcb295abde","dataSourceKey":"main","timestamp":"2025-04-11 12:22:46"}
{"level":"info","message":"app has been started","meta":{},"module":"application","submodule":"","method":"","app":"main","reqId":"191d4bac-a3de-4d3d-8da7-6cdcb295abde","dataSourceKey":"main","timestamp":"2025-04-11 12:22:47"}
{"level":"info","message":"token renewing","meta":{"currentJti":"5aaac1a5-f608-472f-83f8-516435631413"},"module":"application","submodule":"","method":"auth.check","app":"main","reqId":"191d4bac-a3de-4d3d-8da7-6cdcb295abde","dataSourceKey":"main","timestamp":"2025-04-11 21:42:16"}
{"level":"info","message":"token renewing","meta":{"url":"/api/myInAppMessages:count?filter[status]=unread","currentJti":"5aaac1a5-f608-472f-83f8-516435631413"},"module":"myInAppMessages","submodule":"count","method":"auth.check","app":"main","reqId":"c25046e6-7bb5-4953-89f8-3b4610b101aa","dataSourceKey":"main","timestamp":"2025-04-11 21:42:20"}
{"level":"info","message":"token renewing","meta":{"jti":"5aaac1a5-f608-472f-83f8-516435631413"},"module":"myInAppMessages","submodule":"count","method":"auth.check","app":"main","reqId":"c25046e6-7bb5-4953-89f8-3b4610b101aa","dataSourceKey":"main","timestamp":"2025-04-11 21:42:20"}
{"level":"info","message":"jti renewed","meta":{"oldJti":"5aaac1a5-f608-472f-83f8-516435631413","newJti":"90b0f6fb-e887-4d98-8804-2f535a98e5ba","issuedTime":1744407740875},"module":"application","submodule":"","method":"","app":"main","reqId":"191d4bac-a3de-4d3d-8da7-6cdcb295abde","dataSourceKey":"main","timestamp":"2025-04-11 21:42:21"}
{"level":"info","message":"token renewed","meta":{"oldJti":"5aaac1a5-f608-472f-83f8-516435631413","newJti":"90b0f6fb-e887-4d98-8804-2f535a98e5ba"},"module":"myInAppMessages","submodule":"count","method":"auth.check","app":"main","reqId":"c25046e6-7bb5-4953-89f8-3b4610b101aa","dataSourceKey":"main","timestamp":"2025-04-11 21:42:21"}
