{"level":"info","message":"add app main into supervisor","meta":{},"module":"application","submodule":"supervisor","method":"addApp","app":"main","reqId":"d78236bf-03e6-4c45-ae19-5c451b8e5d0a","dataSourceKey":"main","timestamp":"2025-04-10 05:18:06"}
{"level":"warn","message":"attempt 1/9: Unable to connect to the database: the database system is starting up","meta":{},"module":"database","submodule":"","method":"auth","app":"main","reqId":"d78236bf-03e6-4c45-ae19-5c451b8e5d0a","dataSourceKey":"main","timestamp":"2025-04-10 05:18:06"}
{"level":"warn","message":"will retry in 50ms...","meta":{},"module":"database","submodule":"","method":"auth","app":"main","reqId":"d78236bf-03e6-4c45-ae19-5c451b8e5d0a","dataSourceKey":"main","timestamp":"2025-04-10 05:18:06"}
{"level":"warn","message":"attempt 2/9: Unable to connect to the database: the database system is starting up","meta":{},"module":"database","submodule":"","method":"auth","app":"main","reqId":"d78236bf-03e6-4c45-ae19-5c451b8e5d0a","dataSourceKey":"main","timestamp":"2025-04-10 05:18:06"}
{"level":"warn","message":"will retry in 100ms...","meta":{},"module":"database","submodule":"","method":"auth","app":"main","reqId":"d78236bf-03e6-4c45-ae19-5c451b8e5d0a","dataSourceKey":"main","timestamp":"2025-04-10 05:18:06"}
{"level":"warn","message":"attempt 3/9: Unable to connect to the database: the database system is starting up","meta":{},"module":"database","submodule":"","method":"auth","app":"main","reqId":"d78236bf-03e6-4c45-ae19-5c451b8e5d0a","dataSourceKey":"main","timestamp":"2025-04-10 05:18:06"}
{"level":"warn","message":"will retry in 200ms...","meta":{},"module":"database","submodule":"","method":"auth","app":"main","reqId":"d78236bf-03e6-4c45-ae19-5c451b8e5d0a","dataSourceKey":"main","timestamp":"2025-04-10 05:18:06"}
{"level":"warn","message":"attempt 4/9: Unable to connect to the database: the database system is starting up","meta":{},"module":"database","submodule":"","method":"auth","app":"main","reqId":"d78236bf-03e6-4c45-ae19-5c451b8e5d0a","dataSourceKey":"main","timestamp":"2025-04-10 05:18:06"}
{"level":"warn","message":"will retry in 400ms...","meta":{},"module":"database","submodule":"","method":"auth","app":"main","reqId":"d78236bf-03e6-4c45-ae19-5c451b8e5d0a","dataSourceKey":"main","timestamp":"2025-04-10 05:18:06"}
{"level":"warn","message":"attempt 5/9: Unable to connect to the database: the database system is starting up","meta":{},"module":"database","submodule":"","method":"auth","app":"main","reqId":"d78236bf-03e6-4c45-ae19-5c451b8e5d0a","dataSourceKey":"main","timestamp":"2025-04-10 05:18:06"}
{"level":"warn","message":"will retry in 800ms...","meta":{},"module":"database","submodule":"","method":"auth","app":"main","reqId":"d78236bf-03e6-4c45-ae19-5c451b8e5d0a","dataSourceKey":"main","timestamp":"2025-04-10 05:18:06"}
{"level":"warn","message":"attempt 6/9: Unable to connect to the database: the database system is starting up","meta":{},"module":"database","submodule":"","method":"auth","app":"main","reqId":"d78236bf-03e6-4c45-ae19-5c451b8e5d0a","dataSourceKey":"main","timestamp":"2025-04-10 05:18:07"}
{"level":"warn","message":"will retry in 1600ms...","meta":{},"module":"database","submodule":"","method":"auth","app":"main","reqId":"d78236bf-03e6-4c45-ae19-5c451b8e5d0a","dataSourceKey":"main","timestamp":"2025-04-10 05:18:07"}
{"level":"warn","message":"attempt 7/9: Unable to connect to the database: the database system is starting up","meta":{},"module":"database","submodule":"","method":"auth","app":"main","reqId":"d78236bf-03e6-4c45-ae19-5c451b8e5d0a","dataSourceKey":"main","timestamp":"2025-04-10 05:18:09"}
{"level":"warn","message":"will retry in 3200ms...","meta":{},"module":"database","submodule":"","method":"auth","app":"main","reqId":"d78236bf-03e6-4c45-ae19-5c451b8e5d0a","dataSourceKey":"main","timestamp":"2025-04-10 05:18:09"}
{"level":"warn","message":"attempt 8/9: Unable to connect to the database: the database system is starting up","meta":{},"module":"database","submodule":"","method":"auth","app":"main","reqId":"d78236bf-03e6-4c45-ae19-5c451b8e5d0a","dataSourceKey":"main","timestamp":"2025-04-10 05:18:12"}
{"level":"warn","message":"attempt 9/9: Unable to connect to the database: the database system is starting up","meta":{},"module":"database","submodule":"","method":"auth","app":"main","reqId":"d78236bf-03e6-4c45-ae19-5c451b8e5d0a","dataSourceKey":"main","timestamp":"2025-04-10 05:18:18"}
{"level":"info","message":"add app main into supervisor","meta":{},"module":"application","submodule":"supervisor","method":"addApp","app":"main","reqId":"6d128437-a2d8-434c-8d86-efa08ea7bab5","dataSourceKey":"main","timestamp":"2025-04-10 05:22:08"}
{"level":"info","message":"connection has been established successfully.","meta":{},"module":"database","submodule":"","method":"auth","app":"main","reqId":"6d128437-a2d8-434c-8d86-efa08ea7bab5","dataSourceKey":"main","timestamp":"2025-04-10 05:22:09"}
{"level":"info","message":"upgrading...","meta":{},"module":"application","submodule":"","method":"","app":"main","reqId":"6d128437-a2d8-434c-8d86-efa08ea7bab5","dataSourceKey":"main","timestamp":"2025-04-10 05:22:09"}
{"level":"info","message":"run upgrade","meta":{},"module":"application","submodule":"","method":"","app":"main","reqId":"6d128437-a2d8-434c-8d86-efa08ea7bab5","dataSourceKey":"main","timestamp":"2025-04-10 05:22:09"}
{"level":"info","message":"update built-in plugins","meta":{},"module":"nocobase","submodule":"","method":"","app":"main","reqId":"6d128437-a2d8-434c-8d86-efa08ea7bab5","dataSourceKey":"main","timestamp":"2025-04-10 05:22:09"}
{"level":"info","message":"run upgrade","meta":{},"module":"application","submodule":"","method":"","app":"main","reqId":"6d128437-a2d8-434c-8d86-efa08ea7bab5","dataSourceKey":"main","timestamp":"2025-04-10 05:22:11"}
{"level":"info","message":"restarting...","meta":{},"module":"application","submodule":"","method":"","app":"main","reqId":"6d128437-a2d8-434c-8d86-efa08ea7bab5","dataSourceKey":"main","timestamp":"2025-04-10 05:22:11"}
{"level":"info","message":"app.reload()","meta":{},"module":"application","submodule":"","method":"load","app":"main","reqId":"6d128437-a2d8-434c-8d86-efa08ea7bab5","dataSourceKey":"main","timestamp":"2025-04-10 05:22:11"}
{"level":"info","message":"write roles to ACL","meta":{},"module":"acl","submodule":"","method":"writeRolesToACL","app":"main","reqId":"6d128437-a2d8-434c-8d86-efa08ea7bab5","dataSourceKey":"main","timestamp":"2025-04-10 05:22:12"}
{"level":"info","message":"app has been started","meta":{},"module":"application","submodule":"","method":"","app":"main","reqId":"6d128437-a2d8-434c-8d86-efa08ea7bab5","dataSourceKey":"main","timestamp":"2025-04-10 05:22:13"}
{"level":"info","message":"add app main into supervisor","meta":{},"module":"application","submodule":"supervisor","method":"addApp","app":"main","reqId":"6680361b-c5c3-45e8-bd5a-05b5f57f8d5d","dataSourceKey":"main","timestamp":"2025-04-10 14:10:52"}
{"level":"warn","message":"attempt 1/9: Unable to connect to the database: the database system is starting up","meta":{},"module":"database","submodule":"","method":"auth","app":"main","reqId":"6680361b-c5c3-45e8-bd5a-05b5f57f8d5d","dataSourceKey":"main","timestamp":"2025-04-10 14:10:52"}
{"level":"warn","message":"will retry in 50ms...","meta":{},"module":"database","submodule":"","method":"auth","app":"main","reqId":"6680361b-c5c3-45e8-bd5a-05b5f57f8d5d","dataSourceKey":"main","timestamp":"2025-04-10 14:10:52"}
{"level":"warn","message":"attempt 2/9: Unable to connect to the database: the database system is starting up","meta":{},"module":"database","submodule":"","method":"auth","app":"main","reqId":"6680361b-c5c3-45e8-bd5a-05b5f57f8d5d","dataSourceKey":"main","timestamp":"2025-04-10 14:10:52"}
{"level":"warn","message":"will retry in 100ms...","meta":{},"module":"database","submodule":"","method":"auth","app":"main","reqId":"6680361b-c5c3-45e8-bd5a-05b5f57f8d5d","dataSourceKey":"main","timestamp":"2025-04-10 14:10:52"}
{"level":"warn","message":"attempt 3/9: Unable to connect to the database: the database system is starting up","meta":{},"module":"database","submodule":"","method":"auth","app":"main","reqId":"6680361b-c5c3-45e8-bd5a-05b5f57f8d5d","dataSourceKey":"main","timestamp":"2025-04-10 14:10:53"}
{"level":"warn","message":"will retry in 200ms...","meta":{},"module":"database","submodule":"","method":"auth","app":"main","reqId":"6680361b-c5c3-45e8-bd5a-05b5f57f8d5d","dataSourceKey":"main","timestamp":"2025-04-10 14:10:53"}
{"level":"warn","message":"attempt 4/9: Unable to connect to the database: the database system is starting up","meta":{},"module":"database","submodule":"","method":"auth","app":"main","reqId":"6680361b-c5c3-45e8-bd5a-05b5f57f8d5d","dataSourceKey":"main","timestamp":"2025-04-10 14:10:53"}
{"level":"warn","message":"will retry in 400ms...","meta":{},"module":"database","submodule":"","method":"auth","app":"main","reqId":"6680361b-c5c3-45e8-bd5a-05b5f57f8d5d","dataSourceKey":"main","timestamp":"2025-04-10 14:10:53"}
{"level":"warn","message":"attempt 5/9: Unable to connect to the database: the database system is starting up","meta":{},"module":"database","submodule":"","method":"auth","app":"main","reqId":"6680361b-c5c3-45e8-bd5a-05b5f57f8d5d","dataSourceKey":"main","timestamp":"2025-04-10 14:10:53"}
{"level":"warn","message":"will retry in 800ms...","meta":{},"module":"database","submodule":"","method":"auth","app":"main","reqId":"6680361b-c5c3-45e8-bd5a-05b5f57f8d5d","dataSourceKey":"main","timestamp":"2025-04-10 14:10:53"}
{"level":"warn","message":"attempt 6/9: Unable to connect to the database: the database system is starting up","meta":{},"module":"database","submodule":"","method":"auth","app":"main","reqId":"6680361b-c5c3-45e8-bd5a-05b5f57f8d5d","dataSourceKey":"main","timestamp":"2025-04-10 14:10:54"}
{"level":"warn","message":"will retry in 1600ms...","meta":{},"module":"database","submodule":"","method":"auth","app":"main","reqId":"6680361b-c5c3-45e8-bd5a-05b5f57f8d5d","dataSourceKey":"main","timestamp":"2025-04-10 14:10:54"}
{"level":"warn","message":"attempt 7/9: Unable to connect to the database: the database system is starting up","meta":{},"module":"database","submodule":"","method":"auth","app":"main","reqId":"6680361b-c5c3-45e8-bd5a-05b5f57f8d5d","dataSourceKey":"main","timestamp":"2025-04-10 14:10:56"}
{"level":"warn","message":"will retry in 3200ms...","meta":{},"module":"database","submodule":"","method":"auth","app":"main","reqId":"6680361b-c5c3-45e8-bd5a-05b5f57f8d5d","dataSourceKey":"main","timestamp":"2025-04-10 14:10:56"}
{"level":"warn","message":"attempt 8/9: Unable to connect to the database: the database system is starting up","meta":{},"module":"database","submodule":"","method":"auth","app":"main","reqId":"6680361b-c5c3-45e8-bd5a-05b5f57f8d5d","dataSourceKey":"main","timestamp":"2025-04-10 14:10:59"}
{"level":"info","message":"connection has been established successfully.","meta":{},"module":"database","submodule":"","method":"auth","app":"main","reqId":"6680361b-c5c3-45e8-bd5a-05b5f57f8d5d","dataSourceKey":"main","timestamp":"2025-04-10 14:11:06"}
{"level":"info","message":"upgrading...","meta":{},"module":"application","submodule":"","method":"","app":"main","reqId":"6680361b-c5c3-45e8-bd5a-05b5f57f8d5d","dataSourceKey":"main","timestamp":"2025-04-10 14:11:06"}
{"level":"info","message":"run upgrade","meta":{},"module":"application","submodule":"","method":"","app":"main","reqId":"6680361b-c5c3-45e8-bd5a-05b5f57f8d5d","dataSourceKey":"main","timestamp":"2025-04-10 14:11:06"}
{"level":"info","message":"update built-in plugins","meta":{},"module":"nocobase","submodule":"","method":"","app":"main","reqId":"6680361b-c5c3-45e8-bd5a-05b5f57f8d5d","dataSourceKey":"main","timestamp":"2025-04-10 14:11:06"}
{"level":"info","message":"run upgrade","meta":{},"module":"application","submodule":"","method":"","app":"main","reqId":"6680361b-c5c3-45e8-bd5a-05b5f57f8d5d","dataSourceKey":"main","timestamp":"2025-04-10 14:11:08"}
{"level":"info","message":"restarting...","meta":{},"module":"application","submodule":"","method":"","app":"main","reqId":"6680361b-c5c3-45e8-bd5a-05b5f57f8d5d","dataSourceKey":"main","timestamp":"2025-04-10 14:11:09"}
{"level":"info","message":"app.reload()","meta":{},"module":"application","submodule":"","method":"load","app":"main","reqId":"6680361b-c5c3-45e8-bd5a-05b5f57f8d5d","dataSourceKey":"main","timestamp":"2025-04-10 14:11:09"}
{"level":"info","message":"write roles to ACL","meta":{},"module":"acl","submodule":"","method":"writeRolesToACL","app":"main","reqId":"6680361b-c5c3-45e8-bd5a-05b5f57f8d5d","dataSourceKey":"main","timestamp":"2025-04-10 14:11:10"}
{"level":"info","message":"app has been started","meta":{},"module":"application","submodule":"","method":"","app":"main","reqId":"6680361b-c5c3-45e8-bd5a-05b5f57f8d5d","dataSourceKey":"main","timestamp":"2025-04-10 14:11:10"}
{"level":"info","message":"token renewing","meta":{"currentJti":"26002e35-1f1f-4b8f-99a4-5ec85e0a987a"},"module":"application","submodule":"","method":"auth.check","app":"main","reqId":"6680361b-c5c3-45e8-bd5a-05b5f57f8d5d","dataSourceKey":"main","timestamp":"2025-04-10 14:11:10"}
{"level":"info","message":"token renewing","meta":{"currentJti":"26002e35-1f1f-4b8f-99a4-5ec85e0a987a"},"module":"application","submodule":"","method":"auth.check","app":"main","reqId":"6680361b-c5c3-45e8-bd5a-05b5f57f8d5d","dataSourceKey":"main","timestamp":"2025-04-10 14:11:10"}
{"level":"info","message":"token renewing","meta":{"currentJti":"26002e35-1f1f-4b8f-99a4-5ec85e0a987a"},"module":"application","submodule":"","method":"auth.check","app":"main","reqId":"6680361b-c5c3-45e8-bd5a-05b5f57f8d5d","dataSourceKey":"main","timestamp":"2025-04-10 14:11:11"}
{"level":"info","message":"token renewing","meta":{"currentJti":"26002e35-1f1f-4b8f-99a4-5ec85e0a987a"},"module":"application","submodule":"","method":"auth.check","app":"main","reqId":"6680361b-c5c3-45e8-bd5a-05b5f57f8d5d","dataSourceKey":"main","timestamp":"2025-04-10 14:11:11"}
{"level":"info","message":"token renewing","meta":{"url":"/api/auth:check","currentJti":"26002e35-1f1f-4b8f-99a4-5ec85e0a987a"},"module":"auth","submodule":"check","method":"auth.check","app":"main","reqId":"ef91ac82-78a7-453b-84aa-5bd42db21926","dataSourceKey":"main","timestamp":"2025-04-10 14:11:11"}
{"level":"info","message":"token renewing","meta":{"jti":"26002e35-1f1f-4b8f-99a4-5ec85e0a987a"},"module":"auth","submodule":"check","method":"auth.check","app":"main","reqId":"ef91ac82-78a7-453b-84aa-5bd42db21926","dataSourceKey":"main","timestamp":"2025-04-10 14:11:11"}
{"level":"info","message":"jti renewed","meta":{"oldJti":"26002e35-1f1f-4b8f-99a4-5ec85e0a987a","newJti":"0a1faa0b-d9e8-42c1-8cd0-fbdb29290f4c","issuedTime":1744294271436},"module":"application","submodule":"","method":"","app":"main","reqId":"6680361b-c5c3-45e8-bd5a-05b5f57f8d5d","dataSourceKey":"main","timestamp":"2025-04-10 14:11:11"}
{"level":"info","message":"token renewed","meta":{"oldJti":"26002e35-1f1f-4b8f-99a4-5ec85e0a987a","newJti":"0a1faa0b-d9e8-42c1-8cd0-fbdb29290f4c"},"module":"auth","submodule":"check","method":"auth.check","app":"main","reqId":"ef91ac82-78a7-453b-84aa-5bd42db21926","dataSourceKey":"main","timestamp":"2025-04-10 14:11:11"}
{"level":"info","message":"add app main into supervisor","meta":{},"module":"application","submodule":"supervisor","method":"addApp","app":"main","reqId":"14163102-67c1-4ef8-94a1-14b913ca2ea0","dataSourceKey":"main","timestamp":"2025-04-10 16:27:52"}
{"level":"info","message":"connection has been established successfully.","meta":{},"module":"database","submodule":"","method":"auth","app":"main","reqId":"14163102-67c1-4ef8-94a1-14b913ca2ea0","dataSourceKey":"main","timestamp":"2025-04-10 16:27:53"}
{"level":"info","message":"upgrading...","meta":{},"module":"application","submodule":"","method":"","app":"main","reqId":"14163102-67c1-4ef8-94a1-14b913ca2ea0","dataSourceKey":"main","timestamp":"2025-04-10 16:27:53"}
{"level":"info","message":"run upgrade","meta":{},"module":"application","submodule":"","method":"","app":"main","reqId":"14163102-67c1-4ef8-94a1-14b913ca2ea0","dataSourceKey":"main","timestamp":"2025-04-10 16:27:53"}
{"level":"info","message":"update built-in plugins","meta":{},"module":"nocobase","submodule":"","method":"","app":"main","reqId":"14163102-67c1-4ef8-94a1-14b913ca2ea0","dataSourceKey":"main","timestamp":"2025-04-10 16:27:53"}
{"level":"info","message":"run upgrade","meta":{},"module":"application","submodule":"","method":"","app":"main","reqId":"14163102-67c1-4ef8-94a1-14b913ca2ea0","dataSourceKey":"main","timestamp":"2025-04-10 16:27:56"}
{"level":"info","message":"restarting...","meta":{},"module":"application","submodule":"","method":"","app":"main","reqId":"14163102-67c1-4ef8-94a1-14b913ca2ea0","dataSourceKey":"main","timestamp":"2025-04-10 16:27:56"}
{"level":"info","message":"app.reload()","meta":{},"module":"application","submodule":"","method":"load","app":"main","reqId":"14163102-67c1-4ef8-94a1-14b913ca2ea0","dataSourceKey":"main","timestamp":"2025-04-10 16:27:56"}
{"level":"info","message":"write roles to ACL","meta":{},"module":"acl","submodule":"","method":"writeRolesToACL","app":"main","reqId":"14163102-67c1-4ef8-94a1-14b913ca2ea0","dataSourceKey":"main","timestamp":"2025-04-10 16:27:58"}
{"level":"info","message":"app has been started","meta":{},"module":"application","submodule":"","method":"","app":"main","reqId":"14163102-67c1-4ef8-94a1-14b913ca2ea0","dataSourceKey":"main","timestamp":"2025-04-10 16:27:58"}
