{"level":"info","message":"add app main into supervisor","meta":{},"module":"application","submodule":"supervisor","method":"addApp","app":"main","reqId":"36c439aa-903a-4914-8e14-a6bd56f3a01f","dataSourceKey":"main","timestamp":"2025-05-08 02:38:37"}
{"level":"info","message":"connection has been established successfully.","meta":{},"module":"database","submodule":"","method":"auth","app":"main","reqId":"36c439aa-903a-4914-8e14-a6bd56f3a01f","dataSourceKey":"main","timestamp":"2025-05-08 02:38:38"}
{"level":"info","message":"upgrading...","meta":{},"module":"application","submodule":"","method":"","app":"main","reqId":"36c439aa-903a-4914-8e14-a6bd56f3a01f","dataSourceKey":"main","timestamp":"2025-05-08 02:38:38"}
{"level":"info","message":"run upgrade","meta":{},"module":"application","submodule":"","method":"","app":"main","reqId":"36c439aa-903a-4914-8e14-a6bd56f3a01f","dataSourceKey":"main","timestamp":"2025-05-08 02:38:39"}
{"level":"info","message":"update built-in plugins","meta":{},"module":"nocobase","submodule":"","method":"","app":"main","reqId":"36c439aa-903a-4914-8e14-a6bd56f3a01f","dataSourceKey":"main","timestamp":"2025-05-08 02:38:39"}
{"level":"info","message":"run upgrade","meta":{},"module":"application","submodule":"","method":"","app":"main","reqId":"36c439aa-903a-4914-8e14-a6bd56f3a01f","dataSourceKey":"main","timestamp":"2025-05-08 02:38:43"}
{"level":"info","message":"restarting...","meta":{},"module":"application","submodule":"","method":"","app":"main","reqId":"36c439aa-903a-4914-8e14-a6bd56f3a01f","dataSourceKey":"main","timestamp":"2025-05-08 02:38:44"}
{"level":"info","message":"app.reload()","meta":{},"module":"application","submodule":"","method":"load","app":"main","reqId":"36c439aa-903a-4914-8e14-a6bd56f3a01f","dataSourceKey":"main","timestamp":"2025-05-08 02:38:44"}
{"level":"info","message":"write roles to ACL","meta":{},"module":"acl","submodule":"","method":"writeRolesToACL","app":"main","reqId":"36c439aa-903a-4914-8e14-a6bd56f3a01f","dataSourceKey":"main","timestamp":"2025-05-08 02:38:46"}
{"level":"info","message":"app has been started","meta":{},"module":"application","submodule":"","method":"","app":"main","reqId":"36c439aa-903a-4914-8e14-a6bd56f3a01f","dataSourceKey":"main","timestamp":"2025-05-08 02:38:47"}
{"level":"info","message":"add app main into supervisor","meta":{},"module":"application","submodule":"supervisor","method":"addApp","app":"main","reqId":"6a76a06a-eab0-494d-b192-f5c858b19dc8","dataSourceKey":"main","timestamp":"2025-05-08 03:08:17"}
{"level":"warn","message":"attempt 1/9: Unable to connect to the database: the database system is starting up","meta":{},"module":"database","submodule":"","method":"auth","app":"main","reqId":"6a76a06a-eab0-494d-b192-f5c858b19dc8","dataSourceKey":"main","timestamp":"2025-05-08 03:08:17"}
{"level":"warn","message":"will retry in 50ms...","meta":{},"module":"database","submodule":"","method":"auth","app":"main","reqId":"6a76a06a-eab0-494d-b192-f5c858b19dc8","dataSourceKey":"main","timestamp":"2025-05-08 03:08:17"}
{"level":"warn","message":"attempt 2/9: Unable to connect to the database: the database system is starting up","meta":{},"module":"database","submodule":"","method":"auth","app":"main","reqId":"6a76a06a-eab0-494d-b192-f5c858b19dc8","dataSourceKey":"main","timestamp":"2025-05-08 03:08:17"}
{"level":"warn","message":"will retry in 100ms...","meta":{},"module":"database","submodule":"","method":"auth","app":"main","reqId":"6a76a06a-eab0-494d-b192-f5c858b19dc8","dataSourceKey":"main","timestamp":"2025-05-08 03:08:17"}
{"level":"warn","message":"attempt 3/9: Unable to connect to the database: the database system is starting up","meta":{},"module":"database","submodule":"","method":"auth","app":"main","reqId":"6a76a06a-eab0-494d-b192-f5c858b19dc8","dataSourceKey":"main","timestamp":"2025-05-08 03:08:17"}
{"level":"warn","message":"will retry in 200ms...","meta":{},"module":"database","submodule":"","method":"auth","app":"main","reqId":"6a76a06a-eab0-494d-b192-f5c858b19dc8","dataSourceKey":"main","timestamp":"2025-05-08 03:08:17"}
{"level":"warn","message":"attempt 4/9: Unable to connect to the database: the database system is starting up","meta":{},"module":"database","submodule":"","method":"auth","app":"main","reqId":"6a76a06a-eab0-494d-b192-f5c858b19dc8","dataSourceKey":"main","timestamp":"2025-05-08 03:08:17"}
{"level":"warn","message":"will retry in 400ms...","meta":{},"module":"database","submodule":"","method":"auth","app":"main","reqId":"6a76a06a-eab0-494d-b192-f5c858b19dc8","dataSourceKey":"main","timestamp":"2025-05-08 03:08:17"}
{"level":"warn","message":"attempt 5/9: Unable to connect to the database: the database system is starting up","meta":{},"module":"database","submodule":"","method":"auth","app":"main","reqId":"6a76a06a-eab0-494d-b192-f5c858b19dc8","dataSourceKey":"main","timestamp":"2025-05-08 03:08:18"}
{"level":"warn","message":"will retry in 800ms...","meta":{},"module":"database","submodule":"","method":"auth","app":"main","reqId":"6a76a06a-eab0-494d-b192-f5c858b19dc8","dataSourceKey":"main","timestamp":"2025-05-08 03:08:18"}
{"level":"warn","message":"attempt 6/9: Unable to connect to the database: the database system is starting up","meta":{},"module":"database","submodule":"","method":"auth","app":"main","reqId":"6a76a06a-eab0-494d-b192-f5c858b19dc8","dataSourceKey":"main","timestamp":"2025-05-08 03:08:19"}
{"level":"warn","message":"will retry in 1600ms...","meta":{},"module":"database","submodule":"","method":"auth","app":"main","reqId":"6a76a06a-eab0-494d-b192-f5c858b19dc8","dataSourceKey":"main","timestamp":"2025-05-08 03:08:19"}
{"level":"warn","message":"attempt 7/9: Unable to connect to the database: the database system is starting up","meta":{},"module":"database","submodule":"","method":"auth","app":"main","reqId":"6a76a06a-eab0-494d-b192-f5c858b19dc8","dataSourceKey":"main","timestamp":"2025-05-08 03:08:20"}
{"level":"warn","message":"will retry in 3200ms...","meta":{},"module":"database","submodule":"","method":"auth","app":"main","reqId":"6a76a06a-eab0-494d-b192-f5c858b19dc8","dataSourceKey":"main","timestamp":"2025-05-08 03:08:20"}
{"level":"warn","message":"attempt 8/9: Unable to connect to the database: the database system is starting up","meta":{},"module":"database","submodule":"","method":"auth","app":"main","reqId":"6a76a06a-eab0-494d-b192-f5c858b19dc8","dataSourceKey":"main","timestamp":"2025-05-08 03:08:23"}
{"level":"info","message":"connection has been established successfully.","meta":{},"module":"database","submodule":"","method":"auth","app":"main","reqId":"6a76a06a-eab0-494d-b192-f5c858b19dc8","dataSourceKey":"main","timestamp":"2025-05-08 03:08:30"}
{"level":"info","message":"upgrading...","meta":{},"module":"application","submodule":"","method":"","app":"main","reqId":"6a76a06a-eab0-494d-b192-f5c858b19dc8","dataSourceKey":"main","timestamp":"2025-05-08 03:08:30"}
{"level":"info","message":"run upgrade","meta":{},"module":"application","submodule":"","method":"","app":"main","reqId":"6a76a06a-eab0-494d-b192-f5c858b19dc8","dataSourceKey":"main","timestamp":"2025-05-08 03:08:30"}
{"level":"info","message":"update built-in plugins","meta":{},"module":"nocobase","submodule":"","method":"","app":"main","reqId":"6a76a06a-eab0-494d-b192-f5c858b19dc8","dataSourceKey":"main","timestamp":"2025-05-08 03:08:30"}
{"level":"info","message":"run upgrade","meta":{},"module":"application","submodule":"","method":"","app":"main","reqId":"6a76a06a-eab0-494d-b192-f5c858b19dc8","dataSourceKey":"main","timestamp":"2025-05-08 03:08:33"}
{"level":"info","message":"restarting...","meta":{},"module":"application","submodule":"","method":"","app":"main","reqId":"6a76a06a-eab0-494d-b192-f5c858b19dc8","dataSourceKey":"main","timestamp":"2025-05-08 03:08:33"}
{"level":"info","message":"app.reload()","meta":{},"module":"application","submodule":"","method":"load","app":"main","reqId":"6a76a06a-eab0-494d-b192-f5c858b19dc8","dataSourceKey":"main","timestamp":"2025-05-08 03:08:33"}
{"level":"info","message":"write roles to ACL","meta":{},"module":"acl","submodule":"","method":"writeRolesToACL","app":"main","reqId":"6a76a06a-eab0-494d-b192-f5c858b19dc8","dataSourceKey":"main","timestamp":"2025-05-08 03:08:35"}
{"level":"info","message":"app has been started","meta":{},"module":"application","submodule":"","method":"","app":"main","reqId":"6a76a06a-eab0-494d-b192-f5c858b19dc8","dataSourceKey":"main","timestamp":"2025-05-08 03:08:35"}
{"level":"info","message":"add app main into supervisor","meta":{},"module":"application","submodule":"supervisor","method":"addApp","app":"main","reqId":"3c3360f2-a6ed-4f48-ab13-675789686eb1","dataSourceKey":"main","timestamp":"2025-05-08 14:38:52"}
{"level":"warn","message":"attempt 1/9: Unable to connect to the database: the database system is starting up","meta":{},"module":"database","submodule":"","method":"auth","app":"main","reqId":"3c3360f2-a6ed-4f48-ab13-675789686eb1","dataSourceKey":"main","timestamp":"2025-05-08 14:38:52"}
{"level":"warn","message":"will retry in 50ms...","meta":{},"module":"database","submodule":"","method":"auth","app":"main","reqId":"3c3360f2-a6ed-4f48-ab13-675789686eb1","dataSourceKey":"main","timestamp":"2025-05-08 14:38:52"}
{"level":"warn","message":"attempt 2/9: Unable to connect to the database: the database system is starting up","meta":{},"module":"database","submodule":"","method":"auth","app":"main","reqId":"3c3360f2-a6ed-4f48-ab13-675789686eb1","dataSourceKey":"main","timestamp":"2025-05-08 14:38:52"}
{"level":"warn","message":"will retry in 100ms...","meta":{},"module":"database","submodule":"","method":"auth","app":"main","reqId":"3c3360f2-a6ed-4f48-ab13-675789686eb1","dataSourceKey":"main","timestamp":"2025-05-08 14:38:52"}
{"level":"warn","message":"attempt 3/9: Unable to connect to the database: the database system is starting up","meta":{},"module":"database","submodule":"","method":"auth","app":"main","reqId":"3c3360f2-a6ed-4f48-ab13-675789686eb1","dataSourceKey":"main","timestamp":"2025-05-08 14:38:52"}
{"level":"warn","message":"will retry in 200ms...","meta":{},"module":"database","submodule":"","method":"auth","app":"main","reqId":"3c3360f2-a6ed-4f48-ab13-675789686eb1","dataSourceKey":"main","timestamp":"2025-05-08 14:38:52"}
{"level":"warn","message":"attempt 4/9: Unable to connect to the database: the database system is starting up","meta":{},"module":"database","submodule":"","method":"auth","app":"main","reqId":"3c3360f2-a6ed-4f48-ab13-675789686eb1","dataSourceKey":"main","timestamp":"2025-05-08 14:38:53"}
{"level":"warn","message":"will retry in 400ms...","meta":{},"module":"database","submodule":"","method":"auth","app":"main","reqId":"3c3360f2-a6ed-4f48-ab13-675789686eb1","dataSourceKey":"main","timestamp":"2025-05-08 14:38:53"}
{"level":"warn","message":"attempt 5/9: Unable to connect to the database: the database system is starting up","meta":{},"module":"database","submodule":"","method":"auth","app":"main","reqId":"3c3360f2-a6ed-4f48-ab13-675789686eb1","dataSourceKey":"main","timestamp":"2025-05-08 14:38:53"}
{"level":"warn","message":"will retry in 800ms...","meta":{},"module":"database","submodule":"","method":"auth","app":"main","reqId":"3c3360f2-a6ed-4f48-ab13-675789686eb1","dataSourceKey":"main","timestamp":"2025-05-08 14:38:53"}
{"level":"warn","message":"attempt 6/9: Unable to connect to the database: the database system is starting up","meta":{},"module":"database","submodule":"","method":"auth","app":"main","reqId":"3c3360f2-a6ed-4f48-ab13-675789686eb1","dataSourceKey":"main","timestamp":"2025-05-08 14:38:54"}
{"level":"warn","message":"will retry in 1600ms...","meta":{},"module":"database","submodule":"","method":"auth","app":"main","reqId":"3c3360f2-a6ed-4f48-ab13-675789686eb1","dataSourceKey":"main","timestamp":"2025-05-08 14:38:54"}
{"level":"warn","message":"attempt 7/9: Unable to connect to the database: the database system is starting up","meta":{},"module":"database","submodule":"","method":"auth","app":"main","reqId":"3c3360f2-a6ed-4f48-ab13-675789686eb1","dataSourceKey":"main","timestamp":"2025-05-08 14:38:55"}
{"level":"warn","message":"will retry in 3200ms...","meta":{},"module":"database","submodule":"","method":"auth","app":"main","reqId":"3c3360f2-a6ed-4f48-ab13-675789686eb1","dataSourceKey":"main","timestamp":"2025-05-08 14:38:55"}
{"level":"warn","message":"attempt 8/9: Unable to connect to the database: the database system is starting up","meta":{},"module":"database","submodule":"","method":"auth","app":"main","reqId":"3c3360f2-a6ed-4f48-ab13-675789686eb1","dataSourceKey":"main","timestamp":"2025-05-08 14:38:59"}
{"level":"info","message":"connection has been established successfully.","meta":{},"module":"database","submodule":"","method":"auth","app":"main","reqId":"3c3360f2-a6ed-4f48-ab13-675789686eb1","dataSourceKey":"main","timestamp":"2025-05-08 14:39:05"}
{"level":"info","message":"upgrading...","meta":{},"module":"application","submodule":"","method":"","app":"main","reqId":"3c3360f2-a6ed-4f48-ab13-675789686eb1","dataSourceKey":"main","timestamp":"2025-05-08 14:39:05"}
{"level":"info","message":"run upgrade","meta":{},"module":"application","submodule":"","method":"","app":"main","reqId":"3c3360f2-a6ed-4f48-ab13-675789686eb1","dataSourceKey":"main","timestamp":"2025-05-08 14:39:06"}
{"level":"info","message":"update built-in plugins","meta":{},"module":"nocobase","submodule":"","method":"","app":"main","reqId":"3c3360f2-a6ed-4f48-ab13-675789686eb1","dataSourceKey":"main","timestamp":"2025-05-08 14:39:06"}
{"level":"info","message":"run upgrade","meta":{},"module":"application","submodule":"","method":"","app":"main","reqId":"3c3360f2-a6ed-4f48-ab13-675789686eb1","dataSourceKey":"main","timestamp":"2025-05-08 14:39:09"}
{"level":"info","message":"restarting...","meta":{},"module":"application","submodule":"","method":"","app":"main","reqId":"3c3360f2-a6ed-4f48-ab13-675789686eb1","dataSourceKey":"main","timestamp":"2025-05-08 14:39:09"}
{"level":"info","message":"app.reload()","meta":{},"module":"application","submodule":"","method":"load","app":"main","reqId":"3c3360f2-a6ed-4f48-ab13-675789686eb1","dataSourceKey":"main","timestamp":"2025-05-08 14:39:09"}
{"level":"info","message":"write roles to ACL","meta":{},"module":"acl","submodule":"","method":"writeRolesToACL","app":"main","reqId":"3c3360f2-a6ed-4f48-ab13-675789686eb1","dataSourceKey":"main","timestamp":"2025-05-08 14:39:11"}
{"level":"info","message":"app has been started","meta":{},"module":"application","submodule":"","method":"","app":"main","reqId":"3c3360f2-a6ed-4f48-ab13-675789686eb1","dataSourceKey":"main","timestamp":"2025-05-08 14:39:11"}
