{"level":"info","message":"filter-parse: ","meta":{"userFields":["id"]},"module":"charts","submodule":"query","method":"","app":"main","reqId":"c84f5148-6bf4-4bb7-98af-c545c8f18c4d","dataSourceKey":"main","timestamp":"2025-05-05 02:18:48"}
{"level":"info","message":"filter-parse: ","meta":{"$user":{"id":3}},"module":"charts","submodule":"query","method":"","app":"main","reqId":"c84f5148-6bf4-4bb7-98af-c545c8f18c4d","dataSourceKey":"main","timestamp":"2025-05-05 02:18:48"}
{"level":"info","message":"filter-parse: ","meta":{"userFields":["id"]},"module":"charts","submodule":"query","method":"","app":"main","reqId":"6393ee28-7559-485e-adfb-29ded19505b4","dataSourceKey":"main","timestamp":"2025-05-05 07:22:27"}
{"level":"info","message":"filter-parse: ","meta":{"userFields":["id"]},"module":"charts","submodule":"query","method":"","app":"main","reqId":"1ade469a-af80-4f39-a814-bd8193b14c37","dataSourceKey":"main","timestamp":"2025-05-05 07:22:27"}
{"level":"info","message":"filter-parse: ","meta":{"userFields":["id"]},"module":"student_progress","submodule":"list","method":"","app":"main","reqId":"e7d659ed-16fb-4ad5-9fce-a35dc844de3c","dataSourceKey":"main","timestamp":"2025-05-05 07:22:27"}
{"level":"info","message":"filter-parse: ","meta":{"$user":{"id":3}},"module":"charts","submodule":"query","method":"","app":"main","reqId":"6393ee28-7559-485e-adfb-29ded19505b4","dataSourceKey":"main","timestamp":"2025-05-05 07:22:27"}
{"level":"info","message":"filter-parse: ","meta":{"$user":{"id":3}},"module":"charts","submodule":"query","method":"","app":"main","reqId":"1ade469a-af80-4f39-a814-bd8193b14c37","dataSourceKey":"main","timestamp":"2025-05-05 07:22:27"}
{"level":"info","message":"filter-parse: ","meta":{"$user":{"id":3}},"module":"student_progress","submodule":"list","method":"","app":"main","reqId":"e7d659ed-16fb-4ad5-9fce-a35dc844de3c","dataSourceKey":"main","timestamp":"2025-05-05 07:22:27"}
{"level":"info","message":"filter-parse: ","meta":{"userFields":["id"]},"module":"charts","submodule":"query","method":"","app":"main","reqId":"51e7e901-124a-4735-875d-84f6b922c29e","dataSourceKey":"main","timestamp":"2025-05-05 07:22:28"}
{"level":"info","message":"filter-parse: ","meta":{"$user":{"id":3}},"module":"charts","submodule":"query","method":"","app":"main","reqId":"51e7e901-124a-4735-875d-84f6b922c29e","dataSourceKey":"main","timestamp":"2025-05-05 07:22:28"}
{"level":"info","message":"filter-parse: ","meta":{"userFields":["id"]},"module":"student","submodule":"list","method":"","app":"main","reqId":"5c96be55-9dcc-4722-902e-7695ed2921f5","dataSourceKey":"main","timestamp":"2025-05-05 07:22:28"}
{"level":"info","message":"filter-parse: ","meta":{"$user":{"id":3}},"module":"student","submodule":"list","method":"","app":"main","reqId":"5c96be55-9dcc-4722-902e-7695ed2921f5","dataSourceKey":"main","timestamp":"2025-05-05 07:22:28"}
{"level":"info","message":"filter-parse: ","meta":{"userFields":["id"]},"module":"student","submodule":"list","method":"","app":"main","reqId":"06a02184-215a-4592-8d08-5d0e11f0886e","dataSourceKey":"main","timestamp":"2025-05-05 07:22:31"}
{"level":"info","message":"filter-parse: ","meta":{"$user":{"id":3}},"module":"student","submodule":"list","method":"","app":"main","reqId":"06a02184-215a-4592-8d08-5d0e11f0886e","dataSourceKey":"main","timestamp":"2025-05-05 07:22:31"}
{"level":"info","message":"filter-parse: ","meta":{"userFields":["id"]},"module":"student_progress","submodule":"list","method":"","app":"main","reqId":"03261b29-d483-4707-a45a-91441e75b36d","dataSourceKey":"main","timestamp":"2025-05-05 07:22:32"}
{"level":"info","message":"filter-parse: ","meta":{"$user":{"id":3}},"module":"student_progress","submodule":"list","method":"","app":"main","reqId":"03261b29-d483-4707-a45a-91441e75b36d","dataSourceKey":"main","timestamp":"2025-05-05 07:22:32"}
{"level":"info","message":"filter-parse: ","meta":{"userFields":["id"]},"module":"create_course","submodule":"list","method":"","app":"main","reqId":"64e86f67-2eaf-4103-a60d-9feecfe45b3e","dataSourceKey":"main","timestamp":"2025-05-05 07:22:38"}
{"level":"info","message":"filter-parse: ","meta":{"$user":{"id":3}},"module":"create_course","submodule":"list","method":"","app":"main","reqId":"64e86f67-2eaf-4103-a60d-9feecfe45b3e","dataSourceKey":"main","timestamp":"2025-05-05 07:22:38"}
{"level":"info","message":"filter-parse: ","meta":{"userFields":["id"]},"module":"attendance","submodule":"list","method":"","app":"main","reqId":"efdbc0ff-2e0f-4c46-809b-9d247b97fedc","dataSourceKey":"main","timestamp":"2025-05-05 08:29:56"}
{"level":"info","message":"filter-parse: ","meta":{"$user":{"id":3}},"module":"attendance","submodule":"list","method":"","app":"main","reqId":"efdbc0ff-2e0f-4c46-809b-9d247b97fedc","dataSourceKey":"main","timestamp":"2025-05-05 08:29:56"}
{"level":"info","message":"filter-parse: ","meta":{"userFields":["id"]},"module":"charts","submodule":"query","method":"","app":"main","reqId":"1afee689-6ba2-4719-b79f-44ce28cd5738","dataSourceKey":"main","timestamp":"2025-05-05 08:29:56"}
{"level":"info","message":"filter-parse: ","meta":{"userFields":["id"]},"module":"charts","submodule":"query","method":"","app":"main","reqId":"8d291ef3-84c6-495d-8b25-4f4735a158ab","dataSourceKey":"main","timestamp":"2025-05-05 08:29:56"}
{"level":"info","message":"filter-parse: ","meta":{"$user":{"id":3}},"module":"charts","submodule":"query","method":"","app":"main","reqId":"1afee689-6ba2-4719-b79f-44ce28cd5738","dataSourceKey":"main","timestamp":"2025-05-05 08:29:56"}
{"level":"info","message":"filter-parse: ","meta":{"userFields":["id"]},"module":"charts","submodule":"query","method":"","app":"main","reqId":"e31e5d36-8d9c-452a-9c8b-be779a6b414b","dataSourceKey":"main","timestamp":"2025-05-05 08:29:56"}
{"level":"info","message":"filter-parse: ","meta":{"$user":{"id":3}},"module":"charts","submodule":"query","method":"","app":"main","reqId":"8d291ef3-84c6-495d-8b25-4f4735a158ab","dataSourceKey":"main","timestamp":"2025-05-05 08:29:56"}
{"level":"info","message":"filter-parse: ","meta":{"$user":{"id":3}},"module":"charts","submodule":"query","method":"","app":"main","reqId":"e31e5d36-8d9c-452a-9c8b-be779a6b414b","dataSourceKey":"main","timestamp":"2025-05-05 08:29:56"}
{"level":"info","message":"add app main into supervisor","meta":{},"module":"application","submodule":"supervisor","method":"addApp","app":"main","reqId":"1c3d03e9-cc16-4aa5-979b-d01c442b26fe","dataSourceKey":"main","timestamp":"2025-05-05 15:43:44"}
{"level":"warn","message":"attempt 1/9: Unable to connect to the database: the database system is starting up","meta":{},"module":"database","submodule":"","method":"auth","app":"main","reqId":"1c3d03e9-cc16-4aa5-979b-d01c442b26fe","dataSourceKey":"main","timestamp":"2025-05-05 15:43:44"}
{"level":"warn","message":"will retry in 50ms...","meta":{},"module":"database","submodule":"","method":"auth","app":"main","reqId":"1c3d03e9-cc16-4aa5-979b-d01c442b26fe","dataSourceKey":"main","timestamp":"2025-05-05 15:43:44"}
{"level":"warn","message":"attempt 2/9: Unable to connect to the database: the database system is starting up","meta":{},"module":"database","submodule":"","method":"auth","app":"main","reqId":"1c3d03e9-cc16-4aa5-979b-d01c442b26fe","dataSourceKey":"main","timestamp":"2025-05-05 15:43:44"}
{"level":"warn","message":"will retry in 100ms...","meta":{},"module":"database","submodule":"","method":"auth","app":"main","reqId":"1c3d03e9-cc16-4aa5-979b-d01c442b26fe","dataSourceKey":"main","timestamp":"2025-05-05 15:43:44"}
{"level":"warn","message":"attempt 3/9: Unable to connect to the database: the database system is starting up","meta":{},"module":"database","submodule":"","method":"auth","app":"main","reqId":"1c3d03e9-cc16-4aa5-979b-d01c442b26fe","dataSourceKey":"main","timestamp":"2025-05-05 15:43:44"}
{"level":"warn","message":"will retry in 200ms...","meta":{},"module":"database","submodule":"","method":"auth","app":"main","reqId":"1c3d03e9-cc16-4aa5-979b-d01c442b26fe","dataSourceKey":"main","timestamp":"2025-05-05 15:43:44"}
{"level":"warn","message":"attempt 4/9: Unable to connect to the database: the database system is starting up","meta":{},"module":"database","submodule":"","method":"auth","app":"main","reqId":"1c3d03e9-cc16-4aa5-979b-d01c442b26fe","dataSourceKey":"main","timestamp":"2025-05-05 15:43:44"}
{"level":"warn","message":"will retry in 400ms...","meta":{},"module":"database","submodule":"","method":"auth","app":"main","reqId":"1c3d03e9-cc16-4aa5-979b-d01c442b26fe","dataSourceKey":"main","timestamp":"2025-05-05 15:43:44"}
{"level":"warn","message":"attempt 5/9: Unable to connect to the database: the database system is starting up","meta":{},"module":"database","submodule":"","method":"auth","app":"main","reqId":"1c3d03e9-cc16-4aa5-979b-d01c442b26fe","dataSourceKey":"main","timestamp":"2025-05-05 15:43:45"}
{"level":"warn","message":"will retry in 800ms...","meta":{},"module":"database","submodule":"","method":"auth","app":"main","reqId":"1c3d03e9-cc16-4aa5-979b-d01c442b26fe","dataSourceKey":"main","timestamp":"2025-05-05 15:43:45"}
{"level":"warn","message":"attempt 6/9: Unable to connect to the database: the database system is starting up","meta":{},"module":"database","submodule":"","method":"auth","app":"main","reqId":"1c3d03e9-cc16-4aa5-979b-d01c442b26fe","dataSourceKey":"main","timestamp":"2025-05-05 15:43:46"}
{"level":"warn","message":"will retry in 1600ms...","meta":{},"module":"database","submodule":"","method":"auth","app":"main","reqId":"1c3d03e9-cc16-4aa5-979b-d01c442b26fe","dataSourceKey":"main","timestamp":"2025-05-05 15:43:46"}
{"level":"warn","message":"attempt 7/9: Unable to connect to the database: the database system is starting up","meta":{},"module":"database","submodule":"","method":"auth","app":"main","reqId":"1c3d03e9-cc16-4aa5-979b-d01c442b26fe","dataSourceKey":"main","timestamp":"2025-05-05 15:43:47"}
{"level":"warn","message":"will retry in 3200ms...","meta":{},"module":"database","submodule":"","method":"auth","app":"main","reqId":"1c3d03e9-cc16-4aa5-979b-d01c442b26fe","dataSourceKey":"main","timestamp":"2025-05-05 15:43:47"}
{"level":"warn","message":"attempt 8/9: Unable to connect to the database: the database system is starting up","meta":{},"module":"database","submodule":"","method":"auth","app":"main","reqId":"1c3d03e9-cc16-4aa5-979b-d01c442b26fe","dataSourceKey":"main","timestamp":"2025-05-05 15:43:50"}
{"level":"info","message":"connection has been established successfully.","meta":{},"module":"database","submodule":"","method":"auth","app":"main","reqId":"1c3d03e9-cc16-4aa5-979b-d01c442b26fe","dataSourceKey":"main","timestamp":"2025-05-05 15:43:57"}
{"level":"info","message":"upgrading...","meta":{},"module":"application","submodule":"","method":"","app":"main","reqId":"1c3d03e9-cc16-4aa5-979b-d01c442b26fe","dataSourceKey":"main","timestamp":"2025-05-05 15:43:57"}
{"level":"info","message":"run upgrade","meta":{},"module":"application","submodule":"","method":"","app":"main","reqId":"1c3d03e9-cc16-4aa5-979b-d01c442b26fe","dataSourceKey":"main","timestamp":"2025-05-05 15:43:58"}
{"level":"info","message":"update built-in plugins","meta":{},"module":"nocobase","submodule":"","method":"","app":"main","reqId":"1c3d03e9-cc16-4aa5-979b-d01c442b26fe","dataSourceKey":"main","timestamp":"2025-05-05 15:43:58"}
{"level":"info","message":"run upgrade","meta":{},"module":"application","submodule":"","method":"","app":"main","reqId":"1c3d03e9-cc16-4aa5-979b-d01c442b26fe","dataSourceKey":"main","timestamp":"2025-05-05 15:44:01"}
{"level":"info","message":"restarting...","meta":{},"module":"application","submodule":"","method":"","app":"main","reqId":"1c3d03e9-cc16-4aa5-979b-d01c442b26fe","dataSourceKey":"main","timestamp":"2025-05-05 15:44:01"}
{"level":"info","message":"app.reload()","meta":{},"module":"application","submodule":"","method":"load","app":"main","reqId":"1c3d03e9-cc16-4aa5-979b-d01c442b26fe","dataSourceKey":"main","timestamp":"2025-05-05 15:44:01"}
{"level":"info","message":"write roles to ACL","meta":{},"module":"acl","submodule":"","method":"writeRolesToACL","app":"main","reqId":"1c3d03e9-cc16-4aa5-979b-d01c442b26fe","dataSourceKey":"main","timestamp":"2025-05-05 15:44:03"}
{"level":"info","message":"app has been started","meta":{},"module":"application","submodule":"","method":"","app":"main","reqId":"1c3d03e9-cc16-4aa5-979b-d01c442b26fe","dataSourceKey":"main","timestamp":"2025-05-05 15:44:04"}
{"level":"info","message":"filter-parse: ","meta":{"userFields":["id"]},"module":"charts","submodule":"query","method":"","app":"main","reqId":"90602bea-c853-4282-8933-14268994acb2","dataSourceKey":"main","timestamp":"2025-05-05 15:44:45"}
{"level":"info","message":"parseJsonTemplate.raw","meta":{},"module":"attendance","submodule":"list","method":"","app":"main","reqId":"91653a23-3b30-474a-acc7-4df626a73e60","dataSourceKey":"main","timestamp":"2025-05-05 15:44:45"}
{"level":"info","message":"parseJsonTemplate.parsed","meta":{},"module":"attendance","submodule":"list","method":"","app":"main","reqId":"91653a23-3b30-474a-acc7-4df626a73e60","dataSourceKey":"main","timestamp":"2025-05-05 15:44:45"}
{"level":"info","message":"filter-parse: ","meta":{"userFields":["id"]},"module":"attendance","submodule":"list","method":"","app":"main","reqId":"91653a23-3b30-474a-acc7-4df626a73e60","dataSourceKey":"main","timestamp":"2025-05-05 15:44:45"}
{"level":"info","message":"filter-parse: ","meta":{"$user":{"id":1}},"module":"charts","submodule":"query","method":"","app":"main","reqId":"90602bea-c853-4282-8933-14268994acb2","dataSourceKey":"main","timestamp":"2025-05-05 15:44:45"}
{"level":"info","message":"filter-parse: ","meta":{"$user":{"id":1}},"module":"attendance","submodule":"list","method":"","app":"main","reqId":"91653a23-3b30-474a-acc7-4df626a73e60","dataSourceKey":"main","timestamp":"2025-05-05 15:44:45"}
{"level":"info","message":"filter-parse: ","meta":{"userFields":["id"]},"module":"charts","submodule":"query","method":"","app":"main","reqId":"03009890-39f3-44ef-b2e0-eb09e4ab403e","dataSourceKey":"main","timestamp":"2025-05-05 15:44:45"}
{"level":"info","message":"filter-parse: ","meta":{"userFields":["id"]},"module":"charts","submodule":"query","method":"","app":"main","reqId":"425f2fd2-bd06-4394-91ec-9922a626547f","dataSourceKey":"main","timestamp":"2025-05-05 15:44:45"}
{"level":"info","message":"filter-parse: ","meta":{"$user":{"id":1}},"module":"charts","submodule":"query","method":"","app":"main","reqId":"03009890-39f3-44ef-b2e0-eb09e4ab403e","dataSourceKey":"main","timestamp":"2025-05-05 15:44:45"}
{"level":"info","message":"filter-parse: ","meta":{"$user":{"id":1}},"module":"charts","submodule":"query","method":"","app":"main","reqId":"425f2fd2-bd06-4394-91ec-9922a626547f","dataSourceKey":"main","timestamp":"2025-05-05 15:44:45"}
{"level":"info","message":"parseJsonTemplate.raw","meta":{},"module":"attendance","submodule":"list","method":"","app":"main","reqId":"292ebeb4-9ae8-4e55-a82b-817acabecc97","dataSourceKey":"main","timestamp":"2025-05-05 15:45:03"}
{"level":"info","message":"parseJsonTemplate.parsed","meta":{},"module":"attendance","submodule":"list","method":"","app":"main","reqId":"292ebeb4-9ae8-4e55-a82b-817acabecc97","dataSourceKey":"main","timestamp":"2025-05-05 15:45:03"}
{"level":"info","message":"filter-parse: ","meta":{"userFields":["id"]},"module":"attendance","submodule":"list","method":"","app":"main","reqId":"292ebeb4-9ae8-4e55-a82b-817acabecc97","dataSourceKey":"main","timestamp":"2025-05-05 15:45:03"}
{"level":"info","message":"filter-parse: ","meta":{"userFields":["id"]},"module":"charts","submodule":"query","method":"","app":"main","reqId":"b67966bc-7746-4867-abb2-a4b6be8759f0","dataSourceKey":"main","timestamp":"2025-05-05 15:45:03"}
{"level":"info","message":"filter-parse: ","meta":{"$user":{"id":1}},"module":"attendance","submodule":"list","method":"","app":"main","reqId":"292ebeb4-9ae8-4e55-a82b-817acabecc97","dataSourceKey":"main","timestamp":"2025-05-05 15:45:03"}
{"level":"info","message":"filter-parse: ","meta":{"$user":{"id":1}},"module":"charts","submodule":"query","method":"","app":"main","reqId":"b67966bc-7746-4867-abb2-a4b6be8759f0","dataSourceKey":"main","timestamp":"2025-05-05 15:45:03"}
{"level":"info","message":"filter-parse: ","meta":{"userFields":["id"]},"module":"charts","submodule":"query","method":"","app":"main","reqId":"895628e2-97b5-45fe-b30e-217b5f4a072c","dataSourceKey":"main","timestamp":"2025-05-05 15:45:03"}
{"level":"info","message":"filter-parse: ","meta":{"userFields":["id"]},"module":"charts","submodule":"query","method":"","app":"main","reqId":"bf91be38-c365-4de4-a912-cfb51d0ea525","dataSourceKey":"main","timestamp":"2025-05-05 15:45:03"}
{"level":"info","message":"filter-parse: ","meta":{"$user":{"id":1}},"module":"charts","submodule":"query","method":"","app":"main","reqId":"895628e2-97b5-45fe-b30e-217b5f4a072c","dataSourceKey":"main","timestamp":"2025-05-05 15:45:03"}
{"level":"info","message":"filter-parse: ","meta":{"$user":{"id":1}},"module":"charts","submodule":"query","method":"","app":"main","reqId":"bf91be38-c365-4de4-a912-cfb51d0ea525","dataSourceKey":"main","timestamp":"2025-05-05 15:45:03"}
{"level":"info","message":"parseJsonTemplate.raw","meta":{},"module":"attendance","submodule":"list","method":"","app":"main","reqId":"e8e55d0c-a6f4-46a7-b6e9-0bea52382e34","dataSourceKey":"main","timestamp":"2025-05-05 15:45:19"}
{"level":"info","message":"parseJsonTemplate.parsed","meta":{},"module":"attendance","submodule":"list","method":"","app":"main","reqId":"e8e55d0c-a6f4-46a7-b6e9-0bea52382e34","dataSourceKey":"main","timestamp":"2025-05-05 15:45:19"}
{"level":"info","message":"filter-parse: ","meta":{"userFields":["id"]},"module":"attendance","submodule":"list","method":"","app":"main","reqId":"e8e55d0c-a6f4-46a7-b6e9-0bea52382e34","dataSourceKey":"main","timestamp":"2025-05-05 15:45:19"}
{"level":"info","message":"filter-parse: ","meta":{"userFields":["id"]},"module":"charts","submodule":"query","method":"","app":"main","reqId":"cc34c4ef-ed23-4050-b0b0-2ff6c4d683f3","dataSourceKey":"main","timestamp":"2025-05-05 15:45:19"}
{"level":"info","message":"filter-parse: ","meta":{"userFields":["id"]},"module":"charts","submodule":"query","method":"","app":"main","reqId":"46f8ba4d-592c-4d23-a1dd-b472a994cfa1","dataSourceKey":"main","timestamp":"2025-05-05 15:45:19"}
{"level":"info","message":"filter-parse: ","meta":{"$user":{"id":1}},"module":"attendance","submodule":"list","method":"","app":"main","reqId":"e8e55d0c-a6f4-46a7-b6e9-0bea52382e34","dataSourceKey":"main","timestamp":"2025-05-05 15:45:19"}
{"level":"info","message":"filter-parse: ","meta":{"$user":{"id":1}},"module":"charts","submodule":"query","method":"","app":"main","reqId":"cc34c4ef-ed23-4050-b0b0-2ff6c4d683f3","dataSourceKey":"main","timestamp":"2025-05-05 15:45:19"}
{"level":"info","message":"filter-parse: ","meta":{"$user":{"id":1}},"module":"charts","submodule":"query","method":"","app":"main","reqId":"46f8ba4d-592c-4d23-a1dd-b472a994cfa1","dataSourceKey":"main","timestamp":"2025-05-05 15:45:19"}
{"level":"info","message":"filter-parse: ","meta":{"userFields":["id"]},"module":"charts","submodule":"query","method":"","app":"main","reqId":"508ae785-658a-4fda-bf29-3876cf55badb","dataSourceKey":"main","timestamp":"2025-05-05 15:45:19"}
{"level":"info","message":"filter-parse: ","meta":{"$user":{"id":1}},"module":"charts","submodule":"query","method":"","app":"main","reqId":"508ae785-658a-4fda-bf29-3876cf55badb","dataSourceKey":"main","timestamp":"2025-05-05 15:45:19"}
{"level":"info","message":"parseJsonTemplate.raw","meta":{},"module":"attendance","submodule":"list","method":"","app":"main","reqId":"87c3e706-bcbb-4f13-8c1c-ae6f2be76cb2","dataSourceKey":"main","timestamp":"2025-05-05 15:45:21"}
{"level":"info","message":"parseJsonTemplate.parsed","meta":{},"module":"attendance","submodule":"list","method":"","app":"main","reqId":"87c3e706-bcbb-4f13-8c1c-ae6f2be76cb2","dataSourceKey":"main","timestamp":"2025-05-05 15:45:21"}
{"level":"info","message":"filter-parse: ","meta":{"userFields":["id"]},"module":"attendance","submodule":"list","method":"","app":"main","reqId":"87c3e706-bcbb-4f13-8c1c-ae6f2be76cb2","dataSourceKey":"main","timestamp":"2025-05-05 15:45:21"}
{"level":"info","message":"filter-parse: ","meta":{"$user":{"id":1}},"module":"attendance","submodule":"list","method":"","app":"main","reqId":"87c3e706-bcbb-4f13-8c1c-ae6f2be76cb2","dataSourceKey":"main","timestamp":"2025-05-05 15:45:21"}
{"level":"info","message":"filter-parse: ","meta":{"userFields":["id"]},"module":"charts","submodule":"query","method":"","app":"main","reqId":"6c22d05e-6f15-44ea-a89e-c324f630a88a","dataSourceKey":"main","timestamp":"2025-05-05 15:45:21"}
{"level":"info","message":"filter-parse: ","meta":{"$user":{"id":1}},"module":"charts","submodule":"query","method":"","app":"main","reqId":"6c22d05e-6f15-44ea-a89e-c324f630a88a","dataSourceKey":"main","timestamp":"2025-05-05 15:45:21"}
{"level":"info","message":"parseJsonTemplate.raw","meta":{},"module":"attendance","submodule":"list","method":"","app":"main","reqId":"e9655f3e-b7f8-46b0-94df-595c0fd632ec","dataSourceKey":"main","timestamp":"2025-05-05 15:45:27"}
{"level":"info","message":"parseJsonTemplate.parsed","meta":{},"module":"attendance","submodule":"list","method":"","app":"main","reqId":"e9655f3e-b7f8-46b0-94df-595c0fd632ec","dataSourceKey":"main","timestamp":"2025-05-05 15:45:27"}
{"level":"info","message":"filter-parse: ","meta":{"userFields":["id"]},"module":"attendance","submodule":"list","method":"","app":"main","reqId":"e9655f3e-b7f8-46b0-94df-595c0fd632ec","dataSourceKey":"main","timestamp":"2025-05-05 15:45:27"}
{"level":"info","message":"filter-parse: ","meta":{"$user":{"id":1}},"module":"attendance","submodule":"list","method":"","app":"main","reqId":"e9655f3e-b7f8-46b0-94df-595c0fd632ec","dataSourceKey":"main","timestamp":"2025-05-05 15:45:27"}
{"level":"info","message":"filter-parse: ","meta":{"userFields":["id"]},"module":"charts","submodule":"query","method":"","app":"main","reqId":"16710223-6684-4ef2-a7a2-d5bb612edff1","dataSourceKey":"main","timestamp":"2025-05-05 15:45:27"}
{"level":"info","message":"filter-parse: ","meta":{"$user":{"id":1}},"module":"charts","submodule":"query","method":"","app":"main","reqId":"16710223-6684-4ef2-a7a2-d5bb612edff1","dataSourceKey":"main","timestamp":"2025-05-05 15:45:27"}
{"level":"info","message":"parseJsonTemplate.raw","meta":{},"module":"attendance","submodule":"list","method":"","app":"main","reqId":"94e44f12-7b4f-4c87-8840-f85ffadfb622","dataSourceKey":"main","timestamp":"2025-05-05 15:45:45"}
{"level":"info","message":"parseJsonTemplate.parsed","meta":{},"module":"attendance","submodule":"list","method":"","app":"main","reqId":"94e44f12-7b4f-4c87-8840-f85ffadfb622","dataSourceKey":"main","timestamp":"2025-05-05 15:45:45"}
{"level":"info","message":"filter-parse: ","meta":{"userFields":["id"]},"module":"attendance","submodule":"list","method":"","app":"main","reqId":"94e44f12-7b4f-4c87-8840-f85ffadfb622","dataSourceKey":"main","timestamp":"2025-05-05 15:45:45"}
{"level":"info","message":"filter-parse: ","meta":{"$user":{"id":1}},"module":"attendance","submodule":"list","method":"","app":"main","reqId":"94e44f12-7b4f-4c87-8840-f85ffadfb622","dataSourceKey":"main","timestamp":"2025-05-05 15:45:45"}
{"level":"info","message":"parseJsonTemplate.raw","meta":{},"module":"attendance","submodule":"list","method":"","app":"main","reqId":"b2439d0d-3062-445f-84c6-28c6cc0baee2","dataSourceKey":"main","timestamp":"2025-05-05 15:45:45"}
{"level":"info","message":"parseJsonTemplate.parsed","meta":{},"module":"attendance","submodule":"list","method":"","app":"main","reqId":"b2439d0d-3062-445f-84c6-28c6cc0baee2","dataSourceKey":"main","timestamp":"2025-05-05 15:45:45"}
{"level":"info","message":"filter-parse: ","meta":{"userFields":["id"]},"module":"attendance","submodule":"list","method":"","app":"main","reqId":"b2439d0d-3062-445f-84c6-28c6cc0baee2","dataSourceKey":"main","timestamp":"2025-05-05 15:45:45"}
{"level":"info","message":"filter-parse: ","meta":{"$user":{"id":1}},"module":"attendance","submodule":"list","method":"","app":"main","reqId":"b2439d0d-3062-445f-84c6-28c6cc0baee2","dataSourceKey":"main","timestamp":"2025-05-05 15:45:45"}
{"level":"info","message":"parseJsonTemplate.raw","meta":{},"module":"attendance","submodule":"list","method":"","app":"main","reqId":"5668ca80-6ff5-4b0e-a51f-5e99ae16dc6f","dataSourceKey":"main","timestamp":"2025-05-05 15:45:45"}
{"level":"info","message":"parseJsonTemplate.parsed","meta":{},"module":"attendance","submodule":"list","method":"","app":"main","reqId":"5668ca80-6ff5-4b0e-a51f-5e99ae16dc6f","dataSourceKey":"main","timestamp":"2025-05-05 15:45:45"}
{"level":"info","message":"filter-parse: ","meta":{"userFields":["id"]},"module":"attendance","submodule":"list","method":"","app":"main","reqId":"5668ca80-6ff5-4b0e-a51f-5e99ae16dc6f","dataSourceKey":"main","timestamp":"2025-05-05 15:45:45"}
{"level":"info","message":"filter-parse: ","meta":{"$user":{"id":1}},"module":"attendance","submodule":"list","method":"","app":"main","reqId":"5668ca80-6ff5-4b0e-a51f-5e99ae16dc6f","dataSourceKey":"main","timestamp":"2025-05-05 15:45:45"}
{"level":"info","message":"parseJsonTemplate.raw","meta":{},"module":"attendance","submodule":"list","method":"","app":"main","reqId":"8632848a-cae9-4088-b2d6-e378b787710a","dataSourceKey":"main","timestamp":"2025-05-05 15:45:48"}
{"level":"info","message":"parseJsonTemplate.parsed","meta":{},"module":"attendance","submodule":"list","method":"","app":"main","reqId":"8632848a-cae9-4088-b2d6-e378b787710a","dataSourceKey":"main","timestamp":"2025-05-05 15:45:48"}
{"level":"info","message":"filter-parse: ","meta":{"userFields":["id"]},"module":"attendance","submodule":"list","method":"","app":"main","reqId":"8632848a-cae9-4088-b2d6-e378b787710a","dataSourceKey":"main","timestamp":"2025-05-05 15:45:48"}
{"level":"info","message":"filter-parse: ","meta":{"$user":{"id":1}},"module":"attendance","submodule":"list","method":"","app":"main","reqId":"8632848a-cae9-4088-b2d6-e378b787710a","dataSourceKey":"main","timestamp":"2025-05-05 15:45:48"}
{"level":"info","message":"parseJsonTemplate.raw","meta":{},"module":"attendance","submodule":"list","method":"","app":"main","reqId":"29fd5ff5-6c53-4ab2-abe4-e742483a5100","dataSourceKey":"main","timestamp":"2025-05-05 15:45:56"}
{"level":"info","message":"parseJsonTemplate.parsed","meta":{},"module":"attendance","submodule":"list","method":"","app":"main","reqId":"29fd5ff5-6c53-4ab2-abe4-e742483a5100","dataSourceKey":"main","timestamp":"2025-05-05 15:45:56"}
{"level":"info","message":"filter-parse: ","meta":{"userFields":["id"]},"module":"attendance","submodule":"list","method":"","app":"main","reqId":"29fd5ff5-6c53-4ab2-abe4-e742483a5100","dataSourceKey":"main","timestamp":"2025-05-05 15:45:56"}
{"level":"info","message":"filter-parse: ","meta":{"$user":{"id":1}},"module":"attendance","submodule":"list","method":"","app":"main","reqId":"29fd5ff5-6c53-4ab2-abe4-e742483a5100","dataSourceKey":"main","timestamp":"2025-05-05 15:45:56"}
{"level":"info","message":"parseJsonTemplate.raw","meta":{},"module":"attendance","submodule":"list","method":"","app":"main","reqId":"23348cf8-0b86-4a62-845e-89fee8b2a0d5","dataSourceKey":"main","timestamp":"2025-05-05 15:46:01"}
{"level":"info","message":"parseJsonTemplate.parsed","meta":{},"module":"attendance","submodule":"list","method":"","app":"main","reqId":"23348cf8-0b86-4a62-845e-89fee8b2a0d5","dataSourceKey":"main","timestamp":"2025-05-05 15:46:01"}
{"level":"info","message":"filter-parse: ","meta":{"userFields":["id"]},"module":"attendance","submodule":"list","method":"","app":"main","reqId":"23348cf8-0b86-4a62-845e-89fee8b2a0d5","dataSourceKey":"main","timestamp":"2025-05-05 15:46:01"}
{"level":"info","message":"filter-parse: ","meta":{"$user":{"id":1}},"module":"attendance","submodule":"list","method":"","app":"main","reqId":"23348cf8-0b86-4a62-845e-89fee8b2a0d5","dataSourceKey":"main","timestamp":"2025-05-05 15:46:01"}
{"level":"info","message":"filter-parse: ","meta":{"userFields":["id"]},"module":"charts","submodule":"query","method":"","app":"main","reqId":"da31ef69-abe1-44a0-9f41-4cf2d0a79d27","dataSourceKey":"main","timestamp":"2025-05-05 15:46:05"}
{"level":"info","message":"filter-parse: ","meta":{"userFields":["id"]},"module":"charts","submodule":"query","method":"","app":"main","reqId":"aa1c3249-0344-42cf-b311-f46e7fa515f3","dataSourceKey":"main","timestamp":"2025-05-05 15:46:05"}
{"level":"info","message":"filter-parse: ","meta":{"$user":{"id":1}},"module":"charts","submodule":"query","method":"","app":"main","reqId":"da31ef69-abe1-44a0-9f41-4cf2d0a79d27","dataSourceKey":"main","timestamp":"2025-05-05 15:46:05"}
{"level":"info","message":"filter-parse: ","meta":{"userFields":["id"]},"module":"charts","submodule":"query","method":"","app":"main","reqId":"68eb63f3-66ab-4f25-802d-2b7e755c7f47","dataSourceKey":"main","timestamp":"2025-05-05 15:46:05"}
{"level":"info","message":"filter-parse: ","meta":{"$user":{"id":1}},"module":"charts","submodule":"query","method":"","app":"main","reqId":"aa1c3249-0344-42cf-b311-f46e7fa515f3","dataSourceKey":"main","timestamp":"2025-05-05 15:46:05"}
{"level":"info","message":"filter-parse: ","meta":{"$user":{"id":1}},"module":"charts","submodule":"query","method":"","app":"main","reqId":"68eb63f3-66ab-4f25-802d-2b7e755c7f47","dataSourceKey":"main","timestamp":"2025-05-05 15:46:05"}
{"level":"info","message":"parseJsonTemplate.raw","meta":{},"module":"attendance","submodule":"list","method":"","app":"main","reqId":"350a2d90-ec70-44e4-a611-adc8c9c0e02a","dataSourceKey":"main","timestamp":"2025-05-05 15:46:05"}
{"level":"info","message":"parseJsonTemplate.parsed","meta":{},"module":"attendance","submodule":"list","method":"","app":"main","reqId":"350a2d90-ec70-44e4-a611-adc8c9c0e02a","dataSourceKey":"main","timestamp":"2025-05-05 15:46:05"}
{"level":"info","message":"filter-parse: ","meta":{"userFields":["id"]},"module":"attendance","submodule":"list","method":"","app":"main","reqId":"350a2d90-ec70-44e4-a611-adc8c9c0e02a","dataSourceKey":"main","timestamp":"2025-05-05 15:46:05"}
{"level":"info","message":"filter-parse: ","meta":{"$user":{"id":1}},"module":"attendance","submodule":"list","method":"","app":"main","reqId":"350a2d90-ec70-44e4-a611-adc8c9c0e02a","dataSourceKey":"main","timestamp":"2025-05-05 15:46:05"}
