{"level":"info","message":"add app main into supervisor","meta":{},"module":"application","submodule":"supervisor","method":"addApp","app":"main","reqId":"7c772f18-0ded-4727-8e5a-84966d1371b3","dataSourceKey":"main","timestamp":"2025-04-12 05:09:43"}
{"level":"warn","message":"attempt 1/9: Unable to connect to the database: the database system is starting up","meta":{},"module":"database","submodule":"","method":"auth","app":"main","reqId":"7c772f18-0ded-4727-8e5a-84966d1371b3","dataSourceKey":"main","timestamp":"2025-04-12 05:09:43"}
{"level":"warn","message":"will retry in 50ms...","meta":{},"module":"database","submodule":"","method":"auth","app":"main","reqId":"7c772f18-0ded-4727-8e5a-84966d1371b3","dataSourceKey":"main","timestamp":"2025-04-12 05:09:43"}
{"level":"warn","message":"attempt 2/9: Unable to connect to the database: the database system is starting up","meta":{},"module":"database","submodule":"","method":"auth","app":"main","reqId":"7c772f18-0ded-4727-8e5a-84966d1371b3","dataSourceKey":"main","timestamp":"2025-04-12 05:09:43"}
{"level":"warn","message":"will retry in 100ms...","meta":{},"module":"database","submodule":"","method":"auth","app":"main","reqId":"7c772f18-0ded-4727-8e5a-84966d1371b3","dataSourceKey":"main","timestamp":"2025-04-12 05:09:43"}
{"level":"warn","message":"attempt 3/9: Unable to connect to the database: the database system is starting up","meta":{},"module":"database","submodule":"","method":"auth","app":"main","reqId":"7c772f18-0ded-4727-8e5a-84966d1371b3","dataSourceKey":"main","timestamp":"2025-04-12 05:09:43"}
{"level":"warn","message":"will retry in 200ms...","meta":{},"module":"database","submodule":"","method":"auth","app":"main","reqId":"7c772f18-0ded-4727-8e5a-84966d1371b3","dataSourceKey":"main","timestamp":"2025-04-12 05:09:43"}
{"level":"warn","message":"attempt 4/9: Unable to connect to the database: the database system is starting up","meta":{},"module":"database","submodule":"","method":"auth","app":"main","reqId":"7c772f18-0ded-4727-8e5a-84966d1371b3","dataSourceKey":"main","timestamp":"2025-04-12 05:09:43"}
{"level":"warn","message":"will retry in 400ms...","meta":{},"module":"database","submodule":"","method":"auth","app":"main","reqId":"7c772f18-0ded-4727-8e5a-84966d1371b3","dataSourceKey":"main","timestamp":"2025-04-12 05:09:43"}
{"level":"warn","message":"attempt 5/9: Unable to connect to the database: the database system is starting up","meta":{},"module":"database","submodule":"","method":"auth","app":"main","reqId":"7c772f18-0ded-4727-8e5a-84966d1371b3","dataSourceKey":"main","timestamp":"2025-04-12 05:09:44"}
{"level":"warn","message":"will retry in 800ms...","meta":{},"module":"database","submodule":"","method":"auth","app":"main","reqId":"7c772f18-0ded-4727-8e5a-84966d1371b3","dataSourceKey":"main","timestamp":"2025-04-12 05:09:44"}
{"level":"warn","message":"attempt 6/9: Unable to connect to the database: the database system is starting up","meta":{},"module":"database","submodule":"","method":"auth","app":"main","reqId":"7c772f18-0ded-4727-8e5a-84966d1371b3","dataSourceKey":"main","timestamp":"2025-04-12 05:09:44"}
{"level":"warn","message":"will retry in 1600ms...","meta":{},"module":"database","submodule":"","method":"auth","app":"main","reqId":"7c772f18-0ded-4727-8e5a-84966d1371b3","dataSourceKey":"main","timestamp":"2025-04-12 05:09:44"}
{"level":"warn","message":"attempt 7/9: Unable to connect to the database: the database system is starting up","meta":{},"module":"database","submodule":"","method":"auth","app":"main","reqId":"7c772f18-0ded-4727-8e5a-84966d1371b3","dataSourceKey":"main","timestamp":"2025-04-12 05:09:46"}
{"level":"warn","message":"will retry in 3200ms...","meta":{},"module":"database","submodule":"","method":"auth","app":"main","reqId":"7c772f18-0ded-4727-8e5a-84966d1371b3","dataSourceKey":"main","timestamp":"2025-04-12 05:09:46"}
{"level":"info","message":"connection has been established successfully.","meta":{},"module":"database","submodule":"","method":"auth","app":"main","reqId":"7c772f18-0ded-4727-8e5a-84966d1371b3","dataSourceKey":"main","timestamp":"2025-04-12 05:09:49"}
{"level":"info","message":"upgrading...","meta":{},"module":"application","submodule":"","method":"","app":"main","reqId":"7c772f18-0ded-4727-8e5a-84966d1371b3","dataSourceKey":"main","timestamp":"2025-04-12 05:09:49"}
{"level":"info","message":"run upgrade","meta":{},"module":"application","submodule":"","method":"","app":"main","reqId":"7c772f18-0ded-4727-8e5a-84966d1371b3","dataSourceKey":"main","timestamp":"2025-04-12 05:09:50"}
{"level":"info","message":"update built-in plugins","meta":{},"module":"nocobase","submodule":"","method":"","app":"main","reqId":"7c772f18-0ded-4727-8e5a-84966d1371b3","dataSourceKey":"main","timestamp":"2025-04-12 05:09:50"}
{"level":"info","message":"run upgrade","meta":{},"module":"application","submodule":"","method":"","app":"main","reqId":"7c772f18-0ded-4727-8e5a-84966d1371b3","dataSourceKey":"main","timestamp":"2025-04-12 05:09:52"}
{"level":"info","message":"restarting...","meta":{},"module":"application","submodule":"","method":"","app":"main","reqId":"7c772f18-0ded-4727-8e5a-84966d1371b3","dataSourceKey":"main","timestamp":"2025-04-12 05:09:52"}
{"level":"info","message":"app.reload()","meta":{},"module":"application","submodule":"","method":"load","app":"main","reqId":"7c772f18-0ded-4727-8e5a-84966d1371b3","dataSourceKey":"main","timestamp":"2025-04-12 05:09:52"}
{"level":"info","message":"write roles to ACL","meta":{},"module":"acl","submodule":"","method":"writeRolesToACL","app":"main","reqId":"7c772f18-0ded-4727-8e5a-84966d1371b3","dataSourceKey":"main","timestamp":"2025-04-12 05:09:53"}
{"level":"info","message":"app has been started","meta":{},"module":"application","submodule":"","method":"","app":"main","reqId":"7c772f18-0ded-4727-8e5a-84966d1371b3","dataSourceKey":"main","timestamp":"2025-04-12 05:09:53"}
{"level":"info","message":"add app main into supervisor","meta":{},"module":"application","submodule":"supervisor","method":"addApp","app":"main","reqId":"c2b6f2ac-4a30-4bba-9360-ff3f1cff0b2e","dataSourceKey":"main","timestamp":"2025-04-12 10:44:58"}
{"level":"warn","message":"attempt 1/9: Unable to connect to the database: the database system is starting up","meta":{},"module":"database","submodule":"","method":"auth","app":"main","reqId":"c2b6f2ac-4a30-4bba-9360-ff3f1cff0b2e","dataSourceKey":"main","timestamp":"2025-04-12 10:44:58"}
{"level":"warn","message":"will retry in 50ms...","meta":{},"module":"database","submodule":"","method":"auth","app":"main","reqId":"c2b6f2ac-4a30-4bba-9360-ff3f1cff0b2e","dataSourceKey":"main","timestamp":"2025-04-12 10:44:58"}
{"level":"warn","message":"attempt 2/9: Unable to connect to the database: the database system is starting up","meta":{},"module":"database","submodule":"","method":"auth","app":"main","reqId":"c2b6f2ac-4a30-4bba-9360-ff3f1cff0b2e","dataSourceKey":"main","timestamp":"2025-04-12 10:44:58"}
{"level":"warn","message":"will retry in 100ms...","meta":{},"module":"database","submodule":"","method":"auth","app":"main","reqId":"c2b6f2ac-4a30-4bba-9360-ff3f1cff0b2e","dataSourceKey":"main","timestamp":"2025-04-12 10:44:58"}
{"level":"warn","message":"attempt 3/9: Unable to connect to the database: the database system is starting up","meta":{},"module":"database","submodule":"","method":"auth","app":"main","reqId":"c2b6f2ac-4a30-4bba-9360-ff3f1cff0b2e","dataSourceKey":"main","timestamp":"2025-04-12 10:44:58"}
{"level":"warn","message":"will retry in 200ms...","meta":{},"module":"database","submodule":"","method":"auth","app":"main","reqId":"c2b6f2ac-4a30-4bba-9360-ff3f1cff0b2e","dataSourceKey":"main","timestamp":"2025-04-12 10:44:58"}
{"level":"warn","message":"attempt 4/9: Unable to connect to the database: the database system is starting up","meta":{},"module":"database","submodule":"","method":"auth","app":"main","reqId":"c2b6f2ac-4a30-4bba-9360-ff3f1cff0b2e","dataSourceKey":"main","timestamp":"2025-04-12 10:44:58"}
{"level":"warn","message":"will retry in 400ms...","meta":{},"module":"database","submodule":"","method":"auth","app":"main","reqId":"c2b6f2ac-4a30-4bba-9360-ff3f1cff0b2e","dataSourceKey":"main","timestamp":"2025-04-12 10:44:58"}
{"level":"warn","message":"attempt 5/9: Unable to connect to the database: the database system is starting up","meta":{},"module":"database","submodule":"","method":"auth","app":"main","reqId":"c2b6f2ac-4a30-4bba-9360-ff3f1cff0b2e","dataSourceKey":"main","timestamp":"2025-04-12 10:44:59"}
{"level":"warn","message":"will retry in 800ms...","meta":{},"module":"database","submodule":"","method":"auth","app":"main","reqId":"c2b6f2ac-4a30-4bba-9360-ff3f1cff0b2e","dataSourceKey":"main","timestamp":"2025-04-12 10:44:59"}
{"level":"warn","message":"attempt 6/9: Unable to connect to the database: the database system is starting up","meta":{},"module":"database","submodule":"","method":"auth","app":"main","reqId":"c2b6f2ac-4a30-4bba-9360-ff3f1cff0b2e","dataSourceKey":"main","timestamp":"2025-04-12 10:45:00"}
{"level":"warn","message":"will retry in 1600ms...","meta":{},"module":"database","submodule":"","method":"auth","app":"main","reqId":"c2b6f2ac-4a30-4bba-9360-ff3f1cff0b2e","dataSourceKey":"main","timestamp":"2025-04-12 10:45:00"}
{"level":"warn","message":"attempt 7/9: Unable to connect to the database: the database system is starting up","meta":{},"module":"database","submodule":"","method":"auth","app":"main","reqId":"c2b6f2ac-4a30-4bba-9360-ff3f1cff0b2e","dataSourceKey":"main","timestamp":"2025-04-12 10:45:01"}
{"level":"warn","message":"will retry in 3200ms...","meta":{},"module":"database","submodule":"","method":"auth","app":"main","reqId":"c2b6f2ac-4a30-4bba-9360-ff3f1cff0b2e","dataSourceKey":"main","timestamp":"2025-04-12 10:45:01"}
{"level":"warn","message":"attempt 8/9: Unable to connect to the database: the database system is starting up","meta":{},"module":"database","submodule":"","method":"auth","app":"main","reqId":"c2b6f2ac-4a30-4bba-9360-ff3f1cff0b2e","dataSourceKey":"main","timestamp":"2025-04-12 10:45:05"}
{"level":"info","message":"connection has been established successfully.","meta":{},"module":"database","submodule":"","method":"auth","app":"main","reqId":"c2b6f2ac-4a30-4bba-9360-ff3f1cff0b2e","dataSourceKey":"main","timestamp":"2025-04-12 10:45:11"}
{"level":"info","message":"upgrading...","meta":{},"module":"application","submodule":"","method":"","app":"main","reqId":"c2b6f2ac-4a30-4bba-9360-ff3f1cff0b2e","dataSourceKey":"main","timestamp":"2025-04-12 10:45:11"}
{"level":"info","message":"run upgrade","meta":{},"module":"application","submodule":"","method":"","app":"main","reqId":"c2b6f2ac-4a30-4bba-9360-ff3f1cff0b2e","dataSourceKey":"main","timestamp":"2025-04-12 10:45:12"}
{"level":"info","message":"update built-in plugins","meta":{},"module":"nocobase","submodule":"","method":"","app":"main","reqId":"c2b6f2ac-4a30-4bba-9360-ff3f1cff0b2e","dataSourceKey":"main","timestamp":"2025-04-12 10:45:12"}
{"level":"info","message":"run upgrade","meta":{},"module":"application","submodule":"","method":"","app":"main","reqId":"c2b6f2ac-4a30-4bba-9360-ff3f1cff0b2e","dataSourceKey":"main","timestamp":"2025-04-12 10:45:15"}
{"level":"info","message":"restarting...","meta":{},"module":"application","submodule":"","method":"","app":"main","reqId":"c2b6f2ac-4a30-4bba-9360-ff3f1cff0b2e","dataSourceKey":"main","timestamp":"2025-04-12 10:45:15"}
{"level":"info","message":"app.reload()","meta":{},"module":"application","submodule":"","method":"load","app":"main","reqId":"c2b6f2ac-4a30-4bba-9360-ff3f1cff0b2e","dataSourceKey":"main","timestamp":"2025-04-12 10:45:15"}
{"level":"info","message":"write roles to ACL","meta":{},"module":"acl","submodule":"","method":"writeRolesToACL","app":"main","reqId":"c2b6f2ac-4a30-4bba-9360-ff3f1cff0b2e","dataSourceKey":"main","timestamp":"2025-04-12 10:45:17"}
{"level":"info","message":"app has been started","meta":{},"module":"application","submodule":"","method":"","app":"main","reqId":"c2b6f2ac-4a30-4bba-9360-ff3f1cff0b2e","dataSourceKey":"main","timestamp":"2025-04-12 10:45:17"}
{"level":"info","message":"token renewing","meta":{"url":"/api/myInAppMessages:count?filter[status]=unread","currentJti":"b013efb6-0602-4033-bec5-8873bfe336cb"},"module":"myInAppMessages","submodule":"count","method":"auth.check","app":"main","reqId":"c42aec44-58b2-404f-8b4f-3b47cc5acb0c","dataSourceKey":"main","timestamp":"2025-04-12 12:59:37"}
{"level":"info","message":"token renewing","meta":{"jti":"b013efb6-0602-4033-bec5-8873bfe336cb"},"module":"myInAppMessages","submodule":"count","method":"auth.check","app":"main","reqId":"c42aec44-58b2-404f-8b4f-3b47cc5acb0c","dataSourceKey":"main","timestamp":"2025-04-12 12:59:37"}
{"level":"info","message":"jti renewed","meta":{"oldJti":"b013efb6-0602-4033-bec5-8873bfe336cb","newJti":"78a564c4-9d96-4cd6-96fc-377d01e8cd2d","issuedTime":1744462777884},"module":"application","submodule":"","method":"","app":"main","reqId":"c2b6f2ac-4a30-4bba-9360-ff3f1cff0b2e","dataSourceKey":"main","timestamp":"2025-04-12 12:59:38"}
{"level":"info","message":"token renewed","meta":{"oldJti":"b013efb6-0602-4033-bec5-8873bfe336cb","newJti":"78a564c4-9d96-4cd6-96fc-377d01e8cd2d"},"module":"myInAppMessages","submodule":"count","method":"auth.check","app":"main","reqId":"c42aec44-58b2-404f-8b4f-3b47cc5acb0c","dataSourceKey":"main","timestamp":"2025-04-12 12:59:38"}
{"level":"info","message":"token renewing","meta":{"currentJti":"90b0f6fb-e887-4d98-8804-2f535a98e5ba"},"module":"application","submodule":"","method":"auth.check","app":"main","reqId":"c2b6f2ac-4a30-4bba-9360-ff3f1cff0b2e","dataSourceKey":"main","timestamp":"2025-04-12 21:45:06"}
