{"level":"info","message":"parseJsonTemplate.raw","meta":{"$and":[{"$and":[{"name.$ne":"roles"},{"name.$ne":"rolesUsers"}]},{"name.$ne":"users"}]},"module":"collections","submodule":"destroy","method":"","app":"main","reqId":"be68b25e-b43b-46f7-8e6f-e4af324a6921","dataSourceKey":"main","timestamp":"2025-04-03 01:37:41"}
{"level":"info","message":"parseJsonTemplate.parsed","meta":{"$and":[{"$and":[{"name":{"$ne":"roles"}},{"name":{"$ne":"rolesUsers"}}]},{"name":{"$ne":"users"}}]},"module":"collections","submodule":"destroy","method":"","app":"main","reqId":"be68b25e-b43b-46f7-8e6f-e4af324a6921","dataSourceKey":"main","timestamp":"2025-04-03 01:37:41"}
{"level":"info","message":"token renewing","meta":{"currentJti":"fe26b912-f74a-4686-a697-a022c7b4f8cb"},"module":"application","submodule":"","method":"auth.check","app":"main","reqId":"8198bfc8-16db-4b8c-97d0-a798aee8381f","dataSourceKey":"main","timestamp":"2025-04-03 07:14:59"}
{"level":"info","message":"token renewing","meta":{"url":"/api/auth:check","currentJti":"fe26b912-f74a-4686-a697-a022c7b4f8cb"},"module":"auth","submodule":"check","method":"auth.check","app":"main","reqId":"8b8600e3-1bac-4bcc-8fbf-f7fd22e09b64","dataSourceKey":"main","timestamp":"2025-04-03 07:15:00"}
{"level":"info","message":"token renewing","meta":{"jti":"fe26b912-f74a-4686-a697-a022c7b4f8cb"},"module":"auth","submodule":"check","method":"auth.check","app":"main","reqId":"8b8600e3-1bac-4bcc-8fbf-f7fd22e09b64","dataSourceKey":"main","timestamp":"2025-04-03 07:15:00"}
{"level":"info","message":"jti renewed","meta":{"oldJti":"fe26b912-f74a-4686-a697-a022c7b4f8cb","newJti":"64c9e3a3-e91a-4927-bf62-5321fb88b25b","issuedTime":1743664500194},"module":"application","submodule":"","method":"","app":"main","reqId":"8198bfc8-16db-4b8c-97d0-a798aee8381f","dataSourceKey":"main","timestamp":"2025-04-03 07:15:00"}
{"level":"info","message":"token renewed","meta":{"oldJti":"fe26b912-f74a-4686-a697-a022c7b4f8cb","newJti":"64c9e3a3-e91a-4927-bf62-5321fb88b25b"},"module":"auth","submodule":"check","method":"auth.check","app":"main","reqId":"8b8600e3-1bac-4bcc-8fbf-f7fd22e09b64","dataSourceKey":"main","timestamp":"2025-04-03 07:15:00"}
{"level":"info","message":"add app main into supervisor","meta":{},"module":"application","submodule":"supervisor","method":"addApp","app":"main","reqId":"3262601e-9225-4a6e-b853-3b0ff0e8b16f","dataSourceKey":"main","timestamp":"2025-04-03 13:17:54"}
{"level":"warn","message":"attempt 1/9: Unable to connect to the database: the database system is starting up","meta":{},"module":"database","submodule":"","method":"auth","app":"main","reqId":"3262601e-9225-4a6e-b853-3b0ff0e8b16f","dataSourceKey":"main","timestamp":"2025-04-03 13:17:54"}
{"level":"warn","message":"will retry in 50ms...","meta":{},"module":"database","submodule":"","method":"auth","app":"main","reqId":"3262601e-9225-4a6e-b853-3b0ff0e8b16f","dataSourceKey":"main","timestamp":"2025-04-03 13:17:54"}
{"level":"warn","message":"attempt 2/9: Unable to connect to the database: the database system is starting up","meta":{},"module":"database","submodule":"","method":"auth","app":"main","reqId":"3262601e-9225-4a6e-b853-3b0ff0e8b16f","dataSourceKey":"main","timestamp":"2025-04-03 13:17:54"}
{"level":"warn","message":"will retry in 100ms...","meta":{},"module":"database","submodule":"","method":"auth","app":"main","reqId":"3262601e-9225-4a6e-b853-3b0ff0e8b16f","dataSourceKey":"main","timestamp":"2025-04-03 13:17:54"}
{"level":"warn","message":"attempt 3/9: Unable to connect to the database: the database system is starting up","meta":{},"module":"database","submodule":"","method":"auth","app":"main","reqId":"3262601e-9225-4a6e-b853-3b0ff0e8b16f","dataSourceKey":"main","timestamp":"2025-04-03 13:17:54"}
{"level":"warn","message":"will retry in 200ms...","meta":{},"module":"database","submodule":"","method":"auth","app":"main","reqId":"3262601e-9225-4a6e-b853-3b0ff0e8b16f","dataSourceKey":"main","timestamp":"2025-04-03 13:17:54"}
{"level":"warn","message":"attempt 4/9: Unable to connect to the database: the database system is starting up","meta":{},"module":"database","submodule":"","method":"auth","app":"main","reqId":"3262601e-9225-4a6e-b853-3b0ff0e8b16f","dataSourceKey":"main","timestamp":"2025-04-03 13:17:54"}
{"level":"warn","message":"will retry in 400ms...","meta":{},"module":"database","submodule":"","method":"auth","app":"main","reqId":"3262601e-9225-4a6e-b853-3b0ff0e8b16f","dataSourceKey":"main","timestamp":"2025-04-03 13:17:54"}
{"level":"warn","message":"attempt 5/9: Unable to connect to the database: the database system is starting up","meta":{},"module":"database","submodule":"","method":"auth","app":"main","reqId":"3262601e-9225-4a6e-b853-3b0ff0e8b16f","dataSourceKey":"main","timestamp":"2025-04-03 13:17:54"}
{"level":"warn","message":"will retry in 800ms...","meta":{},"module":"database","submodule":"","method":"auth","app":"main","reqId":"3262601e-9225-4a6e-b853-3b0ff0e8b16f","dataSourceKey":"main","timestamp":"2025-04-03 13:17:54"}
{"level":"warn","message":"attempt 6/9: Unable to connect to the database: the database system is starting up","meta":{},"module":"database","submodule":"","method":"auth","app":"main","reqId":"3262601e-9225-4a6e-b853-3b0ff0e8b16f","dataSourceKey":"main","timestamp":"2025-04-03 13:17:55"}
{"level":"warn","message":"will retry in 1600ms...","meta":{},"module":"database","submodule":"","method":"auth","app":"main","reqId":"3262601e-9225-4a6e-b853-3b0ff0e8b16f","dataSourceKey":"main","timestamp":"2025-04-03 13:17:55"}
{"level":"warn","message":"attempt 7/9: Unable to connect to the database: the database system is starting up","meta":{},"module":"database","submodule":"","method":"auth","app":"main","reqId":"3262601e-9225-4a6e-b853-3b0ff0e8b16f","dataSourceKey":"main","timestamp":"2025-04-03 13:17:57"}
{"level":"warn","message":"will retry in 3200ms...","meta":{},"module":"database","submodule":"","method":"auth","app":"main","reqId":"3262601e-9225-4a6e-b853-3b0ff0e8b16f","dataSourceKey":"main","timestamp":"2025-04-03 13:17:57"}
{"level":"warn","message":"attempt 8/9: Unable to connect to the database: the database system is starting up","meta":{},"module":"database","submodule":"","method":"auth","app":"main","reqId":"3262601e-9225-4a6e-b853-3b0ff0e8b16f","dataSourceKey":"main","timestamp":"2025-04-03 13:18:00"}
{"level":"info","message":"connection has been established successfully.","meta":{},"module":"database","submodule":"","method":"auth","app":"main","reqId":"3262601e-9225-4a6e-b853-3b0ff0e8b16f","dataSourceKey":"main","timestamp":"2025-04-03 13:18:07"}
{"level":"info","message":"upgrading...","meta":{},"module":"application","submodule":"","method":"","app":"main","reqId":"3262601e-9225-4a6e-b853-3b0ff0e8b16f","dataSourceKey":"main","timestamp":"2025-04-03 13:18:07"}
{"level":"info","message":"run upgrade","meta":{},"module":"application","submodule":"","method":"","app":"main","reqId":"3262601e-9225-4a6e-b853-3b0ff0e8b16f","dataSourceKey":"main","timestamp":"2025-04-03 13:18:07"}
{"level":"info","message":"update built-in plugins","meta":{},"module":"nocobase","submodule":"","method":"","app":"main","reqId":"3262601e-9225-4a6e-b853-3b0ff0e8b16f","dataSourceKey":"main","timestamp":"2025-04-03 13:18:07"}
{"level":"info","message":"run upgrade","meta":{},"module":"application","submodule":"","method":"","app":"main","reqId":"3262601e-9225-4a6e-b853-3b0ff0e8b16f","dataSourceKey":"main","timestamp":"2025-04-03 13:18:09"}
{"level":"info","message":"restarting...","meta":{},"module":"application","submodule":"","method":"","app":"main","reqId":"3262601e-9225-4a6e-b853-3b0ff0e8b16f","dataSourceKey":"main","timestamp":"2025-04-03 13:18:10"}
{"level":"info","message":"app.reload()","meta":{},"module":"application","submodule":"","method":"load","app":"main","reqId":"3262601e-9225-4a6e-b853-3b0ff0e8b16f","dataSourceKey":"main","timestamp":"2025-04-03 13:18:10"}
{"level":"info","message":"write roles to ACL","meta":{},"module":"acl","submodule":"","method":"writeRolesToACL","app":"main","reqId":"3262601e-9225-4a6e-b853-3b0ff0e8b16f","dataSourceKey":"main","timestamp":"2025-04-03 13:18:11"}
{"level":"info","message":"app has been started","meta":{},"module":"application","submodule":"","method":"","app":"main","reqId":"3262601e-9225-4a6e-b853-3b0ff0e8b16f","dataSourceKey":"main","timestamp":"2025-04-03 13:18:11"}
{"level":"info","message":"add app main into supervisor","meta":{},"module":"application","submodule":"supervisor","method":"addApp","app":"main","reqId":"9b9e17d7-9041-4015-8d95-e876b1c5f36e","dataSourceKey":"main","timestamp":"2025-04-03 13:21:21"}
{"level":"info","message":"connection has been established successfully.","meta":{},"module":"database","submodule":"","method":"auth","app":"main","reqId":"9b9e17d7-9041-4015-8d95-e876b1c5f36e","dataSourceKey":"main","timestamp":"2025-04-03 13:21:21"}
{"level":"info","message":"upgrading...","meta":{},"module":"application","submodule":"","method":"","app":"main","reqId":"9b9e17d7-9041-4015-8d95-e876b1c5f36e","dataSourceKey":"main","timestamp":"2025-04-03 13:21:21"}
{"level":"info","message":"run upgrade","meta":{},"module":"application","submodule":"","method":"","app":"main","reqId":"9b9e17d7-9041-4015-8d95-e876b1c5f36e","dataSourceKey":"main","timestamp":"2025-04-03 13:21:22"}
{"level":"info","message":"update built-in plugins","meta":{},"module":"nocobase","submodule":"","method":"","app":"main","reqId":"9b9e17d7-9041-4015-8d95-e876b1c5f36e","dataSourceKey":"main","timestamp":"2025-04-03 13:21:22"}
{"level":"info","message":"run upgrade","meta":{},"module":"application","submodule":"","method":"","app":"main","reqId":"9b9e17d7-9041-4015-8d95-e876b1c5f36e","dataSourceKey":"main","timestamp":"2025-04-03 13:21:24"}
{"level":"info","message":"restarting...","meta":{},"module":"application","submodule":"","method":"","app":"main","reqId":"9b9e17d7-9041-4015-8d95-e876b1c5f36e","dataSourceKey":"main","timestamp":"2025-04-03 13:21:24"}
{"level":"info","message":"app.reload()","meta":{},"module":"application","submodule":"","method":"load","app":"main","reqId":"9b9e17d7-9041-4015-8d95-e876b1c5f36e","dataSourceKey":"main","timestamp":"2025-04-03 13:21:24"}
{"level":"info","message":"write roles to ACL","meta":{},"module":"acl","submodule":"","method":"writeRolesToACL","app":"main","reqId":"9b9e17d7-9041-4015-8d95-e876b1c5f36e","dataSourceKey":"main","timestamp":"2025-04-03 13:21:25"}
{"level":"info","message":"app has been started","meta":{},"module":"application","submodule":"","method":"","app":"main","reqId":"9b9e17d7-9041-4015-8d95-e876b1c5f36e","dataSourceKey":"main","timestamp":"2025-04-03 13:21:25"}
{"level":"info","message":"token renewing","meta":{"currentJti":"9d9f2e77-4f21-4dd3-b64c-e465c5e0d04a"},"module":"application","submodule":"","method":"auth.check","app":"main","reqId":"9b9e17d7-9041-4015-8d95-e876b1c5f36e","dataSourceKey":"main","timestamp":"2025-04-03 13:21:42"}
{"level":"info","message":"token renewing","meta":{"url":"/api/auth:check","currentJti":"9d9f2e77-4f21-4dd3-b64c-e465c5e0d04a"},"module":"auth","submodule":"check","method":"auth.check","app":"main","reqId":"44236aae-8882-49fc-9a0e-63abb3d39a7c","dataSourceKey":"main","timestamp":"2025-04-03 13:21:43"}
{"level":"info","message":"token renewing","meta":{"jti":"9d9f2e77-4f21-4dd3-b64c-e465c5e0d04a"},"module":"auth","submodule":"check","method":"auth.check","app":"main","reqId":"44236aae-8882-49fc-9a0e-63abb3d39a7c","dataSourceKey":"main","timestamp":"2025-04-03 13:21:43"}
{"level":"info","message":"jti renewed","meta":{"oldJti":"9d9f2e77-4f21-4dd3-b64c-e465c5e0d04a","newJti":"a8648db7-02e0-4647-ab49-d20475678ee3","issuedTime":1743686503588},"module":"application","submodule":"","method":"","app":"main","reqId":"9b9e17d7-9041-4015-8d95-e876b1c5f36e","dataSourceKey":"main","timestamp":"2025-04-03 13:21:43"}
{"level":"info","message":"token renewed","meta":{"oldJti":"9d9f2e77-4f21-4dd3-b64c-e465c5e0d04a","newJti":"a8648db7-02e0-4647-ab49-d20475678ee3"},"module":"auth","submodule":"check","method":"auth.check","app":"main","reqId":"44236aae-8882-49fc-9a0e-63abb3d39a7c","dataSourceKey":"main","timestamp":"2025-04-03 13:21:43"}
{"level":"info","message":"parseJsonTemplate.raw","meta":{"$and":[{"$and":[{"name.$ne":"roles"},{"name.$ne":"rolesUsers"}]},{"name.$ne":"users"}]},"module":"collections","submodule":"destroy","method":"","app":"main","reqId":"83217097-a718-4acf-bcce-f2b2a5e5ded8","dataSourceKey":"main","timestamp":"2025-04-03 14:10:28"}
{"level":"info","message":"parseJsonTemplate.parsed","meta":{"$and":[{"$and":[{"name":{"$ne":"roles"}},{"name":{"$ne":"rolesUsers"}}]},{"name":{"$ne":"users"}}]},"module":"collections","submodule":"destroy","method":"","app":"main","reqId":"83217097-a718-4acf-bcce-f2b2a5e5ded8","dataSourceKey":"main","timestamp":"2025-04-03 14:10:28"}
