{"level":"info","message":"new event triggered, now events: 1","timestamp":"2025-04-19 11:04:33"}
{"level":"info","message":"preparing execution for event","timestamp":"2025-04-19 11:04:33"}
{"level":"info","message":"execution of workflow 178 created as 1223","timestamp":"2025-04-19 11:04:33"}
{"level":"info","message":"pending execution (1223) ready to process","timestamp":"2025-04-19 11:04:33"}
{"level":"info","message":"queueing execution (1223) from pending list updated to started","timestamp":"2025-04-19 11:04:33"}
{"level":"info","message":"execution (1223) starting...","timestamp":"2025-04-19 11:04:33"}
{"level":"info","message":"execution (1223) run instruction [query] for node (1781)","timestamp":"2025-04-19 11:04:33"}
{"level":"info","message":"execution (1223) run instruction [query] for node (1781) finished as status: 1","timestamp":"2025-04-19 11:04:33"}
{"level":"info","message":"execution (1223) run instruction [condition] for node (1783)","timestamp":"2025-04-19 11:04:33"}
{"level":"info","message":"execution (1223) run instruction [update] for node (1784)","timestamp":"2025-04-19 11:04:33"}
{"level":"info","message":"execution (1223) run instruction [update] for node (1784) finished as status: 1","timestamp":"2025-04-19 11:04:33"}
{"level":"info","message":"execution (1223) run instruction [condition] for node (1783)","timestamp":"2025-04-19 11:04:33"}
{"level":"info","message":"execution (1223) run instruction [condition] for node (1783) finished as status: 1","timestamp":"2025-04-19 11:04:33"}
{"level":"info","message":"execution (1223) run instruction [condition] for node (1785)","timestamp":"2025-04-19 11:04:33"}
{"level":"info","message":"execution (1223) run instruction [update] for node (1790)","timestamp":"2025-04-19 11:04:33"}
{"level":"info","message":"execution (1223) run instruction [update] for node (1790) finished as status: 1","timestamp":"2025-04-19 11:04:33"}
{"level":"info","message":"execution (1223) run instruction [condition] for node (1785)","timestamp":"2025-04-19 11:04:33"}
{"level":"info","message":"execution (1223) run instruction [condition] for node (1785) finished as status: 1","timestamp":"2025-04-19 11:04:33"}
{"level":"info","message":"execution (1223) run instruction [sql] for node (1791)","timestamp":"2025-04-19 11:04:33"}
{"level":"info","message":"execution (1223) run instruction [sql] for node (1791) finished as status: 1","timestamp":"2025-04-19 11:04:33"}
{"level":"info","message":"execution (1223) run instruction [sql] for node (1792)","timestamp":"2025-04-19 11:04:33"}
{"level":"info","message":"execution (1223) run instruction [sql] for node (1792) finished as status: 1","timestamp":"2025-04-19 11:04:33"}
{"level":"info","message":"execution (1223) exiting with status 1","timestamp":"2025-04-19 11:04:33"}
{"level":"info","message":"execution (1223) exiting with status 1","timestamp":"2025-04-19 11:04:33"}
{"level":"info","message":"execution (1223) exiting with status 1","timestamp":"2025-04-19 11:04:33"}
{"level":"info","execution":{"id":1223,"context":{"data":{"createdAt":"2025-04-19T00:51:42.697Z","updatedAt":"2025-04-19T11:04:33.894Z","start_date":"2025-04-19T08:00:26.000Z","end_date":"2025-04-19T08:50:00.000Z","employee_id":1,"create_course_id":165,"salary_id":null,"remark":null,"expired_date":null,"status_sort":42,"id":602,"status":"Inactive","status_convert":0,"month_convert":"4/2025","student":"A Student","teaching_fee":35,"actual_class_date":null,"createdById":null,"updatedById":null,"salary_db":null,"create_course_db":{"createdAt":"2025-04-19T00:51:42.539Z","updatedAt":"2025-04-19T00:51:42.574Z","start_date":"2025-04-19T08:00:26.000Z","end_date":"2025-04-19T08:50:00.000Z","package_id":63,"id":165,"payment_method":"Cash","progress":0,"fee":200,"transport_fee":0,"student_id":5,"total":200,"invoice_number":"INV3","payment_date":"2025-04-19","createdById":1,"updatedById":1,"package_db":{"createdAt":"2025-04-04T08:50:36.682Z","updatedAt":"2025-04-09T15:43:24.697Z","name_sort":3,"nop_sort":18,"fee":200,"id":63,"name":"GROUP4","transport_fee":null,"quantity":4,"type":"G","nop":"1","createdById":1,"updatedById":1}},"employee_db":{"createdAt":"2025-04-02T13:39:00.321Z","updatedAt":"2025-04-18T14:37:42.160Z","bank_name":"Hong Leong Bank","bank_account":"1","emergency_contact_number":"1","job_title":"Swimming Coach","name":"Lee Chin Meng","contact_number":"0142788556","id":1,"identity_card":"990422016885","email":"xmrxperfectx@gmail.com","address":"No 28, Jalan Desa Putih 9, Taman Desa Putih","gender":"Male","emergency_contact_name":"1","user_id":1,"nickname":"Felix","dob":"1999-04-22","start_date":"2024-04-22","end_date":null,"level":"Special","createdById":1,"updatedById":1}}},"key":"ju393tq5yqm","eventKey":"c64cf6b7-0bef-4fb7-86a9-a0c1f435fa75","stack":null,"status":1,"workflowId":178,"updatedAt":"2025-04-19T11:04:33.989Z","createdAt":"2025-04-19T11:04:33.929Z","output":null},"message":"execution (1223) finished with status: 1","timestamp":"2025-04-19 11:04:33"}
{"level":"info","message":"new event triggered, now events: 1","timestamp":"2025-04-19 11:04:34"}
{"level":"info","message":"preparing execution for event","timestamp":"2025-04-19 11:04:34"}
{"level":"info","message":"execution of workflow 178 created as 1224","timestamp":"2025-04-19 11:04:34"}
{"level":"info","message":"pending execution (1224) ready to process","timestamp":"2025-04-19 11:04:34"}
{"level":"info","message":"queueing execution (1224) from pending list updated to started","timestamp":"2025-04-19 11:04:34"}
{"level":"info","message":"execution (1224) starting...","timestamp":"2025-04-19 11:04:34"}
{"level":"info","message":"execution (1224) run instruction [query] for node (1781)","timestamp":"2025-04-19 11:04:34"}
{"level":"info","message":"execution (1224) run instruction [query] for node (1781) finished as status: 1","timestamp":"2025-04-19 11:04:34"}
{"level":"info","message":"execution (1224) run instruction [condition] for node (1783)","timestamp":"2025-04-19 11:04:34"}
{"level":"info","message":"execution (1224) run instruction [update] for node (1784)","timestamp":"2025-04-19 11:04:34"}
{"level":"info","message":"execution (1224) run instruction [update] for node (1784) finished as status: 1","timestamp":"2025-04-19 11:04:34"}
{"level":"info","message":"execution (1224) run instruction [condition] for node (1783)","timestamp":"2025-04-19 11:04:34"}
{"level":"info","message":"execution (1224) run instruction [condition] for node (1783) finished as status: 1","timestamp":"2025-04-19 11:04:34"}
{"level":"info","message":"execution (1224) run instruction [condition] for node (1785)","timestamp":"2025-04-19 11:04:34"}
{"level":"info","message":"execution (1224) run instruction [update] for node (1790)","timestamp":"2025-04-19 11:04:34"}
{"level":"info","message":"execution (1224) run instruction [update] for node (1790) finished as status: 1","timestamp":"2025-04-19 11:04:34"}
{"level":"info","message":"execution (1224) run instruction [condition] for node (1785)","timestamp":"2025-04-19 11:04:34"}
{"level":"info","message":"execution (1224) run instruction [condition] for node (1785) finished as status: 1","timestamp":"2025-04-19 11:04:34"}
{"level":"info","message":"execution (1224) run instruction [sql] for node (1791)","timestamp":"2025-04-19 11:04:34"}
{"level":"info","message":"execution (1224) run instruction [sql] for node (1791) finished as status: 1","timestamp":"2025-04-19 11:04:34"}
{"level":"info","message":"execution (1224) run instruction [sql] for node (1792)","timestamp":"2025-04-19 11:04:34"}
{"level":"info","message":"execution (1224) run instruction [sql] for node (1792) finished as status: 1","timestamp":"2025-04-19 11:04:34"}
{"level":"info","message":"execution (1224) exiting with status 1","timestamp":"2025-04-19 11:04:34"}
{"level":"info","message":"execution (1224) exiting with status 1","timestamp":"2025-04-19 11:04:34"}
{"level":"info","message":"execution (1224) exiting with status 1","timestamp":"2025-04-19 11:04:34"}
{"level":"info","execution":{"id":1224,"context":{"data":{"createdAt":"2025-04-18T05:11:47.225Z","updatedAt":"2025-04-19T11:04:34.735Z","start_date":"2025-04-19T02:00:00.000Z","end_date":"2025-04-19T02:40:00.000Z","employee_id":1,"create_course_id":161,"salary_id":null,"remark":null,"expired_date":null,"status_sort":43,"id":584,"status":"Inactive","status_convert":0,"month_convert":"4/2025","student":"Student A","teaching_fee":66.5,"actual_class_date":null,"createdById":null,"updatedById":null,"salary_db":null,"create_course_db":{"createdAt":"2025-04-18T05:11:46.816Z","updatedAt":"2025-04-18T05:58:31.625Z","start_date":"2025-04-18T00:00:00.000Z","end_date":"2025-04-18T00:40:00.000Z","package_id":3,"id":161,"payment_method":"Online Transfer","progress":0,"fee":950,"transport_fee":0,"student_id":10,"total":950,"invoice_number":"INV250401-0032","payment_date":"2025-04-01","createdById":1,"updatedById":1,"package_db":{"createdAt":"2025-04-04T08:27:13.303Z","updatedAt":"2025-04-09T15:33:58.807Z","name_sort":6,"nop_sort":3,"fee":950,"id":3,"name":"PV10 - 👤","transport_fee":null,"quantity":10,"type":"PV","nop":"1","createdById":1,"updatedById":1}},"employee_db":{"createdAt":"2025-04-02T13:39:00.321Z","updatedAt":"2025-04-18T14:37:42.160Z","bank_name":"Hong Leong Bank","bank_account":"1","emergency_contact_number":"1","job_title":"Swimming Coach","name":"Lee Chin Meng","contact_number":"0142788556","id":1,"identity_card":"990422016885","email":"xmrxperfectx@gmail.com","address":"No 28, Jalan Desa Putih 9, Taman Desa Putih","gender":"Male","emergency_contact_name":"1","user_id":1,"nickname":"Felix","dob":"1999-04-22","start_date":"2024-04-22","end_date":null,"level":"Special","createdById":1,"updatedById":1}}},"key":"ju393tq5yqm","eventKey":"c23dbefe-7a97-4a0c-9372-80f1a48fcbd6","stack":null,"status":1,"workflowId":178,"updatedAt":"2025-04-19T11:04:34.797Z","createdAt":"2025-04-19T11:04:34.744Z","output":null},"message":"execution (1224) finished with status: 1","timestamp":"2025-04-19 11:04:34"}
{"level":"info","message":"new event triggered, now events: 1","timestamp":"2025-04-19 11:04:35"}
{"level":"info","message":"preparing execution for event","timestamp":"2025-04-19 11:04:35"}
{"level":"info","message":"execution of workflow 178 created as 1225","timestamp":"2025-04-19 11:04:35"}
{"level":"info","message":"pending execution (1225) ready to process","timestamp":"2025-04-19 11:04:35"}
{"level":"info","message":"queueing execution (1225) from pending list updated to started","timestamp":"2025-04-19 11:04:35"}
{"level":"info","message":"execution (1225) starting...","timestamp":"2025-04-19 11:04:35"}
{"level":"info","message":"execution (1225) run instruction [query] for node (1781)","timestamp":"2025-04-19 11:04:35"}
{"level":"info","message":"execution (1225) run instruction [query] for node (1781) finished as status: 1","timestamp":"2025-04-19 11:04:35"}
{"level":"info","message":"execution (1225) run instruction [condition] for node (1783)","timestamp":"2025-04-19 11:04:35"}
{"level":"info","message":"execution (1225) run instruction [update] for node (1784)","timestamp":"2025-04-19 11:04:35"}
{"level":"info","message":"execution (1225) run instruction [update] for node (1784) finished as status: 1","timestamp":"2025-04-19 11:04:35"}
{"level":"info","message":"execution (1225) run instruction [condition] for node (1783)","timestamp":"2025-04-19 11:04:35"}
{"level":"info","message":"execution (1225) run instruction [condition] for node (1783) finished as status: 1","timestamp":"2025-04-19 11:04:35"}
{"level":"info","message":"execution (1225) run instruction [condition] for node (1785)","timestamp":"2025-04-19 11:04:35"}
{"level":"info","message":"execution (1225) run instruction [parallel] for node (1786)","timestamp":"2025-04-19 11:04:35"}
{"level":"info","message":"execution (1225) run instruction [calculation] for node (1789)","timestamp":"2025-04-19 11:04:35"}
{"level":"info","message":"execution (1225) run instruction [calculation] for node (1789) finished as status: 1","timestamp":"2025-04-19 11:04:35"}
{"level":"info","message":"execution (1225) run instruction [update] for node (1787)","timestamp":"2025-04-19 11:04:35"}
{"level":"info","message":"execution (1225) run instruction [update] for node (1787) finished as status: 1","timestamp":"2025-04-19 11:04:35"}
{"level":"info","message":"execution (1225) run instruction [parallel] for node (1786)","timestamp":"2025-04-19 11:04:35"}
{"level":"info","message":"execution (1225) exiting with status 0","timestamp":"2025-04-19 11:04:35"}
{"level":"info","message":"execution (1225) exiting with status 0","timestamp":"2025-04-19 11:04:35"}
{"level":"info","message":"execution (1225) run instruction [query] for node (1793)","timestamp":"2025-04-19 11:04:35"}
{"level":"info","message":"execution (1225) run instruction [query] for node (1793) finished as status: 1","timestamp":"2025-04-19 11:04:35"}
{"level":"info","message":"execution (1225) run instruction [calculation] for node (1794)","timestamp":"2025-04-19 11:04:35"}
{"level":"info","message":"execution (1225) run instruction [calculation] for node (1794) finished as status: 1","timestamp":"2025-04-19 11:04:35"}
{"level":"info","message":"execution (1225) run instruction [update] for node (1788)","timestamp":"2025-04-19 11:04:35"}
{"level":"info","message":"execution (1225) run instruction [update] for node (1788) finished as status: 1","timestamp":"2025-04-19 11:04:35"}
{"level":"info","message":"execution (1225) run instruction [parallel] for node (1786)","timestamp":"2025-04-19 11:04:35"}
{"level":"info","message":"execution (1225) exiting with status 0","timestamp":"2025-04-19 11:04:35"}
{"level":"info","message":"execution (1225) exiting with status 0","timestamp":"2025-04-19 11:04:35"}
{"level":"info","message":"execution (1225) run instruction [update] for node (1795)","timestamp":"2025-04-19 11:04:35"}
{"level":"info","message":"execution (1225) run instruction [update] for node (1795) finished as status: 1","timestamp":"2025-04-19 11:04:35"}
{"level":"info","message":"execution (1225) run instruction [parallel] for node (1786)","timestamp":"2025-04-19 11:04:35"}
{"level":"info","message":"execution (1225) run instruction [parallel] for node (1786) finished as status: 1","timestamp":"2025-04-19 11:04:35"}
{"level":"info","message":"execution (1225) run instruction [condition] for node (1785)","timestamp":"2025-04-19 11:04:35"}
{"level":"info","message":"execution (1225) run instruction [condition] for node (1785) finished as status: 1","timestamp":"2025-04-19 11:04:35"}
{"level":"info","message":"execution (1225) run instruction [sql] for node (1791)","timestamp":"2025-04-19 11:04:35"}
{"level":"info","message":"execution (1225) run instruction [sql] for node (1791) finished as status: 1","timestamp":"2025-04-19 11:04:35"}
{"level":"info","message":"execution (1225) run instruction [sql] for node (1792)","timestamp":"2025-04-19 11:04:35"}
{"level":"info","message":"execution (1225) run instruction [sql] for node (1792) finished as status: 1","timestamp":"2025-04-19 11:04:35"}
{"level":"info","message":"execution (1225) exiting with status 1","timestamp":"2025-04-19 11:04:35"}
{"level":"info","message":"execution (1225) exiting with status 1","timestamp":"2025-04-19 11:04:35"}
{"level":"info","message":"execution (1225) exiting with status 1","timestamp":"2025-04-19 11:04:35"}
{"level":"info","message":"execution (1225) exiting with status 1","timestamp":"2025-04-19 11:04:35"}
{"level":"info","execution":{"id":1225,"context":{"data":{"createdAt":"2025-04-19T00:51:42.697Z","updatedAt":"2025-04-19T11:04:35.561Z","start_date":"2025-04-19T08:00:26.000Z","end_date":"2025-04-19T08:50:00.000Z","employee_id":1,"create_course_id":165,"salary_id":null,"remark":null,"expired_date":null,"status_sort":1,"id":602,"status":"Attend","status_convert":0,"month_convert":"4/2025","student":"A Student","teaching_fee":0,"actual_class_date":null,"createdById":null,"updatedById":null,"salary_db":null,"create_course_db":{"createdAt":"2025-04-19T00:51:42.539Z","updatedAt":"2025-04-19T00:51:42.574Z","start_date":"2025-04-19T08:00:26.000Z","end_date":"2025-04-19T08:50:00.000Z","package_id":63,"id":165,"payment_method":"Cash","progress":0,"fee":200,"transport_fee":0,"student_id":5,"total":200,"invoice_number":"INV3","payment_date":"2025-04-19","createdById":1,"updatedById":1,"package_db":{"createdAt":"2025-04-04T08:50:36.682Z","updatedAt":"2025-04-09T15:43:24.697Z","name_sort":3,"nop_sort":18,"fee":200,"id":63,"name":"GROUP4","transport_fee":null,"quantity":4,"type":"G","nop":"1","createdById":1,"updatedById":1}},"employee_db":{"createdAt":"2025-04-02T13:39:00.321Z","updatedAt":"2025-04-18T14:37:42.160Z","bank_name":"Hong Leong Bank","bank_account":"1","emergency_contact_number":"1","job_title":"Swimming Coach","name":"Lee Chin Meng","contact_number":"0142788556","id":1,"identity_card":"990422016885","email":"xmrxperfectx@gmail.com","address":"No 28, Jalan Desa Putih 9, Taman Desa Putih","gender":"Male","emergency_contact_name":"1","user_id":1,"nickname":"Felix","dob":"1999-04-22","start_date":"2024-04-22","end_date":null,"level":"Special","createdById":1,"updatedById":1}}},"key":"ju393tq5yqm","eventKey":"698678b4-b795-46b6-87b4-71aa0f6a77e4","stack":null,"status":1,"workflowId":178,"updatedAt":"2025-04-19T11:04:35.649Z","createdAt":"2025-04-19T11:04:35.571Z","output":null},"message":"execution (1225) finished with status: 1","timestamp":"2025-04-19 11:04:35"}
{"level":"info","message":"new event triggered, now events: 1","timestamp":"2025-04-19 11:04:36"}
{"level":"info","message":"preparing execution for event","timestamp":"2025-04-19 11:04:36"}
{"level":"info","message":"execution of workflow 178 created as 1226","timestamp":"2025-04-19 11:04:36"}
{"level":"info","message":"pending execution (1226) ready to process","timestamp":"2025-04-19 11:04:36"}
{"level":"info","message":"queueing execution (1226) from pending list updated to started","timestamp":"2025-04-19 11:04:36"}
{"level":"info","message":"execution (1226) starting...","timestamp":"2025-04-19 11:04:36"}
{"level":"info","message":"execution (1226) run instruction [query] for node (1781)","timestamp":"2025-04-19 11:04:36"}
{"level":"info","message":"execution (1226) run instruction [query] for node (1781) finished as status: 1","timestamp":"2025-04-19 11:04:36"}
{"level":"info","message":"execution (1226) run instruction [condition] for node (1783)","timestamp":"2025-04-19 11:04:36"}
{"level":"info","message":"execution (1226) run instruction [update] for node (1784)","timestamp":"2025-04-19 11:04:36"}
{"level":"info","message":"execution (1226) run instruction [update] for node (1784) finished as status: 1","timestamp":"2025-04-19 11:04:36"}
{"level":"info","message":"execution (1226) run instruction [condition] for node (1783)","timestamp":"2025-04-19 11:04:36"}
{"level":"info","message":"execution (1226) run instruction [condition] for node (1783) finished as status: 1","timestamp":"2025-04-19 11:04:36"}
{"level":"info","message":"execution (1226) run instruction [condition] for node (1785)","timestamp":"2025-04-19 11:04:36"}
{"level":"info","message":"execution (1226) run instruction [parallel] for node (1786)","timestamp":"2025-04-19 11:04:36"}
{"level":"info","message":"execution (1226) run instruction [calculation] for node (1789)","timestamp":"2025-04-19 11:04:36"}
{"level":"info","message":"execution (1226) run instruction [calculation] for node (1789) finished as status: 1","timestamp":"2025-04-19 11:04:36"}
{"level":"info","message":"execution (1226) run instruction [update] for node (1787)","timestamp":"2025-04-19 11:04:36"}
{"level":"info","message":"execution (1226) run instruction [update] for node (1787) finished as status: 1","timestamp":"2025-04-19 11:04:36"}
{"level":"info","message":"execution (1226) run instruction [parallel] for node (1786)","timestamp":"2025-04-19 11:04:36"}
{"level":"info","message":"execution (1226) exiting with status 0","timestamp":"2025-04-19 11:04:36"}
{"level":"info","message":"execution (1226) exiting with status 0","timestamp":"2025-04-19 11:04:36"}
{"level":"info","message":"execution (1226) run instruction [query] for node (1793)","timestamp":"2025-04-19 11:04:36"}
{"level":"info","message":"execution (1226) run instruction [query] for node (1793) finished as status: 1","timestamp":"2025-04-19 11:04:36"}
{"level":"info","message":"execution (1226) run instruction [calculation] for node (1794)","timestamp":"2025-04-19 11:04:36"}
{"level":"info","message":"execution (1226) run instruction [calculation] for node (1794) finished as status: 1","timestamp":"2025-04-19 11:04:36"}
{"level":"info","message":"execution (1226) run instruction [update] for node (1788)","timestamp":"2025-04-19 11:04:36"}
{"level":"info","message":"execution (1226) run instruction [update] for node (1788) finished as status: 1","timestamp":"2025-04-19 11:04:36"}
{"level":"info","message":"execution (1226) run instruction [parallel] for node (1786)","timestamp":"2025-04-19 11:04:36"}
{"level":"info","message":"execution (1226) exiting with status 0","timestamp":"2025-04-19 11:04:36"}
{"level":"info","message":"execution (1226) exiting with status 0","timestamp":"2025-04-19 11:04:36"}
{"level":"info","message":"execution (1226) run instruction [update] for node (1795)","timestamp":"2025-04-19 11:04:36"}
{"level":"info","message":"execution (1226) run instruction [update] for node (1795) finished as status: 1","timestamp":"2025-04-19 11:04:36"}
{"level":"info","message":"execution (1226) run instruction [parallel] for node (1786)","timestamp":"2025-04-19 11:04:36"}
{"level":"info","message":"execution (1226) run instruction [parallel] for node (1786) finished as status: 1","timestamp":"2025-04-19 11:04:36"}
{"level":"info","message":"execution (1226) run instruction [condition] for node (1785)","timestamp":"2025-04-19 11:04:36"}
{"level":"info","message":"execution (1226) run instruction [condition] for node (1785) finished as status: 1","timestamp":"2025-04-19 11:04:36"}
{"level":"info","message":"execution (1226) run instruction [sql] for node (1791)","timestamp":"2025-04-19 11:04:36"}
{"level":"info","message":"execution (1226) run instruction [sql] for node (1791) finished as status: 1","timestamp":"2025-04-19 11:04:36"}
{"level":"info","message":"execution (1226) run instruction [sql] for node (1792)","timestamp":"2025-04-19 11:04:36"}
{"level":"info","message":"execution (1226) run instruction [sql] for node (1792) finished as status: 1","timestamp":"2025-04-19 11:04:36"}
{"level":"info","message":"execution (1226) exiting with status 1","timestamp":"2025-04-19 11:04:36"}
{"level":"info","message":"execution (1226) exiting with status 1","timestamp":"2025-04-19 11:04:36"}
{"level":"info","message":"execution (1226) exiting with status 1","timestamp":"2025-04-19 11:04:36"}
{"level":"info","message":"execution (1226) exiting with status 1","timestamp":"2025-04-19 11:04:36"}
{"level":"info","execution":{"id":1226,"context":{"data":{"createdAt":"2025-04-18T05:11:47.225Z","updatedAt":"2025-04-19T11:04:36.368Z","start_date":"2025-04-19T02:00:00.000Z","end_date":"2025-04-19T02:40:00.000Z","employee_id":1,"create_course_id":161,"salary_id":null,"remark":null,"expired_date":null,"status_sort":2,"id":584,"status":"Attend","status_convert":0,"month_convert":"4/2025","student":"Student A","teaching_fee":0,"actual_class_date":null,"createdById":null,"updatedById":null,"salary_db":null,"create_course_db":{"createdAt":"2025-04-18T05:11:46.816Z","updatedAt":"2025-04-18T05:58:31.625Z","start_date":"2025-04-18T00:00:00.000Z","end_date":"2025-04-18T00:40:00.000Z","package_id":3,"id":161,"payment_method":"Online Transfer","progress":0,"fee":950,"transport_fee":0,"student_id":10,"total":950,"invoice_number":"INV250401-0032","payment_date":"2025-04-01","createdById":1,"updatedById":1,"package_db":{"createdAt":"2025-04-04T08:27:13.303Z","updatedAt":"2025-04-09T15:33:58.807Z","name_sort":6,"nop_sort":3,"fee":950,"id":3,"name":"PV10 - 👤","transport_fee":null,"quantity":10,"type":"PV","nop":"1","createdById":1,"updatedById":1}},"employee_db":{"createdAt":"2025-04-02T13:39:00.321Z","updatedAt":"2025-04-18T14:37:42.160Z","bank_name":"Hong Leong Bank","bank_account":"1","emergency_contact_number":"1","job_title":"Swimming Coach","name":"Lee Chin Meng","contact_number":"0142788556","id":1,"identity_card":"990422016885","email":"xmrxperfectx@gmail.com","address":"No 28, Jalan Desa Putih 9, Taman Desa Putih","gender":"Male","emergency_contact_name":"1","user_id":1,"nickname":"Felix","dob":"1999-04-22","start_date":"2024-04-22","end_date":null,"level":"Special","createdById":1,"updatedById":1}}},"key":"ju393tq5yqm","eventKey":"18b9168b-f794-440f-bccc-80dd13e9da1e","stack":null,"status":1,"workflowId":178,"updatedAt":"2025-04-19T11:04:36.464Z","createdAt":"2025-04-19T11:04:36.377Z","output":null},"message":"execution (1226) finished with status: 1","timestamp":"2025-04-19 11:04:36"}
