{"level":"info","message":"new event triggered, now events: 1","timestamp":"2025-04-18 01:06:45"}
{"level":"info","message":"preparing execution for event","timestamp":"2025-04-18 01:06:45"}
{"level":"info","message":"execution of workflow 142 created as 1089","timestamp":"2025-04-18 01:06:45"}
{"level":"info","message":"pending execution (1089) ready to process","timestamp":"2025-04-18 01:06:45"}
{"level":"info","message":"queueing execution (1089) from pending list updated to started","timestamp":"2025-04-18 01:06:45"}
{"level":"info","message":"execution (1089) starting...","timestamp":"2025-04-18 01:06:45"}
{"level":"info","message":"execution (1089) run instruction [calculation] for node (1260)","timestamp":"2025-04-18 01:06:45"}
{"level":"info","message":"execution (1089) run instruction [calculation] for node (1260) finished as status: 1","timestamp":"2025-04-18 01:06:45"}
{"level":"info","message":"execution (1089) run instruction [create] for node (1259)","timestamp":"2025-04-18 01:06:45"}
{"level":"info","message":"execution (1089) run instruction [create] for node (1259) finished as status: 1","timestamp":"2025-04-18 01:06:45"}
{"level":"info","message":"execution (1089) run instruction [condition] for node (1261)","timestamp":"2025-04-18 01:06:45"}
{"level":"info","message":"execution (1089) run instruction [condition] for node (1261) finished as status: 1","timestamp":"2025-04-18 01:06:45"}
{"level":"info","message":"execution (1089) run instruction [calculation] for node (1262)","timestamp":"2025-04-18 01:06:45"}
{"level":"info","message":"execution (1089) run instruction [calculation] for node (1262) finished as status: 1","timestamp":"2025-04-18 01:06:45"}
{"level":"info","message":"execution (1089) run instruction [calculation] for node (1263)","timestamp":"2025-04-18 01:06:45"}
{"level":"info","message":"execution (1089) run instruction [calculation] for node (1263) finished as status: 1","timestamp":"2025-04-18 01:06:45"}
{"level":"info","message":"execution (1089) run instruction [calculation] for node (1265)","timestamp":"2025-04-18 01:06:45"}
{"level":"info","message":"execution (1089) run instruction [calculation] for node (1265) finished as status: 1","timestamp":"2025-04-18 01:06:45"}
{"level":"info","message":"execution (1089) run instruction [create] for node (1264)","timestamp":"2025-04-18 01:06:45"}
{"level":"info","message":"execution (1089) run instruction [create] for node (1264) finished as status: 1","timestamp":"2025-04-18 01:06:45"}
{"level":"info","message":"execution (1089) run instruction [calculation] for node (1268)","timestamp":"2025-04-18 01:06:45"}
{"level":"info","message":"execution (1089) run instruction [calculation] for node (1268) finished as status: 1","timestamp":"2025-04-18 01:06:45"}
{"level":"info","message":"execution (1089) run instruction [calculation] for node (1267)","timestamp":"2025-04-18 01:06:45"}
{"level":"info","message":"execution (1089) run instruction [calculation] for node (1267) finished as status: 1","timestamp":"2025-04-18 01:06:45"}
{"level":"info","message":"execution (1089) run instruction [calculation] for node (1266)","timestamp":"2025-04-18 01:06:45"}
{"level":"info","message":"execution (1089) run instruction [calculation] for node (1266) finished as status: 1","timestamp":"2025-04-18 01:06:45"}
{"level":"info","message":"execution (1089) run instruction [create] for node (1269)","timestamp":"2025-04-18 01:06:45"}
{"level":"info","message":"execution (1089) run instruction [create] for node (1269) finished as status: 1","timestamp":"2025-04-18 01:06:45"}
{"level":"info","message":"execution (1089) run instruction [calculation] for node (1272)","timestamp":"2025-04-18 01:06:45"}
{"level":"info","message":"execution (1089) run instruction [calculation] for node (1272) finished as status: 1","timestamp":"2025-04-18 01:06:45"}
{"level":"info","message":"execution (1089) run instruction [calculation] for node (1271)","timestamp":"2025-04-18 01:06:45"}
{"level":"info","message":"execution (1089) run instruction [calculation] for node (1271) finished as status: 1","timestamp":"2025-04-18 01:06:45"}
{"level":"info","message":"execution (1089) run instruction [calculation] for node (1270)","timestamp":"2025-04-18 01:06:45"}
{"level":"info","message":"execution (1089) run instruction [calculation] for node (1270) finished as status: 1","timestamp":"2025-04-18 01:06:45"}
{"level":"info","message":"execution (1089) run instruction [create] for node (1273)","timestamp":"2025-04-18 01:06:45"}
{"level":"info","message":"execution (1089) run instruction [create] for node (1273) finished as status: 1","timestamp":"2025-04-18 01:06:45"}
{"level":"info","message":"execution (1089) run instruction [condition] for node (1278)","timestamp":"2025-04-18 01:06:45"}
{"level":"info","message":"execution (1089) run instruction [condition] for node (1278) finished as status: -1","timestamp":"2025-04-18 01:06:45"}
{"level":"info","message":"execution (1089) exiting with status -1","timestamp":"2025-04-18 01:06:45"}
{"level":"info","execution":{"id":1089,"context":{"data":{"createdAt":"2025-04-18T01:06:45.091Z","updatedAt":"2025-04-18T01:06:45.128Z","start_date":"2025-04-18T08:00:26.000Z","end_date":"2025-04-18T08:50:00.000Z","package_id":2,"id":159,"payment_method":"Cash","progress":0,"fee":400,"student_id":5,"invoice_number":"INV1","payment_date":"2025-04-18","createdById":1,"updatedById":1,"student_db":{"createdAt":"2025-04-04T08:16:21.327Z","updatedAt":"2025-04-12T15:30:13.702Z","employee_id":1,"class_venue":2,"gender":"Male","day":["2"],"name":"A Student","parent_name":null,"contact_number":"1","email":null,"address":"22,jln Jelatang 7 , Tmn Megah Ria, Masai, 81750 Johor 22,jln Jelatang 7 , Tmn Megah Ria, Masai, 81750 \nJohor","emergency_contact_name":"","emergency_contact_nunber":null,"id":5,"dob":"2025-04-10","start_date":"2025-04-10","start_time":"16:00:26","duration":"50 Mins","createdById":1,"updatedById":1},"attendance_db":[],"package_db":{"createdAt":"2025-04-04T05:48:00.404Z","updatedAt":"2025-04-09T15:33:56.292Z","name_sort":5,"nop_sort":2,"fee":400,"id":2,"name":"PV4 - 👤","transport_fee":null,"quantity":4,"type":"PV","nop":"1","createdById":1,"updatedById":1}},"user":{"createdAt":"2025-03-31T14:39:23.735Z","updatedAt":"2025-04-07T11:13:41.208Z","systemSettings":{"themeId":1},"id":1,"nickname":"Felix","username":"felix","email":"xmrxperfectx@gmail.com","phone":null,"passwordChangeTz":1743556989843,"appLang":"zh-CN","createdById":null,"updatedById":1},"roleName":"root"},"key":"o3iucqm26et","eventKey":"3b837673-73c5-490b-bbc2-634f38ca5200","stack":null,"status":-1,"workflowId":142,"updatedAt":"2025-04-18T01:06:45.642Z","createdAt":"2025-04-18T01:06:45.228Z","output":null},"message":"execution (1089) finished with status: -1","timestamp":"2025-04-18 01:06:45"}
{"level":"info","message":"new event triggered, now events: 1","timestamp":"2025-04-18 02:34:48"}
{"level":"info","message":"preparing execution for event","timestamp":"2025-04-18 02:34:48"}
{"level":"info","message":"execution of workflow 142 created as 1119","timestamp":"2025-04-18 02:34:48"}
{"level":"info","message":"pending execution (1119) ready to process","timestamp":"2025-04-18 02:34:48"}
{"level":"info","message":"queueing execution (1119) from pending list updated to started","timestamp":"2025-04-18 02:34:48"}
{"level":"info","message":"execution (1119) starting...","timestamp":"2025-04-18 02:34:48"}
{"level":"info","message":"execution (1119) run instruction [calculation] for node (1260)","timestamp":"2025-04-18 02:34:49"}
{"level":"info","message":"execution (1119) run instruction [calculation] for node (1260) finished as status: 1","timestamp":"2025-04-18 02:34:49"}
{"level":"info","message":"execution (1119) run instruction [create] for node (1259)","timestamp":"2025-04-18 02:34:49"}
{"level":"info","message":"execution (1119) run instruction [create] for node (1259) finished as status: 1","timestamp":"2025-04-18 02:34:49"}
{"level":"info","message":"execution (1119) run instruction [condition] for node (1261)","timestamp":"2025-04-18 02:34:49"}
{"level":"info","message":"execution (1119) run instruction [condition] for node (1261) finished as status: 1","timestamp":"2025-04-18 02:34:49"}
{"level":"info","message":"execution (1119) run instruction [calculation] for node (1262)","timestamp":"2025-04-18 02:34:49"}
{"level":"info","message":"execution (1119) run instruction [calculation] for node (1262) finished as status: 1","timestamp":"2025-04-18 02:34:49"}
{"level":"info","message":"execution (1119) run instruction [calculation] for node (1263)","timestamp":"2025-04-18 02:34:49"}
{"level":"info","message":"execution (1119) run instruction [calculation] for node (1263) finished as status: 1","timestamp":"2025-04-18 02:34:49"}
{"level":"info","message":"execution (1119) run instruction [calculation] for node (1265)","timestamp":"2025-04-18 02:34:49"}
{"level":"info","message":"execution (1119) run instruction [calculation] for node (1265) finished as status: 1","timestamp":"2025-04-18 02:34:49"}
{"level":"info","message":"execution (1119) run instruction [create] for node (1264)","timestamp":"2025-04-18 02:34:49"}
{"level":"info","message":"execution (1119) run instruction [create] for node (1264) finished as status: 1","timestamp":"2025-04-18 02:34:49"}
{"level":"info","message":"execution (1119) run instruction [calculation] for node (1268)","timestamp":"2025-04-18 02:34:49"}
{"level":"info","message":"execution (1119) run instruction [calculation] for node (1268) finished as status: 1","timestamp":"2025-04-18 02:34:49"}
{"level":"info","message":"execution (1119) run instruction [calculation] for node (1267)","timestamp":"2025-04-18 02:34:49"}
{"level":"info","message":"execution (1119) run instruction [calculation] for node (1267) finished as status: 1","timestamp":"2025-04-18 02:34:49"}
{"level":"info","message":"execution (1119) run instruction [calculation] for node (1266)","timestamp":"2025-04-18 02:34:49"}
{"level":"info","message":"execution (1119) run instruction [calculation] for node (1266) finished as status: 1","timestamp":"2025-04-18 02:34:49"}
{"level":"info","message":"execution (1119) run instruction [create] for node (1269)","timestamp":"2025-04-18 02:34:49"}
{"level":"info","message":"execution (1119) run instruction [create] for node (1269) finished as status: 1","timestamp":"2025-04-18 02:34:49"}
{"level":"info","message":"execution (1119) run instruction [calculation] for node (1272)","timestamp":"2025-04-18 02:34:49"}
{"level":"info","message":"execution (1119) run instruction [calculation] for node (1272) finished as status: 1","timestamp":"2025-04-18 02:34:49"}
{"level":"info","message":"execution (1119) run instruction [calculation] for node (1271)","timestamp":"2025-04-18 02:34:49"}
{"level":"info","message":"execution (1119) run instruction [calculation] for node (1271) finished as status: 1","timestamp":"2025-04-18 02:34:49"}
{"level":"info","message":"execution (1119) run instruction [calculation] for node (1270)","timestamp":"2025-04-18 02:34:49"}
{"level":"info","message":"execution (1119) run instruction [calculation] for node (1270) finished as status: 1","timestamp":"2025-04-18 02:34:49"}
{"level":"info","message":"execution (1119) run instruction [create] for node (1273)","timestamp":"2025-04-18 02:34:49"}
{"level":"info","message":"execution (1119) run instruction [create] for node (1273) finished as status: 1","timestamp":"2025-04-18 02:34:49"}
{"level":"info","message":"execution (1119) run instruction [condition] for node (1278)","timestamp":"2025-04-18 02:34:49"}
{"level":"info","message":"execution (1119) run instruction [condition] for node (1278) finished as status: 1","timestamp":"2025-04-18 02:34:49"}
{"level":"info","message":"execution (1119) run instruction [calculation] for node (1276)","timestamp":"2025-04-18 02:34:49"}
{"level":"info","message":"execution (1119) run instruction [calculation] for node (1276) finished as status: 1","timestamp":"2025-04-18 02:34:49"}
{"level":"info","message":"execution (1119) run instruction [calculation] for node (1275)","timestamp":"2025-04-18 02:34:49"}
{"level":"info","message":"execution (1119) run instruction [calculation] for node (1275) finished as status: 1","timestamp":"2025-04-18 02:34:49"}
{"level":"info","message":"execution (1119) run instruction [calculation] for node (1274)","timestamp":"2025-04-18 02:34:49"}
{"level":"info","message":"execution (1119) run instruction [calculation] for node (1274) finished as status: 1","timestamp":"2025-04-18 02:34:49"}
{"level":"info","message":"execution (1119) run instruction [create] for node (1277)","timestamp":"2025-04-18 02:34:49"}
{"level":"info","message":"execution (1119) run instruction [create] for node (1277) finished as status: 1","timestamp":"2025-04-18 02:34:49"}
{"level":"info","message":"execution (1119) run instruction [calculation] for node (1281)","timestamp":"2025-04-18 02:34:49"}
{"level":"info","message":"execution (1119) run instruction [calculation] for node (1281) finished as status: 1","timestamp":"2025-04-18 02:34:49"}
{"level":"info","message":"execution (1119) run instruction [calculation] for node (1280)","timestamp":"2025-04-18 02:34:49"}
{"level":"info","message":"execution (1119) run instruction [calculation] for node (1280) finished as status: 1","timestamp":"2025-04-18 02:34:49"}
{"level":"info","message":"execution (1119) run instruction [calculation] for node (1279)","timestamp":"2025-04-18 02:34:49"}
{"level":"info","message":"execution (1119) run instruction [calculation] for node (1279) finished as status: 1","timestamp":"2025-04-18 02:34:49"}
{"level":"info","message":"execution (1119) run instruction [create] for node (1282)","timestamp":"2025-04-18 02:34:49"}
{"level":"info","message":"execution (1119) run instruction [create] for node (1282) finished as status: 1","timestamp":"2025-04-18 02:34:49"}
{"level":"info","message":"execution (1119) run instruction [calculation] for node (1285)","timestamp":"2025-04-18 02:34:49"}
{"level":"info","message":"execution (1119) run instruction [calculation] for node (1285) finished as status: 1","timestamp":"2025-04-18 02:34:49"}
{"level":"info","message":"execution (1119) run instruction [calculation] for node (1284)","timestamp":"2025-04-18 02:34:49"}
{"level":"info","message":"execution (1119) run instruction [calculation] for node (1284) finished as status: 1","timestamp":"2025-04-18 02:34:49"}
{"level":"info","message":"execution (1119) run instruction [calculation] for node (1283)","timestamp":"2025-04-18 02:34:49"}
{"level":"info","message":"execution (1119) run instruction [calculation] for node (1283) finished as status: 1","timestamp":"2025-04-18 02:34:49"}
{"level":"info","message":"execution (1119) run instruction [create] for node (1286)","timestamp":"2025-04-18 02:34:49"}
{"level":"info","message":"execution (1119) run instruction [create] for node (1286) finished as status: 1","timestamp":"2025-04-18 02:34:49"}
{"level":"info","message":"execution (1119) run instruction [calculation] for node (1289)","timestamp":"2025-04-18 02:34:49"}
{"level":"info","message":"execution (1119) run instruction [calculation] for node (1289) finished as status: 1","timestamp":"2025-04-18 02:34:49"}
{"level":"info","message":"execution (1119) run instruction [calculation] for node (1288)","timestamp":"2025-04-18 02:34:49"}
{"level":"info","message":"execution (1119) run instruction [calculation] for node (1288) finished as status: 1","timestamp":"2025-04-18 02:34:49"}
{"level":"info","message":"execution (1119) run instruction [calculation] for node (1287)","timestamp":"2025-04-18 02:34:49"}
{"level":"info","message":"execution (1119) run instruction [calculation] for node (1287) finished as status: 1","timestamp":"2025-04-18 02:34:49"}
{"level":"info","message":"execution (1119) run instruction [create] for node (1290)","timestamp":"2025-04-18 02:34:49"}
{"level":"info","message":"execution (1119) run instruction [create] for node (1290) finished as status: 1","timestamp":"2025-04-18 02:34:49"}
{"level":"info","message":"execution (1119) run instruction [calculation] for node (1293)","timestamp":"2025-04-18 02:34:49"}
{"level":"info","message":"execution (1119) run instruction [calculation] for node (1293) finished as status: 1","timestamp":"2025-04-18 02:34:49"}
{"level":"info","message":"execution (1119) run instruction [calculation] for node (1292)","timestamp":"2025-04-18 02:34:49"}
{"level":"info","message":"execution (1119) run instruction [calculation] for node (1292) finished as status: 1","timestamp":"2025-04-18 02:34:49"}
{"level":"info","message":"execution (1119) run instruction [calculation] for node (1291)","timestamp":"2025-04-18 02:34:49"}
{"level":"info","message":"execution (1119) run instruction [calculation] for node (1291) finished as status: 1","timestamp":"2025-04-18 02:34:49"}
{"level":"info","message":"execution (1119) run instruction [create] for node (1294)","timestamp":"2025-04-18 02:34:49"}
{"level":"info","message":"execution (1119) run instruction [create] for node (1294) finished as status: 1","timestamp":"2025-04-18 02:34:49"}
{"level":"info","message":"execution (1119) run instruction [calculation] for node (1297)","timestamp":"2025-04-18 02:34:49"}
{"level":"info","message":"execution (1119) run instruction [calculation] for node (1297) finished as status: 1","timestamp":"2025-04-18 02:34:49"}
{"level":"info","message":"execution (1119) run instruction [calculation] for node (1296)","timestamp":"2025-04-18 02:34:49"}
{"level":"info","message":"execution (1119) run instruction [calculation] for node (1296) finished as status: 1","timestamp":"2025-04-18 02:34:49"}
{"level":"info","message":"execution (1119) run instruction [calculation] for node (1295)","timestamp":"2025-04-18 02:34:49"}
{"level":"info","message":"execution (1119) run instruction [calculation] for node (1295) finished as status: 1","timestamp":"2025-04-18 02:34:49"}
{"level":"info","message":"execution (1119) run instruction [create] for node (1298)","timestamp":"2025-04-18 02:34:49"}
{"level":"info","message":"execution (1119) run instruction [create] for node (1298) finished as status: 1","timestamp":"2025-04-18 02:34:49"}
{"level":"info","message":"execution (1119) exiting with status 1","timestamp":"2025-04-18 02:34:49"}
{"level":"info","execution":{"id":1119,"context":{"data":{"createdAt":"2025-04-18T02:34:48.946Z","updatedAt":"2025-04-18T02:34:48.956Z","start_date":"2025-04-18T08:00:26.000Z","end_date":"2025-04-18T08:50:00.000Z","package_id":3,"id":160,"payment_method":"Cash","progress":0,"fee":950,"student_id":5,"invoice_number":"INV2","payment_date":"2025-04-18","createdById":1,"updatedById":1,"student_db":{"createdAt":"2025-04-04T08:16:21.327Z","updatedAt":"2025-04-18T01:13:54.223Z","employee_id":1,"class_venue":2,"gender":"Male","day":["Tuesday"],"name":"A Student","parent_name":null,"contact_number":"1","email":null,"address":"22,jln Jelatang 7 , Tmn Megah Ria, Masai, 81750 Johor 22,jln Jelatang 7 , Tmn Megah Ria, Masai, 81750 \nJohor","emergency_contact_name":"","emergency_contact_nunber":null,"id":5,"dob":"2025-04-10","start_date":"2025-04-10","start_time":"16:00:26","duration":"50 Mins","createdById":1,"updatedById":1},"attendance_db":[],"package_db":{"createdAt":"2025-04-04T08:27:13.303Z","updatedAt":"2025-04-09T15:33:58.807Z","name_sort":6,"nop_sort":3,"fee":950,"id":3,"name":"PV10 - 👤","transport_fee":null,"quantity":10,"type":"PV","nop":"1","createdById":1,"updatedById":1}},"user":{"createdAt":"2025-03-31T14:39:23.735Z","updatedAt":"2025-04-07T11:13:41.208Z","systemSettings":{"themeId":1},"id":1,"nickname":"Felix","username":"felix","email":"xmrxperfectx@gmail.com","phone":null,"passwordChangeTz":1743556989843,"appLang":"zh-CN","createdById":null,"updatedById":1},"roleName":"root"},"key":"o3iucqm26et","eventKey":"5719b602-19ce-4966-9c9d-9d1d50559f83","stack":null,"status":1,"workflowId":142,"updatedAt":"2025-04-18T02:34:49.486Z","createdAt":"2025-04-18T02:34:48.970Z","output":null},"message":"execution (1119) finished with status: 1","timestamp":"2025-04-18 02:34:49"}
{"level":"info","message":"new event triggered, now events: 1","timestamp":"2025-04-18 05:11:46"}
{"level":"info","message":"preparing execution for event","timestamp":"2025-04-18 05:11:46"}
{"level":"info","message":"execution of workflow 142 created as 1138","timestamp":"2025-04-18 05:11:46"}
{"level":"info","message":"pending execution (1138) ready to process","timestamp":"2025-04-18 05:11:46"}
{"level":"info","message":"queueing execution (1138) from pending list updated to started","timestamp":"2025-04-18 05:11:46"}
{"level":"info","message":"execution (1138) starting...","timestamp":"2025-04-18 05:11:46"}
{"level":"info","message":"execution (1138) run instruction [calculation] for node (1260)","timestamp":"2025-04-18 05:11:46"}
{"level":"info","message":"execution (1138) run instruction [calculation] for node (1260) finished as status: 1","timestamp":"2025-04-18 05:11:46"}
{"level":"info","message":"execution (1138) run instruction [create] for node (1259)","timestamp":"2025-04-18 05:11:46"}
{"level":"info","message":"execution (1138) run instruction [create] for node (1259) finished as status: 1","timestamp":"2025-04-18 05:11:47"}
{"level":"info","message":"execution (1138) run instruction [condition] for node (1261)","timestamp":"2025-04-18 05:11:47"}
{"level":"info","message":"execution (1138) run instruction [condition] for node (1261) finished as status: 1","timestamp":"2025-04-18 05:11:47"}
{"level":"info","message":"execution (1138) run instruction [calculation] for node (1262)","timestamp":"2025-04-18 05:11:47"}
{"level":"info","message":"execution (1138) run instruction [calculation] for node (1262) finished as status: 1","timestamp":"2025-04-18 05:11:47"}
{"level":"info","message":"execution (1138) run instruction [calculation] for node (1263)","timestamp":"2025-04-18 05:11:47"}
{"level":"info","message":"execution (1138) run instruction [calculation] for node (1263) finished as status: 1","timestamp":"2025-04-18 05:11:47"}
{"level":"info","message":"execution (1138) run instruction [calculation] for node (1265)","timestamp":"2025-04-18 05:11:47"}
{"level":"info","message":"execution (1138) run instruction [calculation] for node (1265) finished as status: 1","timestamp":"2025-04-18 05:11:47"}
{"level":"info","message":"execution (1138) run instruction [create] for node (1264)","timestamp":"2025-04-18 05:11:47"}
{"level":"info","message":"execution (1138) run instruction [create] for node (1264) finished as status: 1","timestamp":"2025-04-18 05:11:47"}
{"level":"info","message":"execution (1138) run instruction [calculation] for node (1268)","timestamp":"2025-04-18 05:11:47"}
{"level":"info","message":"execution (1138) run instruction [calculation] for node (1268) finished as status: 1","timestamp":"2025-04-18 05:11:47"}
{"level":"info","message":"execution (1138) run instruction [calculation] for node (1267)","timestamp":"2025-04-18 05:11:47"}
{"level":"info","message":"execution (1138) run instruction [calculation] for node (1267) finished as status: 1","timestamp":"2025-04-18 05:11:47"}
{"level":"info","message":"execution (1138) run instruction [calculation] for node (1266)","timestamp":"2025-04-18 05:11:47"}
{"level":"info","message":"execution (1138) run instruction [calculation] for node (1266) finished as status: 1","timestamp":"2025-04-18 05:11:47"}
{"level":"info","message":"execution (1138) run instruction [create] for node (1269)","timestamp":"2025-04-18 05:11:47"}
{"level":"info","message":"execution (1138) run instruction [create] for node (1269) finished as status: 1","timestamp":"2025-04-18 05:11:47"}
{"level":"info","message":"execution (1138) run instruction [calculation] for node (1272)","timestamp":"2025-04-18 05:11:47"}
{"level":"info","message":"execution (1138) run instruction [calculation] for node (1272) finished as status: 1","timestamp":"2025-04-18 05:11:47"}
{"level":"info","message":"execution (1138) run instruction [calculation] for node (1271)","timestamp":"2025-04-18 05:11:47"}
{"level":"info","message":"execution (1138) run instruction [calculation] for node (1271) finished as status: 1","timestamp":"2025-04-18 05:11:47"}
{"level":"info","message":"execution (1138) run instruction [calculation] for node (1270)","timestamp":"2025-04-18 05:11:47"}
{"level":"info","message":"execution (1138) run instruction [calculation] for node (1270) finished as status: 1","timestamp":"2025-04-18 05:11:47"}
{"level":"info","message":"execution (1138) run instruction [create] for node (1273)","timestamp":"2025-04-18 05:11:47"}
{"level":"info","message":"execution (1138) run instruction [create] for node (1273) finished as status: 1","timestamp":"2025-04-18 05:11:47"}
{"level":"info","message":"execution (1138) run instruction [condition] for node (1278)","timestamp":"2025-04-18 05:11:47"}
{"level":"info","message":"execution (1138) run instruction [condition] for node (1278) finished as status: 1","timestamp":"2025-04-18 05:11:47"}
{"level":"info","message":"execution (1138) run instruction [calculation] for node (1276)","timestamp":"2025-04-18 05:11:47"}
{"level":"info","message":"execution (1138) run instruction [calculation] for node (1276) finished as status: 1","timestamp":"2025-04-18 05:11:47"}
{"level":"info","message":"execution (1138) run instruction [calculation] for node (1275)","timestamp":"2025-04-18 05:11:47"}
{"level":"info","message":"execution (1138) run instruction [calculation] for node (1275) finished as status: 1","timestamp":"2025-04-18 05:11:47"}
{"level":"info","message":"execution (1138) run instruction [calculation] for node (1274)","timestamp":"2025-04-18 05:11:47"}
{"level":"info","message":"execution (1138) run instruction [calculation] for node (1274) finished as status: 1","timestamp":"2025-04-18 05:11:47"}
{"level":"info","message":"execution (1138) run instruction [create] for node (1277)","timestamp":"2025-04-18 05:11:47"}
{"level":"info","message":"execution (1138) run instruction [create] for node (1277) finished as status: 1","timestamp":"2025-04-18 05:11:47"}
{"level":"info","message":"execution (1138) run instruction [calculation] for node (1281)","timestamp":"2025-04-18 05:11:47"}
{"level":"info","message":"execution (1138) run instruction [calculation] for node (1281) finished as status: 1","timestamp":"2025-04-18 05:11:47"}
{"level":"info","message":"execution (1138) run instruction [calculation] for node (1280)","timestamp":"2025-04-18 05:11:47"}
{"level":"info","message":"execution (1138) run instruction [calculation] for node (1280) finished as status: 1","timestamp":"2025-04-18 05:11:47"}
{"level":"info","message":"execution (1138) run instruction [calculation] for node (1279)","timestamp":"2025-04-18 05:11:47"}
{"level":"info","message":"execution (1138) run instruction [calculation] for node (1279) finished as status: 1","timestamp":"2025-04-18 05:11:47"}
{"level":"info","message":"execution (1138) run instruction [create] for node (1282)","timestamp":"2025-04-18 05:11:47"}
{"level":"info","message":"execution (1138) run instruction [create] for node (1282) finished as status: 1","timestamp":"2025-04-18 05:11:47"}
{"level":"info","message":"execution (1138) run instruction [calculation] for node (1285)","timestamp":"2025-04-18 05:11:47"}
{"level":"info","message":"execution (1138) run instruction [calculation] for node (1285) finished as status: 1","timestamp":"2025-04-18 05:11:47"}
{"level":"info","message":"execution (1138) run instruction [calculation] for node (1284)","timestamp":"2025-04-18 05:11:47"}
{"level":"info","message":"execution (1138) run instruction [calculation] for node (1284) finished as status: 1","timestamp":"2025-04-18 05:11:47"}
{"level":"info","message":"execution (1138) run instruction [calculation] for node (1283)","timestamp":"2025-04-18 05:11:47"}
{"level":"info","message":"execution (1138) run instruction [calculation] for node (1283) finished as status: 1","timestamp":"2025-04-18 05:11:47"}
{"level":"info","message":"execution (1138) run instruction [create] for node (1286)","timestamp":"2025-04-18 05:11:47"}
{"level":"info","message":"execution (1138) run instruction [create] for node (1286) finished as status: 1","timestamp":"2025-04-18 05:11:47"}
{"level":"info","message":"execution (1138) run instruction [calculation] for node (1289)","timestamp":"2025-04-18 05:11:47"}
{"level":"info","message":"execution (1138) run instruction [calculation] for node (1289) finished as status: 1","timestamp":"2025-04-18 05:11:47"}
{"level":"info","message":"execution (1138) run instruction [calculation] for node (1288)","timestamp":"2025-04-18 05:11:47"}
{"level":"info","message":"execution (1138) run instruction [calculation] for node (1288) finished as status: 1","timestamp":"2025-04-18 05:11:47"}
{"level":"info","message":"execution (1138) run instruction [calculation] for node (1287)","timestamp":"2025-04-18 05:11:47"}
{"level":"info","message":"execution (1138) run instruction [calculation] for node (1287) finished as status: 1","timestamp":"2025-04-18 05:11:47"}
{"level":"info","message":"execution (1138) run instruction [create] for node (1290)","timestamp":"2025-04-18 05:11:47"}
{"level":"info","message":"execution (1138) run instruction [create] for node (1290) finished as status: 1","timestamp":"2025-04-18 05:11:47"}
{"level":"info","message":"execution (1138) run instruction [calculation] for node (1293)","timestamp":"2025-04-18 05:11:47"}
{"level":"info","message":"execution (1138) run instruction [calculation] for node (1293) finished as status: 1","timestamp":"2025-04-18 05:11:47"}
{"level":"info","message":"execution (1138) run instruction [calculation] for node (1292)","timestamp":"2025-04-18 05:11:47"}
{"level":"info","message":"execution (1138) run instruction [calculation] for node (1292) finished as status: 1","timestamp":"2025-04-18 05:11:47"}
{"level":"info","message":"execution (1138) run instruction [calculation] for node (1291)","timestamp":"2025-04-18 05:11:47"}
{"level":"info","message":"execution (1138) run instruction [calculation] for node (1291) finished as status: 1","timestamp":"2025-04-18 05:11:47"}
{"level":"info","message":"execution (1138) run instruction [create] for node (1294)","timestamp":"2025-04-18 05:11:47"}
{"level":"info","message":"execution (1138) run instruction [create] for node (1294) finished as status: 1","timestamp":"2025-04-18 05:11:47"}
{"level":"info","message":"execution (1138) run instruction [calculation] for node (1297)","timestamp":"2025-04-18 05:11:47"}
{"level":"info","message":"execution (1138) run instruction [calculation] for node (1297) finished as status: 1","timestamp":"2025-04-18 05:11:47"}
{"level":"info","message":"execution (1138) run instruction [calculation] for node (1296)","timestamp":"2025-04-18 05:11:47"}
{"level":"info","message":"execution (1138) run instruction [calculation] for node (1296) finished as status: 1","timestamp":"2025-04-18 05:11:47"}
{"level":"info","message":"execution (1138) run instruction [calculation] for node (1295)","timestamp":"2025-04-18 05:11:47"}
{"level":"info","message":"execution (1138) run instruction [calculation] for node (1295) finished as status: 1","timestamp":"2025-04-18 05:11:47"}
{"level":"info","message":"execution (1138) run instruction [create] for node (1298)","timestamp":"2025-04-18 05:11:47"}
{"level":"info","message":"execution (1138) run instruction [create] for node (1298) finished as status: 1","timestamp":"2025-04-18 05:11:47"}
{"level":"info","message":"execution (1138) exiting with status 1","timestamp":"2025-04-18 05:11:47"}
{"level":"info","execution":{"id":1138,"context":{"data":{"createdAt":"2025-04-18T05:11:46.816Z","updatedAt":"2025-04-18T05:11:46.848Z","start_date":"2025-04-05T02:00:00.000Z","end_date":"2025-04-05T02:40:00.000Z","package_id":3,"id":161,"payment_method":"Online Transfer","progress":0,"fee":950,"student_id":10,"invoice_number":"INV250401-0032","payment_date":"2025-04-01","createdById":1,"updatedById":1,"student_db":{"createdAt":"2025-04-18T05:10:35.781Z","updatedAt":"2025-04-18T05:10:35.818Z","employee_id":1,"class_venue":2,"gender":"Female","day":["Saturday"],"name":"Student A","parent_name":null,"contact_number":"0124785694","email":null,"address":"12，jln Hsishuws, Hsihis","emergency_contact_name":"","emergency_contact_nunber":null,"id":10,"dob":"2011-10-25","start_date":"2025-04-05","start_time":"08:00:00","duration":"40 Mins","createdById":1,"updatedById":1},"attendance_db":[],"package_db":{"createdAt":"2025-04-04T08:27:13.303Z","updatedAt":"2025-04-09T15:33:58.807Z","name_sort":6,"nop_sort":3,"fee":950,"id":3,"name":"PV10 - 👤","transport_fee":null,"quantity":10,"type":"PV","nop":"1","createdById":1,"updatedById":1}},"user":{"createdAt":"2025-03-31T14:39:23.735Z","updatedAt":"2025-04-07T11:13:41.208Z","systemSettings":{"themeId":1},"id":1,"nickname":"Felix","username":"felix","email":"xmrxperfectx@gmail.com","phone":null,"passwordChangeTz":1743556989843,"appLang":"zh-CN","createdById":null,"updatedById":1},"roleName":"root"},"key":"o3iucqm26et","eventKey":"e333a16f-672d-49b5-bef5-fb8ee8fcae5b","stack":null,"status":1,"workflowId":142,"updatedAt":"2025-04-18T05:11:47.473Z","createdAt":"2025-04-18T05:11:46.934Z","output":null},"message":"execution (1138) finished with status: 1","timestamp":"2025-04-18 05:11:47"}
