{"level":"info","message":"new event triggered, now events: 1","timestamp":"2025-04-18 15:02:06"}
{"level":"info","message":"preparing execution for event","timestamp":"2025-04-18 15:02:06"}
{"level":"info","message":"execution of workflow 163 created as 1184","timestamp":"2025-04-18 15:02:06"}
{"level":"info","message":"pending execution (1184) ready to process","timestamp":"2025-04-18 15:02:06"}
{"level":"info","message":"queueing execution (1184) from pending list updated to started","timestamp":"2025-04-18 15:02:06"}
{"level":"info","message":"execution (1184) starting...","timestamp":"2025-04-18 15:02:06"}
{"level":"info","message":"execution (1184) run instruction [query] for node (1496)","timestamp":"2025-04-18 15:02:06"}
{"level":"info","message":"execution (1184) run instruction [query] for node (1496) finished as status: 1","timestamp":"2025-04-18 15:02:06"}
{"level":"info","message":"execution (1184) run instruction [condition] for node (1498)","timestamp":"2025-04-18 15:02:06"}
{"level":"info","message":"execution (1184) run instruction [update] for node (1499)","timestamp":"2025-04-18 15:02:06"}
{"level":"info","message":"execution (1184) run instruction [update] for node (1499) finished as status: 1","timestamp":"2025-04-18 15:02:06"}
{"level":"info","message":"execution (1184) run instruction [condition] for node (1498)","timestamp":"2025-04-18 15:02:06"}
{"level":"info","message":"execution (1184) run instruction [condition] for node (1498) finished as status: 1","timestamp":"2025-04-18 15:02:06"}
{"level":"info","message":"execution (1184) run instruction [condition] for node (1500)","timestamp":"2025-04-18 15:02:06"}
{"level":"info","message":"execution (1184) run instruction [update] for node (1505)","timestamp":"2025-04-18 15:02:07"}
{"level":"info","message":"execution (1184) run instruction [update] for node (1505) finished as status: 1","timestamp":"2025-04-18 15:02:07"}
{"level":"info","message":"execution (1184) run instruction [condition] for node (1500)","timestamp":"2025-04-18 15:02:07"}
{"level":"info","message":"execution (1184) run instruction [condition] for node (1500) finished as status: 1","timestamp":"2025-04-18 15:02:07"}
{"level":"info","message":"execution (1184) run instruction [sql] for node (1506)","timestamp":"2025-04-18 15:02:07"}
{"level":"info","message":"execution (1184) run instruction [sql] for node (1506) finished as status: 1","timestamp":"2025-04-18 15:02:07"}
{"level":"info","message":"execution (1184) run instruction [sql] for node (1507)","timestamp":"2025-04-18 15:02:07"}
{"level":"info","message":"execution (1184) run instruction [sql] for node (1507) finished as status: 1","timestamp":"2025-04-18 15:02:07"}
{"level":"info","message":"execution (1184) exiting with status 1","timestamp":"2025-04-18 15:02:07"}
{"level":"info","message":"execution (1184) exiting with status 1","timestamp":"2025-04-18 15:02:07"}
{"level":"info","message":"execution (1184) exiting with status 1","timestamp":"2025-04-18 15:02:07"}
{"level":"info","execution":{"id":1184,"context":{"data":{"createdAt":"2025-04-18T01:06:45.439Z","updatedAt":"2025-04-18T15:02:06.869Z","start_date":"2025-04-18T08:00:06.000Z","end_date":"2025-04-18T08:50:00.000Z","employee_id":1,"create_course_id":159,"salary_id":1,"remark":null,"status_sort":34,"id":568,"status":"Inactive","status_convert":1,"month_convert":"4/2025","student":"B Student","teaching_fee":70,"actual_class_date":null,"createdById":null,"updatedById":1,"salary_db":{"createdAt":"2025-04-05T13:23:25.985Z","updatedAt":"2025-04-09T14:30:50.356Z","employee_id":1,"salary_amount":210,"id":1,"date":"2025-04-01","monthly":"4/2025","createdById":null,"updatedById":1,"attendance_db":[{"createdAt":"2025-04-18T01:06:45.439Z","updatedAt":"2025-04-18T15:02:06.869Z","start_date":"2025-04-18T08:00:06.000Z","end_date":"2025-04-18T08:50:00.000Z","employee_id":1,"create_course_id":159,"salary_id":1,"remark":null,"status_sort":34,"id":568,"status":"Inactive","status_convert":1,"month_convert":"4/2025","student":"B Student","teaching_fee":70,"actual_class_date":null,"createdById":null,"updatedById":1},{"createdAt":"2025-04-18T07:32:41.912Z","updatedAt":"2025-04-18T14:43:09.117Z","start_date":"2025-04-20T02:00:00.000Z","end_date":"2025-04-20T02:40:00.000Z","employee_id":1,"create_course_id":163,"salary_id":1,"remark":null,"status_sort":3,"id":594,"status":"Attend","status_convert":1,"month_convert":"4/2025","student":"Student A","teaching_fee":50,"actual_class_date":"2025-04-20","createdById":null,"updatedById":1},{"createdAt":"2025-04-18T07:32:41.964Z","updatedAt":"2025-04-18T14:43:09.117Z","start_date":"2025-04-27T02:00:00.000Z","end_date":"2025-04-27T02:40:00.000Z","employee_id":1,"create_course_id":163,"salary_id":1,"remark":null,"status_sort":4,"id":595,"status":"Attend","status_convert":1,"month_convert":"4/2025","student":"Student A","teaching_fee":70,"actual_class_date":"2025-04-27","createdById":null,"updatedById":1},{"createdAt":"2025-04-18T14:21:42.595Z","updatedAt":"2025-04-18T14:43:09.117Z","start_date":"2025-04-18T08:00:26.000Z","end_date":"2025-04-18T08:50:00.000Z","employee_id":1,"create_course_id":164,"salary_id":1,"remark":null,"status_sort":2,"id":598,"status":"Attend","status_convert":1,"month_convert":"4/2025","student":"A Student","teaching_fee":20,"actual_class_date":"2025-04-18","createdById":null,"updatedById":null}]},"create_course_db":{"createdAt":"2025-04-18T01:06:45.091Z","updatedAt":"2025-04-18T05:58:13.030Z","start_date":"2025-04-18T08:00:26.000Z","end_date":"2025-04-18T08:50:00.000Z","package_id":2,"id":159,"payment_method":"Cash","progress":0.25,"fee":400,"transport_fee":0,"student_id":5,"total":400,"invoice_number":"INV1","payment_date":"2025-04-18","createdById":1,"updatedById":1,"package_db":{"createdAt":"2025-04-04T05:48:00.404Z","updatedAt":"2025-04-09T15:33:56.292Z","name_sort":5,"nop_sort":2,"fee":400,"id":2,"name":"PV4 - 👤","transport_fee":null,"quantity":4,"type":"PV","nop":"1","createdById":1,"updatedById":1}},"employee_db":{"createdAt":"2025-04-02T13:39:00.321Z","updatedAt":"2025-04-18T14:37:42.160Z","bank_name":"Hong Leong Bank","bank_account":"1","emergency_contact_number":"1","job_title":"Swimming Coach","name":"Lee Chin Meng","contact_number":"0142788556","id":1,"identity_card":"990422016885","email":"xmrxperfectx@gmail.com","address":"No 28, Jalan Desa Putih 9, Taman Desa Putih","gender":"Male","emergency_contact_name":"1","user_id":1,"nickname":"Felix","dob":"1999-04-22","start_date":"2024-04-22","end_date":null,"level":"Special","createdById":1,"updatedById":1}}},"key":"ju393tq5yqm","eventKey":"1db68b85-21de-4b54-9eb6-16e747113d39","stack":null,"status":1,"workflowId":163,"updatedAt":"2025-04-18T15:02:07.039Z","createdAt":"2025-04-18T15:02:06.902Z","output":null},"message":"execution (1184) finished with status: 1","timestamp":"2025-04-18 15:02:07"}
{"level":"info","message":"new event triggered, now events: 1","timestamp":"2025-04-18 15:02:17"}
{"level":"info","message":"preparing execution for event","timestamp":"2025-04-18 15:02:17"}
{"level":"info","message":"execution of workflow 163 created as 1185","timestamp":"2025-04-18 15:02:17"}
{"level":"info","message":"pending execution (1185) ready to process","timestamp":"2025-04-18 15:02:17"}
{"level":"info","message":"queueing execution (1185) from pending list updated to started","timestamp":"2025-04-18 15:02:17"}
{"level":"info","message":"execution (1185) starting...","timestamp":"2025-04-18 15:02:17"}
{"level":"info","message":"execution (1185) run instruction [query] for node (1496)","timestamp":"2025-04-18 15:02:17"}
{"level":"info","message":"execution (1185) run instruction [query] for node (1496) finished as status: 1","timestamp":"2025-04-18 15:02:17"}
{"level":"info","message":"execution (1185) run instruction [condition] for node (1498)","timestamp":"2025-04-18 15:02:17"}
{"level":"info","message":"execution (1185) run instruction [update] for node (1499)","timestamp":"2025-04-18 15:02:17"}
{"level":"info","message":"execution (1185) run instruction [update] for node (1499) finished as status: 1","timestamp":"2025-04-18 15:02:17"}
{"level":"info","message":"execution (1185) run instruction [condition] for node (1498)","timestamp":"2025-04-18 15:02:17"}
{"level":"info","message":"execution (1185) run instruction [condition] for node (1498) finished as status: 1","timestamp":"2025-04-18 15:02:17"}
{"level":"info","message":"execution (1185) run instruction [condition] for node (1500)","timestamp":"2025-04-18 15:02:17"}
{"level":"info","message":"execution (1185) run instruction [update] for node (1505)","timestamp":"2025-04-18 15:02:17"}
{"level":"info","message":"execution (1185) run instruction [update] for node (1505) finished as status: 1","timestamp":"2025-04-18 15:02:17"}
{"level":"info","message":"execution (1185) run instruction [condition] for node (1500)","timestamp":"2025-04-18 15:02:17"}
{"level":"info","message":"execution (1185) run instruction [condition] for node (1500) finished as status: 1","timestamp":"2025-04-18 15:02:17"}
{"level":"info","message":"execution (1185) run instruction [sql] for node (1506)","timestamp":"2025-04-18 15:02:17"}
{"level":"info","message":"execution (1185) run instruction [sql] for node (1506) finished as status: 1","timestamp":"2025-04-18 15:02:17"}
{"level":"info","message":"execution (1185) run instruction [sql] for node (1507)","timestamp":"2025-04-18 15:02:17"}
{"level":"info","message":"execution (1185) run instruction [sql] for node (1507) finished as status: 1","timestamp":"2025-04-18 15:02:17"}
{"level":"info","message":"execution (1185) exiting with status 1","timestamp":"2025-04-18 15:02:17"}
{"level":"info","message":"execution (1185) exiting with status 1","timestamp":"2025-04-18 15:02:17"}
{"level":"info","message":"execution (1185) exiting with status 1","timestamp":"2025-04-18 15:02:17"}
{"level":"info","execution":{"id":1185,"context":{"data":{"createdAt":"2025-04-18T14:21:42.595Z","updatedAt":"2025-04-18T15:02:17.314Z","start_date":"2025-04-18T08:00:26.000Z","end_date":"2025-04-18T08:50:00.000Z","employee_id":1,"create_course_id":164,"salary_id":1,"remark":null,"status_sort":35,"id":598,"status":"Inactive","status_convert":1,"month_convert":"4/2025","student":"A Student","teaching_fee":20,"actual_class_date":"2025-04-18","createdById":null,"updatedById":1,"salary_db":{"createdAt":"2025-04-05T13:23:25.985Z","updatedAt":"2025-04-09T14:30:50.356Z","employee_id":1,"salary_amount":140,"id":1,"date":"2025-04-01","monthly":"4/2025","createdById":null,"updatedById":1,"attendance_db":[{"createdAt":"2025-04-18T07:32:41.912Z","updatedAt":"2025-04-18T14:43:09.117Z","start_date":"2025-04-20T02:00:00.000Z","end_date":"2025-04-20T02:40:00.000Z","employee_id":1,"create_course_id":163,"salary_id":1,"remark":null,"status_sort":3,"id":594,"status":"Attend","status_convert":1,"month_convert":"4/2025","student":"Student A","teaching_fee":50,"actual_class_date":"2025-04-20","createdById":null,"updatedById":1},{"createdAt":"2025-04-18T07:32:41.964Z","updatedAt":"2025-04-18T14:43:09.117Z","start_date":"2025-04-27T02:00:00.000Z","end_date":"2025-04-27T02:40:00.000Z","employee_id":1,"create_course_id":163,"salary_id":1,"remark":null,"status_sort":4,"id":595,"status":"Attend","status_convert":1,"month_convert":"4/2025","student":"Student A","teaching_fee":70,"actual_class_date":"2025-04-27","createdById":null,"updatedById":1},{"createdAt":"2025-04-18T14:21:42.595Z","updatedAt":"2025-04-18T15:02:17.314Z","start_date":"2025-04-18T08:00:26.000Z","end_date":"2025-04-18T08:50:00.000Z","employee_id":1,"create_course_id":164,"salary_id":1,"remark":null,"status_sort":35,"id":598,"status":"Inactive","status_convert":1,"month_convert":"4/2025","student":"A Student","teaching_fee":20,"actual_class_date":"2025-04-18","createdById":null,"updatedById":1}]},"create_course_db":{"createdAt":"2025-04-18T14:21:42.511Z","updatedAt":"2025-04-18T14:21:42.531Z","start_date":"2025-04-18T08:00:26.000Z","end_date":"2025-04-18T08:50:00.000Z","package_id":8,"id":164,"payment_method":"Cash","progress":0.25,"fee":280,"transport_fee":0,"student_id":5,"total":280,"invoice_number":"INV123","payment_date":"2025-04-18","createdById":1,"updatedById":1,"package_db":{"createdAt":"2025-04-04T08:31:59.610Z","updatedAt":"2025-04-09T15:34:07.792Z","name_sort":11,"nop_sort":2,"fee":840,"id":8,"name":"PV4 - 👤👤👤","transport_fee":null,"quantity":4,"type":"PV","nop":"3","createdById":1,"updatedById":1}},"employee_db":{"createdAt":"2025-04-02T13:39:00.321Z","updatedAt":"2025-04-18T14:37:42.160Z","bank_name":"Hong Leong Bank","bank_account":"1","emergency_contact_number":"1","job_title":"Swimming Coach","name":"Lee Chin Meng","contact_number":"0142788556","id":1,"identity_card":"990422016885","email":"xmrxperfectx@gmail.com","address":"No 28, Jalan Desa Putih 9, Taman Desa Putih","gender":"Male","emergency_contact_name":"1","user_id":1,"nickname":"Felix","dob":"1999-04-22","start_date":"2024-04-22","end_date":null,"level":"Special","createdById":1,"updatedById":1}}},"key":"ju393tq5yqm","eventKey":"96ff4b47-61f5-44aa-a33a-2fa24b46d368","stack":null,"status":1,"workflowId":163,"updatedAt":"2025-04-18T15:02:17.420Z","createdAt":"2025-04-18T15:02:17.325Z","output":null},"message":"execution (1185) finished with status: 1","timestamp":"2025-04-18 15:02:17"}
{"level":"info","message":"new event triggered, now events: 1","timestamp":"2025-04-18 15:02:27"}
{"level":"info","message":"preparing execution for event","timestamp":"2025-04-18 15:02:27"}
{"level":"info","message":"execution of workflow 163 created as 1186","timestamp":"2025-04-18 15:02:27"}
{"level":"info","message":"pending execution (1186) ready to process","timestamp":"2025-04-18 15:02:27"}
{"level":"info","message":"queueing execution (1186) from pending list updated to started","timestamp":"2025-04-18 15:02:27"}
{"level":"info","message":"execution (1186) starting...","timestamp":"2025-04-18 15:02:27"}
{"level":"info","message":"execution (1186) run instruction [query] for node (1496)","timestamp":"2025-04-18 15:02:27"}
{"level":"info","message":"execution (1186) run instruction [query] for node (1496) finished as status: 1","timestamp":"2025-04-18 15:02:27"}
{"level":"info","message":"execution (1186) run instruction [condition] for node (1498)","timestamp":"2025-04-18 15:02:27"}
{"level":"info","message":"execution (1186) run instruction [update] for node (1499)","timestamp":"2025-04-18 15:02:27"}
{"level":"info","message":"execution (1186) run instruction [update] for node (1499) finished as status: 1","timestamp":"2025-04-18 15:02:27"}
{"level":"info","message":"execution (1186) run instruction [condition] for node (1498)","timestamp":"2025-04-18 15:02:27"}
{"level":"info","message":"execution (1186) run instruction [condition] for node (1498) finished as status: 1","timestamp":"2025-04-18 15:02:27"}
{"level":"info","message":"execution (1186) run instruction [condition] for node (1500)","timestamp":"2025-04-18 15:02:27"}
{"level":"info","message":"execution (1186) run instruction [update] for node (1505)","timestamp":"2025-04-18 15:02:27"}
{"level":"info","message":"execution (1186) run instruction [update] for node (1505) finished as status: 1","timestamp":"2025-04-18 15:02:27"}
{"level":"info","message":"execution (1186) run instruction [condition] for node (1500)","timestamp":"2025-04-18 15:02:27"}
{"level":"info","message":"execution (1186) run instruction [condition] for node (1500) finished as status: 1","timestamp":"2025-04-18 15:02:27"}
{"level":"info","message":"execution (1186) run instruction [sql] for node (1506)","timestamp":"2025-04-18 15:02:27"}
{"level":"info","message":"execution (1186) run instruction [sql] for node (1506) finished as status: 1","timestamp":"2025-04-18 15:02:27"}
{"level":"info","message":"execution (1186) run instruction [sql] for node (1507)","timestamp":"2025-04-18 15:02:27"}
{"level":"info","message":"execution (1186) run instruction [sql] for node (1507) finished as status: 1","timestamp":"2025-04-18 15:02:27"}
{"level":"info","message":"execution (1186) exiting with status 1","timestamp":"2025-04-18 15:02:27"}
{"level":"info","message":"execution (1186) exiting with status 1","timestamp":"2025-04-18 15:02:27"}
{"level":"info","message":"execution (1186) exiting with status 1","timestamp":"2025-04-18 15:02:27"}
{"level":"info","execution":{"id":1186,"context":{"data":{"createdAt":"2025-04-18T07:32:41.912Z","updatedAt":"2025-04-18T15:02:27.022Z","start_date":"2025-04-20T02:00:00.000Z","end_date":"2025-04-20T02:40:00.000Z","employee_id":1,"create_course_id":163,"salary_id":1,"remark":null,"status_sort":36,"id":594,"status":"Inactive","status_convert":1,"month_convert":"4/2025","student":"Student A","teaching_fee":50,"actual_class_date":"2025-04-20","createdById":null,"updatedById":1,"salary_db":{"createdAt":"2025-04-05T13:23:25.985Z","updatedAt":"2025-04-09T14:30:50.356Z","employee_id":1,"salary_amount":120,"id":1,"date":"2025-04-01","monthly":"4/2025","createdById":null,"updatedById":1,"attendance_db":[{"createdAt":"2025-04-18T07:32:41.912Z","updatedAt":"2025-04-18T15:02:27.022Z","start_date":"2025-04-20T02:00:00.000Z","end_date":"2025-04-20T02:40:00.000Z","employee_id":1,"create_course_id":163,"salary_id":1,"remark":null,"status_sort":36,"id":594,"status":"Inactive","status_convert":1,"month_convert":"4/2025","student":"Student A","teaching_fee":50,"actual_class_date":"2025-04-20","createdById":null,"updatedById":1},{"createdAt":"2025-04-18T07:32:41.964Z","updatedAt":"2025-04-18T14:43:09.117Z","start_date":"2025-04-27T02:00:00.000Z","end_date":"2025-04-27T02:40:00.000Z","employee_id":1,"create_course_id":163,"salary_id":1,"remark":null,"status_sort":4,"id":595,"status":"Attend","status_convert":1,"month_convert":"4/2025","student":"Student A","teaching_fee":70,"actual_class_date":"2025-04-27","createdById":null,"updatedById":1}]},"create_course_db":{"createdAt":"2025-04-18T07:32:41.844Z","updatedAt":"2025-04-18T07:32:41.860Z","start_date":"2025-04-20T02:00:00.000Z","end_date":"2025-04-20T02:40:00.000Z","package_id":2,"id":163,"payment_method":"Cash","progress":0.5,"fee":0,"transport_fee":0,"student_id":10,"total":0,"invoice_number":"T-INV1","payment_date":"2025-04-18","createdById":1,"updatedById":1,"package_db":{"createdAt":"2025-04-04T05:48:00.404Z","updatedAt":"2025-04-09T15:33:56.292Z","name_sort":5,"nop_sort":2,"fee":400,"id":2,"name":"PV4 - 👤","transport_fee":null,"quantity":4,"type":"PV","nop":"1","createdById":1,"updatedById":1}},"employee_db":{"createdAt":"2025-04-02T13:39:00.321Z","updatedAt":"2025-04-18T14:37:42.160Z","bank_name":"Hong Leong Bank","bank_account":"1","emergency_contact_number":"1","job_title":"Swimming Coach","name":"Lee Chin Meng","contact_number":"0142788556","id":1,"identity_card":"990422016885","email":"xmrxperfectx@gmail.com","address":"No 28, Jalan Desa Putih 9, Taman Desa Putih","gender":"Male","emergency_contact_name":"1","user_id":1,"nickname":"Felix","dob":"1999-04-22","start_date":"2024-04-22","end_date":null,"level":"Special","createdById":1,"updatedById":1}}},"key":"ju393tq5yqm","eventKey":"125ed746-85d6-4e97-966c-f13674e3b055","stack":null,"status":1,"workflowId":163,"updatedAt":"2025-04-18T15:02:27.131Z","createdAt":"2025-04-18T15:02:27.044Z","output":null},"message":"execution (1186) finished with status: 1","timestamp":"2025-04-18 15:02:27"}
{"level":"info","message":"new event triggered, now events: 1","timestamp":"2025-04-18 15:02:30"}
{"level":"info","message":"preparing execution for event","timestamp":"2025-04-18 15:02:30"}
{"level":"info","message":"execution of workflow 163 created as 1187","timestamp":"2025-04-18 15:02:30"}
{"level":"info","message":"pending execution (1187) ready to process","timestamp":"2025-04-18 15:02:30"}
{"level":"info","message":"queueing execution (1187) from pending list updated to started","timestamp":"2025-04-18 15:02:30"}
{"level":"info","message":"execution (1187) starting...","timestamp":"2025-04-18 15:02:30"}
{"level":"info","message":"execution (1187) run instruction [query] for node (1496)","timestamp":"2025-04-18 15:02:30"}
{"level":"info","message":"execution (1187) run instruction [query] for node (1496) finished as status: 1","timestamp":"2025-04-18 15:02:30"}
{"level":"info","message":"execution (1187) run instruction [condition] for node (1498)","timestamp":"2025-04-18 15:02:30"}
{"level":"info","message":"execution (1187) run instruction [update] for node (1499)","timestamp":"2025-04-18 15:02:30"}
{"level":"info","message":"execution (1187) run instruction [update] for node (1499) finished as status: 1","timestamp":"2025-04-18 15:02:31"}
{"level":"info","message":"execution (1187) run instruction [condition] for node (1498)","timestamp":"2025-04-18 15:02:31"}
{"level":"info","message":"execution (1187) run instruction [condition] for node (1498) finished as status: 1","timestamp":"2025-04-18 15:02:31"}
{"level":"info","message":"execution (1187) run instruction [condition] for node (1500)","timestamp":"2025-04-18 15:02:31"}
{"level":"info","message":"execution (1187) run instruction [update] for node (1505)","timestamp":"2025-04-18 15:02:31"}
{"level":"info","message":"execution (1187) run instruction [update] for node (1505) finished as status: 1","timestamp":"2025-04-18 15:02:31"}
{"level":"info","message":"execution (1187) run instruction [condition] for node (1500)","timestamp":"2025-04-18 15:02:31"}
{"level":"info","message":"execution (1187) run instruction [condition] for node (1500) finished as status: 1","timestamp":"2025-04-18 15:02:31"}
{"level":"info","message":"execution (1187) run instruction [sql] for node (1506)","timestamp":"2025-04-18 15:02:31"}
{"level":"info","message":"execution (1187) run instruction [sql] for node (1506) finished as status: 1","timestamp":"2025-04-18 15:02:31"}
{"level":"info","message":"execution (1187) run instruction [sql] for node (1507)","timestamp":"2025-04-18 15:02:31"}
{"level":"info","message":"execution (1187) run instruction [sql] for node (1507) finished as status: 1","timestamp":"2025-04-18 15:02:31"}
{"level":"info","message":"execution (1187) exiting with status 1","timestamp":"2025-04-18 15:02:31"}
{"level":"info","message":"execution (1187) exiting with status 1","timestamp":"2025-04-18 15:02:31"}
{"level":"info","message":"execution (1187) exiting with status 1","timestamp":"2025-04-18 15:02:31"}
{"level":"info","execution":{"id":1187,"context":{"data":{"createdAt":"2025-04-18T07:32:41.964Z","updatedAt":"2025-04-18T15:02:30.960Z","start_date":"2025-04-27T02:00:00.000Z","end_date":"2025-04-27T02:40:00.000Z","employee_id":1,"create_course_id":163,"salary_id":1,"remark":null,"status_sort":37,"id":595,"status":"Inactive","status_convert":1,"month_convert":"4/2025","student":"Student A","teaching_fee":70,"actual_class_date":"2025-04-27","createdById":null,"updatedById":1,"salary_db":{"createdAt":"2025-04-05T13:23:25.985Z","updatedAt":"2025-04-09T14:30:50.356Z","employee_id":1,"salary_amount":70,"id":1,"date":"2025-04-01","monthly":"4/2025","createdById":null,"updatedById":1,"attendance_db":[{"createdAt":"2025-04-18T07:32:41.964Z","updatedAt":"2025-04-18T15:02:30.960Z","start_date":"2025-04-27T02:00:00.000Z","end_date":"2025-04-27T02:40:00.000Z","employee_id":1,"create_course_id":163,"salary_id":1,"remark":null,"status_sort":37,"id":595,"status":"Inactive","status_convert":1,"month_convert":"4/2025","student":"Student A","teaching_fee":70,"actual_class_date":"2025-04-27","createdById":null,"updatedById":1}]},"create_course_db":{"createdAt":"2025-04-18T07:32:41.844Z","updatedAt":"2025-04-18T07:32:41.860Z","start_date":"2025-04-20T02:00:00.000Z","end_date":"2025-04-20T02:40:00.000Z","package_id":2,"id":163,"payment_method":"Cash","progress":0.25,"fee":0,"transport_fee":0,"student_id":10,"total":0,"invoice_number":"T-INV1","payment_date":"2025-04-18","createdById":1,"updatedById":1,"package_db":{"createdAt":"2025-04-04T05:48:00.404Z","updatedAt":"2025-04-09T15:33:56.292Z","name_sort":5,"nop_sort":2,"fee":400,"id":2,"name":"PV4 - 👤","transport_fee":null,"quantity":4,"type":"PV","nop":"1","createdById":1,"updatedById":1}},"employee_db":{"createdAt":"2025-04-02T13:39:00.321Z","updatedAt":"2025-04-18T14:37:42.160Z","bank_name":"Hong Leong Bank","bank_account":"1","emergency_contact_number":"1","job_title":"Swimming Coach","name":"Lee Chin Meng","contact_number":"0142788556","id":1,"identity_card":"990422016885","email":"xmrxperfectx@gmail.com","address":"No 28, Jalan Desa Putih 9, Taman Desa Putih","gender":"Male","emergency_contact_name":"1","user_id":1,"nickname":"Felix","dob":"1999-04-22","start_date":"2024-04-22","end_date":null,"level":"Special","createdById":1,"updatedById":1}}},"key":"ju393tq5yqm","eventKey":"4901877d-27fb-4e02-82a3-2dfab846c297","stack":null,"status":1,"workflowId":163,"updatedAt":"2025-04-18T15:02:31.046Z","createdAt":"2025-04-18T15:02:30.971Z","output":null},"message":"execution (1187) finished with status: 1","timestamp":"2025-04-18 15:02:31"}
