{"level":"info","message":"new event triggered, now events: 1","timestamp":"2025-04-19 23:54:43"}
{"level":"info","message":"preparing execution for event","timestamp":"2025-04-19 23:54:43"}
{"level":"info","message":"execution of workflow 194 created as 1331","timestamp":"2025-04-19 23:54:43"}
{"level":"info","message":"pending execution (1331) ready to process","timestamp":"2025-04-19 23:54:43"}
{"level":"info","message":"queueing execution (1331) from pending list updated to started","timestamp":"2025-04-19 23:54:43"}
{"level":"info","message":"execution (1331) starting...","timestamp":"2025-04-19 23:54:43"}
{"level":"info","message":"execution (1331) run instruction [query] for node (1918)","timestamp":"2025-04-19 23:54:43"}
{"level":"info","message":"execution (1331) run instruction [query] for node (1918) finished as status: 1","timestamp":"2025-04-19 23:54:43"}
{"level":"info","message":"execution (1331) run instruction [condition] for node (1920)","timestamp":"2025-04-19 23:54:43"}
{"level":"info","message":"execution (1331) run instruction [update] for node (1919)","timestamp":"2025-04-19 23:54:43"}
{"level":"info","message":"execution (1331) run instruction [update] for node (1919) finished as status: 1","timestamp":"2025-04-19 23:54:43"}
{"level":"info","message":"execution (1331) run instruction [condition] for node (1920)","timestamp":"2025-04-19 23:54:43"}
{"level":"info","message":"execution (1331) run instruction [condition] for node (1920) finished as status: 1","timestamp":"2025-04-19 23:54:43"}
{"level":"info","message":"execution (1331) run instruction [condition] for node (1922)","timestamp":"2025-04-19 23:54:43"}
{"level":"info","message":"execution (1331) run instruction [parallel] for node (1923)","timestamp":"2025-04-19 23:54:43"}
{"level":"info","message":"execution (1331) run instruction [calculation] for node (1926)","timestamp":"2025-04-19 23:54:43"}
{"level":"info","message":"execution (1331) run instruction [calculation] for node (1926) finished as status: 1","timestamp":"2025-04-19 23:54:43"}
{"level":"info","message":"execution (1331) run instruction [update] for node (1924)","timestamp":"2025-04-19 23:54:43"}
{"level":"info","message":"execution (1331) run instruction [update] for node (1924) finished as status: 1","timestamp":"2025-04-19 23:54:43"}
{"level":"info","message":"execution (1331) run instruction [parallel] for node (1923)","timestamp":"2025-04-19 23:54:43"}
{"level":"info","message":"execution (1331) exiting with status 0","timestamp":"2025-04-19 23:54:43"}
{"level":"info","message":"execution (1331) exiting with status 0","timestamp":"2025-04-19 23:54:43"}
{"level":"info","message":"execution (1331) run instruction [query] for node (1929)","timestamp":"2025-04-19 23:54:43"}
{"level":"info","message":"execution (1331) run instruction [query] for node (1929) finished as status: 1","timestamp":"2025-04-19 23:54:43"}
{"level":"info","message":"execution (1331) run instruction [calculation] for node (1930)","timestamp":"2025-04-19 23:54:43"}
{"level":"info","message":"execution (1331) run instruction [calculation] for node (1930) finished as status: 1","timestamp":"2025-04-19 23:54:43"}
{"level":"info","message":"execution (1331) run instruction [update] for node (1925)","timestamp":"2025-04-19 23:54:43"}
{"level":"info","message":"execution (1331) run instruction [update] for node (1925) finished as status: 1","timestamp":"2025-04-19 23:54:43"}
{"level":"info","message":"execution (1331) run instruction [parallel] for node (1923)","timestamp":"2025-04-19 23:54:43"}
{"level":"info","message":"execution (1331) exiting with status 0","timestamp":"2025-04-19 23:54:43"}
{"level":"info","message":"execution (1331) exiting with status 0","timestamp":"2025-04-19 23:54:43"}
{"level":"info","message":"execution (1331) run instruction [update] for node (1931)","timestamp":"2025-04-19 23:54:43"}
{"level":"info","message":"execution (1331) run instruction [update] for node (1931) finished as status: 1","timestamp":"2025-04-19 23:54:43"}
{"level":"info","message":"execution (1331) run instruction [parallel] for node (1923)","timestamp":"2025-04-19 23:54:43"}
{"level":"info","message":"execution (1331) run instruction [parallel] for node (1923) finished as status: 1","timestamp":"2025-04-19 23:54:43"}
{"level":"info","message":"execution (1331) run instruction [condition] for node (1922)","timestamp":"2025-04-19 23:54:43"}
{"level":"info","message":"execution (1331) run instruction [condition] for node (1922) finished as status: 1","timestamp":"2025-04-19 23:54:43"}
{"level":"info","message":"execution (1331) run instruction [sql] for node (1928)","timestamp":"2025-04-19 23:54:43"}
{"level":"info","message":"execution (1331) run instruction [sql] for node (1928) finished as status: 1","timestamp":"2025-04-19 23:54:43"}
{"level":"info","message":"execution (1331) run instruction [query] for node (1934)","timestamp":"2025-04-19 23:54:43"}
{"level":"info","message":"execution (1331) run instruction [query] for node (1934) finished as status: 1","timestamp":"2025-04-19 23:54:43"}
{"level":"info","message":"execution (1331) run instruction [calculation] for node (1932)","timestamp":"2025-04-19 23:54:43"}
{"level":"info","message":"execution (1331) run instruction [calculation] for node (1932) finished as status: 1","timestamp":"2025-04-19 23:54:43"}
{"level":"info","message":"execution (1331) run instruction [update] for node (1933)","timestamp":"2025-04-19 23:54:43"}
{"level":"info","message":"execution (1331) run instruction [update] for node (1933) finished as status: 1","timestamp":"2025-04-19 23:54:43"}
{"level":"info","message":"execution (1331) exiting with status 1","timestamp":"2025-04-19 23:54:43"}
{"level":"info","message":"execution (1331) exiting with status 1","timestamp":"2025-04-19 23:54:43"}
{"level":"info","message":"execution (1331) exiting with status 1","timestamp":"2025-04-19 23:54:43"}
{"level":"info","message":"execution (1331) exiting with status 1","timestamp":"2025-04-19 23:54:43"}
{"level":"info","execution":{"id":1331,"context":{"data":{"createdAt":"2025-04-19T11:55:31.430Z","updatedAt":"2025-04-19T23:54:43.249Z","start_date":"2025-04-19T00:00:00.000Z","end_date":"2025-04-19T00:40:00.000Z","employee_id":1,"create_course_id":168,"salary_id":1,"remark":null,"expired_date":null,"status_sort":1,"id":611,"status":"Attend","status_convert":1,"month_convert":"4/2025","student":"Student A","teaching_fee":0,"actual_class_date":"2025-04-19","createdById":null,"updatedById":1,"salary_db":{"createdAt":"2025-04-05T13:23:25.985Z","updatedAt":"2025-04-19T23:52:49.185Z","employee_id":1,"salary_amount":0,"id":1,"date":"2025-04-01","monthly":"4/2025","createdById":null,"updatedById":1,"attendance_db":[{"createdAt":"2025-04-19T11:55:31.430Z","updatedAt":"2025-04-19T23:54:43.249Z","start_date":"2025-04-19T00:00:00.000Z","end_date":"2025-04-19T00:40:00.000Z","employee_id":1,"create_course_id":168,"salary_id":1,"remark":null,"expired_date":null,"status_sort":1,"id":611,"status":"Attend","status_convert":1,"month_convert":"4/2025","student":"Student A","teaching_fee":0,"actual_class_date":"2025-04-19","createdById":null,"updatedById":1}]},"create_course_db":{"createdAt":"2025-04-19T11:55:31.318Z","updatedAt":"2025-04-19T11:55:31.324Z","start_date":"2025-04-19T00:00:00.000Z","end_date":"2025-04-19T00:40:00.000Z","package_id":3,"id":168,"payment_method":"Cash","progress":0.1,"fee":950,"transport_fee":0,"student_id":10,"total":950,"invoice_number":"INV2","payment_date":"2025-04-19","createdById":1,"updatedById":1,"month_convert":"4/2025","package_db":{"createdAt":"2025-04-04T08:27:13.303Z","updatedAt":"2025-04-09T15:33:58.807Z","name_sort":6,"nop_sort":3,"fee":950,"id":3,"name":"PV10 - 👤","transport_fee":null,"quantity":10,"type":"PV","nop":"1","createdById":1,"updatedById":1}},"employee_db":{"createdAt":"2025-04-02T13:39:00.321Z","updatedAt":"2025-04-18T14:37:42.160Z","bank_name":"Hong Leong Bank","bank_account":"1","emergency_contact_number":"1","job_title":"Swimming Coach","name":"Lee Chin Meng","contact_number":"0142788556","id":1,"identity_card":"990422016885","email":"xmrxperfectx@gmail.com","address":"No 28, Jalan Desa Putih 9, Taman Desa Putih","gender":"Male","emergency_contact_name":"1","user_id":1,"nickname":"Felix","dob":"1999-04-22","start_date":"2024-04-22","end_date":null,"level":"Special","createdById":1,"updatedById":1}}},"key":"wyjfsqwxgr1","eventKey":"2868f222-1f40-453a-9d98-0be086b9b7bc","stack":null,"status":1,"workflowId":194,"updatedAt":"2025-04-19T23:54:43.416Z","createdAt":"2025-04-19T23:54:43.289Z","output":null},"message":"execution (1331) finished with status: 1","timestamp":"2025-04-19 23:54:43"}
{"level":"info","message":"new event triggered, now events: 1","timestamp":"2025-04-19 23:54:49"}
{"level":"info","message":"preparing execution for event","timestamp":"2025-04-19 23:54:49"}
{"level":"info","message":"execution of workflow 194 created as 1332","timestamp":"2025-04-19 23:54:49"}
{"level":"info","message":"pending execution (1332) ready to process","timestamp":"2025-04-19 23:54:49"}
{"level":"info","message":"queueing execution (1332) from pending list updated to started","timestamp":"2025-04-19 23:54:49"}
{"level":"info","message":"execution (1332) starting...","timestamp":"2025-04-19 23:54:49"}
{"level":"info","message":"execution (1332) run instruction [query] for node (1918)","timestamp":"2025-04-19 23:54:49"}
{"level":"info","message":"execution (1332) run instruction [query] for node (1918) finished as status: 1","timestamp":"2025-04-19 23:54:49"}
{"level":"info","message":"execution (1332) run instruction [condition] for node (1920)","timestamp":"2025-04-19 23:54:49"}
{"level":"info","message":"execution (1332) run instruction [update] for node (1921)","timestamp":"2025-04-19 23:54:49"}
{"level":"info","message":"execution (1332) run instruction [update] for node (1921) finished as status: 1","timestamp":"2025-04-19 23:54:49"}
{"level":"info","message":"execution (1332) run instruction [condition] for node (1920)","timestamp":"2025-04-19 23:54:49"}
{"level":"info","message":"execution (1332) run instruction [condition] for node (1920) finished as status: 1","timestamp":"2025-04-19 23:54:49"}
{"level":"info","message":"execution (1332) run instruction [condition] for node (1922)","timestamp":"2025-04-19 23:54:49"}
{"level":"info","message":"execution (1332) run instruction [update] for node (1927)","timestamp":"2025-04-19 23:54:49"}
{"level":"info","message":"execution (1332) run instruction [update] for node (1927) finished as status: 1","timestamp":"2025-04-19 23:54:49"}
{"level":"info","message":"execution (1332) run instruction [condition] for node (1922)","timestamp":"2025-04-19 23:54:49"}
{"level":"info","message":"execution (1332) run instruction [condition] for node (1922) finished as status: 1","timestamp":"2025-04-19 23:54:49"}
{"level":"info","message":"execution (1332) run instruction [sql] for node (1928)","timestamp":"2025-04-19 23:54:49"}
{"level":"info","message":"execution (1332) run instruction [sql] for node (1928) finished as status: 1","timestamp":"2025-04-19 23:54:49"}
{"level":"info","message":"execution (1332) run instruction [query] for node (1934)","timestamp":"2025-04-19 23:54:49"}
{"level":"info","message":"execution (1332) run instruction [query] for node (1934) finished as status: 1","timestamp":"2025-04-19 23:54:49"}
{"level":"info","message":"execution (1332) run instruction [calculation] for node (1932)","timestamp":"2025-04-19 23:54:49"}
{"level":"info","message":"execution (1332) run instruction [calculation] for node (1932) finished as status: 1","timestamp":"2025-04-19 23:54:49"}
{"level":"info","message":"execution (1332) run instruction [update] for node (1933)","timestamp":"2025-04-19 23:54:49"}
{"level":"info","message":"execution (1332) run instruction [update] for node (1933) finished as status: 1","timestamp":"2025-04-19 23:54:49"}
{"level":"info","message":"execution (1332) exiting with status 1","timestamp":"2025-04-19 23:54:49"}
{"level":"info","message":"execution (1332) exiting with status 1","timestamp":"2025-04-19 23:54:49"}
{"level":"info","message":"execution (1332) exiting with status 1","timestamp":"2025-04-19 23:54:49"}
{"level":"info","execution":{"id":1332,"context":{"data":{"createdAt":"2025-04-19T11:55:31.430Z","updatedAt":"2025-04-19T23:54:49.671Z","start_date":"2025-04-19T00:00:00.000Z","end_date":"2025-04-19T00:40:00.000Z","employee_id":1,"create_course_id":168,"salary_id":1,"remark":null,"expired_date":null,"status_sort":48,"id":611,"status":"Inactive","status_convert":1,"month_convert":"4/2025","student":"Student A","teaching_fee":66.5,"actual_class_date":"2025-04-19","createdById":null,"updatedById":1,"salary_db":{"createdAt":"2025-04-05T13:23:25.985Z","updatedAt":"2025-04-19T23:54:43.413Z","employee_id":1,"salary_amount":66.5,"id":1,"date":"2025-04-01","monthly":"4/2025","createdById":null,"updatedById":1,"attendance_db":[{"createdAt":"2025-04-19T11:55:31.430Z","updatedAt":"2025-04-19T23:54:49.671Z","start_date":"2025-04-19T00:00:00.000Z","end_date":"2025-04-19T00:40:00.000Z","employee_id":1,"create_course_id":168,"salary_id":1,"remark":null,"expired_date":null,"status_sort":48,"id":611,"status":"Inactive","status_convert":1,"month_convert":"4/2025","student":"Student A","teaching_fee":66.5,"actual_class_date":"2025-04-19","createdById":null,"updatedById":1}]},"create_course_db":{"createdAt":"2025-04-19T11:55:31.318Z","updatedAt":"2025-04-19T11:55:31.324Z","start_date":"2025-04-19T00:00:00.000Z","end_date":"2025-04-19T00:40:00.000Z","package_id":3,"id":168,"payment_method":"Cash","progress":0.1,"fee":950,"transport_fee":0,"student_id":10,"total":950,"invoice_number":"INV2","payment_date":"2025-04-19","createdById":1,"updatedById":1,"month_convert":"4/2025","package_db":{"createdAt":"2025-04-04T08:27:13.303Z","updatedAt":"2025-04-09T15:33:58.807Z","name_sort":6,"nop_sort":3,"fee":950,"id":3,"name":"PV10 - 👤","transport_fee":null,"quantity":10,"type":"PV","nop":"1","createdById":1,"updatedById":1}},"employee_db":{"createdAt":"2025-04-02T13:39:00.321Z","updatedAt":"2025-04-18T14:37:42.160Z","bank_name":"Hong Leong Bank","bank_account":"1","emergency_contact_number":"1","job_title":"Swimming Coach","name":"Lee Chin Meng","contact_number":"0142788556","id":1,"identity_card":"990422016885","email":"xmrxperfectx@gmail.com","address":"No 28, Jalan Desa Putih 9, Taman Desa Putih","gender":"Male","emergency_contact_name":"1","user_id":1,"nickname":"Felix","dob":"1999-04-22","start_date":"2024-04-22","end_date":null,"level":"Special","createdById":1,"updatedById":1}}},"key":"wyjfsqwxgr1","eventKey":"4fa5b231-e9bd-4ad9-9cb7-7b004a8b9370","stack":null,"status":1,"workflowId":194,"updatedAt":"2025-04-19T23:54:49.751Z","createdAt":"2025-04-19T23:54:49.681Z","output":null},"message":"execution (1332) finished with status: 1","timestamp":"2025-04-19 23:54:49"}
