{"level":"info","message":"new event triggered, now events: 1","timestamp":"2025-04-08 15:19:47"}
{"level":"info","message":"preparing execution for event","timestamp":"2025-04-08 15:19:47"}
{"level":"info","message":"execution of workflow 101 created as 394","timestamp":"2025-04-08 15:19:47"}
{"level":"info","message":"pending execution (394) ready to process","timestamp":"2025-04-08 15:19:47"}
{"level":"info","message":"queueing execution (394) from pending list updated to started","timestamp":"2025-04-08 15:19:47"}
{"level":"info","message":"execution (394) starting...","timestamp":"2025-04-08 15:19:47"}
{"level":"info","message":"execution (394) run instruction [calculation] for node (790)","timestamp":"2025-04-08 15:19:47"}
{"level":"info","message":"execution (394) run instruction [calculation] for node (790) finished as status: 1","timestamp":"2025-04-08 15:19:47"}
{"level":"info","message":"execution (394) run instruction [create] for node (789)","timestamp":"2025-04-08 15:19:47"}
{"level":"info","message":"execution (394) run instruction [create] for node (789) finished as status: 1","timestamp":"2025-04-08 15:19:47"}
{"level":"info","message":"execution (394) run instruction [condition] for node (791)","timestamp":"2025-04-08 15:19:47"}
{"level":"info","message":"execution (394) run instruction [condition] for node (791) finished as status: -1","timestamp":"2025-04-08 15:19:47"}
{"level":"info","message":"execution (394) exiting with status -1","timestamp":"2025-04-08 15:19:47"}
{"level":"info","execution":{"id":394,"context":{"data":{"createdAt":"2025-04-08T15:19:47.787Z","updatedAt":"2025-04-08T15:19:47.798Z","payment_date":"2025-04-08T15:19:32.421Z","start_date":"2025-04-08T08:00:26.000Z","end_date":"2025-04-08T08:50:00.000Z","package_id":1,"id":86,"invoice_number":"INV1","payment_method":"1","fee":120,"student_id":5,"createdById":1,"updatedById":1,"progress":0,"student_db":{"createdAt":"2025-04-04T08:16:21.327Z","updatedAt":"2025-04-08T13:07:47.172Z","employee_id":1,"class_venue":2,"name":"A student","gender":"1","parent_name":null,"contact_number":null,"email":null,"address":null,"emergency_contact_name":null,"emergency_contact_nunber":null,"day":null,"id":5,"dob":null,"start_date":null,"start_time":"16:00:26","createdById":1,"updatedById":1,"duration":"50","end_time":null},"attendance_db":[],"package_db":{"createdAt":"2025-04-04T02:12:12.702Z","updatedAt":"2025-04-08T12:34:02.504Z","name_sort":3,"fee":120,"id":1,"name":"PV1 - 👤","transport_fee":null,"quantity":1,"type":"PV","createdById":1,"updatedById":1}},"user":{"createdAt":"2025-03-31T14:39:23.735Z","updatedAt":"2025-04-07T11:13:41.208Z","systemSettings":{"themeId":1},"id":1,"nickname":"Felix","username":"felix","email":"xmrxperfectx@gmail.com","phone":null,"passwordChangeTz":1743556989843,"appLang":"zh-CN","createdById":null,"updatedById":1},"roleName":"root"},"key":"o3iucqm26et","eventKey":"2e736df1-d22c-42b3-bd5c-e0d6db8d7585","stack":null,"status":-1,"workflowId":101,"updatedAt":"2025-04-08T15:19:47.879Z","createdAt":"2025-04-08T15:19:47.819Z","output":null},"message":"execution (394) finished with status: -1","timestamp":"2025-04-08 15:19:47"}
{"level":"info","message":"new event triggered, now events: 1","timestamp":"2025-04-08 15:19:55"}
{"level":"info","message":"preparing execution for event","timestamp":"2025-04-08 15:19:55"}
{"level":"info","message":"execution of workflow 101 created as 396","timestamp":"2025-04-08 15:19:55"}
{"level":"info","message":"pending execution (396) ready to process","timestamp":"2025-04-08 15:19:56"}
{"level":"info","message":"queueing execution (396) from pending list updated to started","timestamp":"2025-04-08 15:19:56"}
{"level":"info","message":"execution (396) starting...","timestamp":"2025-04-08 15:19:56"}
{"level":"info","message":"execution (396) run instruction [calculation] for node (790)","timestamp":"2025-04-08 15:19:56"}
{"level":"info","message":"execution (396) run instruction [calculation] for node (790) finished as status: 1","timestamp":"2025-04-08 15:19:56"}
{"level":"info","message":"execution (396) run instruction [create] for node (789)","timestamp":"2025-04-08 15:19:56"}
{"level":"info","message":"execution (396) run instruction [create] for node (789) finished as status: 1","timestamp":"2025-04-08 15:19:56"}
{"level":"info","message":"execution (396) run instruction [condition] for node (791)","timestamp":"2025-04-08 15:19:56"}
{"level":"info","message":"execution (396) run instruction [condition] for node (791) finished as status: 1","timestamp":"2025-04-08 15:19:56"}
{"level":"info","message":"execution (396) run instruction [calculation] for node (792)","timestamp":"2025-04-08 15:19:56"}
{"level":"info","message":"execution (396) run instruction [calculation] for node (792) finished as status: 1","timestamp":"2025-04-08 15:19:56"}
{"level":"info","message":"execution (396) run instruction [calculation] for node (793)","timestamp":"2025-04-08 15:19:56"}
{"level":"info","message":"execution (396) run instruction [calculation] for node (793) finished as status: 1","timestamp":"2025-04-08 15:19:56"}
{"level":"info","message":"execution (396) run instruction [calculation] for node (795)","timestamp":"2025-04-08 15:19:56"}
{"level":"info","message":"execution (396) run instruction [calculation] for node (795) finished as status: 1","timestamp":"2025-04-08 15:19:56"}
{"level":"info","message":"execution (396) run instruction [create] for node (794)","timestamp":"2025-04-08 15:19:56"}
{"level":"info","message":"execution (396) run instruction [create] for node (794) finished as status: 1","timestamp":"2025-04-08 15:19:56"}
{"level":"info","message":"execution (396) run instruction [calculation] for node (798)","timestamp":"2025-04-08 15:19:56"}
{"level":"info","message":"execution (396) run instruction [calculation] for node (798) finished as status: 1","timestamp":"2025-04-08 15:19:56"}
{"level":"info","message":"execution (396) run instruction [calculation] for node (797)","timestamp":"2025-04-08 15:19:56"}
{"level":"info","message":"execution (396) run instruction [calculation] for node (797) finished as status: 1","timestamp":"2025-04-08 15:19:56"}
{"level":"info","message":"execution (396) run instruction [calculation] for node (796)","timestamp":"2025-04-08 15:19:56"}
{"level":"info","message":"execution (396) run instruction [calculation] for node (796) finished as status: 1","timestamp":"2025-04-08 15:19:56"}
{"level":"info","message":"execution (396) run instruction [create] for node (799)","timestamp":"2025-04-08 15:19:56"}
{"level":"info","message":"execution (396) run instruction [create] for node (799) finished as status: 1","timestamp":"2025-04-08 15:19:56"}
{"level":"info","message":"execution (396) run instruction [calculation] for node (802)","timestamp":"2025-04-08 15:19:56"}
{"level":"info","message":"execution (396) run instruction [calculation] for node (802) finished as status: 1","timestamp":"2025-04-08 15:19:56"}
{"level":"info","message":"execution (396) run instruction [calculation] for node (801)","timestamp":"2025-04-08 15:19:56"}
{"level":"info","message":"execution (396) run instruction [calculation] for node (801) finished as status: 1","timestamp":"2025-04-08 15:19:56"}
{"level":"info","message":"execution (396) run instruction [calculation] for node (800)","timestamp":"2025-04-08 15:19:56"}
{"level":"info","message":"execution (396) run instruction [calculation] for node (800) finished as status: 1","timestamp":"2025-04-08 15:19:56"}
{"level":"info","message":"execution (396) run instruction [create] for node (803)","timestamp":"2025-04-08 15:19:56"}
{"level":"info","message":"execution (396) run instruction [create] for node (803) finished as status: 1","timestamp":"2025-04-08 15:19:56"}
{"level":"info","message":"execution (396) run instruction [condition] for node (808)","timestamp":"2025-04-08 15:19:56"}
{"level":"info","message":"execution (396) run instruction [condition] for node (808) finished as status: -1","timestamp":"2025-04-08 15:19:56"}
{"level":"info","message":"execution (396) exiting with status -1","timestamp":"2025-04-08 15:19:56"}
{"level":"info","execution":{"id":396,"context":{"data":{"createdAt":"2025-04-08T15:19:55.949Z","updatedAt":"2025-04-08T15:19:55.956Z","payment_date":"2025-04-08T15:19:49.724Z","start_date":"2025-04-08T00:00:26.000Z","end_date":"2025-04-08T00:40:00.000Z","package_id":2,"id":87,"invoice_number":"INV2","payment_method":"2","fee":400,"student_id":6,"createdById":1,"updatedById":1,"progress":0,"student_db":{"createdAt":"2025-04-04T08:17:31.654Z","updatedAt":"2025-04-08T15:09:26.856Z","employee_id":3,"class_venue":2,"name":"B student","gender":null,"parent_name":null,"contact_number":null,"email":null,"address":null,"emergency_contact_name":null,"emergency_contact_nunber":null,"day":null,"id":6,"dob":null,"start_date":null,"start_time":"08:00:26","createdById":1,"updatedById":1,"duration":"40","end_time":null},"attendance_db":[],"package_db":{"createdAt":"2025-04-04T05:48:00.404Z","updatedAt":"2025-04-04T08:28:32.254Z","name_sort":4,"fee":400,"id":2,"name":"PV4 - 👤","transport_fee":null,"quantity":4,"type":"PV","createdById":1,"updatedById":1}},"user":{"createdAt":"2025-03-31T14:39:23.735Z","updatedAt":"2025-04-07T11:13:41.208Z","systemSettings":{"themeId":1},"id":1,"nickname":"Felix","username":"felix","email":"xmrxperfectx@gmail.com","phone":null,"passwordChangeTz":1743556989843,"appLang":"zh-CN","createdById":null,"updatedById":1},"roleName":"root"},"key":"o3iucqm26et","eventKey":"936daed7-5a0b-4a00-b050-2f06935e0a78","stack":null,"status":-1,"workflowId":101,"updatedAt":"2025-04-08T15:19:56.108Z","createdAt":"2025-04-08T15:19:55.984Z","output":null},"message":"execution (396) finished with status: -1","timestamp":"2025-04-08 15:19:56"}
{"level":"info","message":"new event triggered, now events: 1","timestamp":"2025-04-08 15:20:05"}
{"level":"info","message":"preparing execution for event","timestamp":"2025-04-08 15:20:05"}
{"level":"info","message":"execution of workflow 101 created as 401","timestamp":"2025-04-08 15:20:05"}
{"level":"info","message":"pending execution (401) ready to process","timestamp":"2025-04-08 15:20:05"}
{"level":"info","message":"queueing execution (401) from pending list updated to started","timestamp":"2025-04-08 15:20:05"}
{"level":"info","message":"execution (401) starting...","timestamp":"2025-04-08 15:20:05"}
{"level":"info","message":"execution (401) run instruction [calculation] for node (790)","timestamp":"2025-04-08 15:20:05"}
{"level":"info","message":"execution (401) run instruction [calculation] for node (790) finished as status: 1","timestamp":"2025-04-08 15:20:05"}
{"level":"info","message":"execution (401) run instruction [create] for node (789)","timestamp":"2025-04-08 15:20:05"}
{"level":"info","message":"execution (401) run instruction [create] for node (789) finished as status: 1","timestamp":"2025-04-08 15:20:05"}
{"level":"info","message":"execution (401) run instruction [condition] for node (791)","timestamp":"2025-04-08 15:20:05"}
{"level":"info","message":"execution (401) run instruction [condition] for node (791) finished as status: 1","timestamp":"2025-04-08 15:20:05"}
{"level":"info","message":"execution (401) run instruction [calculation] for node (792)","timestamp":"2025-04-08 15:20:05"}
{"level":"info","message":"execution (401) run instruction [calculation] for node (792) finished as status: 1","timestamp":"2025-04-08 15:20:05"}
{"level":"info","message":"execution (401) run instruction [calculation] for node (793)","timestamp":"2025-04-08 15:20:05"}
{"level":"info","message":"execution (401) run instruction [calculation] for node (793) finished as status: 1","timestamp":"2025-04-08 15:20:05"}
{"level":"info","message":"execution (401) run instruction [calculation] for node (795)","timestamp":"2025-04-08 15:20:05"}
{"level":"info","message":"execution (401) run instruction [calculation] for node (795) finished as status: 1","timestamp":"2025-04-08 15:20:05"}
{"level":"info","message":"execution (401) run instruction [create] for node (794)","timestamp":"2025-04-08 15:20:05"}
{"level":"info","message":"execution (401) run instruction [create] for node (794) finished as status: 1","timestamp":"2025-04-08 15:20:05"}
{"level":"info","message":"execution (401) run instruction [calculation] for node (798)","timestamp":"2025-04-08 15:20:05"}
{"level":"info","message":"execution (401) run instruction [calculation] for node (798) finished as status: 1","timestamp":"2025-04-08 15:20:05"}
{"level":"info","message":"execution (401) run instruction [calculation] for node (797)","timestamp":"2025-04-08 15:20:05"}
{"level":"info","message":"execution (401) run instruction [calculation] for node (797) finished as status: 1","timestamp":"2025-04-08 15:20:05"}
{"level":"info","message":"execution (401) run instruction [calculation] for node (796)","timestamp":"2025-04-08 15:20:05"}
{"level":"info","message":"execution (401) run instruction [calculation] for node (796) finished as status: 1","timestamp":"2025-04-08 15:20:05"}
{"level":"info","message":"execution (401) run instruction [create] for node (799)","timestamp":"2025-04-08 15:20:05"}
{"level":"info","message":"execution (401) run instruction [create] for node (799) finished as status: 1","timestamp":"2025-04-08 15:20:05"}
{"level":"info","message":"execution (401) run instruction [calculation] for node (802)","timestamp":"2025-04-08 15:20:05"}
{"level":"info","message":"execution (401) run instruction [calculation] for node (802) finished as status: 1","timestamp":"2025-04-08 15:20:05"}
{"level":"info","message":"execution (401) run instruction [calculation] for node (801)","timestamp":"2025-04-08 15:20:05"}
{"level":"info","message":"execution (401) run instruction [calculation] for node (801) finished as status: 1","timestamp":"2025-04-08 15:20:05"}
{"level":"info","message":"execution (401) run instruction [calculation] for node (800)","timestamp":"2025-04-08 15:20:05"}
{"level":"info","message":"execution (401) run instruction [calculation] for node (800) finished as status: 1","timestamp":"2025-04-08 15:20:05"}
{"level":"info","message":"execution (401) run instruction [create] for node (803)","timestamp":"2025-04-08 15:20:05"}
{"level":"info","message":"execution (401) run instruction [create] for node (803) finished as status: 1","timestamp":"2025-04-08 15:20:05"}
{"level":"info","message":"execution (401) run instruction [condition] for node (808)","timestamp":"2025-04-08 15:20:05"}
{"level":"info","message":"execution (401) run instruction [condition] for node (808) finished as status: 1","timestamp":"2025-04-08 15:20:05"}
{"level":"info","message":"execution (401) run instruction [calculation] for node (806)","timestamp":"2025-04-08 15:20:05"}
{"level":"info","message":"execution (401) run instruction [calculation] for node (806) finished as status: 1","timestamp":"2025-04-08 15:20:05"}
{"level":"info","message":"execution (401) run instruction [calculation] for node (805)","timestamp":"2025-04-08 15:20:05"}
{"level":"info","message":"execution (401) run instruction [calculation] for node (805) finished as status: 1","timestamp":"2025-04-08 15:20:05"}
{"level":"info","message":"execution (401) run instruction [calculation] for node (804)","timestamp":"2025-04-08 15:20:05"}
{"level":"info","message":"execution (401) run instruction [calculation] for node (804) finished as status: 1","timestamp":"2025-04-08 15:20:05"}
{"level":"info","message":"execution (401) run instruction [create] for node (807)","timestamp":"2025-04-08 15:20:05"}
{"level":"info","message":"execution (401) run instruction [create] for node (807) finished as status: 1","timestamp":"2025-04-08 15:20:05"}
{"level":"info","message":"execution (401) run instruction [calculation] for node (811)","timestamp":"2025-04-08 15:20:05"}
{"level":"info","message":"execution (401) run instruction [calculation] for node (811) finished as status: 1","timestamp":"2025-04-08 15:20:05"}
{"level":"info","message":"execution (401) run instruction [calculation] for node (810)","timestamp":"2025-04-08 15:20:05"}
{"level":"info","message":"execution (401) run instruction [calculation] for node (810) finished as status: 1","timestamp":"2025-04-08 15:20:05"}
{"level":"info","message":"execution (401) run instruction [calculation] for node (809)","timestamp":"2025-04-08 15:20:05"}
{"level":"info","message":"execution (401) run instruction [calculation] for node (809) finished as status: 1","timestamp":"2025-04-08 15:20:05"}
{"level":"info","message":"execution (401) run instruction [create] for node (812)","timestamp":"2025-04-08 15:20:05"}
{"level":"info","message":"execution (401) run instruction [create] for node (812) finished as status: 1","timestamp":"2025-04-08 15:20:05"}
{"level":"info","message":"execution (401) run instruction [calculation] for node (815)","timestamp":"2025-04-08 15:20:05"}
{"level":"info","message":"execution (401) run instruction [calculation] for node (815) finished as status: 1","timestamp":"2025-04-08 15:20:05"}
{"level":"info","message":"execution (401) run instruction [calculation] for node (814)","timestamp":"2025-04-08 15:20:05"}
{"level":"info","message":"execution (401) run instruction [calculation] for node (814) finished as status: 1","timestamp":"2025-04-08 15:20:05"}
{"level":"info","message":"execution (401) run instruction [calculation] for node (813)","timestamp":"2025-04-08 15:20:05"}
{"level":"info","message":"execution (401) run instruction [calculation] for node (813) finished as status: 1","timestamp":"2025-04-08 15:20:05"}
{"level":"info","message":"execution (401) run instruction [create] for node (816)","timestamp":"2025-04-08 15:20:05"}
{"level":"info","message":"execution (401) run instruction [create] for node (816) finished as status: 1","timestamp":"2025-04-08 15:20:05"}
{"level":"info","message":"execution (401) run instruction [calculation] for node (819)","timestamp":"2025-04-08 15:20:05"}
{"level":"info","message":"execution (401) run instruction [calculation] for node (819) finished as status: 1","timestamp":"2025-04-08 15:20:05"}
{"level":"info","message":"execution (401) run instruction [calculation] for node (818)","timestamp":"2025-04-08 15:20:05"}
{"level":"info","message":"execution (401) run instruction [calculation] for node (818) finished as status: 1","timestamp":"2025-04-08 15:20:05"}
{"level":"info","message":"execution (401) run instruction [calculation] for node (817)","timestamp":"2025-04-08 15:20:05"}
{"level":"info","message":"execution (401) run instruction [calculation] for node (817) finished as status: 1","timestamp":"2025-04-08 15:20:05"}
{"level":"info","message":"execution (401) run instruction [create] for node (820)","timestamp":"2025-04-08 15:20:05"}
{"level":"info","message":"execution (401) run instruction [create] for node (820) finished as status: 1","timestamp":"2025-04-08 15:20:05"}
{"level":"info","message":"execution (401) run instruction [calculation] for node (823)","timestamp":"2025-04-08 15:20:05"}
{"level":"info","message":"execution (401) run instruction [calculation] for node (823) finished as status: 1","timestamp":"2025-04-08 15:20:05"}
{"level":"info","message":"execution (401) run instruction [calculation] for node (822)","timestamp":"2025-04-08 15:20:05"}
{"level":"info","message":"execution (401) run instruction [calculation] for node (822) finished as status: 1","timestamp":"2025-04-08 15:20:05"}
{"level":"info","message":"execution (401) run instruction [calculation] for node (821)","timestamp":"2025-04-08 15:20:05"}
{"level":"info","message":"execution (401) run instruction [calculation] for node (821) finished as status: 1","timestamp":"2025-04-08 15:20:05"}
{"level":"info","message":"execution (401) run instruction [create] for node (824)","timestamp":"2025-04-08 15:20:05"}
{"level":"info","message":"execution (401) run instruction [create] for node (824) finished as status: 1","timestamp":"2025-04-08 15:20:05"}
{"level":"info","message":"execution (401) run instruction [calculation] for node (827)","timestamp":"2025-04-08 15:20:05"}
{"level":"info","message":"execution (401) run instruction [calculation] for node (827) finished as status: 1","timestamp":"2025-04-08 15:20:05"}
{"level":"info","message":"execution (401) run instruction [calculation] for node (826)","timestamp":"2025-04-08 15:20:05"}
{"level":"info","message":"execution (401) run instruction [calculation] for node (826) finished as status: 1","timestamp":"2025-04-08 15:20:05"}
{"level":"info","message":"execution (401) run instruction [calculation] for node (825)","timestamp":"2025-04-08 15:20:05"}
{"level":"info","message":"execution (401) run instruction [calculation] for node (825) finished as status: 1","timestamp":"2025-04-08 15:20:05"}
{"level":"info","message":"execution (401) run instruction [create] for node (828)","timestamp":"2025-04-08 15:20:05"}
{"level":"info","message":"execution (401) run instruction [create] for node (828) finished as status: 1","timestamp":"2025-04-08 15:20:05"}
{"level":"info","message":"execution (401) exiting with status 1","timestamp":"2025-04-08 15:20:05"}
{"level":"info","execution":{"id":401,"context":{"data":{"createdAt":"2025-04-08T15:20:05.560Z","updatedAt":"2025-04-08T15:20:05.564Z","payment_date":"2025-04-08T15:19:57.636Z","start_date":"2025-04-08T00:00:26.000Z","end_date":"2025-04-08T00:30:00.000Z","package_id":3,"id":88,"invoice_number":"INV3","payment_method":"1","fee":950,"student_id":7,"createdById":1,"updatedById":1,"progress":0,"student_db":{"createdAt":"2025-04-04T08:17:41.267Z","updatedAt":"2025-04-08T15:09:33.614Z","employee_id":3,"class_venue":2,"name":"C student","gender":null,"parent_name":null,"contact_number":null,"email":null,"address":null,"emergency_contact_name":null,"emergency_contact_nunber":null,"day":null,"id":7,"dob":null,"start_date":null,"start_time":"08:00:26","createdById":1,"updatedById":1,"duration":"30","end_time":null},"attendance_db":[],"package_db":{"createdAt":"2025-04-04T08:27:13.303Z","updatedAt":"2025-04-04T08:27:13.303Z","name_sort":5,"fee":950,"id":3,"name":"PV10 - 👤","transport_fee":null,"quantity":10,"type":"PV","createdById":1,"updatedById":1}},"user":{"createdAt":"2025-03-31T14:39:23.735Z","updatedAt":"2025-04-07T11:13:41.208Z","systemSettings":{"themeId":1},"id":1,"nickname":"Felix","username":"felix","email":"xmrxperfectx@gmail.com","phone":null,"passwordChangeTz":1743556989843,"appLang":"zh-CN","createdById":null,"updatedById":1},"roleName":"root"},"key":"o3iucqm26et","eventKey":"290fc060-2eec-44bd-8fe3-3f1524f5d4d4","stack":null,"status":1,"workflowId":101,"updatedAt":"2025-04-08T15:20:05.764Z","createdAt":"2025-04-08T15:20:05.571Z","output":null},"message":"execution (401) finished with status: 1","timestamp":"2025-04-08 15:20:05"}
