{"level":"info","message":"new event triggered, now events: 2","timestamp":"2025-04-13 08:43:00"}
{"level":"info","message":"new event is pending to be prepared after previous preparation is finished","timestamp":"2025-04-13 08:43:00"}
{"level":"info","message":"preparing execution for event","timestamp":"2025-04-13 08:43:00"}
{"level":"info","message":"execution of workflow 150 created as 1021","timestamp":"2025-04-13 08:43:00"}
{"level":"info","message":"execution (1021) fetched from db","timestamp":"2025-04-13 08:43:00"}
{"level":"info","message":"execution (1021) starting...","timestamp":"2025-04-13 08:43:00"}
{"level":"info","message":"execution (1021) run instruction [condition] for node (1325)","timestamp":"2025-04-13 08:43:00"}
{"level":"info","message":"execution (1021) run instruction [parallel] for node (1326)","timestamp":"2025-04-13 08:43:00"}
{"level":"info","message":"execution (1021) run instruction [calculation] for node (1327)","timestamp":"2025-04-13 08:43:00"}
{"level":"info","message":"execution (1021) run instruction [calculation] for node (1327) finished as status: 1","timestamp":"2025-04-13 08:43:00"}
{"level":"info","message":"execution (1021) run instruction [update] for node (1328)","timestamp":"2025-04-13 08:43:00"}
{"level":"info","message":"execution (1021) run instruction [update] for node (1328) finished as status: 1","timestamp":"2025-04-13 08:43:00"}
{"level":"info","message":"execution (1021) run instruction [parallel] for node (1326)","timestamp":"2025-04-13 08:43:00"}
{"level":"info","message":"execution (1021) run instruction [parallel] for node (1326) finished as status: 1","timestamp":"2025-04-13 08:43:00"}
{"level":"info","message":"execution (1021) run instruction [condition] for node (1325)","timestamp":"2025-04-13 08:43:00"}
{"level":"info","message":"execution (1021) run instruction [condition] for node (1325) finished as status: 1","timestamp":"2025-04-13 08:43:00"}
{"level":"info","message":"execution (1021) run instruction [sql] for node (1322)","timestamp":"2025-04-13 08:43:00"}
{"level":"info","message":"execution (1021) run instruction [sql] for node (1322) finished as status: 1","timestamp":"2025-04-13 08:43:00"}
{"level":"info","message":"execution (1021) run instruction [sql] for node (1323)","timestamp":"2025-04-13 08:43:00"}
{"level":"info","message":"execution (1021) run instruction [sql] for node (1323) finished as status: 1","timestamp":"2025-04-13 08:43:00"}
{"level":"info","message":"execution (1021) exiting with status 1","timestamp":"2025-04-13 08:43:00"}
{"level":"info","message":"execution (1021) exiting with status 1","timestamp":"2025-04-13 08:43:00"}
{"level":"info","message":"execution (1021) exiting with status 1","timestamp":"2025-04-13 08:43:00"}
{"level":"info","execution":{"id":1021,"createdAt":"2025-04-13T08:43:00.111Z","updatedAt":"2025-04-13T08:43:00.323Z","key":"w32t694son5","eventKey":"546dac72-d362-4bd4-bd7a-a3aba1d20253","context":{"data":{"createdAt":"2025-04-13T03:44:05.668Z","updatedAt":"2025-04-13T08:42:59.997Z","start_date":"2025-04-13T08:00:26.000Z","end_date":"2025-04-13T08:50:00.000Z","employee_id":1,"create_course_id":158,"salary_id":1,"status_sort":16,"status":"Inactive","id":564,"status_convert":1,"month_convert":"4/2025","time_calculation":null,"student":"A Student","duration":null,"createdById":null,"updatedById":null,"teaching_fee":null,"create_course_db":{"createdAt":"2025-04-13T03:44:05.618Z","updatedAt":"2025-04-13T03:44:05.629Z","start_date":"2025-04-13T08:00:26.000Z","end_date":"2025-04-13T08:50:00.000Z","package_id":2,"id":158,"payment_method":"Cash","progress":0.5,"fee":400,"student_id":5,"invoice_number":"INV2","payment_date":"2025-04-13","createdById":1,"updatedById":1,"package_db":{"createdAt":"2025-04-04T05:48:00.404Z","updatedAt":"2025-04-09T15:33:56.292Z","name_sort":5,"nop_sort":2,"fee":400,"id":2,"name":"PV4 - 👤","transport_fee":null,"quantity":4,"type":"PV","nop":"1","createdById":1,"updatedById":1}}}},"status":1,"stack":null,"output":null,"workflowId":150},"message":"execution (1021) finished with status: 1","timestamp":"2025-04-13 08:43:00"}
{"level":"info","message":"new event triggered, now events: 2","timestamp":"2025-04-13 08:43:00"}
{"level":"info","message":"new event is pending to be prepared after previous preparation is finished","timestamp":"2025-04-13 08:43:00"}
{"level":"info","message":"preparing execution for event","timestamp":"2025-04-13 08:43:00"}
{"level":"info","message":"execution of workflow 150 created as 1023","timestamp":"2025-04-13 08:43:00"}
{"level":"info","message":"execution (1023) fetched from db","timestamp":"2025-04-13 08:43:00"}
{"level":"info","message":"execution (1023) starting...","timestamp":"2025-04-13 08:43:00"}
{"level":"info","message":"execution (1023) run instruction [condition] for node (1325)","timestamp":"2025-04-13 08:43:00"}
{"level":"info","message":"execution (1023) run instruction [parallel] for node (1326)","timestamp":"2025-04-13 08:43:01"}
{"level":"info","message":"execution (1023) run instruction [calculation] for node (1327)","timestamp":"2025-04-13 08:43:01"}
{"level":"info","message":"execution (1023) run instruction [calculation] for node (1327) finished as status: 1","timestamp":"2025-04-13 08:43:01"}
{"level":"info","message":"execution (1023) run instruction [update] for node (1328)","timestamp":"2025-04-13 08:43:01"}
{"level":"info","message":"execution (1023) run instruction [update] for node (1328) finished as status: 1","timestamp":"2025-04-13 08:43:01"}
{"level":"info","message":"execution (1023) run instruction [parallel] for node (1326)","timestamp":"2025-04-13 08:43:01"}
{"level":"info","message":"execution (1023) run instruction [parallel] for node (1326) finished as status: 1","timestamp":"2025-04-13 08:43:01"}
{"level":"info","message":"execution (1023) run instruction [condition] for node (1325)","timestamp":"2025-04-13 08:43:01"}
{"level":"info","message":"execution (1023) run instruction [condition] for node (1325) finished as status: 1","timestamp":"2025-04-13 08:43:01"}
{"level":"info","message":"execution (1023) run instruction [sql] for node (1322)","timestamp":"2025-04-13 08:43:01"}
{"level":"info","message":"execution (1023) run instruction [sql] for node (1322) finished as status: 1","timestamp":"2025-04-13 08:43:01"}
{"level":"info","message":"execution (1023) run instruction [sql] for node (1323)","timestamp":"2025-04-13 08:43:01"}
{"level":"info","message":"execution (1023) run instruction [sql] for node (1323) finished as status: 1","timestamp":"2025-04-13 08:43:01"}
{"level":"info","message":"execution (1023) exiting with status 1","timestamp":"2025-04-13 08:43:01"}
{"level":"info","message":"execution (1023) exiting with status 1","timestamp":"2025-04-13 08:43:01"}
{"level":"info","message":"execution (1023) exiting with status 1","timestamp":"2025-04-13 08:43:01"}
{"level":"info","execution":{"id":1023,"createdAt":"2025-04-13T08:43:00.948Z","updatedAt":"2025-04-13T08:43:01.038Z","key":"w32t694son5","eventKey":"5fdfd1f9-8603-4b1a-8845-4d5039a0fcb9","context":{"data":{"createdAt":"2025-04-13T03:26:15.133Z","updatedAt":"2025-04-13T08:43:00.912Z","start_date":"2025-04-13T08:00:26.000Z","end_date":"2025-04-13T08:50:00.000Z","employee_id":1,"create_course_id":157,"salary_id":1,"status_sort":17,"status":"Inactive","id":554,"status_convert":1,"month_convert":"4/2025","time_calculation":null,"student":"A Student","duration":null,"createdById":null,"updatedById":null,"teaching_fee":null,"create_course_db":{"createdAt":"2025-04-13T03:26:15.074Z","updatedAt":"2025-04-13T03:26:15.084Z","start_date":"2025-04-13T08:00:26.000Z","end_date":"2025-04-13T08:50:00.000Z","package_id":3,"id":157,"payment_method":"Cash","progress":0.2,"fee":950,"student_id":5,"invoice_number":"INV1","payment_date":"2025-04-13","createdById":1,"updatedById":1,"package_db":{"createdAt":"2025-04-04T08:27:13.303Z","updatedAt":"2025-04-09T15:33:58.807Z","name_sort":6,"nop_sort":3,"fee":950,"id":3,"name":"PV10 - 👤","transport_fee":null,"quantity":10,"type":"PV","nop":"1","createdById":1,"updatedById":1}}}},"status":1,"stack":null,"output":null,"workflowId":150},"message":"execution (1023) finished with status: 1","timestamp":"2025-04-13 08:43:01"}
{"level":"info","message":"new event triggered, now events: 2","timestamp":"2025-04-13 08:44:44"}
{"level":"info","message":"new event is pending to be prepared after previous preparation is finished","timestamp":"2025-04-13 08:44:44"}
{"level":"info","message":"preparing execution for event","timestamp":"2025-04-13 08:44:44"}
{"level":"info","message":"execution of workflow 150 created as 1025","timestamp":"2025-04-13 08:44:44"}
{"level":"info","message":"execution (1025) fetched from db","timestamp":"2025-04-13 08:44:44"}
{"level":"info","message":"execution (1025) starting...","timestamp":"2025-04-13 08:44:44"}
{"level":"info","message":"execution (1025) run instruction [condition] for node (1325)","timestamp":"2025-04-13 08:44:44"}
{"level":"info","message":"execution (1025) run instruction [update] for node (1332)","timestamp":"2025-04-13 08:44:44"}
{"level":"info","message":"execution (1025) run instruction [update] for node (1332) finished as status: 1","timestamp":"2025-04-13 08:44:44"}
{"level":"info","message":"execution (1025) run instruction [condition] for node (1325)","timestamp":"2025-04-13 08:44:44"}
{"level":"info","message":"execution (1025) run instruction [condition] for node (1325) finished as status: 1","timestamp":"2025-04-13 08:44:44"}
{"level":"info","message":"execution (1025) run instruction [sql] for node (1322)","timestamp":"2025-04-13 08:44:44"}
{"level":"info","message":"execution (1025) run instruction [sql] for node (1322) finished as status: 1","timestamp":"2025-04-13 08:44:44"}
{"level":"info","message":"execution (1025) run instruction [sql] for node (1323)","timestamp":"2025-04-13 08:44:44"}
{"level":"info","message":"execution (1025) run instruction [sql] for node (1323) finished as status: 1","timestamp":"2025-04-13 08:44:44"}
{"level":"info","message":"execution (1025) exiting with status 1","timestamp":"2025-04-13 08:44:44"}
{"level":"info","message":"execution (1025) exiting with status 1","timestamp":"2025-04-13 08:44:44"}
{"level":"info","execution":{"id":1025,"createdAt":"2025-04-13T08:44:44.501Z","updatedAt":"2025-04-13T08:44:44.604Z","key":"w32t694son5","eventKey":"5eba6ce4-d23c-4889-b26c-869f4acc1399","context":{"data":{"createdAt":"2025-04-13T03:44:05.668Z","updatedAt":"2025-04-13T08:44:44.413Z","start_date":"2025-04-13T08:00:26.000Z","end_date":"2025-04-13T08:50:00.000Z","employee_id":1,"create_course_id":158,"salary_id":null,"status_sort":5,"status":"Attend","id":564,"status_convert":0,"month_convert":"4/2025","time_calculation":null,"student":"A Student","duration":null,"createdById":null,"updatedById":null,"teaching_fee":null,"create_course_db":{"createdAt":"2025-04-13T03:44:05.618Z","updatedAt":"2025-04-13T03:44:05.629Z","start_date":"2025-04-13T08:00:26.000Z","end_date":"2025-04-13T08:50:00.000Z","package_id":2,"id":158,"payment_method":"Cash","progress":0.25,"fee":400,"student_id":5,"invoice_number":"INV2","payment_date":"2025-04-13","createdById":1,"updatedById":1,"package_db":{"createdAt":"2025-04-04T05:48:00.404Z","updatedAt":"2025-04-09T15:33:56.292Z","name_sort":5,"nop_sort":2,"fee":400,"id":2,"name":"PV4 - 👤","transport_fee":null,"quantity":4,"type":"PV","nop":"1","createdById":1,"updatedById":1}}}},"status":1,"stack":null,"output":null,"workflowId":150},"message":"execution (1025) finished with status: 1","timestamp":"2025-04-13 08:44:44"}
{"level":"info","message":"new event triggered, now events: 2","timestamp":"2025-04-13 08:46:06"}
{"level":"info","message":"new event is pending to be prepared after previous preparation is finished","timestamp":"2025-04-13 08:46:06"}
{"level":"info","message":"preparing execution for event","timestamp":"2025-04-13 08:46:06"}
{"level":"info","message":"execution of workflow 150 created as 1027","timestamp":"2025-04-13 08:46:06"}
{"level":"info","message":"execution (1027) fetched from db","timestamp":"2025-04-13 08:46:06"}
{"level":"info","message":"execution (1027) starting...","timestamp":"2025-04-13 08:46:06"}
{"level":"info","message":"execution (1027) run instruction [condition] for node (1325)","timestamp":"2025-04-13 08:46:06"}
{"level":"info","message":"execution (1027) run instruction [update] for node (1332)","timestamp":"2025-04-13 08:46:06"}
{"level":"info","message":"execution (1027) run instruction [update] for node (1332) finished as status: 1","timestamp":"2025-04-13 08:46:06"}
{"level":"info","message":"execution (1027) run instruction [condition] for node (1325)","timestamp":"2025-04-13 08:46:06"}
{"level":"info","message":"execution (1027) run instruction [condition] for node (1325) finished as status: 1","timestamp":"2025-04-13 08:46:06"}
{"level":"info","message":"execution (1027) run instruction [sql] for node (1322)","timestamp":"2025-04-13 08:46:06"}
{"level":"info","message":"execution (1027) run instruction [sql] for node (1322) finished as status: 1","timestamp":"2025-04-13 08:46:07"}
{"level":"info","message":"execution (1027) run instruction [sql] for node (1323)","timestamp":"2025-04-13 08:46:07"}
{"level":"info","message":"execution (1027) run instruction [sql] for node (1323) finished as status: 1","timestamp":"2025-04-13 08:46:07"}
{"level":"info","message":"execution (1027) exiting with status 1","timestamp":"2025-04-13 08:46:07"}
{"level":"info","message":"execution (1027) exiting with status 1","timestamp":"2025-04-13 08:46:07"}
{"level":"info","execution":{"id":1027,"createdAt":"2025-04-13T08:46:06.873Z","updatedAt":"2025-04-13T08:46:07.018Z","key":"w32t694son5","eventKey":"9f899bb0-6eda-47aa-ada3-bbb01e96a6bd","context":{"data":{"createdAt":"2025-04-13T03:26:15.133Z","updatedAt":"2025-04-13T08:46:06.808Z","start_date":"2025-04-13T08:00:26.000Z","end_date":"2025-04-13T08:50:00.000Z","employee_id":1,"create_course_id":157,"salary_id":null,"status_sort":6,"status":"Attend","id":554,"status_convert":0,"month_convert":"4/2025","time_calculation":null,"student":"A Student","duration":null,"createdById":null,"updatedById":null,"teaching_fee":0,"create_course_db":{"createdAt":"2025-04-13T03:26:15.074Z","updatedAt":"2025-04-13T03:26:15.084Z","start_date":"2025-04-13T08:00:26.000Z","end_date":"2025-04-13T08:50:00.000Z","package_id":3,"id":157,"payment_method":"Cash","progress":0.1,"fee":950,"student_id":5,"invoice_number":"INV1","payment_date":"2025-04-13","createdById":1,"updatedById":1,"package_db":{"createdAt":"2025-04-04T08:27:13.303Z","updatedAt":"2025-04-09T15:33:58.807Z","name_sort":6,"nop_sort":3,"fee":950,"id":3,"name":"PV10 - 👤","transport_fee":null,"quantity":10,"type":"PV","nop":"1","createdById":1,"updatedById":1}}}},"status":1,"stack":null,"output":null,"workflowId":150},"message":"execution (1027) finished with status: 1","timestamp":"2025-04-13 08:46:07"}
