{"level":"info","message":"execution of workflow 214 created as 20753","timestamp":"2025-04-22 15:21:19"}
{"level":"info","message":"queueing execution (20753) from pending list updated to started","timestamp":"2025-04-22 15:21:19"}
{"level":"info","message":"execution (20753) starting...","timestamp":"2025-04-22 15:21:19"}
{"level":"info","message":"execution (20753) run instruction [query] for node (2254)","timestamp":"2025-04-22 15:21:19"}
{"level":"info","message":"execution (20753) run instruction [query] for node (2254) finished as status: 1","timestamp":"2025-04-22 15:21:19"}
{"level":"info","message":"execution (20753) run instruction [calculation] for node (2255)","timestamp":"2025-04-22 15:21:19"}
{"level":"info","message":"execution (20753) run instruction [calculation] for node (2255) finished as status: 1","timestamp":"2025-04-22 15:21:19"}
{"level":"info","message":"execution (20753) run instruction [query] for node (2256)","timestamp":"2025-04-22 15:21:19"}
{"level":"info","message":"execution (20753) run instruction [query] for node (2256) finished as status: 1","timestamp":"2025-04-22 15:21:19"}
{"level":"info","message":"execution (20753) run instruction [condition] for node (2257)","timestamp":"2025-04-22 15:21:19"}
{"level":"info","message":"execution (20753) run instruction [update] for node (2261)","timestamp":"2025-04-22 15:21:19"}
{"level":"info","message":"execution (20753) run instruction [update] for node (2261) finished as status: 1","timestamp":"2025-04-22 15:21:19"}
{"level":"info","message":"execution (20753) run instruction [update] for node (2260)","timestamp":"2025-04-22 15:21:19"}
{"level":"info","message":"execution (20753) run instruction [update] for node (2260) finished as status: 1","timestamp":"2025-04-22 15:21:19"}
{"level":"info","message":"execution (20753) run instruction [condition] for node (2257)","timestamp":"2025-04-22 15:21:19"}
{"level":"info","message":"execution (20753) run instruction [condition] for node (2257) finished as status: 1","timestamp":"2025-04-22 15:21:19"}
{"level":"info","message":"execution (20753) exiting with status 1","timestamp":"2025-04-22 15:21:19"}
{"level":"info","message":"execution (20753) exiting with status 1","timestamp":"2025-04-22 15:21:19"}
{"level":"info","execution":{"id":20753,"context":{"data":{"createdAt":"2025-04-21T14:14:40.208Z","updatedAt":"2025-04-21T14:54:10.824Z","start_date":"2023-12-01T14:00:00.000Z","end_date":"2023-12-01T14:50:00.000Z","package_id":2,"discount":0,"month_convert":"2023/11","id":1,"total":400,"transport_fee":0,"payment_method":"Online Transfer","fee":400,"progress":1,"student_id":87,"invoice_number":null,"payment_date":"2023-11-26","salary_id":null,"createdById":3,"updatedById":1,"createdBy":{"createdAt":"2025-04-02T02:52:35.125Z","updatedAt":"2025-04-02T02:52:35.125Z","nickname":"Felicia","username":"felicia","email":"t.xinyi98@gmail.com","phone":null,"password":"160dabe583514020485d260fddf382262c07b48beed0c55a1d405fbc13b131f7","passwordChangeTz":null,"appLang":null,"resetToken":null,"systemSettings":{},"sort":3,"id":3,"createdById":1,"updatedById":1,"admin_db":{"createdAt":"2025-04-22T03:20:04.564Z","updatedAt":"2025-04-22T14:48:12.935Z","users_id":3,"nickname":"Felicia","contact_number":null,"emergency_contact_name":null,"bank_name":null,"gender":null,"dob":null,"email":null,"emergency_contact_number":null,"name":"Tan Xin Yi","identity_card":null,"address":null,"start_date":null,"bank_account":null,"id":1,"createdById":1,"updatedById":3}}}},"key":"u5phrpskvkc","eventKey":"ed3dfff6-3b67-4efa-afbc-9b7b8bf5d826","stack":null,"status":1,"workflowId":214,"updatedAt":"2025-04-22T15:21:19.648Z","createdAt":"2025-04-22T15:21:19.597Z","output":null},"message":"execution (20753) finished with status: 1","timestamp":"2025-04-22 15:21:19"}
{"level":"info","message":"execution of workflow 214 created as 20754","timestamp":"2025-04-22 15:21:36"}
{"level":"info","message":"queueing execution (20754) from pending list updated to started","timestamp":"2025-04-22 15:21:36"}
{"level":"info","message":"execution (20754) starting...","timestamp":"2025-04-22 15:21:36"}
{"level":"info","message":"execution (20754) run instruction [query] for node (2254)","timestamp":"2025-04-22 15:21:36"}
{"level":"info","message":"execution (20754) run instruction [query] for node (2254) finished as status: 1","timestamp":"2025-04-22 15:21:36"}
{"level":"info","message":"execution (20754) run instruction [calculation] for node (2255)","timestamp":"2025-04-22 15:21:36"}
{"level":"info","message":"execution (20754) run instruction [calculation] for node (2255) finished as status: 1","timestamp":"2025-04-22 15:21:36"}
{"level":"info","message":"execution (20754) run instruction [query] for node (2256)","timestamp":"2025-04-22 15:21:36"}
{"level":"info","message":"execution (20754) run instruction [query] for node (2256) finished as status: 1","timestamp":"2025-04-22 15:21:36"}
{"level":"info","message":"execution (20754) run instruction [condition] for node (2257)","timestamp":"2025-04-22 15:21:36"}
{"level":"info","message":"execution (20754) run instruction [update] for node (2261)","timestamp":"2025-04-22 15:21:36"}
{"level":"info","message":"execution (20754) run instruction [update] for node (2261) finished as status: 1","timestamp":"2025-04-22 15:21:36"}
{"level":"info","message":"execution (20754) run instruction [update] for node (2260)","timestamp":"2025-04-22 15:21:36"}
{"level":"info","message":"execution (20754) run instruction [update] for node (2260) finished as status: 1","timestamp":"2025-04-22 15:21:36"}
{"level":"info","message":"execution (20754) run instruction [condition] for node (2257)","timestamp":"2025-04-22 15:21:36"}
{"level":"info","message":"execution (20754) run instruction [condition] for node (2257) finished as status: 1","timestamp":"2025-04-22 15:21:36"}
{"level":"info","message":"execution (20754) exiting with status 1","timestamp":"2025-04-22 15:21:36"}
{"level":"info","message":"execution (20754) exiting with status 1","timestamp":"2025-04-22 15:21:36"}
{"level":"info","execution":{"id":20754,"context":{"data":{"createdAt":"2025-04-21T14:59:49.251Z","updatedAt":"2025-04-21T14:59:49.269Z","start_date":"2023-12-06T16:00:00.000Z","end_date":"2023-12-06T16:50:00.000Z","package_id":2,"discount":0,"month_convert":"2023/12","id":2,"total":400,"transport_fee":0,"payment_method":"Online Transfer","fee":400,"progress":0.75,"student_id":75,"invoice_number":null,"payment_date":"2023-12-06","salary_id":null,"createdById":3,"updatedById":3,"createdBy":{"createdAt":"2025-04-02T02:52:35.125Z","updatedAt":"2025-04-02T02:52:35.125Z","nickname":"Felicia","username":"felicia","email":"t.xinyi98@gmail.com","phone":null,"password":"160dabe583514020485d260fddf382262c07b48beed0c55a1d405fbc13b131f7","passwordChangeTz":null,"appLang":null,"resetToken":null,"systemSettings":{},"sort":3,"id":3,"createdById":1,"updatedById":1,"admin_db":{"createdAt":"2025-04-22T03:20:04.564Z","updatedAt":"2025-04-22T14:48:12.935Z","users_id":3,"nickname":"Felicia","contact_number":null,"emergency_contact_name":null,"bank_name":null,"gender":null,"dob":null,"email":null,"emergency_contact_number":null,"name":"Tan Xin Yi","identity_card":null,"address":null,"start_date":null,"bank_account":null,"id":1,"createdById":1,"updatedById":3}}}},"key":"u5phrpskvkc","eventKey":"aa8ac342-0285-4d69-b31e-8be846abbccf","stack":null,"status":1,"workflowId":214,"updatedAt":"2025-04-22T15:21:36.360Z","createdAt":"2025-04-22T15:21:36.320Z","output":null},"message":"execution (20754) finished with status: 1","timestamp":"2025-04-22 15:21:36"}
