{"level":"info","message":"new event triggered, now events: 1","timestamp":"2025-04-18 14:20:08"}
{"level":"info","message":"preparing execution for event","timestamp":"2025-04-18 14:20:08"}
{"level":"info","message":"execution of workflow 162 created as 1172","timestamp":"2025-04-18 14:20:08"}
{"level":"info","message":"pending execution (1172) ready to process","timestamp":"2025-04-18 14:20:08"}
{"level":"info","message":"queueing execution (1172) from pending list updated to started","timestamp":"2025-04-18 14:20:08"}
{"level":"info","message":"execution (1172) starting...","timestamp":"2025-04-18 14:20:08"}
{"level":"info","message":"execution (1172) run instruction [query] for node (1482)","timestamp":"2025-04-18 14:20:08"}
{"level":"info","message":"execution (1172) run instruction [query] for node (1482) finished as status: 1","timestamp":"2025-04-18 14:20:08"}
{"level":"info","message":"execution (1172) run instruction [condition] for node (1484)","timestamp":"2025-04-18 14:20:08"}
{"level":"info","message":"execution (1172) run instruction [update] for node (1485)","timestamp":"2025-04-18 14:20:08"}
{"level":"info","message":"execution (1172) run instruction [update] for node (1485) finished as status: 1","timestamp":"2025-04-18 14:20:08"}
{"level":"info","message":"execution (1172) run instruction [condition] for node (1484)","timestamp":"2025-04-18 14:20:08"}
{"level":"info","message":"execution (1172) run instruction [condition] for node (1484) finished as status: 1","timestamp":"2025-04-18 14:20:08"}
{"level":"info","message":"execution (1172) run instruction [condition] for node (1486)","timestamp":"2025-04-18 14:20:08"}
{"level":"info","message":"execution (1172) run instruction [update] for node (1491)","timestamp":"2025-04-18 14:20:08"}
{"level":"info","message":"execution (1172) run instruction [update] for node (1491) finished as status: 1","timestamp":"2025-04-18 14:20:08"}
{"level":"info","message":"execution (1172) run instruction [condition] for node (1486)","timestamp":"2025-04-18 14:20:08"}
{"level":"info","message":"execution (1172) run instruction [condition] for node (1486) finished as status: 1","timestamp":"2025-04-18 14:20:08"}
{"level":"info","message":"execution (1172) run instruction [sql] for node (1492)","timestamp":"2025-04-18 14:20:08"}
{"level":"info","message":"execution (1172) run instruction [sql] for node (1492) finished as status: 1","timestamp":"2025-04-18 14:20:08"}
{"level":"info","message":"execution (1172) run instruction [sql] for node (1493)","timestamp":"2025-04-18 14:20:08"}
{"level":"info","message":"execution (1172) run instruction [sql] for node (1493) finished as status: 1","timestamp":"2025-04-18 14:20:08"}
{"level":"info","message":"execution (1172) exiting with status 1","timestamp":"2025-04-18 14:20:08"}
{"level":"info","message":"execution (1172) exiting with status 1","timestamp":"2025-04-18 14:20:08"}
{"level":"info","message":"execution (1172) exiting with status 1","timestamp":"2025-04-18 14:20:08"}
{"level":"info","execution":{"id":1172,"context":{"data":{"createdAt":"2025-04-18T01:06:45.439Z","updatedAt":"2025-04-18T14:20:08.725Z","start_date":"2025-04-18T08:00:06.000Z","end_date":"2025-04-18T08:50:00.000Z","employee_id":1,"create_course_id":159,"salary_id":1,"remark":null,"status_sort":30,"id":568,"status":"Inactive","status_convert":1,"month_convert":"4/2025","student":"B Student","teaching_fee":0,"actual_class_date":null,"createdById":null,"updatedById":1,"salary_db":{"createdAt":"2025-04-05T13:23:25.985Z","updatedAt":"2025-04-09T14:30:50.356Z","employee_id":1,"salary_amount":0,"id":1,"date":"2025-04-01","monthly":"4/2025","createdById":null,"updatedById":1,"attendance_db":[{"createdAt":"2025-04-18T01:06:45.439Z","updatedAt":"2025-04-18T14:20:08.725Z","start_date":"2025-04-18T08:00:06.000Z","end_date":"2025-04-18T08:50:00.000Z","employee_id":1,"create_course_id":159,"salary_id":1,"remark":null,"status_sort":30,"id":568,"status":"Inactive","status_convert":1,"month_convert":"4/2025","student":"B Student","teaching_fee":0,"actual_class_date":null,"createdById":null,"updatedById":1}]},"create_course_db":{"createdAt":"2025-04-18T01:06:45.091Z","updatedAt":"2025-04-18T05:58:13.030Z","start_date":"2025-04-18T08:00:26.000Z","end_date":"2025-04-18T08:50:00.000Z","package_id":2,"id":159,"payment_method":"Cash","progress":0.25,"fee":400,"transport_fee":0,"student_id":5,"total":400,"invoice_number":"INV1","payment_date":"2025-04-18","createdById":1,"updatedById":1,"package_db":{"createdAt":"2025-04-04T05:48:00.404Z","updatedAt":"2025-04-09T15:33:56.292Z","name_sort":5,"nop_sort":2,"fee":400,"id":2,"name":"PV4 - 👤","transport_fee":null,"quantity":4,"type":"PV","nop":"1","createdById":1,"updatedById":1}},"employee_db":{"createdAt":"2025-04-02T13:39:00.321Z","updatedAt":"2025-04-18T14:17:58.938Z","bank_name":"Hong Leong Bank","bank_account":"1","emergency_contact_number":"1","job_title":"Swimming Coach","name":"Lee Chin Meng","contact_number":"0142788556","id":1,"identity_card":"990422016885","email":"xmrxperfectx@gmail.com","address":"No 28, Jalan Desa Putih 9, Taman Desa Putih","gender":"Male","emergency_contact_name":"1","user_id":1,"nickname":"Felix","dob":"1999-04-22","start_date":"2024-04-22","end_date":null,"level":"Special","createdById":1,"updatedById":1}}},"key":"ju393tq5yqm","eventKey":"f921b240-847a-42fe-8877-e3349b46fe9c","stack":null,"status":1,"workflowId":162,"updatedAt":"2025-04-18T14:20:08.816Z","createdAt":"2025-04-18T14:20:08.762Z","output":null},"message":"execution (1172) finished with status: 1","timestamp":"2025-04-18 14:20:08"}
{"level":"info","message":"new event triggered, now events: 1","timestamp":"2025-04-18 14:20:10"}
{"level":"info","message":"preparing execution for event","timestamp":"2025-04-18 14:20:10"}
{"level":"info","message":"execution of workflow 162 created as 1173","timestamp":"2025-04-18 14:20:10"}
{"level":"info","message":"pending execution (1173) ready to process","timestamp":"2025-04-18 14:20:10"}
{"level":"info","message":"queueing execution (1173) from pending list updated to started","timestamp":"2025-04-18 14:20:10"}
{"level":"info","message":"execution (1173) starting...","timestamp":"2025-04-18 14:20:10"}
{"level":"info","message":"execution (1173) run instruction [query] for node (1482)","timestamp":"2025-04-18 14:20:10"}
{"level":"info","message":"execution (1173) run instruction [query] for node (1482) finished as status: 1","timestamp":"2025-04-18 14:20:10"}
{"level":"info","message":"execution (1173) run instruction [condition] for node (1484)","timestamp":"2025-04-18 14:20:10"}
{"level":"info","message":"execution (1173) run instruction [update] for node (1483)","timestamp":"2025-04-18 14:20:10"}
{"level":"info","message":"execution (1173) run instruction [update] for node (1483) finished as status: 1","timestamp":"2025-04-18 14:20:10"}
{"level":"info","message":"execution (1173) run instruction [condition] for node (1484)","timestamp":"2025-04-18 14:20:10"}
{"level":"info","message":"execution (1173) run instruction [condition] for node (1484) finished as status: 1","timestamp":"2025-04-18 14:20:10"}
{"level":"info","message":"execution (1173) run instruction [condition] for node (1486)","timestamp":"2025-04-18 14:20:10"}
{"level":"info","message":"execution (1173) run instruction [parallel] for node (1487)","timestamp":"2025-04-18 14:20:10"}
{"level":"info","message":"execution (1173) run instruction [calculation] for node (1490)","timestamp":"2025-04-18 14:20:10"}
{"level":"info","message":"execution (1173) run instruction [calculation] for node (1490) finished as status: 1","timestamp":"2025-04-18 14:20:10"}
{"level":"info","message":"execution (1173) run instruction [update] for node (1488)","timestamp":"2025-04-18 14:20:10"}
{"level":"info","message":"execution (1173) run instruction [update] for node (1488) finished as status: 1","timestamp":"2025-04-18 14:20:10"}
{"level":"info","message":"execution (1173) run instruction [parallel] for node (1487)","timestamp":"2025-04-18 14:20:10"}
{"level":"info","message":"execution (1173) exiting with status 0","timestamp":"2025-04-18 14:20:10"}
{"level":"info","message":"execution (1173) exiting with status 0","timestamp":"2025-04-18 14:20:10"}
{"level":"info","message":"execution (1173) run instruction [query] for node (1494)","timestamp":"2025-04-18 14:20:10"}
{"level":"info","message":"execution (1173) run instruction [query] for node (1494) finished as status: 1","timestamp":"2025-04-18 14:20:10"}
{"level":"info","message":"execution (1173) run instruction [calculation] for node (1495)","timestamp":"2025-04-18 14:20:10"}
{"level":"info","message":"execution (1173) run instruction [calculation] for node (1495) finished as status: 1","timestamp":"2025-04-18 14:20:10"}
{"level":"info","message":"execution (1173) run instruction [update] for node (1489)","timestamp":"2025-04-18 14:20:10"}
{"level":"info","message":"execution (1173) run instruction [update] for node (1489) finished as status: 1","timestamp":"2025-04-18 14:20:10"}
{"level":"info","message":"execution (1173) run instruction [parallel] for node (1487)","timestamp":"2025-04-18 14:20:10"}
{"level":"info","message":"execution (1173) run instruction [parallel] for node (1487) finished as status: 1","timestamp":"2025-04-18 14:20:10"}
{"level":"info","message":"execution (1173) run instruction [condition] for node (1486)","timestamp":"2025-04-18 14:20:10"}
{"level":"info","message":"execution (1173) run instruction [condition] for node (1486) finished as status: 1","timestamp":"2025-04-18 14:20:10"}
{"level":"info","message":"execution (1173) run instruction [sql] for node (1492)","timestamp":"2025-04-18 14:20:10"}
{"level":"info","message":"execution (1173) run instruction [sql] for node (1492) finished as status: 1","timestamp":"2025-04-18 14:20:10"}
{"level":"info","message":"execution (1173) run instruction [sql] for node (1493)","timestamp":"2025-04-18 14:20:10"}
{"level":"info","message":"execution (1173) run instruction [sql] for node (1493) finished as status: 1","timestamp":"2025-04-18 14:20:10"}
{"level":"info","message":"execution (1173) exiting with status 1","timestamp":"2025-04-18 14:20:10"}
{"level":"info","message":"execution (1173) exiting with status 1","timestamp":"2025-04-18 14:20:10"}
{"level":"info","message":"execution (1173) exiting with status 1","timestamp":"2025-04-18 14:20:10"}
{"level":"info","message":"execution (1173) exiting with status 1","timestamp":"2025-04-18 14:20:10"}
{"level":"info","execution":{"id":1173,"context":{"data":{"createdAt":"2025-04-18T01:06:45.439Z","updatedAt":"2025-04-18T14:20:10.180Z","start_date":"2025-04-18T08:00:06.000Z","end_date":"2025-04-18T08:50:00.000Z","employee_id":1,"create_course_id":159,"salary_id":null,"remark":null,"status_sort":1,"id":568,"status":"Attend","status_convert":0,"month_convert":"4/2025","student":"B Student","teaching_fee":0,"actual_class_date":null,"createdById":null,"updatedById":1,"salary_db":null,"create_course_db":{"createdAt":"2025-04-18T01:06:45.091Z","updatedAt":"2025-04-18T05:58:13.030Z","start_date":"2025-04-18T08:00:26.000Z","end_date":"2025-04-18T08:50:00.000Z","package_id":2,"id":159,"payment_method":"Cash","progress":0,"fee":400,"transport_fee":0,"student_id":5,"total":400,"invoice_number":"INV1","payment_date":"2025-04-18","createdById":1,"updatedById":1,"package_db":{"createdAt":"2025-04-04T05:48:00.404Z","updatedAt":"2025-04-09T15:33:56.292Z","name_sort":5,"nop_sort":2,"fee":400,"id":2,"name":"PV4 - 👤","transport_fee":null,"quantity":4,"type":"PV","nop":"1","createdById":1,"updatedById":1}},"employee_db":{"createdAt":"2025-04-02T13:39:00.321Z","updatedAt":"2025-04-18T14:17:58.938Z","bank_name":"Hong Leong Bank","bank_account":"1","emergency_contact_number":"1","job_title":"Swimming Coach","name":"Lee Chin Meng","contact_number":"0142788556","id":1,"identity_card":"990422016885","email":"xmrxperfectx@gmail.com","address":"No 28, Jalan Desa Putih 9, Taman Desa Putih","gender":"Male","emergency_contact_name":"1","user_id":1,"nickname":"Felix","dob":"1999-04-22","start_date":"2024-04-22","end_date":null,"level":"Special","createdById":1,"updatedById":1}}},"key":"ju393tq5yqm","eventKey":"bdfaae20-4ab7-4cf7-9bbf-3446a40679c7","stack":null,"status":1,"workflowId":162,"updatedAt":"2025-04-18T14:20:10.262Z","createdAt":"2025-04-18T14:20:10.188Z","output":null},"message":"execution (1173) finished with status: 1","timestamp":"2025-04-18 14:20:10"}
{"level":"info","message":"new event triggered, now events: 1","timestamp":"2025-04-18 14:21:42"}
{"level":"info","message":"preparing execution for event","timestamp":"2025-04-18 14:21:42"}
{"level":"info","message":"execution of workflow 162 created as 1175","timestamp":"2025-04-18 14:21:42"}
{"level":"info","message":"new event triggered, now events: 1","timestamp":"2025-04-18 14:21:42"}
{"level":"info","message":"preparing execution for event","timestamp":"2025-04-18 14:21:42"}
{"level":"info","message":"execution of workflow 162 created as 1176","timestamp":"2025-04-18 14:21:42"}
{"level":"info","message":"new event triggered, now events: 1","timestamp":"2025-04-18 14:21:42"}
{"level":"info","message":"preparing execution for event","timestamp":"2025-04-18 14:21:42"}
{"level":"info","message":"execution of workflow 162 created as 1177","timestamp":"2025-04-18 14:21:42"}
{"level":"info","message":"new event triggered, now events: 1","timestamp":"2025-04-18 14:21:42"}
{"level":"info","message":"preparing execution for event","timestamp":"2025-04-18 14:21:42"}
{"level":"info","message":"execution of workflow 162 created as 1178","timestamp":"2025-04-18 14:21:42"}
{"level":"info","message":"execution (1175) fetched from db","timestamp":"2025-04-18 14:21:42"}
{"level":"info","message":"execution (1175) starting...","timestamp":"2025-04-18 14:21:42"}
{"level":"info","message":"execution (1175) run instruction [query] for node (1482)","timestamp":"2025-04-18 14:21:42"}
{"level":"info","message":"execution (1175) run instruction [query] for node (1482) finished as status: 1","timestamp":"2025-04-18 14:21:42"}
{"level":"info","message":"execution (1175) run instruction [condition] for node (1484)","timestamp":"2025-04-18 14:21:42"}
{"level":"info","message":"execution (1175) run instruction [update] for node (1485)","timestamp":"2025-04-18 14:21:42"}
{"level":"error","message":"execution (1175) run instruction [update] for node (1485) failed:  Cannot read properties of undefined (reading 'replace')","stack":"TypeError: Cannot read properties of undefined (reading 'replace')\n    at escapeLike (/app/nocobase/node_modules/@nocobase/database/lib/operators/string.js:36:16)\n    at $notIncludes (/app/nocobase/node_modules/@nocobase/database/lib/operators/string.js:110:35)\n    at _FilterParser.toSequelizeParams (/app/nocobase/node_modules/@nocobase/database/lib/filter-parser.js:126:23)\n    at _OptionsParser.toSequelizeParams (/app/nocobase/node_modules/@nocobase/database/lib/options-parser.js:116:43)\n    at _Repository.buildQueryOptions (/app/nocobase/node_modules/@nocobase/database/lib/repository.js:538:27)\n    at _Repository.update (/app/nocobase/node_modules/@nocobase/database/lib/repository.js:394:34)\n    at process.processTicksAndRejections (node:internal/process/task_queues:95:5)\n    at async descriptor.value (/app/nocobase/node_modules/@nocobase/database/lib/decorators/transaction-decorator.js:84:29)\n    at async UpdateInstruction.run (/app/nocobase/node_modules/@nocobase/plugin-workflow/dist/server/instructions/UpdateInstruction.js:42:20)\n    at async Processor.exec (/app/nocobase/node_modules/@nocobase/plugin-workflow/dist/server/Processor.js:160:13)\n    at async ConditionInstruction.run (/app/nocobase/node_modules/@nocobase/plugin-workflow/dist/server/instructions/ConditionInstruction.js:77:5)\n    at async Processor.exec (/app/nocobase/node_modules/@nocobase/plugin-workflow/dist/server/Processor.js:160:13)\n    at async Processor.start (/app/nocobase/node_modules/@nocobase/plugin-workflow/dist/server/Processor.js:141:7)\n    at async PluginWorkflowServer.process (/app/nocobase/node_modules/@nocobase/plugin-workflow/dist/server/Plugin.js:602:7)\n    at async /app/nocobase/node_modules/@nocobase/plugin-workflow/dist/server/Plugin.js:579:9","timestamp":"2025-04-18 14:21:42"}
{"level":"info","message":"execution (1175) run instruction [update] for node (1485) finished as status: -2","timestamp":"2025-04-18 14:21:42"}
{"level":"info","message":"execution (1175) run instruction [condition] for node (1484)","timestamp":"2025-04-18 14:21:42"}
{"level":"info","message":"execution (1175) exiting with status -2","timestamp":"2025-04-18 14:21:42"}
{"level":"info","message":"execution (1175) exiting with status -2","timestamp":"2025-04-18 14:21:42"}
{"level":"info","message":"execution (1175) exiting with status -2","timestamp":"2025-04-18 14:21:42"}
{"level":"info","execution":{"id":1175,"createdAt":"2025-04-18T14:21:42.618Z","updatedAt":"2025-04-18T14:21:42.842Z","key":"ju393tq5yqm","eventKey":"822e57b3-9edd-4835-91a8-eae951efe820","context":{"data":{"createdAt":"2025-04-18T14:21:42.595Z","updatedAt":"2025-04-18T14:21:42.601Z","start_date":"2025-04-18T08:00:26.000Z","end_date":"2025-04-18T08:50:00.000Z","employee_id":1,"create_course_id":164,"salary_id":null,"remark":null,"status_sort":30,"id":598,"status":"Inactive","status_convert":0,"month_convert":"4/2025","student":"A Student","teaching_fee":0,"actual_class_date":"2025-04-18","createdById":null,"updatedById":null,"salary_db":null,"create_course_db":{"createdAt":"2025-04-18T14:21:42.511Z","updatedAt":"2025-04-18T14:21:42.531Z","start_date":"2025-04-18T08:00:26.000Z","end_date":"2025-04-18T08:50:00.000Z","package_id":8,"id":164,"payment_method":"Cash","progress":0,"fee":280,"transport_fee":0,"student_id":5,"total":280,"invoice_number":"INV123","payment_date":"2025-04-18","createdById":1,"updatedById":1,"package_db":{"createdAt":"2025-04-04T08:31:59.610Z","updatedAt":"2025-04-09T15:34:07.792Z","name_sort":11,"nop_sort":2,"fee":840,"id":8,"name":"PV4 - 👤👤👤","transport_fee":null,"quantity":4,"type":"PV","nop":"3","createdById":1,"updatedById":1}},"employee_db":{"createdAt":"2025-04-02T13:39:00.321Z","updatedAt":"2025-04-18T14:20:39.375Z","bank_name":"Hong Leong Bank","bank_account":"1","emergency_contact_number":"1","job_title":"Swimming Coach","name":"Lee Chin Meng","contact_number":"0142788556","id":1,"identity_card":"990422016885","email":"xmrxperfectx@gmail.com","address":"No 28, Jalan Desa Putih 9, Taman Desa Putih","gender":"Male","emergency_contact_name":"1","user_id":1,"nickname":"Felix","dob":"1999-04-22","start_date":"2024-04-22","end_date":null,"level":"LV 3","createdById":1,"updatedById":1}}},"status":-2,"stack":[1174],"output":null,"workflowId":162},"message":"execution (1175) finished with status: -2","timestamp":"2025-04-18 14:21:42"}
{"level":"info","message":"execution (1176) fetched from db","timestamp":"2025-04-18 14:21:42"}
{"level":"info","message":"execution (1176) starting...","timestamp":"2025-04-18 14:21:42"}
{"level":"info","message":"execution (1176) run instruction [query] for node (1482)","timestamp":"2025-04-18 14:21:42"}
{"level":"info","message":"execution (1176) run instruction [query] for node (1482) finished as status: 1","timestamp":"2025-04-18 14:21:42"}
{"level":"info","message":"execution (1176) run instruction [condition] for node (1484)","timestamp":"2025-04-18 14:21:42"}
{"level":"info","message":"execution (1176) run instruction [update] for node (1485)","timestamp":"2025-04-18 14:21:42"}
{"level":"error","message":"execution (1176) run instruction [update] for node (1485) failed:  Cannot read properties of undefined (reading 'replace')","stack":"TypeError: Cannot read properties of undefined (reading 'replace')\n    at escapeLike (/app/nocobase/node_modules/@nocobase/database/lib/operators/string.js:36:16)\n    at $notIncludes (/app/nocobase/node_modules/@nocobase/database/lib/operators/string.js:110:35)\n    at _FilterParser.toSequelizeParams (/app/nocobase/node_modules/@nocobase/database/lib/filter-parser.js:126:23)\n    at _OptionsParser.toSequelizeParams (/app/nocobase/node_modules/@nocobase/database/lib/options-parser.js:116:43)\n    at _Repository.buildQueryOptions (/app/nocobase/node_modules/@nocobase/database/lib/repository.js:538:27)\n    at _Repository.update (/app/nocobase/node_modules/@nocobase/database/lib/repository.js:394:34)\n    at process.processTicksAndRejections (node:internal/process/task_queues:95:5)\n    at async descriptor.value (/app/nocobase/node_modules/@nocobase/database/lib/decorators/transaction-decorator.js:84:29)\n    at async UpdateInstruction.run (/app/nocobase/node_modules/@nocobase/plugin-workflow/dist/server/instructions/UpdateInstruction.js:42:20)\n    at async Processor.exec (/app/nocobase/node_modules/@nocobase/plugin-workflow/dist/server/Processor.js:160:13)\n    at async ConditionInstruction.run (/app/nocobase/node_modules/@nocobase/plugin-workflow/dist/server/instructions/ConditionInstruction.js:77:5)\n    at async Processor.exec (/app/nocobase/node_modules/@nocobase/plugin-workflow/dist/server/Processor.js:160:13)\n    at async Processor.start (/app/nocobase/node_modules/@nocobase/plugin-workflow/dist/server/Processor.js:141:7)\n    at async PluginWorkflowServer.process (/app/nocobase/node_modules/@nocobase/plugin-workflow/dist/server/Plugin.js:602:7)\n    at async /app/nocobase/node_modules/@nocobase/plugin-workflow/dist/server/Plugin.js:579:9","timestamp":"2025-04-18 14:21:42"}
{"level":"info","message":"execution (1176) run instruction [update] for node (1485) finished as status: -2","timestamp":"2025-04-18 14:21:42"}
{"level":"info","message":"execution (1176) run instruction [condition] for node (1484)","timestamp":"2025-04-18 14:21:42"}
{"level":"info","message":"execution (1176) exiting with status -2","timestamp":"2025-04-18 14:21:42"}
{"level":"info","message":"execution (1176) exiting with status -2","timestamp":"2025-04-18 14:21:42"}
{"level":"info","message":"execution (1176) exiting with status -2","timestamp":"2025-04-18 14:21:42"}
{"level":"info","execution":{"id":1176,"createdAt":"2025-04-18T14:21:42.688Z","updatedAt":"2025-04-18T14:21:42.879Z","key":"ju393tq5yqm","eventKey":"e6222354-26cd-4da5-98cd-a8c77275d700","context":{"data":{"createdAt":"2025-04-18T14:21:42.659Z","updatedAt":"2025-04-18T14:21:42.664Z","start_date":"2025-04-25T08:00:00.000Z","end_date":"2025-04-25T08:50:00.000Z","employee_id":1,"create_course_id":164,"salary_id":null,"remark":null,"status_sort":31,"id":599,"status":"Inactive","status_convert":0,"month_convert":"4/2025","student":"A Student","teaching_fee":0,"actual_class_date":"2025-04-25","createdById":null,"updatedById":null,"salary_db":null,"create_course_db":{"createdAt":"2025-04-18T14:21:42.511Z","updatedAt":"2025-04-18T14:21:42.531Z","start_date":"2025-04-18T08:00:26.000Z","end_date":"2025-04-18T08:50:00.000Z","package_id":8,"id":164,"payment_method":"Cash","progress":0,"fee":280,"transport_fee":0,"student_id":5,"total":280,"invoice_number":"INV123","payment_date":"2025-04-18","createdById":1,"updatedById":1,"package_db":{"createdAt":"2025-04-04T08:31:59.610Z","updatedAt":"2025-04-09T15:34:07.792Z","name_sort":11,"nop_sort":2,"fee":840,"id":8,"name":"PV4 - 👤👤👤","transport_fee":null,"quantity":4,"type":"PV","nop":"3","createdById":1,"updatedById":1}},"employee_db":{"createdAt":"2025-04-02T13:39:00.321Z","updatedAt":"2025-04-18T14:20:39.375Z","bank_name":"Hong Leong Bank","bank_account":"1","emergency_contact_number":"1","job_title":"Swimming Coach","name":"Lee Chin Meng","contact_number":"0142788556","id":1,"identity_card":"990422016885","email":"xmrxperfectx@gmail.com","address":"No 28, Jalan Desa Putih 9, Taman Desa Putih","gender":"Male","emergency_contact_name":"1","user_id":1,"nickname":"Felix","dob":"1999-04-22","start_date":"2024-04-22","end_date":null,"level":"LV 3","createdById":1,"updatedById":1}}},"status":-2,"stack":[1174],"output":null,"workflowId":162},"message":"execution (1176) finished with status: -2","timestamp":"2025-04-18 14:21:42"}
{"level":"info","message":"execution (1177) fetched from db","timestamp":"2025-04-18 14:21:42"}
{"level":"info","message":"execution (1177) starting...","timestamp":"2025-04-18 14:21:42"}
{"level":"info","message":"execution (1177) run instruction [query] for node (1482)","timestamp":"2025-04-18 14:21:42"}
{"level":"info","message":"execution (1177) run instruction [query] for node (1482) finished as status: 1","timestamp":"2025-04-18 14:21:42"}
{"level":"info","message":"execution (1177) run instruction [condition] for node (1484)","timestamp":"2025-04-18 14:21:42"}
{"level":"info","message":"execution (1177) run instruction [update] for node (1485)","timestamp":"2025-04-18 14:21:42"}
{"level":"error","message":"execution (1177) run instruction [update] for node (1485) failed:  Cannot read properties of undefined (reading 'replace')","stack":"TypeError: Cannot read properties of undefined (reading 'replace')\n    at escapeLike (/app/nocobase/node_modules/@nocobase/database/lib/operators/string.js:36:16)\n    at $notIncludes (/app/nocobase/node_modules/@nocobase/database/lib/operators/string.js:110:35)\n    at _FilterParser.toSequelizeParams (/app/nocobase/node_modules/@nocobase/database/lib/filter-parser.js:126:23)\n    at _OptionsParser.toSequelizeParams (/app/nocobase/node_modules/@nocobase/database/lib/options-parser.js:116:43)\n    at _Repository.buildQueryOptions (/app/nocobase/node_modules/@nocobase/database/lib/repository.js:538:27)\n    at _Repository.update (/app/nocobase/node_modules/@nocobase/database/lib/repository.js:394:34)\n    at process.processTicksAndRejections (node:internal/process/task_queues:95:5)\n    at async descriptor.value (/app/nocobase/node_modules/@nocobase/database/lib/decorators/transaction-decorator.js:84:29)\n    at async UpdateInstruction.run (/app/nocobase/node_modules/@nocobase/plugin-workflow/dist/server/instructions/UpdateInstruction.js:42:20)\n    at async Processor.exec (/app/nocobase/node_modules/@nocobase/plugin-workflow/dist/server/Processor.js:160:13)\n    at async ConditionInstruction.run (/app/nocobase/node_modules/@nocobase/plugin-workflow/dist/server/instructions/ConditionInstruction.js:77:5)\n    at async Processor.exec (/app/nocobase/node_modules/@nocobase/plugin-workflow/dist/server/Processor.js:160:13)\n    at async Processor.start (/app/nocobase/node_modules/@nocobase/plugin-workflow/dist/server/Processor.js:141:7)\n    at async PluginWorkflowServer.process (/app/nocobase/node_modules/@nocobase/plugin-workflow/dist/server/Plugin.js:602:7)\n    at async /app/nocobase/node_modules/@nocobase/plugin-workflow/dist/server/Plugin.js:579:9","timestamp":"2025-04-18 14:21:42"}
{"level":"info","message":"execution (1177) run instruction [update] for node (1485) finished as status: -2","timestamp":"2025-04-18 14:21:42"}
{"level":"info","message":"execution (1177) run instruction [condition] for node (1484)","timestamp":"2025-04-18 14:21:42"}
{"level":"info","message":"execution (1177) exiting with status -2","timestamp":"2025-04-18 14:21:42"}
{"level":"info","message":"execution (1177) exiting with status -2","timestamp":"2025-04-18 14:21:42"}
{"level":"info","message":"execution (1177) exiting with status -2","timestamp":"2025-04-18 14:21:42"}
{"level":"info","execution":{"id":1177,"createdAt":"2025-04-18T14:21:42.750Z","updatedAt":"2025-04-18T14:21:42.908Z","key":"ju393tq5yqm","eventKey":"cd4f393d-1874-4279-804b-15c161588381","context":{"data":{"createdAt":"2025-04-18T14:21:42.718Z","updatedAt":"2025-04-18T14:21:42.722Z","start_date":"2025-05-02T08:00:00.000Z","end_date":"2025-05-02T08:50:00.000Z","employee_id":1,"create_course_id":164,"salary_id":null,"remark":null,"status_sort":32,"id":600,"status":"Inactive","status_convert":0,"month_convert":"5/2025","student":"A Student","teaching_fee":0,"actual_class_date":"2025-05-02","createdById":null,"updatedById":null,"salary_db":null,"create_course_db":{"createdAt":"2025-04-18T14:21:42.511Z","updatedAt":"2025-04-18T14:21:42.531Z","start_date":"2025-04-18T08:00:26.000Z","end_date":"2025-04-18T08:50:00.000Z","package_id":8,"id":164,"payment_method":"Cash","progress":0,"fee":280,"transport_fee":0,"student_id":5,"total":280,"invoice_number":"INV123","payment_date":"2025-04-18","createdById":1,"updatedById":1,"package_db":{"createdAt":"2025-04-04T08:31:59.610Z","updatedAt":"2025-04-09T15:34:07.792Z","name_sort":11,"nop_sort":2,"fee":840,"id":8,"name":"PV4 - 👤👤👤","transport_fee":null,"quantity":4,"type":"PV","nop":"3","createdById":1,"updatedById":1}},"employee_db":{"createdAt":"2025-04-02T13:39:00.321Z","updatedAt":"2025-04-18T14:20:39.375Z","bank_name":"Hong Leong Bank","bank_account":"1","emergency_contact_number":"1","job_title":"Swimming Coach","name":"Lee Chin Meng","contact_number":"0142788556","id":1,"identity_card":"990422016885","email":"xmrxperfectx@gmail.com","address":"No 28, Jalan Desa Putih 9, Taman Desa Putih","gender":"Male","emergency_contact_name":"1","user_id":1,"nickname":"Felix","dob":"1999-04-22","start_date":"2024-04-22","end_date":null,"level":"LV 3","createdById":1,"updatedById":1}}},"status":-2,"stack":[1174],"output":null,"workflowId":162},"message":"execution (1177) finished with status: -2","timestamp":"2025-04-18 14:21:42"}
{"level":"info","message":"execution (1178) fetched from db","timestamp":"2025-04-18 14:21:42"}
{"level":"info","message":"execution (1178) starting...","timestamp":"2025-04-18 14:21:42"}
{"level":"info","message":"execution (1178) run instruction [query] for node (1482)","timestamp":"2025-04-18 14:21:42"}
{"level":"info","message":"execution (1178) run instruction [query] for node (1482) finished as status: 1","timestamp":"2025-04-18 14:21:42"}
{"level":"info","message":"execution (1178) run instruction [condition] for node (1484)","timestamp":"2025-04-18 14:21:42"}
{"level":"info","message":"execution (1178) run instruction [update] for node (1485)","timestamp":"2025-04-18 14:21:42"}
{"level":"error","message":"execution (1178) run instruction [update] for node (1485) failed:  Cannot read properties of undefined (reading 'replace')","stack":"TypeError: Cannot read properties of undefined (reading 'replace')\n    at escapeLike (/app/nocobase/node_modules/@nocobase/database/lib/operators/string.js:36:16)\n    at $notIncludes (/app/nocobase/node_modules/@nocobase/database/lib/operators/string.js:110:35)\n    at _FilterParser.toSequelizeParams (/app/nocobase/node_modules/@nocobase/database/lib/filter-parser.js:126:23)\n    at _OptionsParser.toSequelizeParams (/app/nocobase/node_modules/@nocobase/database/lib/options-parser.js:116:43)\n    at _Repository.buildQueryOptions (/app/nocobase/node_modules/@nocobase/database/lib/repository.js:538:27)\n    at _Repository.update (/app/nocobase/node_modules/@nocobase/database/lib/repository.js:394:34)\n    at process.processTicksAndRejections (node:internal/process/task_queues:95:5)\n    at async descriptor.value (/app/nocobase/node_modules/@nocobase/database/lib/decorators/transaction-decorator.js:84:29)\n    at async UpdateInstruction.run (/app/nocobase/node_modules/@nocobase/plugin-workflow/dist/server/instructions/UpdateInstruction.js:42:20)\n    at async Processor.exec (/app/nocobase/node_modules/@nocobase/plugin-workflow/dist/server/Processor.js:160:13)\n    at async ConditionInstruction.run (/app/nocobase/node_modules/@nocobase/plugin-workflow/dist/server/instructions/ConditionInstruction.js:77:5)\n    at async Processor.exec (/app/nocobase/node_modules/@nocobase/plugin-workflow/dist/server/Processor.js:160:13)\n    at async Processor.start (/app/nocobase/node_modules/@nocobase/plugin-workflow/dist/server/Processor.js:141:7)\n    at async PluginWorkflowServer.process (/app/nocobase/node_modules/@nocobase/plugin-workflow/dist/server/Plugin.js:602:7)\n    at async /app/nocobase/node_modules/@nocobase/plugin-workflow/dist/server/Plugin.js:579:9","timestamp":"2025-04-18 14:21:42"}
{"level":"info","message":"execution (1178) run instruction [update] for node (1485) finished as status: -2","timestamp":"2025-04-18 14:21:42"}
{"level":"info","message":"execution (1178) run instruction [condition] for node (1484)","timestamp":"2025-04-18 14:21:42"}
{"level":"info","message":"execution (1178) exiting with status -2","timestamp":"2025-04-18 14:21:42"}
{"level":"info","message":"execution (1178) exiting with status -2","timestamp":"2025-04-18 14:21:42"}
{"level":"info","message":"execution (1178) exiting with status -2","timestamp":"2025-04-18 14:21:42"}
{"level":"info","execution":{"id":1178,"createdAt":"2025-04-18T14:21:42.780Z","updatedAt":"2025-04-18T14:21:42.927Z","key":"ju393tq5yqm","eventKey":"99e5fba1-2e7d-4e19-9c57-a1b2875359be","context":{"data":{"createdAt":"2025-04-18T14:21:42.749Z","updatedAt":"2025-04-18T14:21:42.759Z","start_date":"2025-05-09T08:00:00.000Z","end_date":"2025-05-09T08:50:00.000Z","employee_id":1,"create_course_id":164,"salary_id":null,"remark":null,"status_sort":33,"id":601,"status":"Inactive","status_convert":0,"month_convert":"5/2025","student":"A Student","teaching_fee":0,"actual_class_date":"2025-05-09","createdById":null,"updatedById":null,"salary_db":null,"create_course_db":{"createdAt":"2025-04-18T14:21:42.511Z","updatedAt":"2025-04-18T14:21:42.531Z","start_date":"2025-04-18T08:00:26.000Z","end_date":"2025-04-18T08:50:00.000Z","package_id":8,"id":164,"payment_method":"Cash","progress":0,"fee":280,"transport_fee":0,"student_id":5,"total":280,"invoice_number":"INV123","payment_date":"2025-04-18","createdById":1,"updatedById":1,"package_db":{"createdAt":"2025-04-04T08:31:59.610Z","updatedAt":"2025-04-09T15:34:07.792Z","name_sort":11,"nop_sort":2,"fee":840,"id":8,"name":"PV4 - 👤👤👤","transport_fee":null,"quantity":4,"type":"PV","nop":"3","createdById":1,"updatedById":1}},"employee_db":{"createdAt":"2025-04-02T13:39:00.321Z","updatedAt":"2025-04-18T14:20:39.375Z","bank_name":"Hong Leong Bank","bank_account":"1","emergency_contact_number":"1","job_title":"Swimming Coach","name":"Lee Chin Meng","contact_number":"0142788556","id":1,"identity_card":"990422016885","email":"xmrxperfectx@gmail.com","address":"No 28, Jalan Desa Putih 9, Taman Desa Putih","gender":"Male","emergency_contact_name":"1","user_id":1,"nickname":"Felix","dob":"1999-04-22","start_date":"2024-04-22","end_date":null,"level":"LV 3","createdById":1,"updatedById":1}}},"status":-2,"stack":[1174],"output":null,"workflowId":162},"message":"execution (1178) finished with status: -2","timestamp":"2025-04-18 14:21:42"}
{"level":"info","message":"new event triggered, now events: 1","timestamp":"2025-04-18 14:21:52"}
{"level":"info","message":"preparing execution for event","timestamp":"2025-04-18 14:21:52"}
{"level":"info","message":"execution of workflow 162 created as 1179","timestamp":"2025-04-18 14:21:52"}
{"level":"info","message":"pending execution (1179) ready to process","timestamp":"2025-04-18 14:21:52"}
{"level":"info","message":"queueing execution (1179) from pending list updated to started","timestamp":"2025-04-18 14:21:52"}
{"level":"info","message":"execution (1179) starting...","timestamp":"2025-04-18 14:21:52"}
{"level":"info","message":"execution (1179) run instruction [query] for node (1482)","timestamp":"2025-04-18 14:21:52"}
{"level":"info","message":"execution (1179) run instruction [query] for node (1482) finished as status: 1","timestamp":"2025-04-18 14:21:52"}
{"level":"info","message":"execution (1179) run instruction [condition] for node (1484)","timestamp":"2025-04-18 14:21:52"}
{"level":"info","message":"execution (1179) run instruction [update] for node (1483)","timestamp":"2025-04-18 14:21:52"}
{"level":"info","message":"execution (1179) run instruction [update] for node (1483) finished as status: 1","timestamp":"2025-04-18 14:21:52"}
{"level":"info","message":"execution (1179) run instruction [condition] for node (1484)","timestamp":"2025-04-18 14:21:52"}
{"level":"info","message":"execution (1179) run instruction [condition] for node (1484) finished as status: 1","timestamp":"2025-04-18 14:21:52"}
{"level":"info","message":"execution (1179) run instruction [condition] for node (1486)","timestamp":"2025-04-18 14:21:52"}
{"level":"info","message":"execution (1179) run instruction [parallel] for node (1487)","timestamp":"2025-04-18 14:21:52"}
{"level":"info","message":"execution (1179) run instruction [calculation] for node (1490)","timestamp":"2025-04-18 14:21:52"}
{"level":"info","message":"execution (1179) run instruction [calculation] for node (1490) finished as status: 1","timestamp":"2025-04-18 14:21:52"}
{"level":"info","message":"execution (1179) run instruction [update] for node (1488)","timestamp":"2025-04-18 14:21:52"}
{"level":"info","message":"execution (1179) run instruction [update] for node (1488) finished as status: 1","timestamp":"2025-04-18 14:21:52"}
{"level":"info","message":"execution (1179) run instruction [parallel] for node (1487)","timestamp":"2025-04-18 14:21:52"}
{"level":"info","message":"execution (1179) exiting with status 0","timestamp":"2025-04-18 14:21:52"}
{"level":"info","message":"execution (1179) exiting with status 0","timestamp":"2025-04-18 14:21:52"}
{"level":"info","message":"execution (1179) run instruction [query] for node (1494)","timestamp":"2025-04-18 14:21:52"}
{"level":"info","message":"execution (1179) run instruction [query] for node (1494) finished as status: 1","timestamp":"2025-04-18 14:21:52"}
{"level":"info","message":"execution (1179) run instruction [calculation] for node (1495)","timestamp":"2025-04-18 14:21:52"}
{"level":"info","message":"execution (1179) run instruction [calculation] for node (1495) finished as status: 1","timestamp":"2025-04-18 14:21:52"}
{"level":"info","message":"execution (1179) run instruction [update] for node (1489)","timestamp":"2025-04-18 14:21:52"}
{"level":"info","message":"execution (1179) run instruction [update] for node (1489) finished as status: 1","timestamp":"2025-04-18 14:21:52"}
{"level":"info","message":"execution (1179) run instruction [parallel] for node (1487)","timestamp":"2025-04-18 14:21:52"}
{"level":"info","message":"execution (1179) run instruction [parallel] for node (1487) finished as status: 1","timestamp":"2025-04-18 14:21:52"}
{"level":"info","message":"execution (1179) run instruction [condition] for node (1486)","timestamp":"2025-04-18 14:21:52"}
{"level":"info","message":"execution (1179) run instruction [condition] for node (1486) finished as status: 1","timestamp":"2025-04-18 14:21:52"}
{"level":"info","message":"execution (1179) run instruction [sql] for node (1492)","timestamp":"2025-04-18 14:21:52"}
{"level":"info","message":"execution (1179) run instruction [sql] for node (1492) finished as status: 1","timestamp":"2025-04-18 14:21:52"}
{"level":"info","message":"execution (1179) run instruction [sql] for node (1493)","timestamp":"2025-04-18 14:21:52"}
{"level":"info","message":"execution (1179) run instruction [sql] for node (1493) finished as status: 1","timestamp":"2025-04-18 14:21:52"}
{"level":"info","message":"execution (1179) exiting with status 1","timestamp":"2025-04-18 14:21:52"}
{"level":"info","message":"execution (1179) exiting with status 1","timestamp":"2025-04-18 14:21:52"}
{"level":"info","message":"execution (1179) exiting with status 1","timestamp":"2025-04-18 14:21:52"}
{"level":"info","message":"execution (1179) exiting with status 1","timestamp":"2025-04-18 14:21:52"}
{"level":"info","execution":{"id":1179,"context":{"data":{"createdAt":"2025-04-18T14:21:42.595Z","updatedAt":"2025-04-18T14:21:52.869Z","start_date":"2025-04-18T08:00:26.000Z","end_date":"2025-04-18T08:50:00.000Z","employee_id":1,"create_course_id":164,"salary_id":null,"remark":null,"status_sort":2,"id":598,"status":"Attend","status_convert":0,"month_convert":"4/2025","student":"A Student","teaching_fee":0,"actual_class_date":"2025-04-18","createdById":null,"updatedById":null,"salary_db":null,"create_course_db":{"createdAt":"2025-04-18T14:21:42.511Z","updatedAt":"2025-04-18T14:21:42.531Z","start_date":"2025-04-18T08:00:26.000Z","end_date":"2025-04-18T08:50:00.000Z","package_id":8,"id":164,"payment_method":"Cash","progress":0,"fee":280,"transport_fee":0,"student_id":5,"total":280,"invoice_number":"INV123","payment_date":"2025-04-18","createdById":1,"updatedById":1,"package_db":{"createdAt":"2025-04-04T08:31:59.610Z","updatedAt":"2025-04-09T15:34:07.792Z","name_sort":11,"nop_sort":2,"fee":840,"id":8,"name":"PV4 - 👤👤👤","transport_fee":null,"quantity":4,"type":"PV","nop":"3","createdById":1,"updatedById":1}},"employee_db":{"createdAt":"2025-04-02T13:39:00.321Z","updatedAt":"2025-04-18T14:20:39.375Z","bank_name":"Hong Leong Bank","bank_account":"1","emergency_contact_number":"1","job_title":"Swimming Coach","name":"Lee Chin Meng","contact_number":"0142788556","id":1,"identity_card":"990422016885","email":"xmrxperfectx@gmail.com","address":"No 28, Jalan Desa Putih 9, Taman Desa Putih","gender":"Male","emergency_contact_name":"1","user_id":1,"nickname":"Felix","dob":"1999-04-22","start_date":"2024-04-22","end_date":null,"level":"LV 3","createdById":1,"updatedById":1}}},"key":"ju393tq5yqm","eventKey":"23b2c4f8-fc15-45a3-b160-5267d3331ad0","stack":null,"status":1,"workflowId":162,"updatedAt":"2025-04-18T14:21:52.965Z","createdAt":"2025-04-18T14:21:52.884Z","output":null},"message":"execution (1179) finished with status: 1","timestamp":"2025-04-18 14:21:52"}
{"level":"info","message":"new event triggered, now events: 1","timestamp":"2025-04-18 14:36:28"}
{"level":"info","message":"preparing execution for event","timestamp":"2025-04-18 14:36:28"}
{"level":"info","message":"execution of workflow 162 created as 1180","timestamp":"2025-04-18 14:36:28"}
{"level":"info","message":"pending execution (1180) ready to process","timestamp":"2025-04-18 14:36:28"}
{"level":"info","message":"queueing execution (1180) from pending list updated to started","timestamp":"2025-04-18 14:36:28"}
{"level":"info","message":"execution (1180) starting...","timestamp":"2025-04-18 14:36:28"}
{"level":"info","message":"execution (1180) run instruction [query] for node (1482)","timestamp":"2025-04-18 14:36:28"}
{"level":"info","message":"execution (1180) run instruction [query] for node (1482) finished as status: 1","timestamp":"2025-04-18 14:36:28"}
{"level":"info","message":"execution (1180) run instruction [condition] for node (1484)","timestamp":"2025-04-18 14:36:28"}
{"level":"info","message":"execution (1180) run instruction [update] for node (1483)","timestamp":"2025-04-18 14:36:28"}
{"level":"info","message":"execution (1180) run instruction [update] for node (1483) finished as status: 1","timestamp":"2025-04-18 14:36:28"}
{"level":"info","message":"execution (1180) run instruction [condition] for node (1484)","timestamp":"2025-04-18 14:36:28"}
{"level":"info","message":"execution (1180) run instruction [condition] for node (1484) finished as status: 1","timestamp":"2025-04-18 14:36:28"}
{"level":"info","message":"execution (1180) run instruction [condition] for node (1486)","timestamp":"2025-04-18 14:36:28"}
{"level":"info","message":"execution (1180) run instruction [parallel] for node (1487)","timestamp":"2025-04-18 14:36:28"}
{"level":"info","message":"execution (1180) run instruction [calculation] for node (1490)","timestamp":"2025-04-18 14:36:28"}
{"level":"info","message":"execution (1180) run instruction [calculation] for node (1490) finished as status: 1","timestamp":"2025-04-18 14:36:28"}
{"level":"info","message":"execution (1180) run instruction [update] for node (1488)","timestamp":"2025-04-18 14:36:28"}
{"level":"info","message":"execution (1180) run instruction [update] for node (1488) finished as status: 1","timestamp":"2025-04-18 14:36:28"}
{"level":"info","message":"execution (1180) run instruction [parallel] for node (1487)","timestamp":"2025-04-18 14:36:28"}
{"level":"info","message":"execution (1180) exiting with status 0","timestamp":"2025-04-18 14:36:28"}
{"level":"info","message":"execution (1180) exiting with status 0","timestamp":"2025-04-18 14:36:28"}
{"level":"info","message":"execution (1180) run instruction [query] for node (1494)","timestamp":"2025-04-18 14:36:28"}
{"level":"info","message":"execution (1180) run instruction [query] for node (1494) finished as status: 1","timestamp":"2025-04-18 14:36:28"}
{"level":"info","message":"execution (1180) run instruction [calculation] for node (1495)","timestamp":"2025-04-18 14:36:28"}
{"level":"info","message":"execution (1180) run instruction [calculation] for node (1495) finished as status: 1","timestamp":"2025-04-18 14:36:28"}
{"level":"info","message":"execution (1180) run instruction [update] for node (1489)","timestamp":"2025-04-18 14:36:28"}
{"level":"info","message":"execution (1180) run instruction [update] for node (1489) finished as status: 1","timestamp":"2025-04-18 14:36:28"}
{"level":"info","message":"execution (1180) run instruction [parallel] for node (1487)","timestamp":"2025-04-18 14:36:28"}
{"level":"info","message":"execution (1180) run instruction [parallel] for node (1487) finished as status: 1","timestamp":"2025-04-18 14:36:28"}
{"level":"info","message":"execution (1180) run instruction [condition] for node (1486)","timestamp":"2025-04-18 14:36:28"}
{"level":"info","message":"execution (1180) run instruction [condition] for node (1486) finished as status: 1","timestamp":"2025-04-18 14:36:28"}
{"level":"info","message":"execution (1180) run instruction [sql] for node (1492)","timestamp":"2025-04-18 14:36:28"}
{"level":"info","message":"execution (1180) run instruction [sql] for node (1492) finished as status: 1","timestamp":"2025-04-18 14:36:28"}
{"level":"info","message":"execution (1180) run instruction [sql] for node (1493)","timestamp":"2025-04-18 14:36:28"}
{"level":"info","message":"execution (1180) run instruction [sql] for node (1493) finished as status: 1","timestamp":"2025-04-18 14:36:28"}
{"level":"info","message":"execution (1180) exiting with status 1","timestamp":"2025-04-18 14:36:28"}
{"level":"info","message":"execution (1180) exiting with status 1","timestamp":"2025-04-18 14:36:28"}
{"level":"info","message":"execution (1180) exiting with status 1","timestamp":"2025-04-18 14:36:28"}
{"level":"info","message":"execution (1180) exiting with status 1","timestamp":"2025-04-18 14:36:28"}
{"level":"info","execution":{"id":1180,"context":{"data":{"createdAt":"2025-04-18T07:32:41.912Z","updatedAt":"2025-04-18T14:36:28.111Z","start_date":"2025-04-20T02:00:00.000Z","end_date":"2025-04-20T02:40:00.000Z","employee_id":1,"create_course_id":163,"salary_id":null,"remark":null,"status_sort":3,"id":594,"status":"Attend","status_convert":0,"month_convert":"4/2025","student":"Student A","teaching_fee":0,"actual_class_date":"2025-04-20","createdById":null,"updatedById":1,"salary_db":null,"create_course_db":{"createdAt":"2025-04-18T07:32:41.844Z","updatedAt":"2025-04-18T07:32:41.860Z","start_date":"2025-04-20T02:00:00.000Z","end_date":"2025-04-20T02:40:00.000Z","package_id":2,"id":163,"payment_method":"Cash","progress":0,"fee":0,"transport_fee":0,"student_id":10,"total":0,"invoice_number":"T-INV1","payment_date":"2025-04-18","createdById":1,"updatedById":1,"package_db":{"createdAt":"2025-04-04T05:48:00.404Z","updatedAt":"2025-04-09T15:33:56.292Z","name_sort":5,"nop_sort":2,"fee":400,"id":2,"name":"PV4 - 👤","transport_fee":null,"quantity":4,"type":"PV","nop":"1","createdById":1,"updatedById":1}},"employee_db":{"createdAt":"2025-04-02T13:39:00.321Z","updatedAt":"2025-04-18T14:20:39.375Z","bank_name":"Hong Leong Bank","bank_account":"1","emergency_contact_number":"1","job_title":"Swimming Coach","name":"Lee Chin Meng","contact_number":"0142788556","id":1,"identity_card":"990422016885","email":"xmrxperfectx@gmail.com","address":"No 28, Jalan Desa Putih 9, Taman Desa Putih","gender":"Male","emergency_contact_name":"1","user_id":1,"nickname":"Felix","dob":"1999-04-22","start_date":"2024-04-22","end_date":null,"level":"LV 3","createdById":1,"updatedById":1}}},"key":"ju393tq5yqm","eventKey":"158211fa-24a3-42a1-a191-83042897f2d5","stack":null,"status":1,"workflowId":162,"updatedAt":"2025-04-18T14:36:28.287Z","createdAt":"2025-04-18T14:36:28.136Z","output":null},"message":"execution (1180) finished with status: 1","timestamp":"2025-04-18 14:36:28"}
{"level":"info","message":"new event triggered, now events: 1","timestamp":"2025-04-18 14:37:53"}
{"level":"info","message":"preparing execution for event","timestamp":"2025-04-18 14:37:53"}
{"level":"info","message":"execution of workflow 162 created as 1181","timestamp":"2025-04-18 14:37:53"}
{"level":"info","message":"pending execution (1181) ready to process","timestamp":"2025-04-18 14:37:53"}
{"level":"info","message":"queueing execution (1181) from pending list updated to started","timestamp":"2025-04-18 14:37:53"}
{"level":"info","message":"execution (1181) starting...","timestamp":"2025-04-18 14:37:53"}
{"level":"info","message":"execution (1181) run instruction [query] for node (1482)","timestamp":"2025-04-18 14:37:53"}
{"level":"info","message":"execution (1181) run instruction [query] for node (1482) finished as status: 1","timestamp":"2025-04-18 14:37:53"}
{"level":"info","message":"execution (1181) run instruction [condition] for node (1484)","timestamp":"2025-04-18 14:37:53"}
{"level":"info","message":"execution (1181) run instruction [update] for node (1483)","timestamp":"2025-04-18 14:37:53"}
{"level":"info","message":"execution (1181) run instruction [update] for node (1483) finished as status: 1","timestamp":"2025-04-18 14:37:53"}
{"level":"info","message":"execution (1181) run instruction [condition] for node (1484)","timestamp":"2025-04-18 14:37:53"}
{"level":"info","message":"execution (1181) run instruction [condition] for node (1484) finished as status: 1","timestamp":"2025-04-18 14:37:53"}
{"level":"info","message":"execution (1181) run instruction [condition] for node (1486)","timestamp":"2025-04-18 14:37:53"}
{"level":"info","message":"execution (1181) run instruction [parallel] for node (1487)","timestamp":"2025-04-18 14:37:53"}
{"level":"info","message":"execution (1181) run instruction [calculation] for node (1490)","timestamp":"2025-04-18 14:37:53"}
{"level":"info","message":"execution (1181) run instruction [calculation] for node (1490) finished as status: 1","timestamp":"2025-04-18 14:37:53"}
{"level":"info","message":"execution (1181) run instruction [update] for node (1488)","timestamp":"2025-04-18 14:37:53"}
{"level":"info","message":"execution (1181) run instruction [update] for node (1488) finished as status: 1","timestamp":"2025-04-18 14:37:53"}
{"level":"info","message":"execution (1181) run instruction [parallel] for node (1487)","timestamp":"2025-04-18 14:37:53"}
{"level":"info","message":"execution (1181) exiting with status 0","timestamp":"2025-04-18 14:37:53"}
{"level":"info","message":"execution (1181) exiting with status 0","timestamp":"2025-04-18 14:37:53"}
{"level":"info","message":"execution (1181) run instruction [query] for node (1494)","timestamp":"2025-04-18 14:37:53"}
{"level":"info","message":"execution (1181) run instruction [query] for node (1494) finished as status: 1","timestamp":"2025-04-18 14:37:53"}
{"level":"info","message":"execution (1181) run instruction [calculation] for node (1495)","timestamp":"2025-04-18 14:37:53"}
{"level":"info","message":"execution (1181) run instruction [calculation] for node (1495) finished as status: 1","timestamp":"2025-04-18 14:37:53"}
{"level":"info","message":"execution (1181) run instruction [update] for node (1489)","timestamp":"2025-04-18 14:37:53"}
{"level":"info","message":"execution (1181) run instruction [update] for node (1489) finished as status: 1","timestamp":"2025-04-18 14:37:53"}
{"level":"info","message":"execution (1181) run instruction [parallel] for node (1487)","timestamp":"2025-04-18 14:37:53"}
{"level":"info","message":"execution (1181) run instruction [parallel] for node (1487) finished as status: 1","timestamp":"2025-04-18 14:37:53"}
{"level":"info","message":"execution (1181) run instruction [condition] for node (1486)","timestamp":"2025-04-18 14:37:53"}
{"level":"info","message":"execution (1181) run instruction [condition] for node (1486) finished as status: 1","timestamp":"2025-04-18 14:37:53"}
{"level":"info","message":"execution (1181) run instruction [sql] for node (1492)","timestamp":"2025-04-18 14:37:53"}
{"level":"info","message":"execution (1181) run instruction [sql] for node (1492) finished as status: 1","timestamp":"2025-04-18 14:37:53"}
{"level":"info","message":"execution (1181) run instruction [sql] for node (1493)","timestamp":"2025-04-18 14:37:53"}
{"level":"info","message":"execution (1181) run instruction [sql] for node (1493) finished as status: 1","timestamp":"2025-04-18 14:37:53"}
{"level":"info","message":"execution (1181) exiting with status 1","timestamp":"2025-04-18 14:37:53"}
{"level":"info","message":"execution (1181) exiting with status 1","timestamp":"2025-04-18 14:37:53"}
{"level":"info","message":"execution (1181) exiting with status 1","timestamp":"2025-04-18 14:37:53"}
{"level":"info","message":"execution (1181) exiting with status 1","timestamp":"2025-04-18 14:37:53"}
{"level":"info","execution":{"id":1181,"context":{"data":{"createdAt":"2025-04-18T07:32:41.964Z","updatedAt":"2025-04-18T14:37:53.264Z","start_date":"2025-04-27T02:00:00.000Z","end_date":"2025-04-27T02:40:00.000Z","employee_id":1,"create_course_id":163,"salary_id":null,"remark":null,"status_sort":4,"id":595,"status":"Attend","status_convert":0,"month_convert":"4/2025","student":"Student A","teaching_fee":0,"actual_class_date":"2025-04-27","createdById":null,"updatedById":1,"salary_db":null,"create_course_db":{"createdAt":"2025-04-18T07:32:41.844Z","updatedAt":"2025-04-18T07:32:41.860Z","start_date":"2025-04-20T02:00:00.000Z","end_date":"2025-04-20T02:40:00.000Z","package_id":2,"id":163,"payment_method":"Cash","progress":0.25,"fee":0,"transport_fee":0,"student_id":10,"total":0,"invoice_number":"T-INV1","payment_date":"2025-04-18","createdById":1,"updatedById":1,"package_db":{"createdAt":"2025-04-04T05:48:00.404Z","updatedAt":"2025-04-09T15:33:56.292Z","name_sort":5,"nop_sort":2,"fee":400,"id":2,"name":"PV4 - 👤","transport_fee":null,"quantity":4,"type":"PV","nop":"1","createdById":1,"updatedById":1}},"employee_db":{"createdAt":"2025-04-02T13:39:00.321Z","updatedAt":"2025-04-18T14:37:42.160Z","bank_name":"Hong Leong Bank","bank_account":"1","emergency_contact_number":"1","job_title":"Swimming Coach","name":"Lee Chin Meng","contact_number":"0142788556","id":1,"identity_card":"990422016885","email":"xmrxperfectx@gmail.com","address":"No 28, Jalan Desa Putih 9, Taman Desa Putih","gender":"Male","emergency_contact_name":"1","user_id":1,"nickname":"Felix","dob":"1999-04-22","start_date":"2024-04-22","end_date":null,"level":"Special","createdById":1,"updatedById":1}}},"key":"ju393tq5yqm","eventKey":"d842dfac-3458-4098-9d38-17e2622928e6","stack":null,"status":1,"workflowId":162,"updatedAt":"2025-04-18T14:37:53.415Z","createdAt":"2025-04-18T14:37:53.288Z","output":null},"message":"execution (1181) finished with status: 1","timestamp":"2025-04-18 14:37:53"}
{"level":"info","message":"execution of workflow 162 created as 1182","timestamp":"2025-04-18 14:43:09"}
{"level":"info","message":"queueing execution (1182) from pending list updated to started","timestamp":"2025-04-18 14:43:09"}
{"level":"info","message":"execution (1182) starting...","timestamp":"2025-04-18 14:43:09"}
{"level":"info","message":"execution (1182) run instruction [query] for node (1482)","timestamp":"2025-04-18 14:43:09"}
{"level":"info","message":"execution (1182) run instruction [query] for node (1482) finished as status: 1","timestamp":"2025-04-18 14:43:09"}
{"level":"info","message":"execution (1182) run instruction [condition] for node (1484)","timestamp":"2025-04-18 14:43:09"}
{"level":"info","message":"execution (1182) run instruction [update] for node (1483)","timestamp":"2025-04-18 14:43:09"}
{"level":"info","message":"execution (1182) run instruction [update] for node (1483) finished as status: 1","timestamp":"2025-04-18 14:43:09"}
{"level":"info","message":"execution (1182) run instruction [condition] for node (1484)","timestamp":"2025-04-18 14:43:09"}
{"level":"info","message":"execution (1182) run instruction [condition] for node (1484) finished as status: 1","timestamp":"2025-04-18 14:43:09"}
{"level":"info","message":"execution (1182) run instruction [condition] for node (1486)","timestamp":"2025-04-18 14:43:09"}
{"level":"info","message":"execution (1182) run instruction [parallel] for node (1487)","timestamp":"2025-04-18 14:43:09"}
{"level":"info","message":"execution (1182) run instruction [calculation] for node (1490)","timestamp":"2025-04-18 14:43:09"}
{"level":"info","message":"execution (1182) run instruction [calculation] for node (1490) finished as status: 1","timestamp":"2025-04-18 14:43:09"}
{"level":"info","message":"execution (1182) run instruction [update] for node (1488)","timestamp":"2025-04-18 14:43:09"}
{"level":"info","message":"execution (1182) run instruction [update] for node (1488) finished as status: 1","timestamp":"2025-04-18 14:43:09"}
{"level":"info","message":"execution (1182) run instruction [parallel] for node (1487)","timestamp":"2025-04-18 14:43:09"}
{"level":"info","message":"execution (1182) exiting with status 0","timestamp":"2025-04-18 14:43:09"}
{"level":"info","message":"execution (1182) exiting with status 0","timestamp":"2025-04-18 14:43:09"}
{"level":"info","message":"execution (1182) run instruction [query] for node (1494)","timestamp":"2025-04-18 14:43:09"}
{"level":"info","message":"execution (1182) run instruction [query] for node (1494) finished as status: 1","timestamp":"2025-04-18 14:43:09"}
{"level":"info","message":"execution (1182) run instruction [calculation] for node (1495)","timestamp":"2025-04-18 14:43:09"}
{"level":"info","message":"execution (1182) run instruction [calculation] for node (1495) finished as status: 1","timestamp":"2025-04-18 14:43:09"}
{"level":"info","message":"execution (1182) run instruction [update] for node (1489)","timestamp":"2025-04-18 14:43:09"}
{"level":"info","message":"execution (1182) run instruction [update] for node (1489) finished as status: 1","timestamp":"2025-04-18 14:43:09"}
{"level":"info","message":"execution (1182) run instruction [parallel] for node (1487)","timestamp":"2025-04-18 14:43:09"}
{"level":"info","message":"execution (1182) run instruction [parallel] for node (1487) finished as status: 1","timestamp":"2025-04-18 14:43:09"}
{"level":"info","message":"execution (1182) run instruction [condition] for node (1486)","timestamp":"2025-04-18 14:43:09"}
{"level":"info","message":"execution (1182) run instruction [condition] for node (1486) finished as status: 1","timestamp":"2025-04-18 14:43:09"}
{"level":"info","message":"execution (1182) run instruction [sql] for node (1492)","timestamp":"2025-04-18 14:43:09"}
{"level":"info","message":"execution (1182) run instruction [sql] for node (1492) finished as status: 1","timestamp":"2025-04-18 14:43:09"}
{"level":"info","message":"execution (1182) run instruction [sql] for node (1493)","timestamp":"2025-04-18 14:43:09"}
{"level":"info","message":"execution (1182) run instruction [sql] for node (1493) finished as status: 1","timestamp":"2025-04-18 14:43:09"}
{"level":"info","message":"execution (1182) exiting with status 1","timestamp":"2025-04-18 14:43:09"}
{"level":"info","message":"execution (1182) exiting with status 1","timestamp":"2025-04-18 14:43:09"}
{"level":"info","message":"execution (1182) exiting with status 1","timestamp":"2025-04-18 14:43:09"}
{"level":"info","message":"execution (1182) exiting with status 1","timestamp":"2025-04-18 14:43:09"}
{"level":"info","execution":{"id":1182,"context":{"data":{"createdAt":"2025-04-18T01:06:45.439Z","updatedAt":"2025-04-18T14:37:53.341Z","start_date":"2025-04-18T08:00:06.000Z","end_date":"2025-04-18T08:50:00.000Z","employee_id":1,"create_course_id":159,"salary_id":1,"remark":null,"status_sort":1,"id":568,"status":"Attend","status_convert":1,"month_convert":"4/2025","student":"B Student","teaching_fee":70,"actual_class_date":null,"createdById":null,"updatedById":1,"salary_db":{"createdAt":"2025-04-05T13:23:25.985Z","updatedAt":"2025-04-09T14:30:50.356Z","employee_id":1,"salary_amount":210,"id":1,"date":"2025-04-01","monthly":"4/2025","createdById":null,"updatedById":1,"attendance_db":[{"createdAt":"2025-04-18T01:06:45.439Z","updatedAt":"2025-04-18T14:37:53.341Z","start_date":"2025-04-18T08:00:06.000Z","end_date":"2025-04-18T08:50:00.000Z","employee_id":1,"create_course_id":159,"salary_id":1,"remark":null,"status_sort":1,"id":568,"status":"Attend","status_convert":1,"month_convert":"4/2025","student":"B Student","teaching_fee":70,"actual_class_date":null,"createdById":null,"updatedById":1},{"createdAt":"2025-04-18T07:32:41.912Z","updatedAt":"2025-04-18T14:37:53.341Z","start_date":"2025-04-20T02:00:00.000Z","end_date":"2025-04-20T02:40:00.000Z","employee_id":1,"create_course_id":163,"salary_id":1,"remark":null,"status_sort":3,"id":594,"status":"Attend","status_convert":1,"month_convert":"4/2025","student":"Student A","teaching_fee":50,"actual_class_date":"2025-04-20","createdById":null,"updatedById":1},{"createdAt":"2025-04-18T07:32:41.964Z","updatedAt":"2025-04-18T14:37:53.362Z","start_date":"2025-04-27T02:00:00.000Z","end_date":"2025-04-27T02:40:00.000Z","employee_id":1,"create_course_id":163,"salary_id":1,"remark":null,"status_sort":4,"id":595,"status":"Attend","status_convert":1,"month_convert":"4/2025","student":"Student A","teaching_fee":70,"actual_class_date":"2025-04-27","createdById":null,"updatedById":1},{"createdAt":"2025-04-18T14:21:42.595Z","updatedAt":"2025-04-18T14:37:53.341Z","start_date":"2025-04-18T08:00:26.000Z","end_date":"2025-04-18T08:50:00.000Z","employee_id":1,"create_course_id":164,"salary_id":1,"remark":null,"status_sort":2,"id":598,"status":"Attend","status_convert":1,"month_convert":"4/2025","student":"A Student","teaching_fee":20,"actual_class_date":"2025-04-18","createdById":null,"updatedById":null}]},"create_course_db":{"createdAt":"2025-04-18T01:06:45.091Z","updatedAt":"2025-04-18T05:58:13.030Z","start_date":"2025-04-18T08:00:26.000Z","end_date":"2025-04-18T08:50:00.000Z","package_id":2,"id":159,"payment_method":"Cash","progress":0.25,"fee":400,"transport_fee":0,"student_id":5,"total":400,"invoice_number":"INV1","payment_date":"2025-04-18","createdById":1,"updatedById":1,"package_db":{"createdAt":"2025-04-04T05:48:00.404Z","updatedAt":"2025-04-09T15:33:56.292Z","name_sort":5,"nop_sort":2,"fee":400,"id":2,"name":"PV4 - 👤","transport_fee":null,"quantity":4,"type":"PV","nop":"1","createdById":1,"updatedById":1}},"employee_db":{"createdAt":"2025-04-02T13:39:00.321Z","updatedAt":"2025-04-18T14:37:42.160Z","bank_name":"Hong Leong Bank","bank_account":"1","emergency_contact_number":"1","job_title":"Swimming Coach","name":"Lee Chin Meng","contact_number":"0142788556","id":1,"identity_card":"990422016885","email":"xmrxperfectx@gmail.com","address":"No 28, Jalan Desa Putih 9, Taman Desa Putih","gender":"Male","emergency_contact_name":"1","user_id":1,"nickname":"Felix","dob":"1999-04-22","start_date":"2024-04-22","end_date":null,"level":"Special","createdById":1,"updatedById":1}}},"key":"ju393tq5yqm","eventKey":"260c40e6-1f8f-40af-a0e5-0a2b444e1133","stack":null,"status":1,"workflowId":162,"updatedAt":"2025-04-18T14:43:09.197Z","createdAt":"2025-04-18T14:43:09.047Z","output":null},"message":"execution (1182) finished with status: 1","timestamp":"2025-04-18 14:43:09"}
