{"level":"info","message":"new event triggered, now events: 1","timestamp":"2025-05-05 03:27:23"}
{"level":"info","message":"preparing execution for event","timestamp":"2025-05-05 03:27:23"}
{"level":"info","message":"execution of workflow 243 created as 31214","timestamp":"2025-05-05 03:27:23"}
{"level":"info","message":"pending execution (31214) ready to process","timestamp":"2025-05-05 03:27:23"}
{"level":"info","message":"queueing execution (31214) from pending list updated to started","timestamp":"2025-05-05 03:27:23"}
{"level":"info","message":"execution (31214) starting...","timestamp":"2025-05-05 03:27:23"}
{"level":"info","message":"execution (31214) run instruction [condition] for node (3008)","timestamp":"2025-05-05 03:27:23"}
{"level":"info","message":"execution (31214) run instruction [update] for node (3007)","timestamp":"2025-05-05 03:27:23"}
{"level":"info","message":"execution (31214) run instruction [update] for node (3007) finished as status: 1","timestamp":"2025-05-05 03:27:23"}
{"level":"info","message":"execution (31214) run instruction [update] for node (3035)","timestamp":"2025-05-05 03:27:23"}
{"level":"info","message":"execution (31214) run instruction [update] for node (3035) finished as status: 1","timestamp":"2025-05-05 03:27:23"}
{"level":"info","message":"execution (31214) run instruction [condition] for node (3008)","timestamp":"2025-05-05 03:27:23"}
{"level":"info","message":"execution (31214) run instruction [condition] for node (3008) finished as status: 1","timestamp":"2025-05-05 03:27:23"}
{"level":"info","message":"execution (31214) run instruction [condition] for node (3009)","timestamp":"2025-05-05 03:27:23"}
{"level":"info","message":"execution (31214) run instruction [update] for node (3014)","timestamp":"2025-05-05 03:27:23"}
{"level":"info","message":"execution (31214) run instruction [update] for node (3014) finished as status: 1","timestamp":"2025-05-05 03:27:23"}
{"level":"info","message":"execution (31214) run instruction [condition] for node (3009)","timestamp":"2025-05-05 03:27:23"}
{"level":"info","message":"execution (31214) run instruction [condition] for node (3009) finished as status: 1","timestamp":"2025-05-05 03:27:23"}
{"level":"info","message":"execution (31214) run instruction [query] for node (3028)","timestamp":"2025-05-05 03:27:23"}
{"level":"info","message":"execution (31214) run instruction [query] for node (3028) finished as status: 1","timestamp":"2025-05-05 03:27:23"}
{"level":"info","message":"execution (31214) run instruction [calculation] for node (3026)","timestamp":"2025-05-05 03:27:23"}
{"level":"info","message":"execution (31214) run instruction [calculation] for node (3026) finished as status: 1","timestamp":"2025-05-05 03:27:23"}
{"level":"info","message":"execution (31214) run instruction [update] for node (3027)","timestamp":"2025-05-05 03:27:23"}
{"level":"info","message":"execution (31214) run instruction [update] for node (3027) finished as status: 1","timestamp":"2025-05-05 03:27:23"}
{"level":"info","message":"execution (31214) run instruction [query] for node (3020)","timestamp":"2025-05-05 03:27:23"}
{"level":"info","message":"execution (31214) run instruction [query] for node (3020) finished as status: 1","timestamp":"2025-05-05 03:27:23"}
{"level":"info","message":"execution (31214) run instruction [calculation] for node (3018)","timestamp":"2025-05-05 03:27:23"}
{"level":"info","message":"execution (31214) run instruction [calculation] for node (3018) finished as status: 1","timestamp":"2025-05-05 03:27:23"}
{"level":"info","message":"execution (31214) run instruction [update] for node (3019)","timestamp":"2025-05-05 03:27:23"}
{"level":"info","message":"execution (31214) run instruction [update] for node (3019) finished as status: 1","timestamp":"2025-05-05 03:27:23"}
{"level":"info","message":"execution (31214) exiting with status 1","timestamp":"2025-05-05 03:27:23"}
{"level":"info","message":"execution (31214) exiting with status 1","timestamp":"2025-05-05 03:27:23"}
{"level":"info","message":"execution (31214) exiting with status 1","timestamp":"2025-05-05 03:27:23"}
{"level":"info","execution":{"id":31214,"context":{"data":{"createdAt":"2025-04-24T15:52:24.808Z","updatedAt":"2025-05-05T03:27:23.496Z","start_date":"2025-04-18T07:00:00.000Z","end_date":"2025-04-18T07:50:00.000Z","create_course_id":448,"salary_id":null,"remark":null,"expired_date":null,"status_sort":2600,"id":2317,"status":"Inactive","status_convert":0,"month_convert":"2025/4","student":"Ong Jie Ying","teaching_fee":0,"actual_class_date":"2025-04-18","coach_id":2,"createdById":null,"updatedById":3,"salary_db":null,"create_course_db":{"createdAt":"2025-04-24T03:18:50.970Z","updatedAt":"2025-05-02T10:56:56.152Z","start_date":"2025-04-11T07:00:00.000Z","end_date":"2025-04-11T07:50:00.000Z","package_id":63,"discount":0,"month_convert":"2025/4","id":448,"total":200,"transport_fee":0,"payment_method":"Online Transfer","fee":200,"progress":0.5,"student_id":70,"payment_date":"2025-04-09","invoice_number":"INV250409-0378","salary_id":18,"commission":60,"done":null,"createdById":3,"updatedById":3,"package_db":{"createdAt":"2025-04-04T08:50:36.682Z","updatedAt":"2025-05-04T07:51:58.383Z","fee":200,"id":63,"name":"GROUP4","transport_fee":null,"quantity":4,"type":"G","nop":"1","total":200,"createdById":1,"updatedById":3,"description":"GROUP (INDIVIDUAL) - 4 LESSON"},"attendance_db":[{"createdAt":"2025-04-24T15:52:24.756Z","updatedAt":"2025-04-27T10:07:23.340Z","start_date":"2025-04-27T00:00:00.000Z","end_date":"2025-04-27T00:50:00.000Z","create_course_id":448,"salary_id":30,"remark":null,"expired_date":null,"status_sort":243,"id":2316,"status":"Replacement","status_convert":1,"month_convert":"2025/4","student":"Ong Jie Ying","teaching_fee":35,"actual_class_date":"2025-04-11","coach_id":2,"createdById":null,"updatedById":3},{"createdAt":"2025-04-24T15:52:24.808Z","updatedAt":"2025-05-05T03:27:23.496Z","start_date":"2025-04-18T07:00:00.000Z","end_date":"2025-04-18T07:50:00.000Z","create_course_id":448,"salary_id":null,"remark":null,"expired_date":null,"status_sort":2600,"id":2317,"status":"Inactive","status_convert":0,"month_convert":"2025/4","student":"Ong Jie Ying","teaching_fee":0,"actual_class_date":"2025-04-18","coach_id":2,"createdById":null,"updatedById":3},{"createdAt":"2025-04-24T15:52:24.831Z","updatedAt":"2025-04-25T15:52:09.614Z","start_date":"2025-04-25T07:00:00.000Z","end_date":"2025-04-25T07:50:00.000Z","create_course_id":448,"salary_id":30,"remark":null,"expired_date":null,"status_sort":1466,"id":2318,"status":"Attend","status_convert":1,"month_convert":"2025/4","student":"Ong Jie Ying","teaching_fee":35,"actual_class_date":"2025-04-25","coach_id":2,"createdById":null,"updatedById":3},{"createdAt":"2025-04-24T15:52:24.854Z","updatedAt":"2025-05-05T03:25:53.814Z","start_date":"2025-05-02T07:00:00.000Z","end_date":"2025-05-02T07:50:00.000Z","create_course_id":448,"salary_id":null,"remark":null,"expired_date":null,"status_sort":7,"id":2319,"status":"Absence","status_convert":0,"month_convert":"2025/5","student":"Ong Jie Ying","teaching_fee":0,"actual_class_date":"2025-05-02","coach_id":2,"createdById":null,"updatedById":3}]},"coach_db":{"createdAt":"2025-04-22T03:15:57.433Z","updatedAt":"2025-04-22T14:48:49.101Z","name":"Lee Chin Meng","dob":null,"email":null,"address":null,"start_date":null,"bank_account":null,"nickname":"Felix","identity_card":null,"emergency_contact_name":null,"level":"Special","users_id":1,"id":2,"bank_name":null,"emergency_contact_number":null,"gender":null,"contact_number":null,"createdById":1,"updatedById":3}}},"key":"wyjfsqwxgr1","eventKey":"6a17512a-1051-4afe-b30a-7ead78e3dac1","stack":null,"status":1,"workflowId":243,"updatedAt":"2025-05-05T03:27:23.705Z","createdAt":"2025-05-05T03:27:23.529Z","output":null},"message":"execution (31214) finished with status: 1","timestamp":"2025-05-05 03:27:23"}
{"level":"info","message":"new event triggered, now events: 1","timestamp":"2025-05-05 03:27:31"}
{"level":"info","message":"preparing execution for event","timestamp":"2025-05-05 03:27:31"}
{"level":"info","message":"execution of workflow 243 created as 31215","timestamp":"2025-05-05 03:27:31"}
{"level":"info","message":"pending execution (31215) ready to process","timestamp":"2025-05-05 03:27:31"}
{"level":"info","message":"queueing execution (31215) from pending list updated to started","timestamp":"2025-05-05 03:27:31"}
{"level":"info","message":"execution (31215) starting...","timestamp":"2025-05-05 03:27:31"}
{"level":"info","message":"execution (31215) run instruction [condition] for node (3008)","timestamp":"2025-05-05 03:27:31"}
{"level":"info","message":"execution (31215) run instruction [update] for node (3007)","timestamp":"2025-05-05 03:27:31"}
{"level":"info","message":"execution (31215) run instruction [update] for node (3007) finished as status: 1","timestamp":"2025-05-05 03:27:31"}
{"level":"info","message":"execution (31215) run instruction [update] for node (3035)","timestamp":"2025-05-05 03:27:31"}
{"level":"info","message":"execution (31215) run instruction [update] for node (3035) finished as status: 1","timestamp":"2025-05-05 03:27:31"}
{"level":"info","message":"execution (31215) run instruction [condition] for node (3008)","timestamp":"2025-05-05 03:27:31"}
{"level":"info","message":"execution (31215) run instruction [condition] for node (3008) finished as status: 1","timestamp":"2025-05-05 03:27:31"}
{"level":"info","message":"execution (31215) run instruction [condition] for node (3009)","timestamp":"2025-05-05 03:27:31"}
{"level":"info","message":"execution (31215) run instruction [update] for node (3014)","timestamp":"2025-05-05 03:27:31"}
{"level":"info","message":"execution (31215) run instruction [update] for node (3014) finished as status: 1","timestamp":"2025-05-05 03:27:31"}
{"level":"info","message":"execution (31215) run instruction [condition] for node (3009)","timestamp":"2025-05-05 03:27:31"}
{"level":"info","message":"execution (31215) run instruction [condition] for node (3009) finished as status: 1","timestamp":"2025-05-05 03:27:31"}
{"level":"info","message":"execution (31215) run instruction [query] for node (3028)","timestamp":"2025-05-05 03:27:31"}
{"level":"info","message":"execution (31215) run instruction [query] for node (3028) finished as status: 1","timestamp":"2025-05-05 03:27:31"}
{"level":"info","message":"execution (31215) run instruction [calculation] for node (3026)","timestamp":"2025-05-05 03:27:31"}
{"level":"info","message":"execution (31215) run instruction [calculation] for node (3026) finished as status: 1","timestamp":"2025-05-05 03:27:31"}
{"level":"info","message":"execution (31215) run instruction [update] for node (3027)","timestamp":"2025-05-05 03:27:31"}
{"level":"info","message":"execution (31215) run instruction [update] for node (3027) finished as status: 1","timestamp":"2025-05-05 03:27:31"}
{"level":"info","message":"execution (31215) run instruction [query] for node (3020)","timestamp":"2025-05-05 03:27:31"}
{"level":"info","message":"execution (31215) run instruction [query] for node (3020) finished as status: 1","timestamp":"2025-05-05 03:27:31"}
{"level":"info","message":"execution (31215) run instruction [calculation] for node (3018)","timestamp":"2025-05-05 03:27:31"}
{"level":"info","message":"execution (31215) run instruction [calculation] for node (3018) finished as status: 1","timestamp":"2025-05-05 03:27:31"}
{"level":"info","message":"execution (31215) run instruction [update] for node (3019)","timestamp":"2025-05-05 03:27:31"}
{"level":"info","message":"execution (31215) run instruction [update] for node (3019) finished as status: 1","timestamp":"2025-05-05 03:27:31"}
{"level":"info","message":"execution (31215) exiting with status 1","timestamp":"2025-05-05 03:27:31"}
{"level":"info","message":"execution (31215) exiting with status 1","timestamp":"2025-05-05 03:27:31"}
{"level":"info","message":"execution (31215) exiting with status 1","timestamp":"2025-05-05 03:27:31"}
{"level":"info","execution":{"id":31215,"context":{"data":{"createdAt":"2025-04-24T15:52:24.808Z","updatedAt":"2025-05-05T03:27:31.748Z","start_date":"2025-04-18T07:00:00.000Z","end_date":"2025-04-18T07:50:00.000Z","create_course_id":448,"salary_id":null,"remark":null,"expired_date":null,"status_sort":8,"id":2317,"status":"Absence","status_convert":1,"month_convert":"2025/4","student":"Ong Jie Ying","teaching_fee":0,"actual_class_date":"2025-04-18","coach_id":2,"createdById":null,"updatedById":3,"salary_db":null,"create_course_db":{"createdAt":"2025-04-24T03:18:50.970Z","updatedAt":"2025-05-05T03:27:23.658Z","start_date":"2025-04-11T07:00:00.000Z","end_date":"2025-04-11T07:50:00.000Z","package_id":63,"discount":0,"month_convert":"2025/4","id":448,"total":200,"transport_fee":0,"payment_method":"Online Transfer","fee":200,"progress":0.75,"student_id":70,"payment_date":"2025-04-09","invoice_number":"INV250409-0378","salary_id":18,"commission":60,"done":null,"createdById":3,"updatedById":3,"package_db":{"createdAt":"2025-04-04T08:50:36.682Z","updatedAt":"2025-05-04T07:51:58.383Z","fee":200,"id":63,"name":"GROUP4","transport_fee":null,"quantity":4,"type":"G","nop":"1","total":200,"createdById":1,"updatedById":3,"description":"GROUP (INDIVIDUAL) - 4 LESSON"},"attendance_db":[{"createdAt":"2025-04-24T15:52:24.756Z","updatedAt":"2025-04-27T10:07:23.340Z","start_date":"2025-04-27T00:00:00.000Z","end_date":"2025-04-27T00:50:00.000Z","create_course_id":448,"salary_id":30,"remark":null,"expired_date":null,"status_sort":243,"id":2316,"status":"Replacement","status_convert":1,"month_convert":"2025/4","student":"Ong Jie Ying","teaching_fee":35,"actual_class_date":"2025-04-11","coach_id":2,"createdById":null,"updatedById":3},{"createdAt":"2025-04-24T15:52:24.808Z","updatedAt":"2025-05-05T03:27:31.748Z","start_date":"2025-04-18T07:00:00.000Z","end_date":"2025-04-18T07:50:00.000Z","create_course_id":448,"salary_id":null,"remark":null,"expired_date":null,"status_sort":8,"id":2317,"status":"Absence","status_convert":1,"month_convert":"2025/4","student":"Ong Jie Ying","teaching_fee":0,"actual_class_date":"2025-04-18","coach_id":2,"createdById":null,"updatedById":3},{"createdAt":"2025-04-24T15:52:24.831Z","updatedAt":"2025-04-25T15:52:09.614Z","start_date":"2025-04-25T07:00:00.000Z","end_date":"2025-04-25T07:50:00.000Z","create_course_id":448,"salary_id":30,"remark":null,"expired_date":null,"status_sort":1466,"id":2318,"status":"Attend","status_convert":1,"month_convert":"2025/4","student":"Ong Jie Ying","teaching_fee":35,"actual_class_date":"2025-04-25","coach_id":2,"createdById":null,"updatedById":3},{"createdAt":"2025-04-24T15:52:24.854Z","updatedAt":"2025-05-05T03:27:23.609Z","start_date":"2025-05-02T07:00:00.000Z","end_date":"2025-05-02T07:50:00.000Z","create_course_id":448,"salary_id":null,"remark":null,"expired_date":null,"status_sort":7,"id":2319,"status":"Absence","status_convert":0,"month_convert":"2025/5","student":"Ong Jie Ying","teaching_fee":0,"actual_class_date":"2025-05-02","coach_id":2,"createdById":null,"updatedById":3}]},"coach_db":{"createdAt":"2025-04-22T03:15:57.433Z","updatedAt":"2025-04-22T14:48:49.101Z","name":"Lee Chin Meng","dob":null,"email":null,"address":null,"start_date":null,"bank_account":null,"nickname":"Felix","identity_card":null,"emergency_contact_name":null,"level":"Special","users_id":1,"id":2,"bank_name":null,"emergency_contact_number":null,"gender":null,"contact_number":null,"createdById":1,"updatedById":3}}},"key":"wyjfsqwxgr1","eventKey":"a78695e0-b3b5-42a5-af5a-78f50d78ff8c","stack":null,"status":1,"workflowId":243,"updatedAt":"2025-05-05T03:27:31.865Z","createdAt":"2025-05-05T03:27:31.760Z","output":null},"message":"execution (31215) finished with status: 1","timestamp":"2025-05-05 03:27:31"}
{"level":"info","message":"new event triggered, now events: 1","timestamp":"2025-05-05 03:27:53"}
{"level":"info","message":"preparing execution for event","timestamp":"2025-05-05 03:27:53"}
{"level":"info","message":"execution of workflow 243 created as 31216","timestamp":"2025-05-05 03:27:53"}
{"level":"info","message":"pending execution (31216) ready to process","timestamp":"2025-05-05 03:27:53"}
{"level":"info","message":"queueing execution (31216) from pending list updated to started","timestamp":"2025-05-05 03:27:53"}
{"level":"info","message":"execution (31216) starting...","timestamp":"2025-05-05 03:27:53"}
{"level":"info","message":"execution (31216) run instruction [condition] for node (3008)","timestamp":"2025-05-05 03:27:53"}
{"level":"info","message":"execution (31216) run instruction [update] for node (3007)","timestamp":"2025-05-05 03:27:53"}
{"level":"info","message":"execution (31216) run instruction [update] for node (3007) finished as status: 1","timestamp":"2025-05-05 03:27:53"}
{"level":"info","message":"execution (31216) run instruction [update] for node (3035)","timestamp":"2025-05-05 03:27:53"}
{"level":"info","message":"execution (31216) run instruction [update] for node (3035) finished as status: 1","timestamp":"2025-05-05 03:27:53"}
{"level":"info","message":"execution (31216) run instruction [condition] for node (3008)","timestamp":"2025-05-05 03:27:53"}
{"level":"info","message":"execution (31216) run instruction [condition] for node (3008) finished as status: 1","timestamp":"2025-05-05 03:27:53"}
{"level":"info","message":"execution (31216) run instruction [condition] for node (3009)","timestamp":"2025-05-05 03:27:53"}
{"level":"info","message":"execution (31216) run instruction [update] for node (3014)","timestamp":"2025-05-05 03:27:53"}
{"level":"info","message":"execution (31216) run instruction [update] for node (3014) finished as status: 1","timestamp":"2025-05-05 03:27:53"}
{"level":"info","message":"execution (31216) run instruction [condition] for node (3009)","timestamp":"2025-05-05 03:27:53"}
{"level":"info","message":"execution (31216) run instruction [condition] for node (3009) finished as status: 1","timestamp":"2025-05-05 03:27:53"}
{"level":"info","message":"execution (31216) run instruction [query] for node (3028)","timestamp":"2025-05-05 03:27:53"}
{"level":"info","message":"execution (31216) run instruction [query] for node (3028) finished as status: 1","timestamp":"2025-05-05 03:27:53"}
{"level":"info","message":"execution (31216) run instruction [calculation] for node (3026)","timestamp":"2025-05-05 03:27:53"}
{"level":"info","message":"execution (31216) run instruction [calculation] for node (3026) finished as status: 1","timestamp":"2025-05-05 03:27:53"}
{"level":"info","message":"execution (31216) run instruction [update] for node (3027)","timestamp":"2025-05-05 03:27:53"}
{"level":"info","message":"execution (31216) run instruction [update] for node (3027) finished as status: 1","timestamp":"2025-05-05 03:27:53"}
{"level":"info","message":"execution (31216) run instruction [query] for node (3020)","timestamp":"2025-05-05 03:27:53"}
{"level":"info","message":"execution (31216) run instruction [query] for node (3020) finished as status: 1","timestamp":"2025-05-05 03:27:53"}
{"level":"info","message":"execution (31216) run instruction [calculation] for node (3018)","timestamp":"2025-05-05 03:27:53"}
{"level":"info","message":"execution (31216) run instruction [calculation] for node (3018) finished as status: 1","timestamp":"2025-05-05 03:27:53"}
{"level":"info","message":"execution (31216) run instruction [update] for node (3019)","timestamp":"2025-05-05 03:27:53"}
{"level":"info","message":"execution (31216) run instruction [update] for node (3019) finished as status: 1","timestamp":"2025-05-05 03:27:53"}
{"level":"info","message":"execution (31216) exiting with status 1","timestamp":"2025-05-05 03:27:53"}
{"level":"info","message":"execution (31216) exiting with status 1","timestamp":"2025-05-05 03:27:53"}
{"level":"info","message":"execution (31216) exiting with status 1","timestamp":"2025-05-05 03:27:53"}
{"level":"info","execution":{"id":31216,"context":{"data":{"createdAt":"2025-04-24T15:52:24.854Z","updatedAt":"2025-05-05T03:27:53.394Z","start_date":"2025-05-02T07:00:00.000Z","end_date":"2025-05-02T07:50:00.000Z","create_course_id":448,"salary_id":null,"remark":null,"expired_date":null,"status_sort":2600,"id":2319,"status":"Inactive","status_convert":0,"month_convert":"2025/5","student":"Ong Jie Ying","teaching_fee":0,"actual_class_date":"2025-05-02","coach_id":2,"createdById":null,"updatedById":3,"salary_db":null,"create_course_db":{"createdAt":"2025-04-24T03:18:50.970Z","updatedAt":"2025-05-05T03:27:31.835Z","start_date":"2025-04-11T07:00:00.000Z","end_date":"2025-04-11T07:50:00.000Z","package_id":63,"discount":0,"month_convert":"2025/4","id":448,"total":200,"transport_fee":0,"payment_method":"Online Transfer","fee":200,"progress":0.75,"student_id":70,"payment_date":"2025-04-09","invoice_number":"INV250409-0378","salary_id":18,"commission":60,"done":null,"createdById":3,"updatedById":3,"package_db":{"createdAt":"2025-04-04T08:50:36.682Z","updatedAt":"2025-05-04T07:51:58.383Z","fee":200,"id":63,"name":"GROUP4","transport_fee":null,"quantity":4,"type":"G","nop":"1","total":200,"createdById":1,"updatedById":3,"description":"GROUP (INDIVIDUAL) - 4 LESSON"},"attendance_db":[{"createdAt":"2025-04-24T15:52:24.756Z","updatedAt":"2025-04-27T10:07:23.340Z","start_date":"2025-04-27T00:00:00.000Z","end_date":"2025-04-27T00:50:00.000Z","create_course_id":448,"salary_id":30,"remark":null,"expired_date":null,"status_sort":243,"id":2316,"status":"Replacement","status_convert":1,"month_convert":"2025/4","student":"Ong Jie Ying","teaching_fee":35,"actual_class_date":"2025-04-11","coach_id":2,"createdById":null,"updatedById":3},{"createdAt":"2025-04-24T15:52:24.808Z","updatedAt":"2025-05-05T03:27:31.811Z","start_date":"2025-04-18T07:00:00.000Z","end_date":"2025-04-18T07:50:00.000Z","create_course_id":448,"salary_id":null,"remark":null,"expired_date":null,"status_sort":8,"id":2317,"status":"Absence","status_convert":1,"month_convert":"2025/4","student":"Ong Jie Ying","teaching_fee":0,"actual_class_date":"2025-04-18","coach_id":2,"createdById":null,"updatedById":3},{"createdAt":"2025-04-24T15:52:24.831Z","updatedAt":"2025-04-25T15:52:09.614Z","start_date":"2025-04-25T07:00:00.000Z","end_date":"2025-04-25T07:50:00.000Z","create_course_id":448,"salary_id":30,"remark":null,"expired_date":null,"status_sort":1466,"id":2318,"status":"Attend","status_convert":1,"month_convert":"2025/4","student":"Ong Jie Ying","teaching_fee":35,"actual_class_date":"2025-04-25","coach_id":2,"createdById":null,"updatedById":3},{"createdAt":"2025-04-24T15:52:24.854Z","updatedAt":"2025-05-05T03:27:53.394Z","start_date":"2025-05-02T07:00:00.000Z","end_date":"2025-05-02T07:50:00.000Z","create_course_id":448,"salary_id":null,"remark":null,"expired_date":null,"status_sort":2600,"id":2319,"status":"Inactive","status_convert":0,"month_convert":"2025/5","student":"Ong Jie Ying","teaching_fee":0,"actual_class_date":"2025-05-02","coach_id":2,"createdById":null,"updatedById":3}]},"coach_db":{"createdAt":"2025-04-22T03:15:57.433Z","updatedAt":"2025-04-22T14:48:49.101Z","name":"Lee Chin Meng","dob":null,"email":null,"address":null,"start_date":null,"bank_account":null,"nickname":"Felix","identity_card":null,"emergency_contact_name":null,"level":"Special","users_id":1,"id":2,"bank_name":null,"emergency_contact_number":null,"gender":null,"contact_number":null,"createdById":1,"updatedById":3}}},"key":"wyjfsqwxgr1","eventKey":"d16cc12f-ee83-42e5-b2d6-ca841fa5afcc","stack":null,"status":1,"workflowId":243,"updatedAt":"2025-05-05T03:27:53.620Z","createdAt":"2025-05-05T03:27:53.423Z","output":null},"message":"execution (31216) finished with status: 1","timestamp":"2025-05-05 03:27:53"}
{"level":"info","message":"new event triggered, now events: 1","timestamp":"2025-05-05 03:27:58"}
{"level":"info","message":"preparing execution for event","timestamp":"2025-05-05 03:27:58"}
{"level":"info","message":"execution of workflow 243 created as 31217","timestamp":"2025-05-05 03:27:58"}
{"level":"info","message":"pending execution (31217) ready to process","timestamp":"2025-05-05 03:27:58"}
{"level":"info","message":"queueing execution (31217) from pending list updated to started","timestamp":"2025-05-05 03:27:58"}
{"level":"info","message":"execution (31217) starting...","timestamp":"2025-05-05 03:27:58"}
{"level":"info","message":"execution (31217) run instruction [condition] for node (3008)","timestamp":"2025-05-05 03:27:58"}
{"level":"info","message":"execution (31217) run instruction [update] for node (3007)","timestamp":"2025-05-05 03:27:58"}
{"level":"info","message":"execution (31217) run instruction [update] for node (3007) finished as status: 1","timestamp":"2025-05-05 03:27:58"}
{"level":"info","message":"execution (31217) run instruction [update] for node (3035)","timestamp":"2025-05-05 03:27:58"}
{"level":"info","message":"execution (31217) run instruction [update] for node (3035) finished as status: 1","timestamp":"2025-05-05 03:27:58"}
{"level":"info","message":"execution (31217) run instruction [condition] for node (3008)","timestamp":"2025-05-05 03:27:58"}
{"level":"info","message":"execution (31217) run instruction [condition] for node (3008) finished as status: 1","timestamp":"2025-05-05 03:27:58"}
{"level":"info","message":"execution (31217) run instruction [condition] for node (3009)","timestamp":"2025-05-05 03:27:58"}
{"level":"info","message":"execution (31217) run instruction [update] for node (3014)","timestamp":"2025-05-05 03:27:58"}
{"level":"info","message":"execution (31217) run instruction [update] for node (3014) finished as status: 1","timestamp":"2025-05-05 03:27:58"}
{"level":"info","message":"execution (31217) run instruction [condition] for node (3009)","timestamp":"2025-05-05 03:27:58"}
{"level":"info","message":"execution (31217) run instruction [condition] for node (3009) finished as status: 1","timestamp":"2025-05-05 03:27:58"}
{"level":"info","message":"execution (31217) run instruction [query] for node (3028)","timestamp":"2025-05-05 03:27:58"}
{"level":"info","message":"execution (31217) run instruction [query] for node (3028) finished as status: 1","timestamp":"2025-05-05 03:27:58"}
{"level":"info","message":"execution (31217) run instruction [calculation] for node (3026)","timestamp":"2025-05-05 03:27:58"}
{"level":"info","message":"execution (31217) run instruction [calculation] for node (3026) finished as status: 1","timestamp":"2025-05-05 03:27:58"}
{"level":"info","message":"execution (31217) run instruction [update] for node (3027)","timestamp":"2025-05-05 03:27:58"}
{"level":"info","message":"execution (31217) run instruction [update] for node (3027) finished as status: 1","timestamp":"2025-05-05 03:27:58"}
{"level":"info","message":"execution (31217) run instruction [query] for node (3020)","timestamp":"2025-05-05 03:27:58"}
{"level":"info","message":"execution (31217) run instruction [query] for node (3020) finished as status: 1","timestamp":"2025-05-05 03:27:58"}
{"level":"info","message":"execution (31217) run instruction [calculation] for node (3018)","timestamp":"2025-05-05 03:27:58"}
{"level":"info","message":"execution (31217) run instruction [calculation] for node (3018) finished as status: 1","timestamp":"2025-05-05 03:27:58"}
{"level":"info","message":"execution (31217) run instruction [update] for node (3019)","timestamp":"2025-05-05 03:27:58"}
{"level":"info","message":"execution (31217) run instruction [update] for node (3019) finished as status: 1","timestamp":"2025-05-05 03:27:58"}
{"level":"info","message":"execution (31217) exiting with status 1","timestamp":"2025-05-05 03:27:58"}
{"level":"info","message":"execution (31217) exiting with status 1","timestamp":"2025-05-05 03:27:58"}
{"level":"info","message":"execution (31217) exiting with status 1","timestamp":"2025-05-05 03:27:58"}
{"level":"info","execution":{"id":31217,"context":{"data":{"createdAt":"2025-04-24T15:52:24.854Z","updatedAt":"2025-05-05T03:27:58.790Z","start_date":"2025-05-02T07:00:00.000Z","end_date":"2025-05-02T07:50:00.000Z","create_course_id":448,"salary_id":null,"remark":null,"expired_date":null,"status_sort":9,"id":2319,"status":"Absence","status_convert":1,"month_convert":"2025/5","student":"Ong Jie Ying","teaching_fee":0,"actual_class_date":"2025-05-02","coach_id":2,"createdById":null,"updatedById":3,"salary_db":null,"create_course_db":{"createdAt":"2025-04-24T03:18:50.970Z","updatedAt":"2025-05-05T03:27:53.576Z","start_date":"2025-04-11T07:00:00.000Z","end_date":"2025-04-11T07:50:00.000Z","package_id":63,"discount":0,"month_convert":"2025/4","id":448,"total":200,"transport_fee":0,"payment_method":"Online Transfer","fee":200,"progress":1,"student_id":70,"payment_date":"2025-04-09","invoice_number":"INV250409-0378","salary_id":18,"commission":60,"done":null,"createdById":3,"updatedById":3,"package_db":{"createdAt":"2025-04-04T08:50:36.682Z","updatedAt":"2025-05-04T07:51:58.383Z","fee":200,"id":63,"name":"GROUP4","transport_fee":null,"quantity":4,"type":"G","nop":"1","total":200,"createdById":1,"updatedById":3,"description":"GROUP (INDIVIDUAL) - 4 LESSON"},"attendance_db":[{"createdAt":"2025-04-24T15:52:24.756Z","updatedAt":"2025-04-27T10:07:23.340Z","start_date":"2025-04-27T00:00:00.000Z","end_date":"2025-04-27T00:50:00.000Z","create_course_id":448,"salary_id":30,"remark":null,"expired_date":null,"status_sort":243,"id":2316,"status":"Replacement","status_convert":1,"month_convert":"2025/4","student":"Ong Jie Ying","teaching_fee":35,"actual_class_date":"2025-04-11","coach_id":2,"createdById":null,"updatedById":3},{"createdAt":"2025-04-24T15:52:24.808Z","updatedAt":"2025-05-05T03:27:53.541Z","start_date":"2025-04-18T07:00:00.000Z","end_date":"2025-04-18T07:50:00.000Z","create_course_id":448,"salary_id":null,"remark":null,"expired_date":null,"status_sort":8,"id":2317,"status":"Absence","status_convert":1,"month_convert":"2025/4","student":"Ong Jie Ying","teaching_fee":0,"actual_class_date":"2025-04-18","coach_id":2,"createdById":null,"updatedById":3},{"createdAt":"2025-04-24T15:52:24.831Z","updatedAt":"2025-04-25T15:52:09.614Z","start_date":"2025-04-25T07:00:00.000Z","end_date":"2025-04-25T07:50:00.000Z","create_course_id":448,"salary_id":30,"remark":null,"expired_date":null,"status_sort":1466,"id":2318,"status":"Attend","status_convert":1,"month_convert":"2025/4","student":"Ong Jie Ying","teaching_fee":35,"actual_class_date":"2025-04-25","coach_id":2,"createdById":null,"updatedById":3},{"createdAt":"2025-04-24T15:52:24.854Z","updatedAt":"2025-05-05T03:27:58.790Z","start_date":"2025-05-02T07:00:00.000Z","end_date":"2025-05-02T07:50:00.000Z","create_course_id":448,"salary_id":null,"remark":null,"expired_date":null,"status_sort":9,"id":2319,"status":"Absence","status_convert":1,"month_convert":"2025/5","student":"Ong Jie Ying","teaching_fee":0,"actual_class_date":"2025-05-02","coach_id":2,"createdById":null,"updatedById":3}]},"coach_db":{"createdAt":"2025-04-22T03:15:57.433Z","updatedAt":"2025-04-22T14:48:49.101Z","name":"Lee Chin Meng","dob":null,"email":null,"address":null,"start_date":null,"bank_account":null,"nickname":"Felix","identity_card":null,"emergency_contact_name":null,"level":"Special","users_id":1,"id":2,"bank_name":null,"emergency_contact_number":null,"gender":null,"contact_number":null,"createdById":1,"updatedById":3}}},"key":"wyjfsqwxgr1","eventKey":"f997cbb5-6d92-461c-bad6-2c62a3e2cb1d","stack":null,"status":1,"workflowId":243,"updatedAt":"2025-05-05T03:27:58.919Z","createdAt":"2025-05-05T03:27:58.799Z","output":null},"message":"execution (31217) finished with status: 1","timestamp":"2025-05-05 03:27:58"}
{"level":"info","message":"new event triggered, now events: 1","timestamp":"2025-05-05 08:29:21"}
{"level":"info","message":"preparing execution for event","timestamp":"2025-05-05 08:29:21"}
{"level":"info","message":"execution of workflow 243 created as 31218","timestamp":"2025-05-05 08:29:21"}
{"level":"info","message":"pending execution (31218) ready to process","timestamp":"2025-05-05 08:29:21"}
{"level":"info","message":"queueing execution (31218) from pending list updated to started","timestamp":"2025-05-05 08:29:21"}
{"level":"info","message":"execution (31218) starting...","timestamp":"2025-05-05 08:29:21"}
{"level":"info","message":"execution (31218) run instruction [condition] for node (3008)","timestamp":"2025-05-05 08:29:21"}
{"level":"info","message":"execution (31218) run instruction [query] for node (3023)","timestamp":"2025-05-05 08:29:21"}
{"level":"info","message":"execution (31218) run instruction [query] for node (3023) finished as status: 1","timestamp":"2025-05-05 08:29:21"}
{"level":"info","message":"execution (31218) run instruction [condition] for node (3021)","timestamp":"2025-05-05 08:29:21"}
{"level":"info","message":"execution (31218) run instruction [update] for node (3025)","timestamp":"2025-05-05 08:29:21"}
{"level":"info","message":"execution (31218) run instruction [update] for node (3025) finished as status: 1","timestamp":"2025-05-05 08:29:21"}
{"level":"info","message":"execution (31218) run instruction [condition] for node (3021)","timestamp":"2025-05-05 08:29:21"}
{"level":"info","message":"execution (31218) run instruction [condition] for node (3021) finished as status: 1","timestamp":"2025-05-05 08:29:21"}
{"level":"info","message":"execution (31218) run instruction [condition] for node (3008)","timestamp":"2025-05-05 08:29:21"}
{"level":"info","message":"execution (31218) run instruction [condition] for node (3008) finished as status: 1","timestamp":"2025-05-05 08:29:21"}
{"level":"info","message":"execution (31218) run instruction [condition] for node (3009)","timestamp":"2025-05-05 08:29:21"}
{"level":"info","message":"execution (31218) run instruction [parallel] for node (3010)","timestamp":"2025-05-05 08:29:21"}
{"level":"info","message":"execution (31218) run instruction [calculation] for node (3013)","timestamp":"2025-05-05 08:29:21"}
{"level":"info","message":"execution (31218) run instruction [calculation] for node (3013) finished as status: 1","timestamp":"2025-05-05 08:29:21"}
{"level":"info","message":"execution (31218) run instruction [calculation] for node (3031)","timestamp":"2025-05-05 08:29:21"}
{"level":"info","message":"execution (31218) run instruction [calculation] for node (3031) finished as status: 1","timestamp":"2025-05-05 08:29:21"}
{"level":"info","message":"execution (31218) run instruction [update] for node (3011)","timestamp":"2025-05-05 08:29:21"}
{"level":"info","message":"execution (31218) run instruction [update] for node (3011) finished as status: 1","timestamp":"2025-05-05 08:29:21"}
{"level":"info","message":"execution (31218) run instruction [update] for node (3032)","timestamp":"2025-05-05 08:29:21"}
{"level":"info","message":"execution (31218) run instruction [update] for node (3032) finished as status: 1","timestamp":"2025-05-05 08:29:21"}
{"level":"info","message":"execution (31218) run instruction [parallel] for node (3010)","timestamp":"2025-05-05 08:29:21"}
{"level":"info","message":"execution (31218) exiting with status 0","timestamp":"2025-05-05 08:29:21"}
{"level":"info","message":"execution (31218) exiting with status 0","timestamp":"2025-05-05 08:29:21"}
{"level":"info","message":"execution (31218) run instruction [query] for node (3015)","timestamp":"2025-05-05 08:29:21"}
{"level":"info","message":"execution (31218) run instruction [query] for node (3015) finished as status: 1","timestamp":"2025-05-05 08:29:21"}
{"level":"info","message":"execution (31218) run instruction [calculation] for node (3016)","timestamp":"2025-05-05 08:29:21"}
{"level":"info","message":"execution (31218) run instruction [calculation] for node (3016) finished as status: 1","timestamp":"2025-05-05 08:29:21"}
{"level":"info","message":"execution (31218) run instruction [update] for node (3012)","timestamp":"2025-05-05 08:29:21"}
{"level":"info","message":"execution (31218) run instruction [update] for node (3012) finished as status: 1","timestamp":"2025-05-05 08:29:21"}
{"level":"info","message":"execution (31218) run instruction [parallel] for node (3010)","timestamp":"2025-05-05 08:29:21"}
{"level":"info","message":"execution (31218) exiting with status 0","timestamp":"2025-05-05 08:29:21"}
{"level":"info","message":"execution (31218) exiting with status 0","timestamp":"2025-05-05 08:29:21"}
{"level":"info","message":"execution (31218) run instruction [update] for node (3017)","timestamp":"2025-05-05 08:29:21"}
{"level":"info","message":"execution (31218) run instruction [update] for node (3017) finished as status: 1","timestamp":"2025-05-05 08:29:21"}
{"level":"info","message":"execution (31218) run instruction [parallel] for node (3010)","timestamp":"2025-05-05 08:29:21"}
{"level":"info","message":"execution (31218) exiting with status 0","timestamp":"2025-05-05 08:29:21"}
{"level":"info","message":"execution (31218) exiting with status 0","timestamp":"2025-05-05 08:29:21"}
{"level":"info","message":"execution (31218) run instruction [calculation] for node (3029)","timestamp":"2025-05-05 08:29:21"}
{"level":"info","message":"execution (31218) run instruction [calculation] for node (3029) finished as status: 1","timestamp":"2025-05-05 08:29:21"}
{"level":"info","message":"execution (31218) run instruction [calculation] for node (3033)","timestamp":"2025-05-05 08:29:21"}
{"level":"info","message":"execution (31218) run instruction [calculation] for node (3033) finished as status: 1","timestamp":"2025-05-05 08:29:21"}
{"level":"info","message":"execution (31218) run instruction [update] for node (3030)","timestamp":"2025-05-05 08:29:21"}
{"level":"info","message":"execution (31218) run instruction [update] for node (3030) finished as status: 1","timestamp":"2025-05-05 08:29:21"}
{"level":"info","message":"execution (31218) run instruction [update] for node (3034)","timestamp":"2025-05-05 08:29:21"}
{"level":"info","message":"execution (31218) run instruction [update] for node (3034) finished as status: 1","timestamp":"2025-05-05 08:29:21"}
{"level":"info","message":"execution (31218) run instruction [parallel] for node (3010)","timestamp":"2025-05-05 08:29:21"}
{"level":"info","message":"execution (31218) run instruction [parallel] for node (3010) finished as status: 1","timestamp":"2025-05-05 08:29:21"}
{"level":"info","message":"execution (31218) run instruction [condition] for node (3009)","timestamp":"2025-05-05 08:29:21"}
{"level":"info","message":"execution (31218) run instruction [condition] for node (3009) finished as status: 1","timestamp":"2025-05-05 08:29:21"}
{"level":"info","message":"execution (31218) run instruction [query] for node (3028)","timestamp":"2025-05-05 08:29:21"}
{"level":"info","message":"execution (31218) run instruction [query] for node (3028) finished as status: 1","timestamp":"2025-05-05 08:29:21"}
{"level":"info","message":"execution (31218) run instruction [calculation] for node (3026)","timestamp":"2025-05-05 08:29:21"}
{"level":"info","message":"execution (31218) run instruction [calculation] for node (3026) finished as status: 1","timestamp":"2025-05-05 08:29:21"}
{"level":"info","message":"execution (31218) run instruction [update] for node (3027)","timestamp":"2025-05-05 08:29:21"}
{"level":"info","message":"execution (31218) run instruction [update] for node (3027) finished as status: 1","timestamp":"2025-05-05 08:29:21"}
{"level":"info","message":"execution (31218) run instruction [query] for node (3020)","timestamp":"2025-05-05 08:29:21"}
{"level":"info","message":"execution (31218) run instruction [query] for node (3020) finished as status: 1","timestamp":"2025-05-05 08:29:21"}
{"level":"info","message":"execution (31218) run instruction [calculation] for node (3018)","timestamp":"2025-05-05 08:29:21"}
{"level":"info","message":"execution (31218) run instruction [calculation] for node (3018) finished as status: 1","timestamp":"2025-05-05 08:29:21"}
{"level":"info","message":"execution (31218) run instruction [update] for node (3019)","timestamp":"2025-05-05 08:29:21"}
{"level":"info","message":"execution (31218) run instruction [update] for node (3019) finished as status: 1","timestamp":"2025-05-05 08:29:21"}
{"level":"info","message":"execution (31218) exiting with status 1","timestamp":"2025-05-05 08:29:21"}
{"level":"info","message":"execution (31218) exiting with status 1","timestamp":"2025-05-05 08:29:21"}
{"level":"info","message":"execution (31218) exiting with status 1","timestamp":"2025-05-05 08:29:21"}
{"level":"info","message":"execution (31218) exiting with status 1","timestamp":"2025-05-05 08:29:21"}
{"level":"info","message":"execution (31218) exiting with status 1","timestamp":"2025-05-05 08:29:21"}
{"level":"info","execution":{"id":31218,"context":{"data":{"createdAt":"2025-04-28T01:06:44.973Z","updatedAt":"2025-05-05T08:29:20.947Z","start_date":"2025-05-05T09:00:00.000Z","end_date":"2025-05-05T09:50:00.000Z","create_course_id":461,"salary_id":null,"remark":null,"expired_date":null,"status_sort":2012,"id":2550,"status":"Attend","status_convert":0,"month_convert":"2025/5","student":"Yong Jun Bin","teaching_fee":0,"actual_class_date":"2025-05-05","coach_id":1,"createdById":null,"updatedById":3,"salary_db":null,"create_course_db":{"createdAt":"2025-04-28T01:06:44.626Z","updatedAt":"2025-04-28T06:34:48.973Z","start_date":"2025-04-28T09:00:00.000Z","end_date":"2025-04-28T09:50:00.000Z","package_id":2,"discount":0,"month_convert":"2025/4","id":461,"total":400,"transport_fee":0,"payment_method":"Online Transfer","fee":400,"progress":0.25,"student_id":110,"payment_date":"2025-04-28","invoice_number":"INV250428-0390","salary_id":18,"commission":80,"done":null,"createdById":3,"updatedById":3,"package_db":{"createdAt":"2025-04-04T05:48:00.404Z","updatedAt":"2025-05-04T07:43:10.716Z","fee":400,"id":2,"name":"PV4 - ðŸ‘¤","transport_fee":null,"quantity":4,"type":"PV","nop":"1","total":400,"createdById":1,"updatedById":3,"description":"PRIVATE 1V1 - 4 LESSON"},"attendance_db":[{"createdAt":"2025-04-28T01:06:44.916Z","updatedAt":"2025-04-28T06:34:48.950Z","start_date":"2025-04-28T02:00:00.000Z","end_date":"2025-04-28T02:50:00.000Z","create_course_id":461,"salary_id":43,"remark":null,"expired_date":null,"status_sort":1955,"id":2549,"status":"Attend","status_convert":1,"month_convert":"2025/4","student":"Yong Jun Bin","teaching_fee":80,"actual_class_date":"2025-04-28","coach_id":1,"createdById":null,"updatedById":1},{"createdAt":"2025-04-28T01:06:44.973Z","updatedAt":"2025-05-05T08:29:20.947Z","start_date":"2025-05-05T09:00:00.000Z","end_date":"2025-05-05T09:50:00.000Z","create_course_id":461,"salary_id":null,"remark":null,"expired_date":null,"status_sort":2012,"id":2550,"status":"Attend","status_convert":0,"month_convert":"2025/5","student":"Yong Jun Bin","teaching_fee":0,"actual_class_date":"2025-05-05","coach_id":1,"createdById":null,"updatedById":3},{"createdAt":"2025-04-28T01:06:45.015Z","updatedAt":"2025-05-05T03:27:58.864Z","start_date":"2025-05-12T09:00:00.000Z","end_date":"2025-05-12T09:50:00.000Z","create_course_id":461,"salary_id":null,"remark":null,"expired_date":null,"status_sort":2532,"id":2551,"status":"Inactive","status_convert":0,"month_convert":"2025/5","student":"Yong Jun Bin","teaching_fee":0,"actual_class_date":"2025-05-12","coach_id":1,"createdById":null,"updatedById":null},{"createdAt":"2025-04-28T01:06:45.048Z","updatedAt":"2025-05-05T03:27:58.864Z","start_date":"2025-05-19T09:00:00.000Z","end_date":"2025-05-19T09:50:00.000Z","create_course_id":461,"salary_id":null,"remark":null,"expired_date":null,"status_sort":2533,"id":2552,"status":"Inactive","status_convert":0,"month_convert":"2025/5","student":"Yong Jun Bin","teaching_fee":0,"actual_class_date":"2025-05-19","coach_id":1,"createdById":null,"updatedById":null}]},"coach_db":{"createdAt":"2025-04-22T03:15:03.525Z","updatedAt":"2025-04-22T14:48:42.264Z","name":"Ng Xuan Peng","dob":null,"email":null,"address":null,"start_date":null,"bank_account":null,"nickname":"Desmond","identity_card":null,"emergency_contact_name":null,"level":"Special","users_id":2,"id":1,"bank_name":null,"emergency_contact_number":null,"gender":null,"contact_number":null,"createdById":1,"updatedById":3}}},"key":"wyjfsqwxgr1","eventKey":"3187d318-63da-4233-bfdb-9af5c987b5d5","stack":null,"status":1,"workflowId":243,"updatedAt":"2025-05-05T08:29:21.297Z","createdAt":"2025-05-05T08:29:21.018Z","output":null},"message":"execution (31218) finished with status: 1","timestamp":"2025-05-05 08:29:21"}
{"level":"info","message":"new event triggered, now events: 1","timestamp":"2025-05-05 08:29:21"}
{"level":"info","message":"preparing execution for event","timestamp":"2025-05-05 08:29:21"}
{"level":"info","message":"execution of workflow 243 created as 31219","timestamp":"2025-05-05 08:29:21"}
{"level":"info","message":"pending execution (31219) ready to process","timestamp":"2025-05-05 08:29:21"}
{"level":"info","message":"queueing execution (31219) from pending list updated to started","timestamp":"2025-05-05 08:29:21"}
{"level":"info","message":"execution (31219) starting...","timestamp":"2025-05-05 08:29:21"}
{"level":"info","message":"execution (31219) run instruction [condition] for node (3008)","timestamp":"2025-05-05 08:29:21"}
{"level":"info","message":"execution (31219) run instruction [query] for node (3023)","timestamp":"2025-05-05 08:29:21"}
{"level":"info","message":"execution (31219) run instruction [query] for node (3023) finished as status: 1","timestamp":"2025-05-05 08:29:21"}
{"level":"info","message":"execution (31219) run instruction [condition] for node (3021)","timestamp":"2025-05-05 08:29:21"}
{"level":"info","message":"execution (31219) run instruction [update] for node (3025)","timestamp":"2025-05-05 08:29:21"}
{"level":"info","message":"execution (31219) run instruction [update] for node (3025) finished as status: 1","timestamp":"2025-05-05 08:29:21"}
{"level":"info","message":"execution (31219) run instruction [condition] for node (3021)","timestamp":"2025-05-05 08:29:21"}
{"level":"info","message":"execution (31219) run instruction [condition] for node (3021) finished as status: 1","timestamp":"2025-05-05 08:29:21"}
{"level":"info","message":"execution (31219) run instruction [condition] for node (3008)","timestamp":"2025-05-05 08:29:21"}
{"level":"info","message":"execution (31219) run instruction [condition] for node (3008) finished as status: 1","timestamp":"2025-05-05 08:29:21"}
{"level":"info","message":"execution (31219) run instruction [condition] for node (3009)","timestamp":"2025-05-05 08:29:21"}
{"level":"info","message":"execution (31219) run instruction [parallel] for node (3010)","timestamp":"2025-05-05 08:29:21"}
{"level":"info","message":"execution (31219) run instruction [calculation] for node (3013)","timestamp":"2025-05-05 08:29:21"}
{"level":"info","message":"execution (31219) run instruction [calculation] for node (3013) finished as status: 1","timestamp":"2025-05-05 08:29:21"}
{"level":"info","message":"execution (31219) run instruction [calculation] for node (3031)","timestamp":"2025-05-05 08:29:21"}
{"level":"info","message":"execution (31219) run instruction [calculation] for node (3031) finished as status: 1","timestamp":"2025-05-05 08:29:21"}
{"level":"info","message":"execution (31219) run instruction [update] for node (3011)","timestamp":"2025-05-05 08:29:21"}
{"level":"info","message":"execution (31219) run instruction [update] for node (3011) finished as status: 1","timestamp":"2025-05-05 08:29:21"}
{"level":"info","message":"execution (31219) run instruction [update] for node (3032)","timestamp":"2025-05-05 08:29:21"}
{"level":"info","message":"execution (31219) run instruction [update] for node (3032) finished as status: 1","timestamp":"2025-05-05 08:29:21"}
{"level":"info","message":"execution (31219) run instruction [parallel] for node (3010)","timestamp":"2025-05-05 08:29:21"}
{"level":"info","message":"execution (31219) exiting with status 0","timestamp":"2025-05-05 08:29:21"}
{"level":"info","message":"execution (31219) exiting with status 0","timestamp":"2025-05-05 08:29:21"}
{"level":"info","message":"execution (31219) run instruction [query] for node (3015)","timestamp":"2025-05-05 08:29:21"}
{"level":"info","message":"execution (31219) run instruction [query] for node (3015) finished as status: 1","timestamp":"2025-05-05 08:29:21"}
{"level":"info","message":"execution (31219) run instruction [calculation] for node (3016)","timestamp":"2025-05-05 08:29:21"}
{"level":"info","message":"execution (31219) run instruction [calculation] for node (3016) finished as status: 1","timestamp":"2025-05-05 08:29:21"}
{"level":"info","message":"execution (31219) run instruction [update] for node (3012)","timestamp":"2025-05-05 08:29:21"}
{"level":"info","message":"execution (31219) run instruction [update] for node (3012) finished as status: 1","timestamp":"2025-05-05 08:29:21"}
{"level":"info","message":"execution (31219) run instruction [parallel] for node (3010)","timestamp":"2025-05-05 08:29:21"}
{"level":"info","message":"execution (31219) exiting with status 0","timestamp":"2025-05-05 08:29:21"}
{"level":"info","message":"execution (31219) exiting with status 0","timestamp":"2025-05-05 08:29:21"}
{"level":"info","message":"execution (31219) run instruction [update] for node (3017)","timestamp":"2025-05-05 08:29:21"}
{"level":"info","message":"execution (31219) run instruction [update] for node (3017) finished as status: 1","timestamp":"2025-05-05 08:29:21"}
{"level":"info","message":"execution (31219) run instruction [parallel] for node (3010)","timestamp":"2025-05-05 08:29:21"}
{"level":"info","message":"execution (31219) exiting with status 0","timestamp":"2025-05-05 08:29:21"}
{"level":"info","message":"execution (31219) exiting with status 0","timestamp":"2025-05-05 08:29:21"}
{"level":"info","message":"execution (31219) run instruction [calculation] for node (3029)","timestamp":"2025-05-05 08:29:21"}
{"level":"info","message":"execution (31219) run instruction [calculation] for node (3029) finished as status: 1","timestamp":"2025-05-05 08:29:21"}
{"level":"info","message":"execution (31219) run instruction [calculation] for node (3033)","timestamp":"2025-05-05 08:29:21"}
{"level":"info","message":"execution (31219) run instruction [calculation] for node (3033) finished as status: 1","timestamp":"2025-05-05 08:29:21"}
{"level":"info","message":"execution (31219) run instruction [update] for node (3030)","timestamp":"2025-05-05 08:29:21"}
{"level":"info","message":"execution (31219) run instruction [update] for node (3030) finished as status: 1","timestamp":"2025-05-05 08:29:21"}
{"level":"info","message":"execution (31219) run instruction [update] for node (3034)","timestamp":"2025-05-05 08:29:21"}
{"level":"info","message":"execution (31219) run instruction [update] for node (3034) finished as status: 1","timestamp":"2025-05-05 08:29:21"}
{"level":"info","message":"execution (31219) run instruction [parallel] for node (3010)","timestamp":"2025-05-05 08:29:21"}
{"level":"info","message":"execution (31219) run instruction [parallel] for node (3010) finished as status: 1","timestamp":"2025-05-05 08:29:21"}
{"level":"info","message":"execution (31219) run instruction [condition] for node (3009)","timestamp":"2025-05-05 08:29:21"}
{"level":"info","message":"execution (31219) run instruction [condition] for node (3009) finished as status: 1","timestamp":"2025-05-05 08:29:21"}
{"level":"info","message":"execution (31219) run instruction [query] for node (3028)","timestamp":"2025-05-05 08:29:21"}
{"level":"info","message":"execution (31219) run instruction [query] for node (3028) finished as status: 1","timestamp":"2025-05-05 08:29:21"}
{"level":"info","message":"execution (31219) run instruction [calculation] for node (3026)","timestamp":"2025-05-05 08:29:21"}
{"level":"info","message":"execution (31219) run instruction [calculation] for node (3026) finished as status: 1","timestamp":"2025-05-05 08:29:21"}
{"level":"info","message":"execution (31219) run instruction [update] for node (3027)","timestamp":"2025-05-05 08:29:21"}
{"level":"info","message":"execution (31219) run instruction [update] for node (3027) finished as status: 1","timestamp":"2025-05-05 08:29:21"}
{"level":"info","message":"execution (31219) run instruction [query] for node (3020)","timestamp":"2025-05-05 08:29:21"}
{"level":"info","message":"execution (31219) run instruction [query] for node (3020) finished as status: 1","timestamp":"2025-05-05 08:29:21"}
{"level":"info","message":"execution (31219) run instruction [calculation] for node (3018)","timestamp":"2025-05-05 08:29:21"}
{"level":"info","message":"execution (31219) run instruction [calculation] for node (3018) finished as status: 1","timestamp":"2025-05-05 08:29:21"}
{"level":"info","message":"execution (31219) run instruction [update] for node (3019)","timestamp":"2025-05-05 08:29:21"}
{"level":"info","message":"execution (31219) run instruction [update] for node (3019) finished as status: 1","timestamp":"2025-05-05 08:29:21"}
{"level":"info","message":"execution (31219) exiting with status 1","timestamp":"2025-05-05 08:29:21"}
{"level":"info","message":"execution (31219) exiting with status 1","timestamp":"2025-05-05 08:29:21"}
{"level":"info","message":"execution (31219) exiting with status 1","timestamp":"2025-05-05 08:29:21"}
{"level":"info","message":"execution (31219) exiting with status 1","timestamp":"2025-05-05 08:29:21"}
{"level":"info","message":"execution (31219) exiting with status 1","timestamp":"2025-05-05 08:29:21"}
{"level":"info","execution":{"id":31219,"context":{"data":{"createdAt":"2025-04-24T15:46:45.190Z","updatedAt":"2025-05-05T08:29:21.408Z","start_date":"2025-05-05T10:00:00.000Z","end_date":"2025-05-05T10:50:00.000Z","create_course_id":420,"salary_id":null,"remark":null,"expired_date":null,"status_sort":2013,"id":2133,"status":"Attend","status_convert":0,"month_convert":"2025/5","student":"Chong Zheng Xuan","teaching_fee":0,"actual_class_date":"2025-03-31","coach_id":1,"createdById":null,"updatedById":3,"salary_db":null,"create_course_db":{"createdAt":"2025-04-24T03:18:50.709Z","updatedAt":"2025-04-25T05:14:15.841Z","start_date":"2025-03-10T10:00:00.000Z","end_date":"2025-03-10T10:50:00.000Z","package_id":18,"discount":0,"month_convert":"2025/3","id":420,"total":850,"transport_fee":100,"payment_method":"Online Transfer","fee":750,"progress":0.3,"student_id":18,"payment_date":"2025-03-03","invoice_number":"INV250303-0352","salary_id":17,"commission":225,"done":null,"createdById":3,"updatedById":3,"package_db":{"createdAt":"2025-04-04T08:34:12.088Z","updatedAt":"2025-05-04T07:46:13.827Z","fee":1500,"id":18,"name":"D2DðŸ…°ï¸10 - ðŸ‘¤ðŸ‘¤","transport_fee":200,"quantity":10,"type":"D2D (A)","nop":"2","total":1700,"createdById":1,"updatedById":3,"description":"DOOR 2 DOOR (A) 1V2 - 10 LESSON / PERSON"},"attendance_db":[{"createdAt":"2025-04-24T15:46:45.100Z","updatedAt":"2025-04-25T05:14:15.776Z","start_date":"2025-03-10T10:00:00.000Z","end_date":"2025-03-10T10:50:00.000Z","create_course_id":420,"salary_id":42,"remark":null,"expired_date":null,"status_sort":327,"id":2130,"status":"Attend","status_convert":1,"month_convert":"2025/3","student":"Chong Zheng Xuan","teaching_fee":62.5,"actual_class_date":"2025-03-10","coach_id":1,"createdById":null,"updatedById":3},{"createdAt":"2025-04-24T15:46:45.135Z","updatedAt":"2025-04-25T05:13:11.744Z","start_date":"2025-03-17T10:00:00.000Z","end_date":"2025-03-17T10:50:00.000Z","create_course_id":420,"salary_id":42,"remark":null,"expired_date":null,"status_sort":328,"id":2131,"status":"Attend","status_convert":1,"month_convert":"2025/3","student":"Chong Zheng Xuan","teaching_fee":62.5,"actual_class_date":"2025-03-17","coach_id":1,"createdById":null,"updatedById":3},{"createdAt":"2025-04-24T15:46:45.162Z","updatedAt":"2025-04-25T05:13:11.847Z","start_date":"2025-04-14T09:00:00.000Z","end_date":"2025-04-14T09:50:00.000Z","create_course_id":420,"salary_id":43,"remark":null,"expired_date":null,"status_sort":329,"id":2132,"status":"Attend","status_convert":1,"month_convert":"2025/4","student":"Chong Zheng Xuan","teaching_fee":62.5,"actual_class_date":"2025-03-24","coach_id":1,"createdById":null,"updatedById":3},{"createdAt":"2025-04-24T15:46:45.190Z","updatedAt":"2025-05-05T08:29:21.408Z","start_date":"2025-05-05T10:00:00.000Z","end_date":"2025-05-05T10:50:00.000Z","create_course_id":420,"salary_id":null,"remark":null,"expired_date":null,"status_sort":2013,"id":2133,"status":"Attend","status_convert":0,"month_convert":"2025/5","student":"Chong Zheng Xuan","teaching_fee":0,"actual_class_date":"2025-03-31","coach_id":1,"createdById":null,"updatedById":3},{"createdAt":"2025-04-24T15:46:45.224Z","updatedAt":"2025-05-05T03:27:58.864Z","start_date":"2025-05-12T10:00:00.000Z","end_date":"2025-05-12T10:50:00.000Z","create_course_id":420,"salary_id":null,"remark":null,"expired_date":null,"status_sort":2134,"id":2134,"status":"Inactive","status_convert":0,"month_convert":"2025/5","student":"Chong Zheng Xuan","teaching_fee":0,"actual_class_date":"2025-04-07","coach_id":1,"createdById":null,"updatedById":3},{"createdAt":"2025-04-24T15:46:45.253Z","updatedAt":"2025-05-05T03:27:58.864Z","start_date":"2025-05-19T10:00:00.000Z","end_date":"2025-05-19T10:50:00.000Z","create_course_id":420,"salary_id":null,"remark":null,"expired_date":null,"status_sort":2135,"id":2135,"status":"Inactive","status_convert":0,"month_convert":"2025/5","student":"Chong Zheng Xuan","teaching_fee":0,"actual_class_date":"2025-04-14","coach_id":1,"createdById":null,"updatedById":3},{"createdAt":"2025-04-24T15:46:45.281Z","updatedAt":"2025-05-05T03:27:58.864Z","start_date":"2025-05-26T10:00:00.000Z","end_date":"2025-05-26T10:50:00.000Z","create_course_id":420,"salary_id":null,"remark":null,"expired_date":null,"status_sort":2136,"id":2136,"status":"Inactive","status_convert":0,"month_convert":"2025/5","student":"Chong Zheng Xuan","teaching_fee":0,"actual_class_date":"2025-04-21","coach_id":1,"createdById":null,"updatedById":3},{"createdAt":"2025-04-24T15:46:45.308Z","updatedAt":"2025-05-05T03:27:58.864Z","start_date":"2025-06-02T10:00:00.000Z","end_date":"2025-06-02T10:50:00.000Z","create_course_id":420,"salary_id":null,"remark":null,"expired_date":null,"status_sort":2137,"id":2137,"status":"Inactive","status_convert":0,"month_convert":"2025/6","student":"Chong Zheng Xuan","teaching_fee":0,"actual_class_date":"2025-04-28","coach_id":1,"createdById":null,"updatedById":3},{"createdAt":"2025-04-24T15:46:45.334Z","updatedAt":"2025-05-05T03:27:58.864Z","start_date":"2025-06-09T10:00:00.000Z","end_date":"2025-06-09T10:50:00.000Z","create_course_id":420,"salary_id":null,"remark":null,"expired_date":null,"status_sort":2138,"id":2138,"status":"Inactive","status_convert":0,"month_convert":"2025/6","student":"Chong Zheng Xuan","teaching_fee":0,"actual_class_date":"2025-05-05","coach_id":1,"createdById":null,"updatedById":3},{"createdAt":"2025-04-24T15:46:45.360Z","updatedAt":"2025-05-05T03:27:58.864Z","start_date":"2025-06-16T10:00:00.000Z","end_date":"2025-06-16T10:50:00.000Z","create_course_id":420,"salary_id":null,"remark":null,"expired_date":null,"status_sort":2139,"id":2139,"status":"Inactive","status_convert":0,"month_convert":"2025/6","student":"Chong Zheng Xuan","teaching_fee":0,"actual_class_date":"2025-05-12","coach_id":1,"createdById":null,"updatedById":3}]},"coach_db":{"createdAt":"2025-04-22T03:15:03.525Z","updatedAt":"2025-04-22T14:48:42.264Z","name":"Ng Xuan Peng","dob":null,"email":null,"address":null,"start_date":null,"bank_account":null,"nickname":"Desmond","identity_card":null,"emergency_contact_name":null,"level":"Special","users_id":2,"id":1,"bank_name":null,"emergency_contact_number":null,"gender":null,"contact_number":null,"createdById":1,"updatedById":3}}},"key":"wyjfsqwxgr1","eventKey":"227c4f0e-06b7-4eaa-9092-376379e5233a","stack":null,"status":1,"workflowId":243,"updatedAt":"2025-05-05T08:29:21.629Z","createdAt":"2025-05-05T08:29:21.420Z","output":null},"message":"execution (31219) finished with status: 1","timestamp":"2025-05-05 08:29:21"}
{"level":"info","message":"new event triggered, now events: 1","timestamp":"2025-05-05 08:29:21"}
{"level":"info","message":"preparing execution for event","timestamp":"2025-05-05 08:29:21"}
{"level":"info","message":"execution of workflow 243 created as 31220","timestamp":"2025-05-05 08:29:21"}
{"level":"info","message":"pending execution (31220) ready to process","timestamp":"2025-05-05 08:29:21"}
{"level":"info","message":"queueing execution (31220) from pending list updated to started","timestamp":"2025-05-05 08:29:21"}
{"level":"info","message":"execution (31220) starting...","timestamp":"2025-05-05 08:29:21"}
{"level":"info","message":"execution (31220) run instruction [condition] for node (3008)","timestamp":"2025-05-05 08:29:21"}
{"level":"info","message":"execution (31220) run instruction [query] for node (3023)","timestamp":"2025-05-05 08:29:21"}
{"level":"info","message":"execution (31220) run instruction [query] for node (3023) finished as status: 1","timestamp":"2025-05-05 08:29:21"}
{"level":"info","message":"execution (31220) run instruction [condition] for node (3021)","timestamp":"2025-05-05 08:29:21"}
{"level":"info","message":"execution (31220) run instruction [update] for node (3025)","timestamp":"2025-05-05 08:29:21"}
{"level":"info","message":"execution (31220) run instruction [update] for node (3025) finished as status: 1","timestamp":"2025-05-05 08:29:21"}
{"level":"info","message":"execution (31220) run instruction [condition] for node (3021)","timestamp":"2025-05-05 08:29:21"}
{"level":"info","message":"execution (31220) run instruction [condition] for node (3021) finished as status: 1","timestamp":"2025-05-05 08:29:21"}
{"level":"info","message":"execution (31220) run instruction [condition] for node (3008)","timestamp":"2025-05-05 08:29:21"}
{"level":"info","message":"execution (31220) run instruction [condition] for node (3008) finished as status: 1","timestamp":"2025-05-05 08:29:21"}
{"level":"info","message":"execution (31220) run instruction [condition] for node (3009)","timestamp":"2025-05-05 08:29:21"}
{"level":"info","message":"execution (31220) run instruction [parallel] for node (3010)","timestamp":"2025-05-05 08:29:21"}
{"level":"info","message":"execution (31220) run instruction [calculation] for node (3013)","timestamp":"2025-05-05 08:29:21"}
{"level":"info","message":"execution (31220) run instruction [calculation] for node (3013) finished as status: 1","timestamp":"2025-05-05 08:29:21"}
{"level":"info","message":"execution (31220) run instruction [calculation] for node (3031)","timestamp":"2025-05-05 08:29:21"}
{"level":"info","message":"execution (31220) run instruction [calculation] for node (3031) finished as status: 1","timestamp":"2025-05-05 08:29:21"}
{"level":"info","message":"execution (31220) run instruction [update] for node (3011)","timestamp":"2025-05-05 08:29:21"}
{"level":"info","message":"execution (31220) run instruction [update] for node (3011) finished as status: 1","timestamp":"2025-05-05 08:29:21"}
{"level":"info","message":"execution (31220) run instruction [update] for node (3032)","timestamp":"2025-05-05 08:29:21"}
{"level":"info","message":"execution (31220) run instruction [update] for node (3032) finished as status: 1","timestamp":"2025-05-05 08:29:21"}
{"level":"info","message":"execution (31220) run instruction [parallel] for node (3010)","timestamp":"2025-05-05 08:29:21"}
{"level":"info","message":"execution (31220) exiting with status 0","timestamp":"2025-05-05 08:29:21"}
{"level":"info","message":"execution (31220) exiting with status 0","timestamp":"2025-05-05 08:29:21"}
{"level":"info","message":"execution (31220) run instruction [query] for node (3015)","timestamp":"2025-05-05 08:29:21"}
{"level":"info","message":"execution (31220) run instruction [query] for node (3015) finished as status: 1","timestamp":"2025-05-05 08:29:21"}
{"level":"info","message":"execution (31220) run instruction [calculation] for node (3016)","timestamp":"2025-05-05 08:29:21"}
{"level":"info","message":"execution (31220) run instruction [calculation] for node (3016) finished as status: 1","timestamp":"2025-05-05 08:29:21"}
{"level":"info","message":"execution (31220) run instruction [update] for node (3012)","timestamp":"2025-05-05 08:29:21"}
{"level":"info","message":"execution (31220) run instruction [update] for node (3012) finished as status: 1","timestamp":"2025-05-05 08:29:21"}
{"level":"info","message":"execution (31220) run instruction [parallel] for node (3010)","timestamp":"2025-05-05 08:29:21"}
{"level":"info","message":"execution (31220) exiting with status 0","timestamp":"2025-05-05 08:29:21"}
{"level":"info","message":"execution (31220) exiting with status 0","timestamp":"2025-05-05 08:29:21"}
{"level":"info","message":"execution (31220) run instruction [update] for node (3017)","timestamp":"2025-05-05 08:29:21"}
{"level":"info","message":"execution (31220) run instruction [update] for node (3017) finished as status: 1","timestamp":"2025-05-05 08:29:21"}
{"level":"info","message":"execution (31220) run instruction [parallel] for node (3010)","timestamp":"2025-05-05 08:29:21"}
{"level":"info","message":"execution (31220) exiting with status 0","timestamp":"2025-05-05 08:29:21"}
{"level":"info","message":"execution (31220) exiting with status 0","timestamp":"2025-05-05 08:29:21"}
{"level":"info","message":"execution (31220) run instruction [calculation] for node (3029)","timestamp":"2025-05-05 08:29:21"}
{"level":"info","message":"execution (31220) run instruction [calculation] for node (3029) finished as status: 1","timestamp":"2025-05-05 08:29:21"}
{"level":"info","message":"execution (31220) run instruction [calculation] for node (3033)","timestamp":"2025-05-05 08:29:21"}
{"level":"info","message":"execution (31220) run instruction [calculation] for node (3033) finished as status: 1","timestamp":"2025-05-05 08:29:21"}
{"level":"info","message":"execution (31220) run instruction [update] for node (3030)","timestamp":"2025-05-05 08:29:21"}
{"level":"info","message":"execution (31220) run instruction [update] for node (3030) finished as status: 1","timestamp":"2025-05-05 08:29:21"}
{"level":"info","message":"execution (31220) run instruction [update] for node (3034)","timestamp":"2025-05-05 08:29:21"}
{"level":"info","message":"execution (31220) run instruction [update] for node (3034) finished as status: 1","timestamp":"2025-05-05 08:29:21"}
{"level":"info","message":"execution (31220) run instruction [parallel] for node (3010)","timestamp":"2025-05-05 08:29:21"}
{"level":"info","message":"execution (31220) run instruction [parallel] for node (3010) finished as status: 1","timestamp":"2025-05-05 08:29:21"}
{"level":"info","message":"execution (31220) run instruction [condition] for node (3009)","timestamp":"2025-05-05 08:29:21"}
{"level":"info","message":"execution (31220) run instruction [condition] for node (3009) finished as status: 1","timestamp":"2025-05-05 08:29:22"}
{"level":"info","message":"execution (31220) run instruction [query] for node (3028)","timestamp":"2025-05-05 08:29:22"}
{"level":"info","message":"execution (31220) run instruction [query] for node (3028) finished as status: 1","timestamp":"2025-05-05 08:29:22"}
{"level":"info","message":"execution (31220) run instruction [calculation] for node (3026)","timestamp":"2025-05-05 08:29:22"}
{"level":"info","message":"execution (31220) run instruction [calculation] for node (3026) finished as status: 1","timestamp":"2025-05-05 08:29:22"}
{"level":"info","message":"execution (31220) run instruction [update] for node (3027)","timestamp":"2025-05-05 08:29:22"}
{"level":"info","message":"execution (31220) run instruction [update] for node (3027) finished as status: 1","timestamp":"2025-05-05 08:29:22"}
{"level":"info","message":"execution (31220) run instruction [query] for node (3020)","timestamp":"2025-05-05 08:29:22"}
{"level":"info","message":"execution (31220) run instruction [query] for node (3020) finished as status: 1","timestamp":"2025-05-05 08:29:22"}
{"level":"info","message":"execution (31220) run instruction [calculation] for node (3018)","timestamp":"2025-05-05 08:29:22"}
{"level":"info","message":"execution (31220) run instruction [calculation] for node (3018) finished as status: 1","timestamp":"2025-05-05 08:29:22"}
{"level":"info","message":"execution (31220) run instruction [update] for node (3019)","timestamp":"2025-05-05 08:29:22"}
{"level":"info","message":"execution (31220) run instruction [update] for node (3019) finished as status: 1","timestamp":"2025-05-05 08:29:22"}
{"level":"info","message":"execution (31220) exiting with status 1","timestamp":"2025-05-05 08:29:22"}
{"level":"info","message":"execution (31220) exiting with status 1","timestamp":"2025-05-05 08:29:22"}
{"level":"info","message":"execution (31220) exiting with status 1","timestamp":"2025-05-05 08:29:22"}
{"level":"info","message":"execution (31220) exiting with status 1","timestamp":"2025-05-05 08:29:22"}
{"level":"info","message":"execution (31220) exiting with status 1","timestamp":"2025-05-05 08:29:22"}
{"level":"info","execution":{"id":31220,"context":{"data":{"createdAt":"2025-04-24T15:46:58.132Z","updatedAt":"2025-05-05T08:29:21.830Z","start_date":"2025-05-05T10:00:00.000Z","end_date":"2025-05-05T10:50:00.000Z","create_course_id":421,"salary_id":null,"remark":null,"expired_date":null,"status_sort":2014,"id":2143,"status":"Attend","status_convert":0,"month_convert":"2025/5","student":"Christopher Mah Yu Heng","teaching_fee":0,"actual_class_date":"2025-03-31","coach_id":1,"createdById":null,"updatedById":3,"salary_db":null,"create_course_db":{"createdAt":"2025-04-24T03:18:50.718Z","updatedAt":"2025-04-25T05:17:47.795Z","start_date":"2025-03-10T10:00:00.000Z","end_date":"2025-03-10T10:50:00.000Z","package_id":18,"discount":0,"month_convert":"2025/3","id":421,"total":850,"transport_fee":100,"payment_method":"Online Transfer","fee":750,"progress":0.3,"student_id":19,"payment_date":"2025-03-04","invoice_number":"INV250304-0353","salary_id":17,"commission":225,"done":null,"createdById":3,"updatedById":3,"package_db":{"createdAt":"2025-04-04T08:34:12.088Z","updatedAt":"2025-05-04T07:46:13.827Z","fee":1500,"id":18,"name":"D2DðŸ…°ï¸10 - ðŸ‘¤ðŸ‘¤","transport_fee":200,"quantity":10,"type":"D2D (A)","nop":"2","total":1700,"createdById":1,"updatedById":3,"description":"DOOR 2 DOOR (A) 1V2 - 10 LESSON / PERSON"},"attendance_db":[{"createdAt":"2025-04-24T15:46:58.029Z","updatedAt":"2025-04-25T05:17:47.748Z","start_date":"2025-03-10T10:00:00.000Z","end_date":"2025-03-10T10:50:00.000Z","create_course_id":421,"salary_id":42,"remark":null,"expired_date":null,"status_sort":340,"id":2140,"status":"Attend","status_convert":1,"month_convert":"2025/3","student":"Christopher Mah Yu Heng","teaching_fee":62.5,"actual_class_date":"2025-03-10","coach_id":1,"createdById":null,"updatedById":3},{"createdAt":"2025-04-24T15:46:58.083Z","updatedAt":"2025-04-25T05:16:58.044Z","start_date":"2025-03-17T10:00:00.000Z","end_date":"2025-03-17T10:50:00.000Z","create_course_id":421,"salary_id":42,"remark":null,"expired_date":null,"status_sort":341,"id":2141,"status":"Attend","status_convert":1,"month_convert":"2025/3","student":"Christopher Mah Yu Heng","teaching_fee":62.5,"actual_class_date":"2025-03-17","coach_id":1,"createdById":null,"updatedById":3},{"createdAt":"2025-04-24T15:46:58.107Z","updatedAt":"2025-04-25T05:16:58.139Z","start_date":"2025-04-14T09:00:00.000Z","end_date":"2025-04-14T09:50:00.000Z","create_course_id":421,"salary_id":43,"remark":null,"expired_date":null,"status_sort":342,"id":2142,"status":"Attend","status_convert":1,"month_convert":"2025/4","student":"Christopher Mah Yu Heng","teaching_fee":62.5,"actual_class_date":"2025-03-24","coach_id":1,"createdById":null,"updatedById":3},{"createdAt":"2025-04-24T15:46:58.132Z","updatedAt":"2025-05-05T08:29:21.830Z","start_date":"2025-05-05T10:00:00.000Z","end_date":"2025-05-05T10:50:00.000Z","create_course_id":421,"salary_id":null,"remark":null,"expired_date":null,"status_sort":2014,"id":2143,"status":"Attend","status_convert":0,"month_convert":"2025/5","student":"Christopher Mah Yu Heng","teaching_fee":0,"actual_class_date":"2025-03-31","coach_id":1,"createdById":null,"updatedById":3},{"createdAt":"2025-04-24T15:46:58.163Z","updatedAt":"2025-05-05T03:27:58.864Z","start_date":"2025-05-12T10:00:00.000Z","end_date":"2025-05-12T10:50:00.000Z","create_course_id":421,"salary_id":null,"remark":null,"expired_date":null,"status_sort":2144,"id":2144,"status":"Inactive","status_convert":0,"month_convert":"2025/5","student":"Christopher Mah Yu Heng","teaching_fee":0,"actual_class_date":"2025-04-07","coach_id":1,"createdById":null,"updatedById":3},{"createdAt":"2025-04-24T15:46:58.191Z","updatedAt":"2025-05-05T03:27:58.864Z","start_date":"2025-05-19T10:00:00.000Z","end_date":"2025-05-19T10:50:00.000Z","create_course_id":421,"salary_id":null,"remark":null,"expired_date":null,"status_sort":2145,"id":2145,"status":"Inactive","status_convert":0,"month_convert":"2025/5","student":"Christopher Mah Yu Heng","teaching_fee":0,"actual_class_date":"2025-04-14","coach_id":1,"createdById":null,"updatedById":3},{"createdAt":"2025-04-24T15:46:58.218Z","updatedAt":"2025-05-05T03:27:58.864Z","start_date":"2025-05-26T10:00:00.000Z","end_date":"2025-05-26T10:50:00.000Z","create_course_id":421,"salary_id":null,"remark":null,"expired_date":null,"status_sort":2146,"id":2146,"status":"Inactive","status_convert":0,"month_convert":"2025/5","student":"Christopher Mah Yu Heng","teaching_fee":0,"actual_class_date":"2025-04-21","coach_id":1,"createdById":null,"updatedById":3},{"createdAt":"2025-04-24T15:46:58.262Z","updatedAt":"2025-05-05T03:27:58.864Z","start_date":"2025-06-02T10:00:00.000Z","end_date":"2025-06-02T10:50:00.000Z","create_course_id":421,"salary_id":null,"remark":null,"expired_date":null,"status_sort":2147,"id":2147,"status":"Inactive","status_convert":0,"month_convert":"2025/6","student":"Christopher Mah Yu Heng","teaching_fee":0,"actual_class_date":"2025-04-28","coach_id":1,"createdById":null,"updatedById":3},{"createdAt":"2025-04-24T15:46:58.300Z","updatedAt":"2025-05-05T03:27:58.864Z","start_date":"2025-06-09T10:00:00.000Z","end_date":"2025-06-09T10:50:00.000Z","create_course_id":421,"salary_id":null,"remark":null,"expired_date":null,"status_sort":2148,"id":2148,"status":"Inactive","status_convert":0,"month_convert":"2025/6","student":"Christopher Mah Yu Heng","teaching_fee":0,"actual_class_date":"2025-05-05","coach_id":1,"createdById":null,"updatedById":3},{"createdAt":"2025-04-24T15:46:58.338Z","updatedAt":"2025-05-05T03:27:58.864Z","start_date":"2025-06-16T10:00:00.000Z","end_date":"2025-06-16T10:50:00.000Z","create_course_id":421,"salary_id":null,"remark":null,"expired_date":null,"status_sort":2149,"id":2149,"status":"Inactive","status_convert":0,"month_convert":"2025/6","student":"Christopher Mah Yu Heng","teaching_fee":0,"actual_class_date":"2025-05-12","coach_id":1,"createdById":null,"updatedById":3}]},"coach_db":{"createdAt":"2025-04-22T03:15:03.525Z","updatedAt":"2025-04-22T14:48:42.264Z","name":"Ng Xuan Peng","dob":null,"email":null,"address":null,"start_date":null,"bank_account":null,"nickname":"Desmond","identity_card":null,"emergency_contact_name":null,"level":"Special","users_id":2,"id":1,"bank_name":null,"emergency_contact_number":null,"gender":null,"contact_number":null,"createdById":1,"updatedById":3}}},"key":"wyjfsqwxgr1","eventKey":"80787304-b354-4136-97a0-15e7285c5a0b","stack":null,"status":1,"workflowId":243,"updatedAt":"2025-05-05T08:29:22.073Z","createdAt":"2025-05-05T08:29:21.842Z","output":null},"message":"execution (31220) finished with status: 1","timestamp":"2025-05-05 08:29:22"}
