{"level":"info","message":"new event triggered, now events: 1","timestamp":"2025-05-07 07:31:15"}
{"level":"info","message":"preparing execution for event","timestamp":"2025-05-07 07:31:15"}
{"level":"info","message":"execution of workflow 243 created as 31287","timestamp":"2025-05-07 07:31:15"}
{"level":"info","message":"execution (31287) fetched from db","timestamp":"2025-05-07 07:31:15"}
{"level":"info","message":"execution (31287) starting...","timestamp":"2025-05-07 07:31:15"}
{"level":"info","message":"execution (31287) run instruction [condition] for node (3008)","timestamp":"2025-05-07 07:31:15"}
{"level":"info","message":"execution (31287) run instruction [query] for node (3023)","timestamp":"2025-05-07 07:31:15"}
{"level":"info","message":"execution (31287) run instruction [query] for node (3023) finished as status: 1","timestamp":"2025-05-07 07:31:15"}
{"level":"info","message":"execution (31287) run instruction [condition] for node (3021)","timestamp":"2025-05-07 07:31:15"}
{"level":"info","message":"execution (31287) run instruction [update] for node (3025)","timestamp":"2025-05-07 07:31:15"}
{"level":"info","message":"execution (31287) run instruction [update] for node (3025) finished as status: 1","timestamp":"2025-05-07 07:31:16"}
{"level":"info","message":"execution (31287) run instruction [condition] for node (3021)","timestamp":"2025-05-07 07:31:16"}
{"level":"info","message":"execution (31287) run instruction [condition] for node (3021) finished as status: 1","timestamp":"2025-05-07 07:31:16"}
{"level":"info","message":"execution (31287) run instruction [condition] for node (3008)","timestamp":"2025-05-07 07:31:16"}
{"level":"info","message":"execution (31287) run instruction [condition] for node (3008) finished as status: 1","timestamp":"2025-05-07 07:31:16"}
{"level":"info","message":"execution (31287) run instruction [condition] for node (3009)","timestamp":"2025-05-07 07:31:16"}
{"level":"info","message":"execution (31287) run instruction [parallel] for node (3010)","timestamp":"2025-05-07 07:31:16"}
{"level":"info","message":"execution (31287) run instruction [calculation] for node (3013)","timestamp":"2025-05-07 07:31:16"}
{"level":"info","message":"execution (31287) run instruction [calculation] for node (3013) finished as status: 1","timestamp":"2025-05-07 07:31:16"}
{"level":"info","message":"execution (31287) run instruction [calculation] for node (3031)","timestamp":"2025-05-07 07:31:16"}
{"level":"info","message":"execution (31287) run instruction [calculation] for node (3031) finished as status: 1","timestamp":"2025-05-07 07:31:16"}
{"level":"info","message":"execution (31287) run instruction [update] for node (3011)","timestamp":"2025-05-07 07:31:16"}
{"level":"info","message":"execution (31287) run instruction [update] for node (3011) finished as status: 1","timestamp":"2025-05-07 07:31:16"}
{"level":"info","message":"execution (31287) run instruction [update] for node (3032)","timestamp":"2025-05-07 07:31:16"}
{"level":"info","message":"execution (31287) run instruction [update] for node (3032) finished as status: 1","timestamp":"2025-05-07 07:31:16"}
{"level":"info","message":"execution (31287) run instruction [parallel] for node (3010)","timestamp":"2025-05-07 07:31:16"}
{"level":"info","message":"execution (31287) exiting with status 0","timestamp":"2025-05-07 07:31:16"}
{"level":"info","message":"execution (31287) exiting with status 0","timestamp":"2025-05-07 07:31:16"}
{"level":"info","message":"execution (31287) run instruction [query] for node (3015)","timestamp":"2025-05-07 07:31:16"}
{"level":"info","message":"execution (31287) run instruction [query] for node (3015) finished as status: 1","timestamp":"2025-05-07 07:31:16"}
{"level":"info","message":"execution (31287) run instruction [calculation] for node (3016)","timestamp":"2025-05-07 07:31:16"}
{"level":"info","message":"execution (31287) run instruction [calculation] for node (3016) finished as status: 1","timestamp":"2025-05-07 07:31:16"}
{"level":"info","message":"execution (31287) run instruction [update] for node (3012)","timestamp":"2025-05-07 07:31:16"}
{"level":"info","message":"execution (31287) run instruction [update] for node (3012) finished as status: 1","timestamp":"2025-05-07 07:31:16"}
{"level":"info","message":"execution (31287) run instruction [parallel] for node (3010)","timestamp":"2025-05-07 07:31:16"}
{"level":"info","message":"execution (31287) exiting with status 0","timestamp":"2025-05-07 07:31:16"}
{"level":"info","message":"execution (31287) exiting with status 0","timestamp":"2025-05-07 07:31:16"}
{"level":"info","message":"execution (31287) run instruction [update] for node (3017)","timestamp":"2025-05-07 07:31:16"}
{"level":"info","message":"execution (31287) run instruction [update] for node (3017) finished as status: 1","timestamp":"2025-05-07 07:31:16"}
{"level":"info","message":"execution (31287) run instruction [parallel] for node (3010)","timestamp":"2025-05-07 07:31:16"}
{"level":"info","message":"execution (31287) exiting with status 0","timestamp":"2025-05-07 07:31:16"}
{"level":"info","message":"execution (31287) exiting with status 0","timestamp":"2025-05-07 07:31:16"}
{"level":"info","message":"execution (31287) run instruction [calculation] for node (3029)","timestamp":"2025-05-07 07:31:16"}
{"level":"info","message":"execution (31287) run instruction [calculation] for node (3029) finished as status: 1","timestamp":"2025-05-07 07:31:16"}
{"level":"info","message":"execution (31287) run instruction [calculation] for node (3033)","timestamp":"2025-05-07 07:31:16"}
{"level":"info","message":"execution (31287) run instruction [calculation] for node (3033) finished as status: 1","timestamp":"2025-05-07 07:31:16"}
{"level":"info","message":"execution (31287) run instruction [update] for node (3030)","timestamp":"2025-05-07 07:31:16"}
{"level":"info","message":"execution (31287) run instruction [update] for node (3030) finished as status: 1","timestamp":"2025-05-07 07:31:16"}
{"level":"info","message":"execution (31287) run instruction [update] for node (3034)","timestamp":"2025-05-07 07:31:16"}
{"level":"info","message":"execution (31287) run instruction [update] for node (3034) finished as status: 1","timestamp":"2025-05-07 07:31:16"}
{"level":"info","message":"execution (31287) run instruction [parallel] for node (3010)","timestamp":"2025-05-07 07:31:16"}
{"level":"info","message":"execution (31287) run instruction [parallel] for node (3010) finished as status: 1","timestamp":"2025-05-07 07:31:16"}
{"level":"info","message":"execution (31287) run instruction [condition] for node (3009)","timestamp":"2025-05-07 07:31:16"}
{"level":"info","message":"execution (31287) run instruction [condition] for node (3009) finished as status: 1","timestamp":"2025-05-07 07:31:16"}
{"level":"info","message":"execution (31287) run instruction [query] for node (3028)","timestamp":"2025-05-07 07:31:16"}
{"level":"info","message":"execution (31287) run instruction [query] for node (3028) finished as status: 1","timestamp":"2025-05-07 07:31:16"}
{"level":"info","message":"execution (31287) run instruction [calculation] for node (3026)","timestamp":"2025-05-07 07:31:16"}
{"level":"info","message":"execution (31287) run instruction [calculation] for node (3026) finished as status: 1","timestamp":"2025-05-07 07:31:16"}
{"level":"info","message":"execution (31287) run instruction [update] for node (3027)","timestamp":"2025-05-07 07:31:16"}
{"level":"info","message":"execution (31287) run instruction [update] for node (3027) finished as status: 1","timestamp":"2025-05-07 07:31:16"}
{"level":"info","message":"execution (31287) run instruction [query] for node (3020)","timestamp":"2025-05-07 07:31:16"}
{"level":"info","message":"execution (31287) run instruction [query] for node (3020) finished as status: 1","timestamp":"2025-05-07 07:31:16"}
{"level":"info","message":"execution (31287) run instruction [calculation] for node (3018)","timestamp":"2025-05-07 07:31:16"}
{"level":"info","message":"execution (31287) run instruction [calculation] for node (3018) finished as status: 1","timestamp":"2025-05-07 07:31:16"}
{"level":"info","message":"execution (31287) run instruction [update] for node (3019)","timestamp":"2025-05-07 07:31:16"}
{"level":"info","message":"execution (31287) run instruction [update] for node (3019) finished as status: 1","timestamp":"2025-05-07 07:31:16"}
{"level":"info","message":"execution (31287) exiting with status 1","timestamp":"2025-05-07 07:31:16"}
{"level":"info","message":"execution (31287) exiting with status 1","timestamp":"2025-05-07 07:31:16"}
{"level":"info","message":"execution (31287) exiting with status 1","timestamp":"2025-05-07 07:31:16"}
{"level":"info","message":"execution (31287) exiting with status 1","timestamp":"2025-05-07 07:31:16"}
{"level":"info","message":"execution (31287) exiting with status 1","timestamp":"2025-05-07 07:31:16"}
{"level":"info","execution":{"id":31287,"createdAt":"2025-05-07T07:31:15.884Z","updatedAt":"2025-05-07T07:31:16.194Z","key":"wyjfsqwxgr1","eventKey":"d498f822-3b14-4337-8970-7e01ad7d4d03","context":{"data":{"createdAt":"2025-04-24T15:51:39.786Z","updatedAt":"2025-05-07T07:31:15.812Z","start_date":"2025-05-07T12:00:00.000Z","end_date":"2025-05-07T12:50:00.000Z","create_course_id":445,"salary_id":null,"remark":null,"expired_date":null,"status_sort":2023,"id":2292,"status":"Attend","status_convert":0,"month_convert":"2025/5","student":"Chong Clara","teaching_fee":0,"actual_class_date":"2025-05-07","coach_id":2,"createdById":null,"updatedById":3,"salary_db":null,"create_course_db":{"createdAt":"2025-04-24T03:18:50.942Z","updatedAt":"2025-05-02T05:06:40.875Z","start_date":"2025-04-09T12:00:00.000Z","end_date":"2025-04-09T12:50:00.000Z","package_id":12,"discount":0,"month_convert":"2025/4","id":445,"total":575,"transport_fee":0,"payment_method":"Online Transfer","fee":575,"progress":0.4,"student_id":15,"payment_date":"2025-04-06","invoice_number":"INV250401-0375","salary_id":18,"commission":172.5,"done":null,"createdById":3,"updatedById":3,"package_db":{"createdAt":"2025-04-04T08:33:06.099Z","updatedAt":"2025-05-04T07:44:37.458Z","fee":2300,"id":12,"name":"PV10 - 👤👤👤👤","transport_fee":null,"quantity":10,"type":"PV","nop":"4","total":2300,"description":"PRIVATE 1V4 - 10 LESSON / PERSON","createdById":1,"updatedById":3},"attendance_db":[{"createdAt":"2025-04-24T15:51:39.651Z","updatedAt":"2025-04-25T04:08:53.394Z","start_date":"2025-04-09T12:00:00.000Z","end_date":"2025-04-09T12:50:00.000Z","create_course_id":445,"salary_id":30,"remark":null,"expired_date":null,"status_sort":263,"id":2288,"status":"Attend","status_convert":1,"month_convert":"2025/4","student":"Chong Clara","teaching_fee":40.25,"actual_class_date":"2025-04-09","coach_id":2,"createdById":null,"updatedById":3},{"createdAt":"2025-04-24T15:51:39.696Z","updatedAt":"2025-04-25T04:08:53.490Z","start_date":"2025-04-16T12:00:00.000Z","end_date":"2025-04-16T12:50:00.000Z","create_course_id":445,"salary_id":30,"remark":null,"expired_date":null,"status_sort":264,"id":2289,"status":"Attend","status_convert":1,"month_convert":"2025/4","student":"Chong Clara","teaching_fee":40.25,"actual_class_date":"2025-04-16","coach_id":2,"createdById":null,"updatedById":3},{"createdAt":"2025-04-24T15:51:39.728Z","updatedAt":"2025-04-25T16:51:55.507Z","start_date":"2025-04-25T12:00:00.000Z","end_date":"2025-04-25T12:50:00.000Z","create_course_id":445,"salary_id":30,"remark":null,"expired_date":null,"status_sort":1868,"id":2290,"status":"Attend","status_convert":1,"month_convert":"2025/4","student":"Chong Clara","teaching_fee":40.25,"actual_class_date":"2025-04-23","coach_id":2,"createdById":null,"updatedById":3},{"createdAt":"2025-04-24T15:51:39.755Z","updatedAt":"2025-05-02T05:06:40.857Z","start_date":"2025-04-30T12:00:00.000Z","end_date":"2025-04-30T12:50:00.000Z","create_course_id":445,"salary_id":30,"remark":null,"expired_date":null,"status_sort":1977,"id":2291,"status":"Attend","status_convert":1,"month_convert":"2025/4","student":"Chong Clara","teaching_fee":40.25,"actual_class_date":"2025-04-30","coach_id":2,"createdById":null,"updatedById":3},{"createdAt":"2025-04-24T15:51:39.786Z","updatedAt":"2025-05-07T07:31:15.812Z","start_date":"2025-05-07T12:00:00.000Z","end_date":"2025-05-07T12:50:00.000Z","create_course_id":445,"salary_id":null,"remark":null,"expired_date":null,"status_sort":2023,"id":2292,"status":"Attend","status_convert":0,"month_convert":"2025/5","student":"Chong Clara","teaching_fee":0,"actual_class_date":"2025-05-07","coach_id":2,"createdById":null,"updatedById":3},{"createdAt":"2025-04-24T15:51:39.816Z","updatedAt":"2025-05-06T03:57:54.970Z","start_date":"2025-05-14T12:00:00.000Z","end_date":"2025-05-14T12:50:00.000Z","create_course_id":445,"salary_id":null,"remark":null,"expired_date":null,"status_sort":2293,"id":2293,"status":"Inactive","status_convert":0,"month_convert":"2025/5","student":"Chong Clara","teaching_fee":0,"actual_class_date":"2025-05-14","coach_id":2,"createdById":null,"updatedById":null},{"createdAt":"2025-04-24T15:51:39.847Z","updatedAt":"2025-05-06T03:57:54.970Z","start_date":"2025-05-21T12:00:00.000Z","end_date":"2025-05-21T12:50:00.000Z","create_course_id":445,"salary_id":null,"remark":null,"expired_date":null,"status_sort":2294,"id":2294,"status":"Inactive","status_convert":0,"month_convert":"2025/5","student":"Chong Clara","teaching_fee":0,"actual_class_date":"2025-05-21","coach_id":2,"createdById":null,"updatedById":null},{"createdAt":"2025-04-24T15:51:39.881Z","updatedAt":"2025-05-06T03:57:54.970Z","start_date":"2025-05-28T12:00:00.000Z","end_date":"2025-05-28T12:50:00.000Z","create_course_id":445,"salary_id":null,"remark":null,"expired_date":null,"status_sort":2295,"id":2295,"status":"Inactive","status_convert":0,"month_convert":"2025/5","student":"Chong Clara","teaching_fee":0,"actual_class_date":"2025-05-28","coach_id":2,"createdById":null,"updatedById":null},{"createdAt":"2025-04-24T15:51:39.912Z","updatedAt":"2025-05-06T03:57:54.970Z","start_date":"2025-06-04T12:00:00.000Z","end_date":"2025-06-04T12:50:00.000Z","create_course_id":445,"salary_id":null,"remark":null,"expired_date":null,"status_sort":2296,"id":2296,"status":"Inactive","status_convert":0,"month_convert":"2025/6","student":"Chong Clara","teaching_fee":0,"actual_class_date":"2025-06-04","coach_id":2,"createdById":null,"updatedById":null},{"createdAt":"2025-04-24T15:51:39.942Z","updatedAt":"2025-05-06T03:57:54.970Z","start_date":"2025-06-11T12:00:00.000Z","end_date":"2025-06-11T12:50:00.000Z","create_course_id":445,"salary_id":null,"remark":null,"expired_date":null,"status_sort":2297,"id":2297,"status":"Inactive","status_convert":0,"month_convert":"2025/6","student":"Chong Clara","teaching_fee":0,"actual_class_date":"2025-06-11","coach_id":2,"createdById":null,"updatedById":null}]},"coach_db":{"createdAt":"2025-04-22T03:15:57.433Z","updatedAt":"2025-04-22T14:48:49.101Z","name":"Lee Chin Meng","dob":null,"email":null,"address":null,"start_date":null,"bank_account":null,"nickname":"Felix","identity_card":null,"emergency_contact_name":null,"level":"Special","users_id":1,"id":2,"bank_name":null,"emergency_contact_number":null,"gender":null,"contact_number":null,"createdById":1,"updatedById":3}}},"status":1,"stack":null,"output":null,"workflowId":243},"message":"execution (31287) finished with status: 1","timestamp":"2025-05-07 07:31:16"}
{"level":"info","message":"new event triggered, now events: 1","timestamp":"2025-05-07 07:31:33"}
{"level":"info","message":"preparing execution for event","timestamp":"2025-05-07 07:31:33"}
{"level":"info","message":"execution of workflow 243 created as 31288","timestamp":"2025-05-07 07:31:33"}
{"level":"info","message":"pending execution (31288) ready to process","timestamp":"2025-05-07 07:31:33"}
{"level":"info","message":"queueing execution (31288) from pending list updated to started","timestamp":"2025-05-07 07:31:33"}
{"level":"info","message":"execution (31288) starting...","timestamp":"2025-05-07 07:31:33"}
{"level":"info","message":"execution (31288) run instruction [condition] for node (3008)","timestamp":"2025-05-07 07:31:33"}
{"level":"info","message":"execution (31288) run instruction [query] for node (3023)","timestamp":"2025-05-07 07:31:33"}
{"level":"info","message":"execution (31288) run instruction [query] for node (3023) finished as status: 1","timestamp":"2025-05-07 07:31:33"}
{"level":"info","message":"execution (31288) run instruction [condition] for node (3021)","timestamp":"2025-05-07 07:31:33"}
{"level":"info","message":"execution (31288) run instruction [update] for node (3025)","timestamp":"2025-05-07 07:31:33"}
{"level":"info","message":"execution (31288) run instruction [update] for node (3025) finished as status: 1","timestamp":"2025-05-07 07:31:33"}
{"level":"info","message":"execution (31288) run instruction [condition] for node (3021)","timestamp":"2025-05-07 07:31:33"}
{"level":"info","message":"execution (31288) run instruction [condition] for node (3021) finished as status: 1","timestamp":"2025-05-07 07:31:33"}
{"level":"info","message":"execution (31288) run instruction [condition] for node (3008)","timestamp":"2025-05-07 07:31:33"}
{"level":"info","message":"execution (31288) run instruction [condition] for node (3008) finished as status: 1","timestamp":"2025-05-07 07:31:33"}
{"level":"info","message":"execution (31288) run instruction [condition] for node (3009)","timestamp":"2025-05-07 07:31:33"}
{"level":"info","message":"execution (31288) run instruction [parallel] for node (3010)","timestamp":"2025-05-07 07:31:33"}
{"level":"info","message":"execution (31288) run instruction [calculation] for node (3013)","timestamp":"2025-05-07 07:31:33"}
{"level":"info","message":"execution (31288) run instruction [calculation] for node (3013) finished as status: 1","timestamp":"2025-05-07 07:31:33"}
{"level":"info","message":"execution (31288) run instruction [calculation] for node (3031)","timestamp":"2025-05-07 07:31:33"}
{"level":"info","message":"execution (31288) run instruction [calculation] for node (3031) finished as status: 1","timestamp":"2025-05-07 07:31:33"}
{"level":"info","message":"execution (31288) run instruction [update] for node (3011)","timestamp":"2025-05-07 07:31:33"}
{"level":"info","message":"execution (31288) run instruction [update] for node (3011) finished as status: 1","timestamp":"2025-05-07 07:31:33"}
{"level":"info","message":"execution (31288) run instruction [update] for node (3032)","timestamp":"2025-05-07 07:31:33"}
{"level":"info","message":"execution (31288) run instruction [update] for node (3032) finished as status: 1","timestamp":"2025-05-07 07:31:33"}
{"level":"info","message":"execution (31288) run instruction [parallel] for node (3010)","timestamp":"2025-05-07 07:31:33"}
{"level":"info","message":"execution (31288) exiting with status 0","timestamp":"2025-05-07 07:31:33"}
{"level":"info","message":"execution (31288) exiting with status 0","timestamp":"2025-05-07 07:31:33"}
{"level":"info","message":"execution (31288) run instruction [query] for node (3015)","timestamp":"2025-05-07 07:31:33"}
{"level":"info","message":"execution (31288) run instruction [query] for node (3015) finished as status: 1","timestamp":"2025-05-07 07:31:33"}
{"level":"info","message":"execution (31288) run instruction [calculation] for node (3016)","timestamp":"2025-05-07 07:31:33"}
{"level":"info","message":"execution (31288) run instruction [calculation] for node (3016) finished as status: 1","timestamp":"2025-05-07 07:31:33"}
{"level":"info","message":"execution (31288) run instruction [update] for node (3012)","timestamp":"2025-05-07 07:31:33"}
{"level":"info","message":"execution (31288) run instruction [update] for node (3012) finished as status: 1","timestamp":"2025-05-07 07:31:33"}
{"level":"info","message":"execution (31288) run instruction [parallel] for node (3010)","timestamp":"2025-05-07 07:31:33"}
{"level":"info","message":"execution (31288) exiting with status 0","timestamp":"2025-05-07 07:31:33"}
{"level":"info","message":"execution (31288) exiting with status 0","timestamp":"2025-05-07 07:31:33"}
{"level":"info","message":"execution (31288) run instruction [update] for node (3017)","timestamp":"2025-05-07 07:31:33"}
{"level":"info","message":"execution (31288) run instruction [update] for node (3017) finished as status: 1","timestamp":"2025-05-07 07:31:33"}
{"level":"info","message":"execution (31288) run instruction [parallel] for node (3010)","timestamp":"2025-05-07 07:31:33"}
{"level":"info","message":"execution (31288) exiting with status 0","timestamp":"2025-05-07 07:31:33"}
{"level":"info","message":"execution (31288) exiting with status 0","timestamp":"2025-05-07 07:31:33"}
{"level":"info","message":"execution (31288) run instruction [calculation] for node (3029)","timestamp":"2025-05-07 07:31:33"}
{"level":"info","message":"execution (31288) run instruction [calculation] for node (3029) finished as status: 1","timestamp":"2025-05-07 07:31:33"}
{"level":"info","message":"execution (31288) run instruction [calculation] for node (3033)","timestamp":"2025-05-07 07:31:33"}
{"level":"info","message":"execution (31288) run instruction [calculation] for node (3033) finished as status: 1","timestamp":"2025-05-07 07:31:33"}
{"level":"info","message":"execution (31288) run instruction [update] for node (3030)","timestamp":"2025-05-07 07:31:33"}
{"level":"info","message":"execution (31288) run instruction [update] for node (3030) finished as status: 1","timestamp":"2025-05-07 07:31:33"}
{"level":"info","message":"execution (31288) run instruction [update] for node (3034)","timestamp":"2025-05-07 07:31:33"}
{"level":"info","message":"execution (31288) run instruction [update] for node (3034) finished as status: 1","timestamp":"2025-05-07 07:31:33"}
{"level":"info","message":"execution (31288) run instruction [parallel] for node (3010)","timestamp":"2025-05-07 07:31:33"}
{"level":"info","message":"execution (31288) run instruction [parallel] for node (3010) finished as status: 1","timestamp":"2025-05-07 07:31:33"}
{"level":"info","message":"execution (31288) run instruction [condition] for node (3009)","timestamp":"2025-05-07 07:31:33"}
{"level":"info","message":"execution (31288) run instruction [condition] for node (3009) finished as status: 1","timestamp":"2025-05-07 07:31:33"}
{"level":"info","message":"execution (31288) run instruction [query] for node (3028)","timestamp":"2025-05-07 07:31:33"}
{"level":"info","message":"execution (31288) run instruction [query] for node (3028) finished as status: 1","timestamp":"2025-05-07 07:31:33"}
{"level":"info","message":"execution (31288) run instruction [calculation] for node (3026)","timestamp":"2025-05-07 07:31:33"}
{"level":"info","message":"execution (31288) run instruction [calculation] for node (3026) finished as status: 1","timestamp":"2025-05-07 07:31:33"}
{"level":"info","message":"execution (31288) run instruction [update] for node (3027)","timestamp":"2025-05-07 07:31:33"}
{"level":"info","message":"execution (31288) run instruction [update] for node (3027) finished as status: 1","timestamp":"2025-05-07 07:31:33"}
{"level":"info","message":"execution (31288) run instruction [query] for node (3020)","timestamp":"2025-05-07 07:31:33"}
{"level":"info","message":"execution (31288) run instruction [query] for node (3020) finished as status: 1","timestamp":"2025-05-07 07:31:33"}
{"level":"info","message":"execution (31288) run instruction [calculation] for node (3018)","timestamp":"2025-05-07 07:31:33"}
{"level":"info","message":"execution (31288) run instruction [calculation] for node (3018) finished as status: 1","timestamp":"2025-05-07 07:31:33"}
{"level":"info","message":"execution (31288) run instruction [update] for node (3019)","timestamp":"2025-05-07 07:31:33"}
{"level":"info","message":"execution (31288) run instruction [update] for node (3019) finished as status: 1","timestamp":"2025-05-07 07:31:33"}
{"level":"info","message":"execution (31288) exiting with status 1","timestamp":"2025-05-07 07:31:33"}
{"level":"info","message":"execution (31288) exiting with status 1","timestamp":"2025-05-07 07:31:33"}
{"level":"info","message":"execution (31288) exiting with status 1","timestamp":"2025-05-07 07:31:33"}
{"level":"info","message":"execution (31288) exiting with status 1","timestamp":"2025-05-07 07:31:33"}
{"level":"info","message":"execution (31288) exiting with status 1","timestamp":"2025-05-07 07:31:33"}
{"level":"info","execution":{"id":31288,"context":{"data":{"createdAt":"2025-04-24T15:51:49.824Z","updatedAt":"2025-05-07T07:31:33.385Z","start_date":"2025-05-07T12:00:00.000Z","end_date":"2025-05-07T12:50:00.000Z","create_course_id":444,"salary_id":null,"remark":null,"expired_date":null,"status_sort":2024,"id":2302,"status":"Attend","status_convert":0,"month_convert":"2025/5","student":"Tay Chin Hong","teaching_fee":0,"actual_class_date":"2025-05-07","coach_id":2,"createdById":null,"updatedById":3,"salary_db":null,"create_course_db":{"createdAt":"2025-04-24T03:18:50.933Z","updatedAt":"2025-05-02T05:07:04.762Z","start_date":"2025-04-09T12:00:00.000Z","end_date":"2025-04-09T12:50:00.000Z","package_id":12,"discount":0,"month_convert":"2025/4","id":444,"total":575,"transport_fee":0,"payment_method":"Online Transfer","fee":575,"progress":0.4,"student_id":91,"payment_date":"2025-04-06","invoice_number":"INV2504016-0374","salary_id":18,"commission":172.5,"done":null,"createdById":3,"updatedById":3,"package_db":{"createdAt":"2025-04-04T08:33:06.099Z","updatedAt":"2025-05-04T07:44:37.458Z","fee":2300,"id":12,"name":"PV10 - 👤👤👤👤","transport_fee":null,"quantity":10,"type":"PV","nop":"4","total":2300,"description":"PRIVATE 1V4 - 10 LESSON / PERSON","createdById":1,"updatedById":3},"attendance_db":[{"createdAt":"2025-04-24T15:51:49.685Z","updatedAt":"2025-04-25T16:22:51.564Z","start_date":"2025-04-09T12:00:00.000Z","end_date":"2025-04-09T12:50:00.000Z","create_course_id":444,"salary_id":30,"remark":null,"expired_date":null,"status_sort":1627,"id":2298,"status":"Attend","status_convert":1,"month_convert":"2025/4","student":"Tay Chin Hong","teaching_fee":40.25,"actual_class_date":"2025-04-09","coach_id":2,"createdById":null,"updatedById":3},{"createdAt":"2025-04-24T15:51:49.714Z","updatedAt":"2025-04-25T16:22:51.654Z","start_date":"2025-04-16T12:00:00.000Z","end_date":"2025-04-16T12:50:00.000Z","create_course_id":444,"salary_id":30,"remark":null,"expired_date":null,"status_sort":1628,"id":2299,"status":"Attend","status_convert":1,"month_convert":"2025/4","student":"Tay Chin Hong","teaching_fee":40.25,"actual_class_date":"2025-04-16","coach_id":2,"createdById":null,"updatedById":3},{"createdAt":"2025-04-24T15:51:49.741Z","updatedAt":"2025-04-25T16:22:59.005Z","start_date":"2025-04-25T12:00:00.000Z","end_date":"2025-04-25T12:50:00.000Z","create_course_id":444,"salary_id":30,"remark":null,"expired_date":null,"status_sort":1629,"id":2300,"status":"Attend","status_convert":1,"month_convert":"2025/4","student":"Tay Chin Hong","teaching_fee":40.25,"actual_class_date":"2025-04-23","coach_id":2,"createdById":null,"updatedById":3},{"createdAt":"2025-04-24T15:51:49.770Z","updatedAt":"2025-05-02T05:07:04.739Z","start_date":"2025-04-30T12:00:00.000Z","end_date":"2025-04-30T12:50:00.000Z","create_course_id":444,"salary_id":30,"remark":null,"expired_date":null,"status_sort":1978,"id":2301,"status":"Attend","status_convert":1,"month_convert":"2025/4","student":"Tay Chin Hong","teaching_fee":40.25,"actual_class_date":"2025-04-30","coach_id":2,"createdById":null,"updatedById":3},{"createdAt":"2025-04-24T15:51:49.824Z","updatedAt":"2025-05-07T07:31:33.385Z","start_date":"2025-05-07T12:00:00.000Z","end_date":"2025-05-07T12:50:00.000Z","create_course_id":444,"salary_id":null,"remark":null,"expired_date":null,"status_sort":2024,"id":2302,"status":"Attend","status_convert":0,"month_convert":"2025/5","student":"Tay Chin Hong","teaching_fee":0,"actual_class_date":"2025-05-07","coach_id":2,"createdById":null,"updatedById":3},{"createdAt":"2025-04-24T15:51:49.853Z","updatedAt":"2025-05-06T03:57:54.970Z","start_date":"2025-05-14T12:00:00.000Z","end_date":"2025-05-14T12:50:00.000Z","create_course_id":444,"salary_id":null,"remark":null,"expired_date":null,"status_sort":2303,"id":2303,"status":"Inactive","status_convert":0,"month_convert":"2025/5","student":"Tay Chin Hong","teaching_fee":0,"actual_class_date":"2025-05-14","coach_id":2,"createdById":null,"updatedById":null},{"createdAt":"2025-04-24T15:51:49.888Z","updatedAt":"2025-05-06T03:57:54.970Z","start_date":"2025-05-21T12:00:00.000Z","end_date":"2025-05-21T12:50:00.000Z","create_course_id":444,"salary_id":null,"remark":null,"expired_date":null,"status_sort":2304,"id":2304,"status":"Inactive","status_convert":0,"month_convert":"2025/5","student":"Tay Chin Hong","teaching_fee":0,"actual_class_date":"2025-05-21","coach_id":2,"createdById":null,"updatedById":null},{"createdAt":"2025-04-24T15:51:49.916Z","updatedAt":"2025-05-06T03:57:54.970Z","start_date":"2025-05-28T12:00:00.000Z","end_date":"2025-05-28T12:50:00.000Z","create_course_id":444,"salary_id":null,"remark":null,"expired_date":null,"status_sort":2305,"id":2305,"status":"Inactive","status_convert":0,"month_convert":"2025/5","student":"Tay Chin Hong","teaching_fee":0,"actual_class_date":"2025-05-28","coach_id":2,"createdById":null,"updatedById":null},{"createdAt":"2025-04-24T15:51:49.943Z","updatedAt":"2025-05-06T03:57:54.970Z","start_date":"2025-06-04T12:00:00.000Z","end_date":"2025-06-04T12:50:00.000Z","create_course_id":444,"salary_id":null,"remark":null,"expired_date":null,"status_sort":2306,"id":2306,"status":"Inactive","status_convert":0,"month_convert":"2025/6","student":"Tay Chin Hong","teaching_fee":0,"actual_class_date":"2025-06-04","coach_id":2,"createdById":null,"updatedById":null},{"createdAt":"2025-04-24T15:51:49.971Z","updatedAt":"2025-05-06T03:57:54.970Z","start_date":"2025-06-11T12:00:00.000Z","end_date":"2025-06-11T12:50:00.000Z","create_course_id":444,"salary_id":null,"remark":null,"expired_date":null,"status_sort":2307,"id":2307,"status":"Inactive","status_convert":0,"month_convert":"2025/6","student":"Tay Chin Hong","teaching_fee":0,"actual_class_date":"2025-06-11","coach_id":2,"createdById":null,"updatedById":null}]},"coach_db":{"createdAt":"2025-04-22T03:15:57.433Z","updatedAt":"2025-04-22T14:48:49.101Z","name":"Lee Chin Meng","dob":null,"email":null,"address":null,"start_date":null,"bank_account":null,"nickname":"Felix","identity_card":null,"emergency_contact_name":null,"level":"Special","users_id":1,"id":2,"bank_name":null,"emergency_contact_number":null,"gender":null,"contact_number":null,"createdById":1,"updatedById":3}}},"key":"wyjfsqwxgr1","eventKey":"33658564-2606-4e7e-b80e-95d381fc810c","stack":null,"status":1,"workflowId":243,"updatedAt":"2025-05-07T07:31:33.615Z","createdAt":"2025-05-07T07:31:33.428Z","output":null},"message":"execution (31288) finished with status: 1","timestamp":"2025-05-07 07:31:33"}
