{"level":"info","message":"new event triggered, now events: 1","timestamp":"2025-04-19 23:57:57"}
{"level":"info","message":"preparing execution for event","timestamp":"2025-04-19 23:57:57"}
{"level":"info","message":"execution of workflow 195 created as 1333","timestamp":"2025-04-19 23:57:57"}
{"level":"info","message":"pending execution (1333) ready to process","timestamp":"2025-04-19 23:57:57"}
{"level":"info","message":"queueing execution (1333) from pending list updated to started","timestamp":"2025-04-19 23:57:57"}
{"level":"info","message":"execution (1333) starting...","timestamp":"2025-04-19 23:57:57"}
{"level":"info","message":"execution (1333) run instruction [query] for node (1935)","timestamp":"2025-04-19 23:57:57"}
{"level":"info","message":"execution (1333) run instruction [query] for node (1935) finished as status: 1","timestamp":"2025-04-19 23:57:57"}
{"level":"info","message":"execution (1333) run instruction [condition] for node (1937)","timestamp":"2025-04-19 23:57:57"}
{"level":"info","message":"execution (1333) run instruction [update] for node (1938)","timestamp":"2025-04-19 23:57:57"}
{"level":"info","message":"execution (1333) run instruction [update] for node (1938) finished as status: 1","timestamp":"2025-04-19 23:57:57"}
{"level":"info","message":"execution (1333) run instruction [condition] for node (1937)","timestamp":"2025-04-19 23:57:57"}
{"level":"info","message":"execution (1333) run instruction [condition] for node (1937) finished as status: 1","timestamp":"2025-04-19 23:57:57"}
{"level":"info","message":"execution (1333) run instruction [condition] for node (1939)","timestamp":"2025-04-19 23:57:57"}
{"level":"info","message":"execution (1333) run instruction [parallel] for node (1940)","timestamp":"2025-04-19 23:57:57"}
{"level":"info","message":"execution (1333) run instruction [calculation] for node (1943)","timestamp":"2025-04-19 23:57:57"}
{"level":"info","message":"execution (1333) run instruction [calculation] for node (1943) finished as status: 1","timestamp":"2025-04-19 23:57:57"}
{"level":"info","message":"execution (1333) run instruction [update] for node (1941)","timestamp":"2025-04-19 23:57:57"}
{"level":"info","message":"execution (1333) run instruction [update] for node (1941) finished as status: 1","timestamp":"2025-04-19 23:57:57"}
{"level":"info","message":"execution (1333) run instruction [parallel] for node (1940)","timestamp":"2025-04-19 23:57:57"}
{"level":"info","message":"execution (1333) exiting with status 0","timestamp":"2025-04-19 23:57:57"}
{"level":"info","message":"execution (1333) exiting with status 0","timestamp":"2025-04-19 23:57:57"}
{"level":"info","message":"execution (1333) run instruction [query] for node (1946)","timestamp":"2025-04-19 23:57:57"}
{"level":"info","message":"execution (1333) run instruction [query] for node (1946) finished as status: 1","timestamp":"2025-04-19 23:57:57"}
{"level":"info","message":"execution (1333) run instruction [calculation] for node (1947)","timestamp":"2025-04-19 23:57:57"}
{"level":"info","message":"execution (1333) run instruction [calculation] for node (1947) finished as status: 1","timestamp":"2025-04-19 23:57:57"}
{"level":"info","message":"execution (1333) run instruction [update] for node (1942)","timestamp":"2025-04-19 23:57:57"}
{"level":"info","message":"execution (1333) run instruction [update] for node (1942) finished as status: 1","timestamp":"2025-04-19 23:57:57"}
{"level":"info","message":"execution (1333) run instruction [parallel] for node (1940)","timestamp":"2025-04-19 23:57:57"}
{"level":"info","message":"execution (1333) exiting with status 0","timestamp":"2025-04-19 23:57:57"}
{"level":"info","message":"execution (1333) exiting with status 0","timestamp":"2025-04-19 23:57:57"}
{"level":"info","message":"execution (1333) run instruction [update] for node (1948)","timestamp":"2025-04-19 23:57:57"}
{"level":"info","message":"execution (1333) run instruction [update] for node (1948) finished as status: 1","timestamp":"2025-04-19 23:57:57"}
{"level":"info","message":"execution (1333) run instruction [parallel] for node (1940)","timestamp":"2025-04-19 23:57:57"}
{"level":"info","message":"execution (1333) run instruction [parallel] for node (1940) finished as status: 1","timestamp":"2025-04-19 23:57:57"}
{"level":"info","message":"execution (1333) run instruction [condition] for node (1939)","timestamp":"2025-04-19 23:57:57"}
{"level":"info","message":"execution (1333) run instruction [condition] for node (1939) finished as status: 1","timestamp":"2025-04-19 23:57:57"}
{"level":"info","message":"execution (1333) run instruction [sql] for node (1945)","timestamp":"2025-04-19 23:57:57"}
{"level":"info","message":"execution (1333) run instruction [sql] for node (1945) finished as status: 1","timestamp":"2025-04-19 23:57:57"}
{"level":"info","message":"execution (1333) run instruction [query] for node (1951)","timestamp":"2025-04-19 23:57:57"}
{"level":"info","message":"execution (1333) run instruction [query] for node (1951) finished as status: 1","timestamp":"2025-04-19 23:57:57"}
{"level":"info","message":"execution (1333) run instruction [calculation] for node (1949)","timestamp":"2025-04-19 23:57:57"}
{"level":"info","message":"execution (1333) run instruction [calculation] for node (1949) finished as status: 1","timestamp":"2025-04-19 23:57:57"}
{"level":"info","message":"execution (1333) run instruction [update] for node (1950)","timestamp":"2025-04-19 23:57:57"}
{"level":"info","message":"execution (1333) run instruction [update] for node (1950) finished as status: 1","timestamp":"2025-04-19 23:57:57"}
{"level":"info","message":"execution (1333) exiting with status 1","timestamp":"2025-04-19 23:57:57"}
{"level":"info","message":"execution (1333) exiting with status 1","timestamp":"2025-04-19 23:57:57"}
{"level":"info","message":"execution (1333) exiting with status 1","timestamp":"2025-04-19 23:57:57"}
{"level":"info","message":"execution (1333) exiting with status 1","timestamp":"2025-04-19 23:57:57"}
{"level":"info","execution":{"id":1333,"context":{"data":{"createdAt":"2025-04-19T11:55:31.430Z","updatedAt":"2025-04-19T23:57:57.743Z","start_date":"2025-04-19T00:00:00.000Z","end_date":"2025-04-19T00:40:00.000Z","employee_id":1,"create_course_id":168,"salary_id":null,"remark":null,"expired_date":null,"status_sort":1,"id":611,"status":"Attend","status_convert":0,"month_convert":"4/2025","student":"Student A","teaching_fee":0,"actual_class_date":"2025-04-19","createdById":null,"updatedById":1,"salary_db":null,"create_course_db":{"createdAt":"2025-04-19T11:55:31.318Z","updatedAt":"2025-04-19T11:55:31.324Z","start_date":"2025-04-19T00:00:00.000Z","end_date":"2025-04-19T00:40:00.000Z","package_id":3,"id":168,"payment_method":"Cash","progress":0,"fee":950,"transport_fee":0,"student_id":10,"total":950,"invoice_number":"INV2","payment_date":"2025-04-19","createdById":1,"updatedById":1,"month_convert":"4/2025","package_db":{"createdAt":"2025-04-04T08:27:13.303Z","updatedAt":"2025-04-09T15:33:58.807Z","name_sort":6,"nop_sort":3,"fee":950,"id":3,"name":"PV10 - 👤","transport_fee":null,"quantity":10,"type":"PV","nop":"1","createdById":1,"updatedById":1}},"employee_db":{"createdAt":"2025-04-02T13:39:00.321Z","updatedAt":"2025-04-18T14:37:42.160Z","bank_name":"Hong Leong Bank","bank_account":"1","emergency_contact_number":"1","job_title":"Swimming Coach","name":"Lee Chin Meng","contact_number":"0142788556","id":1,"identity_card":"990422016885","email":"xmrxperfectx@gmail.com","address":"No 28, Jalan Desa Putih 9, Taman Desa Putih","gender":"Male","emergency_contact_name":"1","user_id":1,"nickname":"Felix","dob":"1999-04-22","start_date":"2024-04-22","end_date":null,"level":"Special","createdById":1,"updatedById":1}}},"key":"wyjfsqwxgr1","eventKey":"d54b97dd-aa1c-4102-818d-79dcca69df0a","stack":null,"status":1,"workflowId":195,"updatedAt":"2025-04-19T23:57:57.894Z","createdAt":"2025-04-19T23:57:57.776Z","output":null},"message":"execution (1333) finished with status: 1","timestamp":"2025-04-19 23:57:57"}
{"level":"info","message":"new event triggered, now events: 1","timestamp":"2025-04-19 23:58:02"}
{"level":"info","message":"preparing execution for event","timestamp":"2025-04-19 23:58:02"}
{"level":"info","message":"execution of workflow 195 created as 1334","timestamp":"2025-04-19 23:58:02"}
{"level":"info","message":"pending execution (1334) ready to process","timestamp":"2025-04-19 23:58:02"}
{"level":"info","message":"queueing execution (1334) from pending list updated to started","timestamp":"2025-04-19 23:58:02"}
{"level":"info","message":"execution (1334) starting...","timestamp":"2025-04-19 23:58:02"}
{"level":"info","message":"execution (1334) run instruction [query] for node (1935)","timestamp":"2025-04-19 23:58:02"}
{"level":"info","message":"execution (1334) run instruction [query] for node (1935) finished as status: 1","timestamp":"2025-04-19 23:58:02"}
{"level":"info","message":"execution (1334) run instruction [condition] for node (1937)","timestamp":"2025-04-19 23:58:02"}
{"level":"info","message":"execution (1334) run instruction [update] for node (1938)","timestamp":"2025-04-19 23:58:02"}
{"level":"info","message":"execution (1334) run instruction [update] for node (1938) finished as status: 1","timestamp":"2025-04-19 23:58:02"}
{"level":"info","message":"execution (1334) run instruction [condition] for node (1937)","timestamp":"2025-04-19 23:58:02"}
{"level":"info","message":"execution (1334) run instruction [condition] for node (1937) finished as status: 1","timestamp":"2025-04-19 23:58:02"}
{"level":"info","message":"execution (1334) run instruction [condition] for node (1939)","timestamp":"2025-04-19 23:58:02"}
{"level":"info","message":"execution (1334) run instruction [parallel] for node (1940)","timestamp":"2025-04-19 23:58:02"}
{"level":"info","message":"execution (1334) run instruction [calculation] for node (1943)","timestamp":"2025-04-19 23:58:02"}
{"level":"info","message":"execution (1334) run instruction [calculation] for node (1943) finished as status: 1","timestamp":"2025-04-19 23:58:02"}
{"level":"info","message":"execution (1334) run instruction [update] for node (1941)","timestamp":"2025-04-19 23:58:02"}
{"level":"info","message":"execution (1334) run instruction [update] for node (1941) finished as status: 1","timestamp":"2025-04-19 23:58:02"}
{"level":"info","message":"execution (1334) run instruction [parallel] for node (1940)","timestamp":"2025-04-19 23:58:02"}
{"level":"info","message":"execution (1334) exiting with status 0","timestamp":"2025-04-19 23:58:02"}
{"level":"info","message":"execution (1334) exiting with status 0","timestamp":"2025-04-19 23:58:02"}
{"level":"info","message":"execution (1334) run instruction [query] for node (1946)","timestamp":"2025-04-19 23:58:02"}
{"level":"info","message":"execution (1334) run instruction [query] for node (1946) finished as status: 1","timestamp":"2025-04-19 23:58:02"}
{"level":"info","message":"execution (1334) run instruction [calculation] for node (1947)","timestamp":"2025-04-19 23:58:02"}
{"level":"info","message":"execution (1334) run instruction [calculation] for node (1947) finished as status: 1","timestamp":"2025-04-19 23:58:02"}
{"level":"info","message":"execution (1334) run instruction [update] for node (1942)","timestamp":"2025-04-19 23:58:02"}
{"level":"info","message":"execution (1334) run instruction [update] for node (1942) finished as status: 1","timestamp":"2025-04-19 23:58:02"}
{"level":"info","message":"execution (1334) run instruction [parallel] for node (1940)","timestamp":"2025-04-19 23:58:02"}
{"level":"info","message":"execution (1334) exiting with status 0","timestamp":"2025-04-19 23:58:02"}
{"level":"info","message":"execution (1334) exiting with status 0","timestamp":"2025-04-19 23:58:02"}
{"level":"info","message":"execution (1334) run instruction [update] for node (1948)","timestamp":"2025-04-19 23:58:02"}
{"level":"info","message":"execution (1334) run instruction [update] for node (1948) finished as status: 1","timestamp":"2025-04-19 23:58:02"}
{"level":"info","message":"execution (1334) run instruction [parallel] for node (1940)","timestamp":"2025-04-19 23:58:02"}
{"level":"info","message":"execution (1334) run instruction [parallel] for node (1940) finished as status: 1","timestamp":"2025-04-19 23:58:02"}
{"level":"info","message":"execution (1334) run instruction [condition] for node (1939)","timestamp":"2025-04-19 23:58:02"}
{"level":"info","message":"execution (1334) run instruction [condition] for node (1939) finished as status: 1","timestamp":"2025-04-19 23:58:02"}
{"level":"info","message":"execution (1334) run instruction [sql] for node (1945)","timestamp":"2025-04-19 23:58:02"}
{"level":"info","message":"execution (1334) run instruction [sql] for node (1945) finished as status: 1","timestamp":"2025-04-19 23:58:02"}
{"level":"info","message":"execution (1334) run instruction [query] for node (1951)","timestamp":"2025-04-19 23:58:02"}
{"level":"info","message":"execution (1334) run instruction [query] for node (1951) finished as status: 1","timestamp":"2025-04-19 23:58:02"}
{"level":"info","message":"execution (1334) run instruction [calculation] for node (1949)","timestamp":"2025-04-19 23:58:02"}
{"level":"info","message":"execution (1334) run instruction [calculation] for node (1949) finished as status: 1","timestamp":"2025-04-19 23:58:02"}
{"level":"info","message":"execution (1334) run instruction [update] for node (1950)","timestamp":"2025-04-19 23:58:02"}
{"level":"info","message":"execution (1334) run instruction [update] for node (1950) finished as status: 1","timestamp":"2025-04-19 23:58:02"}
{"level":"info","message":"execution (1334) exiting with status 1","timestamp":"2025-04-19 23:58:02"}
{"level":"info","message":"execution (1334) exiting with status 1","timestamp":"2025-04-19 23:58:02"}
{"level":"info","message":"execution (1334) exiting with status 1","timestamp":"2025-04-19 23:58:02"}
{"level":"info","message":"execution (1334) exiting with status 1","timestamp":"2025-04-19 23:58:02"}
{"level":"info","execution":{"id":1334,"context":{"data":{"createdAt":"2025-04-19T11:55:31.430Z","updatedAt":"2025-04-19T23:58:02.501Z","start_date":"2025-04-19T00:00:00.000Z","end_date":"2025-04-19T00:40:00.000Z","employee_id":1,"create_course_id":168,"salary_id":null,"remark":null,"expired_date":null,"status_sort":1,"id":611,"status":"Replacement","status_convert":0,"month_convert":"4/2025","student":"Student A","teaching_fee":66.5,"actual_class_date":"2025-04-19","createdById":null,"updatedById":1,"salary_db":null,"create_course_db":{"createdAt":"2025-04-19T11:55:31.318Z","updatedAt":"2025-04-19T11:55:31.324Z","start_date":"2025-04-19T00:00:00.000Z","end_date":"2025-04-19T00:40:00.000Z","package_id":3,"id":168,"payment_method":"Cash","progress":0,"fee":950,"transport_fee":0,"student_id":10,"total":950,"invoice_number":"INV2","payment_date":"2025-04-19","createdById":1,"updatedById":1,"month_convert":"4/2025","package_db":{"createdAt":"2025-04-04T08:27:13.303Z","updatedAt":"2025-04-09T15:33:58.807Z","name_sort":6,"nop_sort":3,"fee":950,"id":3,"name":"PV10 - 👤","transport_fee":null,"quantity":10,"type":"PV","nop":"1","createdById":1,"updatedById":1}},"employee_db":{"createdAt":"2025-04-02T13:39:00.321Z","updatedAt":"2025-04-18T14:37:42.160Z","bank_name":"Hong Leong Bank","bank_account":"1","emergency_contact_number":"1","job_title":"Swimming Coach","name":"Lee Chin Meng","contact_number":"0142788556","id":1,"identity_card":"990422016885","email":"xmrxperfectx@gmail.com","address":"No 28, Jalan Desa Putih 9, Taman Desa Putih","gender":"Male","emergency_contact_name":"1","user_id":1,"nickname":"Felix","dob":"1999-04-22","start_date":"2024-04-22","end_date":null,"level":"Special","createdById":1,"updatedById":1}}},"key":"wyjfsqwxgr1","eventKey":"f1711cc1-b242-4bef-afaf-27dfd68f08ac","stack":null,"status":1,"workflowId":195,"updatedAt":"2025-04-19T23:58:02.629Z","createdAt":"2025-04-19T23:58:02.511Z","output":null},"message":"execution (1334) finished with status: 1","timestamp":"2025-04-19 23:58:02"}
{"level":"info","message":"new event triggered, now events: 1","timestamp":"2025-04-19 23:58:08"}
{"level":"info","message":"preparing execution for event","timestamp":"2025-04-19 23:58:08"}
{"level":"info","message":"execution of workflow 195 created as 1335","timestamp":"2025-04-19 23:58:08"}
{"level":"info","message":"pending execution (1335) ready to process","timestamp":"2025-04-19 23:58:08"}
{"level":"info","message":"queueing execution (1335) from pending list updated to started","timestamp":"2025-04-19 23:58:08"}
{"level":"info","message":"execution (1335) starting...","timestamp":"2025-04-19 23:58:08"}
{"level":"info","message":"execution (1335) run instruction [query] for node (1935)","timestamp":"2025-04-19 23:58:08"}
{"level":"info","message":"execution (1335) run instruction [query] for node (1935) finished as status: 1","timestamp":"2025-04-19 23:58:08"}
{"level":"info","message":"execution (1335) run instruction [condition] for node (1937)","timestamp":"2025-04-19 23:58:08"}
{"level":"info","message":"execution (1335) run instruction [update] for node (1938)","timestamp":"2025-04-19 23:58:08"}
{"level":"info","message":"execution (1335) run instruction [update] for node (1938) finished as status: 1","timestamp":"2025-04-19 23:58:08"}
{"level":"info","message":"execution (1335) run instruction [condition] for node (1937)","timestamp":"2025-04-19 23:58:08"}
{"level":"info","message":"execution (1335) run instruction [condition] for node (1937) finished as status: 1","timestamp":"2025-04-19 23:58:08"}
{"level":"info","message":"execution (1335) run instruction [condition] for node (1939)","timestamp":"2025-04-19 23:58:08"}
{"level":"info","message":"execution (1335) run instruction [parallel] for node (1940)","timestamp":"2025-04-19 23:58:08"}
{"level":"info","message":"execution (1335) run instruction [calculation] for node (1943)","timestamp":"2025-04-19 23:58:08"}
{"level":"info","message":"execution (1335) run instruction [calculation] for node (1943) finished as status: 1","timestamp":"2025-04-19 23:58:08"}
{"level":"info","message":"execution (1335) run instruction [update] for node (1941)","timestamp":"2025-04-19 23:58:08"}
{"level":"info","message":"execution (1335) run instruction [update] for node (1941) finished as status: 1","timestamp":"2025-04-19 23:58:08"}
{"level":"info","message":"execution (1335) run instruction [parallel] for node (1940)","timestamp":"2025-04-19 23:58:08"}
{"level":"info","message":"execution (1335) exiting with status 0","timestamp":"2025-04-19 23:58:08"}
{"level":"info","message":"execution (1335) exiting with status 0","timestamp":"2025-04-19 23:58:08"}
{"level":"info","message":"execution (1335) run instruction [query] for node (1946)","timestamp":"2025-04-19 23:58:08"}
{"level":"info","message":"execution (1335) run instruction [query] for node (1946) finished as status: 1","timestamp":"2025-04-19 23:58:08"}
{"level":"info","message":"execution (1335) run instruction [calculation] for node (1947)","timestamp":"2025-04-19 23:58:08"}
{"level":"info","message":"execution (1335) run instruction [calculation] for node (1947) finished as status: 1","timestamp":"2025-04-19 23:58:08"}
{"level":"info","message":"execution (1335) run instruction [update] for node (1942)","timestamp":"2025-04-19 23:58:08"}
{"level":"info","message":"execution (1335) run instruction [update] for node (1942) finished as status: 1","timestamp":"2025-04-19 23:58:08"}
{"level":"info","message":"execution (1335) run instruction [parallel] for node (1940)","timestamp":"2025-04-19 23:58:08"}
{"level":"info","message":"execution (1335) exiting with status 0","timestamp":"2025-04-19 23:58:08"}
{"level":"info","message":"execution (1335) exiting with status 0","timestamp":"2025-04-19 23:58:08"}
{"level":"info","message":"execution (1335) run instruction [update] for node (1948)","timestamp":"2025-04-19 23:58:08"}
{"level":"info","message":"execution (1335) run instruction [update] for node (1948) finished as status: 1","timestamp":"2025-04-19 23:58:08"}
{"level":"info","message":"execution (1335) run instruction [parallel] for node (1940)","timestamp":"2025-04-19 23:58:08"}
{"level":"info","message":"execution (1335) run instruction [parallel] for node (1940) finished as status: 1","timestamp":"2025-04-19 23:58:08"}
{"level":"info","message":"execution (1335) run instruction [condition] for node (1939)","timestamp":"2025-04-19 23:58:08"}
{"level":"info","message":"execution (1335) run instruction [condition] for node (1939) finished as status: 1","timestamp":"2025-04-19 23:58:08"}
{"level":"info","message":"execution (1335) run instruction [sql] for node (1945)","timestamp":"2025-04-19 23:58:08"}
{"level":"info","message":"execution (1335) run instruction [sql] for node (1945) finished as status: 1","timestamp":"2025-04-19 23:58:08"}
{"level":"info","message":"execution (1335) run instruction [query] for node (1951)","timestamp":"2025-04-19 23:58:08"}
{"level":"info","message":"execution (1335) run instruction [query] for node (1951) finished as status: 1","timestamp":"2025-04-19 23:58:08"}
{"level":"info","message":"execution (1335) run instruction [calculation] for node (1949)","timestamp":"2025-04-19 23:58:08"}
{"level":"info","message":"execution (1335) run instruction [calculation] for node (1949) finished as status: 1","timestamp":"2025-04-19 23:58:08"}
{"level":"info","message":"execution (1335) run instruction [update] for node (1950)","timestamp":"2025-04-19 23:58:08"}
{"level":"info","message":"execution (1335) run instruction [update] for node (1950) finished as status: 1","timestamp":"2025-04-19 23:58:08"}
{"level":"info","message":"execution (1335) exiting with status 1","timestamp":"2025-04-19 23:58:08"}
{"level":"info","message":"execution (1335) exiting with status 1","timestamp":"2025-04-19 23:58:08"}
{"level":"info","message":"execution (1335) exiting with status 1","timestamp":"2025-04-19 23:58:08"}
{"level":"info","message":"execution (1335) exiting with status 1","timestamp":"2025-04-19 23:58:08"}
{"level":"info","execution":{"id":1335,"context":{"data":{"createdAt":"2025-04-19T11:55:31.430Z","updatedAt":"2025-04-19T23:58:08.691Z","start_date":"2025-04-19T00:00:00.000Z","end_date":"2025-04-19T00:40:00.000Z","employee_id":1,"create_course_id":168,"salary_id":null,"remark":null,"expired_date":null,"status_sort":2,"id":611,"status":"Claim","status_convert":0,"month_convert":"4/2025","student":"Student A","teaching_fee":66.5,"actual_class_date":"2025-04-19","createdById":null,"updatedById":1,"salary_db":null,"create_course_db":{"createdAt":"2025-04-19T11:55:31.318Z","updatedAt":"2025-04-19T11:55:31.324Z","start_date":"2025-04-19T00:00:00.000Z","end_date":"2025-04-19T00:40:00.000Z","package_id":3,"id":168,"payment_method":"Cash","progress":0,"fee":950,"transport_fee":0,"student_id":10,"total":950,"invoice_number":"INV2","payment_date":"2025-04-19","createdById":1,"updatedById":1,"month_convert":"4/2025","package_db":{"createdAt":"2025-04-04T08:27:13.303Z","updatedAt":"2025-04-09T15:33:58.807Z","name_sort":6,"nop_sort":3,"fee":950,"id":3,"name":"PV10 - 👤","transport_fee":null,"quantity":10,"type":"PV","nop":"1","createdById":1,"updatedById":1}},"employee_db":{"createdAt":"2025-04-02T13:39:00.321Z","updatedAt":"2025-04-18T14:37:42.160Z","bank_name":"Hong Leong Bank","bank_account":"1","emergency_contact_number":"1","job_title":"Swimming Coach","name":"Lee Chin Meng","contact_number":"0142788556","id":1,"identity_card":"990422016885","email":"xmrxperfectx@gmail.com","address":"No 28, Jalan Desa Putih 9, Taman Desa Putih","gender":"Male","emergency_contact_name":"1","user_id":1,"nickname":"Felix","dob":"1999-04-22","start_date":"2024-04-22","end_date":null,"level":"Special","createdById":1,"updatedById":1}}},"key":"wyjfsqwxgr1","eventKey":"a6f4a76f-4f13-4845-b599-39d7426a610f","stack":null,"status":1,"workflowId":195,"updatedAt":"2025-04-19T23:58:08.806Z","createdAt":"2025-04-19T23:58:08.701Z","output":null},"message":"execution (1335) finished with status: 1","timestamp":"2025-04-19 23:58:08"}
{"level":"info","message":"new event triggered, now events: 1","timestamp":"2025-04-19 23:58:13"}
{"level":"info","message":"preparing execution for event","timestamp":"2025-04-19 23:58:13"}
{"level":"info","message":"execution of workflow 195 created as 1336","timestamp":"2025-04-19 23:58:13"}
{"level":"info","message":"pending execution (1336) ready to process","timestamp":"2025-04-19 23:58:13"}
{"level":"info","message":"queueing execution (1336) from pending list updated to started","timestamp":"2025-04-19 23:58:13"}
{"level":"info","message":"execution (1336) starting...","timestamp":"2025-04-19 23:58:13"}
{"level":"info","message":"execution (1336) run instruction [query] for node (1935)","timestamp":"2025-04-19 23:58:13"}
{"level":"info","message":"execution (1336) run instruction [query] for node (1935) finished as status: 1","timestamp":"2025-04-19 23:58:13"}
{"level":"info","message":"execution (1336) run instruction [condition] for node (1937)","timestamp":"2025-04-19 23:58:13"}
{"level":"info","message":"execution (1336) run instruction [update] for node (1938)","timestamp":"2025-04-19 23:58:13"}
{"level":"info","message":"execution (1336) run instruction [update] for node (1938) finished as status: 1","timestamp":"2025-04-19 23:58:13"}
{"level":"info","message":"execution (1336) run instruction [condition] for node (1937)","timestamp":"2025-04-19 23:58:13"}
{"level":"info","message":"execution (1336) run instruction [condition] for node (1937) finished as status: 1","timestamp":"2025-04-19 23:58:13"}
{"level":"info","message":"execution (1336) run instruction [condition] for node (1939)","timestamp":"2025-04-19 23:58:13"}
{"level":"info","message":"execution (1336) run instruction [update] for node (1944)","timestamp":"2025-04-19 23:58:13"}
{"level":"info","message":"execution (1336) run instruction [update] for node (1944) finished as status: 1","timestamp":"2025-04-19 23:58:13"}
{"level":"info","message":"execution (1336) run instruction [condition] for node (1939)","timestamp":"2025-04-19 23:58:13"}
{"level":"info","message":"execution (1336) run instruction [condition] for node (1939) finished as status: 1","timestamp":"2025-04-19 23:58:13"}
{"level":"info","message":"execution (1336) run instruction [sql] for node (1945)","timestamp":"2025-04-19 23:58:13"}
{"level":"info","message":"execution (1336) run instruction [sql] for node (1945) finished as status: 1","timestamp":"2025-04-19 23:58:13"}
{"level":"info","message":"execution (1336) run instruction [query] for node (1951)","timestamp":"2025-04-19 23:58:13"}
{"level":"info","message":"execution (1336) run instruction [query] for node (1951) finished as status: 1","timestamp":"2025-04-19 23:58:13"}
{"level":"info","message":"execution (1336) run instruction [calculation] for node (1949)","timestamp":"2025-04-19 23:58:13"}
{"level":"info","message":"execution (1336) run instruction [calculation] for node (1949) finished as status: 1","timestamp":"2025-04-19 23:58:13"}
{"level":"info","message":"execution (1336) run instruction [update] for node (1950)","timestamp":"2025-04-19 23:58:13"}
{"level":"info","message":"execution (1336) run instruction [update] for node (1950) finished as status: 1","timestamp":"2025-04-19 23:58:13"}
{"level":"info","message":"execution (1336) exiting with status 1","timestamp":"2025-04-19 23:58:13"}
{"level":"info","message":"execution (1336) exiting with status 1","timestamp":"2025-04-19 23:58:13"}
{"level":"info","message":"execution (1336) exiting with status 1","timestamp":"2025-04-19 23:58:13"}
{"level":"info","execution":{"id":1336,"context":{"data":{"createdAt":"2025-04-19T11:55:31.430Z","updatedAt":"2025-04-19T23:58:13.435Z","start_date":"2025-04-19T00:00:00.000Z","end_date":"2025-04-19T00:40:00.000Z","employee_id":1,"create_course_id":168,"salary_id":null,"remark":null,"expired_date":null,"status_sort":48,"id":611,"status":"Inactive","status_convert":0,"month_convert":"4/2025","student":"Student A","teaching_fee":0,"actual_class_date":"2025-04-19","createdById":null,"updatedById":1,"salary_db":null,"create_course_db":{"createdAt":"2025-04-19T11:55:31.318Z","updatedAt":"2025-04-19T11:55:31.324Z","start_date":"2025-04-19T00:00:00.000Z","end_date":"2025-04-19T00:40:00.000Z","package_id":3,"id":168,"payment_method":"Cash","progress":0,"fee":950,"transport_fee":0,"student_id":10,"total":950,"invoice_number":"INV2","payment_date":"2025-04-19","createdById":1,"updatedById":1,"month_convert":"4/2025","package_db":{"createdAt":"2025-04-04T08:27:13.303Z","updatedAt":"2025-04-09T15:33:58.807Z","name_sort":6,"nop_sort":3,"fee":950,"id":3,"name":"PV10 - 👤","transport_fee":null,"quantity":10,"type":"PV","nop":"1","createdById":1,"updatedById":1}},"employee_db":{"createdAt":"2025-04-02T13:39:00.321Z","updatedAt":"2025-04-18T14:37:42.160Z","bank_name":"Hong Leong Bank","bank_account":"1","emergency_contact_number":"1","job_title":"Swimming Coach","name":"Lee Chin Meng","contact_number":"0142788556","id":1,"identity_card":"990422016885","email":"xmrxperfectx@gmail.com","address":"No 28, Jalan Desa Putih 9, Taman Desa Putih","gender":"Male","emergency_contact_name":"1","user_id":1,"nickname":"Felix","dob":"1999-04-22","start_date":"2024-04-22","end_date":null,"level":"Special","createdById":1,"updatedById":1}}},"key":"wyjfsqwxgr1","eventKey":"cb86e2f1-be7c-4f53-a359-1c4f369e5a87","stack":null,"status":1,"workflowId":195,"updatedAt":"2025-04-19T23:58:13.569Z","createdAt":"2025-04-19T23:58:13.450Z","output":null},"message":"execution (1336) finished with status: 1","timestamp":"2025-04-19 23:58:13"}
