{"level":"info","message":"new event triggered, now events: 1","timestamp":"2025-04-03 15:37:39"}
{"level":"info","message":"preparing execution for event","timestamp":"2025-04-03 15:37:39"}
{"level":"info","message":"execution of workflow 3 created as 1","timestamp":"2025-04-03 15:37:39"}
{"level":"info","message":"pending execution (1) ready to process","timestamp":"2025-04-03 15:37:39"}
{"level":"info","message":"queueing execution (1) from pending list updated to started","timestamp":"2025-04-03 15:37:39"}
{"level":"info","message":"execution (1) starting...","timestamp":"2025-04-03 15:37:39"}
{"level":"info","message":"execution (1) run instruction [condition] for node (16)","timestamp":"2025-04-03 15:37:39"}
{"level":"info","message":"execution (1) run instruction [end] for node (18)","timestamp":"2025-04-03 15:37:39"}
{"level":"info","message":"execution (1) exiting with status 1","timestamp":"2025-04-03 15:37:39"}
{"level":"info","message":"execution (1) exiting with status 1","timestamp":"2025-04-03 15:37:39"}
{"level":"info","message":"execution (1) exiting with status 1","timestamp":"2025-04-03 15:37:39"}
{"level":"info","execution":{"id":1,"context":{"data":{"createdAt":"2025-04-03T15:37:39.125Z","updatedAt":"2025-04-03T15:37:39.143Z","payment_date":"2025-04-02T16:00:00.000Z","start_date":"2025-04-09T16:00:00.000Z","package":2,"id":8,"invoice_number":"inv001","student":2,"payment_method":"2","createdById":1,"updatedById":1,"attendance_db":[],"package_db":{"createdAt":"2025-04-02T03:18:31.399Z","updatedAt":"2025-04-02T03:18:31.399Z","quantity":null,"id":2,"package_name":"PV4 - 👤","package_type":"pv","fee":400,"transport_fee":null,"createdById":1,"updatedById":1}},"user":{"createdAt":"2025-03-31T14:39:23.735Z","updatedAt":"2025-04-02T02:53:08.419Z","systemSettings":{},"id":1,"nickname":"Felix","username":"felix","email":"xmrxperfectx@gmail.com","phone":null,"passwordChangeTz":1743556989843,"appLang":"zh-CN","createdById":null,"updatedById":1},"roleName":"root"},"key":"j4mjdg05jk8","eventKey":"39da323d-3128-419a-a845-42a6f582b22c","stack":null,"status":1,"workflowId":3,"updatedAt":"2025-04-03T15:37:39.284Z","createdAt":"2025-04-03T15:37:39.180Z","output":null},"message":"execution (1) finished with status: 1","timestamp":"2025-04-03 15:37:39"}
{"level":"info","message":"new event triggered, now events: 1","timestamp":"2025-04-03 15:39:14"}
{"level":"info","message":"preparing execution for event","timestamp":"2025-04-03 15:39:14"}
{"level":"info","message":"execution of workflow 3 created as 2","timestamp":"2025-04-03 15:39:14"}
{"level":"info","message":"pending execution (2) ready to process","timestamp":"2025-04-03 15:39:14"}
{"level":"info","message":"queueing execution (2) from pending list updated to started","timestamp":"2025-04-03 15:39:14"}
{"level":"info","message":"execution (2) starting...","timestamp":"2025-04-03 15:39:14"}
{"level":"info","message":"execution (2) run instruction [condition] for node (16)","timestamp":"2025-04-03 15:39:14"}
{"level":"info","message":"execution (2) run instruction [end] for node (18)","timestamp":"2025-04-03 15:39:14"}
{"level":"info","message":"execution (2) exiting with status 1","timestamp":"2025-04-03 15:39:14"}
{"level":"info","message":"execution (2) exiting with status 1","timestamp":"2025-04-03 15:39:14"}
{"level":"info","message":"execution (2) exiting with status 1","timestamp":"2025-04-03 15:39:14"}
{"level":"info","execution":{"id":2,"context":{"data":{"createdAt":"2025-04-03T15:39:14.100Z","updatedAt":"2025-04-03T15:39:14.111Z","payment_date":"2025-04-02T16:00:00.000Z","start_date":"2025-04-09T16:00:00.000Z","package":1,"id":9,"invoice_number":"inv001","student":2,"payment_method":null,"createdById":1,"updatedById":1,"attendance_db":[],"package_db":{"createdAt":"2025-04-02T03:17:43.712Z","updatedAt":"2025-04-02T03:17:43.712Z","quantity":null,"id":1,"package_name":"PV1 - 👤","package_type":"pv","fee":120,"transport_fee":null,"createdById":1,"updatedById":3}},"user":{"createdAt":"2025-03-31T14:39:23.735Z","updatedAt":"2025-04-02T02:53:08.419Z","systemSettings":{},"id":1,"nickname":"Felix","username":"felix","email":"xmrxperfectx@gmail.com","phone":null,"passwordChangeTz":1743556989843,"appLang":"zh-CN","createdById":null,"updatedById":1},"roleName":"root"},"key":"j4mjdg05jk8","eventKey":"7ee1d49c-eb0d-468d-a736-08cc37bb618c","stack":null,"status":1,"workflowId":3,"updatedAt":"2025-04-03T15:39:14.165Z","createdAt":"2025-04-03T15:39:14.128Z","output":null},"message":"execution (2) finished with status: 1","timestamp":"2025-04-03 15:39:14"}
{"level":"info","message":"new event triggered, now events: 1","timestamp":"2025-04-03 23:25:09"}
{"level":"info","message":"preparing execution for event","timestamp":"2025-04-03 23:25:09"}
{"level":"info","message":"execution of workflow 3 created as 3","timestamp":"2025-04-03 23:25:09"}
{"level":"info","message":"pending execution (3) ready to process","timestamp":"2025-04-03 23:25:09"}
{"level":"info","message":"queueing execution (3) from pending list updated to started","timestamp":"2025-04-03 23:25:09"}
{"level":"info","message":"execution (3) starting...","timestamp":"2025-04-03 23:25:09"}
{"level":"info","message":"execution (3) run instruction [condition] for node (16)","timestamp":"2025-04-03 23:25:09"}
{"level":"info","message":"execution (3) run instruction [create] for node (17)","timestamp":"2025-04-03 23:25:09"}
{"level":"info","message":"execution (3) run instruction [create] for node (17) finished as status: 1","timestamp":"2025-04-03 23:25:09"}
{"level":"info","message":"execution (3) run instruction [calculation] for node (22)","timestamp":"2025-04-03 23:25:09"}
{"level":"info","message":"execution (3) run instruction [calculation] for node (22) finished as status: 1","timestamp":"2025-04-03 23:25:09"}
{"level":"info","message":"execution (3) run instruction [create] for node (20)","timestamp":"2025-04-03 23:25:09"}
{"level":"error","message":"execution (3) run instruction [create] for node (20) failed:  Cannot read properties of undefined (reading 'collectionManager')","stack":"TypeError: Cannot read properties of undefined (reading 'collectionManager')\n    at CreateInstruction.run (/app/nocobase/node_modules/@nocobase/plugin-workflow/dist/server/instructions/CreateInstruction.js:41:112)\n    at Processor.exec (/app/nocobase/node_modules/@nocobase/plugin-workflow/dist/server/Processor.js:160:19)\n    at Processor.run (/app/nocobase/node_modules/@nocobase/plugin-workflow/dist/server/Processor.js:206:17)\n    at Processor.exec (/app/nocobase/node_modules/@nocobase/plugin-workflow/dist/server/Processor.js:193:19)\n    at process.processTicksAndRejections (node:internal/process/task_queues:95:5)\n    at async ConditionInstruction.run (/app/nocobase/node_modules/@nocobase/plugin-workflow/dist/server/instructions/ConditionInstruction.js:77:5)\n    at async Processor.exec (/app/nocobase/node_modules/@nocobase/plugin-workflow/dist/server/Processor.js:160:13)\n    at async Processor.start (/app/nocobase/node_modules/@nocobase/plugin-workflow/dist/server/Processor.js:141:7)\n    at async PluginWorkflowServer.process (/app/nocobase/node_modules/@nocobase/plugin-workflow/dist/server/Plugin.js:602:7)\n    at async /app/nocobase/node_modules/@nocobase/plugin-workflow/dist/server/Plugin.js:579:9","timestamp":"2025-04-03 23:25:09"}
{"level":"info","message":"execution (3) run instruction [create] for node (20) finished as status: -2","timestamp":"2025-04-03 23:25:09"}
{"level":"info","message":"execution (3) run instruction [condition] for node (16)","timestamp":"2025-04-03 23:25:09"}
{"level":"info","message":"execution (3) exiting with status -2","timestamp":"2025-04-03 23:25:09"}
{"level":"info","message":"execution (3) exiting with status -2","timestamp":"2025-04-03 23:25:09"}
{"level":"info","message":"execution (3) exiting with status -2","timestamp":"2025-04-03 23:25:09"}
{"level":"info","execution":{"id":3,"context":{"data":{"createdAt":"2025-04-03T23:25:08.980Z","updatedAt":"2025-04-03T23:25:08.996Z","payment_date":"2025-04-03T16:00:00.000Z","start_date":"2025-04-10T16:00:00.000Z","id":10,"invoice_number":"inv001","student":2,"payment_method":null,"createdById":1,"updatedById":1,"package_id":1,"attendance_db":[],"package_db":{"createdAt":"2025-04-02T03:17:43.712Z","updatedAt":"2025-04-03T23:07:35.036Z","quantity":1,"id":1,"package_name":"PV1 - 👤","package_type":"pv","fee":120,"transport_fee":null,"createdById":1,"updatedById":1}},"user":{"createdAt":"2025-03-31T14:39:23.735Z","updatedAt":"2025-04-02T02:53:08.419Z","systemSettings":{},"id":1,"nickname":"Felix","username":"felix","email":"xmrxperfectx@gmail.com","phone":null,"passwordChangeTz":1743556989843,"appLang":"zh-CN","createdById":null,"updatedById":1},"roleName":"root"},"key":"j4mjdg05jk8","eventKey":"7d7118cc-8bd7-42c6-a16b-f6de497d30a2","stack":null,"status":-2,"workflowId":3,"updatedAt":"2025-04-03T23:25:09.048Z","createdAt":"2025-04-03T23:25:09.005Z","output":null},"message":"execution (3) finished with status: -2","timestamp":"2025-04-03 23:25:09"}
