{"level":"info","message":"new event triggered, now events: 1","timestamp":"2025-04-17 05:25:08"}
{"level":"info","message":"preparing execution for event","timestamp":"2025-04-17 05:25:08"}
{"level":"info","message":"execution of workflow 156 created as 1074","timestamp":"2025-04-17 05:25:08"}
{"level":"info","message":"pending execution (1074) ready to process","timestamp":"2025-04-17 05:25:08"}
{"level":"info","message":"queueing execution (1074) from pending list updated to started","timestamp":"2025-04-17 05:25:08"}
{"level":"info","message":"execution (1074) starting...","timestamp":"2025-04-17 05:25:08"}
{"level":"info","message":"execution (1074) run instruction [create] for node (1385)","timestamp":"2025-04-17 05:25:08"}
{"level":"info","message":"execution (1074) run instruction [create] for node (1385) finished as status: 1","timestamp":"2025-04-17 05:25:08"}
{"level":"info","message":"execution (1074) run instruction [create] for node (1386)","timestamp":"2025-04-17 05:25:08"}
{"level":"info","message":"execution (1074) run instruction [create] for node (1386) finished as status: 1","timestamp":"2025-04-17 05:25:08"}
{"level":"info","message":"execution (1074) run instruction [create] for node (1387)","timestamp":"2025-04-17 05:25:08"}
{"level":"info","message":"execution (1074) run instruction [create] for node (1387) finished as status: 1","timestamp":"2025-04-17 05:25:08"}
{"level":"info","message":"execution (1074) run instruction [create] for node (1388)","timestamp":"2025-04-17 05:25:08"}
{"level":"info","message":"execution (1074) run instruction [create] for node (1388) finished as status: 1","timestamp":"2025-04-17 05:25:08"}
{"level":"info","message":"execution (1074) run instruction [create] for node (1389)","timestamp":"2025-04-17 05:25:08"}
{"level":"info","message":"execution (1074) run instruction [create] for node (1389) finished as status: 1","timestamp":"2025-04-17 05:25:08"}
{"level":"info","message":"execution (1074) run instruction [create] for node (1390)","timestamp":"2025-04-17 05:25:08"}
{"level":"info","message":"execution (1074) run instruction [create] for node (1390) finished as status: 1","timestamp":"2025-04-17 05:25:09"}
{"level":"info","message":"execution (1074) run instruction [create] for node (1391)","timestamp":"2025-04-17 05:25:09"}
{"level":"info","message":"execution (1074) run instruction [create] for node (1391) finished as status: 1","timestamp":"2025-04-17 05:25:09"}
{"level":"info","message":"execution (1074) run instruction [create] for node (1392)","timestamp":"2025-04-17 05:25:09"}
{"level":"info","message":"execution (1074) run instruction [create] for node (1392) finished as status: 1","timestamp":"2025-04-17 05:25:09"}
{"level":"info","message":"execution (1074) run instruction [create] for node (1393)","timestamp":"2025-04-17 05:25:09"}
{"level":"info","message":"execution (1074) run instruction [create] for node (1393) finished as status: 1","timestamp":"2025-04-17 05:25:09"}
{"level":"info","message":"execution (1074) run instruction [create] for node (1394)","timestamp":"2025-04-17 05:25:09"}
{"level":"info","message":"execution (1074) run instruction [create] for node (1394) finished as status: 1","timestamp":"2025-04-17 05:25:09"}
{"level":"info","message":"execution (1074) run instruction [create] for node (1395)","timestamp":"2025-04-17 05:25:09"}
{"level":"info","message":"execution (1074) run instruction [create] for node (1395) finished as status: 1","timestamp":"2025-04-17 05:25:09"}
{"level":"info","message":"execution (1074) exiting with status 1","timestamp":"2025-04-17 05:25:09"}
{"level":"info","execution":{"id":1074,"context":{"data":{"createdAt":"2025-04-17T05:25:08.555Z","updatedAt":"2025-04-17T05:25:08.555Z","employee_id":null,"class_venue":null,"gender":null,"day":null,"name":"D Student","parent_name":null,"contact_number":null,"email":null,"address":null,"emergency_contact_name":null,"emergency_contact_nunber":null,"id":9,"dob":null,"start_date":null,"start_time":"08:00:00","duration":null,"createdById":1,"updatedById":1,"student_level_db":[]}},"key":"9xnyqeml35d","eventKey":"87b38975-bfd5-4879-ac15-8d2b3cc69b5a","stack":null,"status":1,"workflowId":156,"updatedAt":"2025-04-17T05:25:09.262Z","createdAt":"2025-04-17T05:25:08.586Z","output":null},"message":"execution (1074) finished with status: 1","timestamp":"2025-04-17 05:25:09"}
