{"level":"info","message":"new event triggered, now events: 1","timestamp":"2025-04-07 13:55:24"}
{"level":"info","message":"preparing execution for event","timestamp":"2025-04-07 13:55:24"}
{"level":"info","message":"execution of workflow 73 created as 139","timestamp":"2025-04-07 13:55:24"}
{"level":"info","message":"pending execution (139) ready to process","timestamp":"2025-04-07 13:55:24"}
{"level":"info","message":"queueing execution (139) from pending list updated to started","timestamp":"2025-04-07 13:55:24"}
{"level":"info","message":"execution (139) starting...","timestamp":"2025-04-07 13:55:24"}
{"level":"info","message":"execution (139) run instruction [query] for node (546)","timestamp":"2025-04-07 13:55:24"}
{"level":"error","name":"SequelizeDatabaseError","parent":{"length":213,"name":"error","severity":"ERROR","code":"42883","hint":"No operator matches the given name and argument types. You might need to add explicit type casts.","position":"212","file":"parse_oper.c","line":"647","routine":"op_error","sql":"SELECT \"createdAt\", \"updatedAt\", \"employee_id\", \"salary_amount\", \"id\", \"createdById\", \"updatedById\", \"date\", \"monthly\" FROM \"public\".\"salary\" AS \"salary\" WHERE (\"salary\".\"employee_id\" = 3 AND \"salary\".\"monthly\" = 4) ORDER BY \"salary\".\"id\" ASC NULLS LAST LIMIT 1 OFFSET 0;"},"original":{"length":213,"name":"error","severity":"ERROR","code":"42883","hint":"No operator matches the given name and argument types. You might need to add explicit type casts.","position":"212","file":"parse_oper.c","line":"647","routine":"op_error","sql":"SELECT \"createdAt\", \"updatedAt\", \"employee_id\", \"salary_amount\", \"id\", \"createdById\", \"updatedById\", \"date\", \"monthly\" FROM \"public\".\"salary\" AS \"salary\" WHERE (\"salary\".\"employee_id\" = 3 AND \"salary\".\"monthly\" = 4) ORDER BY \"salary\".\"id\" ASC NULLS LAST LIMIT 1 OFFSET 0;"},"sql":"SELECT \"createdAt\", \"updatedAt\", \"employee_id\", \"salary_amount\", \"id\", \"createdById\", \"updatedById\", \"date\", \"monthly\" FROM \"public\".\"salary\" AS \"salary\" WHERE (\"salary\".\"employee_id\" = 3 AND \"salary\".\"monthly\" = 4) ORDER BY \"salary\".\"id\" ASC NULLS LAST LIMIT 1 OFFSET 0;","parameters":{},"message":"execution (139) run instruction [query] for node (546) failed:  operator does not exist: character varying = integer","stack":"Error\n    at Query.run (/app/nocobase/node_modules/sequelize/lib/dialects/postgres/query.js:50:25)\n    at /app/nocobase/node_modules/sequelize/lib/sequelize.js:315:28\n    at process.processTicksAndRejections (node:internal/process/task_queues:95:5)\n    at async PostgresQueryInterface.select (/app/nocobase/node_modules/sequelize/lib/dialects/abstract/query-interface.js:407:12)\n    at async salary.findAll (/app/nocobase/node_modules/sequelize/lib/model.js:1140:21)\n    at async _Repository.find (/app/nocobase/node_modules/@nocobase/database/lib/repository.js:261:14)\n    at async _Repository.findOne (/app/nocobase/node_modules/@nocobase/database/lib/repository.js:303:18)\n    at async QueryInstruction.run (/app/nocobase/node_modules/@nocobase/plugin-workflow/dist/server/instructions/QueryInstruction.js:56:20)\n    at async Processor.exec (/app/nocobase/node_modules/@nocobase/plugin-workflow/dist/server/Processor.js:160:13)\n    at async Processor.start (/app/nocobase/node_modules/@nocobase/plugin-workflow/dist/server/Processor.js:141:7)\n    at async PluginWorkflowServer.process (/app/nocobase/node_modules/@nocobase/plugin-workflow/dist/server/Plugin.js:602:7)\n    at async /app/nocobase/node_modules/@nocobase/plugin-workflow/dist/server/Plugin.js:579:9","timestamp":"2025-04-07 13:55:24"}
{"level":"info","message":"execution (139) run instruction [query] for node (546) finished as status: -2","timestamp":"2025-04-07 13:55:24"}
{"level":"info","message":"execution (139) exiting with status -2","timestamp":"2025-04-07 13:55:24"}
{"level":"info","execution":{"id":139,"context":{"data":{"createdAt":"2025-04-05T02:24:14.979Z","updatedAt":"2025-04-07T13:55:24.019Z","start_date":"2025-04-11T19:00:00.000Z","end_date":"2025-04-11T19:30:00.000Z","employee_id":3,"create_course_id":38,"salary_id":1,"student":"B student","id":143,"status":"1","status_convert":1,"createdById":null,"updatedById":1,"month_convert":4,"salary_db":{"createdAt":"2025-04-05T13:23:25.985Z","updatedAt":"2025-04-07T13:36:21.621Z","employee_id":1,"salary_amount":null,"id":1,"createdById":null,"updatedById":1,"date":"2025-04-01","monthly":"4/2025"}}},"key":"ju393tq5yqm","eventKey":"26341fca-abe7-438c-a312-975f3aacf9ed","stack":null,"status":-2,"workflowId":73,"updatedAt":"2025-04-07T13:55:24.074Z","createdAt":"2025-04-07T13:55:24.040Z","output":null},"message":"execution (139) finished with status: -2","timestamp":"2025-04-07 13:55:24"}
{"level":"info","message":"new event triggered, now events: 1","timestamp":"2025-04-07 13:55:37"}
{"level":"info","message":"preparing execution for event","timestamp":"2025-04-07 13:55:37"}
{"level":"info","message":"execution of workflow 73 created as 140","timestamp":"2025-04-07 13:55:37"}
{"level":"info","message":"pending execution (140) ready to process","timestamp":"2025-04-07 13:55:37"}
{"level":"info","message":"queueing execution (140) from pending list updated to started","timestamp":"2025-04-07 13:55:37"}
{"level":"info","message":"execution (140) starting...","timestamp":"2025-04-07 13:55:37"}
{"level":"info","message":"execution (140) run instruction [query] for node (546)","timestamp":"2025-04-07 13:55:37"}
{"level":"error","name":"SequelizeDatabaseError","parent":{"length":213,"name":"error","severity":"ERROR","code":"42883","hint":"No operator matches the given name and argument types. You might need to add explicit type casts.","position":"212","file":"parse_oper.c","line":"647","routine":"op_error","sql":"SELECT \"createdAt\", \"updatedAt\", \"employee_id\", \"salary_amount\", \"id\", \"createdById\", \"updatedById\", \"date\", \"monthly\" FROM \"public\".\"salary\" AS \"salary\" WHERE (\"salary\".\"employee_id\" = 3 AND \"salary\".\"monthly\" = 4) ORDER BY \"salary\".\"id\" ASC NULLS LAST LIMIT 1 OFFSET 0;"},"original":{"length":213,"name":"error","severity":"ERROR","code":"42883","hint":"No operator matches the given name and argument types. You might need to add explicit type casts.","position":"212","file":"parse_oper.c","line":"647","routine":"op_error","sql":"SELECT \"createdAt\", \"updatedAt\", \"employee_id\", \"salary_amount\", \"id\", \"createdById\", \"updatedById\", \"date\", \"monthly\" FROM \"public\".\"salary\" AS \"salary\" WHERE (\"salary\".\"employee_id\" = 3 AND \"salary\".\"monthly\" = 4) ORDER BY \"salary\".\"id\" ASC NULLS LAST LIMIT 1 OFFSET 0;"},"sql":"SELECT \"createdAt\", \"updatedAt\", \"employee_id\", \"salary_amount\", \"id\", \"createdById\", \"updatedById\", \"date\", \"monthly\" FROM \"public\".\"salary\" AS \"salary\" WHERE (\"salary\".\"employee_id\" = 3 AND \"salary\".\"monthly\" = 4) ORDER BY \"salary\".\"id\" ASC NULLS LAST LIMIT 1 OFFSET 0;","parameters":{},"message":"execution (140) run instruction [query] for node (546) failed:  operator does not exist: character varying = integer","stack":"Error\n    at Query.run (/app/nocobase/node_modules/sequelize/lib/dialects/postgres/query.js:50:25)\n    at /app/nocobase/node_modules/sequelize/lib/sequelize.js:315:28\n    at process.processTicksAndRejections (node:internal/process/task_queues:95:5)\n    at async PostgresQueryInterface.select (/app/nocobase/node_modules/sequelize/lib/dialects/abstract/query-interface.js:407:12)\n    at async salary.findAll (/app/nocobase/node_modules/sequelize/lib/model.js:1140:21)\n    at async _Repository.find (/app/nocobase/node_modules/@nocobase/database/lib/repository.js:261:14)\n    at async _Repository.findOne (/app/nocobase/node_modules/@nocobase/database/lib/repository.js:303:18)\n    at async QueryInstruction.run (/app/nocobase/node_modules/@nocobase/plugin-workflow/dist/server/instructions/QueryInstruction.js:56:20)\n    at async Processor.exec (/app/nocobase/node_modules/@nocobase/plugin-workflow/dist/server/Processor.js:160:13)\n    at async Processor.start (/app/nocobase/node_modules/@nocobase/plugin-workflow/dist/server/Processor.js:141:7)\n    at async PluginWorkflowServer.process (/app/nocobase/node_modules/@nocobase/plugin-workflow/dist/server/Plugin.js:602:7)\n    at async /app/nocobase/node_modules/@nocobase/plugin-workflow/dist/server/Plugin.js:579:9","timestamp":"2025-04-07 13:55:37"}
{"level":"info","message":"execution (140) run instruction [query] for node (546) finished as status: -2","timestamp":"2025-04-07 13:55:37"}
{"level":"info","message":"execution (140) exiting with status -2","timestamp":"2025-04-07 13:55:37"}
{"level":"info","execution":{"id":140,"context":{"data":{"createdAt":"2025-04-07T12:39:09.408Z","updatedAt":"2025-04-07T13:55:37.565Z","start_date":"2025-04-07T16:00:00.000Z","end_date":"2025-04-07T16:00:00.000Z","employee_id":3,"create_course_id":39,"salary_id":1,"student":"C student","id":153,"status":null,"status_convert":0,"createdById":null,"updatedById":1,"month_convert":4,"salary_db":{"createdAt":"2025-04-05T13:23:25.985Z","updatedAt":"2025-04-07T13:36:21.621Z","employee_id":1,"salary_amount":null,"id":1,"createdById":null,"updatedById":1,"date":"2025-04-01","monthly":"4/2025"}}},"key":"ju393tq5yqm","eventKey":"36db4fd7-e462-465a-849e-e217a239d99e","stack":null,"status":-2,"workflowId":73,"updatedAt":"2025-04-07T13:55:37.608Z","createdAt":"2025-04-07T13:55:37.573Z","output":null},"message":"execution (140) finished with status: -2","timestamp":"2025-04-07 13:55:37"}
{"level":"info","message":"execution of workflow 73 created as 141","timestamp":"2025-04-07 13:56:07"}
{"level":"info","message":"queueing execution (141) from pending list updated to started","timestamp":"2025-04-07 13:56:07"}
{"level":"info","message":"execution (141) starting...","timestamp":"2025-04-07 13:56:07"}
{"level":"info","message":"execution (141) run instruction [query] for node (546)","timestamp":"2025-04-07 13:56:07"}
{"level":"error","name":"SequelizeDatabaseError","parent":{"length":213,"name":"error","severity":"ERROR","code":"42883","hint":"No operator matches the given name and argument types. You might need to add explicit type casts.","position":"212","file":"parse_oper.c","line":"647","routine":"op_error","sql":"SELECT \"createdAt\", \"updatedAt\", \"employee_id\", \"salary_amount\", \"id\", \"createdById\", \"updatedById\", \"date\", \"monthly\" FROM \"public\".\"salary\" AS \"salary\" WHERE (\"salary\".\"employee_id\" = 1 AND \"salary\".\"monthly\" = 4) ORDER BY \"salary\".\"id\" ASC NULLS LAST LIMIT 1 OFFSET 0;"},"original":{"length":213,"name":"error","severity":"ERROR","code":"42883","hint":"No operator matches the given name and argument types. You might need to add explicit type casts.","position":"212","file":"parse_oper.c","line":"647","routine":"op_error","sql":"SELECT \"createdAt\", \"updatedAt\", \"employee_id\", \"salary_amount\", \"id\", \"createdById\", \"updatedById\", \"date\", \"monthly\" FROM \"public\".\"salary\" AS \"salary\" WHERE (\"salary\".\"employee_id\" = 1 AND \"salary\".\"monthly\" = 4) ORDER BY \"salary\".\"id\" ASC NULLS LAST LIMIT 1 OFFSET 0;"},"sql":"SELECT \"createdAt\", \"updatedAt\", \"employee_id\", \"salary_amount\", \"id\", \"createdById\", \"updatedById\", \"date\", \"monthly\" FROM \"public\".\"salary\" AS \"salary\" WHERE (\"salary\".\"employee_id\" = 1 AND \"salary\".\"monthly\" = 4) ORDER BY \"salary\".\"id\" ASC NULLS LAST LIMIT 1 OFFSET 0;","parameters":{},"message":"execution (141) run instruction [query] for node (546) failed:  operator does not exist: character varying = integer","stack":"Error\n    at Query.run (/app/nocobase/node_modules/sequelize/lib/dialects/postgres/query.js:50:25)\n    at /app/nocobase/node_modules/sequelize/lib/sequelize.js:315:28\n    at process.processTicksAndRejections (node:internal/process/task_queues:95:5)\n    at async PostgresQueryInterface.select (/app/nocobase/node_modules/sequelize/lib/dialects/abstract/query-interface.js:407:12)\n    at async salary.findAll (/app/nocobase/node_modules/sequelize/lib/model.js:1140:21)\n    at async _Repository.find (/app/nocobase/node_modules/@nocobase/database/lib/repository.js:261:14)\n    at async _Repository.findOne (/app/nocobase/node_modules/@nocobase/database/lib/repository.js:303:18)\n    at async QueryInstruction.run (/app/nocobase/node_modules/@nocobase/plugin-workflow/dist/server/instructions/QueryInstruction.js:56:20)\n    at async Processor.exec (/app/nocobase/node_modules/@nocobase/plugin-workflow/dist/server/Processor.js:160:13)\n    at async Processor.start (/app/nocobase/node_modules/@nocobase/plugin-workflow/dist/server/Processor.js:141:7)\n    at async PluginWorkflowServer.process (/app/nocobase/node_modules/@nocobase/plugin-workflow/dist/server/Plugin.js:602:7)\n    at async execute (/app/nocobase/node_modules/@nocobase/plugin-workflow/dist/server/actions/workflows.js:139:17)\n    at async triggerWorkflowActionMiddleware (/app/nocobase/node_modules/@nocobase/plugin-workflow-action-trigger/dist/server/ActionTrigger.js:61:7)\n    at async dataTemplate (/app/nocobase/node_modules/@nocobase/server/lib/middlewares/data-template.js:36:3)\n    at async app.acl.use.after (/app/nocobase/node_modules/@nocobase/plugin-acl/dist/server/server.js:534:9)\n    at async middlewares.add.tag (/app/nocobase/node_modules/@nocobase/acl/lib/acl.js:398:9)","timestamp":"2025-04-07 13:56:07"}
{"level":"info","message":"execution (141) run instruction [query] for node (546) finished as status: -2","timestamp":"2025-04-07 13:56:07"}
{"level":"info","message":"execution (141) exiting with status -2","timestamp":"2025-04-07 13:56:07"}
{"level":"info","execution":{"id":141,"context":{"data":{"createdAt":"2025-04-05T02:23:26.143Z","updatedAt":"2025-04-07T13:49:11.333Z","start_date":"2025-04-08T08:00:00.000Z","end_date":"2025-04-18T08:50:00.000Z","employee_id":1,"create_course_id":37,"salary_id":1,"student":"AISYAH KHAYRA BINTI ABDULLAH UZAIR","id":140,"status":null,"status_convert":null,"createdById":null,"updatedById":1,"month_convert":4,"salary_db":{"createdAt":"2025-04-05T13:23:25.985Z","updatedAt":"2025-04-07T13:36:21.621Z","employee_id":1,"salary_amount":null,"id":1,"createdById":null,"updatedById":1,"date":"2025-04-01","monthly":"4/2025"}}},"key":"ju393tq5yqm","eventKey":"3bec6029-bbed-4891-bbd7-45b54d681d18","stack":null,"status":-2,"workflowId":73,"updatedAt":"2025-04-07T13:56:07.459Z","createdAt":"2025-04-07T13:56:07.427Z","output":null},"message":"execution (141) finished with status: -2","timestamp":"2025-04-07 13:56:07"}
{"level":"info","message":"new event triggered, now events: 1","timestamp":"2025-04-07 14:00:05"}
{"level":"info","message":"preparing execution for event","timestamp":"2025-04-07 14:00:05"}
{"level":"info","message":"execution of workflow 73 created as 142","timestamp":"2025-04-07 14:00:05"}
{"level":"info","message":"pending execution (142) ready to process","timestamp":"2025-04-07 14:00:05"}
{"level":"info","message":"queueing execution (142) from pending list updated to started","timestamp":"2025-04-07 14:00:05"}
{"level":"info","message":"execution (142) starting...","timestamp":"2025-04-07 14:00:05"}
{"level":"info","message":"execution (142) run instruction [query] for node (546)","timestamp":"2025-04-07 14:00:05"}
{"level":"info","message":"execution (142) run instruction [query] for node (546) finished as status: 1","timestamp":"2025-04-07 14:00:05"}
{"level":"info","message":"execution (142) run instruction [update] for node (547)","timestamp":"2025-04-07 14:00:05"}
{"level":"info","message":"execution (142) run instruction [update] for node (547) finished as status: 1","timestamp":"2025-04-07 14:00:05"}
{"level":"info","message":"execution (142) exiting with status 1","timestamp":"2025-04-07 14:00:05"}
{"level":"info","execution":{"id":142,"context":{"data":{"createdAt":"2025-04-05T02:24:14.979Z","updatedAt":"2025-04-07T14:00:05.302Z","start_date":"2025-04-11T19:00:00.000Z","end_date":"2025-04-11T19:30:00.000Z","employee_id":3,"create_course_id":38,"salary_id":1,"student":"B student","id":143,"status":"1","status_convert":1,"createdById":null,"updatedById":1,"month_convert":null,"salary_db":{"createdAt":"2025-04-05T13:23:25.985Z","updatedAt":"2025-04-07T13:36:21.621Z","employee_id":1,"salary_amount":null,"id":1,"createdById":null,"updatedById":1,"date":"2025-04-01","monthly":"4/2025"}}},"key":"ju393tq5yqm","eventKey":"c6f40f9a-0d68-4d0b-9ae8-55af6cd0a439","stack":null,"status":1,"workflowId":73,"updatedAt":"2025-04-07T14:00:05.354Z","createdAt":"2025-04-07T14:00:05.317Z","output":null},"message":"execution (142) finished with status: 1","timestamp":"2025-04-07 14:00:05"}
{"level":"info","message":"execution of workflow 73 created as 143","timestamp":"2025-04-07 14:00:33"}
{"level":"info","message":"queueing execution (143) from pending list updated to started","timestamp":"2025-04-07 14:00:33"}
{"level":"info","message":"execution (143) starting...","timestamp":"2025-04-07 14:00:33"}
{"level":"info","message":"execution (143) run instruction [query] for node (546)","timestamp":"2025-04-07 14:00:33"}
{"level":"info","message":"execution (143) run instruction [query] for node (546) finished as status: 1","timestamp":"2025-04-07 14:00:33"}
{"level":"info","message":"execution (143) run instruction [update] for node (547)","timestamp":"2025-04-07 14:00:33"}
{"level":"info","message":"execution (143) run instruction [update] for node (547) finished as status: 1","timestamp":"2025-04-07 14:00:33"}
{"level":"info","message":"execution (143) exiting with status 1","timestamp":"2025-04-07 14:00:33"}
{"level":"info","execution":{"id":143,"context":{"data":{"createdAt":"2025-04-05T02:23:26.112Z","updatedAt":"2025-04-07T13:49:11.333Z","start_date":"2025-04-01T08:00:00.000Z","end_date":"2025-04-11T08:50:00.000Z","employee_id":1,"create_course_id":37,"salary_id":1,"student":"AISYAH KHAYRA BINTI ABDULLAH UZAIR","id":139,"status":"2","status_convert":0,"createdById":null,"updatedById":1,"month_convert":null,"salary_db":{"createdAt":"2025-04-05T13:23:25.985Z","updatedAt":"2025-04-07T13:36:21.621Z","employee_id":1,"salary_amount":null,"id":1,"createdById":null,"updatedById":1,"date":"2025-04-01","monthly":"4/2025"}}},"key":"ju393tq5yqm","eventKey":"87661478-cdcb-48f0-9af1-550cdc615dbb","stack":null,"status":1,"workflowId":73,"updatedAt":"2025-04-07T14:00:33.435Z","createdAt":"2025-04-07T14:00:33.407Z","output":null},"message":"execution (143) finished with status: 1","timestamp":"2025-04-07 14:00:33"}
{"level":"info","message":"execution of workflow 73 created as 144","timestamp":"2025-04-07 14:01:22"}
{"level":"info","message":"queueing execution (144) from pending list updated to started","timestamp":"2025-04-07 14:01:22"}
{"level":"info","message":"execution (144) starting...","timestamp":"2025-04-07 14:01:22"}
{"level":"info","message":"execution (144) run instruction [query] for node (546)","timestamp":"2025-04-07 14:01:22"}
{"level":"info","message":"execution (144) run instruction [query] for node (546) finished as status: 1","timestamp":"2025-04-07 14:01:22"}
{"level":"info","message":"execution (144) run instruction [update] for node (547)","timestamp":"2025-04-07 14:01:22"}
{"level":"info","message":"execution (144) run instruction [update] for node (547) finished as status: 1","timestamp":"2025-04-07 14:01:22"}
{"level":"info","message":"execution (144) exiting with status 1","timestamp":"2025-04-07 14:01:22"}
{"level":"info","execution":{"id":144,"context":{"data":{"createdAt":"2025-04-05T02:23:26.112Z","updatedAt":"2025-04-07T14:01:04.339Z","start_date":"2025-04-01T08:00:00.000Z","end_date":"2025-04-11T08:50:00.000Z","employee_id":1,"create_course_id":37,"salary_id":1,"student":"AISYAH KHAYRA BINTI ABDULLAH UZAIR","id":139,"status":"2","status_convert":0,"createdById":null,"updatedById":1,"month_convert":"4/2025","salary_db":{"createdAt":"2025-04-05T13:23:25.985Z","updatedAt":"2025-04-07T13:36:21.621Z","employee_id":1,"salary_amount":null,"id":1,"createdById":null,"updatedById":1,"date":"2025-04-01","monthly":"4/2025"}}},"key":"ju393tq5yqm","eventKey":"354f9389-0f13-4903-ad75-a2482f7b45a3","stack":null,"status":1,"workflowId":73,"updatedAt":"2025-04-07T14:01:22.791Z","createdAt":"2025-04-07T14:01:22.748Z","output":null},"message":"execution (144) finished with status: 1","timestamp":"2025-04-07 14:01:22"}
{"level":"info","message":"new event triggered, now events: 1","timestamp":"2025-04-07 14:01:50"}
{"level":"info","message":"preparing execution for event","timestamp":"2025-04-07 14:01:50"}
{"level":"info","message":"execution of workflow 73 created as 145","timestamp":"2025-04-07 14:01:50"}
{"level":"info","message":"pending execution (145) ready to process","timestamp":"2025-04-07 14:01:50"}
{"level":"info","message":"queueing execution (145) from pending list updated to started","timestamp":"2025-04-07 14:01:50"}
{"level":"info","message":"execution (145) starting...","timestamp":"2025-04-07 14:01:50"}
{"level":"info","message":"execution (145) run instruction [query] for node (546)","timestamp":"2025-04-07 14:01:50"}
{"level":"info","message":"execution (145) run instruction [query] for node (546) finished as status: 1","timestamp":"2025-04-07 14:01:50"}
{"level":"info","message":"execution (145) run instruction [update] for node (547)","timestamp":"2025-04-07 14:01:50"}
{"level":"info","message":"execution (145) run instruction [update] for node (547) finished as status: 1","timestamp":"2025-04-07 14:01:51"}
{"level":"info","message":"execution (145) exiting with status 1","timestamp":"2025-04-07 14:01:51"}
{"level":"info","execution":{"id":145,"context":{"data":{"createdAt":"2025-04-07T12:39:09.408Z","updatedAt":"2025-04-07T14:01:50.923Z","start_date":"2025-04-07T16:00:00.000Z","end_date":"2025-04-07T16:00:00.000Z","employee_id":3,"create_course_id":39,"salary_id":1,"student":"C student","id":153,"status":null,"status_convert":0,"createdById":null,"updatedById":1,"month_convert":"4/2025","salary_db":{"createdAt":"2025-04-05T13:23:25.985Z","updatedAt":"2025-04-07T13:36:21.621Z","employee_id":1,"salary_amount":null,"id":1,"createdById":null,"updatedById":1,"date":"2025-04-01","monthly":"4/2025"}}},"key":"ju393tq5yqm","eventKey":"91e6ba3a-5e2c-4a2e-b89c-dbca920504b7","stack":null,"status":1,"workflowId":73,"updatedAt":"2025-04-07T14:01:51.001Z","createdAt":"2025-04-07T14:01:50.938Z","output":null},"message":"execution (145) finished with status: 1","timestamp":"2025-04-07 14:01:51"}
{"level":"info","message":"new event triggered, now events: 1","timestamp":"2025-04-07 14:01:59"}
{"level":"info","message":"preparing execution for event","timestamp":"2025-04-07 14:01:59"}
{"level":"info","message":"execution of workflow 73 created as 146","timestamp":"2025-04-07 14:01:59"}
{"level":"info","message":"pending execution (146) ready to process","timestamp":"2025-04-07 14:01:59"}
{"level":"info","message":"queueing execution (146) from pending list updated to started","timestamp":"2025-04-07 14:01:59"}
{"level":"info","message":"execution (146) starting...","timestamp":"2025-04-07 14:01:59"}
{"level":"info","message":"execution (146) run instruction [query] for node (546)","timestamp":"2025-04-07 14:01:59"}
{"level":"info","message":"execution (146) run instruction [query] for node (546) finished as status: 1","timestamp":"2025-04-07 14:01:59"}
{"level":"info","message":"execution (146) run instruction [update] for node (547)","timestamp":"2025-04-07 14:01:59"}
{"level":"info","message":"execution (146) run instruction [update] for node (547) finished as status: 1","timestamp":"2025-04-07 14:01:59"}
{"level":"info","message":"execution (146) exiting with status 1","timestamp":"2025-04-07 14:01:59"}
{"level":"info","execution":{"id":146,"context":{"data":{"createdAt":"2025-04-05T02:24:15.062Z","updatedAt":"2025-04-07T14:01:59.125Z","start_date":"2025-05-02T16:00:00.000Z","end_date":"2025-05-02T16:00:00.000Z","employee_id":3,"create_course_id":38,"salary_id":2,"student":"B student","id":146,"status":null,"status_convert":null,"createdById":null,"updatedById":1,"month_convert":"5/2025","salary_db":{"createdAt":"2025-04-05T13:23:26.011Z","updatedAt":"2025-04-07T13:40:27.693Z","employee_id":3,"salary_amount":null,"id":2,"createdById":null,"updatedById":1,"date":"2025-04-01","monthly":"4/2025"}}},"key":"ju393tq5yqm","eventKey":"ee7854a6-ac84-4fb2-ae1f-1e2ffa6e6fb8","stack":null,"status":1,"workflowId":73,"updatedAt":"2025-04-07T14:01:59.178Z","createdAt":"2025-04-07T14:01:59.138Z","output":null},"message":"execution (146) finished with status: 1","timestamp":"2025-04-07 14:01:59"}
{"level":"info","message":"new event triggered, now events: 1","timestamp":"2025-04-07 14:02:07"}
{"level":"info","message":"preparing execution for event","timestamp":"2025-04-07 14:02:07"}
{"level":"info","message":"execution of workflow 73 created as 147","timestamp":"2025-04-07 14:02:07"}
{"level":"info","message":"pending execution (147) ready to process","timestamp":"2025-04-07 14:02:07"}
{"level":"info","message":"queueing execution (147) from pending list updated to started","timestamp":"2025-04-07 14:02:07"}
{"level":"info","message":"execution (147) starting...","timestamp":"2025-04-07 14:02:07"}
{"level":"info","message":"execution (147) run instruction [query] for node (546)","timestamp":"2025-04-07 14:02:07"}
{"level":"info","message":"execution (147) run instruction [query] for node (546) finished as status: 1","timestamp":"2025-04-07 14:02:07"}
{"level":"info","message":"execution (147) run instruction [update] for node (547)","timestamp":"2025-04-07 14:02:07"}
{"level":"info","message":"execution (147) run instruction [update] for node (547) finished as status: 1","timestamp":"2025-04-07 14:02:07"}
{"level":"info","message":"execution (147) exiting with status 1","timestamp":"2025-04-07 14:02:07"}
{"level":"info","execution":{"id":147,"context":{"data":{"createdAt":"2025-04-05T02:24:15.229Z","updatedAt":"2025-04-07T14:02:07.284Z","start_date":"2025-06-06T16:00:00.000Z","end_date":"2025-06-06T16:00:00.000Z","employee_id":3,"create_course_id":38,"salary_id":3,"student":"B student","id":151,"status":null,"status_convert":null,"createdById":null,"updatedById":1,"month_convert":"6/2025","salary_db":{"createdAt":"2025-04-07T12:44:29.758Z","updatedAt":"2025-04-07T13:40:35.053Z","employee_id":3,"salary_amount":null,"id":3,"createdById":1,"updatedById":1,"date":"2025-05-01","monthly":"5/2025"}}},"key":"ju393tq5yqm","eventKey":"c3cc1580-ba96-4cc3-825d-37da7fa0054d","stack":null,"status":1,"workflowId":73,"updatedAt":"2025-04-07T14:02:07.320Z","createdAt":"2025-04-07T14:02:07.293Z","output":null},"message":"execution (147) finished with status: 1","timestamp":"2025-04-07 14:02:07"}
