{"level":"info","message":"new event triggered, now events: 1","timestamp":"2025-04-29 03:41:54"}
{"level":"info","message":"preparing execution for event","timestamp":"2025-04-29 03:41:54"}
{"level":"info","message":"execution of workflow 231 created as 30710","timestamp":"2025-04-29 03:41:54"}
{"level":"info","message":"pending execution (30710) ready to process","timestamp":"2025-04-29 03:41:54"}
{"level":"info","message":"queueing execution (30710) from pending list updated to started","timestamp":"2025-04-29 03:41:54"}
{"level":"info","message":"execution (30710) starting...","timestamp":"2025-04-29 03:41:54"}
{"level":"info","message":"execution (30710) run instruction [query] for node (2791)","timestamp":"2025-04-29 03:41:54"}
{"level":"info","message":"execution (30710) run instruction [query] for node (2791) finished as status: 1","timestamp":"2025-04-29 03:41:54"}
{"level":"info","message":"execution (30710) run instruction [condition] for node (2792)","timestamp":"2025-04-29 03:41:54"}
{"level":"info","message":"execution (30710) run instruction [create] for node (2793)","timestamp":"2025-04-29 03:41:54"}
{"level":"info","message":"execution (30710) run instruction [create] for node (2793) finished as status: 1","timestamp":"2025-04-29 03:41:54"}
{"level":"info","message":"execution (30710) run instruction [calculation] for node (2804)","timestamp":"2025-04-29 03:41:54"}
{"level":"info","message":"execution (30710) run instruction [calculation] for node (2804) finished as status: 1","timestamp":"2025-04-29 03:41:54"}
{"level":"info","message":"execution (30710) run instruction [calculation] for node (2800)","timestamp":"2025-04-29 03:41:54"}
{"level":"info","message":"execution (30710) run instruction [calculation] for node (2800) finished as status: 1","timestamp":"2025-04-29 03:41:54"}
{"level":"info","message":"execution (30710) run instruction [update] for node (2806)","timestamp":"2025-04-29 03:41:54"}
{"level":"error","name":"SequelizeDatabaseError","parent":{"length":157,"name":"error","severity":"ERROR","code":"22P02","where":"unnamed portal parameter $2 = '...'","file":"numutils.c","line":"879","routine":"pg_strtoint64_safe","sql":"UPDATE \"public\".\"create_course\" SET \"commission\"=$1,\"salary_id\"=$2,\"updatedAt\"=$3 WHERE \"id\" IN (NULL)","parameters":[80,"[object Object]","2025-04-29 03:41:54.360 +00:00"]},"original":{"length":157,"name":"error","severity":"ERROR","code":"22P02","where":"unnamed portal parameter $2 = '...'","file":"numutils.c","line":"879","routine":"pg_strtoint64_safe","sql":"UPDATE \"public\".\"create_course\" SET \"commission\"=$1,\"salary_id\"=$2,\"updatedAt\"=$3 WHERE \"id\" IN (NULL)","parameters":[80,"[object Object]","2025-04-29 03:41:54.360 +00:00"]},"sql":"UPDATE \"public\".\"create_course\" SET \"commission\"=$1,\"salary_id\"=$2,\"updatedAt\"=$3 WHERE \"id\" IN (NULL)","parameters":[80,"[object Object]","2025-04-29 03:41:54.360 +00:00"],"message":"execution (30710) run instruction [update] for node (2806) failed:  invalid input syntax for type bigint: \"[object Object]\"","stack":"Error\n    at Query.run (/app/nocobase/node_modules/sequelize/lib/dialects/postgres/query.js:50:25)\n    at /app/nocobase/node_modules/sequelize/lib/sequelize.js:315:28\n    at process.processTicksAndRejections (node:internal/process/task_queues:95:5)\n    at async PostgresQueryInterface.bulkUpdate (/app/nocobase/node_modules/sequelize/lib/dialects/abstract/query-interface.js:366:12)\n    at async create_course.update (/app/nocobase/node_modules/sequelize/lib/model.js:2010:28)\n    at async _Repository.update (/app/nocobase/node_modules/@nocobase/database/lib/repository.js:402:24)\n    at async descriptor.value (/app/nocobase/node_modules/@nocobase/database/lib/decorators/transaction-decorator.js:84:29)\n    at async UpdateInstruction.run (/app/nocobase/node_modules/@nocobase/plugin-workflow/dist/server/instructions/UpdateInstruction.js:42:20)\n    at async Processor.exec (/app/nocobase/node_modules/@nocobase/plugin-workflow/dist/server/Processor.js:160:13)\n    at async ConditionInstruction.run (/app/nocobase/node_modules/@nocobase/plugin-workflow/dist/server/instructions/ConditionInstruction.js:77:5)\n    at async Processor.exec (/app/nocobase/node_modules/@nocobase/plugin-workflow/dist/server/Processor.js:160:13)\n    at async Processor.start (/app/nocobase/node_modules/@nocobase/plugin-workflow/dist/server/Processor.js:141:7)\n    at async PluginWorkflowServer.process (/app/nocobase/node_modules/@nocobase/plugin-workflow/dist/server/Plugin.js:602:7)\n    at async /app/nocobase/node_modules/@nocobase/plugin-workflow/dist/server/Plugin.js:579:9\n    at async Immediate.prepare (/app/nocobase/node_modules/@nocobase/plugin-workflow/dist/server/Plugin.js:522:9)","timestamp":"2025-04-29 03:41:54"}
{"level":"info","message":"execution (30710) run instruction [update] for node (2806) finished as status: -2","timestamp":"2025-04-29 03:41:54"}
{"level":"info","message":"execution (30710) run instruction [condition] for node (2792)","timestamp":"2025-04-29 03:41:54"}
{"level":"info","message":"execution (30710) exiting with status -2","timestamp":"2025-04-29 03:41:54"}
{"level":"info","message":"execution (30710) exiting with status -2","timestamp":"2025-04-29 03:41:54"}
{"level":"info","message":"execution (30710) exiting with status -2","timestamp":"2025-04-29 03:41:54"}
{"level":"info","execution":{"id":30710,"context":{"data":{"createdAt":"2025-04-29T03:41:54.001Z","updatedAt":"2025-04-29T03:41:54.047Z","start_date":"2023-12-01T02:00:00.000Z","end_date":"2023-12-01T02:50:00.000Z","package_id":2,"discount":0,"month_convert":"2023/11","id":463,"total":400,"transport_fee":0,"payment_method":"Online Transfer","fee":400,"progress":0,"student_id":87,"payment_date":"2023-11-26","invoice_number":"","salary_id":null,"commission":null,"done":null,"createdById":1,"updatedById":1,"createdBy":{"createdAt":"2025-03-31T14:39:23.735Z","updatedAt":"2025-04-21T03:22:20.461Z","nickname":"Felix","username":"felix","email":"xmrxperfectx@gmail.com","phone":null,"password":"4bcb6c6d601c4959b54149bde2e8918e036e2596f461320d3968004404dd372c","passwordChangeTz":1743556989843,"appLang":"zh-CN","resetToken":null,"systemSettings":{"themeId":1},"sort":1,"id":1,"createdById":null,"updatedById":2,"admin_db":null}}},"key":"u5phrpskvkc","eventKey":"3916f700-c7fe-4e4f-a6c4-1b00d3aa625f","stack":null,"status":-2,"workflowId":231,"updatedAt":"2025-04-29T03:41:54.369Z","createdAt":"2025-04-29T03:41:54.139Z","output":null},"message":"execution (30710) finished with status: -2","timestamp":"2025-04-29 03:41:54"}
{"level":"info","message":"new event triggered, now events: 1","timestamp":"2025-04-29 04:30:53"}
{"level":"info","message":"preparing execution for event","timestamp":"2025-04-29 04:30:53"}
{"level":"info","message":"execution of workflow 231 created as 30720","timestamp":"2025-04-29 04:30:53"}
{"level":"info","message":"pending execution (30720) ready to process","timestamp":"2025-04-29 04:30:53"}
{"level":"info","message":"queueing execution (30720) from pending list updated to started","timestamp":"2025-04-29 04:30:53"}
{"level":"info","message":"execution (30720) starting...","timestamp":"2025-04-29 04:30:53"}
{"level":"info","message":"execution (30720) run instruction [query] for node (2791)","timestamp":"2025-04-29 04:30:53"}
{"level":"info","message":"execution (30720) run instruction [query] for node (2791) finished as status: 1","timestamp":"2025-04-29 04:30:53"}
{"level":"info","message":"execution (30720) run instruction [condition] for node (2792)","timestamp":"2025-04-29 04:30:53"}
{"level":"info","message":"execution (30720) run instruction [calculation] for node (2803)","timestamp":"2025-04-29 04:30:53"}
{"level":"info","message":"execution (30720) run instruction [calculation] for node (2803) finished as status: 1","timestamp":"2025-04-29 04:30:53"}
{"level":"info","message":"execution (30720) run instruction [calculation] for node (2799)","timestamp":"2025-04-29 04:30:53"}
{"level":"info","message":"execution (30720) run instruction [calculation] for node (2799) finished as status: 1","timestamp":"2025-04-29 04:30:53"}
{"level":"info","message":"execution (30720) run instruction [update] for node (2805)","timestamp":"2025-04-29 04:30:53"}
{"level":"info","message":"execution (30720) run instruction [update] for node (2805) finished as status: 1","timestamp":"2025-04-29 04:30:53"}
{"level":"info","message":"execution (30720) run instruction [update] for node (2794)","timestamp":"2025-04-29 04:30:53"}
{"level":"info","message":"execution (30720) run instruction [update] for node (2794) finished as status: 1","timestamp":"2025-04-29 04:30:53"}
{"level":"info","message":"execution (30720) run instruction [condition] for node (2792)","timestamp":"2025-04-29 04:30:53"}
{"level":"info","message":"execution (30720) run instruction [condition] for node (2792) finished as status: 1","timestamp":"2025-04-29 04:30:53"}
{"level":"info","message":"execution (30720) run instruction [query] for node (2796)","timestamp":"2025-04-29 04:30:53"}
{"level":"info","message":"execution (30720) run instruction [query] for node (2796) finished as status: 1","timestamp":"2025-04-29 04:30:53"}
{"level":"info","message":"execution (30720) run instruction [calculation] for node (2797)","timestamp":"2025-04-29 04:30:53"}
{"level":"info","message":"execution (30720) run instruction [calculation] for node (2797) finished as status: 1","timestamp":"2025-04-29 04:30:53"}
{"level":"info","message":"execution (30720) run instruction [update] for node (2798)","timestamp":"2025-04-29 04:30:53"}
{"level":"info","message":"execution (30720) run instruction [update] for node (2798) finished as status: 1","timestamp":"2025-04-29 04:30:53"}
{"level":"info","message":"execution (30720) exiting with status 1","timestamp":"2025-04-29 04:30:53"}
{"level":"info","message":"execution (30720) exiting with status 1","timestamp":"2025-04-29 04:30:53"}
{"level":"info","execution":{"id":30720,"context":{"data":{"createdAt":"2025-04-24T03:18:46.955Z","updatedAt":"2025-04-29T04:30:53.337Z","start_date":"2023-12-07T00:00:00.000Z","end_date":"2023-12-07T00:00:00.000Z","package_id":2,"discount":0,"month_convert":"2023/12","id":2,"total":400,"transport_fee":0,"payment_method":"Online Transfer","fee":400,"progress":1,"student_id":75,"payment_date":"2023-12-06","invoice_number":"1","salary_id":2,"commission":120,"done":true,"createdById":3,"updatedById":1,"createdBy":{"createdAt":"2025-04-02T02:52:35.125Z","updatedAt":"2025-04-25T23:25:00.603Z","nickname":"Felicia","username":"felicia","email":"t.xinyi98@gmail.com","phone":null,"password":"160dabe583514020485d260fddf382262c07b48beed0c55a1d405fbc13b131f7","passwordChangeTz":null,"appLang":"zh-CN","resetToken":null,"systemSettings":{},"sort":3,"id":3,"createdById":1,"updatedById":1,"admin_db":{"createdAt":"2025-04-22T03:20:04.564Z","updatedAt":"2025-04-22T14:48:12.935Z","users_id":3,"nickname":"Felicia","contact_number":null,"emergency_contact_name":null,"bank_name":null,"gender":null,"dob":null,"email":null,"emergency_contact_number":null,"name":"Tan Xin Yi","identity_card":null,"address":null,"start_date":null,"bank_account":null,"id":1,"createdById":1,"updatedById":3}}}},"key":"u5phrpskvkc","eventKey":"28c550b5-8bff-474a-802b-1ed1c2c56e59","stack":null,"status":1,"workflowId":231,"updatedAt":"2025-04-29T04:30:53.614Z","createdAt":"2025-04-29T04:30:53.380Z","output":null},"message":"execution (30720) finished with status: 1","timestamp":"2025-04-29 04:30:53"}
{"level":"info","message":"new event triggered, now events: 1","timestamp":"2025-04-29 04:32:31"}
{"level":"info","message":"preparing execution for event","timestamp":"2025-04-29 04:32:31"}
{"level":"info","message":"execution of workflow 231 created as 30721","timestamp":"2025-04-29 04:32:31"}
{"level":"info","message":"pending execution (30721) ready to process","timestamp":"2025-04-29 04:32:31"}
{"level":"info","message":"queueing execution (30721) from pending list updated to started","timestamp":"2025-04-29 04:32:31"}
{"level":"info","message":"execution (30721) starting...","timestamp":"2025-04-29 04:32:31"}
{"level":"info","message":"execution (30721) run instruction [query] for node (2791)","timestamp":"2025-04-29 04:32:31"}
{"level":"info","message":"execution (30721) run instruction [query] for node (2791) finished as status: 1","timestamp":"2025-04-29 04:32:31"}
{"level":"info","message":"execution (30721) run instruction [condition] for node (2792)","timestamp":"2025-04-29 04:32:31"}
{"level":"info","message":"execution (30721) run instruction [calculation] for node (2803)","timestamp":"2025-04-29 04:32:31"}
{"level":"info","message":"execution (30721) run instruction [calculation] for node (2803) finished as status: 1","timestamp":"2025-04-29 04:32:31"}
{"level":"info","message":"execution (30721) run instruction [calculation] for node (2799)","timestamp":"2025-04-29 04:32:31"}
{"level":"info","message":"execution (30721) run instruction [calculation] for node (2799) finished as status: 1","timestamp":"2025-04-29 04:32:31"}
{"level":"info","message":"execution (30721) run instruction [update] for node (2805)","timestamp":"2025-04-29 04:32:31"}
{"level":"info","message":"execution (30721) run instruction [update] for node (2805) finished as status: 1","timestamp":"2025-04-29 04:32:31"}
{"level":"info","message":"execution (30721) run instruction [update] for node (2794)","timestamp":"2025-04-29 04:32:31"}
{"level":"info","message":"execution (30721) run instruction [update] for node (2794) finished as status: 1","timestamp":"2025-04-29 04:32:31"}
{"level":"info","message":"execution (30721) run instruction [condition] for node (2792)","timestamp":"2025-04-29 04:32:31"}
{"level":"info","message":"execution (30721) run instruction [condition] for node (2792) finished as status: 1","timestamp":"2025-04-29 04:32:31"}
{"level":"info","message":"execution (30721) run instruction [query] for node (2796)","timestamp":"2025-04-29 04:32:31"}
{"level":"info","message":"execution (30721) run instruction [query] for node (2796) finished as status: 1","timestamp":"2025-04-29 04:32:31"}
{"level":"info","message":"execution (30721) run instruction [calculation] for node (2797)","timestamp":"2025-04-29 04:32:31"}
{"level":"info","message":"execution (30721) run instruction [calculation] for node (2797) finished as status: 1","timestamp":"2025-04-29 04:32:31"}
{"level":"info","message":"execution (30721) run instruction [update] for node (2798)","timestamp":"2025-04-29 04:32:31"}
{"level":"info","message":"execution (30721) run instruction [update] for node (2798) finished as status: 1","timestamp":"2025-04-29 04:32:31"}
{"level":"info","message":"execution (30721) exiting with status 1","timestamp":"2025-04-29 04:32:31"}
{"level":"info","message":"execution (30721) exiting with status 1","timestamp":"2025-04-29 04:32:31"}
{"level":"info","execution":{"id":30721,"context":{"data":{"createdAt":"2025-04-24T03:18:46.955Z","updatedAt":"2025-04-29T04:32:31.010Z","start_date":"2023-12-07T00:00:00.000Z","end_date":"2023-12-07T00:00:00.000Z","package_id":2,"discount":0,"month_convert":"2023/12","id":2,"total":400,"transport_fee":0,"payment_method":"Online Transfer","fee":400,"progress":1,"student_id":75,"payment_date":"2023-12-06","invoice_number":"","salary_id":2,"commission":120,"done":true,"createdById":3,"updatedById":1,"createdBy":{"createdAt":"2025-04-02T02:52:35.125Z","updatedAt":"2025-04-25T23:25:00.603Z","nickname":"Felicia","username":"felicia","email":"t.xinyi98@gmail.com","phone":null,"password":"160dabe583514020485d260fddf382262c07b48beed0c55a1d405fbc13b131f7","passwordChangeTz":null,"appLang":"zh-CN","resetToken":null,"systemSettings":{},"sort":3,"id":3,"createdById":1,"updatedById":1,"admin_db":{"createdAt":"2025-04-22T03:20:04.564Z","updatedAt":"2025-04-22T14:48:12.935Z","users_id":3,"nickname":"Felicia","contact_number":null,"emergency_contact_name":null,"bank_name":null,"gender":null,"dob":null,"email":null,"emergency_contact_number":null,"name":"Tan Xin Yi","identity_card":null,"address":null,"start_date":null,"bank_account":null,"id":1,"createdById":1,"updatedById":3}}}},"key":"u5phrpskvkc","eventKey":"6daa2342-80c4-4632-8d51-eb6320cb0311","stack":null,"status":1,"workflowId":231,"updatedAt":"2025-04-29T04:32:31.210Z","createdAt":"2025-04-29T04:32:31.029Z","output":null},"message":"execution (30721) finished with status: 1","timestamp":"2025-04-29 04:32:31"}
{"level":"info","message":"new event triggered, now events: 1","timestamp":"2025-04-29 06:06:02"}
{"level":"info","message":"preparing execution for event","timestamp":"2025-04-29 06:06:02"}
{"level":"info","message":"execution of workflow 231 created as 30722","timestamp":"2025-04-29 06:06:02"}
{"level":"info","message":"pending execution (30722) ready to process","timestamp":"2025-04-29 06:06:02"}
{"level":"info","message":"queueing execution (30722) from pending list updated to started","timestamp":"2025-04-29 06:06:02"}
{"level":"info","message":"execution (30722) starting...","timestamp":"2025-04-29 06:06:02"}
{"level":"info","message":"execution (30722) run instruction [query] for node (2791)","timestamp":"2025-04-29 06:06:02"}
{"level":"info","message":"execution (30722) run instruction [query] for node (2791) finished as status: 1","timestamp":"2025-04-29 06:06:02"}
{"level":"info","message":"execution (30722) run instruction [condition] for node (2792)","timestamp":"2025-04-29 06:06:02"}
{"level":"info","message":"execution (30722) run instruction [create] for node (2793)","timestamp":"2025-04-29 06:06:02"}
{"level":"info","message":"execution (30722) run instruction [create] for node (2793) finished as status: 1","timestamp":"2025-04-29 06:06:02"}
{"level":"info","message":"execution (30722) run instruction [calculation] for node (2804)","timestamp":"2025-04-29 06:06:02"}
{"level":"info","message":"execution (30722) run instruction [calculation] for node (2804) finished as status: 1","timestamp":"2025-04-29 06:06:02"}
{"level":"info","message":"execution (30722) run instruction [calculation] for node (2800)","timestamp":"2025-04-29 06:06:02"}
{"level":"info","message":"execution (30722) run instruction [calculation] for node (2800) finished as status: 1","timestamp":"2025-04-29 06:06:02"}
{"level":"info","message":"execution (30722) run instruction [update] for node (2806)","timestamp":"2025-04-29 06:06:02"}
{"level":"error","name":"SequelizeDatabaseError","parent":{"length":157,"name":"error","severity":"ERROR","code":"22P02","where":"unnamed portal parameter $2 = '...'","file":"numutils.c","line":"879","routine":"pg_strtoint64_safe","sql":"UPDATE \"public\".\"create_course\" SET \"commission\"=$1,\"salary_id\"=$2,\"updatedAt\"=$3 WHERE \"id\" IN (NULL)","parameters":[80,"[object Object]","2025-04-29 06:06:02.429 +00:00"]},"original":{"length":157,"name":"error","severity":"ERROR","code":"22P02","where":"unnamed portal parameter $2 = '...'","file":"numutils.c","line":"879","routine":"pg_strtoint64_safe","sql":"UPDATE \"public\".\"create_course\" SET \"commission\"=$1,\"salary_id\"=$2,\"updatedAt\"=$3 WHERE \"id\" IN (NULL)","parameters":[80,"[object Object]","2025-04-29 06:06:02.429 +00:00"]},"sql":"UPDATE \"public\".\"create_course\" SET \"commission\"=$1,\"salary_id\"=$2,\"updatedAt\"=$3 WHERE \"id\" IN (NULL)","parameters":[80,"[object Object]","2025-04-29 06:06:02.429 +00:00"],"message":"execution (30722) run instruction [update] for node (2806) failed:  invalid input syntax for type bigint: \"[object Object]\"","stack":"Error\n    at Query.run (/app/nocobase/node_modules/sequelize/lib/dialects/postgres/query.js:50:25)\n    at /app/nocobase/node_modules/sequelize/lib/sequelize.js:315:28\n    at process.processTicksAndRejections (node:internal/process/task_queues:95:5)\n    at async PostgresQueryInterface.bulkUpdate (/app/nocobase/node_modules/sequelize/lib/dialects/abstract/query-interface.js:366:12)\n    at async create_course.update (/app/nocobase/node_modules/sequelize/lib/model.js:2010:28)\n    at async _Repository.update (/app/nocobase/node_modules/@nocobase/database/lib/repository.js:402:24)\n    at async descriptor.value (/app/nocobase/node_modules/@nocobase/database/lib/decorators/transaction-decorator.js:84:29)\n    at async UpdateInstruction.run (/app/nocobase/node_modules/@nocobase/plugin-workflow/dist/server/instructions/UpdateInstruction.js:42:20)\n    at async Processor.exec (/app/nocobase/node_modules/@nocobase/plugin-workflow/dist/server/Processor.js:160:13)\n    at async ConditionInstruction.run (/app/nocobase/node_modules/@nocobase/plugin-workflow/dist/server/instructions/ConditionInstruction.js:77:5)\n    at async Processor.exec (/app/nocobase/node_modules/@nocobase/plugin-workflow/dist/server/Processor.js:160:13)\n    at async Processor.start (/app/nocobase/node_modules/@nocobase/plugin-workflow/dist/server/Processor.js:141:7)\n    at async PluginWorkflowServer.process (/app/nocobase/node_modules/@nocobase/plugin-workflow/dist/server/Plugin.js:602:7)\n    at async /app/nocobase/node_modules/@nocobase/plugin-workflow/dist/server/Plugin.js:579:9","timestamp":"2025-04-29 06:06:02"}
{"level":"info","message":"execution (30722) run instruction [update] for node (2806) finished as status: -2","timestamp":"2025-04-29 06:06:02"}
{"level":"info","message":"execution (30722) run instruction [condition] for node (2792)","timestamp":"2025-04-29 06:06:02"}
{"level":"info","message":"execution (30722) exiting with status -2","timestamp":"2025-04-29 06:06:02"}
{"level":"info","message":"execution (30722) exiting with status -2","timestamp":"2025-04-29 06:06:02"}
{"level":"info","message":"execution (30722) exiting with status -2","timestamp":"2025-04-29 06:06:02"}
{"level":"info","execution":{"id":30722,"context":{"data":{"createdAt":"2025-04-29T03:41:54.001Z","updatedAt":"2025-04-29T06:06:02.302Z","start_date":"2023-12-01T02:00:00.000Z","end_date":"2023-12-01T02:50:00.000Z","package_id":2,"discount":0,"month_convert":"2023/11","id":463,"total":400,"transport_fee":0,"payment_method":"Online Transfer","fee":400,"progress":1,"student_id":87,"payment_date":"2023-11-26","invoice_number":"","salary_id":1,"commission":120,"done":true,"createdById":1,"updatedById":1,"createdBy":{"createdAt":"2025-03-31T14:39:23.735Z","updatedAt":"2025-04-29T05:54:22.110Z","nickname":"Felix","username":"felix","email":"xmrxperfectx@gmail.com","phone":null,"password":"4bcb6c6d601c4959b54149bde2e8918e036e2596f461320d3968004404dd372c","passwordChangeTz":1743556989843,"appLang":"zh-CN","resetToken":null,"systemSettings":{"themeId":1},"sort":1,"id":1,"createdById":null,"updatedById":2,"admin_db":null}}},"key":"u5phrpskvkc","eventKey":"1252b64b-477c-402a-b332-411ba58a5126","stack":null,"status":-2,"workflowId":231,"updatedAt":"2025-04-29T06:06:02.447Z","createdAt":"2025-04-29T06:06:02.332Z","output":null},"message":"execution (30722) finished with status: -2","timestamp":"2025-04-29 06:06:02"}
{"level":"info","message":"new event triggered, now events: 1","timestamp":"2025-04-29 06:09:07"}
{"level":"info","message":"preparing execution for event","timestamp":"2025-04-29 06:09:07"}
{"level":"info","message":"execution of workflow 231 created as 30723","timestamp":"2025-04-29 06:09:07"}
{"level":"info","message":"pending execution (30723) ready to process","timestamp":"2025-04-29 06:09:07"}
{"level":"info","message":"queueing execution (30723) from pending list updated to started","timestamp":"2025-04-29 06:09:07"}
{"level":"info","message":"execution (30723) starting...","timestamp":"2025-04-29 06:09:07"}
{"level":"info","message":"execution (30723) run instruction [query] for node (2791)","timestamp":"2025-04-29 06:09:07"}
{"level":"info","message":"execution (30723) run instruction [query] for node (2791) finished as status: 1","timestamp":"2025-04-29 06:09:07"}
{"level":"info","message":"execution (30723) run instruction [condition] for node (2792)","timestamp":"2025-04-29 06:09:07"}
{"level":"info","message":"execution (30723) run instruction [calculation] for node (2803)","timestamp":"2025-04-29 06:09:07"}
{"level":"info","message":"execution (30723) run instruction [calculation] for node (2803) finished as status: 1","timestamp":"2025-04-29 06:09:07"}
{"level":"info","message":"execution (30723) run instruction [calculation] for node (2799)","timestamp":"2025-04-29 06:09:07"}
{"level":"info","message":"execution (30723) run instruction [calculation] for node (2799) finished as status: 1","timestamp":"2025-04-29 06:09:07"}
{"level":"info","message":"execution (30723) run instruction [update] for node (2805)","timestamp":"2025-04-29 06:09:07"}
{"level":"info","message":"execution (30723) run instruction [update] for node (2805) finished as status: 1","timestamp":"2025-04-29 06:09:07"}
{"level":"info","message":"execution (30723) run instruction [update] for node (2794)","timestamp":"2025-04-29 06:09:07"}
{"level":"info","message":"execution (30723) run instruction [update] for node (2794) finished as status: 1","timestamp":"2025-04-29 06:09:07"}
{"level":"info","message":"execution (30723) run instruction [condition] for node (2792)","timestamp":"2025-04-29 06:09:07"}
{"level":"info","message":"execution (30723) run instruction [condition] for node (2792) finished as status: 1","timestamp":"2025-04-29 06:09:07"}
{"level":"info","message":"execution (30723) run instruction [query] for node (2796)","timestamp":"2025-04-29 06:09:07"}
{"level":"info","message":"execution (30723) run instruction [query] for node (2796) finished as status: 1","timestamp":"2025-04-29 06:09:07"}
{"level":"info","message":"execution (30723) run instruction [calculation] for node (2797)","timestamp":"2025-04-29 06:09:07"}
{"level":"info","message":"execution (30723) run instruction [calculation] for node (2797) finished as status: 1","timestamp":"2025-04-29 06:09:07"}
{"level":"info","message":"execution (30723) run instruction [update] for node (2798)","timestamp":"2025-04-29 06:09:07"}
{"level":"info","message":"execution (30723) run instruction [update] for node (2798) finished as status: 1","timestamp":"2025-04-29 06:09:07"}
{"level":"info","message":"execution (30723) exiting with status 1","timestamp":"2025-04-29 06:09:07"}
{"level":"info","message":"execution (30723) exiting with status 1","timestamp":"2025-04-29 06:09:07"}
{"level":"info","execution":{"id":30723,"context":{"data":{"createdAt":"2025-04-24T03:18:47.163Z","updatedAt":"2025-04-29T06:09:07.367Z","start_date":"2024-01-31T00:00:00.000Z","end_date":"2024-01-31T00:50:00.000Z","package_id":2,"discount":0,"month_convert":"2024/1","id":25,"total":100,"transport_fee":0,"payment_method":"Online Transfer","fee":100,"progress":1,"student_id":75,"payment_date":"2024-01-30","invoice_number":null,"salary_id":3,"commission":30,"done":true,"createdById":3,"updatedById":1,"createdBy":{"createdAt":"2025-04-02T02:52:35.125Z","updatedAt":"2025-04-25T23:25:00.603Z","nickname":"Felicia","username":"felicia","email":"t.xinyi98@gmail.com","phone":null,"password":"160dabe583514020485d260fddf382262c07b48beed0c55a1d405fbc13b131f7","passwordChangeTz":null,"appLang":"zh-CN","resetToken":null,"systemSettings":{},"sort":3,"id":3,"createdById":1,"updatedById":1,"admin_db":{"createdAt":"2025-04-22T03:20:04.564Z","updatedAt":"2025-04-22T14:48:12.935Z","users_id":3,"nickname":"Felicia","contact_number":null,"emergency_contact_name":null,"bank_name":null,"gender":null,"dob":null,"email":null,"emergency_contact_number":null,"name":"Tan Xin Yi","identity_card":null,"address":null,"start_date":null,"bank_account":null,"id":1,"createdById":1,"updatedById":3}}}},"key":"u5phrpskvkc","eventKey":"199a31b6-b1f0-42be-9bdb-0e2ee2f79f6d","stack":null,"status":1,"workflowId":231,"updatedAt":"2025-04-29T06:09:07.497Z","createdAt":"2025-04-29T06:09:07.394Z","output":null},"message":"execution (30723) finished with status: 1","timestamp":"2025-04-29 06:09:07"}
{"level":"info","message":"new event triggered, now events: 1","timestamp":"2025-04-29 06:45:28"}
{"level":"info","message":"preparing execution for event","timestamp":"2025-04-29 06:45:28"}
{"level":"info","message":"execution of workflow 231 created as 30724","timestamp":"2025-04-29 06:45:28"}
{"level":"info","message":"pending execution (30724) ready to process","timestamp":"2025-04-29 06:45:28"}
{"level":"info","message":"queueing execution (30724) from pending list updated to started","timestamp":"2025-04-29 06:45:28"}
{"level":"info","message":"execution (30724) starting...","timestamp":"2025-04-29 06:45:28"}
{"level":"info","message":"execution (30724) run instruction [query] for node (2791)","timestamp":"2025-04-29 06:45:28"}
{"level":"info","message":"execution (30724) run instruction [query] for node (2791) finished as status: 1","timestamp":"2025-04-29 06:45:28"}
{"level":"info","message":"execution (30724) run instruction [condition] for node (2792)","timestamp":"2025-04-29 06:45:28"}
{"level":"info","message":"execution (30724) run instruction [calculation] for node (2803)","timestamp":"2025-04-29 06:45:28"}
{"level":"info","message":"execution (30724) run instruction [calculation] for node (2803) finished as status: 1","timestamp":"2025-04-29 06:45:28"}
{"level":"info","message":"execution (30724) run instruction [calculation] for node (2799)","timestamp":"2025-04-29 06:45:28"}
{"level":"info","message":"execution (30724) run instruction [calculation] for node (2799) finished as status: 1","timestamp":"2025-04-29 06:45:28"}
{"level":"info","message":"execution (30724) run instruction [update] for node (2805)","timestamp":"2025-04-29 06:45:28"}
{"level":"info","message":"execution (30724) run instruction [update] for node (2805) finished as status: 1","timestamp":"2025-04-29 06:45:28"}
{"level":"info","message":"execution (30724) run instruction [update] for node (2794)","timestamp":"2025-04-29 06:45:28"}
{"level":"info","message":"execution (30724) run instruction [update] for node (2794) finished as status: 1","timestamp":"2025-04-29 06:45:28"}
{"level":"info","message":"execution (30724) run instruction [condition] for node (2792)","timestamp":"2025-04-29 06:45:28"}
{"level":"info","message":"execution (30724) run instruction [condition] for node (2792) finished as status: 1","timestamp":"2025-04-29 06:45:28"}
{"level":"info","message":"execution (30724) run instruction [query] for node (2796)","timestamp":"2025-04-29 06:45:28"}
{"level":"info","message":"execution (30724) run instruction [query] for node (2796) finished as status: 1","timestamp":"2025-04-29 06:45:28"}
{"level":"info","message":"execution (30724) run instruction [calculation] for node (2797)","timestamp":"2025-04-29 06:45:28"}
{"level":"info","message":"execution (30724) run instruction [calculation] for node (2797) finished as status: 1","timestamp":"2025-04-29 06:45:28"}
{"level":"info","message":"execution (30724) run instruction [update] for node (2798)","timestamp":"2025-04-29 06:45:28"}
{"level":"info","message":"execution (30724) run instruction [update] for node (2798) finished as status: 1","timestamp":"2025-04-29 06:45:28"}
{"level":"info","message":"execution (30724) exiting with status 1","timestamp":"2025-04-29 06:45:28"}
{"level":"info","message":"execution (30724) exiting with status 1","timestamp":"2025-04-29 06:45:28"}
{"level":"info","execution":{"id":30724,"context":{"data":{"createdAt":"2025-04-24T03:18:50.542Z","updatedAt":"2025-04-29T06:45:28.310Z","start_date":"2025-02-06T10:00:00.000Z","end_date":"2025-02-06T10:50:00.000Z","package_id":18,"discount":0,"month_convert":"2025/2","id":402,"total":850,"transport_fee":100,"payment_method":"Online Transfer","fee":750,"progress":1,"student_id":25,"payment_date":"2025-02-03","invoice_number":"INV250203-0334","salary_id":16,"commission":225,"done":true,"createdById":3,"updatedById":1,"createdBy":{"createdAt":"2025-04-02T02:52:35.125Z","updatedAt":"2025-04-25T23:25:00.603Z","nickname":"Felicia","username":"felicia","email":"t.xinyi98@gmail.com","phone":null,"password":"160dabe583514020485d260fddf382262c07b48beed0c55a1d405fbc13b131f7","passwordChangeTz":null,"appLang":"zh-CN","resetToken":null,"systemSettings":{},"sort":3,"id":3,"createdById":1,"updatedById":1,"admin_db":{"createdAt":"2025-04-22T03:20:04.564Z","updatedAt":"2025-04-22T14:48:12.935Z","users_id":3,"nickname":"Felicia","contact_number":null,"emergency_contact_name":null,"bank_name":null,"gender":null,"dob":null,"email":null,"emergency_contact_number":null,"name":"Tan Xin Yi","identity_card":null,"address":null,"start_date":null,"bank_account":null,"id":1,"createdById":1,"updatedById":3}}}},"key":"u5phrpskvkc","eventKey":"50d6cbf0-a435-41d2-9c00-ab265915218d","stack":null,"status":1,"workflowId":231,"updatedAt":"2025-04-29T06:45:28.548Z","createdAt":"2025-04-29T06:45:28.352Z","output":null},"message":"execution (30724) finished with status: 1","timestamp":"2025-04-29 06:45:28"}
{"level":"info","message":"new event triggered, now events: 1","timestamp":"2025-04-29 06:46:03"}
{"level":"info","message":"preparing execution for event","timestamp":"2025-04-29 06:46:03"}
{"level":"info","message":"execution of workflow 231 created as 30725","timestamp":"2025-04-29 06:46:03"}
{"level":"info","message":"pending execution (30725) ready to process","timestamp":"2025-04-29 06:46:03"}
{"level":"info","message":"queueing execution (30725) from pending list updated to started","timestamp":"2025-04-29 06:46:03"}
{"level":"info","message":"execution (30725) starting...","timestamp":"2025-04-29 06:46:03"}
{"level":"info","message":"execution (30725) run instruction [query] for node (2791)","timestamp":"2025-04-29 06:46:03"}
{"level":"info","message":"execution (30725) run instruction [query] for node (2791) finished as status: 1","timestamp":"2025-04-29 06:46:03"}
{"level":"info","message":"execution (30725) run instruction [condition] for node (2792)","timestamp":"2025-04-29 06:46:03"}
{"level":"info","message":"execution (30725) run instruction [calculation] for node (2803)","timestamp":"2025-04-29 06:46:03"}
{"level":"info","message":"execution (30725) run instruction [calculation] for node (2803) finished as status: 1","timestamp":"2025-04-29 06:46:03"}
{"level":"info","message":"execution (30725) run instruction [calculation] for node (2799)","timestamp":"2025-04-29 06:46:03"}
{"level":"info","message":"execution (30725) run instruction [calculation] for node (2799) finished as status: 1","timestamp":"2025-04-29 06:46:03"}
{"level":"info","message":"execution (30725) run instruction [update] for node (2805)","timestamp":"2025-04-29 06:46:03"}
{"level":"info","message":"execution (30725) run instruction [update] for node (2805) finished as status: 1","timestamp":"2025-04-29 06:46:03"}
{"level":"info","message":"execution (30725) run instruction [update] for node (2794)","timestamp":"2025-04-29 06:46:03"}
{"level":"info","message":"execution (30725) run instruction [update] for node (2794) finished as status: 1","timestamp":"2025-04-29 06:46:03"}
{"level":"info","message":"execution (30725) run instruction [condition] for node (2792)","timestamp":"2025-04-29 06:46:03"}
{"level":"info","message":"execution (30725) run instruction [condition] for node (2792) finished as status: 1","timestamp":"2025-04-29 06:46:03"}
{"level":"info","message":"execution (30725) run instruction [query] for node (2796)","timestamp":"2025-04-29 06:46:03"}
{"level":"info","message":"execution (30725) run instruction [query] for node (2796) finished as status: 1","timestamp":"2025-04-29 06:46:03"}
{"level":"info","message":"execution (30725) run instruction [calculation] for node (2797)","timestamp":"2025-04-29 06:46:03"}
{"level":"info","message":"execution (30725) run instruction [calculation] for node (2797) finished as status: 1","timestamp":"2025-04-29 06:46:03"}
{"level":"info","message":"execution (30725) run instruction [update] for node (2798)","timestamp":"2025-04-29 06:46:03"}
{"level":"info","message":"execution (30725) run instruction [update] for node (2798) finished as status: 1","timestamp":"2025-04-29 06:46:03"}
{"level":"info","message":"execution (30725) exiting with status 1","timestamp":"2025-04-29 06:46:03"}
{"level":"info","message":"execution (30725) exiting with status 1","timestamp":"2025-04-29 06:46:03"}
{"level":"info","execution":{"id":30725,"context":{"data":{"createdAt":"2025-04-24T03:18:50.542Z","updatedAt":"2025-04-29T06:46:03.281Z","start_date":"2025-02-06T10:00:00.000Z","end_date":"2025-02-06T10:50:00.000Z","package_id":18,"discount":0,"month_convert":"2025/2","id":402,"total":850,"transport_fee":100,"payment_method":"Online Transfer","fee":750,"progress":1,"student_id":25,"payment_date":"2025-02-03","invoice_number":"INV250203-0334","salary_id":16,"commission":225,"done":false,"createdById":3,"updatedById":1,"createdBy":{"createdAt":"2025-04-02T02:52:35.125Z","updatedAt":"2025-04-25T23:25:00.603Z","nickname":"Felicia","username":"felicia","email":"t.xinyi98@gmail.com","phone":null,"password":"160dabe583514020485d260fddf382262c07b48beed0c55a1d405fbc13b131f7","passwordChangeTz":null,"appLang":"zh-CN","resetToken":null,"systemSettings":{},"sort":3,"id":3,"createdById":1,"updatedById":1,"admin_db":{"createdAt":"2025-04-22T03:20:04.564Z","updatedAt":"2025-04-22T14:48:12.935Z","users_id":3,"nickname":"Felicia","contact_number":null,"emergency_contact_name":null,"bank_name":null,"gender":null,"dob":null,"email":null,"emergency_contact_number":null,"name":"Tan Xin Yi","identity_card":null,"address":null,"start_date":null,"bank_account":null,"id":1,"createdById":1,"updatedById":3}}}},"key":"u5phrpskvkc","eventKey":"8a4ab1d3-204e-44e7-a5d6-0959bf7ba37f","stack":null,"status":1,"workflowId":231,"updatedAt":"2025-04-29T06:46:03.492Z","createdAt":"2025-04-29T06:46:03.312Z","output":null},"message":"execution (30725) finished with status: 1","timestamp":"2025-04-29 06:46:03"}
{"level":"info","message":"new event triggered, now events: 1","timestamp":"2025-04-29 06:51:40"}
{"level":"info","message":"preparing execution for event","timestamp":"2025-04-29 06:51:40"}
{"level":"info","message":"execution of workflow 231 created as 30726","timestamp":"2025-04-29 06:51:40"}
{"level":"info","message":"pending execution (30726) ready to process","timestamp":"2025-04-29 06:51:40"}
{"level":"info","message":"queueing execution (30726) from pending list updated to started","timestamp":"2025-04-29 06:51:40"}
{"level":"info","message":"execution (30726) starting...","timestamp":"2025-04-29 06:51:40"}
{"level":"info","message":"execution (30726) run instruction [query] for node (2791)","timestamp":"2025-04-29 06:51:40"}
{"level":"info","message":"execution (30726) run instruction [query] for node (2791) finished as status: 1","timestamp":"2025-04-29 06:51:40"}
{"level":"info","message":"execution (30726) run instruction [condition] for node (2792)","timestamp":"2025-04-29 06:51:40"}
{"level":"info","message":"execution (30726) run instruction [calculation] for node (2803)","timestamp":"2025-04-29 06:51:40"}
{"level":"info","message":"execution (30726) run instruction [calculation] for node (2803) finished as status: 1","timestamp":"2025-04-29 06:51:40"}
{"level":"info","message":"execution (30726) run instruction [calculation] for node (2799)","timestamp":"2025-04-29 06:51:40"}
{"level":"info","message":"execution (30726) run instruction [calculation] for node (2799) finished as status: 1","timestamp":"2025-04-29 06:51:40"}
{"level":"info","message":"execution (30726) run instruction [update] for node (2805)","timestamp":"2025-04-29 06:51:40"}
{"level":"info","message":"execution (30726) run instruction [update] for node (2805) finished as status: 1","timestamp":"2025-04-29 06:51:40"}
{"level":"info","message":"execution (30726) run instruction [update] for node (2794)","timestamp":"2025-04-29 06:51:40"}
{"level":"info","message":"execution (30726) run instruction [update] for node (2794) finished as status: 1","timestamp":"2025-04-29 06:51:40"}
{"level":"info","message":"execution (30726) run instruction [condition] for node (2792)","timestamp":"2025-04-29 06:51:40"}
{"level":"info","message":"execution (30726) run instruction [condition] for node (2792) finished as status: 1","timestamp":"2025-04-29 06:51:40"}
{"level":"info","message":"execution (30726) run instruction [query] for node (2796)","timestamp":"2025-04-29 06:51:40"}
{"level":"info","message":"execution (30726) run instruction [query] for node (2796) finished as status: 1","timestamp":"2025-04-29 06:51:40"}
{"level":"info","message":"execution (30726) run instruction [calculation] for node (2797)","timestamp":"2025-04-29 06:51:40"}
{"level":"info","message":"execution (30726) run instruction [calculation] for node (2797) finished as status: 1","timestamp":"2025-04-29 06:51:40"}
{"level":"info","message":"execution (30726) run instruction [update] for node (2798)","timestamp":"2025-04-29 06:51:40"}
{"level":"info","message":"execution (30726) run instruction [update] for node (2798) finished as status: 1","timestamp":"2025-04-29 06:51:40"}
{"level":"info","message":"execution (30726) exiting with status 1","timestamp":"2025-04-29 06:51:40"}
{"level":"info","message":"execution (30726) exiting with status 1","timestamp":"2025-04-29 06:51:40"}
{"level":"info","execution":{"id":30726,"context":{"data":{"createdAt":"2025-04-24T03:18:50.542Z","updatedAt":"2025-04-29T06:51:40.135Z","start_date":"2025-02-06T10:00:00.000Z","end_date":"2025-02-06T10:50:00.000Z","package_id":18,"discount":0,"month_convert":"2025/2","id":402,"total":850,"transport_fee":100,"payment_method":"Online Transfer","fee":750,"progress":1,"student_id":25,"payment_date":"2025-02-03","invoice_number":"INV250203-0334","salary_id":16,"commission":225,"done":true,"createdById":3,"updatedById":1,"createdBy":{"createdAt":"2025-04-02T02:52:35.125Z","updatedAt":"2025-04-25T23:25:00.603Z","nickname":"Felicia","username":"felicia","email":"t.xinyi98@gmail.com","phone":null,"password":"160dabe583514020485d260fddf382262c07b48beed0c55a1d405fbc13b131f7","passwordChangeTz":null,"appLang":"zh-CN","resetToken":null,"systemSettings":{},"sort":3,"id":3,"createdById":1,"updatedById":1,"admin_db":{"createdAt":"2025-04-22T03:20:04.564Z","updatedAt":"2025-04-22T14:48:12.935Z","users_id":3,"nickname":"Felicia","contact_number":null,"emergency_contact_name":null,"bank_name":null,"gender":null,"dob":null,"email":null,"emergency_contact_number":null,"name":"Tan Xin Yi","identity_card":null,"address":null,"start_date":null,"bank_account":null,"id":1,"createdById":1,"updatedById":3}}}},"key":"u5phrpskvkc","eventKey":"501290b4-8824-4889-917f-22311b5b9622","stack":null,"status":1,"workflowId":231,"updatedAt":"2025-04-29T06:51:40.303Z","createdAt":"2025-04-29T06:51:40.158Z","output":null},"message":"execution (30726) finished with status: 1","timestamp":"2025-04-29 06:51:40"}
{"level":"info","message":"new event triggered, now events: 1","timestamp":"2025-04-29 06:52:18"}
{"level":"info","message":"preparing execution for event","timestamp":"2025-04-29 06:52:18"}
{"level":"info","message":"execution of workflow 231 created as 30727","timestamp":"2025-04-29 06:52:18"}
{"level":"info","message":"pending execution (30727) ready to process","timestamp":"2025-04-29 06:52:18"}
{"level":"info","message":"queueing execution (30727) from pending list updated to started","timestamp":"2025-04-29 06:52:18"}
{"level":"info","message":"execution (30727) starting...","timestamp":"2025-04-29 06:52:18"}
{"level":"info","message":"execution (30727) run instruction [query] for node (2791)","timestamp":"2025-04-29 06:52:18"}
{"level":"info","message":"execution (30727) run instruction [query] for node (2791) finished as status: 1","timestamp":"2025-04-29 06:52:18"}
{"level":"info","message":"execution (30727) run instruction [condition] for node (2792)","timestamp":"2025-04-29 06:52:18"}
{"level":"info","message":"execution (30727) run instruction [calculation] for node (2803)","timestamp":"2025-04-29 06:52:18"}
{"level":"info","message":"execution (30727) run instruction [calculation] for node (2803) finished as status: 1","timestamp":"2025-04-29 06:52:18"}
{"level":"info","message":"execution (30727) run instruction [calculation] for node (2799)","timestamp":"2025-04-29 06:52:18"}
{"level":"info","message":"execution (30727) run instruction [calculation] for node (2799) finished as status: 1","timestamp":"2025-04-29 06:52:18"}
{"level":"info","message":"execution (30727) run instruction [update] for node (2805)","timestamp":"2025-04-29 06:52:18"}
{"level":"info","message":"execution (30727) run instruction [update] for node (2805) finished as status: 1","timestamp":"2025-04-29 06:52:18"}
{"level":"info","message":"execution (30727) run instruction [update] for node (2794)","timestamp":"2025-04-29 06:52:18"}
{"level":"info","message":"execution (30727) run instruction [update] for node (2794) finished as status: 1","timestamp":"2025-04-29 06:52:18"}
{"level":"info","message":"execution (30727) run instruction [condition] for node (2792)","timestamp":"2025-04-29 06:52:18"}
{"level":"info","message":"execution (30727) run instruction [condition] for node (2792) finished as status: 1","timestamp":"2025-04-29 06:52:18"}
{"level":"info","message":"execution (30727) run instruction [query] for node (2796)","timestamp":"2025-04-29 06:52:18"}
{"level":"info","message":"execution (30727) run instruction [query] for node (2796) finished as status: 1","timestamp":"2025-04-29 06:52:18"}
{"level":"info","message":"execution (30727) run instruction [calculation] for node (2797)","timestamp":"2025-04-29 06:52:18"}
{"level":"info","message":"execution (30727) run instruction [calculation] for node (2797) finished as status: 1","timestamp":"2025-04-29 06:52:18"}
{"level":"info","message":"execution (30727) run instruction [update] for node (2798)","timestamp":"2025-04-29 06:52:18"}
{"level":"info","message":"execution (30727) run instruction [update] for node (2798) finished as status: 1","timestamp":"2025-04-29 06:52:18"}
{"level":"info","message":"execution (30727) exiting with status 1","timestamp":"2025-04-29 06:52:18"}
{"level":"info","message":"execution (30727) exiting with status 1","timestamp":"2025-04-29 06:52:18"}
{"level":"info","execution":{"id":30727,"context":{"data":{"createdAt":"2025-04-24T03:18:50.542Z","updatedAt":"2025-04-29T06:52:18.271Z","start_date":"2025-02-06T10:00:00.000Z","end_date":"2025-02-06T10:50:00.000Z","package_id":18,"discount":0,"month_convert":"2025/2","id":402,"total":850,"transport_fee":100,"payment_method":"Online Transfer","fee":750,"progress":1,"student_id":25,"payment_date":"2025-02-03","invoice_number":"INV250203-0334","salary_id":16,"commission":225,"done":false,"createdById":3,"updatedById":3,"createdBy":{"createdAt":"2025-04-02T02:52:35.125Z","updatedAt":"2025-04-25T23:25:00.603Z","nickname":"Felicia","username":"felicia","email":"t.xinyi98@gmail.com","phone":null,"password":"160dabe583514020485d260fddf382262c07b48beed0c55a1d405fbc13b131f7","passwordChangeTz":null,"appLang":"zh-CN","resetToken":null,"systemSettings":{},"sort":3,"id":3,"createdById":1,"updatedById":1,"admin_db":{"createdAt":"2025-04-22T03:20:04.564Z","updatedAt":"2025-04-22T14:48:12.935Z","users_id":3,"nickname":"Felicia","contact_number":null,"emergency_contact_name":null,"bank_name":null,"gender":null,"dob":null,"email":null,"emergency_contact_number":null,"name":"Tan Xin Yi","identity_card":null,"address":null,"start_date":null,"bank_account":null,"id":1,"createdById":1,"updatedById":3}}}},"key":"u5phrpskvkc","eventKey":"28350c21-7e4b-4773-a694-888846ba827d","stack":null,"status":1,"workflowId":231,"updatedAt":"2025-04-29T06:52:18.426Z","createdAt":"2025-04-29T06:52:18.296Z","output":null},"message":"execution (30727) finished with status: 1","timestamp":"2025-04-29 06:52:18"}
{"level":"info","message":"new event triggered, now events: 1","timestamp":"2025-04-29 15:22:04"}
{"level":"info","message":"preparing execution for event","timestamp":"2025-04-29 15:22:04"}
{"level":"info","message":"execution of workflow 231 created as 30761","timestamp":"2025-04-29 15:22:04"}
{"level":"info","message":"pending execution (30761) ready to process","timestamp":"2025-04-29 15:22:04"}
{"level":"info","message":"queueing execution (30761) from pending list updated to started","timestamp":"2025-04-29 15:22:04"}
{"level":"info","message":"execution (30761) starting...","timestamp":"2025-04-29 15:22:04"}
{"level":"info","message":"execution (30761) run instruction [query] for node (2791)","timestamp":"2025-04-29 15:22:04"}
{"level":"info","message":"execution (30761) run instruction [query] for node (2791) finished as status: 1","timestamp":"2025-04-29 15:22:04"}
{"level":"info","message":"execution (30761) run instruction [condition] for node (2792)","timestamp":"2025-04-29 15:22:04"}
{"level":"info","message":"execution (30761) run instruction [create] for node (2793)","timestamp":"2025-04-29 15:22:04"}
{"level":"info","message":"execution (30761) run instruction [create] for node (2793) finished as status: 1","timestamp":"2025-04-29 15:22:04"}
{"level":"info","message":"execution (30761) run instruction [calculation] for node (2804)","timestamp":"2025-04-29 15:22:04"}
{"level":"info","message":"execution (30761) run instruction [calculation] for node (2804) finished as status: 1","timestamp":"2025-04-29 15:22:04"}
{"level":"info","message":"execution (30761) run instruction [calculation] for node (2800)","timestamp":"2025-04-29 15:22:04"}
{"level":"info","message":"execution (30761) run instruction [calculation] for node (2800) finished as status: 1","timestamp":"2025-04-29 15:22:04"}
{"level":"info","message":"execution (30761) run instruction [update] for node (2806)","timestamp":"2025-04-29 15:22:04"}
{"level":"error","name":"SequelizeDatabaseError","parent":{"length":157,"name":"error","severity":"ERROR","code":"22P02","where":"unnamed portal parameter $2 = '...'","file":"numutils.c","line":"879","routine":"pg_strtoint64_safe","sql":"UPDATE \"public\".\"create_course\" SET \"commission\"=$1,\"salary_id\"=$2,\"updatedAt\"=$3 WHERE \"id\" IN (NULL)","parameters":[80,"[object Object]","2025-04-29 15:22:04.531 +00:00"]},"original":{"length":157,"name":"error","severity":"ERROR","code":"22P02","where":"unnamed portal parameter $2 = '...'","file":"numutils.c","line":"879","routine":"pg_strtoint64_safe","sql":"UPDATE \"public\".\"create_course\" SET \"commission\"=$1,\"salary_id\"=$2,\"updatedAt\"=$3 WHERE \"id\" IN (NULL)","parameters":[80,"[object Object]","2025-04-29 15:22:04.531 +00:00"]},"sql":"UPDATE \"public\".\"create_course\" SET \"commission\"=$1,\"salary_id\"=$2,\"updatedAt\"=$3 WHERE \"id\" IN (NULL)","parameters":[80,"[object Object]","2025-04-29 15:22:04.531 +00:00"],"message":"execution (30761) run instruction [update] for node (2806) failed:  invalid input syntax for type bigint: \"[object Object]\"","stack":"Error\n    at Query.run (/app/nocobase/node_modules/sequelize/lib/dialects/postgres/query.js:50:25)\n    at /app/nocobase/node_modules/sequelize/lib/sequelize.js:315:28\n    at process.processTicksAndRejections (node:internal/process/task_queues:95:5)\n    at async PostgresQueryInterface.bulkUpdate (/app/nocobase/node_modules/sequelize/lib/dialects/abstract/query-interface.js:366:12)\n    at async create_course.update (/app/nocobase/node_modules/sequelize/lib/model.js:2010:28)\n    at async _Repository.update (/app/nocobase/node_modules/@nocobase/database/lib/repository.js:402:24)\n    at async descriptor.value (/app/nocobase/node_modules/@nocobase/database/lib/decorators/transaction-decorator.js:84:29)\n    at async UpdateInstruction.run (/app/nocobase/node_modules/@nocobase/plugin-workflow/dist/server/instructions/UpdateInstruction.js:42:20)\n    at async Processor.exec (/app/nocobase/node_modules/@nocobase/plugin-workflow/dist/server/Processor.js:160:13)\n    at async ConditionInstruction.run (/app/nocobase/node_modules/@nocobase/plugin-workflow/dist/server/instructions/ConditionInstruction.js:77:5)\n    at async Processor.exec (/app/nocobase/node_modules/@nocobase/plugin-workflow/dist/server/Processor.js:160:13)\n    at async Processor.start (/app/nocobase/node_modules/@nocobase/plugin-workflow/dist/server/Processor.js:141:7)\n    at async PluginWorkflowServer.process (/app/nocobase/node_modules/@nocobase/plugin-workflow/dist/server/Plugin.js:602:7)\n    at async /app/nocobase/node_modules/@nocobase/plugin-workflow/dist/server/Plugin.js:579:9","timestamp":"2025-04-29 15:22:04"}
{"level":"info","message":"execution (30761) run instruction [update] for node (2806) finished as status: -2","timestamp":"2025-04-29 15:22:04"}
{"level":"info","message":"execution (30761) run instruction [condition] for node (2792)","timestamp":"2025-04-29 15:22:04"}
{"level":"info","message":"execution (30761) exiting with status -2","timestamp":"2025-04-29 15:22:04"}
{"level":"info","message":"execution (30761) exiting with status -2","timestamp":"2025-04-29 15:22:04"}
{"level":"info","message":"execution (30761) exiting with status -2","timestamp":"2025-04-29 15:22:04"}
{"level":"info","execution":{"id":30761,"context":{"data":{"createdAt":"2025-04-29T15:22:04.273Z","updatedAt":"2025-04-29T15:22:04.273Z","start_date":"2023-12-07T00:00:00.000Z","end_date":"2023-12-07T00:00:00.000Z","package_id":2,"discount":0,"month_convert":null,"id":464,"total":400,"transport_fee":0,"payment_method":"Online Transfer","fee":400,"progress":1,"student_id":75,"payment_date":"2023-12-06","invoice_number":"1","salary_id":null,"commission":120,"done":null,"createdById":1,"updatedById":1,"createdBy":{"createdAt":"2025-03-31T14:39:23.735Z","updatedAt":"2025-04-29T14:20:56.082Z","nickname":"Felix","username":"felix","email":"xmrxperfectx@gmail.com","phone":null,"password":"4bcb6c6d601c4959b54149bde2e8918e036e2596f461320d3968004404dd372c","passwordChangeTz":1743556989843,"appLang":"zh-CN","resetToken":null,"systemSettings":{"themeId":1},"sort":1,"id":1,"createdById":null,"updatedById":1,"admin_db":null}}},"key":"u5phrpskvkc","eventKey":"39ab2614-7de3-450f-a144-1db348bb9491","stack":null,"status":-2,"workflowId":231,"updatedAt":"2025-04-29T15:22:04.544Z","createdAt":"2025-04-29T15:22:04.380Z","output":null},"message":"execution (30761) finished with status: -2","timestamp":"2025-04-29 15:22:04"}
{"level":"info","message":"new event triggered, now events: 1","timestamp":"2025-04-29 15:22:19"}
{"level":"info","message":"preparing execution for event","timestamp":"2025-04-29 15:22:19"}
{"level":"info","message":"execution of workflow 231 created as 30762","timestamp":"2025-04-29 15:22:19"}
{"level":"info","message":"pending execution (30762) ready to process","timestamp":"2025-04-29 15:22:19"}
{"level":"info","message":"queueing execution (30762) from pending list updated to started","timestamp":"2025-04-29 15:22:19"}
{"level":"info","message":"execution (30762) starting...","timestamp":"2025-04-29 15:22:19"}
{"level":"info","message":"execution (30762) run instruction [query] for node (2791)","timestamp":"2025-04-29 15:22:19"}
{"level":"info","message":"execution (30762) run instruction [query] for node (2791) finished as status: 1","timestamp":"2025-04-29 15:22:19"}
{"level":"info","message":"execution (30762) run instruction [condition] for node (2792)","timestamp":"2025-04-29 15:22:19"}
{"level":"info","message":"execution (30762) run instruction [create] for node (2793)","timestamp":"2025-04-29 15:22:19"}
{"level":"info","message":"execution (30762) run instruction [create] for node (2793) finished as status: 1","timestamp":"2025-04-29 15:22:19"}
{"level":"info","message":"execution (30762) run instruction [calculation] for node (2804)","timestamp":"2025-04-29 15:22:19"}
{"level":"info","message":"execution (30762) run instruction [calculation] for node (2804) finished as status: 1","timestamp":"2025-04-29 15:22:19"}
{"level":"info","message":"execution (30762) run instruction [calculation] for node (2800)","timestamp":"2025-04-29 15:22:19"}
{"level":"info","message":"execution (30762) run instruction [calculation] for node (2800) finished as status: 1","timestamp":"2025-04-29 15:22:19"}
{"level":"info","message":"execution (30762) run instruction [update] for node (2806)","timestamp":"2025-04-29 15:22:19"}
{"level":"error","name":"SequelizeDatabaseError","parent":{"length":157,"name":"error","severity":"ERROR","code":"22P02","where":"unnamed portal parameter $2 = '...'","file":"numutils.c","line":"879","routine":"pg_strtoint64_safe","sql":"UPDATE \"public\".\"create_course\" SET \"commission\"=$1,\"salary_id\"=$2,\"updatedAt\"=$3 WHERE \"id\" IN (NULL)","parameters":[80,"[object Object]","2025-04-29 15:22:19.538 +00:00"]},"original":{"length":157,"name":"error","severity":"ERROR","code":"22P02","where":"unnamed portal parameter $2 = '...'","file":"numutils.c","line":"879","routine":"pg_strtoint64_safe","sql":"UPDATE \"public\".\"create_course\" SET \"commission\"=$1,\"salary_id\"=$2,\"updatedAt\"=$3 WHERE \"id\" IN (NULL)","parameters":[80,"[object Object]","2025-04-29 15:22:19.538 +00:00"]},"sql":"UPDATE \"public\".\"create_course\" SET \"commission\"=$1,\"salary_id\"=$2,\"updatedAt\"=$3 WHERE \"id\" IN (NULL)","parameters":[80,"[object Object]","2025-04-29 15:22:19.538 +00:00"],"message":"execution (30762) run instruction [update] for node (2806) failed:  invalid input syntax for type bigint: \"[object Object]\"","stack":"Error\n    at Query.run (/app/nocobase/node_modules/sequelize/lib/dialects/postgres/query.js:50:25)\n    at /app/nocobase/node_modules/sequelize/lib/sequelize.js:315:28\n    at process.processTicksAndRejections (node:internal/process/task_queues:95:5)\n    at async PostgresQueryInterface.bulkUpdate (/app/nocobase/node_modules/sequelize/lib/dialects/abstract/query-interface.js:366:12)\n    at async create_course.update (/app/nocobase/node_modules/sequelize/lib/model.js:2010:28)\n    at async _Repository.update (/app/nocobase/node_modules/@nocobase/database/lib/repository.js:402:24)\n    at async descriptor.value (/app/nocobase/node_modules/@nocobase/database/lib/decorators/transaction-decorator.js:84:29)\n    at async UpdateInstruction.run (/app/nocobase/node_modules/@nocobase/plugin-workflow/dist/server/instructions/UpdateInstruction.js:42:20)\n    at async Processor.exec (/app/nocobase/node_modules/@nocobase/plugin-workflow/dist/server/Processor.js:160:13)\n    at async ConditionInstruction.run (/app/nocobase/node_modules/@nocobase/plugin-workflow/dist/server/instructions/ConditionInstruction.js:77:5)\n    at async Processor.exec (/app/nocobase/node_modules/@nocobase/plugin-workflow/dist/server/Processor.js:160:13)\n    at async Processor.start (/app/nocobase/node_modules/@nocobase/plugin-workflow/dist/server/Processor.js:141:7)\n    at async PluginWorkflowServer.process (/app/nocobase/node_modules/@nocobase/plugin-workflow/dist/server/Plugin.js:602:7)\n    at async /app/nocobase/node_modules/@nocobase/plugin-workflow/dist/server/Plugin.js:579:9","timestamp":"2025-04-29 15:22:19"}
{"level":"info","message":"execution (30762) run instruction [update] for node (2806) finished as status: -2","timestamp":"2025-04-29 15:22:19"}
{"level":"info","message":"execution (30762) run instruction [condition] for node (2792)","timestamp":"2025-04-29 15:22:19"}
{"level":"info","message":"execution (30762) exiting with status -2","timestamp":"2025-04-29 15:22:19"}
{"level":"info","message":"execution (30762) exiting with status -2","timestamp":"2025-04-29 15:22:19"}
{"level":"info","message":"execution (30762) exiting with status -2","timestamp":"2025-04-29 15:22:19"}
{"level":"info","execution":{"id":30762,"context":{"data":{"createdAt":"2025-04-29T15:22:19.453Z","updatedAt":"2025-04-29T15:22:19.453Z","start_date":"2023-12-07T00:00:00.000Z","end_date":"2023-12-07T00:00:00.000Z","package_id":2,"discount":0,"month_convert":null,"id":465,"total":400,"transport_fee":0,"payment_method":"Online Transfer","fee":400,"progress":1,"student_id":75,"payment_date":"2023-12-06","invoice_number":"1","salary_id":null,"commission":120,"done":null,"createdById":1,"updatedById":1,"createdBy":{"createdAt":"2025-03-31T14:39:23.735Z","updatedAt":"2025-04-29T14:20:56.082Z","nickname":"Felix","username":"felix","email":"xmrxperfectx@gmail.com","phone":null,"password":"4bcb6c6d601c4959b54149bde2e8918e036e2596f461320d3968004404dd372c","passwordChangeTz":1743556989843,"appLang":"zh-CN","resetToken":null,"systemSettings":{"themeId":1},"sort":1,"id":1,"createdById":null,"updatedById":1,"admin_db":null}}},"key":"u5phrpskvkc","eventKey":"a192a5a7-079e-46b7-b9dc-2b2e6b188bde","stack":null,"status":-2,"workflowId":231,"updatedAt":"2025-04-29T15:22:19.547Z","createdAt":"2025-04-29T15:22:19.470Z","output":null},"message":"execution (30762) finished with status: -2","timestamp":"2025-04-29 15:22:19"}
