{"level":"info","message":"new event triggered, now events: 1","timestamp":"2025-05-05 03:00:56"}
{"level":"info","message":"preparing execution for event","timestamp":"2025-05-05 03:00:56"}
{"level":"info","message":"execution of workflow 231 created as 31209","timestamp":"2025-05-05 03:00:56"}
{"level":"info","message":"pending execution (31209) ready to process","timestamp":"2025-05-05 03:00:56"}
{"level":"info","message":"queueing execution (31209) from pending list updated to started","timestamp":"2025-05-05 03:00:56"}
{"level":"info","message":"execution (31209) starting...","timestamp":"2025-05-05 03:00:56"}
{"level":"info","message":"execution (31209) run instruction [query] for node (2791)","timestamp":"2025-05-05 03:00:57"}
{"level":"info","message":"execution (31209) run instruction [query] for node (2791) finished as status: 1","timestamp":"2025-05-05 03:00:57"}
{"level":"info","message":"execution (31209) run instruction [condition] for node (2792)","timestamp":"2025-05-05 03:00:57"}
{"level":"info","message":"execution (31209) run instruction [calculation] for node (2803)","timestamp":"2025-05-05 03:00:57"}
{"level":"info","message":"execution (31209) run instruction [calculation] for node (2803) finished as status: 1","timestamp":"2025-05-05 03:00:57"}
{"level":"info","message":"execution (31209) run instruction [calculation] for node (2799)","timestamp":"2025-05-05 03:00:57"}
{"level":"info","message":"execution (31209) run instruction [calculation] for node (2799) finished as status: 1","timestamp":"2025-05-05 03:00:57"}
{"level":"info","message":"execution (31209) run instruction [update] for node (2805)","timestamp":"2025-05-05 03:00:57"}
{"level":"info","message":"execution (31209) run instruction [update] for node (2805) finished as status: 1","timestamp":"2025-05-05 03:00:57"}
{"level":"info","message":"execution (31209) run instruction [update] for node (2794)","timestamp":"2025-05-05 03:00:57"}
{"level":"info","message":"execution (31209) run instruction [update] for node (2794) finished as status: 1","timestamp":"2025-05-05 03:00:57"}
{"level":"info","message":"execution (31209) run instruction [condition] for node (2792)","timestamp":"2025-05-05 03:00:57"}
{"level":"info","message":"execution (31209) run instruction [condition] for node (2792) finished as status: 1","timestamp":"2025-05-05 03:00:57"}
{"level":"info","message":"execution (31209) run instruction [query] for node (2796)","timestamp":"2025-05-05 03:00:57"}
{"level":"info","message":"execution (31209) run instruction [query] for node (2796) finished as status: 1","timestamp":"2025-05-05 03:00:57"}
{"level":"info","message":"execution (31209) run instruction [calculation] for node (2797)","timestamp":"2025-05-05 03:00:57"}
{"level":"info","message":"execution (31209) run instruction [calculation] for node (2797) finished as status: 1","timestamp":"2025-05-05 03:00:57"}
{"level":"info","message":"execution (31209) run instruction [update] for node (2798)","timestamp":"2025-05-05 03:00:57"}
{"level":"info","message":"execution (31209) run instruction [update] for node (2798) finished as status: 1","timestamp":"2025-05-05 03:00:57"}
{"level":"info","message":"execution (31209) exiting with status 1","timestamp":"2025-05-05 03:00:57"}
{"level":"info","message":"execution (31209) exiting with status 1","timestamp":"2025-05-05 03:00:57"}
{"level":"info","execution":{"id":31209,"context":{"data":{"createdAt":"2025-04-24T03:18:47.814Z","updatedAt":"2025-05-05T03:00:56.832Z","start_date":"2024-06-07T00:00:00.000Z","end_date":"2024-06-07T00:50:00.000Z","package_id":63,"discount":0,"month_convert":"2024/6","id":99,"total":200,"transport_fee":0,"payment_method":"Online Transfer","fee":200,"progress":0.75,"student_id":95,"payment_date":"2024-06-07","invoice_number":"INV240607-0035","salary_id":8,"commission":60,"done":true,"createdById":3,"updatedById":3,"createdBy":{"createdAt":"2025-04-02T02:52:35.125Z","updatedAt":"2025-05-04T10:00:42.937Z","nickname":"Felicia","phone":null,"password":"160dabe583514020485d260fddf382262c07b48beed0c55a1d405fbc13b131f7","passwordChangeTz":null,"appLang":"zh-CN","resetToken":null,"systemSettings":{},"sort":3,"username":"felicia","id":3,"email":"t.xinyi98@gmail.com","createdById":1,"updatedById":3,"admin_db":{"createdAt":"2025-04-22T03:20:04.564Z","updatedAt":"2025-04-22T14:48:12.935Z","users_id":3,"nickname":"Felicia","contact_number":null,"emergency_contact_name":null,"bank_name":null,"gender":null,"dob":null,"email":null,"emergency_contact_number":null,"name":"Tan Xin Yi","identity_card":null,"address":null,"start_date":null,"bank_account":null,"id":1,"createdById":1,"updatedById":3}}}},"key":"u5phrpskvkc","eventKey":"7e8d2daa-29eb-46a8-997d-719a826024b9","stack":null,"status":1,"workflowId":231,"updatedAt":"2025-05-05T03:00:57.237Z","createdAt":"2025-05-05T03:00:56.862Z","output":null},"message":"execution (31209) finished with status: 1","timestamp":"2025-05-05 03:00:57"}
{"level":"info","message":"new event triggered, now events: 1","timestamp":"2025-05-05 03:01:00"}
{"level":"info","message":"preparing execution for event","timestamp":"2025-05-05 03:01:00"}
{"level":"info","message":"execution of workflow 231 created as 31210","timestamp":"2025-05-05 03:01:00"}
{"level":"info","message":"pending execution (31210) ready to process","timestamp":"2025-05-05 03:01:00"}
{"level":"info","message":"queueing execution (31210) from pending list updated to started","timestamp":"2025-05-05 03:01:00"}
{"level":"info","message":"execution (31210) starting...","timestamp":"2025-05-05 03:01:00"}
{"level":"info","message":"execution (31210) run instruction [query] for node (2791)","timestamp":"2025-05-05 03:01:00"}
{"level":"info","message":"execution (31210) run instruction [query] for node (2791) finished as status: 1","timestamp":"2025-05-05 03:01:00"}
{"level":"info","message":"execution (31210) run instruction [condition] for node (2792)","timestamp":"2025-05-05 03:01:00"}
{"level":"info","message":"execution (31210) run instruction [calculation] for node (2803)","timestamp":"2025-05-05 03:01:00"}
{"level":"info","message":"execution (31210) run instruction [calculation] for node (2803) finished as status: 1","timestamp":"2025-05-05 03:01:00"}
{"level":"info","message":"execution (31210) run instruction [calculation] for node (2799)","timestamp":"2025-05-05 03:01:00"}
{"level":"info","message":"execution (31210) run instruction [calculation] for node (2799) finished as status: 1","timestamp":"2025-05-05 03:01:00"}
{"level":"info","message":"execution (31210) run instruction [update] for node (2805)","timestamp":"2025-05-05 03:01:00"}
{"level":"info","message":"execution (31210) run instruction [update] for node (2805) finished as status: 1","timestamp":"2025-05-05 03:01:00"}
{"level":"info","message":"execution (31210) run instruction [update] for node (2794)","timestamp":"2025-05-05 03:01:00"}
{"level":"info","message":"execution (31210) run instruction [update] for node (2794) finished as status: 1","timestamp":"2025-05-05 03:01:00"}
{"level":"info","message":"execution (31210) run instruction [condition] for node (2792)","timestamp":"2025-05-05 03:01:00"}
{"level":"info","message":"execution (31210) run instruction [condition] for node (2792) finished as status: 1","timestamp":"2025-05-05 03:01:00"}
{"level":"info","message":"execution (31210) run instruction [query] for node (2796)","timestamp":"2025-05-05 03:01:00"}
{"level":"info","message":"execution (31210) run instruction [query] for node (2796) finished as status: 1","timestamp":"2025-05-05 03:01:00"}
{"level":"info","message":"execution (31210) run instruction [calculation] for node (2797)","timestamp":"2025-05-05 03:01:00"}
{"level":"info","message":"execution (31210) run instruction [calculation] for node (2797) finished as status: 1","timestamp":"2025-05-05 03:01:00"}
{"level":"info","message":"execution (31210) run instruction [update] for node (2798)","timestamp":"2025-05-05 03:01:00"}
{"level":"info","message":"execution (31210) run instruction [update] for node (2798) finished as status: 1","timestamp":"2025-05-05 03:01:00"}
{"level":"info","message":"execution (31210) exiting with status 1","timestamp":"2025-05-05 03:01:00"}
{"level":"info","message":"execution (31210) exiting with status 1","timestamp":"2025-05-05 03:01:00"}
{"level":"info","execution":{"id":31210,"context":{"data":{"createdAt":"2025-04-24T03:18:48.426Z","updatedAt":"2025-05-05T03:01:00.464Z","start_date":"2024-07-30T00:00:00.000Z","end_date":"2024-07-30T00:50:00.000Z","package_id":63,"discount":0,"month_convert":"2024/7","id":169,"total":200,"transport_fee":0,"payment_method":"Online Transfer","fee":200,"progress":0.75,"student_id":45,"payment_date":"2024-07-30","invoice_number":"INV240730-0103","salary_id":9,"commission":60,"done":true,"createdById":3,"updatedById":3,"createdBy":{"createdAt":"2025-04-02T02:52:35.125Z","updatedAt":"2025-05-04T10:00:42.937Z","nickname":"Felicia","phone":null,"password":"160dabe583514020485d260fddf382262c07b48beed0c55a1d405fbc13b131f7","passwordChangeTz":null,"appLang":"zh-CN","resetToken":null,"systemSettings":{},"sort":3,"username":"felicia","id":3,"email":"t.xinyi98@gmail.com","createdById":1,"updatedById":3,"admin_db":{"createdAt":"2025-04-22T03:20:04.564Z","updatedAt":"2025-04-22T14:48:12.935Z","users_id":3,"nickname":"Felicia","contact_number":null,"emergency_contact_name":null,"bank_name":null,"gender":null,"dob":null,"email":null,"emergency_contact_number":null,"name":"Tan Xin Yi","identity_card":null,"address":null,"start_date":null,"bank_account":null,"id":1,"createdById":1,"updatedById":3}}}},"key":"u5phrpskvkc","eventKey":"a3c8b06f-e401-4aee-93a9-553441aa4764","stack":null,"status":1,"workflowId":231,"updatedAt":"2025-05-05T03:01:00.569Z","createdAt":"2025-05-05T03:01:00.472Z","output":null},"message":"execution (31210) finished with status: 1","timestamp":"2025-05-05 03:01:00"}
{"level":"info","message":"new event triggered, now events: 1","timestamp":"2025-05-05 03:01:03"}
{"level":"info","message":"preparing execution for event","timestamp":"2025-05-05 03:01:03"}
{"level":"info","message":"execution of workflow 231 created as 31211","timestamp":"2025-05-05 03:01:03"}
{"level":"info","message":"pending execution (31211) ready to process","timestamp":"2025-05-05 03:01:03"}
{"level":"info","message":"queueing execution (31211) from pending list updated to started","timestamp":"2025-05-05 03:01:03"}
{"level":"info","message":"execution (31211) starting...","timestamp":"2025-05-05 03:01:03"}
{"level":"info","message":"execution (31211) run instruction [query] for node (2791)","timestamp":"2025-05-05 03:01:03"}
{"level":"info","message":"execution (31211) run instruction [query] for node (2791) finished as status: 1","timestamp":"2025-05-05 03:01:03"}
{"level":"info","message":"execution (31211) run instruction [condition] for node (2792)","timestamp":"2025-05-05 03:01:03"}
{"level":"info","message":"execution (31211) run instruction [calculation] for node (2803)","timestamp":"2025-05-05 03:01:03"}
{"level":"info","message":"execution (31211) run instruction [calculation] for node (2803) finished as status: 1","timestamp":"2025-05-05 03:01:03"}
{"level":"info","message":"execution (31211) run instruction [calculation] for node (2799)","timestamp":"2025-05-05 03:01:03"}
{"level":"info","message":"execution (31211) run instruction [calculation] for node (2799) finished as status: 1","timestamp":"2025-05-05 03:01:03"}
{"level":"info","message":"execution (31211) run instruction [update] for node (2805)","timestamp":"2025-05-05 03:01:03"}
{"level":"info","message":"execution (31211) run instruction [update] for node (2805) finished as status: 1","timestamp":"2025-05-05 03:01:03"}
{"level":"info","message":"execution (31211) run instruction [update] for node (2794)","timestamp":"2025-05-05 03:01:03"}
{"level":"info","message":"execution (31211) run instruction [update] for node (2794) finished as status: 1","timestamp":"2025-05-05 03:01:03"}
{"level":"info","message":"execution (31211) run instruction [condition] for node (2792)","timestamp":"2025-05-05 03:01:03"}
{"level":"info","message":"execution (31211) run instruction [condition] for node (2792) finished as status: 1","timestamp":"2025-05-05 03:01:03"}
{"level":"info","message":"execution (31211) run instruction [query] for node (2796)","timestamp":"2025-05-05 03:01:03"}
{"level":"info","message":"execution (31211) run instruction [query] for node (2796) finished as status: 1","timestamp":"2025-05-05 03:01:03"}
{"level":"info","message":"execution (31211) run instruction [calculation] for node (2797)","timestamp":"2025-05-05 03:01:03"}
{"level":"info","message":"execution (31211) run instruction [calculation] for node (2797) finished as status: 1","timestamp":"2025-05-05 03:01:03"}
{"level":"info","message":"execution (31211) run instruction [update] for node (2798)","timestamp":"2025-05-05 03:01:03"}
{"level":"info","message":"execution (31211) run instruction [update] for node (2798) finished as status: 1","timestamp":"2025-05-05 03:01:03"}
{"level":"info","message":"execution (31211) exiting with status 1","timestamp":"2025-05-05 03:01:03"}
{"level":"info","message":"execution (31211) exiting with status 1","timestamp":"2025-05-05 03:01:03"}
{"level":"info","execution":{"id":31211,"context":{"data":{"createdAt":"2025-04-24T03:18:48.436Z","updatedAt":"2025-05-05T03:01:03.526Z","start_date":"2024-07-30T00:00:00.000Z","end_date":"2024-07-30T00:50:00.000Z","package_id":63,"discount":0,"month_convert":"2024/7","id":170,"total":200,"transport_fee":0,"payment_method":"Online Transfer","fee":200,"progress":0.75,"student_id":97,"payment_date":"2024-07-30","invoice_number":"INV240730-0104","salary_id":9,"commission":60,"done":true,"createdById":3,"updatedById":3,"createdBy":{"createdAt":"2025-04-02T02:52:35.125Z","updatedAt":"2025-05-04T10:00:42.937Z","nickname":"Felicia","phone":null,"password":"160dabe583514020485d260fddf382262c07b48beed0c55a1d405fbc13b131f7","passwordChangeTz":null,"appLang":"zh-CN","resetToken":null,"systemSettings":{},"sort":3,"username":"felicia","id":3,"email":"t.xinyi98@gmail.com","createdById":1,"updatedById":3,"admin_db":{"createdAt":"2025-04-22T03:20:04.564Z","updatedAt":"2025-04-22T14:48:12.935Z","users_id":3,"nickname":"Felicia","contact_number":null,"emergency_contact_name":null,"bank_name":null,"gender":null,"dob":null,"email":null,"emergency_contact_number":null,"name":"Tan Xin Yi","identity_card":null,"address":null,"start_date":null,"bank_account":null,"id":1,"createdById":1,"updatedById":3}}}},"key":"u5phrpskvkc","eventKey":"17ad3c26-542e-450a-964e-bcf8932e780e","stack":null,"status":1,"workflowId":231,"updatedAt":"2025-05-05T03:01:03.622Z","createdAt":"2025-05-05T03:01:03.533Z","output":null},"message":"execution (31211) finished with status: 1","timestamp":"2025-05-05 03:01:03"}
{"level":"info","message":"new event triggered, now events: 1","timestamp":"2025-05-05 03:01:06"}
{"level":"info","message":"preparing execution for event","timestamp":"2025-05-05 03:01:06"}
{"level":"info","message":"execution of workflow 231 created as 31212","timestamp":"2025-05-05 03:01:06"}
{"level":"info","message":"pending execution (31212) ready to process","timestamp":"2025-05-05 03:01:06"}
{"level":"info","message":"queueing execution (31212) from pending list updated to started","timestamp":"2025-05-05 03:01:06"}
{"level":"info","message":"execution (31212) starting...","timestamp":"2025-05-05 03:01:06"}
{"level":"info","message":"execution (31212) run instruction [query] for node (2791)","timestamp":"2025-05-05 03:01:06"}
{"level":"info","message":"execution (31212) run instruction [query] for node (2791) finished as status: 1","timestamp":"2025-05-05 03:01:06"}
{"level":"info","message":"execution (31212) run instruction [condition] for node (2792)","timestamp":"2025-05-05 03:01:06"}
{"level":"info","message":"execution (31212) run instruction [calculation] for node (2803)","timestamp":"2025-05-05 03:01:06"}
{"level":"info","message":"execution (31212) run instruction [calculation] for node (2803) finished as status: 1","timestamp":"2025-05-05 03:01:07"}
{"level":"info","message":"execution (31212) run instruction [calculation] for node (2799)","timestamp":"2025-05-05 03:01:07"}
{"level":"info","message":"execution (31212) run instruction [calculation] for node (2799) finished as status: 1","timestamp":"2025-05-05 03:01:07"}
{"level":"info","message":"execution (31212) run instruction [update] for node (2805)","timestamp":"2025-05-05 03:01:07"}
{"level":"info","message":"execution (31212) run instruction [update] for node (2805) finished as status: 1","timestamp":"2025-05-05 03:01:07"}
{"level":"info","message":"execution (31212) run instruction [update] for node (2794)","timestamp":"2025-05-05 03:01:07"}
{"level":"info","message":"execution (31212) run instruction [update] for node (2794) finished as status: 1","timestamp":"2025-05-05 03:01:07"}
{"level":"info","message":"execution (31212) run instruction [condition] for node (2792)","timestamp":"2025-05-05 03:01:07"}
{"level":"info","message":"execution (31212) run instruction [condition] for node (2792) finished as status: 1","timestamp":"2025-05-05 03:01:07"}
{"level":"info","message":"execution (31212) run instruction [query] for node (2796)","timestamp":"2025-05-05 03:01:07"}
{"level":"info","message":"execution (31212) run instruction [query] for node (2796) finished as status: 1","timestamp":"2025-05-05 03:01:07"}
{"level":"info","message":"execution (31212) run instruction [calculation] for node (2797)","timestamp":"2025-05-05 03:01:07"}
{"level":"info","message":"execution (31212) run instruction [calculation] for node (2797) finished as status: 1","timestamp":"2025-05-05 03:01:07"}
{"level":"info","message":"execution (31212) run instruction [update] for node (2798)","timestamp":"2025-05-05 03:01:07"}
{"level":"info","message":"execution (31212) run instruction [update] for node (2798) finished as status: 1","timestamp":"2025-05-05 03:01:07"}
{"level":"info","message":"execution (31212) exiting with status 1","timestamp":"2025-05-05 03:01:07"}
{"level":"info","message":"execution (31212) exiting with status 1","timestamp":"2025-05-05 03:01:07"}
{"level":"info","execution":{"id":31212,"context":{"data":{"createdAt":"2025-04-24T03:18:49.575Z","updatedAt":"2025-05-05T03:01:06.940Z","start_date":"2024-10-25T00:00:00.000Z","end_date":"2024-10-25T00:50:00.000Z","package_id":63,"discount":0,"month_convert":"2024/10","id":295,"total":200,"transport_fee":0,"payment_method":"Online Transfer","fee":200,"progress":0.75,"student_id":48,"payment_date":"2024-10-25","invoice_number":"INV241025-0224","salary_id":12,"commission":60,"done":true,"createdById":3,"updatedById":3,"createdBy":{"createdAt":"2025-04-02T02:52:35.125Z","updatedAt":"2025-05-04T10:00:42.937Z","nickname":"Felicia","phone":null,"password":"160dabe583514020485d260fddf382262c07b48beed0c55a1d405fbc13b131f7","passwordChangeTz":null,"appLang":"zh-CN","resetToken":null,"systemSettings":{},"sort":3,"username":"felicia","id":3,"email":"t.xinyi98@gmail.com","createdById":1,"updatedById":3,"admin_db":{"createdAt":"2025-04-22T03:20:04.564Z","updatedAt":"2025-04-22T14:48:12.935Z","users_id":3,"nickname":"Felicia","contact_number":null,"emergency_contact_name":null,"bank_name":null,"gender":null,"dob":null,"email":null,"emergency_contact_number":null,"name":"Tan Xin Yi","identity_card":null,"address":null,"start_date":null,"bank_account":null,"id":1,"createdById":1,"updatedById":3}}}},"key":"u5phrpskvkc","eventKey":"5e98d0e1-71db-435a-b8c3-bb6b683c50db","stack":null,"status":1,"workflowId":231,"updatedAt":"2025-05-05T03:01:07.066Z","createdAt":"2025-05-05T03:01:06.948Z","output":null},"message":"execution (31212) finished with status: 1","timestamp":"2025-05-05 03:01:07"}
{"level":"info","message":"new event triggered, now events: 1","timestamp":"2025-05-05 03:01:09"}
{"level":"info","message":"preparing execution for event","timestamp":"2025-05-05 03:01:09"}
{"level":"info","message":"execution of workflow 231 created as 31213","timestamp":"2025-05-05 03:01:09"}
{"level":"info","message":"pending execution (31213) ready to process","timestamp":"2025-05-05 03:01:09"}
{"level":"info","message":"queueing execution (31213) from pending list updated to started","timestamp":"2025-05-05 03:01:09"}
{"level":"info","message":"execution (31213) starting...","timestamp":"2025-05-05 03:01:09"}
{"level":"info","message":"execution (31213) run instruction [query] for node (2791)","timestamp":"2025-05-05 03:01:09"}
{"level":"info","message":"execution (31213) run instruction [query] for node (2791) finished as status: 1","timestamp":"2025-05-05 03:01:09"}
{"level":"info","message":"execution (31213) run instruction [condition] for node (2792)","timestamp":"2025-05-05 03:01:09"}
{"level":"info","message":"execution (31213) run instruction [calculation] for node (2803)","timestamp":"2025-05-05 03:01:09"}
{"level":"info","message":"execution (31213) run instruction [calculation] for node (2803) finished as status: 1","timestamp":"2025-05-05 03:01:09"}
{"level":"info","message":"execution (31213) run instruction [calculation] for node (2799)","timestamp":"2025-05-05 03:01:09"}
{"level":"info","message":"execution (31213) run instruction [calculation] for node (2799) finished as status: 1","timestamp":"2025-05-05 03:01:09"}
{"level":"info","message":"execution (31213) run instruction [update] for node (2805)","timestamp":"2025-05-05 03:01:09"}
{"level":"info","message":"execution (31213) run instruction [update] for node (2805) finished as status: 1","timestamp":"2025-05-05 03:01:09"}
{"level":"info","message":"execution (31213) run instruction [update] for node (2794)","timestamp":"2025-05-05 03:01:09"}
{"level":"info","message":"execution (31213) run instruction [update] for node (2794) finished as status: 1","timestamp":"2025-05-05 03:01:09"}
{"level":"info","message":"execution (31213) run instruction [condition] for node (2792)","timestamp":"2025-05-05 03:01:09"}
{"level":"info","message":"execution (31213) run instruction [condition] for node (2792) finished as status: 1","timestamp":"2025-05-05 03:01:09"}
{"level":"info","message":"execution (31213) run instruction [query] for node (2796)","timestamp":"2025-05-05 03:01:09"}
{"level":"info","message":"execution (31213) run instruction [query] for node (2796) finished as status: 1","timestamp":"2025-05-05 03:01:09"}
{"level":"info","message":"execution (31213) run instruction [calculation] for node (2797)","timestamp":"2025-05-05 03:01:09"}
{"level":"info","message":"execution (31213) run instruction [calculation] for node (2797) finished as status: 1","timestamp":"2025-05-05 03:01:09"}
{"level":"info","message":"execution (31213) run instruction [update] for node (2798)","timestamp":"2025-05-05 03:01:09"}
{"level":"info","message":"execution (31213) run instruction [update] for node (2798) finished as status: 1","timestamp":"2025-05-05 03:01:09"}
{"level":"info","message":"execution (31213) exiting with status 1","timestamp":"2025-05-05 03:01:09"}
{"level":"info","message":"execution (31213) exiting with status 1","timestamp":"2025-05-05 03:01:09"}
{"level":"info","execution":{"id":31213,"context":{"data":{"createdAt":"2025-04-24T03:18:49.583Z","updatedAt":"2025-05-05T03:01:09.278Z","start_date":"2024-10-25T00:00:00.000Z","end_date":"2024-10-25T00:50:00.000Z","package_id":63,"discount":0,"month_convert":"2024/10","id":296,"total":200,"transport_fee":0,"payment_method":"Online Transfer","fee":200,"progress":0.75,"student_id":47,"payment_date":"2024-10-25","invoice_number":"INV241025-0225","salary_id":12,"commission":60,"done":true,"createdById":3,"updatedById":3,"createdBy":{"createdAt":"2025-04-02T02:52:35.125Z","updatedAt":"2025-05-04T10:00:42.937Z","nickname":"Felicia","phone":null,"password":"160dabe583514020485d260fddf382262c07b48beed0c55a1d405fbc13b131f7","passwordChangeTz":null,"appLang":"zh-CN","resetToken":null,"systemSettings":{},"sort":3,"username":"felicia","id":3,"email":"t.xinyi98@gmail.com","createdById":1,"updatedById":3,"admin_db":{"createdAt":"2025-04-22T03:20:04.564Z","updatedAt":"2025-04-22T14:48:12.935Z","users_id":3,"nickname":"Felicia","contact_number":null,"emergency_contact_name":null,"bank_name":null,"gender":null,"dob":null,"email":null,"emergency_contact_number":null,"name":"Tan Xin Yi","identity_card":null,"address":null,"start_date":null,"bank_account":null,"id":1,"createdById":1,"updatedById":3}}}},"key":"u5phrpskvkc","eventKey":"245c39b9-9f2d-4580-8d3f-6ce5d3fd416f","stack":null,"status":1,"workflowId":231,"updatedAt":"2025-05-05T03:01:09.430Z","createdAt":"2025-05-05T03:01:09.287Z","output":null},"message":"execution (31213) finished with status: 1","timestamp":"2025-05-05 03:01:09"}
