{"level":"info","message":"new event triggered, now events: 1","timestamp":"2025-04-17 05:37:45"}
{"level":"info","message":"new event triggered, now events: 2","timestamp":"2025-04-17 05:37:45"}
{"level":"info","message":"new event is pending to be prepared after previous preparation is finished","timestamp":"2025-04-17 05:37:45"}
{"level":"info","message":"preparing execution for event","timestamp":"2025-04-17 05:37:45"}
{"level":"info","message":"execution of workflow 19 created as 1087","timestamp":"2025-04-17 05:37:45"}
{"level":"info","message":"preparing execution for event","timestamp":"2025-04-17 05:37:45"}
{"level":"info","message":"execution of workflow 19 created as 1088","timestamp":"2025-04-17 05:37:45"}
{"level":"info","message":"pending execution (1087) ready to process","timestamp":"2025-04-17 05:37:45"}
{"level":"info","message":"queueing execution (1087) from pending list updated to started","timestamp":"2025-04-17 05:37:45"}
{"level":"info","message":"execution (1087) starting...","timestamp":"2025-04-17 05:37:45"}
{"level":"info","message":"execution (1087) run instruction [destroy] for node (83)","timestamp":"2025-04-17 05:37:45"}
{"level":"info","message":"execution (1087) run instruction [destroy] for node (83) finished as status: 1","timestamp":"2025-04-17 05:37:45"}
{"level":"info","message":"execution (1087) exiting with status 1","timestamp":"2025-04-17 05:37:45"}
{"level":"info","execution":{"id":1087,"context":{"data":{"createdAt":"2025-04-13T03:26:15.074Z","updatedAt":"2025-04-13T03:26:15.084Z","start_date":"2025-04-13T08:00:26.000Z","end_date":"2025-04-13T08:50:00.000Z","package_id":3,"id":157,"payment_method":"Cash","progress":0.1,"fee":950,"student_id":5,"invoice_number":"INV1","payment_date":"2025-04-13","createdById":1,"updatedById":1}},"key":"ovwxg0vt98l","eventKey":"1132a64e-a386-436a-aa02-f66365e1db72","stack":null,"status":1,"workflowId":19,"updatedAt":"2025-04-17T05:37:45.613Z","createdAt":"2025-04-17T05:37:45.538Z","output":null},"message":"execution (1087) finished with status: 1","timestamp":"2025-04-17 05:37:45"}
{"level":"info","message":"execution (1088) fetched from db","timestamp":"2025-04-17 05:37:45"}
{"level":"info","message":"execution (1088) starting...","timestamp":"2025-04-17 05:37:45"}
{"level":"info","message":"execution (1088) run instruction [destroy] for node (83)","timestamp":"2025-04-17 05:37:45"}
{"level":"info","message":"execution (1088) run instruction [destroy] for node (83) finished as status: 1","timestamp":"2025-04-17 05:37:45"}
{"level":"info","message":"execution (1088) exiting with status 1","timestamp":"2025-04-17 05:37:45"}
{"level":"info","execution":{"id":1088,"createdAt":"2025-04-17T05:37:45.560Z","updatedAt":"2025-04-17T05:37:45.643Z","key":"ovwxg0vt98l","eventKey":"0c28bb32-6f1c-4e5b-bb87-b211bef63124","context":{"data":{"createdAt":"2025-04-13T03:44:05.618Z","updatedAt":"2025-04-13T03:44:05.629Z","start_date":"2025-04-13T08:00:26.000Z","end_date":"2025-04-13T08:50:00.000Z","package_id":2,"id":158,"payment_method":"Cash","progress":0.25,"fee":400,"student_id":5,"invoice_number":"INV2","payment_date":"2025-04-13","createdById":1,"updatedById":1}},"status":1,"stack":null,"output":null,"workflowId":19},"message":"execution (1088) finished with status: 1","timestamp":"2025-04-17 05:37:45"}
