{"level":"info","message":"new event triggered, now events: 1","timestamp":"2025-04-04 09:07:08"}
{"level":"info","message":"preparing execution for event","timestamp":"2025-04-04 09:07:08"}
{"level":"info","message":"execution of workflow 19 created as 23","timestamp":"2025-04-04 09:07:08"}
{"level":"info","message":"pending execution (23) ready to process","timestamp":"2025-04-04 09:07:08"}
{"level":"info","message":"queueing execution (23) from pending list updated to started","timestamp":"2025-04-04 09:07:08"}
{"level":"info","message":"execution (23) starting...","timestamp":"2025-04-04 09:07:08"}
{"level":"info","message":"execution (23) run instruction [destroy] for node (83)","timestamp":"2025-04-04 09:07:08"}
{"level":"info","message":"execution (23) run instruction [destroy] for node (83) finished as status: 1","timestamp":"2025-04-04 09:07:08"}
{"level":"info","message":"execution (23) exiting with status 1","timestamp":"2025-04-04 09:07:08"}
{"level":"info","execution":{"id":23,"context":{"data":{"createdAt":"2025-04-04T08:58:01.970Z","updatedAt":"2025-04-04T08:58:01.974Z","payment_date":null,"start_date":"2025-04-10T16:00:00.000Z","package_id":2,"id":21,"invoice_number":"213","student":6,"payment_method":null,"createdById":1,"updatedById":1}},"key":"ovwxg0vt98l","eventKey":"134d72f4-5d19-4a06-ab80-d635319bdadd","stack":null,"status":1,"workflowId":19,"updatedAt":"2025-04-04T09:07:08.777Z","createdAt":"2025-04-04T09:07:08.722Z","output":null},"message":"execution (23) finished with status: 1","timestamp":"2025-04-04 09:07:08"}
{"level":"info","message":"new event triggered, now events: 1","timestamp":"2025-04-04 09:14:27"}
{"level":"info","message":"preparing execution for event","timestamp":"2025-04-04 09:14:27"}
{"level":"info","message":"execution of workflow 19 created as 25","timestamp":"2025-04-04 09:14:27"}
{"level":"info","message":"pending execution (25) ready to process","timestamp":"2025-04-04 09:14:27"}
{"level":"info","message":"queueing execution (25) from pending list updated to started","timestamp":"2025-04-04 09:14:27"}
{"level":"info","message":"execution (25) starting...","timestamp":"2025-04-04 09:14:27"}
{"level":"info","message":"execution (25) run instruction [destroy] for node (83)","timestamp":"2025-04-04 09:14:27"}
{"level":"info","message":"execution (25) run instruction [destroy] for node (83) finished as status: 1","timestamp":"2025-04-04 09:14:27"}
{"level":"info","message":"execution (25) exiting with status 1","timestamp":"2025-04-04 09:14:27"}
{"level":"info","execution":{"id":25,"context":{"data":{"createdAt":"2025-04-04T09:13:51.895Z","updatedAt":"2025-04-04T09:13:51.904Z","payment_date":"2025-04-09T16:00:00.000Z","start_date":"2025-04-07T16:00:00.000Z","package_id":2,"id":22,"invoice_number":"10","student":5,"payment_method":null,"createdById":1,"updatedById":1}},"key":"ovwxg0vt98l","eventKey":"8e2d21ad-ab56-4f8d-9661-a25327a5d3e6","stack":null,"status":1,"workflowId":19,"updatedAt":"2025-04-04T09:14:27.648Z","createdAt":"2025-04-04T09:14:27.619Z","output":null},"message":"execution (25) finished with status: 1","timestamp":"2025-04-04 09:14:27"}
{"level":"info","message":"new event triggered, now events: 1","timestamp":"2025-04-04 09:29:04"}
{"level":"info","message":"preparing execution for event","timestamp":"2025-04-04 09:29:04"}
{"level":"info","message":"execution of workflow 19 created as 27","timestamp":"2025-04-04 09:29:04"}
{"level":"info","message":"pending execution (27) ready to process","timestamp":"2025-04-04 09:29:04"}
{"level":"info","message":"queueing execution (27) from pending list updated to started","timestamp":"2025-04-04 09:29:04"}
{"level":"info","message":"execution (27) starting...","timestamp":"2025-04-04 09:29:04"}
{"level":"info","message":"execution (27) run instruction [destroy] for node (83)","timestamp":"2025-04-04 09:29:04"}
{"level":"info","message":"execution (27) run instruction [destroy] for node (83) finished as status: 1","timestamp":"2025-04-04 09:29:04"}
{"level":"info","message":"execution (27) exiting with status 1","timestamp":"2025-04-04 09:29:04"}
{"level":"info","execution":{"id":27,"context":{"data":{"createdAt":"2025-04-04T09:28:42.390Z","updatedAt":"2025-04-04T09:28:42.401Z","payment_date":"2025-04-03T16:00:00.000Z","start_date":"2025-04-04T08:00:00.000Z","package_id":null,"id":23,"invoice_number":"1","student":5,"payment_method":"4","createdById":1,"updatedById":1}},"key":"ovwxg0vt98l","eventKey":"1946d794-61d7-4fb0-ba79-c47e18b7ec1d","stack":null,"status":1,"workflowId":19,"updatedAt":"2025-04-04T09:29:04.613Z","createdAt":"2025-04-04T09:29:04.584Z","output":null},"message":"execution (27) finished with status: 1","timestamp":"2025-04-04 09:29:04"}
{"level":"info","message":"new event triggered, now events: 1","timestamp":"2025-04-04 09:30:04"}
{"level":"info","message":"preparing execution for event","timestamp":"2025-04-04 09:30:04"}
{"level":"info","message":"execution of workflow 19 created as 29","timestamp":"2025-04-04 09:30:04"}
{"level":"info","message":"pending execution (29) ready to process","timestamp":"2025-04-04 09:30:04"}
{"level":"info","message":"queueing execution (29) from pending list updated to started","timestamp":"2025-04-04 09:30:04"}
{"level":"info","message":"execution (29) starting...","timestamp":"2025-04-04 09:30:04"}
{"level":"info","message":"execution (29) run instruction [destroy] for node (83)","timestamp":"2025-04-04 09:30:04"}
{"level":"info","message":"execution (29) run instruction [destroy] for node (83) finished as status: 1","timestamp":"2025-04-04 09:30:04"}
{"level":"info","message":"execution (29) exiting with status 1","timestamp":"2025-04-04 09:30:04"}
{"level":"info","execution":{"id":29,"context":{"data":{"createdAt":"2025-04-04T09:29:17.718Z","updatedAt":"2025-04-04T09:29:17.723Z","payment_date":null,"start_date":"2025-04-04T16:00:00.000Z","package_id":2,"id":24,"invoice_number":"1","student":5,"payment_method":null,"createdById":1,"updatedById":1}},"key":"ovwxg0vt98l","eventKey":"913c418e-cda7-4a02-b58c-43a4f5118296","stack":null,"status":1,"workflowId":19,"updatedAt":"2025-04-04T09:30:04.537Z","createdAt":"2025-04-04T09:30:04.509Z","output":null},"message":"execution (29) finished with status: 1","timestamp":"2025-04-04 09:30:04"}
{"level":"info","message":"new event triggered, now events: 1","timestamp":"2025-04-04 09:30:36"}
{"level":"info","message":"preparing execution for event","timestamp":"2025-04-04 09:30:36"}
{"level":"info","message":"execution of workflow 19 created as 31","timestamp":"2025-04-04 09:30:36"}
{"level":"info","message":"pending execution (31) ready to process","timestamp":"2025-04-04 09:30:36"}
{"level":"info","message":"queueing execution (31) from pending list updated to started","timestamp":"2025-04-04 09:30:36"}
{"level":"info","message":"execution (31) starting...","timestamp":"2025-04-04 09:30:36"}
{"level":"info","message":"execution (31) run instruction [destroy] for node (83)","timestamp":"2025-04-04 09:30:36"}
{"level":"info","message":"execution (31) run instruction [destroy] for node (83) finished as status: 1","timestamp":"2025-04-04 09:30:36"}
{"level":"info","message":"execution (31) exiting with status 1","timestamp":"2025-04-04 09:30:36"}
{"level":"info","execution":{"id":31,"context":{"data":{"createdAt":"2025-04-04T09:30:25.637Z","updatedAt":"2025-04-04T09:30:25.643Z","payment_date":"2025-04-02T16:00:00.000Z","start_date":"2025-04-04T08:00:00.000Z","package_id":null,"id":25,"invoice_number":"12","student":5,"payment_method":null,"createdById":1,"updatedById":1}},"key":"ovwxg0vt98l","eventKey":"08c47c01-f901-41c0-bff8-fedb638b026d","stack":null,"status":1,"workflowId":19,"updatedAt":"2025-04-04T09:30:36.449Z","createdAt":"2025-04-04T09:30:36.417Z","output":null},"message":"execution (31) finished with status: 1","timestamp":"2025-04-04 09:30:36"}
{"level":"info","message":"new event triggered, now events: 1","timestamp":"2025-04-04 09:49:21"}
{"level":"info","message":"preparing execution for event","timestamp":"2025-04-04 09:49:21"}
{"level":"info","message":"execution of workflow 19 created as 33","timestamp":"2025-04-04 09:49:21"}
{"level":"info","message":"pending execution (33) ready to process","timestamp":"2025-04-04 09:49:21"}
{"level":"info","message":"queueing execution (33) from pending list updated to started","timestamp":"2025-04-04 09:49:21"}
{"level":"info","message":"execution (33) starting...","timestamp":"2025-04-04 09:49:21"}
{"level":"info","message":"execution (33) run instruction [destroy] for node (83)","timestamp":"2025-04-04 09:49:21"}
{"level":"info","message":"execution (33) run instruction [destroy] for node (83) finished as status: 1","timestamp":"2025-04-04 09:49:21"}
{"level":"info","message":"execution (33) exiting with status 1","timestamp":"2025-04-04 09:49:21"}
{"level":"info","execution":{"id":33,"context":{"data":{"createdAt":"2025-04-04T09:30:48.901Z","updatedAt":"2025-04-04T09:30:48.906Z","payment_date":null,"start_date":"2025-04-03T20:00:00.000Z","package_id":2,"id":26,"invoice_number":"4","student":5,"payment_method":null,"createdById":1,"updatedById":1}},"key":"ovwxg0vt98l","eventKey":"b583973c-52c3-4295-a014-3f6b7212840f","stack":null,"status":1,"workflowId":19,"updatedAt":"2025-04-04T09:49:21.396Z","createdAt":"2025-04-04T09:49:21.348Z","output":null},"message":"execution (33) finished with status: 1","timestamp":"2025-04-04 09:49:21"}
{"level":"info","message":"new event triggered, now events: 1","timestamp":"2025-04-04 11:15:23"}
{"level":"info","message":"preparing execution for event","timestamp":"2025-04-04 11:15:23"}
{"level":"info","message":"execution of workflow 19 created as 35","timestamp":"2025-04-04 11:15:23"}
{"level":"info","message":"pending execution (35) ready to process","timestamp":"2025-04-04 11:15:23"}
{"level":"info","message":"queueing execution (35) from pending list updated to started","timestamp":"2025-04-04 11:15:23"}
{"level":"info","message":"execution (35) starting...","timestamp":"2025-04-04 11:15:23"}
{"level":"info","message":"execution (35) run instruction [destroy] for node (83)","timestamp":"2025-04-04 11:15:23"}
{"level":"info","message":"execution (35) run instruction [destroy] for node (83) finished as status: 1","timestamp":"2025-04-04 11:15:23"}
{"level":"info","message":"execution (35) exiting with status 1","timestamp":"2025-04-04 11:15:23"}
{"level":"info","execution":{"id":35,"context":{"data":{"createdAt":"2025-04-04T11:15:20.660Z","updatedAt":"2025-04-04T11:15:20.660Z","payment_date":null,"start_date":null,"end_date":null,"package_id":null,"id":27,"invoice_number":"31","student":null,"payment_method":null,"createdById":1,"updatedById":1}},"key":"ovwxg0vt98l","eventKey":"6b63cbe4-b644-4a22-8adb-c18a1d798842","stack":null,"status":1,"workflowId":19,"updatedAt":"2025-04-04T11:15:23.776Z","createdAt":"2025-04-04T11:15:23.760Z","output":null},"message":"execution (35) finished with status: 1","timestamp":"2025-04-04 11:15:23"}
{"level":"info","message":"new event triggered, now events: 1","timestamp":"2025-04-04 11:23:49"}
{"level":"info","message":"preparing execution for event","timestamp":"2025-04-04 11:23:49"}
{"level":"info","message":"execution of workflow 19 created as 37","timestamp":"2025-04-04 11:23:49"}
{"level":"info","message":"pending execution (37) ready to process","timestamp":"2025-04-04 11:23:49"}
{"level":"info","message":"queueing execution (37) from pending list updated to started","timestamp":"2025-04-04 11:23:49"}
{"level":"info","message":"execution (37) starting...","timestamp":"2025-04-04 11:23:49"}
{"level":"info","message":"execution (37) run instruction [destroy] for node (83)","timestamp":"2025-04-04 11:23:49"}
{"level":"info","message":"execution (37) run instruction [destroy] for node (83) finished as status: 1","timestamp":"2025-04-04 11:23:49"}
{"level":"info","message":"execution (37) exiting with status 1","timestamp":"2025-04-04 11:23:49"}
{"level":"info","execution":{"id":37,"context":{"data":{"createdAt":"2025-04-04T11:19:28.217Z","updatedAt":"2025-04-04T11:19:28.231Z","payment_date":null,"start_date":"2025-04-11T08:00:00.000Z","end_date":"2025-04-11T08:50:00.000Z","package_id":6,"id":28,"invoice_number":"132","student":5,"payment_method":"2","createdById":1,"updatedById":1}},"key":"ovwxg0vt98l","eventKey":"6811d781-247c-409b-93cb-a6100a033b93","stack":null,"status":1,"workflowId":19,"updatedAt":"2025-04-04T11:23:49.689Z","createdAt":"2025-04-04T11:23:49.653Z","output":null},"message":"execution (37) finished with status: 1","timestamp":"2025-04-04 11:23:49"}
{"level":"info","message":"new event triggered, now events: 1","timestamp":"2025-04-04 12:26:44"}
{"level":"info","message":"preparing execution for event","timestamp":"2025-04-04 12:26:44"}
{"level":"info","message":"execution of workflow 19 created as 39","timestamp":"2025-04-04 12:26:44"}
{"level":"info","message":"pending execution (39) ready to process","timestamp":"2025-04-04 12:26:44"}
{"level":"info","message":"queueing execution (39) from pending list updated to started","timestamp":"2025-04-04 12:26:44"}
{"level":"info","message":"execution (39) starting...","timestamp":"2025-04-04 12:26:44"}
{"level":"info","message":"execution (39) run instruction [destroy] for node (83)","timestamp":"2025-04-04 12:26:44"}
{"level":"info","message":"execution (39) run instruction [destroy] for node (83) finished as status: 1","timestamp":"2025-04-04 12:26:44"}
{"level":"info","message":"execution (39) exiting with status 1","timestamp":"2025-04-04 12:26:44"}
{"level":"info","execution":{"id":39,"context":{"data":{"createdAt":"2025-04-04T12:23:44.871Z","updatedAt":"2025-04-04T12:23:44.885Z","payment_date":"2025-04-04T12:01:23.501Z","start_date":"2024-04-21T16:00:00.000Z","end_date":"2024-04-21T16:00:00.000Z","package_id":3,"id":29,"invoice_number":"1","student":6,"payment_method":"3","createdById":1,"updatedById":1,"fee":950}},"key":"ovwxg0vt98l","eventKey":"ab05ecf6-25be-48c1-8cfe-e244c475088d","stack":null,"status":1,"workflowId":19,"updatedAt":"2025-04-04T12:26:44.426Z","createdAt":"2025-04-04T12:26:44.399Z","output":null},"message":"execution (39) finished with status: 1","timestamp":"2025-04-04 12:26:44"}
{"level":"info","message":"new event triggered, now events: 1","timestamp":"2025-04-04 12:34:24"}
{"level":"info","message":"preparing execution for event","timestamp":"2025-04-04 12:34:24"}
{"level":"info","message":"execution of workflow 19 created as 41","timestamp":"2025-04-04 12:34:24"}
{"level":"info","message":"pending execution (41) ready to process","timestamp":"2025-04-04 12:34:24"}
{"level":"info","message":"queueing execution (41) from pending list updated to started","timestamp":"2025-04-04 12:34:24"}
{"level":"info","message":"execution (41) starting...","timestamp":"2025-04-04 12:34:24"}
{"level":"info","message":"execution (41) run instruction [destroy] for node (83)","timestamp":"2025-04-04 12:34:24"}
{"level":"info","message":"execution (41) run instruction [destroy] for node (83) finished as status: 1","timestamp":"2025-04-04 12:34:24"}
{"level":"info","message":"execution (41) exiting with status 1","timestamp":"2025-04-04 12:34:24"}
{"level":"info","execution":{"id":41,"context":{"data":{"createdAt":"2025-04-04T12:32:07.821Z","updatedAt":"2025-04-04T12:32:07.836Z","payment_date":"2025-04-04T12:30:50.644Z","start_date":"2025-04-11T08:00:00.000Z","end_date":"2025-04-11T08:50:00.000Z","package_id":3,"id":30,"invoice_number":"INV002","student":5,"payment_method":"1","createdById":1,"updatedById":1,"fee":950,"progress":null}},"key":"ovwxg0vt98l","eventKey":"ba798fe5-1764-4cf1-b95e-e34ff72f6285","stack":null,"status":1,"workflowId":19,"updatedAt":"2025-04-04T12:34:24.914Z","createdAt":"2025-04-04T12:34:24.880Z","output":null},"message":"execution (41) finished with status: 1","timestamp":"2025-04-04 12:34:24"}
{"level":"info","message":"new event triggered, now events: 1","timestamp":"2025-04-04 12:37:05"}
{"level":"info","message":"preparing execution for event","timestamp":"2025-04-04 12:37:05"}
{"level":"info","message":"execution of workflow 19 created as 43","timestamp":"2025-04-04 12:37:05"}
{"level":"info","message":"pending execution (43) ready to process","timestamp":"2025-04-04 12:37:05"}
{"level":"info","message":"queueing execution (43) from pending list updated to started","timestamp":"2025-04-04 12:37:05"}
{"level":"info","message":"execution (43) starting...","timestamp":"2025-04-04 12:37:05"}
{"level":"info","message":"execution (43) run instruction [destroy] for node (83)","timestamp":"2025-04-04 12:37:05"}
{"level":"info","message":"execution (43) run instruction [destroy] for node (83) finished as status: 1","timestamp":"2025-04-04 12:37:05"}
{"level":"info","message":"execution (43) exiting with status 1","timestamp":"2025-04-04 12:37:05"}
{"level":"info","execution":{"id":43,"context":{"data":{"createdAt":"2025-04-04T12:34:47.384Z","updatedAt":"2025-04-04T12:34:47.398Z","payment_date":"2025-04-04T12:34:26.639Z","start_date":"2024-04-22T08:00:00.000Z","end_date":"2024-04-22T08:50:00.000Z","package_id":3,"id":31,"invoice_number":"INV001","student":5,"payment_method":"2","createdById":1,"updatedById":1,"fee":950,"progress":null}},"key":"ovwxg0vt98l","eventKey":"c3140ecc-5ac8-4f24-b079-98fa8dd8c01a","stack":null,"status":1,"workflowId":19,"updatedAt":"2025-04-04T12:37:05.915Z","createdAt":"2025-04-04T12:37:05.878Z","output":null},"message":"execution (43) finished with status: 1","timestamp":"2025-04-04 12:37:05"}
{"level":"info","message":"new event triggered, now events: 1","timestamp":"2025-04-04 12:45:12"}
{"level":"info","message":"preparing execution for event","timestamp":"2025-04-04 12:45:12"}
{"level":"info","message":"execution of workflow 19 created as 45","timestamp":"2025-04-04 12:45:12"}
{"level":"info","message":"pending execution (45) ready to process","timestamp":"2025-04-04 12:45:12"}
{"level":"info","message":"queueing execution (45) from pending list updated to started","timestamp":"2025-04-04 12:45:12"}
{"level":"info","message":"execution (45) starting...","timestamp":"2025-04-04 12:45:12"}
{"level":"info","message":"execution (45) run instruction [destroy] for node (83)","timestamp":"2025-04-04 12:45:12"}
{"level":"info","message":"execution (45) run instruction [destroy] for node (83) finished as status: 1","timestamp":"2025-04-04 12:45:12"}
{"level":"info","message":"execution (45) exiting with status 1","timestamp":"2025-04-04 12:45:12"}
{"level":"info","execution":{"id":45,"context":{"data":{"createdAt":"2025-04-04T12:37:52.228Z","updatedAt":"2025-04-04T12:37:52.245Z","payment_date":"2025-04-04T12:37:07.795Z","start_date":"2025-04-11T08:00:00.000Z","end_date":"2025-04-11T08:50:00.000Z","package_id":3,"id":32,"invoice_number":"INV001","student":5,"payment_method":"1","createdById":1,"updatedById":1,"fee":950,"progress":null}},"key":"ovwxg0vt98l","eventKey":"32bd4d7a-8a02-4b81-9bdf-347d4ceef0ff","stack":null,"status":1,"workflowId":19,"updatedAt":"2025-04-04T12:45:12.359Z","createdAt":"2025-04-04T12:45:12.327Z","output":null},"message":"execution (45) finished with status: 1","timestamp":"2025-04-04 12:45:12"}
{"level":"info","message":"new event triggered, now events: 1","timestamp":"2025-04-04 12:49:48"}
{"level":"info","message":"preparing execution for event","timestamp":"2025-04-04 12:49:48"}
{"level":"info","message":"execution of workflow 19 created as 47","timestamp":"2025-04-04 12:49:48"}
{"level":"info","message":"pending execution (47) ready to process","timestamp":"2025-04-04 12:49:48"}
{"level":"info","message":"queueing execution (47) from pending list updated to started","timestamp":"2025-04-04 12:49:48"}
{"level":"info","message":"execution (47) starting...","timestamp":"2025-04-04 12:49:48"}
{"level":"info","message":"execution (47) run instruction [destroy] for node (83)","timestamp":"2025-04-04 12:49:48"}
{"level":"info","message":"execution (47) run instruction [destroy] for node (83) finished as status: 1","timestamp":"2025-04-04 12:49:48"}
{"level":"info","message":"execution (47) exiting with status 1","timestamp":"2025-04-04 12:49:48"}
{"level":"info","execution":{"id":47,"context":{"data":{"createdAt":"2025-04-04T12:45:32.570Z","updatedAt":"2025-04-04T12:45:32.581Z","payment_date":"2025-04-04T12:45:15.586Z","start_date":"2024-04-22T08:00:00.000Z","end_date":"2024-04-22T08:50:00.000Z","package_id":3,"id":33,"invoice_number":"INV","student":5,"payment_method":"1","createdById":1,"updatedById":1,"fee":950,"progress":null}},"key":"ovwxg0vt98l","eventKey":"ecfcd890-d9e5-45c4-98d9-e823c18c50a2","stack":null,"status":1,"workflowId":19,"updatedAt":"2025-04-04T12:49:48.325Z","createdAt":"2025-04-04T12:49:48.271Z","output":null},"message":"execution (47) finished with status: 1","timestamp":"2025-04-04 12:49:48"}
{"level":"info","message":"new event triggered, now events: 1","timestamp":"2025-04-04 12:51:49"}
{"level":"info","message":"preparing execution for event","timestamp":"2025-04-04 12:51:49"}
{"level":"info","message":"execution of workflow 19 created as 49","timestamp":"2025-04-04 12:51:49"}
{"level":"info","message":"pending execution (49) ready to process","timestamp":"2025-04-04 12:51:49"}
{"level":"info","message":"queueing execution (49) from pending list updated to started","timestamp":"2025-04-04 12:51:49"}
{"level":"info","message":"execution (49) starting...","timestamp":"2025-04-04 12:51:49"}
{"level":"info","message":"execution (49) run instruction [destroy] for node (83)","timestamp":"2025-04-04 12:51:49"}
{"level":"info","message":"execution (49) run instruction [destroy] for node (83) finished as status: 1","timestamp":"2025-04-04 12:51:49"}
{"level":"info","message":"execution (49) exiting with status 1","timestamp":"2025-04-04 12:51:49"}
{"level":"info","execution":{"id":49,"context":{"data":{"createdAt":"2025-04-04T12:50:01.359Z","updatedAt":"2025-04-04T12:50:01.365Z","payment_date":"2025-04-04T12:49:49.459Z","start_date":"2024-04-22T08:00:00.000Z","end_date":"2024-04-22T08:50:00.000Z","package_id":3,"id":34,"invoice_number":"INV","student":5,"payment_method":"1","createdById":1,"updatedById":1,"fee":950,"progress":null}},"key":"ovwxg0vt98l","eventKey":"a31853c0-03a6-46d9-8d04-5328f471e24a","stack":null,"status":1,"workflowId":19,"updatedAt":"2025-04-04T12:51:49.405Z","createdAt":"2025-04-04T12:51:49.370Z","output":null},"message":"execution (49) finished with status: 1","timestamp":"2025-04-04 12:51:49"}
