{"level":"info","message":"new event triggered, now events: 1","timestamp":"2025-04-19 11:47:47"}
{"level":"info","message":"new event triggered, now events: 2","timestamp":"2025-04-19 11:47:47"}
{"level":"info","message":"new event is pending to be prepared after previous preparation is finished","timestamp":"2025-04-19 11:47:47"}
{"level":"info","message":"new event triggered, now events: 3","timestamp":"2025-04-19 11:47:47"}
{"level":"info","message":"new event is pending to be prepared after previous preparation is finished","timestamp":"2025-04-19 11:47:47"}
{"level":"info","message":"new event triggered, now events: 4","timestamp":"2025-04-19 11:47:47"}
{"level":"info","message":"new event is pending to be prepared after previous preparation is finished","timestamp":"2025-04-19 11:47:47"}
{"level":"info","message":"new event triggered, now events: 5","timestamp":"2025-04-19 11:47:47"}
{"level":"info","message":"new event is pending to be prepared after previous preparation is finished","timestamp":"2025-04-19 11:47:47"}
{"level":"info","message":"new event triggered, now events: 6","timestamp":"2025-04-19 11:47:47"}
{"level":"info","message":"new event is pending to be prepared after previous preparation is finished","timestamp":"2025-04-19 11:47:47"}
{"level":"info","message":"new event triggered, now events: 7","timestamp":"2025-04-19 11:47:47"}
{"level":"info","message":"new event is pending to be prepared after previous preparation is finished","timestamp":"2025-04-19 11:47:47"}
{"level":"info","message":"preparing execution for event","timestamp":"2025-04-19 11:47:47"}
{"level":"info","message":"execution of workflow 19 created as 1236","timestamp":"2025-04-19 11:47:47"}
{"level":"info","message":"preparing execution for event","timestamp":"2025-04-19 11:47:47"}
{"level":"info","message":"execution of workflow 19 created as 1237","timestamp":"2025-04-19 11:47:47"}
{"level":"info","message":"preparing execution for event","timestamp":"2025-04-19 11:47:47"}
{"level":"info","message":"execution of workflow 19 created as 1238","timestamp":"2025-04-19 11:47:47"}
{"level":"info","message":"preparing execution for event","timestamp":"2025-04-19 11:47:47"}
{"level":"info","message":"execution of workflow 19 created as 1239","timestamp":"2025-04-19 11:47:47"}
{"level":"info","message":"preparing execution for event","timestamp":"2025-04-19 11:47:47"}
{"level":"info","message":"execution of workflow 19 created as 1240","timestamp":"2025-04-19 11:47:47"}
{"level":"info","message":"preparing execution for event","timestamp":"2025-04-19 11:47:47"}
{"level":"info","message":"execution of workflow 19 created as 1241","timestamp":"2025-04-19 11:47:47"}
{"level":"info","message":"preparing execution for event","timestamp":"2025-04-19 11:47:47"}
{"level":"info","message":"execution of workflow 19 created as 1242","timestamp":"2025-04-19 11:47:47"}
{"level":"info","message":"pending execution (1236) ready to process","timestamp":"2025-04-19 11:47:47"}
{"level":"info","message":"queueing execution (1236) from pending list updated to started","timestamp":"2025-04-19 11:47:47"}
{"level":"info","message":"execution (1236) starting...","timestamp":"2025-04-19 11:47:47"}
{"level":"info","message":"execution (1236) run instruction [destroy] for node (83)","timestamp":"2025-04-19 11:47:47"}
{"level":"info","message":"execution (1236) run instruction [destroy] for node (83) finished as status: 1","timestamp":"2025-04-19 11:47:47"}
{"level":"info","message":"execution (1236) exiting with status 1","timestamp":"2025-04-19 11:47:47"}
{"level":"info","execution":{"id":1236,"context":{"data":{"createdAt":"2025-04-18T07:32:41.844Z","updatedAt":"2025-04-18T07:32:41.860Z","start_date":"2025-04-20T02:00:00.000Z","end_date":"2025-04-20T02:40:00.000Z","package_id":2,"id":163,"payment_method":"Cash","progress":0,"fee":0,"transport_fee":0,"student_id":10,"total":0,"invoice_number":"T-INV1","payment_date":"2025-04-18","createdById":1,"updatedById":1,"month_convert":null}},"key":"ovwxg0vt98l","eventKey":"2455293f-fac9-476d-9ad4-8216e0446e3e","stack":null,"status":1,"workflowId":19,"updatedAt":"2025-04-19T11:47:47.449Z","createdAt":"2025-04-19T11:47:47.164Z","output":null},"message":"execution (1236) finished with status: 1","timestamp":"2025-04-19 11:47:47"}
{"level":"info","message":"execution (1237) fetched from db","timestamp":"2025-04-19 11:47:47"}
{"level":"info","message":"execution (1237) starting...","timestamp":"2025-04-19 11:47:47"}
{"level":"info","message":"execution (1237) run instruction [destroy] for node (83)","timestamp":"2025-04-19 11:47:47"}
{"level":"info","message":"execution (1237) run instruction [destroy] for node (83) finished as status: 1","timestamp":"2025-04-19 11:47:47"}
{"level":"info","message":"execution (1237) exiting with status 1","timestamp":"2025-04-19 11:47:47"}
{"level":"info","execution":{"id":1237,"createdAt":"2025-04-19T11:47:47.189Z","updatedAt":"2025-04-19T11:47:47.468Z","key":"ovwxg0vt98l","eventKey":"840ef600-3800-430a-9308-298bc0b5108d","context":{"data":{"createdAt":"2025-04-18T02:34:48.946Z","updatedAt":"2025-04-18T05:58:51.225Z","start_date":"2025-04-18T08:00:26.000Z","end_date":"2025-04-18T08:50:00.000Z","package_id":3,"id":160,"payment_method":"Cash","progress":0,"fee":950,"transport_fee":20,"student_id":5,"total":970,"invoice_number":"INV2","payment_date":"2025-04-18","createdById":1,"updatedById":1,"month_convert":null}},"status":1,"stack":null,"output":null,"workflowId":19},"message":"execution (1237) finished with status: 1","timestamp":"2025-04-19 11:47:47"}
{"level":"info","message":"execution (1238) fetched from db","timestamp":"2025-04-19 11:47:47"}
{"level":"info","message":"execution (1238) starting...","timestamp":"2025-04-19 11:47:47"}
{"level":"info","message":"execution (1238) run instruction [destroy] for node (83)","timestamp":"2025-04-19 11:47:47"}
{"level":"info","message":"execution (1238) run instruction [destroy] for node (83) finished as status: 1","timestamp":"2025-04-19 11:47:47"}
{"level":"info","message":"execution (1238) exiting with status 1","timestamp":"2025-04-19 11:47:47"}
{"level":"info","execution":{"id":1238,"createdAt":"2025-04-19T11:47:47.238Z","updatedAt":"2025-04-19T11:47:47.483Z","key":"ovwxg0vt98l","eventKey":"d4ada1a6-86ef-4115-a721-876b84dbaa6f","context":{"data":{"createdAt":"2025-04-18T01:06:45.091Z","updatedAt":"2025-04-18T05:58:13.030Z","start_date":"2025-04-18T08:00:26.000Z","end_date":"2025-04-18T08:50:00.000Z","package_id":2,"id":159,"payment_method":"Cash","progress":0,"fee":400,"transport_fee":0,"student_id":5,"total":400,"invoice_number":"INV1","payment_date":"2025-04-18","createdById":1,"updatedById":1,"month_convert":null}},"status":1,"stack":null,"output":null,"workflowId":19},"message":"execution (1238) finished with status: 1","timestamp":"2025-04-19 11:47:47"}
{"level":"info","message":"execution (1239) fetched from db","timestamp":"2025-04-19 11:47:47"}
{"level":"info","message":"execution (1239) starting...","timestamp":"2025-04-19 11:47:47"}
{"level":"info","message":"execution (1239) run instruction [destroy] for node (83)","timestamp":"2025-04-19 11:47:47"}
{"level":"info","message":"execution (1239) run instruction [destroy] for node (83) finished as status: 1","timestamp":"2025-04-19 11:47:47"}
{"level":"info","message":"execution (1239) exiting with status 1","timestamp":"2025-04-19 11:47:47"}
{"level":"info","execution":{"id":1239,"createdAt":"2025-04-19T11:47:47.282Z","updatedAt":"2025-04-19T11:47:47.499Z","key":"ovwxg0vt98l","eventKey":"b7acb789-170a-46ab-877a-5ce7f15a69ea","context":{"data":{"createdAt":"2025-04-18T05:11:46.816Z","updatedAt":"2025-04-18T05:58:31.625Z","start_date":"2025-04-18T00:00:00.000Z","end_date":"2025-04-18T00:40:00.000Z","package_id":3,"id":161,"payment_method":"Online Transfer","progress":0.1,"fee":950,"transport_fee":0,"student_id":10,"total":950,"invoice_number":"INV250401-0032","payment_date":"2025-04-01","createdById":1,"updatedById":1,"month_convert":null}},"status":1,"stack":null,"output":null,"workflowId":19},"message":"execution (1239) finished with status: 1","timestamp":"2025-04-19 11:47:47"}
{"level":"info","message":"execution (1240) fetched from db","timestamp":"2025-04-19 11:47:47"}
{"level":"info","message":"execution (1240) starting...","timestamp":"2025-04-19 11:47:47"}
{"level":"info","message":"execution (1240) run instruction [destroy] for node (83)","timestamp":"2025-04-19 11:47:47"}
{"level":"info","message":"execution (1240) run instruction [destroy] for node (83) finished as status: 1","timestamp":"2025-04-19 11:47:47"}
{"level":"info","message":"execution (1240) exiting with status 1","timestamp":"2025-04-19 11:47:47"}
{"level":"info","execution":{"id":1240,"createdAt":"2025-04-19T11:47:47.317Z","updatedAt":"2025-04-19T11:47:47.514Z","key":"ovwxg0vt98l","eventKey":"70587349-40c5-4369-95e4-ad4e8da8b72c","context":{"data":{"createdAt":"2025-04-18T14:21:42.511Z","updatedAt":"2025-04-18T14:21:42.531Z","start_date":"2025-04-18T08:00:26.000Z","end_date":"2025-04-18T08:50:00.000Z","package_id":8,"id":164,"payment_method":"Cash","progress":0,"fee":280,"transport_fee":0,"student_id":5,"total":280,"invoice_number":"INV123","payment_date":"2025-04-18","createdById":1,"updatedById":1,"month_convert":null}},"status":1,"stack":null,"output":null,"workflowId":19},"message":"execution (1240) finished with status: 1","timestamp":"2025-04-19 11:47:47"}
{"level":"info","message":"execution (1241) fetched from db","timestamp":"2025-04-19 11:47:47"}
{"level":"info","message":"execution (1241) starting...","timestamp":"2025-04-19 11:47:47"}
{"level":"info","message":"execution (1241) run instruction [destroy] for node (83)","timestamp":"2025-04-19 11:47:47"}
{"level":"info","message":"execution (1241) run instruction [destroy] for node (83) finished as status: 1","timestamp":"2025-04-19 11:47:47"}
{"level":"info","message":"execution (1241) exiting with status 1","timestamp":"2025-04-19 11:47:47"}
{"level":"info","execution":{"id":1241,"createdAt":"2025-04-19T11:47:47.338Z","updatedAt":"2025-04-19T11:47:47.528Z","key":"ovwxg0vt98l","eventKey":"d94695cc-cc4b-49c9-a241-3431b3870074","context":{"data":{"createdAt":"2025-04-19T00:51:42.539Z","updatedAt":"2025-04-19T00:51:42.574Z","start_date":"2025-04-19T08:00:26.000Z","end_date":"2025-04-19T08:50:00.000Z","package_id":63,"id":165,"payment_method":"Cash","progress":0.25,"fee":200,"transport_fee":0,"student_id":5,"total":200,"invoice_number":"INV3","payment_date":"2025-04-19","createdById":1,"updatedById":1,"month_convert":null}},"status":1,"stack":null,"output":null,"workflowId":19},"message":"execution (1241) finished with status: 1","timestamp":"2025-04-19 11:47:47"}
{"level":"info","message":"execution (1242) fetched from db","timestamp":"2025-04-19 11:47:47"}
{"level":"info","message":"execution (1242) starting...","timestamp":"2025-04-19 11:47:47"}
{"level":"info","message":"execution (1242) run instruction [destroy] for node (83)","timestamp":"2025-04-19 11:47:47"}
{"level":"info","message":"execution (1242) run instruction [destroy] for node (83) finished as status: 1","timestamp":"2025-04-19 11:47:47"}
{"level":"info","message":"execution (1242) exiting with status 1","timestamp":"2025-04-19 11:47:47"}
{"level":"info","execution":{"id":1242,"createdAt":"2025-04-19T11:47:47.362Z","updatedAt":"2025-04-19T11:47:47.541Z","key":"ovwxg0vt98l","eventKey":"83110be2-5ed1-4ffe-ae75-27b3e15f06c2","context":{"data":{"createdAt":"2025-04-19T04:48:32.086Z","updatedAt":"2025-04-19T04:48:32.110Z","start_date":"2025-04-19T08:00:26.000Z","end_date":"2025-04-19T08:50:00.000Z","package_id":69,"id":166,"payment_method":"Cash","progress":null,"fee":null,"transport_fee":20,"student_id":5,"total":20,"invoice_number":"INV4","payment_date":"2025-04-19","createdById":1,"updatedById":1,"month_convert":null}},"status":1,"stack":null,"output":null,"workflowId":19},"message":"execution (1242) finished with status: 1","timestamp":"2025-04-19 11:47:47"}
