{"level":"info","message":"new event triggered, now events: 1","timestamp":"2025-04-09 01:17:20"}
{"level":"info","message":"new event triggered, now events: 2","timestamp":"2025-04-09 01:17:20"}
{"level":"info","message":"new event is pending to be prepared after previous preparation is finished","timestamp":"2025-04-09 01:17:20"}
{"level":"info","message":"new event triggered, now events: 3","timestamp":"2025-04-09 01:17:20"}
{"level":"info","message":"new event is pending to be prepared after previous preparation is finished","timestamp":"2025-04-09 01:17:20"}
{"level":"info","message":"preparing execution for event","timestamp":"2025-04-09 01:17:20"}
{"level":"info","message":"execution of workflow 19 created as 440","timestamp":"2025-04-09 01:17:20"}
{"level":"info","message":"preparing execution for event","timestamp":"2025-04-09 01:17:20"}
{"level":"info","message":"execution of workflow 19 created as 441","timestamp":"2025-04-09 01:17:20"}
{"level":"info","message":"preparing execution for event","timestamp":"2025-04-09 01:17:20"}
{"level":"info","message":"execution of workflow 19 created as 442","timestamp":"2025-04-09 01:17:20"}
{"level":"info","message":"pending execution (440) ready to process","timestamp":"2025-04-09 01:17:20"}
{"level":"info","message":"queueing execution (440) from pending list updated to started","timestamp":"2025-04-09 01:17:20"}
{"level":"info","message":"execution (440) starting...","timestamp":"2025-04-09 01:17:20"}
{"level":"info","message":"execution (440) run instruction [destroy] for node (83)","timestamp":"2025-04-09 01:17:20"}
{"level":"info","message":"execution (440) run instruction [destroy] for node (83) finished as status: 1","timestamp":"2025-04-09 01:17:20"}
{"level":"info","message":"execution (440) exiting with status 1","timestamp":"2025-04-09 01:17:20"}
{"level":"info","execution":{"id":440,"context":{"data":{"createdAt":"2025-04-08T15:19:47.787Z","updatedAt":"2025-04-08T15:19:47.798Z","payment_date":"2025-04-08T15:19:32.421Z","start_date":"2025-04-08T08:00:26.000Z","end_date":"2025-04-08T08:50:00.000Z","package_id":1,"id":86,"invoice_number":"INV1","payment_method":"1","fee":120,"student_id":5,"createdById":1,"updatedById":1,"progress":0}},"key":"ovwxg0vt98l","eventKey":"ea2e5f2b-35b4-4ce5-ab22-4caa7050b143","stack":null,"status":1,"workflowId":19,"updatedAt":"2025-04-09T01:17:20.384Z","createdAt":"2025-04-09T01:17:20.165Z","output":null},"message":"execution (440) finished with status: 1","timestamp":"2025-04-09 01:17:20"}
{"level":"info","message":"execution (441) fetched from db","timestamp":"2025-04-09 01:17:20"}
{"level":"info","message":"execution (441) starting...","timestamp":"2025-04-09 01:17:20"}
{"level":"info","message":"execution (441) run instruction [destroy] for node (83)","timestamp":"2025-04-09 01:17:20"}
{"level":"info","message":"execution (441) run instruction [destroy] for node (83) finished as status: 1","timestamp":"2025-04-09 01:17:20"}
{"level":"info","message":"execution (441) exiting with status 1","timestamp":"2025-04-09 01:17:20"}
{"level":"info","execution":{"id":441,"createdAt":"2025-04-09T01:17:20.231Z","updatedAt":"2025-04-09T01:17:20.414Z","key":"ovwxg0vt98l","eventKey":"2fcaa1c8-58eb-43f8-a02e-b1c41878b33c","context":{"data":{"createdAt":"2025-04-08T15:19:55.949Z","updatedAt":"2025-04-08T15:19:55.956Z","payment_date":"2025-04-08T15:19:49.724Z","start_date":"2025-04-08T00:00:26.000Z","end_date":"2025-04-08T00:40:00.000Z","package_id":2,"id":87,"invoice_number":"INV2","payment_method":"2","fee":400,"student_id":6,"createdById":1,"updatedById":1,"progress":0}},"status":1,"stack":null,"output":null,"workflowId":19},"message":"execution (441) finished with status: 1","timestamp":"2025-04-09 01:17:20"}
{"level":"info","message":"execution (442) fetched from db","timestamp":"2025-04-09 01:17:20"}
{"level":"info","message":"execution (442) starting...","timestamp":"2025-04-09 01:17:20"}
{"level":"info","message":"execution (442) run instruction [destroy] for node (83)","timestamp":"2025-04-09 01:17:20"}
{"level":"info","message":"execution (442) run instruction [destroy] for node (83) finished as status: 1","timestamp":"2025-04-09 01:17:20"}
{"level":"info","message":"execution (442) exiting with status 1","timestamp":"2025-04-09 01:17:20"}
{"level":"info","execution":{"id":442,"createdAt":"2025-04-09T01:17:20.238Z","updatedAt":"2025-04-09T01:17:20.431Z","key":"ovwxg0vt98l","eventKey":"468db395-4ef0-46ff-9cf3-b7db85931382","context":{"data":{"createdAt":"2025-04-08T15:20:05.560Z","updatedAt":"2025-04-09T00:24:44.334Z","payment_date":"2025-04-08T15:19:57.636Z","start_date":"2025-04-08T00:00:26.000Z","end_date":"2025-04-08T00:30:00.000Z","package_id":3,"id":88,"invoice_number":"INV3","payment_method":"1","fee":950,"student_id":7,"createdById":1,"updatedById":1,"progress":0.2}},"status":1,"stack":null,"output":null,"workflowId":19},"message":"execution (442) finished with status: 1","timestamp":"2025-04-09 01:17:20"}
{"level":"info","message":"new event triggered, now events: 1","timestamp":"2025-04-09 15:48:13"}
{"level":"info","message":"new event triggered, now events: 2","timestamp":"2025-04-09 15:48:13"}
{"level":"info","message":"new event is pending to be prepared after previous preparation is finished","timestamp":"2025-04-09 15:48:13"}
{"level":"info","message":"preparing execution for event","timestamp":"2025-04-09 15:48:13"}
{"level":"info","message":"execution of workflow 19 created as 591","timestamp":"2025-04-09 15:48:13"}
{"level":"info","message":"preparing execution for event","timestamp":"2025-04-09 15:48:13"}
{"level":"info","message":"execution of workflow 19 created as 592","timestamp":"2025-04-09 15:48:13"}
{"level":"info","message":"pending execution (591) ready to process","timestamp":"2025-04-09 15:48:13"}
{"level":"info","message":"queueing execution (591) from pending list updated to started","timestamp":"2025-04-09 15:48:13"}
{"level":"info","message":"execution (591) starting...","timestamp":"2025-04-09 15:48:13"}
{"level":"info","message":"execution (591) run instruction [destroy] for node (83)","timestamp":"2025-04-09 15:48:13"}
{"level":"info","message":"execution (591) run instruction [destroy] for node (83) finished as status: 1","timestamp":"2025-04-09 15:48:13"}
{"level":"info","message":"execution (591) exiting with status 1","timestamp":"2025-04-09 15:48:13"}
{"level":"info","execution":{"id":591,"context":{"data":{"createdAt":"2025-04-09T07:55:46.558Z","updatedAt":"2025-04-09T07:55:46.588Z","payment_date":"2025-04-09T07:55:37.612Z","start_date":"2025-04-09T08:00:26.000Z","end_date":"2025-04-09T08:50:00.000Z","package_id":2,"id":89,"invoice_number":"INV1","payment_method":"1","fee":100,"progress":0,"student_id":5,"createdById":1,"updatedById":1}},"key":"ovwxg0vt98l","eventKey":"bc5be5a9-de53-40b0-95c2-b296df0ee305","stack":null,"status":1,"workflowId":19,"updatedAt":"2025-04-09T15:48:13.629Z","createdAt":"2025-04-09T15:48:13.555Z","output":null},"message":"execution (591) finished with status: 1","timestamp":"2025-04-09 15:48:13"}
{"level":"info","message":"execution (592) fetched from db","timestamp":"2025-04-09 15:48:13"}
{"level":"info","message":"execution (592) starting...","timestamp":"2025-04-09 15:48:13"}
{"level":"info","message":"execution (592) run instruction [destroy] for node (83)","timestamp":"2025-04-09 15:48:13"}
{"level":"info","message":"execution (592) run instruction [destroy] for node (83) finished as status: 1","timestamp":"2025-04-09 15:48:13"}
{"level":"info","message":"execution (592) exiting with status 1","timestamp":"2025-04-09 15:48:13"}
{"level":"info","execution":{"id":592,"createdAt":"2025-04-09T15:48:13.579Z","updatedAt":"2025-04-09T15:48:13.652Z","key":"ovwxg0vt98l","eventKey":"ae1598bc-a5f4-4cbe-abe8-83a84cfd1df5","context":{"data":{"createdAt":"2025-04-09T07:55:58.739Z","updatedAt":"2025-04-09T07:55:58.745Z","payment_date":"2025-04-09T07:55:51.880Z","start_date":"2025-04-09T00:00:26.000Z","end_date":"2025-04-09T00:40:00.000Z","package_id":3,"id":90,"invoice_number":"INV2","payment_method":"2","fee":95,"progress":0,"student_id":6,"createdById":1,"updatedById":1}},"status":1,"stack":null,"output":null,"workflowId":19},"message":"execution (592) finished with status: 1","timestamp":"2025-04-09 15:48:13"}
