{"level":"info","message":"new event triggered, now events: 1","timestamp":"2025-04-05 01:54:32"}
{"level":"info","message":"preparing execution for event","timestamp":"2025-04-05 01:54:32"}
{"level":"info","message":"execution of workflow 19 created as 66","timestamp":"2025-04-05 01:54:32"}
{"level":"info","message":"pending execution (66) ready to process","timestamp":"2025-04-05 01:54:32"}
{"level":"info","message":"queueing execution (66) from pending list updated to started","timestamp":"2025-04-05 01:54:32"}
{"level":"info","message":"execution (66) starting...","timestamp":"2025-04-05 01:54:32"}
{"level":"info","message":"execution (66) run instruction [destroy] for node (83)","timestamp":"2025-04-05 01:54:32"}
{"level":"info","message":"execution (66) run instruction [destroy] for node (83) finished as status: 1","timestamp":"2025-04-05 01:54:32"}
{"level":"info","message":"execution (66) exiting with status 1","timestamp":"2025-04-05 01:54:32"}
{"level":"info","execution":{"id":66,"context":{"data":{"createdAt":"2025-04-04T12:51:59.382Z","updatedAt":"2025-04-05T01:33:12.852Z","payment_date":"2025-04-04T12:51:50.604Z","start_date":"2024-04-22T08:00:00.000Z","end_date":"2024-04-22T08:50:00.000Z","package_id":3,"id":35,"invoice_number":"INV2","student":5,"payment_method":"1","createdById":1,"updatedById":1,"fee":950,"progress":0}},"key":"ovwxg0vt98l","eventKey":"9445d535-c731-4689-9c78-4edfda243488","stack":null,"status":1,"workflowId":19,"updatedAt":"2025-04-05T01:54:32.421Z","createdAt":"2025-04-05T01:54:32.393Z","output":null},"message":"execution (66) finished with status: 1","timestamp":"2025-04-05 01:54:32"}
{"level":"info","message":"new event triggered, now events: 1","timestamp":"2025-04-05 02:23:03"}
{"level":"info","message":"preparing execution for event","timestamp":"2025-04-05 02:23:03"}
{"level":"info","message":"execution of workflow 19 created as 68","timestamp":"2025-04-05 02:23:03"}
{"level":"info","message":"pending execution (68) ready to process","timestamp":"2025-04-05 02:23:04"}
{"level":"info","message":"queueing execution (68) from pending list updated to started","timestamp":"2025-04-05 02:23:04"}
{"level":"info","message":"execution (68) starting...","timestamp":"2025-04-05 02:23:04"}
{"level":"info","message":"execution (68) run instruction [destroy] for node (83)","timestamp":"2025-04-05 02:23:04"}
{"level":"info","message":"execution (68) run instruction [destroy] for node (83) finished as status: 1","timestamp":"2025-04-05 02:23:04"}
{"level":"info","message":"execution (68) exiting with status 1","timestamp":"2025-04-05 02:23:04"}
{"level":"info","execution":{"id":68,"context":{"data":{"createdAt":"2025-04-05T02:19:15.533Z","updatedAt":"2025-04-05T02:19:15.559Z","payment_date":"2025-04-05T02:18:48.316Z","start_date":"2025-04-12T08:00:00.000Z","end_date":"2025-04-12T08:50:00.000Z","package_id":3,"id":36,"invoice_number":"INV001","student":5,"payment_method":"1","createdById":1,"updatedById":1,"fee":950,"progress":null}},"key":"ovwxg0vt98l","eventKey":"fe317ccf-68ca-4f0b-b01e-2b9645c2f62a","stack":null,"status":1,"workflowId":19,"updatedAt":"2025-04-05T02:23:04.043Z","createdAt":"2025-04-05T02:23:03.994Z","output":null},"message":"execution (68) finished with status: 1","timestamp":"2025-04-05 02:23:04"}
