{"level":"info","message":"new event triggered, now events: 1","timestamp":"2025-04-11 12:36:12"}
{"level":"info","message":"new event triggered, now events: 2","timestamp":"2025-04-11 12:36:12"}
{"level":"info","message":"new event is pending to be prepared after previous preparation is finished","timestamp":"2025-04-11 12:36:12"}
{"level":"info","message":"new event triggered, now events: 3","timestamp":"2025-04-11 12:36:12"}
{"level":"info","message":"new event is pending to be prepared after previous preparation is finished","timestamp":"2025-04-11 12:36:12"}
{"level":"info","message":"new event triggered, now events: 4","timestamp":"2025-04-11 12:36:12"}
{"level":"info","message":"new event is pending to be prepared after previous preparation is finished","timestamp":"2025-04-11 12:36:12"}
{"level":"info","message":"new event triggered, now events: 5","timestamp":"2025-04-11 12:36:12"}
{"level":"info","message":"new event is pending to be prepared after previous preparation is finished","timestamp":"2025-04-11 12:36:12"}
{"level":"info","message":"new event triggered, now events: 6","timestamp":"2025-04-11 12:36:12"}
{"level":"info","message":"new event is pending to be prepared after previous preparation is finished","timestamp":"2025-04-11 12:36:12"}
{"level":"info","message":"preparing execution for event","timestamp":"2025-04-11 12:36:12"}
{"level":"info","message":"execution of workflow 19 created as 739","timestamp":"2025-04-11 12:36:12"}
{"level":"info","message":"preparing execution for event","timestamp":"2025-04-11 12:36:12"}
{"level":"info","message":"execution of workflow 19 created as 740","timestamp":"2025-04-11 12:36:12"}
{"level":"info","message":"preparing execution for event","timestamp":"2025-04-11 12:36:12"}
{"level":"info","message":"execution of workflow 19 created as 741","timestamp":"2025-04-11 12:36:12"}
{"level":"info","message":"preparing execution for event","timestamp":"2025-04-11 12:36:12"}
{"level":"info","message":"execution of workflow 19 created as 742","timestamp":"2025-04-11 12:36:12"}
{"level":"info","message":"preparing execution for event","timestamp":"2025-04-11 12:36:12"}
{"level":"info","message":"execution of workflow 19 created as 743","timestamp":"2025-04-11 12:36:12"}
{"level":"info","message":"preparing execution for event","timestamp":"2025-04-11 12:36:12"}
{"level":"info","message":"execution of workflow 19 created as 744","timestamp":"2025-04-11 12:36:12"}
{"level":"info","message":"pending execution (739) ready to process","timestamp":"2025-04-11 12:36:12"}
{"level":"info","message":"queueing execution (739) from pending list updated to started","timestamp":"2025-04-11 12:36:12"}
{"level":"info","message":"execution (739) starting...","timestamp":"2025-04-11 12:36:12"}
{"level":"info","message":"execution (739) run instruction [destroy] for node (83)","timestamp":"2025-04-11 12:36:12"}
{"level":"info","message":"execution (739) run instruction [destroy] for node (83) finished as status: 1","timestamp":"2025-04-11 12:36:12"}
{"level":"info","message":"execution (739) exiting with status 1","timestamp":"2025-04-11 12:36:12"}
{"level":"info","execution":{"id":739,"context":{"data":{"createdAt":"2025-04-10T00:56:36.410Z","updatedAt":"2025-04-10T00:56:36.421Z","start_date":null,"end_date":null,"package_id":3,"id":98,"payment_method":"1","fee":950,"progress":0,"student_id":5,"invoice_number":null,"payment_date":null,"createdById":1,"updatedById":1}},"key":"ovwxg0vt98l","eventKey":"c10b4e3b-c662-4516-9f3f-685a8090696a","stack":null,"status":1,"workflowId":19,"updatedAt":"2025-04-11T12:36:12.729Z","createdAt":"2025-04-11T12:36:12.572Z","output":null},"message":"execution (739) finished with status: 1","timestamp":"2025-04-11 12:36:12"}
{"level":"info","message":"execution (740) fetched from db","timestamp":"2025-04-11 12:36:12"}
{"level":"info","message":"execution (740) starting...","timestamp":"2025-04-11 12:36:12"}
{"level":"info","message":"execution (740) run instruction [destroy] for node (83)","timestamp":"2025-04-11 12:36:12"}
{"level":"info","message":"execution (740) run instruction [destroy] for node (83) finished as status: 1","timestamp":"2025-04-11 12:36:12"}
{"level":"info","message":"execution (740) exiting with status 1","timestamp":"2025-04-11 12:36:12"}
{"level":"info","execution":{"id":740,"createdAt":"2025-04-11T12:36:12.593Z","updatedAt":"2025-04-11T12:36:12.789Z","key":"ovwxg0vt98l","eventKey":"99f3bb5c-9d96-4744-b1e3-290e4a438260","context":{"data":{"createdAt":"2025-04-10T00:57:05.523Z","updatedAt":"2025-04-10T00:57:05.541Z","start_date":null,"end_date":null,"package_id":3,"id":99,"payment_method":"1","fee":950,"progress":0,"student_id":6,"invoice_number":null,"payment_date":null,"createdById":1,"updatedById":1}},"status":1,"stack":null,"output":null,"workflowId":19},"message":"execution (740) finished with status: 1","timestamp":"2025-04-11 12:36:12"}
{"level":"info","message":"execution (741) fetched from db","timestamp":"2025-04-11 12:36:12"}
{"level":"info","message":"execution (741) starting...","timestamp":"2025-04-11 12:36:12"}
{"level":"info","message":"execution (741) run instruction [destroy] for node (83)","timestamp":"2025-04-11 12:36:12"}
{"level":"info","message":"execution (741) run instruction [destroy] for node (83) finished as status: 1","timestamp":"2025-04-11 12:36:12"}
{"level":"info","message":"execution (741) exiting with status 1","timestamp":"2025-04-11 12:36:12"}
{"level":"info","execution":{"id":741,"createdAt":"2025-04-11T12:36:12.605Z","updatedAt":"2025-04-11T12:36:12.838Z","key":"ovwxg0vt98l","eventKey":"9c2e52ff-2782-4152-8664-84e5a786a124","context":{"data":{"createdAt":"2025-04-10T01:00:53.810Z","updatedAt":"2025-04-10T01:00:53.824Z","start_date":null,"end_date":null,"package_id":3,"id":100,"payment_method":"1","fee":950,"progress":0,"student_id":7,"invoice_number":null,"payment_date":null,"createdById":1,"updatedById":1}},"status":1,"stack":null,"output":null,"workflowId":19},"message":"execution (741) finished with status: 1","timestamp":"2025-04-11 12:36:12"}
{"level":"info","message":"execution (742) fetched from db","timestamp":"2025-04-11 12:36:12"}
{"level":"info","message":"execution (742) starting...","timestamp":"2025-04-11 12:36:12"}
{"level":"info","message":"execution (742) run instruction [destroy] for node (83)","timestamp":"2025-04-11 12:36:12"}
{"level":"info","message":"execution (742) run instruction [destroy] for node (83) finished as status: 1","timestamp":"2025-04-11 12:36:12"}
{"level":"info","message":"execution (742) exiting with status 1","timestamp":"2025-04-11 12:36:12"}
{"level":"info","execution":{"id":742,"createdAt":"2025-04-11T12:36:12.618Z","updatedAt":"2025-04-11T12:36:12.885Z","key":"ovwxg0vt98l","eventKey":"aec23986-e4ba-40ce-99aa-24d5ba043efb","context":{"data":{"createdAt":"2025-04-10T00:55:09.593Z","updatedAt":"2025-04-10T14:46:47.185Z","start_date":null,"end_date":null,"package_id":3,"id":96,"payment_method":"4","fee":950,"progress":0,"student_id":6,"invoice_number":"1","payment_date":null,"createdById":1,"updatedById":1}},"status":1,"stack":null,"output":null,"workflowId":19},"message":"execution (742) finished with status: 1","timestamp":"2025-04-11 12:36:12"}
{"level":"info","message":"execution (743) fetched from db","timestamp":"2025-04-11 12:36:12"}
{"level":"info","message":"execution (743) starting...","timestamp":"2025-04-11 12:36:12"}
{"level":"info","message":"execution (743) run instruction [destroy] for node (83)","timestamp":"2025-04-11 12:36:12"}
{"level":"info","message":"execution (743) run instruction [destroy] for node (83) finished as status: 1","timestamp":"2025-04-11 12:36:12"}
{"level":"info","message":"execution (743) exiting with status 1","timestamp":"2025-04-11 12:36:12"}
{"level":"info","execution":{"id":743,"createdAt":"2025-04-11T12:36:12.631Z","updatedAt":"2025-04-11T12:36:12.928Z","key":"ovwxg0vt98l","eventKey":"f44d7cd2-bd92-430a-834c-d63cdf55e629","context":{"data":{"createdAt":"2025-04-11T06:13:55.161Z","updatedAt":"2025-04-11T06:13:55.194Z","start_date":"2025-04-11 08:00:26","end_date":"2025-04-11 08:50:00","package_id":1,"id":133,"payment_method":"Cash","fee":120,"progress":0,"student_id":5,"invoice_number":"123","payment_date":"2025-04-11","createdById":1,"updatedById":1}},"status":1,"stack":null,"output":null,"workflowId":19},"message":"execution (743) finished with status: 1","timestamp":"2025-04-11 12:36:12"}
{"level":"info","message":"execution (744) fetched from db","timestamp":"2025-04-11 12:36:12"}
{"level":"info","message":"execution (744) starting...","timestamp":"2025-04-11 12:36:12"}
{"level":"info","message":"execution (744) run instruction [destroy] for node (83)","timestamp":"2025-04-11 12:36:12"}
{"level":"info","message":"execution (744) run instruction [destroy] for node (83) finished as status: 1","timestamp":"2025-04-11 12:36:12"}
{"level":"info","message":"execution (744) exiting with status 1","timestamp":"2025-04-11 12:36:12"}
{"level":"info","execution":{"id":744,"createdAt":"2025-04-11T12:36:12.642Z","updatedAt":"2025-04-11T12:36:12.957Z","key":"ovwxg0vt98l","eventKey":"de1d6658-6c79-4cc1-a675-74602e86ce63","context":{"data":{"createdAt":"2025-04-11T12:35:55.342Z","updatedAt":"2025-04-11T12:35:55.374Z","start_date":"2025-04-11 08:00:26","end_date":"2025-04-11 08:50:00","package_id":1,"id":134,"payment_method":"Cash","fee":120,"progress":0,"student_id":5,"invoice_number":"INV1","payment_date":"2025-04-11","createdById":1,"updatedById":1}},"status":1,"stack":null,"output":null,"workflowId":19},"message":"execution (744) finished with status: 1","timestamp":"2025-04-11 12:36:12"}
