{"level":"info","message":"new event triggered, now events: 1","timestamp":"2025-04-19 23:52:42"}
{"level":"info","message":"preparing execution for event","timestamp":"2025-04-19 23:52:42"}
{"level":"info","message":"execution of workflow 193 created as 1329","timestamp":"2025-04-19 23:52:42"}
{"level":"info","message":"pending execution (1329) ready to process","timestamp":"2025-04-19 23:52:42"}
{"level":"info","message":"queueing execution (1329) from pending list updated to started","timestamp":"2025-04-19 23:52:42"}
{"level":"info","message":"execution (1329) starting...","timestamp":"2025-04-19 23:52:42"}
{"level":"info","message":"execution (1329) run instruction [query] for node (1901)","timestamp":"2025-04-19 23:52:42"}
{"level":"info","message":"execution (1329) run instruction [query] for node (1901) finished as status: 1","timestamp":"2025-04-19 23:52:42"}
{"level":"info","message":"execution (1329) run instruction [condition] for node (1903)","timestamp":"2025-04-19 23:52:42"}
{"level":"info","message":"execution (1329) run instruction [update] for node (1902)","timestamp":"2025-04-19 23:52:42"}
{"level":"info","message":"execution (1329) run instruction [update] for node (1902) finished as status: 1","timestamp":"2025-04-19 23:52:42"}
{"level":"info","message":"execution (1329) run instruction [condition] for node (1903)","timestamp":"2025-04-19 23:52:42"}
{"level":"info","message":"execution (1329) run instruction [condition] for node (1903) finished as status: 1","timestamp":"2025-04-19 23:52:42"}
{"level":"info","message":"execution (1329) run instruction [condition] for node (1905)","timestamp":"2025-04-19 23:52:42"}
{"level":"info","message":"execution (1329) run instruction [parallel] for node (1906)","timestamp":"2025-04-19 23:52:42"}
{"level":"info","message":"execution (1329) run instruction [calculation] for node (1909)","timestamp":"2025-04-19 23:52:42"}
{"level":"info","message":"execution (1329) run instruction [calculation] for node (1909) finished as status: 1","timestamp":"2025-04-19 23:52:42"}
{"level":"info","message":"execution (1329) run instruction [update] for node (1907)","timestamp":"2025-04-19 23:52:42"}
{"level":"info","message":"execution (1329) run instruction [update] for node (1907) finished as status: 1","timestamp":"2025-04-19 23:52:42"}
{"level":"info","message":"execution (1329) run instruction [parallel] for node (1906)","timestamp":"2025-04-19 23:52:42"}
{"level":"info","message":"execution (1329) exiting with status 0","timestamp":"2025-04-19 23:52:42"}
{"level":"info","message":"execution (1329) exiting with status 0","timestamp":"2025-04-19 23:52:42"}
{"level":"info","message":"execution (1329) run instruction [query] for node (1912)","timestamp":"2025-04-19 23:52:42"}
{"level":"info","message":"execution (1329) run instruction [query] for node (1912) finished as status: 1","timestamp":"2025-04-19 23:52:42"}
{"level":"info","message":"execution (1329) run instruction [calculation] for node (1913)","timestamp":"2025-04-19 23:52:42"}
{"level":"info","message":"execution (1329) run instruction [calculation] for node (1913) finished as status: 1","timestamp":"2025-04-19 23:52:42"}
{"level":"info","message":"execution (1329) run instruction [update] for node (1908)","timestamp":"2025-04-19 23:52:42"}
{"level":"info","message":"execution (1329) run instruction [update] for node (1908) finished as status: 1","timestamp":"2025-04-19 23:52:42"}
{"level":"info","message":"execution (1329) run instruction [parallel] for node (1906)","timestamp":"2025-04-19 23:52:42"}
{"level":"info","message":"execution (1329) exiting with status 0","timestamp":"2025-04-19 23:52:42"}
{"level":"info","message":"execution (1329) exiting with status 0","timestamp":"2025-04-19 23:52:42"}
{"level":"info","message":"execution (1329) run instruction [update] for node (1914)","timestamp":"2025-04-19 23:52:42"}
{"level":"info","message":"execution (1329) run instruction [update] for node (1914) finished as status: 1","timestamp":"2025-04-19 23:52:42"}
{"level":"info","message":"execution (1329) run instruction [parallel] for node (1906)","timestamp":"2025-04-19 23:52:42"}
{"level":"info","message":"execution (1329) run instruction [parallel] for node (1906) finished as status: 1","timestamp":"2025-04-19 23:52:42"}
{"level":"info","message":"execution (1329) run instruction [condition] for node (1905)","timestamp":"2025-04-19 23:52:42"}
{"level":"info","message":"execution (1329) run instruction [condition] for node (1905) finished as status: 1","timestamp":"2025-04-19 23:52:42"}
{"level":"info","message":"execution (1329) run instruction [sql] for node (1911)","timestamp":"2025-04-19 23:52:42"}
{"level":"info","message":"execution (1329) run instruction [sql] for node (1911) finished as status: 1","timestamp":"2025-04-19 23:52:42"}
{"level":"info","message":"execution (1329) run instruction [query] for node (1917)","timestamp":"2025-04-19 23:52:42"}
{"level":"info","message":"execution (1329) run instruction [query] for node (1917) finished as status: 1","timestamp":"2025-04-19 23:52:42"}
{"level":"info","message":"execution (1329) run instruction [calculation] for node (1915)","timestamp":"2025-04-19 23:52:42"}
{"level":"info","message":"execution (1329) run instruction [calculation] for node (1915) finished as status: 1","timestamp":"2025-04-19 23:52:42"}
{"level":"info","message":"execution (1329) run instruction [update] for node (1916)","timestamp":"2025-04-19 23:52:42"}
{"level":"info","message":"execution (1329) run instruction [update] for node (1916) finished as status: 1","timestamp":"2025-04-19 23:52:42"}
{"level":"info","message":"execution (1329) exiting with status 1","timestamp":"2025-04-19 23:52:42"}
{"level":"info","message":"execution (1329) exiting with status 1","timestamp":"2025-04-19 23:52:42"}
{"level":"info","message":"execution (1329) exiting with status 1","timestamp":"2025-04-19 23:52:42"}
{"level":"info","message":"execution (1329) exiting with status 1","timestamp":"2025-04-19 23:52:42"}
{"level":"info","execution":{"id":1329,"context":{"data":{"createdAt":"2025-04-19T11:55:31.430Z","updatedAt":"2025-04-19T23:52:42.295Z","start_date":"2025-04-19T00:00:00.000Z","end_date":"2025-04-19T00:40:00.000Z","employee_id":1,"create_course_id":168,"salary_id":null,"remark":null,"expired_date":null,"status_sort":1,"id":611,"status":"Attend","status_convert":0,"month_convert":"4/2025","student":"Student A","teaching_fee":0,"actual_class_date":"2025-04-19","createdById":null,"updatedById":1,"salary_db":null,"create_course_db":{"createdAt":"2025-04-19T11:55:31.318Z","updatedAt":"2025-04-19T11:55:31.324Z","start_date":"2025-04-19T00:00:00.000Z","end_date":"2025-04-19T00:40:00.000Z","package_id":3,"id":168,"payment_method":"Cash","progress":0,"fee":950,"transport_fee":0,"student_id":10,"total":950,"invoice_number":"INV2","payment_date":"2025-04-19","createdById":1,"updatedById":1,"month_convert":"4/2025","package_db":{"createdAt":"2025-04-04T08:27:13.303Z","updatedAt":"2025-04-09T15:33:58.807Z","name_sort":6,"nop_sort":3,"fee":950,"id":3,"name":"PV10 - 👤","transport_fee":null,"quantity":10,"type":"PV","nop":"1","createdById":1,"updatedById":1}},"employee_db":{"createdAt":"2025-04-02T13:39:00.321Z","updatedAt":"2025-04-18T14:37:42.160Z","bank_name":"Hong Leong Bank","bank_account":"1","emergency_contact_number":"1","job_title":"Swimming Coach","name":"Lee Chin Meng","contact_number":"0142788556","id":1,"identity_card":"990422016885","email":"xmrxperfectx@gmail.com","address":"No 28, Jalan Desa Putih 9, Taman Desa Putih","gender":"Male","emergency_contact_name":"1","user_id":1,"nickname":"Felix","dob":"1999-04-22","start_date":"2024-04-22","end_date":null,"level":"Special","createdById":1,"updatedById":1}}},"key":"wyjfsqwxgr1","eventKey":"64554973-47ea-47de-aa18-e67c7cfe4cb3","stack":null,"status":1,"workflowId":193,"updatedAt":"2025-04-19T23:52:42.463Z","createdAt":"2025-04-19T23:52:42.325Z","output":null},"message":"execution (1329) finished with status: 1","timestamp":"2025-04-19 23:52:42"}
{"level":"info","message":"new event triggered, now events: 1","timestamp":"2025-04-19 23:52:49"}
{"level":"info","message":"preparing execution for event","timestamp":"2025-04-19 23:52:49"}
{"level":"info","message":"execution of workflow 193 created as 1330","timestamp":"2025-04-19 23:52:49"}
{"level":"info","message":"pending execution (1330) ready to process","timestamp":"2025-04-19 23:52:49"}
{"level":"info","message":"queueing execution (1330) from pending list updated to started","timestamp":"2025-04-19 23:52:49"}
{"level":"info","message":"execution (1330) starting...","timestamp":"2025-04-19 23:52:49"}
{"level":"info","message":"execution (1330) run instruction [query] for node (1901)","timestamp":"2025-04-19 23:52:49"}
{"level":"info","message":"execution (1330) run instruction [query] for node (1901) finished as status: 1","timestamp":"2025-04-19 23:52:49"}
{"level":"info","message":"execution (1330) run instruction [condition] for node (1903)","timestamp":"2025-04-19 23:52:49"}
{"level":"info","message":"execution (1330) run instruction [update] for node (1902)","timestamp":"2025-04-19 23:52:49"}
{"level":"info","message":"execution (1330) run instruction [update] for node (1902) finished as status: 1","timestamp":"2025-04-19 23:52:49"}
{"level":"info","message":"execution (1330) run instruction [condition] for node (1903)","timestamp":"2025-04-19 23:52:49"}
{"level":"info","message":"execution (1330) run instruction [condition] for node (1903) finished as status: 1","timestamp":"2025-04-19 23:52:49"}
{"level":"info","message":"execution (1330) run instruction [condition] for node (1905)","timestamp":"2025-04-19 23:52:49"}
{"level":"info","message":"execution (1330) run instruction [update] for node (1910)","timestamp":"2025-04-19 23:52:49"}
{"level":"info","message":"execution (1330) run instruction [update] for node (1910) finished as status: 1","timestamp":"2025-04-19 23:52:49"}
{"level":"info","message":"execution (1330) run instruction [condition] for node (1905)","timestamp":"2025-04-19 23:52:49"}
{"level":"info","message":"execution (1330) run instruction [condition] for node (1905) finished as status: 1","timestamp":"2025-04-19 23:52:49"}
{"level":"info","message":"execution (1330) run instruction [sql] for node (1911)","timestamp":"2025-04-19 23:52:49"}
{"level":"info","message":"execution (1330) run instruction [sql] for node (1911) finished as status: 1","timestamp":"2025-04-19 23:52:49"}
{"level":"info","message":"execution (1330) run instruction [query] for node (1917)","timestamp":"2025-04-19 23:52:49"}
{"level":"info","message":"execution (1330) run instruction [query] for node (1917) finished as status: 1","timestamp":"2025-04-19 23:52:49"}
{"level":"info","message":"execution (1330) run instruction [calculation] for node (1915)","timestamp":"2025-04-19 23:52:49"}
{"level":"info","message":"execution (1330) run instruction [calculation] for node (1915) finished as status: 1","timestamp":"2025-04-19 23:52:49"}
{"level":"info","message":"execution (1330) run instruction [update] for node (1916)","timestamp":"2025-04-19 23:52:49"}
{"level":"info","message":"execution (1330) run instruction [update] for node (1916) finished as status: 1","timestamp":"2025-04-19 23:52:49"}
{"level":"info","message":"execution (1330) exiting with status 1","timestamp":"2025-04-19 23:52:49"}
{"level":"info","message":"execution (1330) exiting with status 1","timestamp":"2025-04-19 23:52:49"}
{"level":"info","message":"execution (1330) exiting with status 1","timestamp":"2025-04-19 23:52:49"}
{"level":"info","execution":{"id":1330,"context":{"data":{"createdAt":"2025-04-19T11:55:31.430Z","updatedAt":"2025-04-19T23:52:49.113Z","start_date":"2025-04-19T00:00:00.000Z","end_date":"2025-04-19T00:40:00.000Z","employee_id":1,"create_course_id":168,"salary_id":1,"remark":null,"expired_date":null,"status_sort":48,"id":611,"status":"Inactive","status_convert":1,"month_convert":"4/2025","student":"Student A","teaching_fee":66.5,"actual_class_date":"2025-04-19","createdById":null,"updatedById":1,"salary_db":{"createdAt":"2025-04-05T13:23:25.985Z","updatedAt":"2025-04-19T23:52:42.458Z","employee_id":1,"salary_amount":66.5,"id":1,"date":"2025-04-01","monthly":"4/2025","createdById":null,"updatedById":1,"attendance_db":[{"createdAt":"2025-04-19T11:55:31.430Z","updatedAt":"2025-04-19T23:52:49.113Z","start_date":"2025-04-19T00:00:00.000Z","end_date":"2025-04-19T00:40:00.000Z","employee_id":1,"create_course_id":168,"salary_id":1,"remark":null,"expired_date":null,"status_sort":48,"id":611,"status":"Inactive","status_convert":1,"month_convert":"4/2025","student":"Student A","teaching_fee":66.5,"actual_class_date":"2025-04-19","createdById":null,"updatedById":1}]},"create_course_db":{"createdAt":"2025-04-19T11:55:31.318Z","updatedAt":"2025-04-19T11:55:31.324Z","start_date":"2025-04-19T00:00:00.000Z","end_date":"2025-04-19T00:40:00.000Z","package_id":3,"id":168,"payment_method":"Cash","progress":0.1,"fee":950,"transport_fee":0,"student_id":10,"total":950,"invoice_number":"INV2","payment_date":"2025-04-19","createdById":1,"updatedById":1,"month_convert":"4/2025","package_db":{"createdAt":"2025-04-04T08:27:13.303Z","updatedAt":"2025-04-09T15:33:58.807Z","name_sort":6,"nop_sort":3,"fee":950,"id":3,"name":"PV10 - 👤","transport_fee":null,"quantity":10,"type":"PV","nop":"1","createdById":1,"updatedById":1}},"employee_db":{"createdAt":"2025-04-02T13:39:00.321Z","updatedAt":"2025-04-18T14:37:42.160Z","bank_name":"Hong Leong Bank","bank_account":"1","emergency_contact_number":"1","job_title":"Swimming Coach","name":"Lee Chin Meng","contact_number":"0142788556","id":1,"identity_card":"990422016885","email":"xmrxperfectx@gmail.com","address":"No 28, Jalan Desa Putih 9, Taman Desa Putih","gender":"Male","emergency_contact_name":"1","user_id":1,"nickname":"Felix","dob":"1999-04-22","start_date":"2024-04-22","end_date":null,"level":"Special","createdById":1,"updatedById":1}}},"key":"wyjfsqwxgr1","eventKey":"307dcc9d-cb23-4227-b422-2591bb3c93fa","stack":null,"status":1,"workflowId":193,"updatedAt":"2025-04-19T23:52:49.190Z","createdAt":"2025-04-19T23:52:49.122Z","output":null},"message":"execution (1330) finished with status: 1","timestamp":"2025-04-19 23:52:49"}
