{"level":"info","message":"new event triggered, now events: 1","timestamp":"2025-04-08 14:25:18"}
{"level":"info","message":"preparing execution for event","timestamp":"2025-04-08 14:25:18"}
{"level":"info","message":"execution of workflow 99 created as 367","timestamp":"2025-04-08 14:25:18"}
{"level":"info","message":"pending execution (367) ready to process","timestamp":"2025-04-08 14:25:18"}
{"level":"info","message":"queueing execution (367) from pending list updated to started","timestamp":"2025-04-08 14:25:18"}
{"level":"info","message":"execution (367) starting...","timestamp":"2025-04-08 14:25:18"}
{"level":"info","message":"execution (367) run instruction [calculation] for node (743)","timestamp":"2025-04-08 14:25:18"}
{"level":"info","message":"execution (367) run instruction [calculation] for node (743) finished as status: 1","timestamp":"2025-04-08 14:25:18"}
{"level":"info","message":"execution (367) run instruction [create] for node (742)","timestamp":"2025-04-08 14:25:18"}
{"level":"info","message":"execution (367) run instruction [create] for node (742) finished as status: 1","timestamp":"2025-04-08 14:25:18"}
{"level":"info","message":"execution (367) run instruction [condition] for node (744)","timestamp":"2025-04-08 14:25:18"}
{"level":"info","message":"execution (367) run instruction [condition] for node (744) finished as status: -1","timestamp":"2025-04-08 14:25:18"}
{"level":"info","message":"execution (367) exiting with status -1","timestamp":"2025-04-08 14:25:18"}
{"level":"info","execution":{"id":367,"context":{"data":{"createdAt":"2025-04-08T14:25:18.578Z","updatedAt":"2025-04-08T14:25:18.590Z","payment_date":"2025-04-08T14:25:10.913Z","start_date":"2025-04-08T08:00:26.000Z","end_date":"2025-04-08T08:50:00.000Z","package_id":1,"id":82,"invoice_number":"INV","payment_method":"1","fee":120,"progress":null,"student_id":5,"createdById":1,"updatedById":1,"student_db":{"createdAt":"2025-04-04T08:16:21.327Z","updatedAt":"2025-04-08T13:07:47.172Z","employee_id":1,"class_venue":2,"name":"A student","gender":"1","parent_name":null,"contact_number":null,"email":null,"address":null,"emergency_contact_name":null,"emergency_contact_nunber":null,"day":null,"id":5,"dob":null,"start_date":null,"start_time":"16:00:26","createdById":1,"updatedById":1,"duration":"50","end_time":null},"attendance_db":[],"package_db":{"createdAt":"2025-04-04T02:12:12.702Z","updatedAt":"2025-04-08T12:34:02.504Z","name_sort":3,"fee":120,"id":1,"name":"PV1 - 👤","transport_fee":null,"quantity":1,"type":"PV","createdById":1,"updatedById":1}},"user":{"createdAt":"2025-03-31T14:39:23.735Z","updatedAt":"2025-04-07T11:13:41.208Z","systemSettings":{"themeId":1},"id":1,"nickname":"Felix","username":"felix","email":"xmrxperfectx@gmail.com","phone":null,"passwordChangeTz":1743556989843,"appLang":"zh-CN","createdById":null,"updatedById":1},"roleName":"root"},"key":"o3iucqm26et","eventKey":"4dc658f4-c8bf-44cd-92b2-f6257ba940cd","stack":null,"status":-1,"workflowId":99,"updatedAt":"2025-04-08T14:25:18.653Z","createdAt":"2025-04-08T14:25:18.604Z","output":null},"message":"execution (367) finished with status: -1","timestamp":"2025-04-08 14:25:18"}
{"level":"info","message":"new event triggered, now events: 1","timestamp":"2025-04-08 14:25:36"}
{"level":"info","message":"preparing execution for event","timestamp":"2025-04-08 14:25:36"}
{"level":"info","message":"execution of workflow 99 created as 369","timestamp":"2025-04-08 14:25:36"}
{"level":"info","message":"pending execution (369) ready to process","timestamp":"2025-04-08 14:25:36"}
{"level":"info","message":"queueing execution (369) from pending list updated to started","timestamp":"2025-04-08 14:25:36"}
{"level":"info","message":"execution (369) starting...","timestamp":"2025-04-08 14:25:36"}
{"level":"info","message":"execution (369) run instruction [calculation] for node (743)","timestamp":"2025-04-08 14:25:36"}
{"level":"info","message":"execution (369) run instruction [calculation] for node (743) finished as status: 1","timestamp":"2025-04-08 14:25:36"}
{"level":"info","message":"execution (369) run instruction [create] for node (742)","timestamp":"2025-04-08 14:25:36"}
{"level":"info","message":"execution (369) run instruction [create] for node (742) finished as status: 1","timestamp":"2025-04-08 14:25:36"}
{"level":"info","message":"execution (369) run instruction [condition] for node (744)","timestamp":"2025-04-08 14:25:36"}
{"level":"info","message":"execution (369) run instruction [condition] for node (744) finished as status: 1","timestamp":"2025-04-08 14:25:36"}
{"level":"info","message":"execution (369) run instruction [calculation] for node (745)","timestamp":"2025-04-08 14:25:36"}
{"level":"info","message":"execution (369) run instruction [calculation] for node (745) finished as status: 1","timestamp":"2025-04-08 14:25:36"}
{"level":"info","message":"execution (369) run instruction [calculation] for node (746)","timestamp":"2025-04-08 14:25:36"}
{"level":"info","message":"execution (369) run instruction [calculation] for node (746) finished as status: 1","timestamp":"2025-04-08 14:25:36"}
{"level":"info","message":"execution (369) run instruction [calculation] for node (748)","timestamp":"2025-04-08 14:25:36"}
{"level":"info","message":"execution (369) run instruction [calculation] for node (748) finished as status: 1","timestamp":"2025-04-08 14:25:36"}
{"level":"info","message":"execution (369) run instruction [create] for node (747)","timestamp":"2025-04-08 14:25:36"}
{"level":"info","message":"execution (369) run instruction [create] for node (747) finished as status: 1","timestamp":"2025-04-08 14:25:36"}
{"level":"info","message":"execution (369) exiting with status 1","timestamp":"2025-04-08 14:25:36"}
{"level":"info","execution":{"id":369,"context":{"data":{"createdAt":"2025-04-08T14:25:36.619Z","updatedAt":"2025-04-08T14:25:36.626Z","payment_date":"2025-04-08T14:25:27.276Z","start_date":"2025-04-08T00:00:26.000Z","end_date":"2025-04-08T00:40:00.000Z","package_id":2,"id":83,"invoice_number":"INV1","payment_method":"1","fee":400,"progress":null,"student_id":6,"createdById":1,"updatedById":1,"student_db":{"createdAt":"2025-04-04T08:17:31.654Z","updatedAt":"2025-04-08T13:07:51.975Z","employee_id":null,"class_venue":2,"name":"B student","gender":null,"parent_name":null,"contact_number":null,"email":null,"address":null,"emergency_contact_name":null,"emergency_contact_nunber":null,"day":null,"id":6,"dob":null,"start_date":null,"start_time":"08:00:26","createdById":1,"updatedById":1,"duration":"40","end_time":null},"attendance_db":[],"package_db":{"createdAt":"2025-04-04T05:48:00.404Z","updatedAt":"2025-04-04T08:28:32.254Z","name_sort":4,"fee":400,"id":2,"name":"PV4 - 👤","transport_fee":null,"quantity":4,"type":"PV","createdById":1,"updatedById":1}},"user":{"createdAt":"2025-03-31T14:39:23.735Z","updatedAt":"2025-04-07T11:13:41.208Z","systemSettings":{"themeId":1},"id":1,"nickname":"Felix","username":"felix","email":"xmrxperfectx@gmail.com","phone":null,"passwordChangeTz":1743556989843,"appLang":"zh-CN","createdById":null,"updatedById":1},"roleName":"root"},"key":"o3iucqm26et","eventKey":"2deeb4fb-a9d9-42bd-8cdd-7ff91f79b459","stack":null,"status":1,"workflowId":99,"updatedAt":"2025-04-08T14:25:36.708Z","createdAt":"2025-04-08T14:25:36.635Z","output":null},"message":"execution (369) finished with status: 1","timestamp":"2025-04-08 14:25:36"}
