{"level":"info","message":"new event triggered, now events: 1","timestamp":"2025-04-08 02:42:26"}
{"level":"info","message":"preparing execution for event","timestamp":"2025-04-08 02:42:26"}
{"level":"info","message":"execution of workflow 94 created as 293","timestamp":"2025-04-08 02:42:26"}
{"level":"info","message":"pending execution (293) ready to process","timestamp":"2025-04-08 02:42:26"}
{"level":"info","message":"queueing execution (293) from pending list updated to started","timestamp":"2025-04-08 02:42:26"}
{"level":"info","message":"execution (293) starting...","timestamp":"2025-04-08 02:42:26"}
{"level":"info","message":"execution (293) run instruction [query] for node (632)","timestamp":"2025-04-08 02:42:26"}
{"level":"info","message":"execution (293) run instruction [query] for node (632) finished as status: 1","timestamp":"2025-04-08 02:42:26"}
{"level":"info","message":"execution (293) run instruction [condition] for node (634)","timestamp":"2025-04-08 02:42:26"}
{"level":"info","message":"execution (293) run instruction [update] for node (635)","timestamp":"2025-04-08 02:42:26"}
{"level":"error","message":"execution (293) run instruction [update] for node (635) failed:  Cannot read properties of undefined (reading 'replace')","stack":"TypeError: Cannot read properties of undefined (reading 'replace')\n    at escapeLike (/app/nocobase/node_modules/@nocobase/database/lib/operators/string.js:36:16)\n    at $notIncludes (/app/nocobase/node_modules/@nocobase/database/lib/operators/string.js:110:35)\n    at _FilterParser.toSequelizeParams (/app/nocobase/node_modules/@nocobase/database/lib/filter-parser.js:126:23)\n    at _OptionsParser.toSequelizeParams (/app/nocobase/node_modules/@nocobase/database/lib/options-parser.js:116:43)\n    at _Repository.buildQueryOptions (/app/nocobase/node_modules/@nocobase/database/lib/repository.js:538:27)\n    at _Repository.update (/app/nocobase/node_modules/@nocobase/database/lib/repository.js:394:34)\n    at process.processTicksAndRejections (node:internal/process/task_queues:95:5)\n    at async descriptor.value (/app/nocobase/node_modules/@nocobase/database/lib/decorators/transaction-decorator.js:84:29)\n    at async UpdateInstruction.run (/app/nocobase/node_modules/@nocobase/plugin-workflow/dist/server/instructions/UpdateInstruction.js:42:20)\n    at async Processor.exec (/app/nocobase/node_modules/@nocobase/plugin-workflow/dist/server/Processor.js:160:13)\n    at async ConditionInstruction.run (/app/nocobase/node_modules/@nocobase/plugin-workflow/dist/server/instructions/ConditionInstruction.js:77:5)\n    at async Processor.exec (/app/nocobase/node_modules/@nocobase/plugin-workflow/dist/server/Processor.js:160:13)\n    at async Processor.start (/app/nocobase/node_modules/@nocobase/plugin-workflow/dist/server/Processor.js:141:7)\n    at async PluginWorkflowServer.process (/app/nocobase/node_modules/@nocobase/plugin-workflow/dist/server/Plugin.js:602:7)\n    at async /app/nocobase/node_modules/@nocobase/plugin-workflow/dist/server/Plugin.js:579:9","timestamp":"2025-04-08 02:42:26"}
{"level":"info","message":"execution (293) run instruction [update] for node (635) finished as status: -2","timestamp":"2025-04-08 02:42:26"}
{"level":"info","message":"execution (293) run instruction [condition] for node (634)","timestamp":"2025-04-08 02:42:26"}
{"level":"info","message":"execution (293) exiting with status -2","timestamp":"2025-04-08 02:42:26"}
{"level":"info","message":"execution (293) exiting with status -2","timestamp":"2025-04-08 02:42:26"}
{"level":"info","message":"execution (293) exiting with status -2","timestamp":"2025-04-08 02:42:26"}
{"level":"info","execution":{"id":293,"context":{"data":{"createdAt":"2025-04-08T02:40:55.306Z","updatedAt":"2025-04-08T02:42:26.928Z","start_date":"2025-04-08T08:00:00.000Z","end_date":"2025-04-08T08:50:00.000Z","employee_id":1,"create_course_id":43,"salary_id":null,"status":"1","student":"A student","id":175,"status_convert":0,"month_convert":null,"createdById":null,"updatedById":1,"salary_db":null}},"key":"ju393tq5yqm","eventKey":"f508929b-75e5-4b08-9496-82238f3340bd","stack":null,"status":-2,"workflowId":94,"updatedAt":"2025-04-08T02:42:26.973Z","createdAt":"2025-04-08T02:42:26.941Z","output":null},"message":"execution (293) finished with status: -2","timestamp":"2025-04-08 02:42:26"}
{"level":"info","message":"new event triggered, now events: 1","timestamp":"2025-04-08 02:42:38"}
{"level":"info","message":"preparing execution for event","timestamp":"2025-04-08 02:42:38"}
{"level":"info","message":"execution of workflow 94 created as 294","timestamp":"2025-04-08 02:42:38"}
{"level":"info","message":"pending execution (294) ready to process","timestamp":"2025-04-08 02:42:38"}
{"level":"info","message":"queueing execution (294) from pending list updated to started","timestamp":"2025-04-08 02:42:38"}
{"level":"info","message":"execution (294) starting...","timestamp":"2025-04-08 02:42:38"}
{"level":"info","message":"execution (294) run instruction [query] for node (632)","timestamp":"2025-04-08 02:42:38"}
{"level":"info","message":"execution (294) run instruction [query] for node (632) finished as status: 1","timestamp":"2025-04-08 02:42:38"}
{"level":"info","message":"execution (294) run instruction [condition] for node (634)","timestamp":"2025-04-08 02:42:38"}
{"level":"info","message":"execution (294) run instruction [update] for node (635)","timestamp":"2025-04-08 02:42:38"}
{"level":"error","message":"execution (294) run instruction [update] for node (635) failed:  Cannot read properties of undefined (reading 'replace')","stack":"TypeError: Cannot read properties of undefined (reading 'replace')\n    at escapeLike (/app/nocobase/node_modules/@nocobase/database/lib/operators/string.js:36:16)\n    at $notIncludes (/app/nocobase/node_modules/@nocobase/database/lib/operators/string.js:110:35)\n    at _FilterParser.toSequelizeParams (/app/nocobase/node_modules/@nocobase/database/lib/filter-parser.js:126:23)\n    at _OptionsParser.toSequelizeParams (/app/nocobase/node_modules/@nocobase/database/lib/options-parser.js:116:43)\n    at _Repository.buildQueryOptions (/app/nocobase/node_modules/@nocobase/database/lib/repository.js:538:27)\n    at _Repository.update (/app/nocobase/node_modules/@nocobase/database/lib/repository.js:394:34)\n    at process.processTicksAndRejections (node:internal/process/task_queues:95:5)\n    at async descriptor.value (/app/nocobase/node_modules/@nocobase/database/lib/decorators/transaction-decorator.js:84:29)\n    at async UpdateInstruction.run (/app/nocobase/node_modules/@nocobase/plugin-workflow/dist/server/instructions/UpdateInstruction.js:42:20)\n    at async Processor.exec (/app/nocobase/node_modules/@nocobase/plugin-workflow/dist/server/Processor.js:160:13)\n    at async ConditionInstruction.run (/app/nocobase/node_modules/@nocobase/plugin-workflow/dist/server/instructions/ConditionInstruction.js:77:5)\n    at async Processor.exec (/app/nocobase/node_modules/@nocobase/plugin-workflow/dist/server/Processor.js:160:13)\n    at async Processor.start (/app/nocobase/node_modules/@nocobase/plugin-workflow/dist/server/Processor.js:141:7)\n    at async PluginWorkflowServer.process (/app/nocobase/node_modules/@nocobase/plugin-workflow/dist/server/Plugin.js:602:7)\n    at async /app/nocobase/node_modules/@nocobase/plugin-workflow/dist/server/Plugin.js:579:9","timestamp":"2025-04-08 02:42:38"}
{"level":"info","message":"execution (294) run instruction [update] for node (635) finished as status: -2","timestamp":"2025-04-08 02:42:38"}
{"level":"info","message":"execution (294) run instruction [condition] for node (634)","timestamp":"2025-04-08 02:42:38"}
{"level":"info","message":"execution (294) exiting with status -2","timestamp":"2025-04-08 02:42:38"}
{"level":"info","message":"execution (294) exiting with status -2","timestamp":"2025-04-08 02:42:38"}
{"level":"info","message":"execution (294) exiting with status -2","timestamp":"2025-04-08 02:42:38"}
{"level":"info","execution":{"id":294,"context":{"data":{"createdAt":"2025-04-08T02:40:55.306Z","updatedAt":"2025-04-08T02:42:38.379Z","start_date":"2025-04-08T08:00:00.000Z","end_date":"2025-04-08T08:50:00.000Z","employee_id":1,"create_course_id":43,"salary_id":null,"status":"0","student":"A student","id":175,"status_convert":0,"month_convert":null,"createdById":null,"updatedById":1,"salary_db":null}},"key":"ju393tq5yqm","eventKey":"8edf16e7-0f57-4730-ba74-b93f7f725cde","stack":null,"status":-2,"workflowId":94,"updatedAt":"2025-04-08T02:42:38.417Z","createdAt":"2025-04-08T02:42:38.388Z","output":null},"message":"execution (294) finished with status: -2","timestamp":"2025-04-08 02:42:38"}
{"level":"info","message":"new event triggered, now events: 1","timestamp":"2025-04-08 02:42:45"}
{"level":"info","message":"preparing execution for event","timestamp":"2025-04-08 02:42:45"}
{"level":"info","message":"execution of workflow 94 created as 295","timestamp":"2025-04-08 02:42:45"}
{"level":"info","message":"pending execution (295) ready to process","timestamp":"2025-04-08 02:42:45"}
{"level":"info","message":"queueing execution (295) from pending list updated to started","timestamp":"2025-04-08 02:42:45"}
{"level":"info","message":"execution (295) starting...","timestamp":"2025-04-08 02:42:45"}
{"level":"info","message":"execution (295) run instruction [query] for node (632)","timestamp":"2025-04-08 02:42:45"}
{"level":"info","message":"execution (295) run instruction [query] for node (632) finished as status: 1","timestamp":"2025-04-08 02:42:45"}
{"level":"info","message":"execution (295) run instruction [condition] for node (634)","timestamp":"2025-04-08 02:42:45"}
{"level":"info","message":"execution (295) run instruction [update] for node (635)","timestamp":"2025-04-08 02:42:45"}
{"level":"error","message":"execution (295) run instruction [update] for node (635) failed:  Cannot read properties of undefined (reading 'replace')","stack":"TypeError: Cannot read properties of undefined (reading 'replace')\n    at escapeLike (/app/nocobase/node_modules/@nocobase/database/lib/operators/string.js:36:16)\n    at $notIncludes (/app/nocobase/node_modules/@nocobase/database/lib/operators/string.js:110:35)\n    at _FilterParser.toSequelizeParams (/app/nocobase/node_modules/@nocobase/database/lib/filter-parser.js:126:23)\n    at _OptionsParser.toSequelizeParams (/app/nocobase/node_modules/@nocobase/database/lib/options-parser.js:116:43)\n    at _Repository.buildQueryOptions (/app/nocobase/node_modules/@nocobase/database/lib/repository.js:538:27)\n    at _Repository.update (/app/nocobase/node_modules/@nocobase/database/lib/repository.js:394:34)\n    at process.processTicksAndRejections (node:internal/process/task_queues:95:5)\n    at async descriptor.value (/app/nocobase/node_modules/@nocobase/database/lib/decorators/transaction-decorator.js:84:29)\n    at async UpdateInstruction.run (/app/nocobase/node_modules/@nocobase/plugin-workflow/dist/server/instructions/UpdateInstruction.js:42:20)\n    at async Processor.exec (/app/nocobase/node_modules/@nocobase/plugin-workflow/dist/server/Processor.js:160:13)\n    at async ConditionInstruction.run (/app/nocobase/node_modules/@nocobase/plugin-workflow/dist/server/instructions/ConditionInstruction.js:77:5)\n    at async Processor.exec (/app/nocobase/node_modules/@nocobase/plugin-workflow/dist/server/Processor.js:160:13)\n    at async Processor.start (/app/nocobase/node_modules/@nocobase/plugin-workflow/dist/server/Processor.js:141:7)\n    at async PluginWorkflowServer.process (/app/nocobase/node_modules/@nocobase/plugin-workflow/dist/server/Plugin.js:602:7)\n    at async /app/nocobase/node_modules/@nocobase/plugin-workflow/dist/server/Plugin.js:579:9","timestamp":"2025-04-08 02:42:45"}
{"level":"info","message":"execution (295) run instruction [update] for node (635) finished as status: -2","timestamp":"2025-04-08 02:42:45"}
{"level":"info","message":"execution (295) run instruction [condition] for node (634)","timestamp":"2025-04-08 02:42:45"}
{"level":"info","message":"execution (295) exiting with status -2","timestamp":"2025-04-08 02:42:45"}
{"level":"info","message":"execution (295) exiting with status -2","timestamp":"2025-04-08 02:42:45"}
{"level":"info","message":"execution (295) exiting with status -2","timestamp":"2025-04-08 02:42:45"}
{"level":"info","execution":{"id":295,"context":{"data":{"createdAt":"2025-04-08T02:40:55.306Z","updatedAt":"2025-04-08T02:42:45.749Z","start_date":"2025-04-08T08:00:00.000Z","end_date":"2025-04-08T08:50:00.000Z","employee_id":1,"create_course_id":43,"salary_id":null,"status":"1","student":"A student","id":175,"status_convert":0,"month_convert":null,"createdById":null,"updatedById":1,"salary_db":null}},"key":"ju393tq5yqm","eventKey":"4ce12393-cf65-4452-a138-ecf189cb80bf","stack":null,"status":-2,"workflowId":94,"updatedAt":"2025-04-08T02:42:45.776Z","createdAt":"2025-04-08T02:42:45.755Z","output":null},"message":"execution (295) finished with status: -2","timestamp":"2025-04-08 02:42:45"}
